{"level":"info","message":"ruta: /cm/cmcoffac/list/cabecera - ::1 - [18-07-2024 07:43]"}
{"level":"info","message":"ruta: /cm/cmfactur/preform - ::1 - [18-07-2024 07:43]"}
{"level":"info","message":"ruta: /cm/cmfactur/list/detalle - ::1 - [18-07-2024 07:43]"}
{"level":"info","message":"ruta: /cc/ccncrdef/buscar/preform - ::1 - [18-07-2024 07:43]"}
{"level":"info","message":"ruta: /cc/ccncrdef/list/detalle - ::1 - [18-07-2024 07:43]"}
{"level":"info","message":"ruta: /cc/ccncrdef/valida/sucursal - ::1 - [18-07-2024 07:43]"}
{"level":"info","message":"ruta: /cc/ccncrdef/valida/cliente - ::1 - [18-07-2024 07:43]"}
{"level":"info","message":"ruta: /cc/ccncrdef/buscar/preform - ::1 - [18-07-2024 07:43]"}
{"level":"info","message":"ruta: /cc/ccncrdef/list/detalle - ::1 - [18-07-2024 07:43]"}
{"level":"info","message":"ruta: /cc/ccncrdef/buscar/preform - ::1 - [18-07-2024 08:17]"}
{"level":"info","message":"ruta: /cc/ccncrdef/list/detalle - ::1 - [18-07-2024 08:17]"}
{"level":"info","message":"ruta: /cc/ccncrdef/buscar/preform - ::1 - [18-07-2024 08:35]"}
{"level":"info","message":"ruta: /cc/ccncrdef/list/detalle - ::1 - [18-07-2024 08:35]"}
{"level":"info","message":"ruta: /cc/ccrenagr/preform - ::1 - [18-07-2024 08:35]"}
{"level":"info","message":"ruta: /cc/ccrenagr/buscar/cabecera - ::1 - [18-07-2024 08:35]"}
{"level":"info","message":"ruta: /cc/ccncrdef/buscar/preform - ::1 - [18-07-2024 08:35]"}
{"level":"info","message":"ruta: /cc/ccncrdef/list/detalle - ::1 - [18-07-2024 08:35]"}
{"level":"info","message":"ruta: /cc/ccncrdef/buscar/preform - ::1 - [18-07-2024 08:35]"}
{"level":"info","message":"ruta: /cc/ccncrdef/list/detalle - ::1 - [18-07-2024 08:35]"}
{"level":"info","message":"ruta: /cc/ccncrdef/valida/sucursal - ::1 - [18-07-2024 08:35]"}
{"level":"info","message":"ruta: /cc/ccncrdef/buscar/preform - ::1 - [18-07-2024 08:36]"}
{"level":"info","message":"ruta: /cc/ccncrdef/list/detalle - ::1 - [18-07-2024 08:36]"}
{"level":"info","message":"ruta: /cc/ccncrdef/buscar/preform - ::1 - [18-07-2024 08:36]"}
{"level":"info","message":"ruta: /cc/ccncrdef/list/detalle - ::1 - [18-07-2024 08:36]"}
{"level":"info","message":"ruta: /cc/ccncrdef/valida/subcliente - ::1 - [18-07-2024 08:36]"}
{"level":"info","message":"ruta: /cc/ccncrdef/buscar/preform - ::1 - [18-07-2024 08:37]"}
{"level":"info","message":"ruta: /cc/ccncrdef/list/detalle - ::1 - [18-07-2024 08:37]"}
{"level":"info","message":"ruta: /cc/ccncrdef/buscar/preform - ::1 - [18-07-2024 08:39]"}
{"level":"info","message":"ruta: /cc/ccncrdef/list/detalle - ::1 - [18-07-2024 08:39]"}
{"level":"info","message":"ruta: /cc/ccncrdef/buscar/preform - ::1 - [18-07-2024 08:40]"}
{"level":"info","message":"ruta: /cc/ccncrdef/list/detalle - ::1 - [18-07-2024 08:40]"}
{"level":"info","message":"ruta: /cc/ccncrdef/buscar/preform - ::1 - [18-07-2024 08:40]"}
{"level":"info","message":"ruta: /cc/ccncrdef/list/detalle - ::1 - [18-07-2024 08:40]"}
{"level":"info","message":"ruta: /cc/ccncrdef/buscar/preform - ::1 - [18-07-2024 08:44]"}
{"level":"info","message":"ruta: /cc/ccncrdef/list/cabecera - ::1 - [18-07-2024 08:44]"}
{"level":"info","message":"ruta: /cc/ccncrdef/list/postquery - ::1 - [18-07-2024 08:44]"}
{"level":"info","message":"ruta: /cc/ccncrdef/list/detalle - ::1 - [18-07-2024 08:44]"}
{"level":"info","message":"ruta: /cc/ccncrdef/buscar/preform - ::1 - [18-07-2024 08:44]"}
{"level":"info","message":"ruta: /cc/ccncrdef/list/cabecera - ::1 - [18-07-2024 08:44]"}
{"level":"info","message":"ruta: /cc/ccncrdef/list/postquery - ::1 - [18-07-2024 08:44]"}
{"level":"info","message":"ruta: /cc/ccncrdef/list/detalle - ::1 - [18-07-2024 08:44]"}
{"level":"info","message":"ruta: /cc/ccncrdef/buscar/preform - ::1 - [18-07-2024 08:46]"}
{"level":"info","message":"ruta: /cc/ccncrdef/list/detalle - ::1 - [18-07-2024 08:46]"}
{"level":"info","message":"ruta: /cc/ccncrdef/buscar/preform - ::1 - [18-07-2024 08:47]"}
{"level":"info","message":"ruta: /cc/ccncrdef/list/detalle - ::1 - [18-07-2024 08:47]"}
{"level":"info","message":"ruta: /cc/ccncrdef/buscar/preform - ::1 - [18-07-2024 08:52]"}
{"level":"info","message":"ruta: /cc/ccncrdef/list/detalle - ::1 - [18-07-2024 08:52]"}
{"level":"info","message":"ruta: /cc/ccncrdef/valida/sucursal - ::1 - [18-07-2024 08:52]"}
{"level":"info","message":"ruta: /cc/ccncrdef/valida/cliente - ::1 - [18-07-2024 08:52]"}
{"level":"info","message":"ruta: /cc/ccncrdef/valida/cliente - ::1 - [18-07-2024 08:52]"}
{"level":"info","message":"ruta: /cc/ccncrdef/buscar/preform - ::1 - [18-07-2024 09:02]"}
{"level":"info","message":"ruta: /cc/ccncrdef/list/detalle - ::1 - [18-07-2024 09:02]"}
{"level":"info","message":"ruta: /cc/ccncrdef/buscar/preform - ::1 - [18-07-2024 09:02]"}
{"level":"info","message":"ruta: /cc/ccncrdef/list/detalle - ::1 - [18-07-2024 09:02]"}
{"level":"info","message":"ruta: /cc/ccncrdef/buscar/preform - ::1 - [18-07-2024 09:04]"}
{"level":"info","message":"ruta: /cc/ccncrdef/list/detalle - ::1 - [18-07-2024 09:04]"}
{"level":"info","message":"ruta: /cc/ccncrdef/buscar/preform - ::1 - [18-07-2024 09:05]"}
{"level":"info","message":"ruta: /cc/ccncrdef/list/detalle - ::1 - [18-07-2024 09:05]"}
{"level":"info","message":"ruta: /cc/ccncrdef/buscar/preform - ::1 - [18-07-2024 09:06]"}
{"level":"info","message":"ruta: /cc/ccncrdef/list/detalle - ::1 - [18-07-2024 09:06]"}
{"level":"info","message":"ruta: /cc/ccncrdef/buscar/preform - ::1 - [18-07-2024 09:07]"}
{"level":"info","message":"ruta: /cc/ccncrdef/list/detalle - ::1 - [18-07-2024 09:07]"}
{"level":"info","message":"ruta: /cc/ccncrdef/valida/sucursal - ::1 - [18-07-2024 09:07]"}
{"level":"info","message":"ruta: /cc/ccncrdef/valida/cliente - ::1 - [18-07-2024 09:07]"}
{"level":"info","message":"ruta: /cc/ccncrdef/valida/cliente - ::1 - [18-07-2024 09:07]"}
{"level":"info","message":"ruta: /cc/ccncrdef/valida/condVenta - ::1 - [18-07-2024 09:07]"}
{"level":"info","message":"ruta: /cc/ccncrdef/valida/motivoNcr - ::1 - [18-07-2024 09:07]"}
{"level":"info","message":"ruta: /cc/ccncrdef/valida/listPrecio - ::1 - [18-07-2024 09:07]"}
{"level":"info","message":"ruta: /cc/ccncrdef/valida/vendedor - ::1 - [18-07-2024 09:07]"}
{"level":"info","message":"ruta: /cc/ccncrdef/valida/vendedor - ::1 - [18-07-2024 09:07]"}
{"level":"info","message":"ruta: /cc/ccncrdef/valida/moneda - ::1 - [18-07-2024 09:07]"}
{"level":"info","message":"ruta: /cc/ccncrdef/valida/moneda - ::1 - [18-07-2024 09:07]"}
{"level":"info","message":"ruta: /cc/ccncrdef/valida/articulo - ::1 - [18-07-2024 09:07]"}
{"level":"info","message":"ruta: /cc/ccncrdef/valida/cantidad - ::1 - [18-07-2024 09:07]"}
{"level":"info","message":"ruta: /cc/ccncrdef/valida/calculoAct - ::1 - [18-07-2024 09:07]"}
{"level":"info","message":"ruta: /cc/ccncrdef/valida/calculoAct - ::1 - [18-07-2024 09:07]"}
{"level":"info","message":"ruta: /cc/ccncrdef/cab/1/A/FCO - ::1 - [18-07-2024 09:07]"}
{"level":"info","message":"ruta: /cc/ccncrdef/det/1/A/FCO/2 - ::1 - [18-07-2024 09:07]"}
{"level":"info","message":"ruta: /cc/ccncrdef - ::1 - [18-07-2024 09:07]"}
{"level":"info","message":"ruta: /cc/ccncrdef/buscar/preform - ::1 - [18-07-2024 09:09]"}
{"level":"info","message":"ruta: /cc/ccncrdef/list/detalle - ::1 - [18-07-2024 09:09]"}
{"level":"info","message":"ruta: /cc/ccncrdef/buscar/preform - ::1 - [18-07-2024 09:09]"}
{"level":"info","message":"ruta: /cc/ccncrdef/list/detalle - ::1 - [18-07-2024 09:09]"}
{"level":"info","message":"ruta: /cc/ccncrdef/valida/sucursal - ::1 - [18-07-2024 09:09]"}
{"level":"info","message":"ruta: /cc/ccncrdef/valida/cliente - ::1 - [18-07-2024 09:09]"}
{"level":"info","message":"ruta: /cc/ccncrdef/valida/cliente - ::1 - [18-07-2024 09:09]"}
{"level":"info","message":"ruta: /cc/ccncrdef/valida/cliente - ::1 - [18-07-2024 09:09]"}
{"level":"info","message":"ruta: /cc/ccncrdef/valida/condVenta - ::1 - [18-07-2024 09:09]"}
{"level":"info","message":"ruta: /cc/ccncrdef/valida/motivoNcr - ::1 - [18-07-2024 09:09]"}
{"level":"info","message":"ruta: /cc/ccncrdef/valida/listPrecio - ::1 - [18-07-2024 09:09]"}
{"level":"info","message":"ruta: /cc/ccncrdef/valida/vendedor - ::1 - [18-07-2024 09:09]"}
{"level":"info","message":"ruta: /cc/ccncrdef/valida/moneda - ::1 - [18-07-2024 09:09]"}
{"level":"info","message":"ruta: /cc/ccncrdef/valida/articulo - ::1 - [18-07-2024 09:09]"}
{"level":"info","message":"ruta: /cc/ccncrdef/valida/um - ::1 - [18-07-2024 09:09]"}
{"level":"info","message":"ruta: /cc/ccncrdef/valida/calculoAct - ::1 - [18-07-2024 09:09]"}
{"level":"info","message":"ruta: /cc/ccncrdef/valida/cantidad - ::1 - [18-07-2024 09:09]"}
{"level":"info","message":"ruta: /cc/ccncrdef/valida/calculoAct - ::1 - [18-07-2024 09:09]"}
{"level":"info","message":"ruta: /cc/ccncrdef/valida/calculoAct - ::1 - [18-07-2024 09:09]"}
{"level":"info","message":"ruta: /cc/ccncrdef/cab/1/A/FCO - ::1 - [18-07-2024 09:10]"}
{"level":"info","message":"ruta: /cc/ccncrdef/det/1/A/FCO/2 - ::1 - [18-07-2024 09:10]"}
{"level":"info","message":"ruta: /cc/ccncrdef - ::1 - [18-07-2024 09:10]"}
{"level":"info","message":"ruta: /cc/ccncrdef/cab/1/A/FCO - ::1 - [18-07-2024 09:10]"}
{"level":"info","message":"ruta: /cc/ccncrdef/det/1/A/FCO/2 - ::1 - [18-07-2024 09:10]"}
{"level":"info","message":"ruta: /cc/ccncrdef - ::1 - [18-07-2024 09:10]"}
{"level":"info","message":"ruta: /cc/ccncrdef/cab/1/A/FCO - ::1 - [18-07-2024 09:12]"}
{"level":"info","message":"ruta: /cc/ccncrdef/det/1/A/FCO/2 - ::1 - [18-07-2024 09:12]"}
{"level":"info","message":"ruta: /cc/ccncrdef - ::1 - [18-07-2024 09:12]"}
{"level":"info","message":"ruta: /cc/ccncrdef/cab/1/A/FCO - ::1 - [18-07-2024 09:13]"}
{"level":"info","message":"ruta: /cc/ccncrdef/det/1/A/FCO/2 - ::1 - [18-07-2024 09:13]"}
{"level":"info","message":"ruta: /cc/ccncrdef - ::1 - [18-07-2024 09:13]"}
{"level":"info","message":"ruta: /cc/ccncrdef/cab/1/A/FCO - ::1 - [18-07-2024 09:14]"}
{"level":"info","message":"ruta: /cc/ccncrdef/det/1/A/FCO/2 - ::1 - [18-07-2024 09:14]"}
{"level":"info","message":"ruta: /cc/ccncrdef - ::1 - [18-07-2024 09:14]"}
{"level":"info","message":"ruta: /cc/ccncrdef/cab/1/A/FCO - ::1 - [18-07-2024 09:16]"}
{"level":"info","message":"ruta: /cc/ccncrdef/det/1/A/FCO/2 - ::1 - [18-07-2024 09:16]"}
{"level":"info","message":"ruta: /cc/ccncrdef - ::1 - [18-07-2024 09:16]"}
{"level":"info","message":"ruta: /cc/ccncrdef/cab/1/A/FCO - ::1 - [18-07-2024 09:16]"}
{"level":"info","message":"ruta: /cc/ccncrdef/det/1/A/FCO/2 - ::1 - [18-07-2024 09:16]"}
{"level":"info","message":"ruta: /cc/ccncrdef - ::1 - [18-07-2024 09:16]"}
{"level":"info","message":"ruta: /cc/ccncrdef/cab/1/A/FCO - ::1 - [18-07-2024 09:17]"}
{"level":"info","message":"ruta: /cc/ccncrdef/det/1/A/FCO/2 - ::1 - [18-07-2024 09:17]"}
{"level":"info","message":"ruta: /cc/ccncrdef - ::1 - [18-07-2024 09:17]"}
{"level":"info","message":"ruta: /cc/ccncrdef/list/postquery - ::1 - [18-07-2024 09:17]"}
{"level":"info","message":"ruta: /cc/ccncrdef/list/detalle - ::1 - [18-07-2024 09:17]"}
{"level":"info","message":"ruta: /cc/ccncrdef/buscar/preform - ::1 - [18-07-2024 09:17]"}
{"level":"info","message":"ruta: /cc/ccncrdef/list/cabecera - ::1 - [18-07-2024 09:17]"}
{"level":"info","message":"ruta: /cc/ccncrdef/list/postquery - ::1 - [18-07-2024 09:17]"}
{"level":"info","message":"ruta: /cc/ccncrdef/list/detalle - ::1 - [18-07-2024 09:17]"}
{"level":"info","message":"ruta: /cc/ccncrdef/list/detalle - ::1 - [18-07-2024 09:17]"}
{"level":"info","message":"ruta: /cc/ccncrdef/list/postquery - ::1 - [18-07-2024 09:17]"}
{"level":"info","message":"ruta: /cc/ccncrdef/list/detalle - ::1 - [18-07-2024 09:17]"}
{"level":"info","message":"ruta: /cc/ccncrdef/list/postquery - ::1 - [18-07-2024 09:17]"}
{"level":"info","message":"ruta: /cc/ccncrdef/list/detalle - ::1 - [18-07-2024 09:17]"}
{"level":"info","message":"ruta: /cc/ccncrdef/list/detalle - ::1 - [18-07-2024 09:17]"}
{"level":"info","message":"ruta: /cc/ccncrdef/list/detalle - ::1 - [18-07-2024 09:17]"}
{"level":"info","message":"ruta: /cc/ccncrdef/list/postquery - ::1 - [18-07-2024 09:17]"}
{"level":"info","message":"ruta: /cc/ccncrdef/list/detalle - ::1 - [18-07-2024 09:17]"}
{"level":"info","message":"ruta: /cc/ccncrdef/list/postquery - ::1 - [18-07-2024 09:17]"}
{"level":"info","message":"ruta: /cc/ccncrdef/list/detalle - ::1 - [18-07-2024 09:17]"}
{"level":"info","message":"ruta: /cc/ccncrdef/buscar/preform - ::1 - [18-07-2024 09:17]"}
{"level":"info","message":"ruta: /cc/ccncrdef/list/detalle - ::1 - [18-07-2024 09:17]"}
{"level":"info","message":"ruta: /cc/ccncrdef/valida/sucursal - ::1 - [18-07-2024 09:17]"}
{"level":"info","message":"ruta: /cc/ccncrdef/valida/cliente - ::1 - [18-07-2024 09:17]"}
{"level":"info","message":"ruta: /cc/ccncrdef/valida/condVenta - ::1 - [18-07-2024 09:17]"}
{"level":"info","message":"ruta: /cc/ccncrdef/valida/motivoNcr - ::1 - [18-07-2024 09:17]"}
{"level":"info","message":"ruta: /cc/ccncrdef/valida/listPrecio - ::1 - [18-07-2024 09:17]"}
{"level":"info","message":"ruta: /cc/ccncrdef/valida/vendedor - ::1 - [18-07-2024 09:17]"}
{"level":"info","message":"ruta: /cc/ccncrdef/valida/moneda - ::1 - [18-07-2024 09:17]"}
{"level":"info","message":"ruta: /cc/ccncrdef/valida/moneda - ::1 - [18-07-2024 09:17]"}
{"level":"info","message":"ruta: /cc/ccncrdef/valida/articulo - ::1 - [18-07-2024 09:18]"}
{"level":"info","message":"ruta: /cc/ccncrdef/valida/cantidad - ::1 - [18-07-2024 09:18]"}
{"level":"info","message":"ruta: /cc/ccncrdef/valida/calculoAct - ::1 - [18-07-2024 09:18]"}
{"level":"info","message":"ruta: /cc/ccncrdef/valida/calculoAct - ::1 - [18-07-2024 09:18]"}
{"level":"info","message":"ruta: /cc/ccncrdef/valida/articulo - ::1 - [18-07-2024 09:18]"}
{"level":"info","message":"ruta: /cc/ccncrdef/valida/articulo - ::1 - [18-07-2024 09:18]"}
{"level":"info","message":"ruta: /cc/ccncrdef/valida/um - ::1 - [18-07-2024 09:18]"}
{"level":"info","message":"ruta: /cc/ccncrdef/valida/um - ::1 - [18-07-2024 09:18]"}
{"level":"info","message":"ruta: /cc/ccncrdef/valida/um - ::1 - [18-07-2024 09:18]"}
{"level":"info","message":"ruta: /cc/ccncrdef/valida/calculoAct - ::1 - [18-07-2024 09:18]"}
{"level":"info","message":"ruta: /cc/ccncrdef/valida/cantidad - ::1 - [18-07-2024 09:18]"}
{"level":"info","message":"ruta: /cc/ccncrdef/valida/um - ::1 - [18-07-2024 09:18]"}
{"level":"info","message":"ruta: /cc/ccncrdef/valida/um - ::1 - [18-07-2024 09:18]"}
{"level":"info","message":"ruta: /cc/ccncrdef/valida/calculoAct - ::1 - [18-07-2024 09:18]"}
{"level":"info","message":"ruta: /cc/ccncrdef/buscar/preform - ::1 - [18-07-2024 09:19]"}
{"level":"info","message":"ruta: /cc/ccncrdef/list/detalle - ::1 - [18-07-2024 09:19]"}
{"level":"info","message":"ruta: /cc/ccncrdef/buscar/preform - ::1 - [18-07-2024 09:19]"}
{"level":"info","message":"ruta: /cc/ccncrdef/list/detalle - ::1 - [18-07-2024 09:19]"}
{"level":"info","message":"ruta: /cc/ccncrdef/valida/sucursal - ::1 - [18-07-2024 09:19]"}
{"level":"info","message":"ruta: /cc/ccncrdef/valida/cliente - ::1 - [18-07-2024 09:19]"}
{"level":"info","message":"ruta: /cc/ccncrdef/valida/condVenta - ::1 - [18-07-2024 09:19]"}
{"level":"info","message":"ruta: /cc/ccncrdef/valida/motivoNcr - ::1 - [18-07-2024 09:19]"}
{"level":"info","message":"ruta: /cc/ccncrdef/valida/listPrecio - ::1 - [18-07-2024 09:19]"}
{"level":"info","message":"ruta: /cc/ccncrdef/valida/vendedor - ::1 - [18-07-2024 09:19]"}
{"level":"info","message":"ruta: /cc/ccncrdef/valida/moneda - ::1 - [18-07-2024 09:19]"}
{"level":"info","message":"ruta: /cc/ccncrdef/valida/articulo - ::1 - [18-07-2024 09:19]"}
{"level":"info","message":"ruta: /cc/ccncrdef/valida/cantidad - ::1 - [18-07-2024 09:19]"}
{"level":"info","message":"ruta: /cc/ccncrdef/valida/calculoAct - ::1 - [18-07-2024 09:19]"}
{"level":"info","message":"ruta: /cc/ccncrdef/valida/calculoAct - ::1 - [18-07-2024 09:19]"}
{"level":"info","message":"ruta: /cc/ccncrdef/valida/articulo - ::1 - [18-07-2024 09:19]"}
{"level":"info","message":"ruta: /cc/ccncrdef/valida/articulo - ::1 - [18-07-2024 09:19]"}
{"level":"info","message":"ruta: /cc/ccncrdef/valida/cantidad - ::1 - [18-07-2024 09:19]"}
{"level":"info","message":"ruta: /cc/ccncrdef/valida/calculoAct - ::1 - [18-07-2024 09:19]"}
{"level":"info","message":"ruta: /cc/ccncrdef/valida/calculoAct - ::1 - [18-07-2024 09:20]"}
{"level":"info","message":"ruta: /cc/ccncrdef/cab/1/A/FCO - ::1 - [18-07-2024 09:20]"}
{"level":"info","message":"ruta: /cc/ccncrdef/det/1/A/FCO/3 - ::1 - [18-07-2024 09:20]"}
{"level":"info","message":"ruta: /cc/ccncrdef - ::1 - [18-07-2024 09:20]"}
{"level":"info","message":"ruta: /cc/ccncrdef/valida/articulo - ::1 - [18-07-2024 09:20]"}
{"level":"info","message":"ruta: /cc/ccncrdef/valida/cantidad - ::1 - [18-07-2024 09:20]"}
{"level":"info","message":"ruta: /cc/ccncrdef/valida/calculoAct - ::1 - [18-07-2024 09:20]"}
{"level":"info","message":"ruta: /cc/ccncrdef/valida/calculoAct - ::1 - [18-07-2024 09:20]"}
{"level":"info","message":"ruta: /cc/ccncrdef/cab/1/A/FCO - ::1 - [18-07-2024 09:20]"}
{"level":"info","message":"ruta: /cc/ccncrdef/det/1/A/FCO/3 - ::1 - [18-07-2024 09:20]"}
{"level":"info","message":"ruta: /cc/ccncrdef - ::1 - [18-07-2024 09:20]"}
{"level":"info","message":"ruta: /cc/ccncrdef/list/postquery - ::1 - [18-07-2024 09:20]"}
{"level":"info","message":"ruta: /cc/ccncrdef/list/detalle - ::1 - [18-07-2024 09:20]"}
{"level":"info","message":"ruta: /cc/ccncrdef/buscar/preform - ::1 - [18-07-2024 09:20]"}
{"level":"info","message":"ruta: /cc/ccncrdef/list/cabecera - ::1 - [18-07-2024 09:20]"}
{"level":"info","message":"ruta: /cc/ccncrdef/list/postquery - ::1 - [18-07-2024 09:20]"}
{"level":"info","message":"ruta: /cc/ccncrdef/list/detalle - ::1 - [18-07-2024 09:20]"}
{"level":"info","message":"ruta: /cc/ccncrdef/list/postquery - ::1 - [18-07-2024 09:21]"}
{"level":"info","message":"ruta: /cc/ccncrdef/list/detalle - ::1 - [18-07-2024 09:21]"}
{"level":"info","message":"ruta: /cc/ccncrdef/list/postquery - ::1 - [18-07-2024 09:21]"}
{"level":"info","message":"ruta: /cc/ccncrdef/list/detalle - ::1 - [18-07-2024 09:21]"}
{"level":"info","message":"ruta: /cc/ccncrdef/list/postquery - ::1 - [18-07-2024 09:21]"}
{"level":"info","message":"ruta: /cc/ccncrdef/list/detalle - ::1 - [18-07-2024 09:21]"}
{"level":"info","message":"ruta: /cc/ccncrdef/list/detalle - ::1 - [18-07-2024 09:21]"}
{"level":"info","message":"ruta: /cc/ccncrdef/list/detalle - ::1 - [18-07-2024 09:21]"}
{"level":"info","message":"ruta: /cc/ccncrdef/list/detalle - ::1 - [18-07-2024 09:21]"}
{"level":"info","message":"ruta: /cc/ccncrdef/list/detalle - ::1 - [18-07-2024 09:21]"}
{"level":"info","message":"ruta: /cc/ccncrdef/buscar/preform - ::1 - [18-07-2024 09:23]"}
{"level":"info","message":"ruta: /cc/ccncrdef/list/detalle - ::1 - [18-07-2024 09:23]"}
{"level":"info","message":"ruta: /cc/ccncrdef/buscar/preform - ::1 - [18-07-2024 09:24]"}
{"level":"info","message":"ruta: /cc/ccncrdef/list/detalle - ::1 - [18-07-2024 09:24]"}
{"level":"info","message":"ruta: /cc/ccncrdef/buscar/preform - ::1 - [18-07-2024 09:24]"}
{"level":"info","message":"ruta: /cc/ccncrdef/list/cabecera - ::1 - [18-07-2024 09:24]"}
{"level":"info","message":"ruta: /cc/ccncrdef/buscar/preform - ::1 - [18-07-2024 09:24]"}
{"level":"info","message":"ruta: /cc/ccncrdef/list/detalle - ::1 - [18-07-2024 09:24]"}
{"level":"info","message":"ruta: /cc/ccncrdef/buscar/preform - ::1 - [18-07-2024 09:24]"}
{"level":"info","message":"ruta: /cc/ccncrdef/list/cabecera - ::1 - [18-07-2024 09:24]"}
{"level":"info","message":"ruta: /cc/ccncrdef/list/postquery - ::1 - [18-07-2024 09:24]"}
{"level":"info","message":"ruta: /cc/ccncrdef/list/detalle - ::1 - [18-07-2024 09:24]"}
{"level":"info","message":"ruta: /cc/ccncrdef/buscar/preform - ::1 - [18-07-2024 09:24]"}
{"level":"info","message":"ruta: /cc/ccncrdef/list/cabecera - ::1 - [18-07-2024 09:24]"}
{"level":"info","message":"ruta: /cc/ccncrdef/list/postquery - ::1 - [18-07-2024 09:24]"}
{"level":"info","message":"ruta: /cc/ccncrdef/list/detalle - ::1 - [18-07-2024 09:24]"}
{"level":"info","message":"ruta: /cc/ccncrdef/buscar/preform - ::1 - [18-07-2024 09:27]"}
{"level":"info","message":"ruta: /cc/ccncrdef/list/detalle - ::1 - [18-07-2024 09:27]"}
{"level":"info","message":"ruta: /cc/ccncrdef/buscar/preform - ::1 - [18-07-2024 09:27]"}
{"level":"info","message":"ruta: /cc/ccncrdef/list/cabecera - ::1 - [18-07-2024 09:27]"}
{"level":"info","message":"ruta: /cc/ccncrdef/list/postquery - ::1 - [18-07-2024 09:27]"}
{"level":"info","message":"ruta: /cc/ccncrdef/list/detalle - ::1 - [18-07-2024 09:27]"}
{"level":"info","message":"ruta: /cc/ccncrdef/buscar/preform - ::1 - [18-07-2024 09:27]"}
{"level":"info","message":"ruta: /cc/ccncrdef/list/detalle - ::1 - [18-07-2024 09:27]"}
{"level":"info","message":"ruta: /cc/ccncrdef/buscar/preform - ::1 - [18-07-2024 09:27]"}
{"level":"info","message":"ruta: /cc/ccncrdef/list/detalle - ::1 - [18-07-2024 09:27]"}
{"level":"info","message":"ruta: /cc/ccncrdef/buscar/preform - ::1 - [18-07-2024 09:27]"}
{"level":"info","message":"ruta: /cc/ccncrdef/list/cabecera - ::1 - [18-07-2024 09:27]"}
{"level":"info","message":"ruta: /cc/ccncrdef/list/postquery - ::1 - [18-07-2024 09:27]"}
{"level":"info","message":"ruta: /cc/ccncrdef/list/detalle - ::1 - [18-07-2024 09:27]"}
{"level":"info","message":"ruta: /cc/ccncrdef/buscar/preform - ::1 - [18-07-2024 09:28]"}
{"level":"info","message":"ruta: /cc/ccncrdef/list/cabecera - ::1 - [18-07-2024 09:28]"}
{"level":"info","message":"ruta: /cc/ccncrdef/list/postquery - ::1 - [18-07-2024 09:34]"}
{"level":"info","message":"ruta: /cc/ccncrdef/buscar/preform - ::1 - [18-07-2024 09:34]"}
{"level":"info","message":"ruta: /cc/ccncrdef/list/detalle - ::1 - [18-07-2024 09:34]"}
{"level":"info","message":"ruta: /cc/ccncrdef/buscar/preform - ::1 - [18-07-2024 09:34]"}
{"level":"info","message":"ruta: /cc/ccncrdef/list/detalle - ::1 - [18-07-2024 09:34]"}
{"level":"info","message":"ruta: /cc/ccncrdef/buscar/preform - ::1 - [18-07-2024 09:34]"}
{"level":"info","message":"ruta: /cc/ccncrdef/list/cabecera - ::1 - [18-07-2024 09:34]"}
{"level":"info","message":"ruta: /cc/ccncrdef/list/postquery - ::1 - [18-07-2024 09:34]"}
{"level":"info","message":"ruta: /cc/ccncrdef/buscar/preform - ::1 - [18-07-2024 09:34]"}
{"level":"info","message":"ruta: /cc/ccncrdef/list/detalle - ::1 - [18-07-2024 09:34]"}
{"level":"info","message":"ruta: /cc/ccncrdef/buscar/preform - ::1 - [18-07-2024 09:35]"}
{"level":"info","message":"ruta: /cc/ccncrdef/list/cabecera - ::1 - [18-07-2024 09:35]"}
{"level":"info","message":"ruta: /cc/ccncrdef/list/postquery - ::1 - [18-07-2024 09:35]"}
{"level":"info","message":"ruta: /cc/ccncrdef/list/detalle - ::1 - [18-07-2024 09:35]"}
{"level":"info","message":"ruta: /cc/ccncrdef/buscar/preform - ::1 - [18-07-2024 09:35]"}
{"level":"info","message":"ruta: /cc/ccncrdef/list/cabecera - ::1 - [18-07-2024 09:35]"}
{"level":"info","message":"ruta: /cc/ccncrdef/list/postquery - ::1 - [18-07-2024 09:35]"}
{"level":"info","message":"ruta: /cc/ccncrdef/list/detalle - ::1 - [18-07-2024 09:35]"}
{"level":"info","message":"ruta: /cc/ccncrdef/buscar/preform - ::1 - [18-07-2024 09:36]"}
{"level":"info","message":"ruta: /cc/ccncrdef/list/cabecera - ::1 - [18-07-2024 09:36]"}
{"level":"info","message":"ruta: /cc/ccncrdef/list/postquery - ::1 - [18-07-2024 09:45]"}
{"level":"info","message":"ruta: /cc/ccncrdef/list/detalle - ::1 - [18-07-2024 09:45]"}
{"level":"info","message":"ruta: /cc/ccncrdef - ::1 - [18-07-2024 09:45]"}
{"level":"info","message":"ruta: /cc/ccncrdef/list/postquery - ::1 - [18-07-2024 09:45]"}
{"level":"info","message":"ruta: /cc/ccncrdef/list/detalle - ::1 - [18-07-2024 09:45]"}
{"level":"info","message":"ruta: /cc/ccncrdef/buscar/preform - ::1 - [18-07-2024 09:46]"}
{"level":"info","message":"ruta: /cc/ccncrdef/list/detalle - ::1 - [18-07-2024 09:46]"}
{"level":"info","message":"ruta: /cc/ccncrdef/buscar/preform - ::1 - [18-07-2024 09:46]"}
{"level":"info","message":"ruta: /cc/ccncrdef/list/cabecera - ::1 - [18-07-2024 09:46]"}
{"level":"info","message":"ruta: /cc/ccncrdef/list/postquery - ::1 - [18-07-2024 09:46]"}
{"level":"info","message":"ruta: /cc/ccncrdef/list/detalle - ::1 - [18-07-2024 09:46]"}
{"level":"info","message":"ruta: /cc/ccncrdef - ::1 - [18-07-2024 09:47]"}
{"level":"info","message":"ruta: /cc/ccncrdef/list/postquery - ::1 - [18-07-2024 09:47]"}
{"level":"info","message":"ruta: /cc/ccncrdef/list/detalle - ::1 - [18-07-2024 09:47]"}
{"level":"info","message":"ruta: /cc/ccncrdef - ::1 - [18-07-2024 09:47]"}
{"level":"info","message":"ruta: /cc/ccncrdef/list/postquery - ::1 - [18-07-2024 09:47]"}
{"level":"info","message":"ruta: /cc/ccncrdef/list/detalle - ::1 - [18-07-2024 09:47]"}
{"level":"info","message":"ruta: /cc/ccncrdef/buscar/preform - ::1 - [18-07-2024 09:48]"}
{"level":"info","message":"ruta: /cc/ccncrdef/list/detalle - ::1 - [18-07-2024 09:48]"}
{"level":"info","message":"ruta: /cc/ccncrdef/buscar/preform - ::1 - [18-07-2024 09:49]"}
{"level":"info","message":"ruta: /cc/ccncrdef/list/cabecera - ::1 - [18-07-2024 09:49]"}
{"level":"info","message":"ruta: /cc/ccncrdef/list/postquery - ::1 - [18-07-2024 09:49]"}
{"level":"info","message":"ruta: /cc/ccncrdef/list/detalle - ::1 - [18-07-2024 09:49]"}
{"level":"info","message":"ruta: /cc/ccncrdef - ::1 - [18-07-2024 09:49]"}
{"level":"info","message":"ruta: /cc/ccncrdef/list/postquery - ::1 - [18-07-2024 09:49]"}
{"level":"info","message":"ruta: /cc/ccncrdef/list/detalle - ::1 - [18-07-2024 09:49]"}
{"level":"info","message":"ruta: /cc/ccncrdef/buscar/preform - ::1 - [18-07-2024 09:50]"}
{"level":"info","message":"ruta: /cc/ccncrdef/list/detalle - ::1 - [18-07-2024 09:50]"}
{"level":"info","message":"ruta: /cc/ccncrdef/buscar/preform - ::1 - [18-07-2024 09:50]"}
{"level":"info","message":"ruta: /cc/ccncrdef/list/cabecera - ::1 - [18-07-2024 09:50]"}
{"level":"info","message":"ruta: /cc/ccncrdef/list/postquery - ::1 - [18-07-2024 09:50]"}
{"level":"info","message":"ruta: /cc/ccncrdef/list/detalle - ::1 - [18-07-2024 09:50]"}
{"level":"info","message":"ruta: /cc/ccncrdef - ::1 - [18-07-2024 09:50]"}
{"level":"info","message":"ruta: /cc/ccncrdef/list/postquery - ::1 - [18-07-2024 09:50]"}
{"level":"info","message":"ruta: /cc/ccncrdef/list/detalle - ::1 - [18-07-2024 09:50]"}
{"level":"info","message":"ruta: /cc/ccncrdef/buscar/preform - ::1 - [18-07-2024 09:50]"}
{"level":"info","message":"ruta: /cc/ccncrdef/list/cabecera - ::1 - [18-07-2024 09:50]"}
{"level":"info","message":"ruta: /cc/ccncrdef/list/postquery - ::1 - [18-07-2024 09:50]"}
{"level":"info","message":"ruta: /cc/ccncrdef/list/detalle - ::1 - [18-07-2024 09:50]"}
{"level":"info","message":"ruta: /cc/ccncrdef/buscar/preform - ::1 - [18-07-2024 09:50]"}
{"level":"info","message":"ruta: /cc/ccncrdef/list/cabecera - ::1 - [18-07-2024 09:50]"}
{"level":"info","message":"ruta: /cc/ccncrdef/list/postquery - ::1 - [18-07-2024 09:50]"}
{"level":"info","message":"ruta: /cc/ccncrdef/list/detalle - ::1 - [18-07-2024 09:50]"}
{"level":"info","message":"ruta: /cc/ccncrdef/valida/articulo - ::1 - [18-07-2024 09:50]"}
{"level":"info","message":"ruta: /cc/ccncrdef/valida/cantidad - ::1 - [18-07-2024 09:50]"}
{"level":"info","message":"ruta: /cc/ccncrdef/valida/calculoAct - ::1 - [18-07-2024 09:50]"}
{"level":"info","message":"ruta: /cc/ccncrdef/valida/calculoAct - ::1 - [18-07-2024 09:50]"}
{"level":"info","message":"ruta: /cc/ccncrdef/det/1/A/FCO/3 - ::1 - [18-07-2024 09:51]"}
{"level":"info","message":"ruta: /cc/ccncrdef - ::1 - [18-07-2024 09:51]"}
{"level":"info","message":"ruta: /cc/ccncrdef/list/postquery - ::1 - [18-07-2024 09:51]"}
{"level":"info","message":"ruta: /cc/ccncrdef/list/detalle - ::1 - [18-07-2024 09:51]"}
{"level":"info","message":"ruta: /cc/ccncrdef - ::1 - [18-07-2024 09:51]"}
{"level":"info","message":"ruta: /cc/ccncrdef/list/postquery - ::1 - [18-07-2024 09:52]"}
{"level":"info","message":"ruta: /cc/ccncrdef/list/detalle - ::1 - [18-07-2024 09:52]"}
{"level":"info","message":"ruta: /cc/ccncrdef/buscar/preform - ::1 - [18-07-2024 09:52]"}
{"level":"info","message":"ruta: /cc/ccncrdef/list/detalle - ::1 - [18-07-2024 09:52]"}
{"level":"info","message":"ruta: /cc/ccncrdef/buscar/preform - ::1 - [18-07-2024 09:52]"}
{"level":"info","message":"ruta: /cc/ccncrdef/list/detalle - ::1 - [18-07-2024 09:52]"}
{"level":"info","message":"ruta: /cc/ccncrdef/buscar/preform - ::1 - [18-07-2024 09:52]"}
{"level":"info","message":"ruta: /cc/ccncrdef/list/cabecera - ::1 - [18-07-2024 09:52]"}
{"level":"info","message":"ruta: /cc/ccncrdef/list/postquery - ::1 - [18-07-2024 09:52]"}
{"level":"info","message":"ruta: /cc/ccncrdef/list/detalle - ::1 - [18-07-2024 09:52]"}
{"level":"info","message":"ruta: /cc/ccncrdef/valida/articulo - ::1 - [18-07-2024 09:52]"}
{"level":"info","message":"ruta: /cc/ccncrdef/valida/cantidad - ::1 - [18-07-2024 09:52]"}
{"level":"info","message":"ruta: /cc/ccncrdef/valida/calculoAct - ::1 - [18-07-2024 09:52]"}
{"level":"info","message":"ruta: /cc/ccncrdef/valida/calculoAct - ::1 - [18-07-2024 09:52]"}
{"level":"info","message":"ruta: /cc/ccncrdef/buscar/preform - ::1 - [18-07-2024 09:53]"}
{"level":"info","message":"ruta: /cc/ccncrdef/list/detalle - ::1 - [18-07-2024 09:53]"}
{"level":"info","message":"ruta: /cc/ccncrdef/buscar/preform - ::1 - [18-07-2024 09:53]"}
{"level":"info","message":"ruta: /cc/ccncrdef/list/detalle - ::1 - [18-07-2024 09:53]"}
{"level":"info","message":"ruta: /cc/ccncrdef/buscar/preform - ::1 - [18-07-2024 09:53]"}
{"level":"info","message":"ruta: /cc/ccncrdef/list/cabecera - ::1 - [18-07-2024 09:53]"}
{"level":"info","message":"ruta: /cc/ccncrdef/list/postquery - ::1 - [18-07-2024 09:53]"}
{"level":"info","message":"ruta: /cc/ccncrdef/list/detalle - ::1 - [18-07-2024 09:53]"}
{"level":"info","message":"ruta: /cc/ccncrdef/valida/articulo - ::1 - [18-07-2024 09:53]"}
{"level":"info","message":"ruta: /cc/ccncrdef/valida/cantidad - ::1 - [18-07-2024 09:53]"}
{"level":"info","message":"ruta: /cc/ccncrdef/valida/calculoAct - ::1 - [18-07-2024 09:53]"}
{"level":"info","message":"ruta: /cc/ccncrdef/valida/calculoAct - ::1 - [18-07-2024 09:53]"}
{"level":"info","message":"ruta: /cc/ccncrdef/valida/articulo - ::1 - [18-07-2024 09:53]"}
{"level":"info","message":"ruta: /cc/ccncrdef/buscar/preform - ::1 - [18-07-2024 09:53]"}
{"level":"info","message":"ruta: /cc/ccncrdef/list/detalle - ::1 - [18-07-2024 09:53]"}
{"level":"info","message":"ruta: /cc/ccncrdef/buscar/preform - ::1 - [18-07-2024 09:53]"}
{"level":"info","message":"ruta: /cc/ccncrdef/list/detalle - ::1 - [18-07-2024 09:53]"}
{"level":"info","message":"ruta: /cc/ccncrdef/buscar/preform - ::1 - [18-07-2024 09:53]"}
{"level":"info","message":"ruta: /cc/ccncrdef/list/cabecera - ::1 - [18-07-2024 09:53]"}
{"level":"info","message":"ruta: /cc/ccncrdef/list/postquery - ::1 - [18-07-2024 09:53]"}
{"level":"info","message":"ruta: /cc/ccncrdef/list/detalle - ::1 - [18-07-2024 09:53]"}
{"level":"info","message":"ruta: /cc/ccncrdef/valida/articulo - ::1 - [18-07-2024 09:53]"}
{"level":"info","message":"ruta: /cc/ccncrdef/valida/cantidad - ::1 - [18-07-2024 09:53]"}
{"level":"info","message":"ruta: /cc/ccncrdef/valida/calculoAct - ::1 - [18-07-2024 09:53]"}
{"level":"info","message":"ruta: /cc/ccncrdef/valida/calculoAct - ::1 - [18-07-2024 09:54]"}
{"level":"info","message":"ruta: /cc/ccncrdef/valida/articulo - ::1 - [18-07-2024 09:54]"}
{"level":"info","message":"ruta: /cc/ccncrdef/valida/articulo - ::1 - [18-07-2024 09:54]"}
{"level":"info","message":"ruta: /cc/ccncrdef/valida/cantidad - ::1 - [18-07-2024 09:54]"}
{"level":"info","message":"ruta: /cc/ccncrdef/valida/calculoAct - ::1 - [18-07-2024 09:54]"}
{"level":"info","message":"ruta: /cc/ccncrdef/valida/calculoAct - ::1 - [18-07-2024 09:54]"}
{"level":"info","message":"ruta: /cc/ccncrdef/det/1/A/FCO/3 - ::1 - [18-07-2024 09:54]"}
{"level":"info","message":"ruta: /cc/ccncrdef - ::1 - [18-07-2024 09:54]"}
{"level":"info","message":"ruta: /cc/ccncrdef/list/postquery - ::1 - [18-07-2024 09:54]"}
{"level":"info","message":"ruta: /cc/ccncrdef/list/detalle - ::1 - [18-07-2024 09:54]"}
{"level":"info","message":"ruta: /cc/ccncrdef/buscar/preform - ::1 - [18-07-2024 09:55]"}
{"level":"info","message":"ruta: /cc/ccncrdef/list/detalle - ::1 - [18-07-2024 09:55]"}
{"level":"info","message":"ruta: /cc/ccncrdef/buscar/preform - ::1 - [18-07-2024 09:55]"}
{"level":"info","message":"ruta: /cc/ccncrdef/list/detalle - ::1 - [18-07-2024 09:55]"}
{"level":"info","message":"ruta: /cc/ccncrdef/buscar/preform - ::1 - [18-07-2024 09:55]"}
{"level":"info","message":"ruta: /cc/ccncrdef/list/cabecera - ::1 - [18-07-2024 09:55]"}
{"level":"info","message":"ruta: /cc/ccncrdef/list/postquery - ::1 - [18-07-2024 09:55]"}
{"level":"info","message":"ruta: /cc/ccncrdef/list/detalle - ::1 - [18-07-2024 09:55]"}
{"level":"info","message":"ruta: /cc/ccncrdef - ::1 - [18-07-2024 09:55]"}
{"level":"info","message":"ruta: /cc/ccncrdef/list/postquery - ::1 - [18-07-2024 09:55]"}
{"level":"info","message":"ruta: /cc/ccncrdef/list/detalle - ::1 - [18-07-2024 09:55]"}
{"level":"info","message":"ruta: /cc/ccncrdef/valida/articulo - ::1 - [18-07-2024 09:55]"}
{"level":"info","message":"ruta: /cc/ccncrdef/valida/cantidad - ::1 - [18-07-2024 09:56]"}
{"level":"info","message":"ruta: /cc/ccncrdef/valida/calculoAct - ::1 - [18-07-2024 09:56]"}
{"level":"info","message":"ruta: /cc/ccncrdef/valida/calculoAct - ::1 - [18-07-2024 09:56]"}
{"level":"info","message":"ruta: /cc/ccncrdef/det/1/A/FCO/3 - ::1 - [18-07-2024 09:56]"}
{"level":"info","message":"ruta: /cc/ccncrdef - ::1 - [18-07-2024 09:56]"}
{"level":"info","message":"ruta: /cc/ccncrdef/list/postquery - ::1 - [18-07-2024 09:56]"}
{"level":"info","message":"ruta: /cc/ccncrdef/list/detalle - ::1 - [18-07-2024 09:56]"}
{"level":"info","message":"ruta: /cc/ccncrdef - ::1 - [18-07-2024 09:56]"}
{"level":"info","message":"ruta: /cc/ccncrdef/list/postquery - ::1 - [18-07-2024 09:56]"}
{"level":"info","message":"ruta: /cc/ccncrdef/list/detalle - ::1 - [18-07-2024 09:56]"}
{"level":"info","message":"ruta: /cc/ccncrdef/buscar/preform - ::1 - [18-07-2024 09:57]"}
{"level":"info","message":"ruta: /cc/ccncrdef/list/detalle - ::1 - [18-07-2024 09:57]"}
{"level":"info","message":"ruta: /cc/ccncrdef/list/detalle - ::1 - [18-07-2024 09:57]"}
{"level":"info","message":"ruta: /cc/ccncrdef/buscar/preform - ::1 - [18-07-2024 09:57]"}
{"level":"info","message":"ruta: /cc/ccncrdef/list/detalle - ::1 - [18-07-2024 09:57]"}
{"level":"info","message":"ruta: /cc/ccncrdef/buscar/preform - ::1 - [18-07-2024 09:57]"}
{"level":"info","message":"ruta: /cc/ccncrdef/list/cabecera - ::1 - [18-07-2024 09:57]"}
{"level":"info","message":"ruta: /cc/ccncrdef/list/postquery - ::1 - [18-07-2024 09:57]"}
{"level":"info","message":"ruta: /cc/ccncrdef/list/detalle - ::1 - [18-07-2024 09:57]"}
{"level":"info","message":"ruta: /cc/ccncrdef/buscar/preform - ::1 - [18-07-2024 09:57]"}
{"level":"info","message":"ruta: /cc/ccncrdef - ::1 - [18-07-2024 09:57]"}
{"level":"info","message":"ruta: /cc/ccncrdef/list/postquery - ::1 - [18-07-2024 09:57]"}
{"level":"info","message":"ruta: /cc/ccncrdef/list/detalle - ::1 - [18-07-2024 09:57]"}
{"level":"info","message":"ruta: /cc/ccncrdef/buscar/preform - ::1 - [18-07-2024 09:57]"}
{"level":"info","message":"ruta: /cc/ccncrdef/list/cabecera - ::1 - [18-07-2024 09:57]"}
{"level":"info","message":"ruta: /cc/ccncrdef/list/postquery - ::1 - [18-07-2024 09:57]"}
{"level":"info","message":"ruta: /cc/ccncrdef/list/detalle - ::1 - [18-07-2024 09:57]"}
{"level":"info","message":"ruta: /cc/ccncrdef/buscar/preform - ::1 - [18-07-2024 09:57]"}
{"level":"info","message":"ruta: /cc/ccncrdef - ::1 - [18-07-2024 09:57]"}
{"level":"info","message":"ruta: /cc/ccncrdef/list/postquery - ::1 - [18-07-2024 09:57]"}
{"level":"info","message":"ruta: /cc/ccncrdef/list/detalle - ::1 - [18-07-2024 09:57]"}
{"level":"info","message":"ruta: /cc/ccncrdef/valida/cliente - ::1 - [18-07-2024 09:57]"}
{"level":"info","message":"ruta: /cc/ccncrdef/valida/condVenta - ::1 - [18-07-2024 09:57]"}
{"level":"info","message":"ruta: /cc/ccncrdef/valida/motivoNcr - ::1 - [18-07-2024 09:57]"}
{"level":"info","message":"ruta: /cc/ccncrdef/valida/listPrecio - ::1 - [18-07-2024 09:57]"}
{"level":"info","message":"ruta: /cc/ccncrdef/valida/vendedor - ::1 - [18-07-2024 09:57]"}
{"level":"info","message":"ruta: /cc/ccncrdef/valida/moneda - ::1 - [18-07-2024 09:57]"}
{"level":"info","message":"ruta: /cc/ccncrdef/valida/articulo - ::1 - [18-07-2024 09:57]"}
{"level":"info","message":"ruta: /cc/ccncrdef/valida/cantidad - ::1 - [18-07-2024 09:58]"}
{"level":"info","message":"ruta: /cc/ccncrdef/valida/calculoAct - ::1 - [18-07-2024 09:58]"}
{"level":"info","message":"ruta: /cc/ccncrdef/valida/calculoAct - ::1 - [18-07-2024 09:58]"}
{"level":"info","message":"ruta: /cc/ccncrdef/valida/articulo - ::1 - [18-07-2024 09:58]"}
{"level":"info","message":"ruta: /cc/ccncrdef/valida/articulo - ::1 - [18-07-2024 09:58]"}
{"level":"info","message":"ruta: /cc/ccncrdef/valida/cantidad - ::1 - [18-07-2024 09:58]"}
{"level":"info","message":"ruta: /cc/ccncrdef/valida/calculoAct - ::1 - [18-07-2024 09:58]"}
{"level":"info","message":"ruta: /cc/ccncrdef/valida/calculoAct - ::1 - [18-07-2024 09:58]"}
{"level":"info","message":"ruta: /cc/ccncrdef/cab/1/A/FCO - ::1 - [18-07-2024 09:58]"}
{"level":"info","message":"ruta: /cc/ccncrdef/det/1/A/FCO/2 - ::1 - [18-07-2024 09:58]"}
{"level":"info","message":"ruta: /cc/ccncrdef - ::1 - [18-07-2024 09:58]"}
{"level":"info","message":"ruta: /cc/ccncrdef/list/postquery - ::1 - [18-07-2024 09:58]"}
{"level":"info","message":"ruta: /cc/ccncrdef/list/detalle - ::1 - [18-07-2024 09:58]"}
{"level":"info","message":"ruta: /cc/ccncrdef/buscar/preform - ::1 - [18-07-2024 09:58]"}
{"level":"info","message":"ruta: /cc/ccncrdef/list/detalle - ::1 - [18-07-2024 09:58]"}
{"level":"info","message":"ruta: /cc/ccncrdef/buscar/preform - ::1 - [18-07-2024 09:58]"}
{"level":"info","message":"ruta: /cc/ccncrdef/list/detalle - ::1 - [18-07-2024 09:58]"}
{"level":"info","message":"ruta: /cc/ccncrdef/buscar/preform - ::1 - [18-07-2024 09:58]"}
{"level":"info","message":"ruta: /cc/ccncrdef/list/cabecera - ::1 - [18-07-2024 09:58]"}
{"level":"info","message":"ruta: /cc/ccncrdef/list/postquery - ::1 - [18-07-2024 09:58]"}
{"level":"info","message":"ruta: /cc/ccncrdef/list/detalle - ::1 - [18-07-2024 09:58]"}
{"level":"info","message":"ruta: /cc/ccncrdef - ::1 - [18-07-2024 09:58]"}
{"level":"info","message":"ruta: /cc/ccncrdef/list/postquery - ::1 - [18-07-2024 09:58]"}
{"level":"info","message":"ruta: /cc/ccncrdef/list/detalle - ::1 - [18-07-2024 09:58]"}
{"level":"info","message":"ruta: /cc/ccncrdef/buscar/preform - ::1 - [18-07-2024 09:58]"}
{"level":"info","message":"ruta: /cc/ccncrdef/list/cabecera - ::1 - [18-07-2024 09:58]"}
{"level":"info","message":"ruta: /cc/ccncrdef/list/postquery - ::1 - [18-07-2024 09:58]"}
{"level":"info","message":"ruta: /cc/ccncrdef/list/detalle - ::1 - [18-07-2024 09:58]"}
{"level":"info","message":"ruta: /cc/ccncrdef/valida/articulo - ::1 - [18-07-2024 09:59]"}
{"level":"info","message":"ruta: /cc/ccncrdef/valida/cantidad - ::1 - [18-07-2024 09:59]"}
{"level":"info","message":"ruta: /cc/ccncrdef/valida/calculoAct - ::1 - [18-07-2024 09:59]"}
{"level":"info","message":"ruta: /cc/ccncrdef/valida/calculoAct - ::1 - [18-07-2024 09:59]"}
{"level":"info","message":"ruta: /cc/ccncrdef/det/1/A/FCO/2 - ::1 - [18-07-2024 09:59]"}
{"level":"info","message":"ruta: /cc/ccncrdef - ::1 - [18-07-2024 09:59]"}
{"level":"info","message":"ruta: /cc/ccncrdef/list/postquery - ::1 - [18-07-2024 09:59]"}
{"level":"info","message":"ruta: /cc/ccncrdef/list/detalle - ::1 - [18-07-2024 09:59]"}
{"level":"info","message":"ruta: /cc/ccncrdef - ::1 - [18-07-2024 09:59]"}
{"level":"info","message":"ruta: /cc/ccncrdef/list/postquery - ::1 - [18-07-2024 09:59]"}
{"level":"info","message":"ruta: /cc/ccncrdef/list/detalle - ::1 - [18-07-2024 09:59]"}
{"level":"info","message":"ruta: /cc/ccncrdef/valida/cantidad - ::1 - [18-07-2024 09:59]"}
{"level":"info","message":"ruta: /cc/ccncrdef/valida/calculoAct - ::1 - [18-07-2024 09:59]"}
{"level":"info","message":"ruta: /cc/ccncrdef/valida/cantidad - ::1 - [18-07-2024 09:59]"}
{"level":"info","message":"ruta: /cc/ccncrdef/valida/calculoAct - ::1 - [18-07-2024 09:59]"}
{"level":"info","message":"ruta: /cc/ccncrdef/valida/cantidad - ::1 - [18-07-2024 09:59]"}
{"level":"info","message":"ruta: /cc/ccncrdef/valida/calculoAct - ::1 - [18-07-2024 09:59]"}
{"level":"info","message":"ruta: /cc/ccncrdef/valida/cantidad - ::1 - [18-07-2024 09:59]"}
{"level":"info","message":"ruta: /cc/ccncrdef/valida/calculoAct - ::1 - [18-07-2024 09:59]"}
{"level":"info","message":"ruta: /cc/ccncrdef/valida/cantidad - ::1 - [18-07-2024 09:59]"}
{"level":"info","message":"ruta: /cc/ccncrdef/valida/calculoAct - ::1 - [18-07-2024 09:59]"}
{"level":"info","message":"ruta: /cc/ccncrdef/valida/cantidad - ::1 - [18-07-2024 09:59]"}
{"level":"info","message":"ruta: /cc/ccncrdef/valida/calculoAct - ::1 - [18-07-2024 09:59]"}
{"level":"info","message":"ruta: /cc/ccncrdef/valida/cantidad - ::1 - [18-07-2024 09:59]"}
{"level":"info","message":"ruta: /cc/ccncrdef/valida/calculoAct - ::1 - [18-07-2024 09:59]"}
{"level":"info","message":"ruta: /cc/ccncrdef/valida/cantidad - ::1 - [18-07-2024 09:59]"}
{"level":"info","message":"ruta: /cc/ccncrdef/valida/calculoAct - ::1 - [18-07-2024 09:59]"}
{"level":"info","message":"ruta: /cc/ccncrdef - ::1 - [18-07-2024 09:59]"}
{"level":"info","message":"ruta: /cc/ccncrdef/list/postquery - ::1 - [18-07-2024 09:59]"}
{"level":"info","message":"ruta: /cc/ccncrdef/list/detalle - ::1 - [18-07-2024 09:59]"}
{"level":"info","message":"ruta: /cc/ccncrdef/buscar/preform - ::1 - [18-07-2024 10:00]"}
{"level":"info","message":"ruta: /cc/ccncrdef/list/cabecera - ::1 - [18-07-2024 10:00]"}
{"level":"info","message":"ruta: /cc/ccncrdef/list/postquery - ::1 - [18-07-2024 10:00]"}
{"level":"info","message":"ruta: /cc/ccncrdef/list/detalle - ::1 - [18-07-2024 10:00]"}
{"level":"info","message":"ruta: /cc/ccncrdef/buscar/preform - ::1 - [18-07-2024 10:00]"}
{"level":"info","message":"ruta: /cc/ccncrdef/list/cabecera - ::1 - [18-07-2024 10:00]"}
{"level":"info","message":"ruta: /cc/ccncrdef/list/postquery - ::1 - [18-07-2024 10:00]"}
{"level":"info","message":"ruta: /cc/ccncrdef/list/detalle - ::1 - [18-07-2024 10:00]"}
{"level":"info","message":"ruta: /cc/ccncrdef/buscar/preform - ::1 - [18-07-2024 10:00]"}
{"level":"info","message":"ruta: /cc/ccncrdef/list/detalle - ::1 - [18-07-2024 10:00]"}
{"level":"info","message":"ruta: /cc/ccncrdef/valida/sucursal - ::1 - [18-07-2024 10:00]"}
{"level":"info","message":"ruta: /cc/ccncrdef/valida/cliente - ::1 - [18-07-2024 10:00]"}
{"level":"info","message":"ruta: /cc/ccncrdef/valida/cliente - ::1 - [18-07-2024 10:00]"}
{"level":"info","message":"ruta: /cc/ccncrdef/valida/condVenta - ::1 - [18-07-2024 10:00]"}
{"level":"info","message":"ruta: /cc/ccncrdef/valida/motivoNcr - ::1 - [18-07-2024 10:00]"}
{"level":"info","message":"ruta: /cc/ccncrdef/valida/listPrecio - ::1 - [18-07-2024 10:00]"}
{"level":"info","message":"ruta: /cc/ccncrdef/valida/vendedor - ::1 - [18-07-2024 10:00]"}
{"level":"info","message":"ruta: /cc/ccncrdef/valida/vendedor - ::1 - [18-07-2024 10:00]"}
{"level":"info","message":"ruta: /cc/ccncrdef/valida/moneda - ::1 - [18-07-2024 10:00]"}
{"level":"info","message":"ruta: /cc/ccncrdef/buscar/preform - ::1 - [18-07-2024 10:00]"}
{"level":"info","message":"ruta: /cc/ccncrdef/list/detalle - ::1 - [18-07-2024 10:00]"}
{"level":"info","message":"ruta: /cc/ccncrdef/buscar/preform - ::1 - [18-07-2024 10:00]"}
{"level":"info","message":"ruta: /cc/ccncrdef/list/cabecera - ::1 - [18-07-2024 10:00]"}
{"level":"info","message":"ruta: /cc/ccncrdef/list/postquery - ::1 - [18-07-2024 10:00]"}
{"level":"info","message":"ruta: /cc/ccncrdef/list/detalle - ::1 - [18-07-2024 10:00]"}
{"level":"info","message":"ruta: /cc/ccncrdef - ::1 - [18-07-2024 10:01]"}
{"level":"info","message":"ruta: /cc/ccncrdef/list/postquery - ::1 - [18-07-2024 10:01]"}
{"level":"info","message":"ruta: /cc/ccncrdef/list/detalle - ::1 - [18-07-2024 10:01]"}
{"level":"info","message":"ruta: /cc/ccncrdef/buscar/preform - ::1 - [18-07-2024 10:01]"}
{"level":"info","message":"ruta: /cc/ccncrdef/list/cabecera - ::1 - [18-07-2024 10:01]"}
{"level":"info","message":"ruta: /cc/ccncrdef/list/postquery - ::1 - [18-07-2024 10:01]"}
{"level":"info","message":"ruta: /cc/ccncrdef/list/detalle - ::1 - [18-07-2024 10:01]"}
{"level":"info","message":"ruta: /cc/ccncrdef - ::1 - [18-07-2024 10:01]"}
{"level":"info","message":"ruta: /cc/ccncrdef/list/postquery - ::1 - [18-07-2024 10:01]"}
{"level":"info","message":"ruta: /cc/ccncrdef/list/detalle - ::1 - [18-07-2024 10:01]"}
{"level":"info","message":"ruta: /cc/ccncrdef/list/postquery - ::1 - [18-07-2024 10:01]"}
{"level":"info","message":"ruta: /cc/ccncrdef/list/detalle - ::1 - [18-07-2024 10:01]"}
{"level":"info","message":"ruta: /cc/ccncrdef/list/detalle - ::1 - [18-07-2024 10:01]"}
{"level":"info","message":"ruta: /cc/ccncrdef/buscar/preform - ::1 - [18-07-2024 10:02]"}
{"level":"info","message":"ruta: /cc/ccncrdef/list/detalle - ::1 - [18-07-2024 10:02]"}
{"level":"info","message":"ruta: /cm/cmfactur/preform - ::1 - [18-07-2024 10:02]"}
{"level":"info","message":"ruta: /cm/cmfactur/list/detalle - ::1 - [18-07-2024 10:02]"}
{"level":"info","message":"ruta: /cm/cmcoffac/list/cabecera - ::1 - [18-07-2024 10:02]"}
{"level":"info","message":"ruta: /cm/cmprovec/list/proveedor - ::1 - [18-07-2024 10:02]"}
{"level":"info","message":"ruta: /cm/cmprovec/buscar/modificaDiaAnt - ::1 - [18-07-2024 10:02]"}
{"level":"info","message":"ruta: /st/starticu/list/relaciones - ::1 - [18-07-2024 10:02]"}
{"level":"info","message":"ruta: /st/stentsal/list/detalle - ::1 - [18-07-2024 10:02]"}
{"level":"info","message":"ruta: /st/stentsal/list/detalle - ::1 - [18-07-2024 10:03]"}
{"level":"info","message":"ruta: /st/stentsal/list/cabecera - ::1 - [18-07-2024 10:03]"}
{"level":"info","message":"ruta: /st/stentsal/list/postqueryCab - ::1 - [18-07-2024 10:03]"}
{"level":"info","message":"ruta: /st/stentsal/list/detalle - ::1 - [18-07-2024 10:03]"}
{"level":"info","message":"ruta: /st/stentsal/list/postqueryCab - ::1 - [18-07-2024 10:03]"}
{"level":"info","message":"ruta: /st/stentsal/list/detalle - ::1 - [18-07-2024 10:03]"}
{"level":"info","message":"ruta: /cc/ccncrdef/buscar/preform - ::1 - [18-07-2024 10:04]"}
{"level":"info","message":"ruta: /cc/ccncrdef/list/detalle - ::1 - [18-07-2024 10:04]"}
{"level":"info","message":"ruta: /st/stentsal/list/detalle - ::1 - [18-07-2024 10:05]"}
{"level":"info","message":"ruta: /cc/ccncrdef/buscar/preform - ::1 - [18-07-2024 10:05]"}
{"level":"info","message":"ruta: /cc/ccncrdef/list/detalle - ::1 - [18-07-2024 10:05]"}
{"level":"info","message":"ruta: /cc/ccncrdef/buscar/preform - ::1 - [18-07-2024 10:05]"}
{"level":"info","message":"ruta: /cc/ccncrdef/list/detalle - ::1 - [18-07-2024 10:05]"}
{"level":"info","message":"ruta: /cc/ccncrdef/valida/sucursal - ::1 - [18-07-2024 10:05]"}
{"level":"info","message":"ruta: /cc/ccncrdef/valida/cliente - ::1 - [18-07-2024 10:05]"}
{"level":"info","message":"ruta: /cc/ccncrdef/valida/cliente - ::1 - [18-07-2024 10:05]"}
{"level":"info","message":"ruta: /cc/ccncrdef/buscar/nroCompr - ::1 - [18-07-2024 10:05]"}
{"level":"info","message":"ruta: /cc/ccncrdef/valida/nroCompr - ::1 - [18-07-2024 10:05]"}
{"level":"info","message":"ruta: /cc/ccncrdef/valida/condVenta - ::1 - [18-07-2024 10:05]"}
{"level":"info","message":"ruta: /cc/ccncrdef/valida/motivoNcr - ::1 - [18-07-2024 10:05]"}
{"level":"info","message":"ruta: /cc/ccncrdef/valida/listPrecio - ::1 - [18-07-2024 10:05]"}
{"level":"info","message":"ruta: /cc/ccncrdef/valida/vendedor - ::1 - [18-07-2024 10:05]"}
{"level":"info","message":"ruta: /cc/ccncrdef/valida/moneda - ::1 - [18-07-2024 10:05]"}
{"level":"info","message":"ruta: /cc/ccncrdef/list/prov - ::1 - [18-07-2024 10:05]"}
{"level":"info","message":"ruta: /cc/ccncrdef/valida/articulo - ::1 - [18-07-2024 10:05]"}
{"level":"info","message":"ruta: /cc/ccncrdef/valida/articulo - ::1 - [18-07-2024 10:05]"}
{"level":"info","message":"ruta: /cc/ccncrdef/valida/articulo - ::1 - [18-07-2024 10:05]"}
{"level":"info","message":"ruta: /cc/ccncrdef/valida/articulo - ::1 - [18-07-2024 10:05]"}
{"level":"info","message":"ruta: /cc/ccncrdef/buscar/preform - ::1 - [18-07-2024 10:05]"}
{"level":"info","message":"ruta: /cc/ccncrdef/list/detalle - ::1 - [18-07-2024 10:05]"}
{"level":"info","message":"ruta: /cc/ccncrdef/buscar/preform - ::1 - [18-07-2024 10:06]"}
{"level":"info","message":"ruta: /cc/ccncrdef/list/detalle - ::1 - [18-07-2024 10:06]"}
{"level":"info","message":"ruta: /cc/ccncrdef/buscar/preform - ::1 - [18-07-2024 10:06]"}
{"level":"info","message":"ruta: /cc/ccncrdef/list/cabecera - ::1 - [18-07-2024 10:06]"}
{"level":"info","message":"ruta: /cc/ccncrdef/list/postquery - ::1 - [18-07-2024 10:06]"}
{"level":"info","message":"ruta: /cc/ccncrdef/list/detalle - ::1 - [18-07-2024 10:06]"}
{"level":"info","message":"ruta: /cc/ccncrdef/list/postquery - ::1 - [18-07-2024 10:06]"}
{"level":"info","message":"ruta: /cc/ccncrdef/list/detalle - ::1 - [18-07-2024 10:06]"}
{"level":"info","message":"ruta: /cc/ccncrdef/list/postquery - ::1 - [18-07-2024 10:06]"}
{"level":"info","message":"ruta: /cc/ccncrdef/list/detalle - ::1 - [18-07-2024 10:06]"}
{"level":"info","message":"ruta: /cc/ccncrdef/list/detalle - ::1 - [18-07-2024 10:06]"}
{"level":"info","message":"ruta: /cc/ccncrdef/buscar/preform - ::1 - [18-07-2024 10:08]"}
{"level":"info","message":"ruta: /cc/ccncrdef/list/cabecera - ::1 - [18-07-2024 10:08]"}
{"level":"info","message":"ruta: /cc/ccncrdef/list/postquery - ::1 - [18-07-2024 10:08]"}
{"level":"info","message":"ruta: /cc/ccncrdef/list/detalle - ::1 - [18-07-2024 10:08]"}
{"level":"info","message":"ruta: /cc/ccncrdef/list/detalle - ::1 - [18-07-2024 10:08]"}
{"level":"info","message":"ruta: /cc/ccncrdef/list/detalle - ::1 - [18-07-2024 10:08]"}
{"level":"info","message":"ruta: /cc/ccncrdef/buscar/preform - ::1 - [18-07-2024 10:08]"}
{"level":"info","message":"ruta: /cc/ccncrdef/list/cabecera - ::1 - [18-07-2024 10:08]"}
{"level":"info","message":"ruta: /cc/ccncrdef/list/postquery - ::1 - [18-07-2024 10:08]"}
{"level":"info","message":"ruta: /cc/ccncrdef/list/detalle - ::1 - [18-07-2024 10:08]"}
{"level":"info","message":"ruta: /cc/ccncrdef/list/detalle - ::1 - [18-07-2024 10:08]"}
{"level":"info","message":"ruta: /cc/ccncrdef/list/postquery - ::1 - [18-07-2024 10:08]"}
{"level":"info","message":"ruta: /cc/ccncrdef/list/detalle - ::1 - [18-07-2024 10:08]"}
{"level":"info","message":"ruta: /cc/ccncrdef/list/postquery - ::1 - [18-07-2024 10:08]"}
{"level":"info","message":"ruta: /cc/ccncrdef/list/detalle - ::1 - [18-07-2024 10:08]"}
{"level":"info","message":"ruta: /cc/ccncrdef/list/detalle - ::1 - [18-07-2024 10:08]"}
{"level":"info","message":"ruta: /cc/ccncrdef/buscar/preform - ::1 - [18-07-2024 10:09]"}
{"level":"info","message":"ruta: /cc/ccncrdef/list/cabecera - ::1 - [18-07-2024 10:09]"}
{"level":"info","message":"ruta: /cc/ccncrdef/list/postquery - ::1 - [18-07-2024 10:09]"}
{"level":"info","message":"ruta: /cc/ccncrdef/list/detalle - ::1 - [18-07-2024 10:09]"}
{"level":"info","message":"ruta: /cc/ccncrdef/buscar/preform - ::1 - [18-07-2024 10:09]"}
{"level":"info","message":"ruta: /cc/ccncrdef/list/detalle - ::1 - [18-07-2024 10:09]"}
{"level":"info","message":"ruta: /cc/ccncrdef/buscar/preform - ::1 - [18-07-2024 10:10]"}
{"level":"info","message":"ruta: /cc/ccncrdef/list/cabecera - ::1 - [18-07-2024 10:10]"}
{"level":"info","message":"ruta: /cc/ccncrdef/list/postquery - ::1 - [18-07-2024 10:10]"}
{"level":"info","message":"ruta: /cc/ccncrdef/list/detalle - ::1 - [18-07-2024 10:10]"}
{"level":"info","message":"ruta: /cc/ccncrdef/list/postquery - ::1 - [18-07-2024 10:10]"}
{"level":"info","message":"ruta: /cc/ccncrdef/list/detalle - ::1 - [18-07-2024 10:10]"}
{"level":"info","message":"ruta: /cc/ccncrdef/list/detalle - ::1 - [18-07-2024 10:10]"}
{"level":"info","message":"ruta: /cc/ccncrdef/buscar/preform - ::1 - [18-07-2024 10:11]"}
{"level":"info","message":"ruta: /cc/ccncrdef/list/cabecera - ::1 - [18-07-2024 10:11]"}
{"level":"info","message":"ruta: /cc/ccncrdef/list/postquery - ::1 - [18-07-2024 10:11]"}
{"level":"info","message":"ruta: /cc/ccncrdef/list/detalle - ::1 - [18-07-2024 10:11]"}
{"level":"info","message":"ruta: /cc/ccncrdef/list/postquery - ::1 - [18-07-2024 10:11]"}
{"level":"info","message":"ruta: /cc/ccncrdef/list/detalle - ::1 - [18-07-2024 10:11]"}
{"level":"info","message":"ruta: /cc/ccncrdef/list/detalle - ::1 - [18-07-2024 10:11]"}
{"level":"info","message":"ruta: /cc/ccncrdef/buscar/preform - ::1 - [18-07-2024 10:11]"}
{"level":"info","message":"ruta: /cc/ccncrdef/list/cabecera - ::1 - [18-07-2024 10:11]"}
{"level":"info","message":"ruta: /cc/ccncrdef/list/postquery - ::1 - [18-07-2024 10:11]"}
{"level":"info","message":"ruta: /cc/ccncrdef/list/detalle - ::1 - [18-07-2024 10:11]"}
{"level":"info","message":"ruta: /cc/ccncrdef/list/postquery - ::1 - [18-07-2024 10:11]"}
{"level":"info","message":"ruta: /cc/ccncrdef/list/detalle - ::1 - [18-07-2024 10:11]"}
{"level":"info","message":"ruta: /cc/ccncrdef/buscar/preform - ::1 - [18-07-2024 10:11]"}
{"level":"info","message":"ruta: /cc/ccncrdef/list/cabecera - ::1 - [18-07-2024 10:11]"}
{"level":"info","message":"ruta: /cc/ccncrdef/list/postquery - ::1 - [18-07-2024 10:11]"}
{"level":"info","message":"ruta: /cc/ccncrdef/list/detalle - ::1 - [18-07-2024 10:11]"}
{"level":"info","message":"ruta: /cc/ccncrdef/list/detalle - ::1 - [18-07-2024 10:11]"}
{"level":"info","message":"ruta: /cc/ccncrdef/list/postquery - ::1 - [18-07-2024 10:11]"}
{"level":"info","message":"ruta: /cc/ccncrdef/list/detalle - ::1 - [18-07-2024 10:11]"}
{"level":"info","message":"ruta: /cc/ccncrdef/buscar/preform - ::1 - [18-07-2024 10:12]"}
{"level":"info","message":"ruta: /cc/ccncrdef/list/detalle - ::1 - [18-07-2024 10:12]"}
{"level":"info","message":"ruta: /cc/ccncrdef/buscar/preform - ::1 - [18-07-2024 10:12]"}
{"level":"info","message":"ruta: /cc/ccncrdef/list/cabecera - ::1 - [18-07-2024 10:12]"}
{"level":"info","message":"ruta: /cc/ccncrdef/list/postquery - ::1 - [18-07-2024 10:12]"}
{"level":"info","message":"ruta: /cc/ccncrdef/list/detalle - ::1 - [18-07-2024 10:12]"}
{"level":"info","message":"ruta: /cc/ccncrdef/list/postquery - ::1 - [18-07-2024 10:12]"}
{"level":"info","message":"ruta: /cc/ccncrdef/list/detalle - ::1 - [18-07-2024 10:12]"}
{"level":"info","message":"ruta: /cc/ccncrdef/buscar/preform - ::1 - [18-07-2024 10:12]"}
{"level":"info","message":"ruta: /cc/ccncrdef/list/cabecera - ::1 - [18-07-2024 10:12]"}
{"level":"info","message":"ruta: /cc/ccncrdef/list/postquery - ::1 - [18-07-2024 10:12]"}
{"level":"info","message":"ruta: /cc/ccncrdef/list/detalle - ::1 - [18-07-2024 10:12]"}
{"level":"info","message":"ruta: /cc/ccncrdef/buscar/preform - ::1 - [18-07-2024 10:12]"}
{"level":"info","message":"ruta: /cc/ccncrdef/list/cabecera - ::1 - [18-07-2024 10:12]"}
{"level":"info","message":"ruta: /cc/ccncrdef/list/postquery - ::1 - [18-07-2024 10:12]"}
{"level":"info","message":"ruta: /cc/ccncrdef/list/detalle - ::1 - [18-07-2024 10:12]"}
{"level":"info","message":"ruta: /cc/ccncrdef/list/detalle - ::1 - [18-07-2024 10:12]"}
{"level":"info","message":"ruta: /cc/ccncrdef/list/detalle - ::1 - [18-07-2024 10:12]"}
{"level":"info","message":"ruta: /cc/ccncrdef/list/postquery - ::1 - [18-07-2024 10:12]"}
{"level":"info","message":"ruta: /cc/ccncrdef/list/detalle - ::1 - [18-07-2024 10:12]"}
{"level":"info","message":"ruta: /cc/ccncrdef/list/postquery - ::1 - [18-07-2024 10:13]"}
{"level":"info","message":"ruta: /cc/ccncrdef/list/detalle - ::1 - [18-07-2024 10:13]"}
{"level":"info","message":"ruta: /cc/ccncrdef/buscar/preform - ::1 - [18-07-2024 10:13]"}
{"level":"info","message":"ruta: /cc/ccncrdef/list/cabecera - ::1 - [18-07-2024 10:13]"}
{"level":"info","message":"ruta: /cc/ccncrdef/list/postquery - ::1 - [18-07-2024 10:13]"}
{"level":"info","message":"ruta: /cc/ccncrdef/list/detalle - ::1 - [18-07-2024 10:13]"}
{"level":"info","message":"ruta: /cc/ccncrdef/buscar/preform - ::1 - [18-07-2024 10:14]"}
{"level":"info","message":"ruta: /cc/ccncrdef/list/detalle - ::1 - [18-07-2024 10:14]"}
{"level":"info","message":"ruta: /cc/ccncrdef/buscar/preform - ::1 - [18-07-2024 10:14]"}
{"level":"info","message":"ruta: /cc/ccncrdef/list/cabecera - ::1 - [18-07-2024 10:14]"}
{"level":"info","message":"ruta: /cc/ccncrdef/list/postquery - ::1 - [18-07-2024 10:14]"}
{"level":"info","message":"ruta: /cc/ccncrdef/list/detalle - ::1 - [18-07-2024 10:14]"}
{"level":"info","message":"ruta: /cc/ccncrdef/valida/estado - ::1 - [18-07-2024 10:14]"}
{"level":"info","message":"ruta: /cc/ccncrdef/valida/estado - ::1 - [18-07-2024 10:14]"}
{"level":"info","message":"ruta: /cc/ccncrdef/buscar/preform - ::1 - [18-07-2024 10:14]"}
{"level":"info","message":"ruta: /cc/ccncrdef/list/cabecera - ::1 - [18-07-2024 10:14]"}
{"level":"info","message":"ruta: /cc/ccncrdef/list/postquery - ::1 - [18-07-2024 10:14]"}
{"level":"info","message":"ruta: /cc/ccncrdef/list/detalle - ::1 - [18-07-2024 10:14]"}
{"level":"info","message":"ruta: /cc/ccncrdef/list/postquery - ::1 - [18-07-2024 10:14]"}
{"level":"info","message":"ruta: /cc/ccncrdef/list/detalle - ::1 - [18-07-2024 10:14]"}
{"level":"info","message":"ruta: /cc/ccncrdef/list/postquery - ::1 - [18-07-2024 10:14]"}
{"level":"info","message":"ruta: /cc/ccncrdef/list/detalle - ::1 - [18-07-2024 10:14]"}
{"level":"info","message":"ruta: /cc/ccncrdef/valida/estado - ::1 - [18-07-2024 10:14]"}
{"level":"info","message":"ruta: /cc/ccncrdef/valida/estado - ::1 - [18-07-2024 10:14]"}
{"level":"info","message":"ruta: /cc/ccncrdef/valida/estado - ::1 - [18-07-2024 10:14]"}
{"level":"info","message":"ruta: /cc/ccncrdef/list/detalle - ::1 - [18-07-2024 10:14]"}
{"level":"info","message":"ruta: /cc/ccncrdef/list/detalle - ::1 - [18-07-2024 10:14]"}
{"level":"info","message":"ruta: /cc/ccncrdef/list/postquery - ::1 - [18-07-2024 10:14]"}
{"level":"info","message":"ruta: /cc/ccncrdef/list/detalle - ::1 - [18-07-2024 10:14]"}
{"level":"info","message":"ruta: /cc/ccncrdef/buscar/preform - ::1 - [18-07-2024 10:14]"}
{"level":"info","message":"ruta: /cc/ccncrdef/list/cabecera - ::1 - [18-07-2024 10:14]"}
{"level":"info","message":"ruta: /cc/ccncrdef/list/postquery - ::1 - [18-07-2024 10:14]"}
{"level":"info","message":"ruta: /cc/ccncrdef/list/detalle - ::1 - [18-07-2024 10:14]"}
{"level":"info","message":"ruta: /cc/ccncrdef/list/postquery - ::1 - [18-07-2024 10:14]"}
{"level":"info","message":"ruta: /cc/ccncrdef/list/detalle - ::1 - [18-07-2024 10:14]"}
{"level":"info","message":"ruta: /cc/ccncrdef/buscar/preform - ::1 - [18-07-2024 10:15]"}
{"level":"info","message":"ruta: /cc/ccncrdef/list/detalle - ::1 - [18-07-2024 10:15]"}
{"level":"info","message":"ruta: /cc/ccncrdef/buscar/preform - ::1 - [18-07-2024 10:15]"}
{"level":"info","message":"ruta: /cc/ccncrdef/list/cabecera - ::1 - [18-07-2024 10:15]"}
{"level":"info","message":"ruta: /cc/ccncrdef/list/postquery - ::1 - [18-07-2024 10:15]"}
{"level":"info","message":"ruta: /cc/ccncrdef/list/detalle - ::1 - [18-07-2024 10:15]"}
{"level":"info","message":"ruta: /cc/ccncrdef/list/postquery - ::1 - [18-07-2024 10:16]"}
{"level":"info","message":"ruta: /cc/ccncrdef/list/detalle - ::1 - [18-07-2024 10:16]"}
{"level":"info","message":"ruta: /cc/ccncrdef/buscar/preform - ::1 - [18-07-2024 10:16]"}
{"level":"info","message":"ruta: /cc/ccncrdef/list/detalle - ::1 - [18-07-2024 10:16]"}
{"level":"info","message":"ruta: /cc/ccncrdef/buscar/preform - ::1 - [18-07-2024 10:16]"}
{"level":"info","message":"ruta: /cc/ccncrdef/list/cabecera - ::1 - [18-07-2024 10:16]"}
{"level":"info","message":"ruta: /cc/ccncrdef/list/postquery - ::1 - [18-07-2024 10:16]"}
{"level":"info","message":"ruta: /cc/ccncrdef/list/detalle - ::1 - [18-07-2024 10:16]"}
{"level":"info","message":"ruta: /cc/ccncrdef/buscar/preform - ::1 - [18-07-2024 10:27]"}
{"level":"info","message":"ruta: /cc/ccncrdef/list/detalle - ::1 - [18-07-2024 10:27]"}
{"level":"info","message":"ruta: /cc/ccncrdef/buscar/preform - ::1 - [18-07-2024 10:30]"}
{"level":"info","message":"ruta: /cc/ccncrdef/list/detalle - ::1 - [18-07-2024 10:30]"}
{"level":"info","message":"ruta: /cc/ccncrdef/buscar/preform - ::1 - [18-07-2024 10:37]"}
{"level":"info","message":"ruta: /cc/ccncrdef/list/detalle - ::1 - [18-07-2024 10:37]"}
{"level":"info","message":"ruta: /cc/ccncrdef/valida/sucursal - ::1 - [18-07-2024 10:37]"}
{"level":"info","message":"ruta: /cc/ccncrdef/valida/cliente - ::1 - [18-07-2024 10:37]"}
{"level":"info","message":"ruta: /cc/ccncrdef/valida/cliente - ::1 - [18-07-2024 10:37]"}
{"level":"info","message":"ruta: /cc/ccncrdef/valida/nroCompr - ::1 - [18-07-2024 10:37]"}
{"level":"info","message":"ruta: /cc/ccncrdef/buscar/preform - ::1 - [18-07-2024 10:39]"}
{"level":"info","message":"ruta: /cc/ccncrdef/list/detalle - ::1 - [18-07-2024 10:39]"}
{"level":"info","message":"ruta: /cc/ccncrdef/buscar/preform - ::1 - [18-07-2024 10:57]"}
{"level":"info","message":"ruta: /cc/ccncrdef/list/detalle - ::1 - [18-07-2024 10:57]"}
{"level":"info","message":"ruta: /cc/ccncrdef/buscar/preform - ::1 - [18-07-2024 14:11]"}
{"level":"info","message":"ruta: /cc/ccncrdef/list/detalle - ::1 - [18-07-2024 14:11]"}
{"level":"info","message":"ruta: /cc/ccncrdef/buscar/preform - ::1 - [18-07-2024 14:11]"}
{"level":"info","message":"ruta: /cc/ccncrdef/list/detalle - ::1 - [18-07-2024 14:11]"}
{"level":"info","message":"ruta: /cc/ccncrdef/valida/sucursal - ::1 - [18-07-2024 14:11]"}
{"level":"info","message":"ruta: /cc/ccncrdef/valida/cliente - ::1 - [18-07-2024 14:11]"}
{"level":"info","message":"ruta: /cc/ccncrdef/valida/cliente - ::1 - [18-07-2024 14:11]"}
{"level":"info","message":"ruta: /cc/ccncrdef/valida/cliente - ::1 - [18-07-2024 14:11]"}
{"level":"info","message":"ruta: /cc/ccncrdef/valida/nroCompr - ::1 - [18-07-2024 14:11]"}
{"level":"info","message":"ruta: /cc/ccncrdef/valida/nroCompr - ::1 - [18-07-2024 14:11]"}
{"level":"info","message":"ruta: /cc/ccncrdef/buscar/nroCompr - ::1 - [18-07-2024 14:11]"}
{"level":"info","message":"ruta: /cc/ccncrdef/valida/nroCompr - ::1 - [18-07-2024 14:11]"}
{"level":"info","message":"ruta: /cc/ccncrdef/valida/condVenta - ::1 - [18-07-2024 14:11]"}
{"level":"info","message":"ruta: /cc/ccncrdef/valida/motivoNcr - ::1 - [18-07-2024 14:11]"}
{"level":"info","message":"ruta: /cc/ccncrdef/valida/listPrecio - ::1 - [18-07-2024 14:11]"}
{"level":"info","message":"ruta: /cc/ccncrdef/valida/vendedor - ::1 - [18-07-2024 14:11]"}
{"level":"info","message":"ruta: /cc/ccncrdef/valida/moneda - ::1 - [18-07-2024 14:11]"}
{"level":"info","message":"ruta: /cc/ccncrdef/valida/articulo - ::1 - [18-07-2024 14:11]"}
{"level":"info","message":"ruta: /cc/ccncrdef/valida/cantidad - ::1 - [18-07-2024 14:11]"}
{"level":"info","message":"ruta: /cc/ccncrdef/valida/calculoAct - ::1 - [18-07-2024 14:11]"}
{"level":"info","message":"ruta: /cc/ccncrdef/valida/calculoAct - ::1 - [18-07-2024 14:11]"}
{"level":"info","message":"ruta: /cc/ccncrdef/cab/1/A/FCO - ::1 - [18-07-2024 14:11]"}
{"level":"info","message":"ruta: /cc/ccncrdef/det/1/A/FCO/3 - ::1 - [18-07-2024 14:11]"}
{"level":"info","message":"ruta: /cc/ccncrdef - ::1 - [18-07-2024 14:11]"}
{"level":"info","message":"ruta: /cc/ccncrdef/cab/1/A/FCO - ::1 - [18-07-2024 14:11]"}
{"level":"info","message":"ruta: /cc/ccncrdef/det/1/A/FCO/3 - ::1 - [18-07-2024 14:11]"}
{"level":"info","message":"ruta: /cc/ccncrdef - ::1 - [18-07-2024 14:11]"}
{"level":"info","message":"ruta: /cc/ccncrdef/cab/1/A/FCO - ::1 - [18-07-2024 14:12]"}
{"level":"info","message":"ruta: /cc/ccncrdef/det/1/A/FCO/3 - ::1 - [18-07-2024 14:12]"}
{"level":"info","message":"ruta: /cc/ccncrdef - ::1 - [18-07-2024 14:12]"}
{"level":"info","message":"ruta: /cc/ccncrdef/list/postquery - ::1 - [18-07-2024 14:12]"}
{"level":"info","message":"ruta: /cc/ccncrdef/list/detalle - ::1 - [18-07-2024 14:12]"}
{"level":"info","message":"ruta: /cc/ccncrdef - ::1 - [18-07-2024 14:12]"}
{"level":"info","message":"ruta: /cc/ccncrdef/list/postquery - ::1 - [18-07-2024 14:12]"}
{"level":"info","message":"ruta: /cc/ccncrdef/list/detalle - ::1 - [18-07-2024 14:12]"}
{"level":"info","message":"ruta: /cc/ccncrdef/buscar/preform - ::1 - [18-07-2024 14:18]"}
{"level":"info","message":"ruta: /cc/ccncrdef/list/detalle - ::1 - [18-07-2024 14:18]"}
{"level":"info","message":"ruta: /cc/ccncrdef/buscar/preform - ::1 - [18-07-2024 14:19]"}
{"level":"info","message":"ruta: /cc/ccncrdef/list/cabecera - ::1 - [18-07-2024 14:19]"}
{"level":"info","message":"ruta: /cc/ccncrdef/list/postquery - ::1 - [18-07-2024 14:19]"}
{"level":"info","message":"ruta: /cc/ccncrdef/list/detalle - ::1 - [18-07-2024 14:19]"}
{"level":"info","message":"ruta: /cc/ccncrdef/buscar/preform - ::1 - [18-07-2024 14:19]"}
{"level":"info","message":"ruta: /cc/ccncrdef - ::1 - [18-07-2024 14:19]"}
{"level":"info","message":"ruta: /cc/ccncrdef/list/postquery - ::1 - [18-07-2024 14:19]"}
{"level":"info","message":"ruta: /cc/ccncrdef/list/detalle - ::1 - [18-07-2024 14:19]"}
{"level":"info","message":"ruta: /cc/ccncrdef/buscar/preform - ::1 - [18-07-2024 14:19]"}
{"level":"info","message":"ruta: /cc/ccncrdef/list/detalle - ::1 - [18-07-2024 14:19]"}
{"level":"info","message":"ruta: /cc/ccncrdef/buscar/preform - ::1 - [18-07-2024 14:22]"}
{"level":"info","message":"ruta: /cc/ccncrdef/list/detalle - ::1 - [18-07-2024 14:22]"}
{"level":"info","message":"ruta: /cc/ccncrdef/buscar/preform - ::1 - [18-07-2024 14:23]"}
{"level":"info","message":"ruta: /cc/ccncrdef/list/detalle - ::1 - [18-07-2024 14:23]"}
{"level":"info","message":"ruta: /cc/ccncrdef/buscar/preform - ::1 - [18-07-2024 14:24]"}
{"level":"info","message":"ruta: /cc/ccncrdef/list/detalle - ::1 - [18-07-2024 14:24]"}
{"level":"info","message":"ruta: /cc/ccncrdef/buscar/preform - ::1 - [18-07-2024 14:25]"}
{"level":"info","message":"ruta: /cc/ccncrdef/list/detalle - ::1 - [18-07-2024 14:25]"}
{"level":"info","message":"ruta: /cc/ccncrdef/buscar/preform - ::1 - [18-07-2024 14:29]"}
{"level":"info","message":"ruta: /cc/ccncrdef/list/detalle - ::1 - [18-07-2024 14:29]"}
{"level":"info","message":"ruta: /cc/ccncrdef/valida/sucursal - ::1 - [18-07-2024 14:29]"}
{"level":"info","message":"ruta: /cc/ccncrdef/valida/cliente - ::1 - [18-07-2024 14:29]"}
{"level":"info","message":"ruta: /cc/ccncrdef/buscar/nroCompr - ::1 - [18-07-2024 14:29]"}
{"level":"info","message":"ruta: /cc/ccncrdef/valida/nroCompr - ::1 - [18-07-2024 14:29]"}
{"level":"info","message":"ruta: /cc/ccncrdef/valida/condVenta - ::1 - [18-07-2024 14:29]"}
{"level":"info","message":"ruta: /cc/ccncrdef/valida/motivoNcr - ::1 - [18-07-2024 14:29]"}
{"level":"info","message":"ruta: /cc/ccncrdef/valida/listPrecio - ::1 - [18-07-2024 14:29]"}
{"level":"info","message":"ruta: /cc/ccncrdef/valida/vendedor - ::1 - [18-07-2024 14:29]"}
{"level":"info","message":"ruta: /cc/ccncrdef/valida/moneda - ::1 - [18-07-2024 14:29]"}
{"level":"info","message":"ruta: /cc/ccncrdef/valida/articulo - ::1 - [18-07-2024 14:29]"}
{"level":"info","message":"ruta: /cc/ccncrdef/valida/cantidad - ::1 - [18-07-2024 14:29]"}
{"level":"info","message":"ruta: /cc/ccncrdef/valida/calculoAct - ::1 - [18-07-2024 14:29]"}
{"level":"info","message":"ruta: /cc/ccncrdef/valida/calculoAct - ::1 - [18-07-2024 14:29]"}
{"level":"info","message":"ruta: /cc/ccncrdef/cab/1/A/FCO - ::1 - [18-07-2024 14:29]"}
{"level":"info","message":"ruta: /cc/ccncrdef/det/1/A/FCO/3 - ::1 - [18-07-2024 14:29]"}
{"level":"info","message":"ruta: /cc/ccncrdef - ::1 - [18-07-2024 14:29]"}
{"level":"info","message":"ruta: /cc/ccncrdef/list/postquery - ::1 - [18-07-2024 14:29]"}
{"level":"info","message":"ruta: /cc/ccncrdef/list/detalle - ::1 - [18-07-2024 14:29]"}
{"level":"info","message":"ruta: /cc/ccncrdef/buscar/preform - ::1 - [18-07-2024 14:30]"}
{"level":"info","message":"ruta: /cc/ccncrdef/list/detalle - ::1 - [18-07-2024 14:30]"}
{"level":"info","message":"ruta: /cc/ccncrdef/buscar/preform - ::1 - [18-07-2024 14:30]"}
{"level":"info","message":"ruta: /cc/ccncrdef/list/cabecera - ::1 - [18-07-2024 14:30]"}
{"level":"info","message":"ruta: /cc/ccncrdef/list/postquery - ::1 - [18-07-2024 14:30]"}
{"level":"info","message":"ruta: /cc/ccncrdef/list/detalle - ::1 - [18-07-2024 14:30]"}
{"level":"info","message":"ruta: /cc/ccncrdef/buscar/preform - ::1 - [18-07-2024 14:30]"}
{"level":"info","message":"ruta: /cc/ccncrdef/list/cabecera - ::1 - [18-07-2024 14:30]"}
{"level":"info","message":"ruta: /cc/ccncrdef/list/postquery - ::1 - [18-07-2024 14:30]"}
{"level":"info","message":"ruta: /cc/ccncrdef/list/detalle - ::1 - [18-07-2024 14:30]"}
{"level":"info","message":"ruta: /cc/ccncrdef/buscar/preform - ::1 - [18-07-2024 14:31]"}
{"level":"info","message":"ruta: /cc/ccncrdef/list/detalle - ::1 - [18-07-2024 14:31]"}
{"level":"info","message":"ruta: /cc/ccncrdef/buscar/preform - ::1 - [18-07-2024 14:31]"}
{"level":"info","message":"ruta: /cc/ccncrdef/list/cabecera - ::1 - [18-07-2024 14:31]"}
{"level":"info","message":"ruta: /cc/ccncrdef/list/postquery - ::1 - [18-07-2024 14:31]"}
{"level":"info","message":"ruta: /cc/ccncrdef/list/detalle - ::1 - [18-07-2024 14:31]"}
{"level":"info","message":"ruta: /cc/ccncrdef/buscar/preform - ::1 - [18-07-2024 14:31]"}
{"level":"info","message":"ruta: /cc/ccncrdef/list/detalle - ::1 - [18-07-2024 14:31]"}
{"level":"info","message":"ruta: /cc/ccncrdef/buscar/preform - ::1 - [18-07-2024 14:31]"}
{"level":"info","message":"ruta: /cc/ccncrdef/list/cabecera - ::1 - [18-07-2024 14:31]"}
{"level":"info","message":"ruta: /cc/ccncrdef/list/postquery - ::1 - [18-07-2024 14:31]"}
{"level":"info","message":"ruta: /cc/ccncrdef/list/detalle - ::1 - [18-07-2024 14:31]"}
{"level":"info","message":"ruta: /cc/ccncrdef/buscar/preform - ::1 - [18-07-2024 14:32]"}
{"level":"info","message":"ruta: /cc/ccncrdef/list/detalle - ::1 - [18-07-2024 14:32]"}
{"level":"info","message":"ruta: /cc/ccncrdef/valida/sucursal - ::1 - [18-07-2024 14:32]"}
{"level":"info","message":"ruta: /cc/ccncrdef/valida/cliente - ::1 - [18-07-2024 14:32]"}
{"level":"info","message":"ruta: /cc/ccncrdef/valida/cliente - ::1 - [18-07-2024 14:32]"}
