{"level":"info","message":"ruta: /cc/ccncrdef/buscar/preform - ::1 - [16-07-2024 14:04]"}
{"level":"info","message":"ruta: /cc/ccncrdef/list/detalle - ::1 - [16-07-2024 14:04]"}
{"level":"info","message":"ruta: /cm/cmcoffac/list/cabecera - ::1 - [16-07-2024 15:17]"}
{"level":"info","message":"ruta: /cm/cmfactur/preform - ::1 - [16-07-2024 15:17]"}
{"level":"info","message":"ruta: /cm/cmfactur/list/detalle - ::1 - [16-07-2024 15:17]"}
{"level":"info","message":"ruta: /cm/cmfactur/valida/sucursal - ::1 - [16-07-2024 15:17]"}
{"level":"info","message":"ruta: /cc/ccncrdef/buscar/preform - ::1 - [16-07-2024 15:17]"}
{"level":"info","message":"ruta: /cc/ccncrdef/list/detalle - ::1 - [16-07-2024 15:17]"}
{"level":"info","message":"ruta: /cc/ccncrdef/valida/sucursal - ::1 - [16-07-2024 15:17]"}
{"level":"info","message":"ruta: /cc/ccncrdef/valida/cliente - ::1 - [16-07-2024 15:17]"}
{"level":"info","message":"ruta: /cc/ccncrdef/valida/nroCompr - ::1 - [16-07-2024 15:17]"}
{"level":"info","message":"ruta: /cc/ccncrdef/buscar/nroCompr - ::1 - [16-07-2024 15:17]"}
{"level":"info","message":"ruta: /cc/ccncrdef/valida/nroCompr - ::1 - [16-07-2024 15:17]"}
{"level":"info","message":"ruta: /cc/ccncrdef/valida/condVenta - ::1 - [16-07-2024 15:17]"}
{"level":"info","message":"ruta: /cc/ccncrdef/buscar/preform - ::1 - [16-07-2024 15:31]"}
{"level":"info","message":"ruta: /cc/ccncrdef/list/detalle - ::1 - [16-07-2024 15:31]"}
{"level":"info","message":"ruta: /cc/ccncrdef/valida/sucursal - ::1 - [16-07-2024 15:31]"}
{"level":"info","message":"ruta: /cc/ccncrdef/valida/cliente - ::1 - [16-07-2024 15:31]"}
{"level":"info","message":"ruta: /cc/ccncrdef/buscar/nroCompr - ::1 - [16-07-2024 15:31]"}
{"level":"info","message":"ruta: /cc/ccncrdef/valida/nroCompr - ::1 - [16-07-2024 15:31]"}
{"level":"info","message":"ruta: /cc/ccncrdef/valida/condVenta - ::1 - [16-07-2024 15:31]"}
{"level":"info","message":"ruta: /cc/ccncrdef/valida/condVenta - ::1 - [16-07-2024 15:31]"}
{"level":"info","message":"ruta: /cc/ccncrdef/valida/motivoNcr - ::1 - [16-07-2024 15:31]"}
{"level":"info","message":"ruta: /cc/ccncrdef/valida/listPrecio - ::1 - [16-07-2024 15:31]"}
{"level":"info","message":"ruta: /cc/ccncrdef/valida/listPrecio - ::1 - [16-07-2024 15:31]"}
{"level":"info","message":"ruta: /cc/ccncrdef/valida/vendedor - ::1 - [16-07-2024 15:31]"}
{"level":"info","message":"ruta: /cc/ccncrdef/valida/moneda - ::1 - [16-07-2024 15:31]"}
{"level":"info","message":"ruta: /cc/ccncrdef/valida/articulo - ::1 - [16-07-2024 15:31]"}
{"level":"info","message":"ruta: /cc/ccncrdef/buscar/preform - ::1 - [16-07-2024 15:31]"}
{"level":"info","message":"ruta: /cc/ccncrdef/list/detalle - ::1 - [16-07-2024 15:31]"}
{"level":"info","message":"ruta: /cc/ccncrdef/valida/sucursal - ::1 - [16-07-2024 15:32]"}
{"level":"info","message":"ruta: /cc/ccncrdef/valida/cliente - ::1 - [16-07-2024 15:32]"}
{"level":"info","message":"ruta: /cc/ccncrdef/buscar/nroCompr - ::1 - [16-07-2024 15:32]"}
{"level":"info","message":"ruta: /cc/ccncrdef/valida/nroCompr - ::1 - [16-07-2024 15:32]"}
{"level":"info","message":"ruta: /cc/ccncrdef/valida/condVenta - ::1 - [16-07-2024 15:32]"}
{"level":"info","message":"ruta: /cc/ccncrdef/valida/motivoNcr - ::1 - [16-07-2024 15:32]"}
{"level":"info","message":"ruta: /cc/ccncrdef/valida/listPrecio - ::1 - [16-07-2024 15:32]"}
{"level":"info","message":"ruta: /cc/ccncrdef/valida/vendedor - ::1 - [16-07-2024 15:32]"}
{"level":"info","message":"ruta: /cc/ccncrdef/valida/moneda - ::1 - [16-07-2024 15:32]"}
{"level":"info","message":"ruta: /cc/ccncrdef/valida/articulo - ::1 - [16-07-2024 15:32]"}
{"level":"info","message":"ruta: /cc/ccncrdef/valida/um - ::1 - [16-07-2024 15:32]"}
{"level":"info","message":"ruta: /cc/ccncrdef/valida/um - ::1 - [16-07-2024 15:32]"}
{"level":"info","message":"ruta: /cc/ccncrdef/valida/um - ::1 - [16-07-2024 15:32]"}
{"level":"info","message":"ruta: /cc/ccncrdef/valida/um - ::1 - [16-07-2024 15:32]"}
{"level":"info","message":"ruta: /cc/ccncrdef/valida/cantidad - ::1 - [16-07-2024 15:32]"}
{"level":"info","message":"ruta: /cc/ccncrdef/valida/calculoAct - ::1 - [16-07-2024 15:32]"}
{"level":"info","message":"ruta: /cc/ccncrdef/valida/cantidad - ::1 - [16-07-2024 15:33]"}
{"level":"info","message":"ruta: /cc/ccncrdef/valida/calculoAct - ::1 - [16-07-2024 15:33]"}
{"level":"info","message":"ruta: /cc/ccncrdef/buscar/preform - ::1 - [16-07-2024 15:34]"}
{"level":"info","message":"ruta: /cc/ccncrdef/list/detalle - ::1 - [16-07-2024 15:34]"}
{"level":"info","message":"ruta: /cc/ccncrdef/buscar/preform - ::1 - [16-07-2024 15:35]"}
{"level":"info","message":"ruta: /cc/ccncrdef/list/detalle - ::1 - [16-07-2024 15:35]"}
{"level":"info","message":"ruta: /cc/ccncrdef/buscar/preform - ::1 - [16-07-2024 15:35]"}
{"level":"info","message":"ruta: /cc/ccncrdef/list/detalle - ::1 - [16-07-2024 15:35]"}
{"level":"info","message":"ruta: /cc/ccncrdef/buscar/preform - ::1 - [16-07-2024 15:36]"}
{"level":"info","message":"ruta: /cc/ccncrdef/list/detalle - ::1 - [16-07-2024 15:36]"}
{"level":"info","message":"ruta: /cc/ccncrdef/buscar/preform - ::1 - [16-07-2024 15:38]"}
{"level":"info","message":"ruta: /cc/ccncrdef/list/detalle - ::1 - [16-07-2024 15:38]"}
{"level":"info","message":"ruta: /cc/ccncrdef/buscar/preform - ::1 - [16-07-2024 15:38]"}
{"level":"info","message":"ruta: /cc/ccncrdef/list/detalle - ::1 - [16-07-2024 15:38]"}
{"level":"info","message":"ruta: /cc/ccncrdef/buscar/preform - ::1 - [16-07-2024 15:39]"}
{"level":"info","message":"ruta: /cc/ccncrdef/list/detalle - ::1 - [16-07-2024 15:39]"}
{"level":"info","message":"ruta: /cc/ccncrdef/buscar/preform - ::1 - [16-07-2024 15:39]"}
{"level":"info","message":"ruta: /cc/ccncrdef/list/detalle - ::1 - [16-07-2024 15:39]"}
{"level":"info","message":"ruta: /cc/ccncrdef/buscar/preform - ::1 - [16-07-2024 15:40]"}
{"level":"info","message":"ruta: /cc/ccncrdef/list/detalle - ::1 - [16-07-2024 15:40]"}
{"level":"info","message":"ruta: /cc/ccncrdef/buscar/preform - ::1 - [16-07-2024 15:41]"}
{"level":"info","message":"ruta: /cc/ccncrdef/list/detalle - ::1 - [16-07-2024 15:41]"}
{"level":"info","message":"ruta: /cc/ccncrdef/buscar/preform - ::1 - [16-07-2024 15:43]"}
{"level":"info","message":"ruta: /cc/ccncrdef/list/detalle - ::1 - [16-07-2024 15:43]"}
{"level":"info","message":"ruta: /cc/ccncrdef/buscar/preform - ::1 - [16-07-2024 15:44]"}
{"level":"info","message":"ruta: /cc/ccncrdef/list/detalle - ::1 - [16-07-2024 15:44]"}
{"level":"info","message":"ruta: /cc/ccncrdef/buscar/preform - ::1 - [16-07-2024 15:44]"}
{"level":"info","message":"ruta: /cc/ccncrdef/list/detalle - ::1 - [16-07-2024 15:44]"}
{"level":"info","message":"ruta: /cc/ccncrdef/valida/sucursal - ::1 - [16-07-2024 15:44]"}
{"level":"info","message":"ruta: /cc/ccncrdef/valida/cliente - ::1 - [16-07-2024 15:44]"}
{"level":"info","message":"ruta: /cc/ccncrdef/buscar/nroCompr - ::1 - [16-07-2024 15:44]"}
{"level":"info","message":"ruta: /cc/ccncrdef/valida/nroCompr - ::1 - [16-07-2024 15:44]"}
{"level":"info","message":"ruta: /cc/ccncrdef/valida/condVenta - ::1 - [16-07-2024 15:44]"}
{"level":"info","message":"ruta: /cc/ccncrdef/valida/motivoNcr - ::1 - [16-07-2024 15:44]"}
{"level":"info","message":"ruta: /cc/ccncrdef/valida/listPrecio - ::1 - [16-07-2024 15:44]"}
{"level":"info","message":"ruta: /cc/ccncrdef/valida/vendedor - ::1 - [16-07-2024 15:44]"}
{"level":"info","message":"ruta: /cc/ccncrdef/valida/moneda - ::1 - [16-07-2024 15:44]"}
{"level":"info","message":"ruta: /cc/ccncrdef/valida/articulo - ::1 - [16-07-2024 15:44]"}
{"level":"info","message":"ruta: /cc/ccncrdef/valida/articulo - ::1 - [16-07-2024 15:44]"}
{"level":"info","message":"ruta: /cc/ccncrdef/valida/cantidad - ::1 - [16-07-2024 15:44]"}
{"level":"info","message":"ruta: /cc/ccncrdef/valida/calculoAct - ::1 - [16-07-2024 15:44]"}
{"level":"info","message":"ruta: /cc/ccncrdef/buscar/preform - ::1 - [16-07-2024 15:46]"}
{"level":"info","message":"ruta: /cc/ccncrdef/list/detalle - ::1 - [16-07-2024 15:46]"}
{"level":"info","message":"ruta: /cc/ccncrdef/buscar/preform - ::1 - [16-07-2024 15:47]"}
{"level":"info","message":"ruta: /cc/ccncrdef/list/detalle - ::1 - [16-07-2024 15:47]"}
{"level":"info","message":"ruta: /cc/ccncrdef/buscar/preform - ::1 - [16-07-2024 15:47]"}
{"level":"info","message":"ruta: /cc/ccncrdef/list/detalle - ::1 - [16-07-2024 15:47]"}
{"level":"info","message":"ruta: /cc/ccncrdef/buscar/preform - ::1 - [16-07-2024 15:47]"}
{"level":"info","message":"ruta: /cc/ccncrdef/list/detalle - ::1 - [16-07-2024 15:47]"}
{"level":"info","message":"ruta: /cc/ccncrdef/valida/sucursal - ::1 - [16-07-2024 15:47]"}
{"level":"info","message":"ruta: /cc/ccncrdef/valida/cliente - ::1 - [16-07-2024 15:47]"}
{"level":"info","message":"ruta: /cc/ccncrdef/buscar/nroCompr - ::1 - [16-07-2024 15:47]"}
{"level":"info","message":"ruta: /cc/ccncrdef/valida/nroCompr - ::1 - [16-07-2024 15:47]"}
{"level":"info","message":"ruta: /cc/ccncrdef/valida/condVenta - ::1 - [16-07-2024 15:47]"}
{"level":"info","message":"ruta: /cc/ccncrdef/valida/motivoNcr - ::1 - [16-07-2024 15:47]"}
{"level":"info","message":"ruta: /cc/ccncrdef/valida/listPrecio - ::1 - [16-07-2024 15:47]"}
{"level":"info","message":"ruta: /cc/ccncrdef/valida/vendedor - ::1 - [16-07-2024 15:47]"}
{"level":"info","message":"ruta: /cc/ccncrdef/valida/moneda - ::1 - [16-07-2024 15:47]"}
{"level":"info","message":"ruta: /cc/ccncrdef/valida/articulo - ::1 - [16-07-2024 15:47]"}
{"level":"info","message":"ruta: /cc/ccncrdef/valida/articulo - ::1 - [16-07-2024 15:47]"}
{"level":"info","message":"ruta: /cc/ccncrdef/valida/um - ::1 - [16-07-2024 15:48]"}
{"level":"info","message":"ruta: /cc/ccncrdef/valida/cantidad - ::1 - [16-07-2024 15:48]"}
{"level":"info","message":"ruta: /cc/ccncrdef/valida/calculoAct - ::1 - [16-07-2024 15:48]"}
{"level":"info","message":"ruta: /cc/ccncrdef/buscar/preform - ::1 - [16-07-2024 15:48]"}
{"level":"info","message":"ruta: /cc/ccncrdef/list/detalle - ::1 - [16-07-2024 15:48]"}
{"level":"info","message":"ruta: /cc/ccncrdef/buscar/preform - ::1 - [16-07-2024 15:48]"}
{"level":"info","message":"ruta: /cc/ccncrdef/list/detalle - ::1 - [16-07-2024 15:48]"}
{"level":"info","message":"ruta: /cc/ccncrdef/buscar/preform - ::1 - [16-07-2024 15:49]"}
{"level":"info","message":"ruta: /cc/ccncrdef/list/detalle - ::1 - [16-07-2024 15:49]"}
{"level":"info","message":"ruta: /cc/ccncrdef/buscar/preform - ::1 - [16-07-2024 15:51]"}
{"level":"info","message":"ruta: /cc/ccncrdef/list/detalle - ::1 - [16-07-2024 15:51]"}
{"level":"info","message":"ruta: /cc/ccncrdef/buscar/preform - ::1 - [16-07-2024 15:52]"}
{"level":"info","message":"ruta: /cc/ccncrdef/list/detalle - ::1 - [16-07-2024 15:52]"}
{"level":"info","message":"ruta: /cc/ccncrdef/buscar/preform - ::1 - [16-07-2024 15:52]"}
{"level":"info","message":"ruta: /cc/ccncrdef/list/detalle - ::1 - [16-07-2024 15:52]"}
{"level":"info","message":"ruta: /cc/ccncrdef/valida/sucursal - ::1 - [16-07-2024 15:52]"}
{"level":"info","message":"ruta: /cc/ccncrdef/valida/cliente - ::1 - [16-07-2024 15:52]"}
{"level":"info","message":"ruta: /cc/ccncrdef/buscar/nroCompr - ::1 - [16-07-2024 15:52]"}
{"level":"info","message":"ruta: /cc/ccncrdef/valida/nroCompr - ::1 - [16-07-2024 15:53]"}
{"level":"info","message":"ruta: /cc/ccncrdef/valida/condVenta - ::1 - [16-07-2024 15:53]"}
{"level":"info","message":"ruta: /cc/ccncrdef/valida/condVenta - ::1 - [16-07-2024 15:53]"}
{"level":"info","message":"ruta: /cc/ccncrdef/valida/motivoNcr - ::1 - [16-07-2024 15:53]"}
{"level":"info","message":"ruta: /cc/ccncrdef/valida/listPrecio - ::1 - [16-07-2024 15:53]"}
{"level":"info","message":"ruta: /cc/ccncrdef/valida/vendedor - ::1 - [16-07-2024 15:53]"}
{"level":"info","message":"ruta: /cc/ccncrdef/valida/moneda - ::1 - [16-07-2024 15:53]"}
{"level":"info","message":"ruta: /cc/ccncrdef/valida/articulo - ::1 - [16-07-2024 15:53]"}
{"level":"info","message":"ruta: /cc/ccncrdef/valida/cantidad - ::1 - [16-07-2024 15:53]"}
{"level":"info","message":"ruta: /cc/ccncrdef/valida/calculoAct - ::1 - [16-07-2024 15:53]"}
{"level":"info","message":"ruta: /cc/ccncrdef/valida/cantidad - ::1 - [16-07-2024 15:53]"}
{"level":"info","message":"ruta: /cc/ccncrdef/valida/calculoAct - ::1 - [16-07-2024 15:53]"}
{"level":"info","message":"ruta: /cc/ccncrdef/valida/calculoAct - ::1 - [16-07-2024 15:53]"}
{"level":"info","message":"ruta: /cc/ccncrdef/buscar/preform - ::1 - [16-07-2024 15:54]"}
{"level":"info","message":"ruta: /cc/ccncrdef/list/detalle - ::1 - [16-07-2024 15:54]"}
{"level":"info","message":"ruta: /cc/ccncrdef/buscar/preform - ::1 - [16-07-2024 15:56]"}
{"level":"info","message":"ruta: /cc/ccncrdef/list/detalle - ::1 - [16-07-2024 15:56]"}
{"level":"info","message":"ruta: /cc/ccncrdef/buscar/preform - ::1 - [16-07-2024 15:57]"}
{"level":"info","message":"ruta: /cc/ccncrdef/list/detalle - ::1 - [16-07-2024 15:57]"}
{"level":"info","message":"ruta: /cc/ccncrdef/buscar/preform - ::1 - [16-07-2024 15:58]"}
{"level":"info","message":"ruta: /cc/ccncrdef/list/detalle - ::1 - [16-07-2024 15:58]"}
{"level":"info","message":"ruta: /cc/ccncrdef/buscar/preform - ::1 - [16-07-2024 15:58]"}
{"level":"info","message":"ruta: /cc/ccncrdef/list/detalle - ::1 - [16-07-2024 15:58]"}
{"level":"info","message":"ruta: /cc/ccncrdef/buscar/preform - ::1 - [16-07-2024 15:58]"}
{"level":"info","message":"ruta: /cc/ccncrdef/list/detalle - ::1 - [16-07-2024 15:58]"}
{"level":"info","message":"ruta: /cc/ccncrdef/buscar/preform - ::1 - [16-07-2024 16:01]"}
{"level":"info","message":"ruta: /cc/ccncrdef/list/detalle - ::1 - [16-07-2024 16:01]"}
{"level":"info","message":"ruta: /cc/ccncrdef/buscar/preform - ::1 - [16-07-2024 16:01]"}
{"level":"info","message":"ruta: /cc/ccncrdef/list/detalle - ::1 - [16-07-2024 16:01]"}
{"level":"info","message":"ruta: /cc/ccncrdef/buscar/preform - ::1 - [16-07-2024 16:02]"}
{"level":"info","message":"ruta: /cc/ccncrdef/list/detalle - ::1 - [16-07-2024 16:02]"}
{"level":"info","message":"ruta: /cc/ccncrdef/buscar/preform - ::1 - [16-07-2024 16:03]"}
{"level":"info","message":"ruta: /cc/ccncrdef/list/detalle - ::1 - [16-07-2024 16:03]"}
{"level":"info","message":"ruta: /cc/ccncrdef/buscar/preform - ::1 - [16-07-2024 16:03]"}
{"level":"info","message":"ruta: /cc/ccncrdef/list/detalle - ::1 - [16-07-2024 16:03]"}
{"level":"info","message":"ruta: /cc/ccncrdef/buscar/preform - ::1 - [16-07-2024 16:03]"}
{"level":"info","message":"ruta: /cc/ccncrdef/list/detalle - ::1 - [16-07-2024 16:03]"}
{"level":"info","message":"ruta: /cc/ccncrdef/valida/calculoAct - ::1 - [16-07-2024 16:04]"}
{"level":"info","message":"ruta: /cc/ccncrdef/buscar/preform - ::1 - [16-07-2024 16:04]"}
{"level":"info","message":"ruta: /cc/ccncrdef/list/detalle - ::1 - [16-07-2024 16:04]"}
{"level":"info","message":"ruta: /cc/ccncrdef/valida/sucursal - ::1 - [16-07-2024 16:04]"}
{"level":"info","message":"ruta: /cc/ccncrdef/valida/cliente - ::1 - [16-07-2024 16:04]"}
{"level":"info","message":"ruta: /cc/ccncrdef/buscar/nroCompr - ::1 - [16-07-2024 16:04]"}
{"level":"info","message":"ruta: /cc/ccncrdef/valida/nroCompr - ::1 - [16-07-2024 16:04]"}
{"level":"info","message":"ruta: /cc/ccncrdef/valida/condVenta - ::1 - [16-07-2024 16:04]"}
{"level":"info","message":"ruta: /cc/ccncrdef/valida/condVenta - ::1 - [16-07-2024 16:04]"}
{"level":"info","message":"ruta: /cc/ccncrdef/valida/motivoNcr - ::1 - [16-07-2024 16:04]"}
{"level":"info","message":"ruta: /cc/ccncrdef/valida/listPrecio - ::1 - [16-07-2024 16:04]"}
{"level":"info","message":"ruta: /cc/ccncrdef/valida/vendedor - ::1 - [16-07-2024 16:04]"}
{"level":"info","message":"ruta: /cc/ccncrdef/valida/moneda - ::1 - [16-07-2024 16:04]"}
{"level":"info","message":"ruta: /cc/ccncrdef/valida/articulo - ::1 - [16-07-2024 16:04]"}
{"level":"info","message":"ruta: /cc/ccncrdef/valida/articulo - ::1 - [16-07-2024 16:04]"}
{"level":"info","message":"ruta: /cc/ccncrdef/valida/cantidad - ::1 - [16-07-2024 16:04]"}
{"level":"info","message":"ruta: /cc/ccncrdef/valida/calculoAct - ::1 - [16-07-2024 16:04]"}
{"level":"info","message":"ruta: /cc/ccncrdef/valida/cantidad - ::1 - [16-07-2024 16:04]"}
{"level":"info","message":"ruta: /cc/ccncrdef/valida/calculoAct - ::1 - [16-07-2024 16:04]"}
{"level":"info","message":"ruta: /cc/ccncrdef/buscar/preform - ::1 - [16-07-2024 16:05]"}
{"level":"info","message":"ruta: /cc/ccncrdef/buscar/preform - ::1 - [16-07-2024 16:05]"}
{"level":"info","message":"ruta: /cc/ccncrdef/list/detalle - ::1 - [16-07-2024 16:05]"}
{"level":"info","message":"ruta: /cc/ccncrdef/buscar/preform - ::1 - [16-07-2024 16:05]"}
{"level":"info","message":"ruta: /cc/ccncrdef/list/detalle - ::1 - [16-07-2024 16:05]"}
{"level":"info","message":"ruta: /cc/ccncrdef/valida/sucursal - ::1 - [16-07-2024 16:05]"}
{"level":"info","message":"ruta: /cc/ccncrdef/valida/cliente - ::1 - [16-07-2024 16:05]"}
{"level":"info","message":"ruta: /cc/ccncrdef/list/cabecera - ::1 - [16-07-2024 16:05]"}
{"level":"info","message":"ruta: /cc/ccncrdef/list/postquery - ::1 - [16-07-2024 16:05]"}
{"level":"info","message":"ruta: /cc/ccncrdef/list/detalle - ::1 - [16-07-2024 16:05]"}
{"level":"info","message":"ruta: /cc/ccncrdef/buscar/preform - ::1 - [16-07-2024 16:05]"}
{"level":"info","message":"ruta: /cc/ccncrdef/list/detalle - ::1 - [16-07-2024 16:05]"}
{"level":"info","message":"ruta: /cc/ccncrdef/valida/sucursal - ::1 - [16-07-2024 16:05]"}
{"level":"info","message":"ruta: /cc/ccncrdef/valida/cliente - ::1 - [16-07-2024 16:05]"}
{"level":"info","message":"ruta: /cc/ccncrdef/buscar/nroCompr - ::1 - [16-07-2024 16:05]"}
{"level":"info","message":"ruta: /cc/ccncrdef/valida/nroCompr - ::1 - [16-07-2024 16:06]"}
{"level":"info","message":"ruta: /cc/ccncrdef/valida/condVenta - ::1 - [16-07-2024 16:06]"}
{"level":"info","message":"ruta: /cc/ccncrdef/valida/motivoNcr - ::1 - [16-07-2024 16:06]"}
{"level":"info","message":"ruta: /cc/ccncrdef/valida/listPrecio - ::1 - [16-07-2024 16:06]"}
{"level":"info","message":"ruta: /cc/ccncrdef/valida/vendedor - ::1 - [16-07-2024 16:06]"}
{"level":"info","message":"ruta: /cc/ccncrdef/valida/moneda - ::1 - [16-07-2024 16:06]"}
{"level":"info","message":"ruta: /cc/ccncrdef/valida/articulo - ::1 - [16-07-2024 16:06]"}
{"level":"info","message":"ruta: /cc/ccncrdef/valida/cantidad - ::1 - [16-07-2024 16:06]"}
{"level":"info","message":"ruta: /cc/ccncrdef/valida/calculoAct - ::1 - [16-07-2024 16:06]"}
{"level":"info","message":"ruta: /cc/ccncrdef/valida/cantidad - ::1 - [16-07-2024 16:06]"}
{"level":"info","message":"ruta: /cc/ccncrdef/valida/calculoAct - ::1 - [16-07-2024 16:06]"}
{"level":"info","message":"ruta: /cc/ccncrdef/valida/calculoAct - ::1 - [16-07-2024 16:06]"}
{"level":"info","message":"ruta: /cc/ccncrdef/buscar/preform - ::1 - [16-07-2024 16:07]"}
{"level":"info","message":"ruta: /cc/ccncrdef/list/detalle - ::1 - [16-07-2024 16:07]"}
{"level":"info","message":"ruta: /cc/ccncrdef/buscar/preform - ::1 - [16-07-2024 16:07]"}
{"level":"info","message":"ruta: /cc/ccncrdef/list/detalle - ::1 - [16-07-2024 16:07]"}
{"level":"info","message":"ruta: /cc/ccncrdef/buscar/preform - ::1 - [16-07-2024 16:07]"}
{"level":"info","message":"ruta: /cc/ccncrdef/list/detalle - ::1 - [16-07-2024 16:07]"}
{"level":"info","message":"ruta: /cc/ccncrdef/buscar/preform - ::1 - [16-07-2024 16:07]"}
{"level":"info","message":"ruta: /cc/ccncrdef/list/detalle - ::1 - [16-07-2024 16:07]"}
{"level":"info","message":"ruta: /cc/ccncrdef/valida/cliente - ::1 - [16-07-2024 16:07]"}
{"level":"info","message":"ruta: /cc/ccncrdef/valida/cliente - ::1 - [16-07-2024 16:07]"}
{"level":"info","message":"ruta: /cc/ccncrdef/buscar/nroCompr - ::1 - [16-07-2024 16:07]"}
{"level":"info","message":"ruta: /cc/ccncrdef/valida/nroCompr - ::1 - [16-07-2024 16:07]"}
{"level":"info","message":"ruta: /cc/ccncrdef/valida/condVenta - ::1 - [16-07-2024 16:07]"}
{"level":"info","message":"ruta: /cc/ccncrdef/valida/condVenta - ::1 - [16-07-2024 16:07]"}
{"level":"info","message":"ruta: /cc/ccncrdef/valida/motivoNcr - ::1 - [16-07-2024 16:07]"}
{"level":"info","message":"ruta: /cc/ccncrdef/valida/listPrecio - ::1 - [16-07-2024 16:07]"}
{"level":"info","message":"ruta: /cc/ccncrdef/valida/vendedor - ::1 - [16-07-2024 16:07]"}
{"level":"info","message":"ruta: /cc/ccncrdef/valida/moneda - ::1 - [16-07-2024 16:07]"}
{"level":"info","message":"ruta: /cc/ccncrdef/valida/articulo - ::1 - [16-07-2024 16:07]"}
{"level":"info","message":"ruta: /cc/ccncrdef/valida/cantidad - ::1 - [16-07-2024 16:07]"}
{"level":"info","message":"ruta: /cc/ccncrdef/valida/calculoAct - ::1 - [16-07-2024 16:07]"}
{"level":"info","message":"ruta: /cc/ccncrdef/valida/cantidad - ::1 - [16-07-2024 16:07]"}
{"level":"info","message":"ruta: /cc/ccncrdef/valida/calculoAct - ::1 - [16-07-2024 16:07]"}
{"level":"info","message":"ruta: /cc/ccncrdef/buscar/preform - ::1 - [16-07-2024 16:08]"}
{"level":"info","message":"ruta: /cc/ccncrdef/list/detalle - ::1 - [16-07-2024 16:08]"}
{"level":"info","message":"ruta: /cc/ccncrdef/buscar/preform - ::1 - [16-07-2024 16:08]"}
{"level":"info","message":"ruta: /cc/ccncrdef/list/detalle - ::1 - [16-07-2024 16:08]"}
{"level":"info","message":"ruta: /cc/ccncrdef/buscar/preform - ::1 - [16-07-2024 16:08]"}
{"level":"info","message":"ruta: /cc/ccncrdef/list/detalle - ::1 - [16-07-2024 16:08]"}
{"level":"info","message":"ruta: /cc/ccncrdef/valida/sucursal - ::1 - [16-07-2024 16:09]"}
{"level":"info","message":"ruta: /cc/ccncrdef/valida/cliente - ::1 - [16-07-2024 16:09]"}
{"level":"info","message":"ruta: /cc/ccncrdef/buscar/nroCompr - ::1 - [16-07-2024 16:09]"}
{"level":"info","message":"ruta: /cc/ccncrdef/valida/nroCompr - ::1 - [16-07-2024 16:09]"}
{"level":"info","message":"ruta: /cc/ccncrdef/valida/condVenta - ::1 - [16-07-2024 16:09]"}
{"level":"info","message":"ruta: /cc/ccncrdef/valida/motivoNcr - ::1 - [16-07-2024 16:09]"}
{"level":"info","message":"ruta: /cc/ccncrdef/valida/listPrecio - ::1 - [16-07-2024 16:09]"}
{"level":"info","message":"ruta: /cc/ccncrdef/valida/vendedor - ::1 - [16-07-2024 16:09]"}
{"level":"info","message":"ruta: /cc/ccncrdef/valida/moneda - ::1 - [16-07-2024 16:09]"}
{"level":"info","message":"ruta: /cc/ccncrdef/valida/articulo - ::1 - [16-07-2024 16:09]"}
{"level":"info","message":"ruta: /cc/ccncrdef/valida/cantidad - ::1 - [16-07-2024 16:09]"}
{"level":"info","message":"ruta: /cc/ccncrdef/valida/calculoAct - ::1 - [16-07-2024 16:09]"}
{"level":"info","message":"ruta: /cc/ccncrdef/valida/cantidad - ::1 - [16-07-2024 16:09]"}
{"level":"info","message":"ruta: /cc/ccncrdef/valida/calculoAct - ::1 - [16-07-2024 16:09]"}
{"level":"info","message":"ruta: /cc/ccncrdef/valida/calculoAct - ::1 - [16-07-2024 16:09]"}
{"level":"info","message":"ruta: /cc/ccncrdef/buscar/preform - ::1 - [16-07-2024 16:11]"}
{"level":"info","message":"ruta: /cc/ccncrdef/list/detalle - ::1 - [16-07-2024 16:11]"}
{"level":"info","message":"ruta: /cc/ccncrdef/buscar/preform - ::1 - [16-07-2024 16:11]"}
{"level":"info","message":"ruta: /cc/ccncrdef/list/detalle - ::1 - [16-07-2024 16:11]"}
{"level":"info","message":"ruta: /cc/ccncrdef/buscar/preform - ::1 - [16-07-2024 16:11]"}
{"level":"info","message":"ruta: /cc/ccncrdef/list/detalle - ::1 - [16-07-2024 16:11]"}
{"level":"info","message":"ruta: /cc/ccncrdef/buscar/preform - ::1 - [16-07-2024 16:11]"}
{"level":"info","message":"ruta: /cc/ccncrdef/list/detalle - ::1 - [16-07-2024 16:11]"}
{"level":"info","message":"ruta: /cc/ccncrdef/buscar/preform - ::1 - [16-07-2024 16:12]"}
{"level":"info","message":"ruta: /cc/ccncrdef/list/detalle - ::1 - [16-07-2024 16:12]"}
{"level":"info","message":"ruta: /cc/ccncrdef/buscar/preform - ::1 - [16-07-2024 16:12]"}
{"level":"info","message":"ruta: /cc/ccncrdef/list/detalle - ::1 - [16-07-2024 16:12]"}
{"level":"info","message":"ruta: /cc/ccncrdef/buscar/preform - ::1 - [16-07-2024 16:12]"}
{"level":"info","message":"ruta: /cc/ccncrdef/list/detalle - ::1 - [16-07-2024 16:12]"}
{"level":"info","message":"ruta: /cc/ccncrdef/valida/sucursal - ::1 - [16-07-2024 16:12]"}
{"level":"info","message":"ruta: /cc/ccncrdef/valida/cliente - ::1 - [16-07-2024 16:12]"}
{"level":"info","message":"ruta: /cc/ccncrdef/list/cabecera - ::1 - [16-07-2024 16:12]"}
{"level":"info","message":"ruta: /cc/ccncrdef/list/postquery - ::1 - [16-07-2024 16:12]"}
{"level":"info","message":"ruta: /cc/ccncrdef/list/detalle - ::1 - [16-07-2024 16:12]"}
{"level":"info","message":"ruta: /cc/ccncrdef/buscar/preform - ::1 - [16-07-2024 16:12]"}
{"level":"info","message":"ruta: /cc/ccncrdef/list/detalle - ::1 - [16-07-2024 16:12]"}
{"level":"info","message":"ruta: /cc/ccncrdef/valida/sucursal - ::1 - [16-07-2024 16:12]"}
{"level":"info","message":"ruta: /cc/ccncrdef/valida/cliente - ::1 - [16-07-2024 16:12]"}
{"level":"info","message":"ruta: /cc/ccncrdef/buscar/nroCompr - ::1 - [16-07-2024 16:12]"}
{"level":"info","message":"ruta: /cc/ccncrdef/valida/nroCompr - ::1 - [16-07-2024 16:12]"}
{"level":"info","message":"ruta: /cc/ccncrdef/valida/condVenta - ::1 - [16-07-2024 16:12]"}
{"level":"info","message":"ruta: /cc/ccncrdef/valida/condVenta - ::1 - [16-07-2024 16:12]"}
{"level":"info","message":"ruta: /cc/ccncrdef/valida/motivoNcr - ::1 - [16-07-2024 16:12]"}
{"level":"info","message":"ruta: /cc/ccncrdef/valida/listPrecio - ::1 - [16-07-2024 16:12]"}
{"level":"info","message":"ruta: /cc/ccncrdef/valida/vendedor - ::1 - [16-07-2024 16:12]"}
{"level":"info","message":"ruta: /cc/ccncrdef/valida/moneda - ::1 - [16-07-2024 16:12]"}
{"level":"info","message":"ruta: /cc/ccncrdef/valida/articulo - ::1 - [16-07-2024 16:12]"}
{"level":"info","message":"ruta: /cc/ccncrdef/valida/cantidad - ::1 - [16-07-2024 16:13]"}
{"level":"info","message":"ruta: /cc/ccncrdef/valida/calculoAct - ::1 - [16-07-2024 16:13]"}
{"level":"info","message":"ruta: /cc/ccncrdef/valida/cantidad - ::1 - [16-07-2024 16:13]"}
{"level":"info","message":"ruta: /cc/ccncrdef/valida/calculoAct - ::1 - [16-07-2024 16:13]"}
{"level":"info","message":"ruta: /cc/ccncrdef/valida/calculoAct - ::1 - [16-07-2024 16:13]"}
{"level":"info","message":"ruta: /cc/ccncrdef/valida/calculoAct - ::1 - [16-07-2024 16:14]"}
{"level":"info","message":"ruta: /cc/ccncrdef/valida/calculoAct - ::1 - [16-07-2024 16:14]"}
{"level":"info","message":"ruta: /cc/ccncrdef/buscar/preform - ::1 - [16-07-2024 16:15]"}
{"level":"info","message":"ruta: /cc/ccncrdef/list/detalle - ::1 - [16-07-2024 16:15]"}
{"level":"info","message":"ruta: /cc/ccncrdef/buscar/preform - ::1 - [16-07-2024 16:16]"}
{"level":"info","message":"ruta: /cc/ccncrdef/list/detalle - ::1 - [16-07-2024 16:16]"}
{"level":"info","message":"ruta: /cc/ccncrdef/valida/calculoAct - ::1 - [16-07-2024 16:16]"}
{"level":"info","message":"ruta: /cc/ccncrdef/buscar/preform - ::1 - [16-07-2024 16:16]"}
{"level":"info","message":"ruta: /cc/ccncrdef/list/detalle - ::1 - [16-07-2024 16:16]"}
{"level":"info","message":"ruta: /cc/ccncrdef/valida/sucursal - ::1 - [16-07-2024 16:16]"}
{"level":"info","message":"ruta: /cc/ccncrdef/valida/cliente - ::1 - [16-07-2024 16:16]"}
{"level":"info","message":"ruta: /cc/ccncrdef/valida/cliente - ::1 - [16-07-2024 16:16]"}
{"level":"info","message":"ruta: /cc/ccncrdef/valida/cliente - ::1 - [16-07-2024 16:16]"}
{"level":"info","message":"ruta: /cc/ccncrdef/valida/cliente - ::1 - [16-07-2024 16:16]"}
{"level":"info","message":"ruta: /cc/ccncrdef/valida/nroCompr - ::1 - [16-07-2024 16:16]"}
{"level":"info","message":"ruta: /cc/ccncrdef/buscar/nroCompr - ::1 - [16-07-2024 16:16]"}
{"level":"info","message":"ruta: /cc/ccncrdef/valida/nroCompr - ::1 - [16-07-2024 16:16]"}
{"level":"info","message":"ruta: /cc/ccncrdef/valida/condVenta - ::1 - [16-07-2024 16:16]"}
{"level":"info","message":"ruta: /cc/ccncrdef/valida/condVenta - ::1 - [16-07-2024 16:16]"}
{"level":"info","message":"ruta: /cc/ccncrdef/valida/motivoNcr - ::1 - [16-07-2024 16:16]"}
{"level":"info","message":"ruta: /cc/ccncrdef/valida/listPrecio - ::1 - [16-07-2024 16:16]"}
{"level":"info","message":"ruta: /cc/ccncrdef/valida/vendedor - ::1 - [16-07-2024 16:16]"}
{"level":"info","message":"ruta: /cc/ccncrdef/valida/moneda - ::1 - [16-07-2024 16:16]"}
{"level":"info","message":"ruta: /cc/ccncrdef/valida/articulo - ::1 - [16-07-2024 16:17]"}
{"level":"info","message":"ruta: /cc/ccncrdef/valida/um - ::1 - [16-07-2024 16:17]"}
{"level":"info","message":"ruta: /cc/ccncrdef/valida/cantidad - ::1 - [16-07-2024 16:17]"}
{"level":"info","message":"ruta: /cc/ccncrdef/valida/calculoAct - ::1 - [16-07-2024 16:17]"}
{"level":"info","message":"ruta: /cc/ccncrdef/valida/cantidad - ::1 - [16-07-2024 16:17]"}
{"level":"info","message":"ruta: /cc/ccncrdef/valida/calculoAct - ::1 - [16-07-2024 16:17]"}
{"level":"info","message":"ruta: /cc/ccncrdef/valida/calculoAct - ::1 - [16-07-2024 16:19]"}
{"level":"info","message":"ruta: /cc/ccncrdef/buscar/preform - ::1 - [16-07-2024 16:19]"}
{"level":"info","message":"ruta: /cc/ccncrdef/buscar/preform - ::1 - [16-07-2024 16:19]"}
{"level":"info","message":"ruta: /cc/ccncrdef/list/detalle - ::1 - [16-07-2024 16:19]"}
{"level":"info","message":"ruta: /cc/ccncrdef/buscar/preform - ::1 - [16-07-2024 16:19]"}
{"level":"info","message":"ruta: /cc/ccncrdef/list/detalle - ::1 - [16-07-2024 16:19]"}
{"level":"info","message":"ruta: /cc/ccncrdef/valida/sucursal - ::1 - [16-07-2024 16:19]"}
{"level":"info","message":"ruta: /cc/ccncrdef/valida/cliente - ::1 - [16-07-2024 16:19]"}
{"level":"info","message":"ruta: /cc/ccncrdef/valida/nroCompr - ::1 - [16-07-2024 16:19]"}
{"level":"info","message":"ruta: /cc/ccncrdef/buscar/nroCompr - ::1 - [16-07-2024 16:19]"}
{"level":"info","message":"ruta: /cc/ccncrdef/valida/nroCompr - ::1 - [16-07-2024 16:19]"}
{"level":"info","message":"ruta: /cc/ccncrdef/valida/condVenta - ::1 - [16-07-2024 16:19]"}
{"level":"info","message":"ruta: /cc/ccncrdef/valida/motivoNcr - ::1 - [16-07-2024 16:19]"}
{"level":"info","message":"ruta: /cc/ccncrdef/valida/listPrecio - ::1 - [16-07-2024 16:19]"}
{"level":"info","message":"ruta: /cc/ccncrdef/valida/vendedor - ::1 - [16-07-2024 16:19]"}
{"level":"info","message":"ruta: /cc/ccncrdef/valida/moneda - ::1 - [16-07-2024 16:19]"}
{"level":"info","message":"ruta: /cc/ccncrdef/valida/articulo - ::1 - [16-07-2024 16:20]"}
{"level":"info","message":"ruta: /cc/ccncrdef/valida/um - ::1 - [16-07-2024 16:20]"}
{"level":"info","message":"ruta: /cc/ccncrdef/valida/cantidad - ::1 - [16-07-2024 16:20]"}
{"level":"info","message":"ruta: /cc/ccncrdef/valida/calculoAct - ::1 - [16-07-2024 16:20]"}
{"level":"info","message":"ruta: /cc/ccncrdef/valida/cantidad - ::1 - [16-07-2024 16:20]"}
{"level":"info","message":"ruta: /cc/ccncrdef/valida/calculoAct - ::1 - [16-07-2024 16:20]"}
{"level":"info","message":"ruta: /cc/ccncrdef/valida/calculoAct - ::1 - [16-07-2024 16:20]"}
{"level":"info","message":"ruta: /cc/ccncrdef/buscar/preform - ::1 - [16-07-2024 16:22]"}
{"level":"info","message":"ruta: /cc/ccncrdef/list/detalle - ::1 - [16-07-2024 16:22]"}
{"level":"info","message":"ruta: /cc/ccncrdef/buscar/preform - ::1 - [16-07-2024 16:23]"}
{"level":"info","message":"ruta: /cc/ccncrdef/list/detalle - ::1 - [16-07-2024 16:23]"}
{"level":"info","message":"ruta: /cc/ccncrdef/valida/sucursal - ::1 - [16-07-2024 16:23]"}
{"level":"info","message":"ruta: /cc/ccncrdef/valida/cliente - ::1 - [16-07-2024 16:23]"}
{"level":"info","message":"ruta: /cc/ccncrdef/buscar/nroCompr - ::1 - [16-07-2024 16:23]"}
{"level":"info","message":"ruta: /cc/ccncrdef/valida/nroCompr - ::1 - [16-07-2024 16:23]"}
{"level":"info","message":"ruta: /cc/ccncrdef/valida/condVenta - ::1 - [16-07-2024 16:23]"}
{"level":"info","message":"ruta: /cc/ccncrdef/valida/motivoNcr - ::1 - [16-07-2024 16:23]"}
{"level":"info","message":"ruta: /cc/ccncrdef/valida/listPrecio - ::1 - [16-07-2024 16:23]"}
{"level":"info","message":"ruta: /cc/ccncrdef/valida/vendedor - ::1 - [16-07-2024 16:23]"}
{"level":"info","message":"ruta: /cc/ccncrdef/valida/moneda - ::1 - [16-07-2024 16:23]"}
{"level":"info","message":"ruta: /cc/ccncrdef/valida/articulo - ::1 - [16-07-2024 16:23]"}
{"level":"info","message":"ruta: /cc/ccncrdef/valida/um - ::1 - [16-07-2024 16:23]"}
{"level":"info","message":"ruta: /cc/ccncrdef/valida/cantidad - ::1 - [16-07-2024 16:23]"}
{"level":"info","message":"ruta: /cc/ccncrdef/valida/calculoAct - ::1 - [16-07-2024 16:23]"}
{"level":"info","message":"ruta: /cc/ccncrdef/valida/cantidad - ::1 - [16-07-2024 16:23]"}
{"level":"info","message":"ruta: /cc/ccncrdef/valida/calculoAct - ::1 - [16-07-2024 16:23]"}
{"level":"info","message":"ruta: /cc/ccncrdef/valida/calculoAct - ::1 - [16-07-2024 16:25]"}
{"level":"info","message":"ruta: /cc/ccncrdef/buscar/preform - ::1 - [16-07-2024 16:26]"}
{"level":"info","message":"ruta: /cc/ccncrdef/list/detalle - ::1 - [16-07-2024 16:26]"}
{"level":"info","message":"ruta: /cc/ccncrdef/buscar/preform - ::1 - [16-07-2024 16:26]"}
{"level":"info","message":"ruta: /cc/ccncrdef/list/detalle - ::1 - [16-07-2024 16:26]"}
{"level":"info","message":"ruta: /cc/ccncrdef/valida/sucursal - ::1 - [16-07-2024 16:26]"}
{"level":"info","message":"ruta: /cc/ccncrdef/buscar/cliente - ::1 - [16-07-2024 16:26]"}
{"level":"info","message":"ruta: /cc/ccncrdef/buscar/preform - ::1 - [16-07-2024 16:27]"}
{"level":"info","message":"ruta: /cc/ccncrdef/list/detalle - ::1 - [16-07-2024 16:27]"}
{"level":"info","message":"ruta: /cc/ccncrdef/valida/sucursal - ::1 - [16-07-2024 16:27]"}
{"level":"info","message":"ruta: /cc/ccncrdef/valida/cliente - ::1 - [16-07-2024 16:27]"}
{"level":"info","message":"ruta: /cc/ccncrdef/valida/nroCompr - ::1 - [16-07-2024 16:27]"}
{"level":"info","message":"ruta: /cc/ccncrdef/buscar/nroCompr - ::1 - [16-07-2024 16:27]"}
{"level":"info","message":"ruta: /cc/ccncrdef/valida/nroCompr - ::1 - [16-07-2024 16:27]"}
{"level":"info","message":"ruta: /cc/ccncrdef/valida/condVenta - ::1 - [16-07-2024 16:27]"}
{"level":"info","message":"ruta: /cc/ccncrdef/valida/condVenta - ::1 - [16-07-2024 16:27]"}
{"level":"info","message":"ruta: /cc/ccncrdef/valida/motivoNcr - ::1 - [16-07-2024 16:27]"}
{"level":"info","message":"ruta: /cc/ccncrdef/valida/listPrecio - ::1 - [16-07-2024 16:27]"}
{"level":"info","message":"ruta: /cc/ccncrdef/valida/vendedor - ::1 - [16-07-2024 16:27]"}
{"level":"info","message":"ruta: /cc/ccncrdef/valida/moneda - ::1 - [16-07-2024 16:27]"}
{"level":"info","message":"ruta: /cc/ccncrdef/valida/articulo - ::1 - [16-07-2024 16:27]"}
{"level":"info","message":"ruta: /cc/ccncrdef/valida/um - ::1 - [16-07-2024 16:28]"}
{"level":"info","message":"ruta: /cc/ccncrdef/valida/cantidad - ::1 - [16-07-2024 16:28]"}
{"level":"info","message":"ruta: /cc/ccncrdef/valida/calculoAct - ::1 - [16-07-2024 16:28]"}
{"level":"info","message":"ruta: /cc/ccncrdef/valida/cantidad - ::1 - [16-07-2024 16:28]"}
{"level":"info","message":"ruta: /cc/ccncrdef/valida/calculoAct - ::1 - [16-07-2024 16:28]"}
{"level":"info","message":"ruta: /cc/ccncrdef/valida/cantidad - ::1 - [16-07-2024 16:28]"}
{"level":"info","message":"ruta: /cc/ccncrdef/valida/calculoAct - ::1 - [16-07-2024 16:29]"}
{"level":"info","message":"ruta: /cc/ccncrdef/valida/cantidad - ::1 - [16-07-2024 16:29]"}
{"level":"info","message":"ruta: /cc/ccncrdef/valida/calculoAct - ::1 - [16-07-2024 16:29]"}
{"level":"info","message":"ruta: /cc/ccncrdef/valida/cantidad - ::1 - [16-07-2024 16:29]"}
{"level":"info","message":"ruta: /cc/ccncrdef/valida/calculoAct - ::1 - [16-07-2024 16:29]"}
{"level":"info","message":"ruta: /cc/ccncrdef/valida/cantidad - ::1 - [16-07-2024 16:29]"}
{"level":"info","message":"ruta: /cc/ccncrdef/valida/calculoAct - ::1 - [16-07-2024 16:29]"}
{"level":"info","message":"ruta: /cc/ccncrdef/valida/cantidad - ::1 - [16-07-2024 16:30]"}
{"level":"info","message":"ruta: /cc/ccncrdef/valida/calculoAct - ::1 - [16-07-2024 16:30]"}
{"level":"info","message":"ruta: /cc/ccncrdef/valida/cantidad - ::1 - [16-07-2024 16:30]"}
{"level":"info","message":"ruta: /cc/ccncrdef/valida/calculoAct - ::1 - [16-07-2024 16:30]"}
{"level":"info","message":"ruta: /cc/ccncrdef/valida/cantidad - ::1 - [16-07-2024 16:30]"}
{"level":"info","message":"ruta: /cc/ccncrdef/valida/calculoAct - ::1 - [16-07-2024 16:30]"}
{"level":"info","message":"ruta: /cc/ccncrdef/valida/cantidad - ::1 - [16-07-2024 16:32]"}
{"level":"info","message":"ruta: /cc/ccncrdef/valida/calculoAct - ::1 - [16-07-2024 16:32]"}
{"level":"info","message":"ruta: /cc/ccncrdef/valida/cantidad - ::1 - [16-07-2024 16:32]"}
{"level":"info","message":"ruta: /cc/ccncrdef/valida/calculoAct - ::1 - [16-07-2024 16:32]"}
{"level":"info","message":"ruta: /cc/ccncrdef/valida/cantidad - ::1 - [16-07-2024 16:32]"}
{"level":"info","message":"ruta: /cc/ccncrdef/valida/calculoAct - ::1 - [16-07-2024 16:32]"}
{"level":"info","message":"ruta: /cc/ccncrdef/valida/cantidad - ::1 - [16-07-2024 16:33]"}
{"level":"info","message":"ruta: /cc/ccncrdef/valida/calculoAct - ::1 - [16-07-2024 16:33]"}
{"level":"info","message":"ruta: /cc/ccncrdef/valida/calculoAct - ::1 - [16-07-2024 16:33]"}
{"level":"info","message":"ruta: /cc/ccncrdef/buscar/preform - ::1 - [16-07-2024 16:33]"}
{"level":"info","message":"ruta: /cc/ccncrdef/list/detalle - ::1 - [16-07-2024 16:33]"}
{"level":"info","message":"ruta: /cc/ccncrdef/buscar/preform - ::1 - [16-07-2024 16:33]"}
{"level":"info","message":"ruta: /cc/ccncrdef/list/detalle - ::1 - [16-07-2024 16:33]"}
{"level":"info","message":"ruta: /cc/ccncrdef/valida/sucursal - ::1 - [16-07-2024 16:33]"}
{"level":"info","message":"ruta: /cc/ccncrdef/valida/cliente - ::1 - [16-07-2024 16:33]"}
{"level":"info","message":"ruta: /cc/ccncrdef/buscar/cliente - ::1 - [16-07-2024 16:33]"}
{"level":"info","message":"ruta: /cc/ccncrdef/valida/cliente - ::1 - [16-07-2024 16:34]"}
{"level":"info","message":"ruta: /cc/ccncrdef/buscar/nroCompr - ::1 - [16-07-2024 16:34]"}
{"level":"info","message":"ruta: /cc/ccncrdef/valida/nroCompr - ::1 - [16-07-2024 16:34]"}
{"level":"info","message":"ruta: /cc/ccncrdef/valida/condVenta - ::1 - [16-07-2024 16:34]"}
{"level":"info","message":"ruta: /cc/ccncrdef/valida/motivoNcr - ::1 - [16-07-2024 16:34]"}
{"level":"info","message":"ruta: /cc/ccncrdef/valida/listPrecio - ::1 - [16-07-2024 16:34]"}
{"level":"info","message":"ruta: /cc/ccncrdef/valida/vendedor - ::1 - [16-07-2024 16:34]"}
{"level":"info","message":"ruta: /cc/ccncrdef/valida/moneda - ::1 - [16-07-2024 16:34]"}
{"level":"info","message":"ruta: /cc/ccncrdef/valida/articulo - ::1 - [16-07-2024 16:34]"}
{"level":"info","message":"ruta: /cc/ccncrdef/valida/cantidad - ::1 - [16-07-2024 16:34]"}
{"level":"info","message":"ruta: /cc/ccncrdef/valida/calculoAct - ::1 - [16-07-2024 16:34]"}
{"level":"info","message":"ruta: /cc/ccncrdef/valida/cantidad - ::1 - [16-07-2024 16:34]"}
{"level":"info","message":"ruta: /cc/ccncrdef/valida/calculoAct - ::1 - [16-07-2024 16:34]"}
{"level":"info","message":"ruta: /cc/ccncrdef/buscar/preform - ::1 - [16-07-2024 16:35]"}
{"level":"info","message":"ruta: /cc/ccncrdef/list/detalle - ::1 - [16-07-2024 16:35]"}
{"level":"info","message":"ruta: /cc/ccncrdef/valida/cantidad - ::1 - [16-07-2024 16:35]"}
{"level":"info","message":"ruta: /cc/ccncrdef/valida/calculoAct - ::1 - [16-07-2024 16:35]"}
{"level":"info","message":"ruta: /cc/ccncrdef/valida/cantidad - ::1 - [16-07-2024 16:35]"}
{"level":"info","message":"ruta: /cc/ccncrdef/valida/calculoAct - ::1 - [16-07-2024 16:35]"}
{"level":"info","message":"ruta: /cc/ccncrdef/valida/cantidad - ::1 - [16-07-2024 16:36]"}
{"level":"info","message":"ruta: /cc/ccncrdef/valida/calculoAct - ::1 - [16-07-2024 16:36]"}
{"level":"info","message":"ruta: /cc/ccncrdef/valida/cantidad - ::1 - [16-07-2024 16:36]"}
{"level":"info","message":"ruta: /cc/ccncrdef/valida/calculoAct - ::1 - [16-07-2024 16:36]"}
{"level":"info","message":"ruta: /cc/ccncrdef/valida/cantidad - ::1 - [16-07-2024 16:36]"}
{"level":"info","message":"ruta: /cc/ccncrdef/valida/calculoAct - ::1 - [16-07-2024 16:36]"}
{"level":"info","message":"ruta: /cc/ccncrdef/valida/cantidad - ::1 - [16-07-2024 16:36]"}
{"level":"info","message":"ruta: /cc/ccncrdef/valida/calculoAct - ::1 - [16-07-2024 16:36]"}
{"level":"info","message":"ruta: /cc/ccncrdef/valida/calculoAct - ::1 - [16-07-2024 16:36]"}
{"level":"info","message":"ruta: /cc/ccncrdef/valida/cantidad - ::1 - [16-07-2024 16:36]"}
{"level":"info","message":"ruta: /cc/ccncrdef/valida/calculoAct - ::1 - [16-07-2024 16:36]"}
{"level":"info","message":"ruta: /cc/ccncrdef/valida/cantidad - ::1 - [16-07-2024 16:36]"}
{"level":"info","message":"ruta: /cc/ccncrdef/valida/calculoAct - ::1 - [16-07-2024 16:36]"}
{"level":"info","message":"ruta: /cc/ccncrdef/valida/cantidad - ::1 - [16-07-2024 16:36]"}
{"level":"info","message":"ruta: /cc/ccncrdef/valida/calculoAct - ::1 - [16-07-2024 16:36]"}
{"level":"info","message":"ruta: /cc/ccncrdef/valida/cantidad - ::1 - [16-07-2024 16:36]"}
{"level":"info","message":"ruta: /cc/ccncrdef/valida/calculoAct - ::1 - [16-07-2024 16:36]"}
{"level":"info","message":"ruta: /cc/ccncrdef/valida/cantidad - ::1 - [16-07-2024 16:36]"}
{"level":"info","message":"ruta: /cc/ccncrdef/valida/calculoAct - ::1 - [16-07-2024 16:36]"}
{"level":"info","message":"ruta: /cc/ccncrdef/valida/cantidad - ::1 - [16-07-2024 16:36]"}
{"level":"info","message":"ruta: /cc/ccncrdef/valida/calculoAct - ::1 - [16-07-2024 16:36]"}
{"level":"info","message":"ruta: /cc/ccncrdef/valida/cantidad - ::1 - [16-07-2024 16:36]"}
{"level":"info","message":"ruta: /cc/ccncrdef/valida/calculoAct - ::1 - [16-07-2024 16:36]"}
{"level":"info","message":"ruta: /cc/ccncrdef/valida/cantidad - ::1 - [16-07-2024 16:36]"}
{"level":"info","message":"ruta: /cc/ccncrdef/valida/calculoAct - ::1 - [16-07-2024 16:36]"}
{"level":"info","message":"ruta: /cc/ccncrdef/valida/calculoAct - ::1 - [16-07-2024 16:36]"}
{"level":"info","message":"ruta: /cc/ccncrdef/valida/calculoAct - ::1 - [16-07-2024 16:36]"}
{"level":"info","message":"ruta: /cc/ccncrdef/valida/cantidad - ::1 - [16-07-2024 16:36]"}
{"level":"info","message":"ruta: /cc/ccncrdef/valida/calculoAct - ::1 - [16-07-2024 16:36]"}
{"level":"info","message":"ruta: /cc/ccncrdef/valida/cantidad - ::1 - [16-07-2024 16:36]"}
{"level":"info","message":"ruta: /cc/ccncrdef/valida/calculoAct - ::1 - [16-07-2024 16:36]"}
{"level":"info","message":"ruta: /cc/ccncrdef/valida/calculoAct - ::1 - [16-07-2024 16:36]"}
{"level":"info","message":"ruta: /cc/ccncrdef/valida/calculoAct - ::1 - [16-07-2024 16:36]"}
{"level":"info","message":"ruta: /cc/ccncrdef/buscar/preform - ::1 - [16-07-2024 16:37]"}
{"level":"info","message":"ruta: /cc/ccncrdef/list/detalle - ::1 - [16-07-2024 16:37]"}
{"level":"info","message":"ruta: /vt/vtpresar/listar/detalle - ::1 - [16-07-2024 16:38]"}
{"level":"info","message":"ruta: /vt/vtpresar/valida/calculoAct - ::1 - [16-07-2024 16:38]"}
{"level":"info","message":"ruta: /vt/vtpresar/valida/calculoAct - ::1 - [16-07-2024 16:38]"}
{"level":"info","message":"ruta: /vt/vtpresar/listar/detalle - ::1 - [16-07-2024 16:38]"}
{"level":"info","message":"ruta: /cc/ccncrdef/buscar/preform - ::1 - [16-07-2024 16:40]"}
{"level":"info","message":"ruta: /cc/ccncrdef/list/detalle - ::1 - [16-07-2024 16:40]"}
{"level":"info","message":"ruta: /cc/ccncrdef/buscar/preform - ::1 - [16-07-2024 16:40]"}
{"level":"info","message":"ruta: /cc/ccncrdef/list/detalle - ::1 - [16-07-2024 16:40]"}
{"level":"info","message":"ruta: /cc/ccncrdef/buscar/preform - ::1 - [16-07-2024 16:41]"}
{"level":"info","message":"ruta: /cc/ccncrdef/list/detalle - ::1 - [16-07-2024 16:41]"}
{"level":"info","message":"ruta: /cc/ccncrdef/valida/sucursal - ::1 - [16-07-2024 16:41]"}
{"level":"info","message":"ruta: /cc/ccncrdef/valida/cantidad - ::1 - [16-07-2024 16:41]"}
{"level":"info","message":"ruta: /cc/ccncrdef/valida/calculoAct - ::1 - [16-07-2024 16:41]"}
{"level":"info","message":"ruta: /cc/ccncrdef/valida/cantidad - ::1 - [16-07-2024 16:41]"}
{"level":"info","message":"ruta: /cc/ccncrdef/valida/calculoAct - ::1 - [16-07-2024 16:41]"}
{"level":"info","message":"ruta: /cc/ccncrdef/valida/cantidad - ::1 - [16-07-2024 16:41]"}
{"level":"info","message":"ruta: /cc/ccncrdef/valida/calculoAct - ::1 - [16-07-2024 16:41]"}
{"level":"info","message":"ruta: /cc/ccncrdef/valida/cantidad - ::1 - [16-07-2024 16:42]"}
{"level":"info","message":"ruta: /cc/ccncrdef/valida/calculoAct - ::1 - [16-07-2024 16:42]"}
{"level":"info","message":"ruta: /cc/ccncrdef/valida/calculoAct - ::1 - [16-07-2024 16:42]"}
{"level":"info","message":"ruta: /cc/ccncrdef/valida/cantidad - ::1 - [16-07-2024 16:42]"}
{"level":"info","message":"ruta: /cc/ccncrdef/valida/calculoAct - ::1 - [16-07-2024 16:42]"}
{"level":"info","message":"ruta: /cc/ccncrdef/valida/calculoAct - ::1 - [16-07-2024 16:42]"}
{"level":"info","message":"ruta: /cc/ccncrdef/valida/cantidad - ::1 - [16-07-2024 16:42]"}
{"level":"info","message":"ruta: /cc/ccncrdef/valida/calculoAct - ::1 - [16-07-2024 16:42]"}
{"level":"info","message":"ruta: /cc/ccncrdef/buscar/preform - ::1 - [16-07-2024 16:42]"}
{"level":"info","message":"ruta: /cc/ccncrdef/list/detalle - ::1 - [16-07-2024 16:42]"}
{"level":"info","message":"ruta: /cc/ccncrdef/buscar/preform - ::1 - [16-07-2024 16:42]"}
{"level":"info","message":"ruta: /cc/ccncrdef/list/detalle - ::1 - [16-07-2024 16:42]"}
{"level":"info","message":"ruta: /cc/ccncrdef/valida/sucursal - ::1 - [16-07-2024 16:42]"}
{"level":"info","message":"ruta: /cc/ccncrdef/buscar/cliente - ::1 - [16-07-2024 16:42]"}
{"level":"info","message":"ruta: /cc/ccncrdef/valida/cliente - ::1 - [16-07-2024 16:42]"}
{"level":"info","message":"ruta: /cc/ccncrdef/buscar/nroCompr - ::1 - [16-07-2024 16:42]"}
{"level":"info","message":"ruta: /cc/ccncrdef/valida/nroCompr - ::1 - [16-07-2024 16:42]"}
{"level":"info","message":"ruta: /cc/ccncrdef/valida/condVenta - ::1 - [16-07-2024 16:42]"}
{"level":"info","message":"ruta: /cc/ccncrdef/valida/motivoNcr - ::1 - [16-07-2024 16:42]"}
{"level":"info","message":"ruta: /cc/ccncrdef/valida/listPrecio - ::1 - [16-07-2024 16:42]"}
{"level":"info","message":"ruta: /cc/ccncrdef/valida/vendedor - ::1 - [16-07-2024 16:42]"}
{"level":"info","message":"ruta: /cc/ccncrdef/valida/moneda - ::1 - [16-07-2024 16:42]"}
{"level":"info","message":"ruta: /cc/ccncrdef/valida/articulo - ::1 - [16-07-2024 16:42]"}
{"level":"info","message":"ruta: /cc/ccncrdef/valida/um - ::1 - [16-07-2024 16:42]"}
{"level":"info","message":"ruta: /cc/ccncrdef/valida/cantidad - ::1 - [16-07-2024 16:42]"}
{"level":"info","message":"ruta: /cc/ccncrdef/valida/calculoAct - ::1 - [16-07-2024 16:42]"}
{"level":"info","message":"ruta: /cc/ccncrdef/valida/cantidad - ::1 - [16-07-2024 16:42]"}
{"level":"info","message":"ruta: /cc/ccncrdef/valida/calculoAct - ::1 - [16-07-2024 16:42]"}
{"level":"info","message":"ruta: /cc/ccncrdef/valida/calculoAct - ::1 - [16-07-2024 16:42]"}
{"level":"info","message":"ruta: /cc/ccncrdef/valida/cantidad - ::1 - [16-07-2024 16:42]"}
{"level":"info","message":"ruta: /cc/ccncrdef/valida/calculoAct - ::1 - [16-07-2024 16:42]"}
{"level":"info","message":"ruta: /cc/ccncrdef/buscar/preform - ::1 - [16-07-2024 16:43]"}
{"level":"info","message":"ruta: /cc/ccncrdef/list/detalle - ::1 - [16-07-2024 16:43]"}
{"level":"info","message":"ruta: /cc/ccncrdef/valida/cantidad - ::1 - [16-07-2024 16:43]"}
{"level":"info","message":"ruta: /cc/ccncrdef/valida/calculoAct - ::1 - [16-07-2024 16:43]"}
{"level":"info","message":"ruta: /cc/ccncrdef/buscar/preform - ::1 - [16-07-2024 16:43]"}
{"level":"info","message":"ruta: /cc/ccncrdef/list/detalle - ::1 - [16-07-2024 16:43]"}
{"level":"info","message":"ruta: /cc/ccncrdef/buscar/preform - ::1 - [16-07-2024 16:43]"}
{"level":"info","message":"ruta: /cc/ccncrdef/list/detalle - ::1 - [16-07-2024 16:43]"}
{"level":"info","message":"ruta: /cc/ccncrdef/valida/cantidad - ::1 - [16-07-2024 16:43]"}
{"level":"info","message":"ruta: /cc/ccncrdef/valida/calculoAct - ::1 - [16-07-2024 16:43]"}
{"level":"info","message":"ruta: /cc/ccncrdef/valida/cantidad - ::1 - [16-07-2024 16:43]"}
{"level":"info","message":"ruta: /cc/ccncrdef/valida/calculoAct - ::1 - [16-07-2024 16:43]"}
{"level":"info","message":"ruta: /cc/ccncrdef/buscar/preform - ::1 - [16-07-2024 16:44]"}
{"level":"info","message":"ruta: /cc/ccncrdef/list/detalle - ::1 - [16-07-2024 16:44]"}
{"level":"info","message":"ruta: /cc/ccncrdef/buscar/preform - ::1 - [16-07-2024 16:44]"}
{"level":"info","message":"ruta: /cc/ccncrdef/list/detalle - ::1 - [16-07-2024 16:44]"}
{"level":"info","message":"ruta: /cc/ccncrdef/valida/sucursal - ::1 - [16-07-2024 16:44]"}
{"level":"info","message":"ruta: /cc/ccncrdef/valida/cantidad - ::1 - [16-07-2024 16:44]"}
{"level":"info","message":"ruta: /cc/ccncrdef/valida/calculoAct - ::1 - [16-07-2024 16:44]"}
{"level":"info","message":"ruta: /cc/ccncrdef/valida/cantidad - ::1 - [16-07-2024 16:44]"}
{"level":"info","message":"ruta: /cc/ccncrdef/valida/calculoAct - ::1 - [16-07-2024 16:44]"}
{"level":"info","message":"ruta: /cc/ccncrdef/valida/cantidad - ::1 - [16-07-2024 16:44]"}
{"level":"info","message":"ruta: /cc/ccncrdef/valida/calculoAct - ::1 - [16-07-2024 16:44]"}
{"level":"info","message":"ruta: /cc/ccncrdef/buscar/preform - ::1 - [16-07-2024 16:44]"}
{"level":"info","message":"ruta: /cc/ccncrdef/list/detalle - ::1 - [16-07-2024 16:44]"}
{"level":"info","message":"ruta: /cc/ccncrdef/buscar/preform - ::1 - [16-07-2024 16:44]"}
{"level":"info","message":"ruta: /cc/ccncrdef/list/detalle - ::1 - [16-07-2024 16:44]"}
{"level":"info","message":"ruta: /cc/ccncrdef/buscar/preform - ::1 - [16-07-2024 16:44]"}
{"level":"info","message":"ruta: /cc/ccncrdef/list/detalle - ::1 - [16-07-2024 16:44]"}
{"level":"info","message":"ruta: /cc/ccncrdef/valida/cantidad - ::1 - [16-07-2024 16:44]"}
{"level":"info","message":"ruta: /cc/ccncrdef/valida/calculoAct - ::1 - [16-07-2024 16:44]"}
{"level":"info","message":"ruta: /cc/ccncrdef/valida/cantidad - ::1 - [16-07-2024 16:45]"}
{"level":"info","message":"ruta: /cc/ccncrdef/valida/calculoAct - ::1 - [16-07-2024 16:45]"}
{"level":"info","message":"ruta: /cc/ccncrdef/valida/cantidad - ::1 - [16-07-2024 16:45]"}
{"level":"info","message":"ruta: /cc/ccncrdef/valida/calculoAct - ::1 - [16-07-2024 16:45]"}
{"level":"info","message":"ruta: /cc/ccncrdef/valida/cantidad - ::1 - [16-07-2024 16:45]"}
{"level":"info","message":"ruta: /cc/ccncrdef/valida/calculoAct - ::1 - [16-07-2024 16:45]"}
{"level":"info","message":"ruta: /cc/ccncrdef/valida/cantidad - ::1 - [16-07-2024 16:45]"}
{"level":"info","message":"ruta: /cc/ccncrdef/valida/calculoAct - ::1 - [16-07-2024 16:45]"}
{"level":"info","message":"ruta: /cc/ccncrdef/valida/cantidad - ::1 - [16-07-2024 16:45]"}
{"level":"info","message":"ruta: /cc/ccncrdef/valida/calculoAct - ::1 - [16-07-2024 16:45]"}
{"level":"info","message":"ruta: /cc/ccncrdef/valida/cantidad - ::1 - [16-07-2024 16:45]"}
{"level":"info","message":"ruta: /cc/ccncrdef/valida/calculoAct - ::1 - [16-07-2024 16:45]"}
{"level":"info","message":"ruta: /cc/ccncrdef/valida/cantidad - ::1 - [16-07-2024 16:45]"}
{"level":"info","message":"ruta: /cc/ccncrdef/valida/calculoAct - ::1 - [16-07-2024 16:45]"}
{"level":"info","message":"ruta: /cc/ccncrdef/buscar/preform - ::1 - [16-07-2024 16:45]"}
{"level":"info","message":"ruta: /cc/ccncrdef/list/detalle - ::1 - [16-07-2024 16:45]"}
{"level":"info","message":"ruta: /cc/ccncrdef/buscar/preform - ::1 - [16-07-2024 16:45]"}
{"level":"info","message":"ruta: /cc/ccncrdef/list/detalle - ::1 - [16-07-2024 16:45]"}
{"level":"info","message":"ruta: /cc/ccncrdef/valida/cantidad - ::1 - [16-07-2024 16:45]"}
{"level":"info","message":"ruta: /cc/ccncrdef/valida/calculoAct - ::1 - [16-07-2024 16:45]"}
{"level":"info","message":"ruta: /cc/ccncrdef/valida/cantidad - ::1 - [16-07-2024 16:45]"}
{"level":"info","message":"ruta: /cc/ccncrdef/valida/calculoAct - ::1 - [16-07-2024 16:45]"}
{"level":"info","message":"ruta: /cc/ccncrdef/valida/cantidad - ::1 - [16-07-2024 16:45]"}
{"level":"info","message":"ruta: /cc/ccncrdef/valida/calculoAct - ::1 - [16-07-2024 16:45]"}
{"level":"info","message":"ruta: /cc/ccncrdef/buscar/preform - ::1 - [16-07-2024 16:45]"}
{"level":"info","message":"ruta: /cc/ccncrdef/buscar/preform - ::1 - [16-07-2024 16:45]"}
{"level":"info","message":"ruta: /cc/ccncrdef/list/detalle - ::1 - [16-07-2024 16:45]"}
{"level":"info","message":"ruta: /cc/ccncrdef/valida/cantidad - ::1 - [16-07-2024 16:45]"}
{"level":"info","message":"ruta: /cc/ccncrdef/valida/calculoAct - ::1 - [16-07-2024 16:45]"}
{"level":"info","message":"ruta: /cc/ccncrdef/valida/cantidad - ::1 - [16-07-2024 16:45]"}
{"level":"info","message":"ruta: /cc/ccncrdef/valida/calculoAct - ::1 - [16-07-2024 16:45]"}
{"level":"info","message":"ruta: /cc/ccncrdef/valida/cantidad - ::1 - [16-07-2024 16:45]"}
{"level":"info","message":"ruta: /cc/ccncrdef/valida/calculoAct - ::1 - [16-07-2024 16:45]"}
{"level":"info","message":"ruta: /cc/ccncrdef/valida/cantidad - ::1 - [16-07-2024 16:45]"}
{"level":"info","message":"ruta: /cc/ccncrdef/valida/calculoAct - ::1 - [16-07-2024 16:45]"}
{"level":"info","message":"ruta: /cc/ccncrdef/buscar/preform - ::1 - [16-07-2024 16:46]"}
{"level":"info","message":"ruta: /cc/ccncrdef/buscar/preform - ::1 - [16-07-2024 16:46]"}
{"level":"info","message":"ruta: /cc/ccncrdef/list/detalle - ::1 - [16-07-2024 16:46]"}
{"level":"info","message":"ruta: /cc/ccncrdef/valida/cantidad - ::1 - [16-07-2024 16:46]"}
{"level":"info","message":"ruta: /cc/ccncrdef/valida/calculoAct - ::1 - [16-07-2024 16:46]"}
{"level":"info","message":"ruta: /cc/ccncrdef/valida/calculoAct - ::1 - [16-07-2024 16:46]"}
{"level":"info","message":"ruta: /cc/ccncrdef/valida/cantidad - ::1 - [16-07-2024 16:46]"}
{"level":"info","message":"ruta: /cc/ccncrdef/valida/calculoAct - ::1 - [16-07-2024 16:46]"}
{"level":"info","message":"ruta: /cc/ccncrdef/valida/cantidad - ::1 - [16-07-2024 16:46]"}
{"level":"info","message":"ruta: /cc/ccncrdef/valida/calculoAct - ::1 - [16-07-2024 16:46]"}
{"level":"info","message":"ruta: /cc/ccncrdef/valida/cantidad - ::1 - [16-07-2024 16:46]"}
{"level":"info","message":"ruta: /cc/ccncrdef/valida/calculoAct - ::1 - [16-07-2024 16:46]"}
{"level":"info","message":"ruta: /cc/ccncrdef/valida/cantidad - ::1 - [16-07-2024 16:47]"}
{"level":"info","message":"ruta: /cc/ccncrdef/valida/calculoAct - ::1 - [16-07-2024 16:47]"}
{"level":"info","message":"ruta: /cc/ccncrdef/valida/cantidad - ::1 - [16-07-2024 16:47]"}
{"level":"info","message":"ruta: /cc/ccncrdef/valida/calculoAct - ::1 - [16-07-2024 16:47]"}
{"level":"info","message":"ruta: /cc/ccncrdef/buscar/preform - ::1 - [16-07-2024 16:47]"}
{"level":"info","message":"ruta: /cc/ccncrdef/list/detalle - ::1 - [16-07-2024 16:47]"}
{"level":"info","message":"ruta: /cc/ccncrdef/buscar/preform - ::1 - [16-07-2024 16:48]"}
{"level":"info","message":"ruta: /cc/ccncrdef/list/detalle - ::1 - [16-07-2024 16:48]"}
{"level":"info","message":"ruta: /cc/ccncrdef/buscar/preform - ::1 - [16-07-2024 16:48]"}
{"level":"info","message":"ruta: /cc/ccncrdef/list/detalle - ::1 - [16-07-2024 16:48]"}
{"level":"info","message":"ruta: /cc/ccncrdef/valida/cantidad - ::1 - [16-07-2024 16:48]"}
{"level":"info","message":"ruta: /cc/ccncrdef/valida/calculoAct - ::1 - [16-07-2024 16:48]"}
{"level":"info","message":"ruta: /cc/ccncrdef/valida/cantidad - ::1 - [16-07-2024 16:48]"}
{"level":"info","message":"ruta: /cc/ccncrdef/valida/calculoAct - ::1 - [16-07-2024 16:48]"}
{"level":"info","message":"ruta: /cc/ccncrdef/valida/calculoAct - ::1 - [16-07-2024 16:48]"}
{"level":"info","message":"ruta: /cc/ccncrdef/valida/cantidad - ::1 - [16-07-2024 16:48]"}
{"level":"info","message":"ruta: /cc/ccncrdef/valida/calculoAct - ::1 - [16-07-2024 16:48]"}
{"level":"info","message":"ruta: /cc/ccncrdef/valida/calculoAct - ::1 - [16-07-2024 16:48]"}
{"level":"info","message":"ruta: /cc/ccncrdef/buscar/preform - ::1 - [16-07-2024 16:49]"}
{"level":"info","message":"ruta: /cc/ccncrdef/list/detalle - ::1 - [16-07-2024 16:49]"}
{"level":"info","message":"ruta: /cc/ccncrdef/valida/sucursal - ::1 - [16-07-2024 16:49]"}
{"level":"info","message":"ruta: /cc/ccncrdef/buscar/cliente - ::1 - [16-07-2024 16:49]"}
{"level":"info","message":"ruta: /cc/ccncrdef/valida/cliente - ::1 - [16-07-2024 16:49]"}
{"level":"info","message":"ruta: /cc/ccncrdef/valida/nroCompr - ::1 - [16-07-2024 16:49]"}
{"level":"info","message":"ruta: /cc/ccncrdef/buscar/nroCompr - ::1 - [16-07-2024 16:49]"}
{"level":"info","message":"ruta: /cc/ccncrdef/valida/nroCompr - ::1 - [16-07-2024 16:49]"}
{"level":"info","message":"ruta: /cc/ccncrdef/valida/condVenta - ::1 - [16-07-2024 16:49]"}
{"level":"info","message":"ruta: /cc/ccncrdef/valida/motivoNcr - ::1 - [16-07-2024 16:49]"}
{"level":"info","message":"ruta: /cc/ccncrdef/valida/listPrecio - ::1 - [16-07-2024 16:49]"}
{"level":"info","message":"ruta: /cc/ccncrdef/valida/listPrecio - ::1 - [16-07-2024 16:49]"}
{"level":"info","message":"ruta: /cc/ccncrdef/valida/vendedor - ::1 - [16-07-2024 16:49]"}
{"level":"info","message":"ruta: /cc/ccncrdef/valida/moneda - ::1 - [16-07-2024 16:49]"}
{"level":"info","message":"ruta: /cc/ccncrdef/valida/articulo - ::1 - [16-07-2024 16:49]"}
{"level":"info","message":"ruta: /cc/ccncrdef/valida/um - ::1 - [16-07-2024 16:49]"}
{"level":"info","message":"ruta: /cc/ccncrdef/valida/cantidad - ::1 - [16-07-2024 16:49]"}
{"level":"info","message":"ruta: /cc/ccncrdef/valida/calculoAct - ::1 - [16-07-2024 16:49]"}
{"level":"info","message":"ruta: /cc/ccncrdef/valida/calculoAct - ::1 - [16-07-2024 16:50]"}
{"level":"info","message":"ruta: /cc/ccncrdef/valida/cantidad - ::1 - [16-07-2024 16:50]"}
{"level":"info","message":"ruta: /cc/ccncrdef/valida/calculoAct - ::1 - [16-07-2024 16:50]"}
{"level":"info","message":"ruta: /cc/ccncrdef/valida/calculoAct - ::1 - [16-07-2024 16:52]"}
{"level":"info","message":"ruta: /cc/ccncrdef/buscar/preform - ::1 - [16-07-2024 16:52]"}
{"level":"info","message":"ruta: /cc/ccncrdef/buscar/preform - ::1 - [16-07-2024 16:52]"}
{"level":"info","message":"ruta: /cc/ccncrdef/list/detalle - ::1 - [16-07-2024 16:52]"}
{"level":"info","message":"ruta: /cc/ccncrdef/valida/sucursal - ::1 - [16-07-2024 16:52]"}
{"level":"info","message":"ruta: /cc/ccncrdef/buscar/cliente - ::1 - [16-07-2024 16:52]"}
{"level":"info","message":"ruta: /cc/ccncrdef/valida/cliente - ::1 - [16-07-2024 16:52]"}
{"level":"info","message":"ruta: /cc/ccncrdef/valida/nroCompr - ::1 - [16-07-2024 16:52]"}
{"level":"info","message":"ruta: /cc/ccncrdef/buscar/nroCompr - ::1 - [16-07-2024 16:52]"}
{"level":"info","message":"ruta: /cc/ccncrdef/valida/nroCompr - ::1 - [16-07-2024 16:52]"}
{"level":"info","message":"ruta: /cc/ccncrdef/valida/condVenta - ::1 - [16-07-2024 16:52]"}
{"level":"info","message":"ruta: /cc/ccncrdef/valida/motivoNcr - ::1 - [16-07-2024 16:52]"}
{"level":"info","message":"ruta: /cc/ccncrdef/valida/listPrecio - ::1 - [16-07-2024 16:52]"}
{"level":"info","message":"ruta: /cc/ccncrdef/valida/vendedor - ::1 - [16-07-2024 16:52]"}
{"level":"info","message":"ruta: /cc/ccncrdef/valida/moneda - ::1 - [16-07-2024 16:52]"}
{"level":"info","message":"ruta: /cc/ccncrdef/valida/articulo - ::1 - [16-07-2024 16:52]"}
{"level":"info","message":"ruta: /cc/ccncrdef/valida/um - ::1 - [16-07-2024 16:52]"}
{"level":"info","message":"ruta: /cc/ccncrdef/valida/cantidad - ::1 - [16-07-2024 16:52]"}
{"level":"info","message":"ruta: /cc/ccncrdef/valida/calculoAct - ::1 - [16-07-2024 16:52]"}
{"level":"info","message":"ruta: /cc/ccncrdef/valida/calculoAct - ::1 - [16-07-2024 16:52]"}
{"level":"info","message":"ruta: /cc/ccncrdef/valida/calculoAct - ::1 - [16-07-2024 16:52]"}
{"level":"info","message":"ruta: /cc/ccncrdef/buscar/preform - ::1 - [16-07-2024 16:53]"}
{"level":"info","message":"ruta: /cc/ccncrdef/list/detalle - ::1 - [16-07-2024 16:53]"}
{"level":"info","message":"ruta: /cc/ccncrdef/buscar/preform - ::1 - [16-07-2024 16:53]"}
{"level":"info","message":"ruta: /cc/ccncrdef/list/detalle - ::1 - [16-07-2024 16:53]"}
{"level":"info","message":"ruta: /cc/ccncrdef/buscar/preform - ::1 - [16-07-2024 16:53]"}
{"level":"info","message":"ruta: /cc/ccncrdef/list/detalle - ::1 - [16-07-2024 16:53]"}
{"level":"info","message":"ruta: /cc/ccncrdef/valida/sucursal - ::1 - [16-07-2024 16:54]"}
{"level":"info","message":"ruta: /cc/ccncrdef/buscar/cliente - ::1 - [16-07-2024 16:54]"}
{"level":"info","message":"ruta: /cc/ccncrdef/valida/cliente - ::1 - [16-07-2024 16:54]"}
{"level":"info","message":"ruta: /cc/ccncrdef/valida/nroCompr - ::1 - [16-07-2024 16:54]"}
{"level":"info","message":"ruta: /cc/ccncrdef/buscar/nroCompr - ::1 - [16-07-2024 16:54]"}
{"level":"info","message":"ruta: /cc/ccncrdef/valida/nroCompr - ::1 - [16-07-2024 16:54]"}
{"level":"info","message":"ruta: /cc/ccncrdef/valida/condVenta - ::1 - [16-07-2024 16:54]"}
{"level":"info","message":"ruta: /cc/ccncrdef/valida/motivoNcr - ::1 - [16-07-2024 16:54]"}
{"level":"info","message":"ruta: /cc/ccncrdef/valida/listPrecio - ::1 - [16-07-2024 16:54]"}
{"level":"info","message":"ruta: /cc/ccncrdef/valida/vendedor - ::1 - [16-07-2024 16:54]"}
{"level":"info","message":"ruta: /cc/ccncrdef/valida/moneda - ::1 - [16-07-2024 16:54]"}
{"level":"info","message":"ruta: /cc/ccncrdef/valida/articulo - ::1 - [16-07-2024 16:54]"}
{"level":"info","message":"ruta: /cc/ccncrdef/valida/um - ::1 - [16-07-2024 16:54]"}
{"level":"info","message":"ruta: /cc/ccncrdef/valida/cantidad - ::1 - [16-07-2024 16:54]"}
{"level":"info","message":"ruta: /cc/ccncrdef/valida/calculoAct - ::1 - [16-07-2024 16:54]"}
{"level":"info","message":"ruta: /cc/ccncrdef/valida/calculoAct - ::1 - [16-07-2024 16:54]"}
{"level":"info","message":"ruta: /cc/ccncrdef/buscar/preform - ::1 - [16-07-2024 16:55]"}
{"level":"info","message":"ruta: /cc/ccncrdef/list/detalle - ::1 - [16-07-2024 16:55]"}
{"level":"info","message":"ruta: /cc/ccncrdef/valida/sucursal - ::1 - [16-07-2024 16:55]"}
{"level":"info","message":"ruta: /cc/ccncrdef/valida/cliente - ::1 - [16-07-2024 16:55]"}
{"level":"info","message":"ruta: /cc/ccncrdef/buscar/cliente - ::1 - [16-07-2024 16:55]"}
{"level":"info","message":"ruta: /cc/ccncrdef/valida/cliente - ::1 - [16-07-2024 16:55]"}
{"level":"info","message":"ruta: /cc/ccncrdef/buscar/nroCompr - ::1 - [16-07-2024 16:55]"}
{"level":"info","message":"ruta: /cc/ccncrdef/valida/nroCompr - ::1 - [16-07-2024 16:55]"}
{"level":"info","message":"ruta: /cc/ccncrdef/valida/condVenta - ::1 - [16-07-2024 16:55]"}
{"level":"info","message":"ruta: /cc/ccncrdef/valida/motivoNcr - ::1 - [16-07-2024 16:55]"}
{"level":"info","message":"ruta: /cc/ccncrdef/valida/listPrecio - ::1 - [16-07-2024 16:55]"}
{"level":"info","message":"ruta: /cc/ccncrdef/valida/vendedor - ::1 - [16-07-2024 16:55]"}
{"level":"info","message":"ruta: /cc/ccncrdef/valida/moneda - ::1 - [16-07-2024 16:55]"}
{"level":"info","message":"ruta: /cc/ccncrdef/valida/articulo - ::1 - [16-07-2024 16:55]"}
{"level":"info","message":"ruta: /cc/ccncrdef/valida/um - ::1 - [16-07-2024 16:55]"}
{"level":"info","message":"ruta: /cc/ccncrdef/valida/cantidad - ::1 - [16-07-2024 16:55]"}
{"level":"info","message":"ruta: /cc/ccncrdef/valida/calculoAct - ::1 - [16-07-2024 16:55]"}
{"level":"info","message":"ruta: /cc/ccncrdef/valida/calculoAct - ::1 - [16-07-2024 16:55]"}
{"level":"info","message":"ruta: /cc/ccncrdef/buscar/preform - ::1 - [16-07-2024 16:56]"}
{"level":"info","message":"ruta: /cc/ccncrdef/list/detalle - ::1 - [16-07-2024 16:56]"}
{"level":"info","message":"ruta: /cc/ccncrdef/buscar/preform - ::1 - [16-07-2024 16:57]"}
{"level":"info","message":"ruta: /cc/ccncrdef/list/detalle - ::1 - [16-07-2024 16:57]"}
{"level":"info","message":"ruta: /cc/ccncrdef/buscar/preform - ::1 - [16-07-2024 16:57]"}
{"level":"info","message":"ruta: /cc/ccncrdef/list/detalle - ::1 - [16-07-2024 16:57]"}
{"level":"info","message":"ruta: /cc/ccncrdef/buscar/preform - ::1 - [16-07-2024 16:57]"}
{"level":"info","message":"ruta: /cc/ccncrdef/list/detalle - ::1 - [16-07-2024 16:57]"}
{"level":"info","message":"ruta: /cc/ccncrdef/valida/sucursal - ::1 - [16-07-2024 16:57]"}
{"level":"info","message":"ruta: /cc/ccncrdef/valida/cliente - ::1 - [16-07-2024 16:57]"}
{"level":"info","message":"ruta: /cc/ccncrdef/buscar/cliente - ::1 - [16-07-2024 16:57]"}
{"level":"info","message":"ruta: /cc/ccncrdef/valida/cliente - ::1 - [16-07-2024 16:57]"}
{"level":"info","message":"ruta: /cc/ccncrdef/buscar/nroCompr - ::1 - [16-07-2024 16:57]"}
{"level":"info","message":"ruta: /cc/ccncrdef/valida/nroCompr - ::1 - [16-07-2024 16:57]"}
{"level":"info","message":"ruta: /cc/ccncrdef/valida/condVenta - ::1 - [16-07-2024 16:57]"}
{"level":"info","message":"ruta: /cc/ccncrdef/valida/condVenta - ::1 - [16-07-2024 16:57]"}
{"level":"info","message":"ruta: /cc/ccncrdef/valida/motivoNcr - ::1 - [16-07-2024 16:57]"}
{"level":"info","message":"ruta: /cc/ccncrdef/valida/listPrecio - ::1 - [16-07-2024 16:57]"}
{"level":"info","message":"ruta: /cc/ccncrdef/valida/vendedor - ::1 - [16-07-2024 16:57]"}
{"level":"info","message":"ruta: /cc/ccncrdef/valida/moneda - ::1 - [16-07-2024 16:57]"}
{"level":"info","message":"ruta: /cc/ccncrdef/valida/articulo - ::1 - [16-07-2024 16:57]"}
{"level":"info","message":"ruta: /cc/ccncrdef/valida/um - ::1 - [16-07-2024 16:57]"}
{"level":"info","message":"ruta: /cc/ccncrdef/valida/cantidad - ::1 - [16-07-2024 16:57]"}
{"level":"info","message":"ruta: /cc/ccncrdef/valida/calculoAct - ::1 - [16-07-2024 16:57]"}
{"level":"info","message":"ruta: /cc/ccncrdef/valida/calculoAct - ::1 - [16-07-2024 16:57]"}
{"level":"info","message":"ruta: /cc/ccncrdef/buscar/preform - ::1 - [16-07-2024 16:58]"}
{"level":"info","message":"ruta: /cc/ccncrdef/list/detalle - ::1 - [16-07-2024 16:58]"}
{"level":"info","message":"ruta: /cc/ccncrdef/buscar/preform - ::1 - [16-07-2024 16:58]"}
{"level":"info","message":"ruta: /cc/ccncrdef/list/detalle - ::1 - [16-07-2024 16:58]"}
{"level":"info","message":"ruta: /cc/ccncrdef/buscar/preform - ::1 - [16-07-2024 16:58]"}
{"level":"info","message":"ruta: /cc/ccncrdef/list/detalle - ::1 - [16-07-2024 16:58]"}
{"level":"info","message":"ruta: /cc/ccncrdef/valida/sucursal - ::1 - [16-07-2024 16:58]"}
{"level":"info","message":"ruta: /cc/ccncrdef/valida/cliente - ::1 - [16-07-2024 16:58]"}
{"level":"info","message":"ruta: /cc/ccncrdef/buscar/nroCompr - ::1 - [16-07-2024 16:58]"}
{"level":"info","message":"ruta: /cc/ccncrdef/valida/nroCompr - ::1 - [16-07-2024 16:58]"}
{"level":"info","message":"ruta: /cc/ccncrdef/valida/condVenta - ::1 - [16-07-2024 16:58]"}
{"level":"info","message":"ruta: /cc/ccncrdef/valida/motivoNcr - ::1 - [16-07-2024 16:58]"}
{"level":"info","message":"ruta: /cc/ccncrdef/valida/listPrecio - ::1 - [16-07-2024 16:58]"}
{"level":"info","message":"ruta: /cc/ccncrdef/valida/vendedor - ::1 - [16-07-2024 16:58]"}
{"level":"info","message":"ruta: /cc/ccncrdef/valida/moneda - ::1 - [16-07-2024 16:58]"}
{"level":"info","message":"ruta: /cc/ccncrdef/valida/articulo - ::1 - [16-07-2024 16:58]"}
{"level":"info","message":"ruta: /cc/ccncrdef/valida/um - ::1 - [16-07-2024 16:58]"}
{"level":"info","message":"ruta: /cc/ccncrdef/valida/cantidad - ::1 - [16-07-2024 16:58]"}
{"level":"info","message":"ruta: /cc/ccncrdef/valida/calculoAct - ::1 - [16-07-2024 16:58]"}
{"level":"info","message":"ruta: /cc/ccncrdef/valida/calculoAct - ::1 - [16-07-2024 16:58]"}
{"level":"info","message":"ruta: /cc/ccncrdef/valida/calculoAct - ::1 - [16-07-2024 16:59]"}
{"level":"info","message":"ruta: /cc/ccncrdef/valida/calculoAct - ::1 - [16-07-2024 16:59]"}
{"level":"info","message":"ruta: /cc/ccncrdef/valida/calculoAct - ::1 - [16-07-2024 17:00]"}
{"level":"info","message":"ruta: /cc/ccncrdef/valida/calculoAct - ::1 - [16-07-2024 17:00]"}
{"level":"info","message":"ruta: /cc/ccncrdef/valida/calculoAct - ::1 - [16-07-2024 17:02]"}
{"level":"info","message":"ruta: /cc/ccncrdef/valida/calculoAct - ::1 - [16-07-2024 17:03]"}
{"level":"info","message":"ruta: /cc/ccncrdef/valida/calculoAct - ::1 - [16-07-2024 17:05]"}
{"level":"info","message":"ruta: /cc/ccncrdef/valida/cantidad - ::1 - [16-07-2024 17:06]"}
{"level":"info","message":"ruta: /cc/ccncrdef/valida/calculoAct - ::1 - [16-07-2024 17:06]"}
{"level":"info","message":"ruta: /cc/ccncrdef/valida/calculoAct - ::1 - [16-07-2024 17:06]"}
{"level":"info","message":"ruta: /cc/ccncrdef/valida/calculoAct - ::1 - [16-07-2024 17:12]"}
{"level":"info","message":"ruta: /cc/ccncrdef/valida/calculoAct - ::1 - [16-07-2024 17:12]"}
{"level":"info","message":"ruta: /cc/ccncrdef/buscar/preform - ::1 - [16-07-2024 17:12]"}
{"level":"info","message":"ruta: /cc/ccncrdef/list/detalle - ::1 - [16-07-2024 17:12]"}
{"level":"info","message":"ruta: /cc/ccncrdef/buscar/preform - ::1 - [16-07-2024 17:13]"}
{"level":"info","message":"ruta: /cc/ccncrdef/list/detalle - ::1 - [16-07-2024 17:13]"}
{"level":"info","message":"ruta: /cc/ccncrdef/buscar/preform - ::1 - [16-07-2024 17:13]"}
{"level":"info","message":"ruta: /cc/ccncrdef/list/detalle - ::1 - [16-07-2024 17:13]"}
{"level":"info","message":"ruta: /cc/ccncrdef/valida/sucursal - ::1 - [16-07-2024 17:13]"}
{"level":"info","message":"ruta: /cc/ccncrdef/valida/cliente - ::1 - [16-07-2024 17:13]"}
{"level":"info","message":"ruta: /cc/ccncrdef/buscar/cliente - ::1 - [16-07-2024 17:13]"}
{"level":"info","message":"ruta: /cc/ccncrdef/valida/cliente - ::1 - [16-07-2024 17:13]"}
{"level":"info","message":"ruta: /cc/ccncrdef/buscar/nroCompr - ::1 - [16-07-2024 17:13]"}
{"level":"info","message":"ruta: /cc/ccncrdef/valida/nroCompr - ::1 - [16-07-2024 17:13]"}
{"level":"info","message":"ruta: /cc/ccncrdef/valida/condVenta - ::1 - [16-07-2024 17:13]"}
{"level":"info","message":"ruta: /cc/ccncrdef/valida/motivoNcr - ::1 - [16-07-2024 17:13]"}
{"level":"info","message":"ruta: /cc/ccncrdef/valida/listPrecio - ::1 - [16-07-2024 17:13]"}
{"level":"info","message":"ruta: /cc/ccncrdef/valida/vendedor - ::1 - [16-07-2024 17:13]"}
{"level":"info","message":"ruta: /cc/ccncrdef/valida/moneda - ::1 - [16-07-2024 17:13]"}
{"level":"info","message":"ruta: /cc/ccncrdef/valida/articulo - ::1 - [16-07-2024 17:13]"}
{"level":"info","message":"ruta: /cc/ccncrdef/valida/um - ::1 - [16-07-2024 17:13]"}
{"level":"info","message":"ruta: /cc/ccncrdef/valida/cantidad - ::1 - [16-07-2024 17:13]"}
{"level":"info","message":"ruta: /cc/ccncrdef/valida/calculoAct - ::1 - [16-07-2024 17:13]"}
{"level":"info","message":"ruta: /cc/ccncrdef/valida/calculoAct - ::1 - [16-07-2024 17:13]"}
{"level":"info","message":"ruta: /cc/ccncrdef/valida/calculoAct - ::1 - [16-07-2024 17:13]"}
{"level":"info","message":"ruta: /cc/ccncrdef/valida/calculoAct - ::1 - [16-07-2024 17:13]"}
{"level":"info","message":"ruta: /cc/ccncrdef/valida/calculoAct - ::1 - [16-07-2024 17:13]"}
{"level":"info","message":"ruta: /cc/ccncrdef/valida/calculoAct - ::1 - [16-07-2024 17:13]"}
{"level":"info","message":"ruta: /cc/ccncrdef/valida/calculoAct - ::1 - [16-07-2024 17:13]"}
{"level":"info","message":"ruta: /cc/ccncrdef/valida/calculoAct - ::1 - [16-07-2024 17:13]"}
{"level":"info","message":"ruta: /cc/ccncrdef/valida/calculoAct - ::1 - [16-07-2024 17:14]"}
{"level":"info","message":"ruta: /cc/ccncrdef/valida/calculoAct - ::1 - [16-07-2024 17:14]"}
{"level":"info","message":"ruta: /cc/ccncrdef/valida/calculoAct - ::1 - [16-07-2024 17:14]"}
{"level":"info","message":"ruta: /cc/ccncrdef/buscar/preform - ::1 - [16-07-2024 17:14]"}
{"level":"info","message":"ruta: /cc/ccncrdef/list/detalle - ::1 - [16-07-2024 17:14]"}
{"level":"info","message":"ruta: /cc/ccncrdef/buscar/preform - ::1 - [16-07-2024 17:15]"}
{"level":"info","message":"ruta: /cc/ccncrdef/list/detalle - ::1 - [16-07-2024 17:15]"}
{"level":"info","message":"ruta: /cc/ccncrdef/buscar/preform - ::1 - [16-07-2024 17:15]"}
{"level":"info","message":"ruta: /cc/ccncrdef/list/detalle - ::1 - [16-07-2024 17:15]"}
{"level":"info","message":"ruta: /cc/ccncrdef/valida/sucursal - ::1 - [16-07-2024 17:15]"}
{"level":"info","message":"ruta: /cc/ccncrdef/buscar/cliente - ::1 - [16-07-2024 17:15]"}
{"level":"info","message":"ruta: /cc/ccncrdef/buscar/cliente - ::1 - [16-07-2024 17:15]"}
{"level":"info","message":"ruta: /cc/ccncrdef/valida/cliente - ::1 - [16-07-2024 17:15]"}
{"level":"info","message":"ruta: /cc/ccncrdef/valida/nroCompr - ::1 - [16-07-2024 17:15]"}
{"level":"info","message":"ruta: /cc/ccncrdef/buscar/nroCompr - ::1 - [16-07-2024 17:15]"}
{"level":"info","message":"ruta: /cc/ccncrdef/valida/nroCompr - ::1 - [16-07-2024 17:15]"}
{"level":"info","message":"ruta: /cc/ccncrdef/valida/condVenta - ::1 - [16-07-2024 17:15]"}
{"level":"info","message":"ruta: /cc/ccncrdef/valida/condVenta - ::1 - [16-07-2024 17:15]"}
{"level":"info","message":"ruta: /cc/ccncrdef/valida/motivoNcr - ::1 - [16-07-2024 17:15]"}
{"level":"info","message":"ruta: /cc/ccncrdef/valida/listPrecio - ::1 - [16-07-2024 17:15]"}
{"level":"info","message":"ruta: /cc/ccncrdef/valida/listPrecio - ::1 - [16-07-2024 17:15]"}
{"level":"info","message":"ruta: /cc/ccncrdef/valida/vendedor - ::1 - [16-07-2024 17:15]"}
{"level":"info","message":"ruta: /cc/ccncrdef/valida/moneda - ::1 - [16-07-2024 17:15]"}
{"level":"info","message":"ruta: /cc/ccncrdef/valida/articulo - ::1 - [16-07-2024 17:15]"}
{"level":"info","message":"ruta: /cc/ccncrdef/valida/cantidad - ::1 - [16-07-2024 17:15]"}
{"level":"info","message":"ruta: /cc/ccncrdef/valida/calculoAct - ::1 - [16-07-2024 17:15]"}
{"level":"info","message":"ruta: /cc/ccncrdef/valida/calculoAct - ::1 - [16-07-2024 17:15]"}
{"level":"info","message":"ruta: /cc/ccncrdef/buscar/preform - ::1 - [16-07-2024 17:15]"}
{"level":"info","message":"ruta: /cc/ccncrdef/list/detalle - ::1 - [16-07-2024 17:15]"}
{"level":"info","message":"ruta: /cc/ccncrdef/buscar/preform - ::1 - [16-07-2024 17:16]"}
{"level":"info","message":"ruta: /cc/ccncrdef/list/detalle - ::1 - [16-07-2024 17:16]"}
{"level":"info","message":"ruta: /cc/ccncrdef/buscar/preform - ::1 - [16-07-2024 17:16]"}
{"level":"info","message":"ruta: /cc/ccncrdef/list/detalle - ::1 - [16-07-2024 17:16]"}
{"level":"info","message":"ruta: /cc/ccncrdef/buscar/preform - ::1 - [16-07-2024 17:17]"}
{"level":"info","message":"ruta: /cc/ccncrdef/list/detalle - ::1 - [16-07-2024 17:17]"}
{"level":"info","message":"ruta: /cc/ccncrdef/valida/sucursal - ::1 - [16-07-2024 17:17]"}
{"level":"info","message":"ruta: /cc/ccncrdef/buscar/cliente - ::1 - [16-07-2024 17:17]"}
{"level":"info","message":"ruta: /cc/ccncrdef/valida/cliente - ::1 - [16-07-2024 17:17]"}
{"level":"info","message":"ruta: /cc/ccncrdef/buscar/nroCompr - ::1 - [16-07-2024 17:17]"}
{"level":"info","message":"ruta: /cc/ccncrdef/valida/nroCompr - ::1 - [16-07-2024 17:17]"}
{"level":"info","message":"ruta: /cc/ccncrdef/valida/condVenta - ::1 - [16-07-2024 17:17]"}
{"level":"info","message":"ruta: /cc/ccncrdef/valida/motivoNcr - ::1 - [16-07-2024 17:17]"}
{"level":"info","message":"ruta: /cc/ccncrdef/valida/listPrecio - ::1 - [16-07-2024 17:17]"}
{"level":"info","message":"ruta: /cc/ccncrdef/valida/vendedor - ::1 - [16-07-2024 17:17]"}
{"level":"info","message":"ruta: /cc/ccncrdef/valida/moneda - ::1 - [16-07-2024 17:17]"}
{"level":"info","message":"ruta: /cc/ccncrdef/valida/articulo - ::1 - [16-07-2024 17:17]"}
{"level":"info","message":"ruta: /cc/ccncrdef/valida/um - ::1 - [16-07-2024 17:17]"}
{"level":"info","message":"ruta: /cc/ccncrdef/valida/um - ::1 - [16-07-2024 17:17]"}
{"level":"info","message":"ruta: /cc/ccncrdef/valida/um - ::1 - [16-07-2024 17:17]"}
{"level":"info","message":"ruta: /cc/ccncrdef/buscar/preform - ::1 - [16-07-2024 17:19]"}
{"level":"info","message":"ruta: /cc/ccncrdef/list/detalle - ::1 - [16-07-2024 17:19]"}
{"level":"info","message":"ruta: /cc/ccncrdef/buscar/preform - ::1 - [16-07-2024 17:20]"}
{"level":"info","message":"ruta: /cc/ccncrdef/list/detalle - ::1 - [16-07-2024 17:20]"}
{"level":"info","message":"ruta: /cc/ccncrdef/buscar/preform - ::1 - [16-07-2024 17:20]"}
{"level":"info","message":"ruta: /cc/ccncrdef/list/detalle - ::1 - [16-07-2024 17:20]"}
{"level":"info","message":"ruta: /cc/ccncrdef/valida/sucursal - ::1 - [16-07-2024 17:20]"}
{"level":"info","message":"ruta: /cc/ccncrdef/buscar/cliente - ::1 - [16-07-2024 17:20]"}
{"level":"info","message":"ruta: /cc/ccncrdef/valida/cliente - ::1 - [16-07-2024 17:20]"}
{"level":"info","message":"ruta: /cc/ccncrdef/valida/nroCompr - ::1 - [16-07-2024 17:20]"}
{"level":"info","message":"ruta: /cc/ccncrdef/buscar/nroCompr - ::1 - [16-07-2024 17:20]"}
{"level":"info","message":"ruta: /cc/ccncrdef/valida/nroCompr - ::1 - [16-07-2024 17:20]"}
{"level":"info","message":"ruta: /cc/ccncrdef/valida/condVenta - ::1 - [16-07-2024 17:20]"}
{"level":"info","message":"ruta: /cc/ccncrdef/valida/condVenta - ::1 - [16-07-2024 17:20]"}
{"level":"info","message":"ruta: /cc/ccncrdef/valida/motivoNcr - ::1 - [16-07-2024 17:20]"}
{"level":"info","message":"ruta: /cc/ccncrdef/valida/listPrecio - ::1 - [16-07-2024 17:20]"}
{"level":"info","message":"ruta: /cc/ccncrdef/valida/vendedor - ::1 - [16-07-2024 17:20]"}
{"level":"info","message":"ruta: /cc/ccncrdef/valida/moneda - ::1 - [16-07-2024 17:20]"}
{"level":"info","message":"ruta: /cc/ccncrdef/valida/articulo - ::1 - [16-07-2024 17:20]"}
{"level":"info","message":"ruta: /cc/ccncrdef/valida/um - ::1 - [16-07-2024 17:20]"}
{"level":"info","message":"ruta: /cc/ccncrdef/valida/calculoAct - ::1 - [16-07-2024 17:21]"}
{"level":"info","message":"ruta: /cc/ccncrdef/buscar/preform - ::1 - [16-07-2024 17:21]"}
{"level":"info","message":"ruta: /cc/ccncrdef/list/detalle - ::1 - [16-07-2024 17:21]"}
{"level":"info","message":"ruta: /cc/ccncrdef/buscar/preform - ::1 - [16-07-2024 17:21]"}
{"level":"info","message":"ruta: /cc/ccncrdef/list/detalle - ::1 - [16-07-2024 17:21]"}
{"level":"info","message":"ruta: /cc/ccncrdef/buscar/preform - ::1 - [16-07-2024 17:21]"}
{"level":"info","message":"ruta: /cc/ccncrdef/list/detalle - ::1 - [16-07-2024 17:21]"}
{"level":"info","message":"ruta: /cc/ccncrdef/valida/sucursal - ::1 - [16-07-2024 17:21]"}
{"level":"info","message":"ruta: /cc/ccncrdef/valida/cliente - ::1 - [16-07-2024 17:21]"}
{"level":"info","message":"ruta: /cc/ccncrdef/valida/nroCompr - ::1 - [16-07-2024 17:21]"}
{"level":"info","message":"ruta: /cc/ccncrdef/valida/nroCompr - ::1 - [16-07-2024 17:21]"}
{"level":"info","message":"ruta: /cc/ccncrdef/buscar/nroCompr - ::1 - [16-07-2024 17:21]"}
{"level":"info","message":"ruta: /cc/ccncrdef/valida/nroCompr - ::1 - [16-07-2024 17:21]"}
{"level":"info","message":"ruta: /cc/ccncrdef/valida/condVenta - ::1 - [16-07-2024 17:21]"}
{"level":"info","message":"ruta: /cc/ccncrdef/valida/condVenta - ::1 - [16-07-2024 17:22]"}
{"level":"info","message":"ruta: /cc/ccncrdef/valida/motivoNcr - ::1 - [16-07-2024 17:22]"}
{"level":"info","message":"ruta: /cc/ccncrdef/valida/listPrecio - ::1 - [16-07-2024 17:22]"}
{"level":"info","message":"ruta: /cc/ccncrdef/valida/vendedor - ::1 - [16-07-2024 17:22]"}
{"level":"info","message":"ruta: /cc/ccncrdef/valida/moneda - ::1 - [16-07-2024 17:22]"}
{"level":"info","message":"ruta: /cc/ccncrdef/valida/articulo - ::1 - [16-07-2024 17:22]"}
{"level":"info","message":"ruta: /cc/ccncrdef/valida/um - ::1 - [16-07-2024 17:22]"}
{"level":"info","message":"ruta: /cc/ccncrdef/valida/calculoAct - ::1 - [16-07-2024 17:22]"}
{"level":"info","message":"ruta: /cc/ccncrdef/valida/cantidad - ::1 - [16-07-2024 17:22]"}
{"level":"info","message":"ruta: /cc/ccncrdef/valida/calculoAct - ::1 - [16-07-2024 17:22]"}
{"level":"info","message":"ruta: /cc/ccncrdef/valida/calculoAct - ::1 - [16-07-2024 17:22]"}
{"level":"info","message":"ruta: /cc/ccncrdef/buscar/preform - ::1 - [16-07-2024 17:23]"}
{"level":"info","message":"ruta: /cc/ccncrdef/list/detalle - ::1 - [16-07-2024 17:23]"}
{"level":"info","message":"ruta: /cc/ccncrdef/valida/sucursal - ::1 - [16-07-2024 17:23]"}
{"level":"info","message":"ruta: /cc/ccncrdef/buscar/cliente - ::1 - [16-07-2024 17:23]"}
{"level":"info","message":"ruta: /cc/ccncrdef/valida/cliente - ::1 - [16-07-2024 17:23]"}
{"level":"info","message":"ruta: /cc/ccncrdef/buscar/nroCompr - ::1 - [16-07-2024 17:23]"}
{"level":"info","message":"ruta: /cc/ccncrdef/valida/nroCompr - ::1 - [16-07-2024 17:23]"}
{"level":"info","message":"ruta: /cc/ccncrdef/valida/condVenta - ::1 - [16-07-2024 17:23]"}
{"level":"info","message":"ruta: /cc/ccncrdef/valida/motivoNcr - ::1 - [16-07-2024 17:23]"}
{"level":"info","message":"ruta: /cc/ccncrdef/valida/listPrecio - ::1 - [16-07-2024 17:23]"}
{"level":"info","message":"ruta: /cc/ccncrdef/valida/vendedor - ::1 - [16-07-2024 17:23]"}
{"level":"info","message":"ruta: /cc/ccncrdef/valida/moneda - ::1 - [16-07-2024 17:23]"}
{"level":"info","message":"ruta: /cc/ccncrdef/valida/articulo - ::1 - [16-07-2024 17:23]"}
{"level":"info","message":"ruta: /cc/ccncrdef/valida/um - ::1 - [16-07-2024 17:23]"}
{"level":"info","message":"ruta: /cc/ccncrdef/valida/calculoAct - ::1 - [16-07-2024 17:23]"}
{"level":"info","message":"ruta: /cc/ccncrdef/valida/cantidad - ::1 - [16-07-2024 17:23]"}
{"level":"info","message":"ruta: /cc/ccncrdef/valida/calculoAct - ::1 - [16-07-2024 17:23]"}
{"level":"info","message":"ruta: /cc/ccncrdef/valida/calculoAct - ::1 - [16-07-2024 17:23]"}
{"level":"info","message":"ruta: /cc/ccncrdef/valida/calculoAct - ::1 - [16-07-2024 17:24]"}
{"level":"info","message":"ruta: /cc/ccncrdef/valida/calculoAct - ::1 - [16-07-2024 17:24]"}
{"level":"info","message":"ruta: /cc/ccncrdef/valida/calculoAct - ::1 - [16-07-2024 17:24]"}
{"level":"info","message":"ruta: /cc/ccncrdef/valida/calculoAct - ::1 - [16-07-2024 17:24]"}
{"level":"info","message":"ruta: /cc/ccncrdef/buscar/preform - ::1 - [16-07-2024 17:24]"}
{"level":"info","message":"ruta: /cc/ccncrdef/list/detalle - ::1 - [16-07-2024 17:24]"}
{"level":"info","message":"ruta: /cc/ccncrdef/valida/sucursal - ::1 - [16-07-2024 17:24]"}
{"level":"info","message":"ruta: /cc/ccncrdef/valida/cliente - ::1 - [16-07-2024 17:24]"}
{"level":"info","message":"ruta: /cc/ccncrdef/valida/cliente - ::1 - [16-07-2024 17:24]"}
{"level":"info","message":"ruta: /cc/ccncrdef/buscar/nroCompr - ::1 - [16-07-2024 17:24]"}
{"level":"info","message":"ruta: /cc/ccncrdef/valida/nroCompr - ::1 - [16-07-2024 17:24]"}
{"level":"info","message":"ruta: /cc/ccncrdef/valida/condVenta - ::1 - [16-07-2024 17:24]"}
{"level":"info","message":"ruta: /cc/ccncrdef/valida/motivoNcr - ::1 - [16-07-2024 17:24]"}
{"level":"info","message":"ruta: /cc/ccncrdef/valida/listPrecio - ::1 - [16-07-2024 17:24]"}
{"level":"info","message":"ruta: /cc/ccncrdef/valida/vendedor - ::1 - [16-07-2024 17:24]"}
{"level":"info","message":"ruta: /cc/ccncrdef/valida/moneda - ::1 - [16-07-2024 17:24]"}
{"level":"info","message":"ruta: /cc/ccncrdef/valida/articulo - ::1 - [16-07-2024 17:24]"}
{"level":"info","message":"ruta: /cc/ccncrdef/valida/um - ::1 - [16-07-2024 17:24]"}
{"level":"info","message":"ruta: /cc/ccncrdef/valida/calculoAct - ::1 - [16-07-2024 17:24]"}
{"level":"info","message":"ruta: /cc/ccncrdef/valida/cantidad - ::1 - [16-07-2024 17:24]"}
{"level":"info","message":"ruta: /cc/ccncrdef/valida/calculoAct - ::1 - [16-07-2024 17:24]"}
{"level":"info","message":"ruta: /cc/ccncrdef/valida/calculoAct - ::1 - [16-07-2024 17:25]"}
{"level":"info","message":"ruta: /cc/ccncrdef/buscar/preform - ::1 - [16-07-2024 17:25]"}
{"level":"info","message":"ruta: /cc/ccncrdef/list/detalle - ::1 - [16-07-2024 17:25]"}
{"level":"info","message":"ruta: /cc/ccncrdef/valida/sucursal - ::1 - [16-07-2024 17:25]"}
{"level":"info","message":"ruta: /cc/ccncrdef/buscar/cliente - ::1 - [16-07-2024 17:25]"}
{"level":"info","message":"ruta: /cc/ccncrdef/valida/cliente - ::1 - [16-07-2024 17:25]"}
{"level":"info","message":"ruta: /cc/ccncrdef/valida/nroCompr - ::1 - [16-07-2024 17:25]"}
{"level":"info","message":"ruta: /cc/ccncrdef/valida/nroCompr - ::1 - [16-07-2024 17:25]"}
{"level":"info","message":"ruta: /cc/ccncrdef/buscar/nroCompr - ::1 - [16-07-2024 17:25]"}
{"level":"info","message":"ruta: /cc/ccncrdef/valida/nroCompr - ::1 - [16-07-2024 17:25]"}
{"level":"info","message":"ruta: /cc/ccncrdef/valida/condVenta - ::1 - [16-07-2024 17:25]"}
{"level":"info","message":"ruta: /cc/ccncrdef/valida/motivoNcr - ::1 - [16-07-2024 17:25]"}
{"level":"info","message":"ruta: /cc/ccncrdef/valida/listPrecio - ::1 - [16-07-2024 17:25]"}
{"level":"info","message":"ruta: /cc/ccncrdef/valida/listPrecio - ::1 - [16-07-2024 17:25]"}
{"level":"info","message":"ruta: /cc/ccncrdef/valida/vendedor - ::1 - [16-07-2024 17:25]"}
{"level":"info","message":"ruta: /cc/ccncrdef/valida/moneda - ::1 - [16-07-2024 17:25]"}
{"level":"info","message":"ruta: /cc/ccncrdef/valida/articulo - ::1 - [16-07-2024 17:25]"}
{"level":"info","message":"ruta: /cc/ccncrdef/valida/um - ::1 - [16-07-2024 17:25]"}
{"level":"info","message":"ruta: /cc/ccncrdef/valida/calculoAct - ::1 - [16-07-2024 17:25]"}
{"level":"info","message":"ruta: /cc/ccncrdef/buscar/preform - ::1 - [16-07-2024 17:29]"}
{"level":"info","message":"ruta: /cc/ccncrdef/list/detalle - ::1 - [16-07-2024 17:29]"}
{"level":"info","message":"ruta: /cc/ccncrdef/buscar/preform - ::1 - [16-07-2024 17:29]"}
{"level":"info","message":"ruta: /cc/ccncrdef/buscar/preform - ::1 - [16-07-2024 17:29]"}
{"level":"info","message":"ruta: /cc/ccncrdef/list/detalle - ::1 - [16-07-2024 17:29]"}
{"level":"info","message":"ruta: /cc/ccncrdef/valida/sucursal - ::1 - [16-07-2024 17:29]"}
{"level":"info","message":"ruta: /cc/ccncrdef/valida/cliente - ::1 - [16-07-2024 17:29]"}
{"level":"info","message":"ruta: /cc/ccncrdef/buscar/nroCompr - ::1 - [16-07-2024 17:29]"}
{"level":"info","message":"ruta: /cc/ccncrdef/valida/nroCompr - ::1 - [16-07-2024 17:29]"}
{"level":"info","message":"ruta: /cc/ccncrdef/valida/condVenta - ::1 - [16-07-2024 17:29]"}
{"level":"info","message":"ruta: /cc/ccncrdef/valida/motivoNcr - ::1 - [16-07-2024 17:29]"}
{"level":"info","message":"ruta: /cc/ccncrdef/valida/listPrecio - ::1 - [16-07-2024 17:29]"}
{"level":"info","message":"ruta: /cc/ccncrdef/valida/vendedor - ::1 - [16-07-2024 17:29]"}
{"level":"info","message":"ruta: /cc/ccncrdef/valida/listPrecio - ::1 - [16-07-2024 17:29]"}
{"level":"info","message":"ruta: /cc/ccncrdef/valida/vendedor - ::1 - [16-07-2024 17:29]"}
{"level":"info","message":"ruta: /cc/ccncrdef/valida/moneda - ::1 - [16-07-2024 17:29]"}
{"level":"info","message":"ruta: /cc/ccncrdef/valida/articulo - ::1 - [16-07-2024 17:29]"}
{"level":"info","message":"ruta: /cc/ccncrdef/valida/um - ::1 - [16-07-2024 17:29]"}
{"level":"info","message":"ruta: /cc/ccncrdef/valida/calculoAct - ::1 - [16-07-2024 17:29]"}
{"level":"info","message":"ruta: /cc/ccncrdef/valida/cantidad - ::1 - [16-07-2024 17:29]"}
{"level":"info","message":"ruta: /cc/ccncrdef/valida/calculoAct - ::1 - [16-07-2024 17:29]"}
{"level":"info","message":"ruta: /cc/ccncrdef/valida/calculoAct - ::1 - [16-07-2024 17:29]"}
{"level":"info","message":"ruta: /cc/ccncrdef/valida/calculoAct - ::1 - [16-07-2024 17:30]"}
{"level":"info","message":"ruta: /cc/ccncrdef/valida/calculoAct - ::1 - [16-07-2024 17:30]"}
{"level":"info","message":"ruta: /cc/ccncrdef/valida/calculoAct - ::1 - [16-07-2024 17:30]"}
{"level":"info","message":"ruta: /cc/ccncrdef/valida/calculoAct - ::1 - [16-07-2024 17:30]"}
{"level":"info","message":"ruta: /cc/ccncrdef/valida/calculoAct - ::1 - [16-07-2024 17:30]"}
{"level":"info","message":"ruta: /cc/ccncrdef/valida/calculoAct - ::1 - [16-07-2024 17:30]"}
{"level":"info","message":"ruta: /cc/ccncrdef/valida/calculoAct - ::1 - [16-07-2024 17:30]"}
{"level":"info","message":"ruta: /cc/ccncrdef/valida/calculoAct - ::1 - [16-07-2024 17:31]"}
