{"level":"info","message":"ruta: /cc/ccrenagr/preform - ::1 - [27-05-2024 19:15]"}
{"level":"info","message":"ruta: /cm/cmfactur/preform - ::1 - [27-05-2024 19:16]"}
{"level":"info","message":"ruta: /cm/cmfactur/list/detalle - ::1 - [27-05-2024 19:16]"}
{"level":"info","message":"ruta: /cc/ccrenagr/preform - ::1 - [27-05-2024 19:16]"}
{"level":"info","message":"ruta: /cc/ccrenagr/buscar/cabecera - ::1 - [27-05-2024 19:16]"}
{"level":"info","message":"ruta: /vt/vtfactur/pre_form - ::1 - [27-05-2024 19:16]"}
{"level":"info","message":"ruta: /vt/vtfactur/list/post_query - ::1 - [27-05-2024 19:16]"}
{"level":"info","message":"ruta: /vt/vtfactur/list/detalle - ::1 - [27-05-2024 19:16]"}
{"level":"info","message":"ruta: /cc/ccrenagr/preform - ::1 - [27-05-2024 19:16]"}
{"level":"info","message":"ruta: /cc/ccrenagr/buscar/cabecera - ::1 - [27-05-2024 19:16]"}
{"level":"info","message":"ruta: /cc/ccrenagr/preform - ::1 - [27-05-2024 19:16]"}
{"level":"info","message":"ruta: /cc/ccrenagr/buscar/cabecera - ::1 - [27-05-2024 19:16]"}
{"level":"info","message":"ruta: /cc/ccrenagr/buscar/cabecera - ::1 - [27-05-2024 19:16]"}
{"level":"info","message":"ruta: /cc/ccrenagr/valida/cliente - ::1 - [27-05-2024 19:16]"}
{"level":"info","message":"ruta: /cc/ccrenagr/buscar/cabecera - ::1 - [27-05-2024 19:16]"}
{"level":"info","message":"ruta: /cc/ccrenagr/valida/pagar - ::1 - [27-05-2024 19:17]"}
{"level":"info","message":"ruta: /cc/ccrenagr/buscar/cabecera - ::1 - [27-05-2024 19:19]"}
{"level":"info","message":"ruta: /cc/ccrenagr/buscar/cabecera - ::1 - [27-05-2024 19:19]"}
{"level":"info","message":"ruta: /cc/ccrenagr/buscar/cabecera - ::1 - [27-05-2024 19:19]"}
{"level":"info","message":"ruta: /cc/ccrenagr/buscar/cabecera - ::1 - [27-05-2024 19:19]"}
{"level":"info","message":"ruta: /cc/ccrenagr/valida/pagar - ::1 - [27-05-2024 19:21]"}
{"level":"info","message":"ruta: /cc/ccrenagr/preform - ::1 - [27-05-2024 19:21]"}
{"level":"info","message":"ruta: /cc/ccrenagr/buscar/cabecera - ::1 - [27-05-2024 19:21]"}
{"level":"info","message":"ruta: /cc/ccrenagr/preform - ::1 - [27-05-2024 19:21]"}
{"level":"info","message":"ruta: /cc/ccrenagr/buscar/cabecera - ::1 - [27-05-2024 19:21]"}
{"level":"info","message":"ruta: /cc/ccrenagr/valida/cliente - ::1 - [27-05-2024 19:21]"}
{"level":"info","message":"ruta: /cc/ccrenagr/buscar/cabecera - ::1 - [27-05-2024 19:21]"}
{"level":"info","message":"ruta: /cc/ccrenagr/buscar/cabecera - ::1 - [27-05-2024 19:22]"}
{"level":"info","message":"ruta: /cc/ccrenagr/valida/pagar - ::1 - [27-05-2024 19:22]"}
{"level":"info","message":"ruta: /cc/ccrenagr/preform - ::1 - [27-05-2024 19:27]"}
{"level":"info","message":"ruta: /cc/ccrenagr/buscar/cabecera - ::1 - [27-05-2024 19:27]"}
{"level":"info","message":"ruta: /cc/ccrenagr/preform - ::1 - [27-05-2024 19:28]"}
{"level":"info","message":"ruta: /cc/ccrenagr/buscar/cabecera - ::1 - [27-05-2024 19:28]"}
{"level":"info","message":"ruta: /cc/ccrenagr/buscar/cabecera - ::1 - [27-05-2024 19:28]"}
{"level":"info","message":"ruta: /cc/ccrenagr/valida/cliente - ::1 - [27-05-2024 19:28]"}
{"level":"info","message":"ruta: /cc/ccrenagr/buscar/cabecera - ::1 - [27-05-2024 19:28]"}
{"level":"info","message":"ruta: /cc/ccrenagr/buscar/cabecera - ::1 - [27-05-2024 19:28]"}
{"level":"info","message":"ruta: /cc/ccrenagr/buscar/cabecera - ::1 - [27-05-2024 19:28]"}
{"level":"info","message":"ruta: /cc/ccrenagr/buscar/cabecera - ::1 - [27-05-2024 19:28]"}
{"level":"info","message":"ruta: /cc/ccrenagr/buscar/cabecera - ::1 - [27-05-2024 19:28]"}
{"level":"info","message":"ruta: /cc/ccrenagr/buscar/cabecera - ::1 - [27-05-2024 19:28]"}
{"level":"info","message":"ruta: /cc/ccrenagr/valida/pagar - ::1 - [27-05-2024 19:29]"}
{"level":"info","message":"ruta: /cc/ccrenagr/valida/pagar - ::1 - [27-05-2024 19:29]"}
{"level":"info","message":"ruta: /cc/ccrenagr/valida/pagar - ::1 - [27-05-2024 19:29]"}
{"level":"info","message":"ruta: /cc/ccrenagr/valida/pagar - ::1 - [27-05-2024 19:29]"}
{"level":"info","message":"ruta: /cc/ccrenagr/preform - ::1 - [27-05-2024 19:29]"}
{"level":"info","message":"ruta: /cc/ccrenagr/buscar/cabecera - ::1 - [27-05-2024 19:29]"}
{"level":"info","message":"ruta: /cc/ccrenagr/preform - ::1 - [27-05-2024 19:29]"}
{"level":"info","message":"ruta: /cc/ccrenagr/buscar/cabecera - ::1 - [27-05-2024 19:29]"}
{"level":"info","message":"ruta: /cc/ccrenagr/valida/cliente - ::1 - [27-05-2024 19:30]"}
{"level":"info","message":"ruta: /cc/ccrenagr/preform - ::1 - [27-05-2024 19:31]"}
{"level":"info","message":"ruta: /cc/ccrenagr/buscar/cabecera - ::1 - [27-05-2024 19:31]"}
{"level":"info","message":"ruta: /cc/ccrenagr/valida/cliente - ::1 - [27-05-2024 19:31]"}
{"level":"info","message":"ruta: /cc/ccrenagr/buscar/cabecera - ::1 - [27-05-2024 19:31]"}
{"level":"info","message":"ruta: /cc/ccrenagr/valida/pagar - ::1 - [27-05-2024 19:31]"}
{"level":"info","message":"ruta: /cc/ccrenagr/valida/pagar - ::1 - [27-05-2024 19:31]"}
{"level":"info","message":"ruta: /cc/ccrenagr/preform - ::1 - [27-05-2024 19:32]"}
{"level":"info","message":"ruta: /cc/ccrenagr/buscar/cabecera - ::1 - [27-05-2024 19:32]"}
{"level":"info","message":"ruta: /cc/ccrenagr/buscar/cliente - ::1 - [27-05-2024 19:32]"}
{"level":"info","message":"ruta: /cc/ccrenagr/preform - ::1 - [27-05-2024 19:32]"}
{"level":"info","message":"ruta: /cc/ccrenagr/buscar/cabecera - ::1 - [27-05-2024 19:32]"}
{"level":"info","message":"ruta: /cc/ccrenagr/buscar/cliente - ::1 - [27-05-2024 19:32]"}
{"level":"info","message":"ruta: /vt/vtfactur/pre_form - ::1 - [27-05-2024 19:32]"}
{"level":"info","message":"ruta: /vt/vtfactur/list/post_query - ::1 - [27-05-2024 19:32]"}
{"level":"info","message":"ruta: /vt/vtfactur/list/detalle - ::1 - [27-05-2024 19:32]"}
{"level":"info","message":"ruta: /cc/ccrenagr/preform - ::1 - [27-05-2024 19:32]"}
{"level":"info","message":"ruta: /cc/ccrenagr/buscar/cabecera - ::1 - [27-05-2024 19:32]"}
{"level":"info","message":"ruta: /cc/ccrenagr/preform - ::1 - [27-05-2024 19:33]"}
{"level":"info","message":"ruta: /cc/ccrenagr/buscar/cabecera - ::1 - [27-05-2024 19:33]"}
{"level":"info","message":"ruta: /cc/ccrenagr/preform - ::1 - [27-05-2024 19:33]"}
{"level":"info","message":"ruta: /cc/ccrenagr/buscar/cabecera - ::1 - [27-05-2024 19:33]"}
{"level":"info","message":"ruta: /cc/ccrenagr/buscar/cliente - ::1 - [27-05-2024 19:33]"}
{"level":"info","message":"ruta: /cc/ccrenagr/buscar/cliente - ::1 - [27-05-2024 19:33]"}
{"level":"info","message":"ruta: /cc/ccrenagr/buscar/cliente - ::1 - [27-05-2024 19:33]"}
{"level":"info","message":"ruta: /cc/ccrenagr/buscar/cliente - ::1 - [27-05-2024 19:34]"}
{"level":"info","message":"ruta: /cc/ccrenagr/preform - ::1 - [27-05-2024 19:34]"}
{"level":"info","message":"ruta: /cc/ccrenagr/buscar/cabecera - ::1 - [27-05-2024 19:34]"}
{"level":"info","message":"ruta: /cc/ccrenagr/preform - ::1 - [27-05-2024 19:34]"}
{"level":"info","message":"ruta: /cc/ccrenagr/buscar/cabecera - ::1 - [27-05-2024 19:34]"}
{"level":"info","message":"ruta: /cc/ccrenagr/preform - ::1 - [27-05-2024 19:34]"}
{"level":"info","message":"ruta: /cc/ccrenagr/buscar/cabecera - ::1 - [27-05-2024 19:35]"}
{"level":"info","message":"ruta: /cc/ccrenagr/preform - ::1 - [27-05-2024 19:35]"}
{"level":"info","message":"ruta: /cc/ccrenagr/buscar/cabecera - ::1 - [27-05-2024 19:35]"}
{"level":"info","message":"ruta: /cc/ccrenagr/buscar/cliente - ::1 - [27-05-2024 19:35]"}
{"level":"info","message":"ruta: /cc/ccrenagr/preform - ::1 - [27-05-2024 19:35]"}
{"level":"info","message":"ruta: /cc/ccrenagr/buscar/cabecera - ::1 - [27-05-2024 19:35]"}
{"level":"info","message":"ruta: /cc/ccrenagr/buscar/cliente - ::1 - [27-05-2024 19:35]"}
{"level":"info","message":"ruta: /vt/vtfactur/pre_form - ::1 - [27-05-2024 19:36]"}
{"level":"info","message":"ruta: /vt/vtfactur/list/post_query - ::1 - [27-05-2024 19:36]"}
{"level":"info","message":"ruta: /vt/vtfactur/list/detalle - ::1 - [27-05-2024 19:36]"}
{"level":"info","message":"ruta: /cc/ccrenagr/preform - ::1 - [27-05-2024 19:36]"}
{"level":"info","message":"ruta: /cc/ccrenagr/buscar/cabecera - ::1 - [27-05-2024 19:36]"}
{"level":"info","message":"ruta: /cc/ccrenagr/buscar/cliente - ::1 - [27-05-2024 19:36]"}
{"level":"info","message":"ruta: /cc/ccrenagr/preform - ::1 - [27-05-2024 19:37]"}
{"level":"info","message":"ruta: /cc/ccrenagr/buscar/cabecera - ::1 - [27-05-2024 19:37]"}
{"level":"info","message":"ruta: /cc/ccrenagr/buscar/cliente - ::1 - [27-05-2024 19:37]"}
{"level":"info","message":"ruta: /cc/ccrenagr/buscar/cliente - ::1 - [27-05-2024 19:37]"}
{"level":"info","message":"ruta: /cc/ccrenagr/buscar/cliente - ::1 - [27-05-2024 19:37]"}
{"level":"info","message":"ruta: /cc/ccrenagr/buscar/cliente - ::1 - [27-05-2024 19:37]"}
{"level":"info","message":"ruta: /cc/ccrenagr/valida/cliente - ::1 - [27-05-2024 19:37]"}
{"level":"info","message":"ruta: /cc/ccrenagr/buscar/cabecera - ::1 - [27-05-2024 19:37]"}
{"level":"info","message":"ruta: /cc/ccrenagr/buscar/cuenta - ::1 - [27-05-2024 19:37]"}
{"level":"info","message":"ruta: /cc/ccrenagr/valida/cuenta - ::1 - [27-05-2024 19:37]"}
{"level":"info","message":"ruta: /cc/ccrenagr/buscar/cabecera - ::1 - [27-05-2024 19:37]"}
{"level":"info","message":"ruta: /cc/ccrenagr/buscar/cuenta - ::1 - [27-05-2024 19:37]"}
{"level":"info","message":"ruta: /cc/ccrenagr/preform - ::1 - [27-05-2024 19:37]"}
{"level":"info","message":"ruta: /cc/ccrenagr/buscar/cabecera - ::1 - [27-05-2024 19:37]"}
{"level":"info","message":"ruta: /cc/ccrenagr/preform - ::1 - [27-05-2024 19:37]"}
{"level":"info","message":"ruta: /cc/ccrenagr/buscar/cabecera - ::1 - [27-05-2024 19:37]"}
{"level":"info","message":"ruta: /cc/ccrenagr/buscar/cuenta - ::1 - [27-05-2024 19:38]"}
{"level":"info","message":"ruta: /cc/ccrenagr/valida/cuenta - ::1 - [27-05-2024 19:38]"}
{"level":"info","message":"ruta: /cc/ccrenagr/buscar/cabecera - ::1 - [27-05-2024 19:38]"}
{"level":"info","message":"ruta: /cc/ccrenagr/buscar/cliente - ::1 - [27-05-2024 19:38]"}
{"level":"info","message":"ruta: /cc/ccrenagr/valida/cliente - ::1 - [27-05-2024 19:38]"}
{"level":"info","message":"ruta: /cc/ccrenagr/preform - ::1 - [27-05-2024 19:38]"}
{"level":"info","message":"ruta: /cc/ccrenagr/buscar/cabecera - ::1 - [27-05-2024 19:38]"}
{"level":"info","message":"ruta: /cc/ccrenagr/buscar/cliente - ::1 - [27-05-2024 19:38]"}
{"level":"info","message":"ruta: /cc/ccrenagr/valida/cliente - ::1 - [27-05-2024 19:38]"}
{"level":"info","message":"ruta: /cc/ccrenagr/buscar/cuenta - ::1 - [27-05-2024 19:38]"}
{"level":"info","message":"ruta: /cc/ccrenagr/valida/cuenta - ::1 - [27-05-2024 19:38]"}
{"level":"info","message":"ruta: /cc/ccrenagr/buscar/cabecera - ::1 - [27-05-2024 19:38]"}
{"level":"info","message":"ruta: /cc/ccrenagr/buscar/cabecera - ::1 - [27-05-2024 19:38]"}
{"level":"info","message":"ruta: /cc/ccrenagr/preform - ::1 - [27-05-2024 19:38]"}
{"level":"info","message":"ruta: /cc/ccrenagr/buscar/cabecera - ::1 - [27-05-2024 19:38]"}
{"level":"info","message":"ruta: /cc/ccrenagr/buscar/cliente - ::1 - [27-05-2024 19:38]"}
{"level":"info","message":"ruta: /cc/ccrenagr/valida/cliente - ::1 - [27-05-2024 19:38]"}
{"level":"info","message":"ruta: /cc/ccrenagr/buscar/cuenta - ::1 - [27-05-2024 19:38]"}
{"level":"info","message":"ruta: /cc/ccrenagr/valida/cuenta - ::1 - [27-05-2024 19:38]"}
{"level":"info","message":"ruta: /cc/ccrenagr/preform - ::1 - [27-05-2024 19:38]"}
{"level":"info","message":"ruta: /cc/ccrenagr/buscar/cabecera - ::1 - [27-05-2024 19:38]"}
{"level":"info","message":"ruta: /cc/ccrenagr/buscar/cliente - ::1 - [27-05-2024 19:38]"}
{"level":"info","message":"ruta: /cc/ccrenagr/valida/cliente - ::1 - [27-05-2024 19:38]"}
{"level":"info","message":"ruta: /cc/ccrenagr/buscar/cuenta - ::1 - [27-05-2024 19:38]"}
{"level":"info","message":"ruta: /cc/ccrenagr/valida/cuenta - ::1 - [27-05-2024 19:38]"}
{"level":"info","message":"ruta: /cc/ccrenagr/preform - ::1 - [27-05-2024 19:38]"}
{"level":"info","message":"ruta: /cc/ccrenagr/buscar/cabecera - ::1 - [27-05-2024 19:38]"}
{"level":"info","message":"ruta: /cc/ccrenagr/buscar/cliente - ::1 - [27-05-2024 19:38]"}
{"level":"info","message":"ruta: /cc/ccrenagr/valida/cliente - ::1 - [27-05-2024 19:38]"}
{"level":"info","message":"ruta: /cc/ccrenagr/preform - ::1 - [27-05-2024 19:39]"}
{"level":"info","message":"ruta: /cc/ccrenagr/buscar/cabecera - ::1 - [27-05-2024 19:39]"}
{"level":"info","message":"ruta: /cc/ccrenagr/preform - ::1 - [27-05-2024 19:39]"}
{"level":"info","message":"ruta: /cc/ccrenagr/buscar/cabecera - ::1 - [27-05-2024 19:39]"}
{"level":"info","message":"ruta: /cc/ccrenagr/valida/cliente - ::1 - [27-05-2024 19:39]"}
{"level":"info","message":"ruta: /cc/ccrenagr/valida/cliente - ::1 - [27-05-2024 19:39]"}
{"level":"info","message":"ruta: /cc/ccrenagr/valida/cliente - ::1 - [27-05-2024 19:39]"}
{"level":"info","message":"ruta: /cc/ccrenagr/valida/cliente - ::1 - [27-05-2024 19:39]"}
{"level":"info","message":"ruta: /cc/ccrenagr/preform - ::1 - [27-05-2024 19:39]"}
{"level":"info","message":"ruta: /cc/ccrenagr/buscar/cabecera - ::1 - [27-05-2024 19:39]"}
{"level":"info","message":"ruta: /cc/ccrenagr/valida/cliente - ::1 - [27-05-2024 19:39]"}
{"level":"info","message":"ruta: /cc/ccrenagr/valida/cliente - ::1 - [27-05-2024 19:39]"}
{"level":"info","message":"ruta: /cc/ccrenagr/valida/cliente - ::1 - [27-05-2024 19:39]"}
{"level":"info","message":"ruta: /cc/ccrenagr/valida/cliente - ::1 - [27-05-2024 19:39]"}
{"level":"info","message":"ruta: /cc/ccrenagr/valida/cliente - ::1 - [27-05-2024 19:39]"}
{"level":"info","message":"ruta: /cc/ccrenagr/valida/cuenta - ::1 - [27-05-2024 19:39]"}
{"level":"info","message":"ruta: /cc/ccrenagr/buscar/cuenta - ::1 - [27-05-2024 19:40]"}
{"level":"info","message":"ruta: /cc/ccrenagr/valida/cuenta - ::1 - [27-05-2024 19:40]"}
{"level":"info","message":"ruta: /cc/ccrenagr/preform - ::1 - [27-05-2024 19:40]"}
{"level":"info","message":"ruta: /cc/ccrenagr/buscar/cabecera - ::1 - [27-05-2024 19:40]"}
{"level":"info","message":"ruta: /cc/ccrenagr/buscar/cliente - ::1 - [27-05-2024 19:40]"}
{"level":"info","message":"ruta: /cc/ccrenagr/valida/cliente - ::1 - [27-05-2024 19:40]"}
{"level":"info","message":"ruta: /cc/ccrenagr/buscar/cliente - ::1 - [27-05-2024 19:40]"}
{"level":"info","message":"ruta: /cc/ccrenagr/buscar/cuenta - ::1 - [27-05-2024 19:40]"}
{"level":"info","message":"ruta: /cc/ccrenagr/preform - ::1 - [27-05-2024 19:40]"}
{"level":"info","message":"ruta: /cc/ccrenagr/buscar/cabecera - ::1 - [27-05-2024 19:40]"}
{"level":"info","message":"ruta: /cc/ccrenagr/buscar/cliente - ::1 - [27-05-2024 19:40]"}
{"level":"info","message":"ruta: /cc/ccrenagr/buscar/cliente - ::1 - [27-05-2024 19:40]"}
{"level":"info","message":"ruta: /cc/ccrenagr/buscar/cuenta - ::1 - [27-05-2024 19:40]"}
{"level":"info","message":"ruta: /cc/ccrenagr/preform - ::1 - [27-05-2024 19:40]"}
{"level":"info","message":"ruta: /cc/ccrenagr/buscar/cabecera - ::1 - [27-05-2024 19:40]"}
{"level":"info","message":"ruta: /cc/ccrenagr/preform - ::1 - [27-05-2024 19:40]"}
{"level":"info","message":"ruta: /cc/ccrenagr/buscar/cabecera - ::1 - [27-05-2024 19:40]"}
{"level":"info","message":"ruta: /cc/ccrenagr/buscar/cliente - ::1 - [27-05-2024 19:40]"}
{"level":"info","message":"ruta: /cc/ccrenagr/valida/cliente - ::1 - [27-05-2024 19:40]"}
{"level":"info","message":"ruta: /cc/ccrenagr/buscar/cuenta - ::1 - [27-05-2024 19:40]"}
{"level":"info","message":"ruta: /cc/ccrenagr/valida/cuenta - ::1 - [27-05-2024 19:40]"}
{"level":"info","message":"ruta: /cc/ccrenagr/preform - ::1 - [27-05-2024 19:40]"}
{"level":"info","message":"ruta: /cc/ccrenagr/buscar/cabecera - ::1 - [27-05-2024 19:40]"}
{"level":"info","message":"ruta: /cc/ccrenagr/buscar/cliente - ::1 - [27-05-2024 19:40]"}
{"level":"info","message":"ruta: /cc/ccrenagr/valida/cliente - ::1 - [27-05-2024 19:40]"}
{"level":"info","message":"ruta: /cc/ccrenagr/buscar/cuenta - ::1 - [27-05-2024 19:40]"}
{"level":"info","message":"ruta: /cc/ccrenagr/valida/cuenta - ::1 - [27-05-2024 19:40]"}
{"level":"info","message":"ruta: /cc/ccrenagr/buscar/cabecera - ::1 - [27-05-2024 19:40]"}
{"level":"info","message":"ruta: /cc/ccrenagr/preform - ::1 - [27-05-2024 19:40]"}
{"level":"info","message":"ruta: /cc/ccrenagr/buscar/cabecera - ::1 - [27-05-2024 19:40]"}
{"level":"info","message":"ruta: /cc/ccrenagr/buscar/cliente - ::1 - [27-05-2024 19:40]"}
{"level":"info","message":"ruta: /cc/ccrenagr/valida/cliente - ::1 - [27-05-2024 19:41]"}
{"level":"info","message":"ruta: /cc/ccrenagr/buscar/cuenta - ::1 - [27-05-2024 19:41]"}
{"level":"info","message":"ruta: /cc/ccrenagr/valida/cuenta - ::1 - [27-05-2024 19:41]"}
{"level":"info","message":"ruta: /cc/ccrenagr/buscar/cabecera - ::1 - [27-05-2024 19:41]"}
{"level":"info","message":"ruta: /cc/ccrenagr/valida/cliente - ::1 - [27-05-2024 19:41]"}
{"level":"info","message":"ruta: /cc/ccrenagr/buscar/cuenta - ::1 - [27-05-2024 19:41]"}
{"level":"info","message":"ruta: /cc/ccrenagr/buscar/cuenta - ::1 - [27-05-2024 19:41]"}
{"level":"info","message":"ruta: /cc/ccrenagr/buscar/cuenta - ::1 - [27-05-2024 19:41]"}
{"level":"info","message":"ruta: /cc/ccrenagr/valida/cuenta - ::1 - [27-05-2024 19:41]"}
{"level":"info","message":"ruta: /cc/ccrenagr/valida/cliente - ::1 - [27-05-2024 19:42]"}
{"level":"info","message":"ruta: /cc/ccrenagr/valida/cliente - ::1 - [27-05-2024 19:42]"}
{"level":"info","message":"ruta: /cc/ccrenagr/preform - ::1 - [27-05-2024 19:42]"}
{"level":"info","message":"ruta: /cc/ccrenagr/buscar/cabecera - ::1 - [27-05-2024 19:42]"}
{"level":"info","message":"ruta: /cc/ccrenagr/valida/cliente - ::1 - [27-05-2024 19:43]"}
{"level":"info","message":"ruta: /cc/ccrenagr/buscar/cabecera - ::1 - [27-05-2024 19:43]"}
{"level":"info","message":"ruta: /cc/ccrenagr/valida/pagar - ::1 - [27-05-2024 19:43]"}
{"level":"info","message":"ruta: /cc/ccrenagr/valida/pagar - ::1 - [27-05-2024 19:44]"}
{"level":"info","message":"ruta: /cc/ccrenagr/valida/pagar - ::1 - [27-05-2024 19:44]"}
{"level":"info","message":"ruta: /cc/ccrenagr/preform - ::1 - [27-05-2024 19:45]"}
{"level":"info","message":"ruta: /cc/ccrenagr/buscar/cabecera - ::1 - [27-05-2024 19:45]"}
{"level":"info","message":"ruta: /cc/ccrenagr/buscar/cliente - ::1 - [27-05-2024 19:45]"}
{"level":"info","message":"ruta: /cc/ccrenagr/valida/cliente - ::1 - [27-05-2024 19:45]"}
{"level":"info","message":"ruta: /cc/ccrenagr/preform - ::1 - [27-05-2024 19:46]"}
{"level":"info","message":"ruta: /cc/ccrenagr/buscar/cabecera - ::1 - [27-05-2024 19:46]"}
{"level":"info","message":"ruta: /cc/ccrenagr/valida/cliente - ::1 - [27-05-2024 19:47]"}
{"level":"info","message":"ruta: /cc/ccrenagr/valida/cuenta - ::1 - [27-05-2024 19:47]"}
{"level":"info","message":"ruta: /cc/ccrenagr/valida/cuenta - ::1 - [27-05-2024 19:47]"}
{"level":"info","message":"ruta: /cc/ccrenagr/valida/cuenta - ::1 - [27-05-2024 19:47]"}
{"level":"info","message":"ruta: /cc/ccrenagr/valida/cuenta - ::1 - [27-05-2024 19:47]"}
{"level":"info","message":"ruta: /cc/ccrenagr/buscar/cuenta - ::1 - [27-05-2024 19:47]"}
{"level":"info","message":"ruta: /cc/ccrenagr/valida/cuenta - ::1 - [27-05-2024 19:47]"}
{"level":"info","message":"ruta: /cc/ccrenagr/buscar/cabecera - ::1 - [27-05-2024 19:47]"}
{"level":"info","message":"ruta: /cc/ccrenagr/preform - ::1 - [27-05-2024 19:47]"}
{"level":"info","message":"ruta: /cc/ccrenagr/buscar/cabecera - ::1 - [27-05-2024 19:47]"}
{"level":"info","message":"ruta: /cc/ccrenagr/valida/cliente - ::1 - [27-05-2024 19:47]"}
{"level":"info","message":"ruta: /cc/ccrenagr/valida/cuenta - ::1 - [27-05-2024 19:47]"}
{"level":"info","message":"ruta: /cc/ccrenagr/valida/cuenta - ::1 - [27-05-2024 19:47]"}
{"level":"info","message":"ruta: /cc/ccrenagr/preform - ::1 - [27-05-2024 19:47]"}
{"level":"info","message":"ruta: /cc/ccrenagr/buscar/cabecera - ::1 - [27-05-2024 19:47]"}
{"level":"info","message":"ruta: /cc/ccrenagr/valida/cliente - ::1 - [27-05-2024 19:47]"}
{"level":"info","message":"ruta: /cc/ccrenagr/preform - ::1 - [27-05-2024 19:49]"}
{"level":"info","message":"ruta: /cc/ccrenagr/buscar/cabecera - ::1 - [27-05-2024 19:49]"}
{"level":"info","message":"ruta: /cc/ccrenagr/preform - ::1 - [27-05-2024 19:49]"}
{"level":"info","message":"ruta: /cc/ccrenagr/buscar/cabecera - ::1 - [27-05-2024 19:49]"}
{"level":"info","message":"ruta: /cc/ccrenagr/valida/cliente - ::1 - [27-05-2024 19:49]"}
{"level":"info","message":"ruta: /cc/ccrenagr/valida/cliente - ::1 - [27-05-2024 19:49]"}
{"level":"info","message":"ruta: /cc/ccrenagr/valida/cuenta - ::1 - [27-05-2024 19:49]"}
{"level":"info","message":"ruta: /cc/ccrenagr/valida/cuenta - ::1 - [27-05-2024 19:49]"}
{"level":"info","message":"ruta: /cc/ccrenagr/buscar/cuenta - ::1 - [27-05-2024 19:49]"}
{"level":"info","message":"ruta: /cc/ccrenagr/valida/cuenta - ::1 - [27-05-2024 19:49]"}
{"level":"info","message":"ruta: /cc/ccrenagr/preform - ::1 - [27-05-2024 19:49]"}
{"level":"info","message":"ruta: /cc/ccrenagr/buscar/cabecera - ::1 - [27-05-2024 19:49]"}
{"level":"info","message":"ruta: /cc/ccrenagr/buscar/cliente - ::1 - [27-05-2024 19:49]"}
{"level":"info","message":"ruta: /cc/ccrenagr/valida/cliente - ::1 - [27-05-2024 19:49]"}
{"level":"info","message":"ruta: /cc/ccrenagr/buscar/cuenta - ::1 - [27-05-2024 19:49]"}
{"level":"info","message":"ruta: /cc/ccrenagr/preform - ::1 - [27-05-2024 19:49]"}
{"level":"info","message":"ruta: /cc/ccrenagr/buscar/cabecera - ::1 - [27-05-2024 19:49]"}
{"level":"info","message":"ruta: /cc/ccrenagr/valida/cliente - ::1 - [27-05-2024 19:49]"}
{"level":"info","message":"ruta: /cc/ccrenagr/buscar/cuenta - ::1 - [27-05-2024 19:49]"}
{"level":"info","message":"ruta: /cc/ccrenagr/valida/cuenta - ::1 - [27-05-2024 19:50]"}
{"level":"info","message":"ruta: /cc/ccrenagr/preform - ::1 - [27-05-2024 19:50]"}
{"level":"info","message":"ruta: /cc/ccrenagr/buscar/cabecera - ::1 - [27-05-2024 19:50]"}
{"level":"info","message":"ruta: /cc/ccrenagr/buscar/cliente - ::1 - [27-05-2024 19:50]"}
{"level":"info","message":"ruta: /cc/ccrenagr/valida/cliente - ::1 - [27-05-2024 19:50]"}
{"level":"info","message":"ruta: /cc/ccrenagr/buscar/cuenta - ::1 - [27-05-2024 19:50]"}
{"level":"info","message":"ruta: /cc/ccrenagr/valida/cuenta - ::1 - [27-05-2024 19:50]"}
{"level":"info","message":"ruta: /cc/ccrenagr/buscar/cliente - ::1 - [27-05-2024 19:50]"}
{"level":"info","message":"ruta: /cc/ccrenagr/valida/cliente - ::1 - [27-05-2024 19:50]"}
{"level":"info","message":"ruta: /cc/ccrenagr/buscar/cuenta - ::1 - [27-05-2024 19:50]"}
{"level":"info","message":"ruta: /cc/ccrenagr/preform - ::1 - [27-05-2024 19:51]"}
{"level":"info","message":"ruta: /cc/ccrenagr/buscar/cabecera - ::1 - [27-05-2024 19:51]"}
{"level":"info","message":"ruta: /cc/ccrenagr/preform - ::1 - [27-05-2024 19:51]"}
{"level":"info","message":"ruta: /cc/ccrenagr/buscar/cabecera - ::1 - [27-05-2024 19:51]"}
{"level":"info","message":"ruta: /cc/ccrenagr/valida/cliente - ::1 - [27-05-2024 19:51]"}
{"level":"info","message":"ruta: /cc/ccrenagr/buscar/cabecera - ::1 - [27-05-2024 19:51]"}
{"level":"info","message":"ruta: /cc/ccrenagr/preform - ::1 - [27-05-2024 19:51]"}
{"level":"info","message":"ruta: /cc/ccrenagr/buscar/cabecera - ::1 - [27-05-2024 19:51]"}
{"level":"info","message":"ruta: /cc/ccrenagr/buscar/cliente - ::1 - [27-05-2024 19:51]"}
{"level":"info","message":"ruta: /cc/ccrenagr/valida/cliente - ::1 - [27-05-2024 19:51]"}
{"level":"info","message":"ruta: /cc/ccrenagr/buscar/cuenta - ::1 - [27-05-2024 19:51]"}
{"level":"info","message":"ruta: /cc/ccrenagr/valida/cuenta - ::1 - [27-05-2024 19:52]"}
{"level":"info","message":"ruta: /cc/ccrenagr/buscar/cabecera - ::1 - [27-05-2024 19:52]"}
{"level":"info","message":"ruta: /cc/ccrenagr/buscar/cliente - ::1 - [27-05-2024 19:52]"}
{"level":"info","message":"ruta: /cc/ccrenagr/buscar/cliente - ::1 - [27-05-2024 19:52]"}
{"level":"info","message":"ruta: /cc/ccrenagr/preform - ::1 - [27-05-2024 19:52]"}
{"level":"info","message":"ruta: /cc/ccrenagr/buscar/cabecera - ::1 - [27-05-2024 19:52]"}
{"level":"info","message":"ruta: /cc/ccrenagr/preform - ::1 - [27-05-2024 19:53]"}
{"level":"info","message":"ruta: /cc/ccrenagr/buscar/cabecera - ::1 - [27-05-2024 19:53]"}
{"level":"info","message":"ruta: /cc/ccrenagr/preform - ::1 - [27-05-2024 19:54]"}
{"level":"info","message":"ruta: /cc/ccrenagr/buscar/cabecera - ::1 - [27-05-2024 19:54]"}
{"level":"info","message":"ruta: /cc/ccrenagr/preform - ::1 - [27-05-2024 19:54]"}
{"level":"info","message":"ruta: /cc/ccrenagr/buscar/cabecera - ::1 - [27-05-2024 19:54]"}
{"level":"info","message":"ruta: /cc/ccrenagr/buscar/cabecera - ::1 - [27-05-2024 19:54]"}
{"level":"info","message":"ruta: /cc/ccrenagr/buscar/cliente - ::1 - [27-05-2024 19:54]"}
{"level":"info","message":"ruta: /cc/ccrenagr/valida/cliente - ::1 - [27-05-2024 19:54]"}
{"level":"info","message":"ruta: /cc/ccrenagr/buscar/cuenta - ::1 - [27-05-2024 19:54]"}
{"level":"info","message":"ruta: /cc/ccrenagr/valida/cuenta - ::1 - [27-05-2024 19:54]"}
{"level":"info","message":"ruta: /cc/ccrenagr/buscar/cabecera - ::1 - [27-05-2024 19:54]"}
{"level":"info","message":"ruta: /cc/ccrenagr/buscar/cliente - ::1 - [27-05-2024 19:55]"}
{"level":"info","message":"ruta: /cc/ccrenagr/preform - ::1 - [27-05-2024 19:56]"}
{"level":"info","message":"ruta: /cc/ccrenagr/buscar/cabecera - ::1 - [27-05-2024 19:56]"}
{"level":"info","message":"ruta: /cc/ccrenagr/preform - ::1 - [27-05-2024 19:58]"}
{"level":"info","message":"ruta: /cc/ccrenagr/buscar/cabecera - ::1 - [27-05-2024 19:58]"}
{"level":"info","message":"ruta: /cc/ccrenagr/valida/cliente - ::1 - [27-05-2024 19:58]"}
{"level":"info","message":"ruta: /cc/ccrenagr/valida/cuenta - ::1 - [27-05-2024 19:58]"}
{"level":"info","message":"ruta: /cc/ccrenagr/valida/cuenta - ::1 - [27-05-2024 19:58]"}
{"level":"info","message":"ruta: /cc/ccrenagr/buscar/cuenta - ::1 - [27-05-2024 19:58]"}
{"level":"info","message":"ruta: /cc/ccrenagr/valida/cuenta - ::1 - [27-05-2024 19:58]"}
{"level":"info","message":"ruta: /cc/ccrenagr/preform - ::1 - [27-05-2024 19:59]"}
{"level":"info","message":"ruta: /cc/ccrenagr/buscar/cabecera - ::1 - [27-05-2024 19:59]"}
{"level":"info","message":"ruta: /cc/ccrenagr/preform - ::1 - [27-05-2024 20:00]"}
{"level":"info","message":"ruta: /cc/ccrenagr/buscar/cabecera - ::1 - [27-05-2024 20:00]"}
{"level":"info","message":"ruta: /cc/ccrenagr/preform - ::1 - [27-05-2024 20:00]"}
{"level":"info","message":"ruta: /cc/ccrenagr/buscar/cabecera - ::1 - [27-05-2024 20:00]"}
{"level":"info","message":"ruta: /cc/ccrenagr/preform - ::1 - [27-05-2024 20:00]"}
{"level":"info","message":"ruta: /cc/ccrenagr/buscar/cabecera - ::1 - [27-05-2024 20:00]"}
{"level":"info","message":"ruta: /cc/ccrenagr/buscar/cliente - ::1 - [27-05-2024 20:00]"}
{"level":"info","message":"ruta: /cc/ccrenagr/valida/cliente - ::1 - [27-05-2024 20:01]"}
{"level":"info","message":"ruta: /cc/ccrenagr/buscar/cabecera - ::1 - [27-05-2024 20:01]"}
{"level":"info","message":"ruta: /cc/ccrenagr/buscar/cuenta - ::1 - [27-05-2024 20:01]"}
{"level":"info","message":"ruta: /cc/ccrenagr/valida/cuenta - ::1 - [27-05-2024 20:01]"}
{"level":"info","message":"ruta: /cc/ccrenagr/buscar/cabecera - ::1 - [27-05-2024 20:01]"}
{"level":"info","message":"ruta: /cc/ccrenagr/preform - ::1 - [27-05-2024 20:01]"}
{"level":"info","message":"ruta: /cc/ccrenagr/buscar/cabecera - ::1 - [27-05-2024 20:01]"}
{"level":"info","message":"ruta: /cc/ccrenagr/buscar/cliente - ::1 - [27-05-2024 20:01]"}
{"level":"info","message":"ruta: /cc/ccrenagr/valida/cliente - ::1 - [27-05-2024 20:01]"}
{"level":"info","message":"ruta: /cc/ccrenagr/buscar/cuenta - ::1 - [27-05-2024 20:01]"}
{"level":"info","message":"ruta: /cc/ccrenagr/valida/cuenta - ::1 - [27-05-2024 20:01]"}
{"level":"info","message":"ruta: /cc/ccrenagr/buscar/cabecera - ::1 - [27-05-2024 20:01]"}
{"level":"info","message":"ruta: /cc/ccrenagr/buscar/cliente - ::1 - [27-05-2024 20:01]"}
{"level":"info","message":"ruta: /cc/ccrenagr/valida/cliente - ::1 - [27-05-2024 20:01]"}
{"level":"info","message":"ruta: /cc/ccrenagr/buscar/cabecera - ::1 - [27-05-2024 20:01]"}
{"level":"info","message":"ruta: /cc/ccrenagr/preform - ::1 - [27-05-2024 20:01]"}
{"level":"info","message":"ruta: /cc/ccrenagr/buscar/cabecera - ::1 - [27-05-2024 20:01]"}
{"level":"info","message":"ruta: /cc/ccrenagr/preform - ::1 - [27-05-2024 20:01]"}
{"level":"info","message":"ruta: /cc/ccrenagr/buscar/cabecera - ::1 - [27-05-2024 20:01]"}
{"level":"info","message":"ruta: /cc/ccrenagr/buscar/cliente - ::1 - [27-05-2024 20:01]"}
{"level":"info","message":"ruta: /cc/ccrenagr/valida/cliente - ::1 - [27-05-2024 20:01]"}
{"level":"info","message":"ruta: /cc/ccrenagr/buscar/cabecera - ::1 - [27-05-2024 20:01]"}
{"level":"info","message":"ruta: /cc/ccrenagr/buscar/cliente - ::1 - [27-05-2024 20:01]"}
{"level":"info","message":"ruta: /cc/ccrenagr/valida/cliente - ::1 - [27-05-2024 20:02]"}
{"level":"info","message":"ruta: /cc/ccrenagr/preform - ::1 - [27-05-2024 20:02]"}
{"level":"info","message":"ruta: /cc/ccrenagr/buscar/cabecera - ::1 - [27-05-2024 20:02]"}
{"level":"info","message":"ruta: /cc/ccrenagr/buscar/cliente - ::1 - [27-05-2024 20:02]"}
{"level":"info","message":"ruta: /cc/ccrenagr/valida/cliente - ::1 - [27-05-2024 20:02]"}
{"level":"info","message":"ruta: /cc/ccrenagr/buscar/cabecera - ::1 - [27-05-2024 20:02]"}
{"level":"info","message":"ruta: /cc/ccrenagr/buscar/cliente - ::1 - [27-05-2024 20:02]"}
{"level":"info","message":"ruta: /cc/ccrenagr/preform - ::1 - [27-05-2024 20:02]"}
{"level":"info","message":"ruta: /cc/ccrenagr/buscar/cabecera - ::1 - [27-05-2024 20:02]"}
{"level":"info","message":"ruta: /cc/ccrenagr/preform - ::1 - [27-05-2024 20:02]"}
{"level":"info","message":"ruta: /cc/ccrenagr/buscar/cabecera - ::1 - [27-05-2024 20:02]"}
{"level":"info","message":"ruta: /cc/ccrenagr/buscar/cabecera - ::1 - [27-05-2024 20:02]"}
{"level":"info","message":"ruta: /cc/ccrenagr/buscar/cliente - ::1 - [27-05-2024 20:02]"}
{"level":"info","message":"ruta: /cc/ccrenagr/valida/cliente - ::1 - [27-05-2024 20:02]"}
{"level":"info","message":"ruta: /cc/ccrenagr/buscar/cabecera - ::1 - [27-05-2024 20:02]"}
{"level":"info","message":"ruta: /cc/ccrenagr/preform - ::1 - [27-05-2024 20:02]"}
{"level":"info","message":"ruta: /cc/ccrenagr/buscar/cabecera - ::1 - [27-05-2024 20:02]"}
{"level":"info","message":"ruta: /cc/ccrenagr/buscar/cabecera - ::1 - [27-05-2024 20:02]"}
{"level":"info","message":"ruta: /cc/ccrenagr/buscar/cabecera - ::1 - [27-05-2024 20:02]"}
{"level":"info","message":"ruta: /cc/ccrenagr/buscar/cliente - ::1 - [27-05-2024 20:02]"}
{"level":"info","message":"ruta: /cc/ccrenagr/valida/cliente - ::1 - [27-05-2024 20:02]"}
{"level":"info","message":"ruta: /cc/ccrenagr/buscar/cabecera - ::1 - [27-05-2024 20:02]"}
{"level":"info","message":"ruta: /cc/ccrenagr/buscar/cliente - ::1 - [27-05-2024 20:02]"}
{"level":"info","message":"ruta: /cc/ccrenagr/valida/cliente - ::1 - [27-05-2024 20:03]"}
{"level":"info","message":"ruta: /cc/ccrenagr/buscar/cabecera - ::1 - [27-05-2024 20:03]"}
{"level":"info","message":"ruta: /cc/ccrenagr/valida/pagar - ::1 - [27-05-2024 20:03]"}
{"level":"info","message":"ruta: /cc/ccrenagr/valida/pagar - ::1 - [27-05-2024 20:03]"}
{"level":"info","message":"ruta: /cc/ccrenagr/valida/pagar - ::1 - [27-05-2024 20:03]"}
{"level":"info","message":"ruta: /cc/ccrenagr/valida/pagar - ::1 - [27-05-2024 20:03]"}
{"level":"info","message":"ruta: /cc/ccrenagr/valida/pagar - ::1 - [27-05-2024 20:03]"}
{"level":"info","message":"ruta: /cc/ccrenagr/preform - ::1 - [27-05-2024 20:03]"}
{"level":"info","message":"ruta: /cc/ccrenagr/buscar/cabecera - ::1 - [27-05-2024 20:03]"}
{"level":"info","message":"ruta: /cc/ccrenagr/buscar/cabecera - ::1 - [27-05-2024 20:03]"}
{"level":"info","message":"ruta: /cc/ccrenagr/buscar/cabecera - ::1 - [27-05-2024 20:03]"}
{"level":"info","message":"ruta: /cc/ccrenagr/valida/cliente - ::1 - [27-05-2024 20:03]"}
{"level":"info","message":"ruta: /cc/ccrenagr/buscar/cabecera - ::1 - [27-05-2024 20:03]"}
{"level":"info","message":"ruta: /cc/ccrenagr/preform - ::1 - [27-05-2024 20:15]"}
{"level":"info","message":"ruta: /cc/ccrenagr/buscar/cabecera - ::1 - [27-05-2024 20:15]"}
{"level":"info","message":"ruta: /cc/ccrenagr/valida/cliente - ::1 - [27-05-2024 20:16]"}
{"level":"info","message":"ruta: /cc/ccrenagr/buscar/cabecera - ::1 - [27-05-2024 20:16]"}
{"level":"info","message":"ruta: /cc/ccrenagr/preform - ::1 - [27-05-2024 20:17]"}
{"level":"info","message":"ruta: /cc/ccrenagr/buscar/cabecera - ::1 - [27-05-2024 20:17]"}
{"level":"info","message":"ruta: /cc/ccrenagr/valida/cliente - ::1 - [27-05-2024 20:17]"}
{"level":"info","message":"ruta: /cc/ccrenagr/buscar/cabecera - ::1 - [27-05-2024 20:17]"}
{"level":"info","message":"ruta: /cc/ccrenagr/preform - ::1 - [27-05-2024 20:19]"}
{"level":"info","message":"ruta: /cc/ccrenagr/buscar/cabecera - ::1 - [27-05-2024 20:19]"}
{"level":"info","message":"ruta: /cc/ccrenagr/valida/cliente - ::1 - [27-05-2024 20:19]"}
{"level":"info","message":"ruta: /cc/ccrenagr/buscar/cabecera - ::1 - [27-05-2024 20:19]"}
{"level":"info","message":"ruta: /cc/ccrenagr/preform - ::1 - [27-05-2024 20:20]"}
{"level":"info","message":"ruta: /cc/ccrenagr/buscar/cabecera - ::1 - [27-05-2024 20:20]"}
{"level":"info","message":"ruta: /cc/ccrenagr/valida/cliente - ::1 - [27-05-2024 20:20]"}
{"level":"info","message":"ruta: /cc/ccrenagr/buscar/cabecera - ::1 - [27-05-2024 20:20]"}
{"level":"info","message":"ruta: /cc/ccrenagr/preform - ::1 - [27-05-2024 20:21]"}
{"level":"info","message":"ruta: /cc/ccrenagr/buscar/cabecera - ::1 - [27-05-2024 20:21]"}
{"level":"info","message":"ruta: /cc/ccrenagr/valida/cliente - ::1 - [27-05-2024 20:21]"}
{"level":"info","message":"ruta: /cc/ccrenagr/buscar/cabecera - ::1 - [27-05-2024 20:21]"}
{"level":"info","message":"ruta: /cc/ccrenagr/preform - ::1 - [27-05-2024 20:26]"}
{"level":"info","message":"ruta: /cc/ccrenagr/buscar/cabecera - ::1 - [27-05-2024 20:26]"}
{"level":"info","message":"ruta: /cc/ccrenagr/preform - ::1 - [27-05-2024 20:26]"}
{"level":"info","message":"ruta: /cc/ccrenagr/buscar/cabecera - ::1 - [27-05-2024 20:26]"}
{"level":"info","message":"ruta: /cc/ccrenagr/valida/cliente - ::1 - [27-05-2024 20:26]"}
{"level":"info","message":"ruta: /cc/ccrenagr/buscar/cabecera - ::1 - [27-05-2024 20:26]"}
{"level":"info","message":"ruta: /cc/ccrenagr/preform - ::1 - [27-05-2024 20:27]"}
{"level":"info","message":"ruta: /cc/ccrenagr/buscar/cabecera - ::1 - [27-05-2024 20:27]"}
{"level":"info","message":"ruta: /cc/ccrenagr/buscar/cabecera - ::1 - [27-05-2024 20:27]"}
{"level":"info","message":"ruta: /pb/infoEmpresa - ::1 - [27-05-2024 20:27]"}
{"level":"info","message":"ruta: /pb/infoSucursal - ::1 - [27-05-2024 20:27]"}
{"level":"info","message":"ruta: /pb/infoEmpresa - ::1 - [27-05-2024 20:27]"}
