{"level":"info","message":"ruta: /cm/cmfactur/preform - ::1 - [25-03-2024 09:36]"}
{"level":"info","message":"ruta: /cm/cmfactur/list/detalle - ::1 - [25-03-2024 09:36]"}
{"level":"info","message":"ruta: /cm/cmfactur/preform - ::1 - [25-03-2024 09:36]"}
{"level":"info","message":"ruta: /cm/cmfactur/list/cabecera - ::1 - [25-03-2024 09:36]"}
{"level":"info","message":"ruta: /cm/cmfactur/list/detalle - ::1 - [25-03-2024 09:36]"}
{"level":"info","message":"ruta: /cm/cmfactur/preform - ::1 - [25-03-2024 09:36]"}
{"level":"info","message":"ruta: /cm/cmfactur/list/cabecera - ::1 - [25-03-2024 09:36]"}
{"level":"info","message":"ruta: /cm/cmfactur/list/detalle - ::1 - [25-03-2024 09:36]"}
{"level":"info","message":"ruta: /cm/cmfactur/preform - ::1 - [25-03-2024 09:37]"}
{"level":"info","message":"ruta: /cm/cmfactur/list/detalle - ::1 - [25-03-2024 09:37]"}
{"level":"info","message":"ruta: /cm/cmfactur/preform - ::1 - [25-03-2024 09:37]"}
{"level":"info","message":"ruta: /cm/cmfactur/list/cabecera - ::1 - [25-03-2024 09:37]"}
{"level":"info","message":"ruta: /cm/cmfactur/list/detalle - ::1 - [25-03-2024 09:37]"}
{"level":"info","message":"ruta: /cm/cmfactur/preform - ::1 - [25-03-2024 09:41]"}
{"level":"info","message":"ruta: /cm/cmfactur/list/detalle - ::1 - [25-03-2024 09:41]"}
{"level":"info","message":"ruta: /vt/vtclient/preform - ::1 - [25-03-2024 10:17]"}
{"level":"info","message":"ruta: /vt/vtclient/listDet - ::1 - [25-03-2024 10:17]"}
{"level":"info","message":"ruta: /vt/vtlispre/listDet - ::1 - [25-03-2024 10:17]"}
{"level":"info","message":"ruta: /vt/vtvende/list/listCab - ::1 - [25-03-2024 10:17]"}
{"level":"info","message":"ruta: /cm/cmprovec/list/proveedor - ::1 - [25-03-2024 10:17]"}
{"level":"info","message":"ruta: /cm/cmprovec/buscar/modificaDiaAnt - ::1 - [25-03-2024 10:17]"}
{"level":"info","message":"ruta: /cm/cmfactur/preform - ::1 - [25-03-2024 10:17]"}
{"level":"info","message":"ruta: /cm/cmfactur/list/detalle - ::1 - [25-03-2024 10:17]"}
{"level":"info","message":"ruta: /cm/cmfactur/preform - ::1 - [25-03-2024 10:17]"}
{"level":"info","message":"ruta: /cm/cmfactur/list/detalle - ::1 - [25-03-2024 10:17]"}
{"level":"info","message":"ruta: /st/starticu/list/relaciones - ::1 - [25-03-2024 10:17]"}
{"level":"info","message":"ruta: /st/stenvio/buscar/tipCambio - ::1 - [25-03-2024 10:17]"}
{"level":"info","message":"ruta: /st/stenvio/list/detalle - ::1 - [25-03-2024 10:17]"}
{"level":"info","message":"ruta: /st/stentsal/list/detalle - ::1 - [25-03-2024 10:17]"}
{"level":"info","message":"ruta: /vt/vtclient/preform - ::1 - [25-03-2024 10:17]"}
{"level":"info","message":"ruta: /vt/vtclient/listDet - ::1 - [25-03-2024 10:17]"}
{"level":"info","message":"ruta: /vt/vtlispre/listDet - ::1 - [25-03-2024 10:17]"}
{"level":"info","message":"ruta: /vt/vtvende/list/listCab - ::1 - [25-03-2024 10:17]"}
{"level":"info","message":"ruta: /st/stenvio/buscar/tipCambio - ::1 - [25-03-2024 10:27]"}
{"level":"info","message":"ruta: /st/stenvio/list/detalle - ::1 - [25-03-2024 10:27]"}
{"level":"info","message":"ruta: /cm/cmfactur/preform - ::1 - [25-03-2024 10:41]"}
{"level":"info","message":"ruta: /cm/cmfactur/list/detalle - ::1 - [25-03-2024 10:41]"}
{"level":"info","message":"ruta: /cm/cmfactur/preform - ::1 - [25-03-2024 10:41]"}
{"level":"info","message":"ruta: /cm/cmfactur/list/cabecera - ::1 - [25-03-2024 10:41]"}
{"level":"info","message":"ruta: /cm/cmfactur/list/detalle - ::1 - [25-03-2024 10:41]"}
{"level":"info","message":"ruta: /cm/cmfactur - ::1 - [25-03-2024 10:42]"}
{"level":"info","message":"ruta: /cm/cmfactur/list/detalle - ::1 - [25-03-2024 10:42]"}
{"level":"info","message":"ruta: /cm/cmfactur/preform - ::1 - [25-03-2024 10:49]"}
{"level":"info","message":"ruta: /cm/cmfactur/list/detalle - ::1 - [25-03-2024 10:49]"}
{"level":"info","message":"ruta: /cm/cmfactur/preform - ::1 - [25-03-2024 10:49]"}
{"level":"info","message":"ruta: /cm/cmfactur/list/cabecera - ::1 - [25-03-2024 10:49]"}
{"level":"info","message":"ruta: /cm/cmfactur/list/detalle - ::1 - [25-03-2024 10:49]"}
{"level":"info","message":"ruta: /cm/cmfactur - ::1 - [25-03-2024 10:50]"}
{"level":"info","message":"ruta: /cm/cmfactur - ::1 - [25-03-2024 10:51]"}
{"level":"info","message":"ruta: /cm/cmfactur/list/detalle - ::1 - [25-03-2024 10:51]"}
{"level":"info","message":"ruta: /cm/cmfactur - ::1 - [25-03-2024 10:51]"}
{"level":"info","message":"ruta: /cm/cmfactur/list/detalle - ::1 - [25-03-2024 10:51]"}
{"level":"info","message":"ruta: /cm/cmfactur - ::1 - [25-03-2024 10:55]"}
{"level":"info","message":"ruta: /cm/cmfactur/list/detalle - ::1 - [25-03-2024 10:55]"}
{"level":"info","message":"ruta: /cm/cmfactur/preform - ::1 - [25-03-2024 11:15]"}
{"level":"info","message":"ruta: /cm/cmfactur/list/cabecera - ::1 - [25-03-2024 11:15]"}
{"level":"info","message":"ruta: /cm/cmfactur/list/detalle - ::1 - [25-03-2024 11:15]"}
{"level":"info","message":"ruta: /cm/cmfactur - ::1 - [25-03-2024 11:15]"}
{"level":"info","message":"ruta: /cm/cmfactur/list/detalle - ::1 - [25-03-2024 11:15]"}
{"level":"info","message":"ruta: /cm/cmfactur - ::1 - [25-03-2024 11:15]"}
{"level":"info","message":"ruta: /cm/cmfactur - ::1 - [25-03-2024 11:16]"}
{"level":"info","message":"ruta: /cm/cmfactur - ::1 - [25-03-2024 11:17]"}
{"level":"info","message":"ruta: /cm/cmfactur/list/detalle - ::1 - [25-03-2024 11:17]"}
{"level":"info","message":"ruta: /cm/cmfactur/preform - ::1 - [25-03-2024 11:17]"}
{"level":"info","message":"ruta: /cm/cmfactur/list/cabecera - ::1 - [25-03-2024 11:17]"}
{"level":"info","message":"ruta: /cm/cmfactur/list/detalle - ::1 - [25-03-2024 11:17]"}
{"level":"info","message":"ruta: /cm/cmfactur/valida/articulo - ::1 - [25-03-2024 11:17]"}
{"level":"info","message":"ruta: /cm/cmfactur/valida/unidadMedida - ::1 - [25-03-2024 11:17]"}
{"level":"info","message":"ruta: /cm/cmfactur/det/1/A/FAC/8 - ::1 - [25-03-2024 11:17]"}
{"level":"info","message":"ruta: /cm/cmfactur - ::1 - [25-03-2024 11:17]"}
{"level":"info","message":"ruta: /cm/cmfactur/det/1/A/FAC/8 - ::1 - [25-03-2024 11:18]"}
{"level":"info","message":"ruta: /cm/cmfactur - ::1 - [25-03-2024 11:18]"}
{"level":"info","message":"ruta: /cm/cmfactur/det/1/A/FAC/8 - ::1 - [25-03-2024 11:19]"}
{"level":"info","message":"ruta: /cm/cmfactur - ::1 - [25-03-2024 11:19]"}
{"level":"info","message":"ruta: /cm/cmfactur/list/detalle - ::1 - [25-03-2024 11:19]"}
{"level":"info","message":"ruta: /cm/cmfactur/list/detalle - ::1 - [25-03-2024 11:19]"}
{"level":"info","message":"ruta: /cm/cmfactur - ::1 - [25-03-2024 11:19]"}
{"level":"info","message":"ruta: /cm/cmfactur/list/detalle - ::1 - [25-03-2024 11:19]"}
{"level":"info","message":"ruta: /cm/cmfactur/preform - ::1 - [25-03-2024 11:19]"}
{"level":"info","message":"ruta: /cm/cmfactur/list/cabecera - ::1 - [25-03-2024 11:19]"}
{"level":"info","message":"ruta: /cm/cmfactur/list/detalle - ::1 - [25-03-2024 11:20]"}
{"level":"info","message":"ruta: /cm/cmfactur/preform - ::1 - [25-03-2024 11:20]"}
{"level":"info","message":"ruta: /cm/cmfactur/list/cabecera - ::1 - [25-03-2024 11:20]"}
{"level":"info","message":"ruta: /cm/cmfactur/list/detalle - ::1 - [25-03-2024 11:20]"}
{"level":"info","message":"ruta: /cm/cmfactur/list/detalle - ::1 - [25-03-2024 11:20]"}
{"level":"info","message":"ruta: /cm/cmfactur/preform - ::1 - [25-03-2024 11:20]"}
{"level":"info","message":"ruta: /cm/cmfactur/list/cabecera - ::1 - [25-03-2024 11:20]"}
{"level":"info","message":"ruta: /cm/cmfactur/list/detalle - ::1 - [25-03-2024 11:20]"}
{"level":"info","message":"ruta: /cm/cmfactur/list/detalle - ::1 - [25-03-2024 11:20]"}
{"level":"info","message":"ruta: /cm/cmfactur/list/detalle - ::1 - [25-03-2024 11:20]"}
{"level":"info","message":"ruta: /cm/cmfactur/list/detalle - ::1 - [25-03-2024 11:20]"}
{"level":"info","message":"ruta: /cm/cmfactur/list/detalle - ::1 - [25-03-2024 11:20]"}
{"level":"info","message":"ruta: /cm/cmfactur/list/detalle - ::1 - [25-03-2024 11:20]"}
{"level":"info","message":"ruta: /cm/cmfactur/list/detalle - ::1 - [25-03-2024 11:20]"}
{"level":"info","message":"ruta: /cm/cmfactur/list/detalle - ::1 - [25-03-2024 11:20]"}
{"level":"info","message":"ruta: /cm/cmfactur/list/detalle - ::1 - [25-03-2024 11:20]"}
{"level":"info","message":"ruta: /cm/cmfactur/preform - ::1 - [25-03-2024 11:20]"}
{"level":"info","message":"ruta: /cm/cmfactur/list/cabecera - ::1 - [25-03-2024 11:20]"}
{"level":"info","message":"ruta: /cm/cmfactur/list/detalle - ::1 - [25-03-2024 11:20]"}
{"level":"info","message":"ruta: /cm/cmfactur/list/detalle - ::1 - [25-03-2024 11:20]"}
{"level":"info","message":"ruta: /cm/cmfactur/list/detalle - ::1 - [25-03-2024 11:20]"}
{"level":"info","message":"ruta: /cm/cmfactur/list/detalle - ::1 - [25-03-2024 11:20]"}
{"level":"info","message":"ruta: /cm/cmfactur/preform - ::1 - [25-03-2024 11:20]"}
{"level":"info","message":"ruta: /cm/cmfactur/list/cabecera - ::1 - [25-03-2024 11:20]"}
{"level":"info","message":"ruta: /cm/cmfactur/list/detalle - ::1 - [25-03-2024 11:20]"}
{"level":"info","message":"ruta: /cm/cmfactur/list/detalle - ::1 - [25-03-2024 11:20]"}
{"level":"info","message":"ruta: /cm/cmfactur/list/detalle - ::1 - [25-03-2024 11:20]"}
{"level":"info","message":"ruta: /cm/cmfactur/list/detalle - ::1 - [25-03-2024 11:20]"}
{"level":"info","message":"ruta: /cm/cmfactur/list/detalle - ::1 - [25-03-2024 11:20]"}
{"level":"info","message":"ruta: /cm/cmfactur/list/detalle - ::1 - [25-03-2024 11:20]"}
{"level":"info","message":"ruta: /cm/cmfactur/list/detalle - ::1 - [25-03-2024 11:20]"}
{"level":"info","message":"ruta: /cm/cmfactur/list/detalle - ::1 - [25-03-2024 11:20]"}
{"level":"info","message":"ruta: /cm/cmfactur/list/detalle - ::1 - [25-03-2024 11:20]"}
{"level":"info","message":"ruta: /cm/cmfactur/list/detalle - ::1 - [25-03-2024 11:20]"}
{"level":"info","message":"ruta: /cm/cmfactur/list/detalle - ::1 - [25-03-2024 11:20]"}
{"level":"info","message":"ruta: /cm/cmfactur/preform - ::1 - [25-03-2024 11:21]"}
{"level":"info","message":"ruta: /cm/cmfactur/list/detalle - ::1 - [25-03-2024 11:21]"}
{"level":"info","message":"ruta: /cm/cmfactur/preform - ::1 - [25-03-2024 11:21]"}
{"level":"info","message":"ruta: /cm/cmfactur/list/cabecera - ::1 - [25-03-2024 11:22]"}
{"level":"info","message":"ruta: /cm/cmfactur/list/detalle - ::1 - [25-03-2024 11:22]"}
{"level":"info","message":"ruta: /cm/cmfactur/list/detalle - ::1 - [25-03-2024 11:22]"}
{"level":"info","message":"ruta: /cm/cmfactur/list/detalle - ::1 - [25-03-2024 11:22]"}
{"level":"info","message":"ruta: /cm/cmfactur/list/detalle - ::1 - [25-03-2024 11:22]"}
{"level":"info","message":"ruta: /cm/cmfactur/list/detalle - ::1 - [25-03-2024 11:22]"}
{"level":"info","message":"ruta: /cm/cmfactur/list/detalle - ::1 - [25-03-2024 11:22]"}
{"level":"info","message":"ruta: /cm/cmfactur/list/detalle - ::1 - [25-03-2024 11:22]"}
{"level":"info","message":"ruta: /cm/cmfactur/list/detalle - ::1 - [25-03-2024 11:22]"}
{"level":"info","message":"ruta: /cm/cmfactur/list/detalle - ::1 - [25-03-2024 11:22]"}
{"level":"info","message":"ruta: /cm/cmfactur/list/detalle - ::1 - [25-03-2024 11:22]"}
{"level":"info","message":"ruta: /cm/cmfactur/list/detalle - ::1 - [25-03-2024 11:22]"}
{"level":"info","message":"ruta: /cm/cmfactur/list/detalle - ::1 - [25-03-2024 11:22]"}
{"level":"info","message":"ruta: /cm/cmfactur/list/detalle - ::1 - [25-03-2024 11:22]"}
{"level":"info","message":"ruta: /cm/cmfactur/list/detalle - ::1 - [25-03-2024 11:22]"}
{"level":"info","message":"ruta: /cm/cmfactur/list/detalle - ::1 - [25-03-2024 11:22]"}
{"level":"info","message":"ruta: /cm/cmfactur/list/detalle - ::1 - [25-03-2024 11:22]"}
{"level":"info","message":"ruta: /cm/cmfactur/list/detalle - ::1 - [25-03-2024 11:22]"}
{"level":"info","message":"ruta: /cm/cmfactur/list/detalle - ::1 - [25-03-2024 11:22]"}
{"level":"info","message":"ruta: /cm/cmfactur/list/detalle - ::1 - [25-03-2024 11:22]"}
{"level":"info","message":"ruta: /cm/cmfactur/list/detalle - ::1 - [25-03-2024 11:22]"}
{"level":"info","message":"ruta: /cm/cmfactur/list/detalle - ::1 - [25-03-2024 11:22]"}
{"level":"info","message":"ruta: /cm/cmfactur/list/detalle - ::1 - [25-03-2024 11:22]"}
{"level":"info","message":"ruta: /cm/cmfactur/list/detalle - ::1 - [25-03-2024 11:22]"}
{"level":"info","message":"ruta: /cm/cmfactur/list/detalle - ::1 - [25-03-2024 11:22]"}
{"level":"info","message":"ruta: /cm/cmfactur/list/detalle - ::1 - [25-03-2024 11:22]"}
{"level":"info","message":"ruta: /cm/cmfactur/list/detalle - ::1 - [25-03-2024 11:23]"}
{"level":"info","message":"ruta: /cm/cmfactur/list/detalle - ::1 - [25-03-2024 11:23]"}
{"level":"info","message":"ruta: /cm/cmfactur/preform - ::1 - [25-03-2024 11:23]"}
{"level":"info","message":"ruta: /cm/cmfactur/list/cabecera - ::1 - [25-03-2024 11:23]"}
{"level":"info","message":"ruta: /cm/cmfactur/list/detalle - ::1 - [25-03-2024 11:23]"}
{"level":"info","message":"ruta: /cm/cmfactur/list/detalle - ::1 - [25-03-2024 11:23]"}
{"level":"info","message":"ruta: /cm/cmfactur/list/detalle - ::1 - [25-03-2024 11:23]"}
{"level":"info","message":"ruta: /cm/cmfactur/list/detalle - ::1 - [25-03-2024 11:23]"}
{"level":"info","message":"ruta: /cm/cmfactur/list/detalle - ::1 - [25-03-2024 11:23]"}
{"level":"info","message":"ruta: /cm/cmfactur/list/detalle - ::1 - [25-03-2024 11:23]"}
{"level":"info","message":"ruta: /cm/cmfactur/list/detalle - ::1 - [25-03-2024 11:23]"}
{"level":"info","message":"ruta: /cm/cmfactur/preform - ::1 - [25-03-2024 11:23]"}
{"level":"info","message":"ruta: /cm/cmfactur/list/cabecera - ::1 - [25-03-2024 11:23]"}
{"level":"info","message":"ruta: /cm/cmfactur/list/detalle - ::1 - [25-03-2024 11:23]"}
{"level":"info","message":"ruta: /cm/cmfactur/preform - ::1 - [25-03-2024 11:25]"}
{"level":"info","message":"ruta: /cm/cmfactur/list/detalle - ::1 - [25-03-2024 11:25]"}
{"level":"info","message":"ruta: /cm/cmfactur/preform - ::1 - [25-03-2024 11:25]"}
{"level":"info","message":"ruta: /cm/cmfactur/list/cabecera - ::1 - [25-03-2024 11:25]"}
{"level":"info","message":"ruta: /cm/cmfactur/list/detalle - ::1 - [25-03-2024 11:25]"}
{"level":"info","message":"ruta: /cm/cmfactur/list/detalle - ::1 - [25-03-2024 11:25]"}
{"level":"info","message":"ruta: /cm/cmfactur/list/detalle - ::1 - [25-03-2024 11:25]"}
{"level":"info","message":"ruta: /cm/cmfactur/list/detalle - ::1 - [25-03-2024 11:25]"}
{"level":"info","message":"ruta: /cm/cmfactur/list/detalle - ::1 - [25-03-2024 11:25]"}
{"level":"info","message":"ruta: /cm/cmfactur/list/detalle - ::1 - [25-03-2024 11:25]"}
{"level":"info","message":"ruta: /cm/cmfactur/list/detalle - ::1 - [25-03-2024 11:25]"}
{"level":"info","message":"ruta: /cm/cmfactur/list/detalle - ::1 - [25-03-2024 11:25]"}
{"level":"info","message":"ruta: /cm/cmfactur/list/detalle - ::1 - [25-03-2024 11:25]"}
{"level":"info","message":"ruta: /cm/cmfactur/list/detalle - ::1 - [25-03-2024 11:25]"}
{"level":"info","message":"ruta: /cm/cmfactur/preform - ::1 - [25-03-2024 11:25]"}
{"level":"info","message":"ruta: /cm/cmfactur/list/detalle - ::1 - [25-03-2024 11:25]"}
{"level":"info","message":"ruta: /cm/cmfactur/preform - ::1 - [25-03-2024 11:26]"}
{"level":"info","message":"ruta: /cm/cmfactur/list/cabecera - ::1 - [25-03-2024 11:26]"}
{"level":"info","message":"ruta: /cm/cmfactur/list/detalle - ::1 - [25-03-2024 11:26]"}
{"level":"info","message":"ruta: /cm/cmfactur/list/detalle - ::1 - [25-03-2024 11:26]"}
{"level":"info","message":"ruta: /cm/cmfactur/list/detalle - ::1 - [25-03-2024 11:26]"}
{"level":"info","message":"ruta: /cm/cmfactur/list/detalle - ::1 - [25-03-2024 11:26]"}
{"level":"info","message":"ruta: /cm/cmfactur/list/detalle - ::1 - [25-03-2024 11:26]"}
{"level":"info","message":"ruta: /cm/cmfactur/list/detalle - ::1 - [25-03-2024 11:26]"}
{"level":"info","message":"ruta: /cm/cmfactur/list/detalle - ::1 - [25-03-2024 11:26]"}
{"level":"info","message":"ruta: /cm/cmfactur/list/detalle - ::1 - [25-03-2024 11:26]"}
{"level":"info","message":"ruta: /cm/cmfactur/list/detalle - ::1 - [25-03-2024 11:26]"}
{"level":"info","message":"ruta: /cm/cmfactur/list/detalle - ::1 - [25-03-2024 11:26]"}
{"level":"info","message":"ruta: /cm/cmfactur/list/detalle - ::1 - [25-03-2024 11:26]"}
{"level":"info","message":"ruta: /cm/cmfactur/list/detalle - ::1 - [25-03-2024 11:26]"}
{"level":"info","message":"ruta: /cm/cmfactur/list/detalle - ::1 - [25-03-2024 11:26]"}
{"level":"info","message":"ruta: /cm/cmfactur/list/detalle - ::1 - [25-03-2024 11:26]"}
{"level":"info","message":"ruta: /cm/cmfactur/list/detalle - ::1 - [25-03-2024 11:26]"}
{"level":"info","message":"ruta: /cm/cmfactur/list/detalle - ::1 - [25-03-2024 11:26]"}
{"level":"info","message":"ruta: /cm/cmfactur/list/detalle - ::1 - [25-03-2024 11:26]"}
{"level":"info","message":"ruta: /cm/cmfactur/preform - ::1 - [25-03-2024 11:26]"}
{"level":"info","message":"ruta: /cm/cmfactur/list/cabecera - ::1 - [25-03-2024 11:26]"}
{"level":"info","message":"ruta: /cm/cmfactur/list/detalle - ::1 - [25-03-2024 11:26]"}
{"level":"info","message":"ruta: /cm/cmfactur/list/detalle - ::1 - [25-03-2024 11:26]"}
{"level":"info","message":"ruta: /cm/cmfactur/list/detalle - ::1 - [25-03-2024 11:26]"}
{"level":"info","message":"ruta: /cm/cmfactur/list/detalle - ::1 - [25-03-2024 11:26]"}
{"level":"info","message":"ruta: /cm/cmfactur/list/detalle - ::1 - [25-03-2024 11:26]"}
{"level":"info","message":"ruta: /cm/cmfactur/list/detalle - ::1 - [25-03-2024 11:26]"}
{"level":"info","message":"ruta: /cm/cmfactur/list/detalle - ::1 - [25-03-2024 11:26]"}
{"level":"info","message":"ruta: /cm/cmfactur/list/detalle - ::1 - [25-03-2024 11:26]"}
{"level":"info","message":"ruta: /cm/cmfactur/list/detalle - ::1 - [25-03-2024 11:26]"}
{"level":"info","message":"ruta: /cm/cmfactur/list/detalle - ::1 - [25-03-2024 11:26]"}
{"level":"info","message":"ruta: /cm/cmfactur/preform - ::1 - [25-03-2024 11:26]"}
{"level":"info","message":"ruta: /cm/cmfactur/list/cabecera - ::1 - [25-03-2024 11:26]"}
{"level":"info","message":"ruta: /cm/cmfactur/list/detalle - ::1 - [25-03-2024 11:26]"}
{"level":"info","message":"ruta: /cm/cmfactur/list/detalle - ::1 - [25-03-2024 11:26]"}
{"level":"info","message":"ruta: /cm/cmfactur/list/detalle - ::1 - [25-03-2024 11:26]"}
{"level":"info","message":"ruta: /cm/cmfactur/list/detalle - ::1 - [25-03-2024 11:26]"}
{"level":"info","message":"ruta: /cm/cmfactur/list/detalle - ::1 - [25-03-2024 11:26]"}
{"level":"info","message":"ruta: /cm/cmfactur/list/detalle - ::1 - [25-03-2024 11:26]"}
{"level":"info","message":"ruta: /cm/cmfactur/preform - ::1 - [25-03-2024 11:26]"}
{"level":"info","message":"ruta: /cm/cmfactur/list/cabecera - ::1 - [25-03-2024 11:26]"}
{"level":"info","message":"ruta: /cm/cmfactur/list/detalle - ::1 - [25-03-2024 11:26]"}
{"level":"info","message":"ruta: /cm/cmfactur/preform - ::1 - [25-03-2024 11:27]"}
{"level":"info","message":"ruta: /cm/cmfactur/list/detalle - ::1 - [25-03-2024 11:27]"}
{"level":"info","message":"ruta: /cm/cmfactur/preform - ::1 - [25-03-2024 11:27]"}
{"level":"info","message":"ruta: /cm/cmfactur/list/detalle - ::1 - [25-03-2024 11:27]"}
{"level":"info","message":"ruta: /cm/cmfactur/preform - ::1 - [25-03-2024 11:28]"}
{"level":"info","message":"ruta: /cm/cmfactur/list/detalle - ::1 - [25-03-2024 11:28]"}
{"level":"info","message":"ruta: /cm/cmfactur/preform - ::1 - [25-03-2024 11:30]"}
{"level":"info","message":"ruta: /cm/cmfactur/preform - ::1 - [25-03-2024 11:30]"}
{"level":"info","message":"ruta: /cm/cmfactur/list/detalle - ::1 - [25-03-2024 11:30]"}
{"level":"info","message":"ruta: /cm/cmfactur/list/detalle - ::1 - [25-03-2024 11:30]"}
{"level":"info","message":"ruta: /cm/cmfactur/preform - ::1 - [25-03-2024 11:31]"}
{"level":"info","message":"ruta: /cm/cmfactur/preform - ::1 - [25-03-2024 11:31]"}
{"level":"info","message":"ruta: /cm/cmfactur/list/detalle - ::1 - [25-03-2024 11:31]"}
{"level":"info","message":"ruta: /cm/cmfactur/list/detalle - ::1 - [25-03-2024 11:31]"}
{"level":"info","message":"ruta: /cm/cmfactur/preform - ::1 - [25-03-2024 11:33]"}
{"level":"info","message":"ruta: /cm/cmfactur/preform - ::1 - [25-03-2024 11:33]"}
{"level":"info","message":"ruta: /cm/cmfactur/list/detalle - ::1 - [25-03-2024 11:33]"}
{"level":"info","message":"ruta: /cm/cmfactur/list/detalle - ::1 - [25-03-2024 11:33]"}
{"level":"info","message":"ruta: /cm/cmfactur/preform - ::1 - [25-03-2024 11:34]"}
{"level":"info","message":"ruta: /cm/cmfactur/preform - ::1 - [25-03-2024 11:34]"}
{"level":"info","message":"ruta: /cm/cmfactur/list/detalle - ::1 - [25-03-2024 11:34]"}
{"level":"info","message":"ruta: /cm/cmfactur/list/detalle - ::1 - [25-03-2024 11:34]"}
{"level":"info","message":"ruta: /cm/cmfactur/preform - ::1 - [25-03-2024 11:35]"}
{"level":"info","message":"ruta: /cm/cmfactur/preform - ::1 - [25-03-2024 11:35]"}
{"level":"info","message":"ruta: /cm/cmfactur/list/detalle - ::1 - [25-03-2024 11:35]"}
{"level":"info","message":"ruta: /cm/cmfactur/list/detalle - ::1 - [25-03-2024 11:35]"}
{"level":"info","message":"ruta: /cm/cmfactur/preform - ::1 - [25-03-2024 11:35]"}
{"level":"info","message":"ruta: /cm/cmfactur/preform - ::1 - [25-03-2024 11:35]"}
{"level":"info","message":"ruta: /cm/cmfactur/list/detalle - ::1 - [25-03-2024 11:35]"}
{"level":"info","message":"ruta: /cm/cmfactur/list/detalle - ::1 - [25-03-2024 11:35]"}
{"level":"info","message":"ruta: /cm/cmfactur/preform - ::1 - [25-03-2024 11:35]"}
{"level":"info","message":"ruta: /cm/cmfactur/preform - ::1 - [25-03-2024 11:35]"}
{"level":"info","message":"ruta: /cm/cmfactur/list/detalle - ::1 - [25-03-2024 11:35]"}
{"level":"info","message":"ruta: /cm/cmfactur/list/detalle - ::1 - [25-03-2024 11:35]"}
{"level":"info","message":"ruta: /cm/cmfactur/preform - ::1 - [25-03-2024 11:36]"}
{"level":"info","message":"ruta: /cm/cmfactur/list/detalle - ::1 - [25-03-2024 11:36]"}
{"level":"info","message":"ruta: /cm/cmfactur/preform - ::1 - [25-03-2024 11:36]"}
{"level":"info","message":"ruta: /cm/cmfactur/list/detalle - ::1 - [25-03-2024 11:36]"}
{"level":"info","message":"ruta: /cm/cmfactur/preform - ::1 - [25-03-2024 11:36]"}
{"level":"info","message":"ruta: /cm/cmfactur/list/cabecera - ::1 - [25-03-2024 11:36]"}
{"level":"info","message":"ruta: /cm/cmfactur/list/detalle - ::1 - [25-03-2024 11:36]"}
{"level":"info","message":"ruta: /cm/cmfactur/list/detalle - ::1 - [25-03-2024 11:36]"}
{"level":"info","message":"ruta: /cm/cmfactur/list/detalle - ::1 - [25-03-2024 11:36]"}
{"level":"info","message":"ruta: /cm/cmfactur/list/detalle - ::1 - [25-03-2024 11:36]"}
{"level":"info","message":"ruta: /cm/cmfactur/list/detalle - ::1 - [25-03-2024 11:36]"}
{"level":"info","message":"ruta: /cm/cmfactur/list/detalle - ::1 - [25-03-2024 11:36]"}
{"level":"info","message":"ruta: /cm/cmfactur/preform - ::1 - [25-03-2024 11:36]"}
{"level":"info","message":"ruta: /cm/cmfactur/list/cabecera - ::1 - [25-03-2024 11:36]"}
{"level":"info","message":"ruta: /cm/cmfactur/list/detalle - ::1 - [25-03-2024 11:36]"}
{"level":"info","message":"ruta: /cm/cmfactur/preform - ::1 - [25-03-2024 11:36]"}
{"level":"info","message":"ruta: /cm/cmfactur/list/detalle - ::1 - [25-03-2024 11:36]"}
{"level":"info","message":"ruta: /cm/cmfactur/preform - ::1 - [25-03-2024 11:36]"}
{"level":"info","message":"ruta: /cm/cmfactur/list/cabecera - ::1 - [25-03-2024 11:36]"}
{"level":"info","message":"ruta: /cm/cmfactur/list/detalle - ::1 - [25-03-2024 11:36]"}
{"level":"info","message":"ruta: /cm/cmfactur/preform - ::1 - [25-03-2024 11:37]"}
{"level":"info","message":"ruta: /cm/cmfactur/list/detalle - ::1 - [25-03-2024 11:37]"}
{"level":"info","message":"ruta: /cm/cmfactur/preform - ::1 - [25-03-2024 11:37]"}
{"level":"info","message":"ruta: /cm/cmfactur/list/detalle - ::1 - [25-03-2024 11:37]"}
{"level":"info","message":"ruta: /cm/cmfactur/preform - ::1 - [25-03-2024 11:37]"}
{"level":"info","message":"ruta: /cm/cmfactur/list/detalle - ::1 - [25-03-2024 11:37]"}
{"level":"info","message":"ruta: /cm/cmfactur/preform - ::1 - [25-03-2024 11:37]"}
{"level":"info","message":"ruta: /cm/cmfactur/list/detalle - ::1 - [25-03-2024 11:37]"}
{"level":"info","message":"ruta: /cm/cmfactur/preform - ::1 - [25-03-2024 11:37]"}
{"level":"info","message":"ruta: /cm/cmfactur/list/cabecera - ::1 - [25-03-2024 11:37]"}
{"level":"info","message":"ruta: /cm/cmfactur/list/detalle - ::1 - [25-03-2024 11:37]"}
{"level":"info","message":"ruta: /cm/cmfactur/preform - ::1 - [25-03-2024 11:37]"}
{"level":"info","message":"ruta: /cm/cmfactur/list/detalle - ::1 - [25-03-2024 11:37]"}
{"level":"info","message":"ruta: /cm/cmfactur/preform - ::1 - [25-03-2024 11:37]"}
{"level":"info","message":"ruta: /cm/cmfactur/list/detalle - ::1 - [25-03-2024 11:37]"}
{"level":"info","message":"ruta: /cm/cmfactur/preform - ::1 - [25-03-2024 11:37]"}
{"level":"info","message":"ruta: /cm/cmfactur/list/detalle - ::1 - [25-03-2024 11:37]"}
{"level":"info","message":"ruta: /cm/cmfactur/preform - ::1 - [25-03-2024 11:37]"}
{"level":"info","message":"ruta: /cm/cmfactur/list/detalle - ::1 - [25-03-2024 11:37]"}
{"level":"info","message":"ruta: /cm/cmfactur/preform - ::1 - [25-03-2024 11:37]"}
{"level":"info","message":"ruta: /cm/cmfactur/list/cabecera - ::1 - [25-03-2024 11:37]"}
{"level":"info","message":"ruta: /cm/cmfactur/list/detalle - ::1 - [25-03-2024 11:37]"}
{"level":"info","message":"ruta: /cm/cmfactur/preform - ::1 - [25-03-2024 11:37]"}
{"level":"info","message":"ruta: /cm/cmfactur/list/cabecera - ::1 - [25-03-2024 11:37]"}
{"level":"info","message":"ruta: /cm/cmfactur/list/detalle - ::1 - [25-03-2024 11:37]"}
{"level":"info","message":"ruta: /cm/cmfactur/preform - ::1 - [25-03-2024 11:37]"}
{"level":"info","message":"ruta: /cm/cmfactur/list/detalle - ::1 - [25-03-2024 11:37]"}
{"level":"info","message":"ruta: /cm/cmfactur/preform - ::1 - [25-03-2024 11:38]"}
{"level":"info","message":"ruta: /cm/cmfactur/list/detalle - ::1 - [25-03-2024 11:38]"}
{"level":"info","message":"ruta: /cm/cmfactur/valida/sucursal - ::1 - [25-03-2024 11:38]"}
{"level":"info","message":"ruta: /cm/cmfactur/valida/nro_comprb - ::1 - [25-03-2024 11:38]"}
{"level":"info","message":"ruta: /cm/cmfactur/valida/proveedor - ::1 - [25-03-2024 11:38]"}
{"level":"info","message":"ruta: /cm/cmfactur/valida/prov_ant - ::1 - [25-03-2024 11:38]"}
{"level":"info","message":"ruta: /cm/cmfactur/valida/condcompra - ::1 - [25-03-2024 11:38]"}
{"level":"info","message":"ruta: /cm/cmfactur/valida/condmoneda - ::1 - [25-03-2024 11:38]"}
{"level":"info","message":"ruta: /cm/cmfactur/valida/deposito - ::1 - [25-03-2024 11:38]"}
{"level":"info","message":"ruta: /cm/cmfactur/valida/referencia - ::1 - [25-03-2024 11:38]"}
{"level":"info","message":"ruta: /cm/cmfactur/valida/articulo - ::1 - [25-03-2024 11:38]"}
{"level":"info","message":"ruta: /cm/cmfactur/valida/unidadMedida - ::1 - [25-03-2024 11:38]"}
{"level":"info","message":"ruta: /cm/cmfactur/valida/referencia - ::1 - [25-03-2024 11:39]"}
{"level":"info","message":"ruta: /cm/cmfactur/cab/1/A/FAC - ::1 - [25-03-2024 11:39]"}
{"level":"info","message":"ruta: /cm/cmfactur/det/1/A/FAC/9 - ::1 - [25-03-2024 11:39]"}
{"level":"info","message":"ruta: /cm/cmfactur - ::1 - [25-03-2024 11:39]"}
{"level":"info","message":"ruta: /cm/cmfactur/list/detalle - ::1 - [25-03-2024 11:39]"}
{"level":"info","message":"ruta: /cm/cmfactur/preform - ::1 - [25-03-2024 11:40]"}
{"level":"info","message":"ruta: /cm/cmfactur/list/detalle - ::1 - [25-03-2024 11:40]"}
{"level":"info","message":"ruta: /cm/cmfactur/preform - ::1 - [25-03-2024 11:40]"}
{"level":"info","message":"ruta: /cm/cmfactur/preform - ::1 - [25-03-2024 11:40]"}
{"level":"info","message":"ruta: /cm/cmfactur/list/detalle - ::1 - [25-03-2024 11:40]"}
{"level":"info","message":"ruta: /cm/cmfactur/preform - ::1 - [25-03-2024 11:40]"}
{"level":"info","message":"ruta: /cm/cmfactur/list/detalle - ::1 - [25-03-2024 11:40]"}
{"level":"info","message":"ruta: /cm/cmfactur/list/cabecera - ::1 - [25-03-2024 11:40]"}
{"level":"info","message":"ruta: /cm/cmfactur/list/detalle - ::1 - [25-03-2024 11:40]"}
{"level":"info","message":"ruta: /cm/cmfactur/preform - ::1 - [25-03-2024 11:41]"}
{"level":"info","message":"ruta: /cm/cmfactur/list/detalle - ::1 - [25-03-2024 11:41]"}
{"level":"info","message":"ruta: /cm/cmfactur/preform - ::1 - [25-03-2024 11:41]"}
{"level":"info","message":"ruta: /cm/cmfactur/list/cabecera - ::1 - [25-03-2024 11:41]"}
{"level":"info","message":"ruta: /cm/cmfactur/list/detalle - ::1 - [25-03-2024 11:41]"}
{"level":"info","message":"ruta: /cm/cmfactur/preform - ::1 - [25-03-2024 11:42]"}
{"level":"info","message":"ruta: /cm/cmfactur - ::1 - [25-03-2024 11:42]"}
{"level":"info","message":"ruta: /cm/cmfactur/list/detalle - ::1 - [25-03-2024 11:42]"}
{"level":"info","message":"ruta: /cm/cmfactur/preform - ::1 - [25-03-2024 11:42]"}
{"level":"info","message":"ruta: /cm/cmfactur/list/detalle - ::1 - [25-03-2024 11:42]"}
{"level":"info","message":"ruta: /cm/cmfactur/preform - ::1 - [25-03-2024 11:56]"}
{"level":"info","message":"ruta: /cm/cmfactur/preform - ::1 - [25-03-2024 11:56]"}
{"level":"info","message":"ruta: /cm/cmfactur/list/detalle - ::1 - [25-03-2024 11:56]"}
{"level":"info","message":"ruta: /cm/cmfactur/list/detalle - ::1 - [25-03-2024 11:56]"}
{"level":"info","message":"ruta: /cm/cmfactur/preform - ::1 - [25-03-2024 11:57]"}
{"level":"info","message":"ruta: /cm/cmfactur/list/detalle - ::1 - [25-03-2024 11:57]"}
{"level":"info","message":"ruta: /cm/cmfactur/preform - ::1 - [25-03-2024 11:57]"}
{"level":"info","message":"ruta: /cm/cmfactur/list/detalle - ::1 - [25-03-2024 11:57]"}
{"level":"info","message":"ruta: /cm/cmfactur/preform - ::1 - [25-03-2024 11:57]"}
{"level":"info","message":"ruta: /cm/cmfactur/list/cabecera - ::1 - [25-03-2024 11:57]"}
{"level":"info","message":"ruta: /cm/cmfactur/list/detalle - ::1 - [25-03-2024 11:57]"}
{"level":"info","message":"ruta: /cm/cmfactur - ::1 - [25-03-2024 11:57]"}
{"level":"info","message":"ruta: /cm/cmfactur/list/detalle - ::1 - [25-03-2024 11:57]"}
{"level":"info","message":"ruta: /cm/cmfactur/valida/unidadMedida - ::1 - [25-03-2024 11:57]"}
{"level":"info","message":"ruta: /cm/cmfactur/valida/unidadMedida - ::1 - [25-03-2024 11:57]"}
{"level":"info","message":"ruta: /cm/cmfactur - ::1 - [25-03-2024 11:57]"}
{"level":"info","message":"ruta: /cm/cmfactur/list/detalle - ::1 - [25-03-2024 11:57]"}
{"level":"info","message":"ruta: /cm/cmfactur/valida/unidadMedida - ::1 - [25-03-2024 11:57]"}
{"level":"info","message":"ruta: /cm/cmfactur/valida/articulo - ::1 - [25-03-2024 11:57]"}
{"level":"info","message":"ruta: /cm/cmfactur/valida/unidadMedida - ::1 - [25-03-2024 11:57]"}
{"level":"info","message":"ruta: /cm/cmfactur/det/1/A/FAC/8 - ::1 - [25-03-2024 11:57]"}
{"level":"info","message":"ruta: /cm/cmfactur - ::1 - [25-03-2024 11:57]"}
{"level":"info","message":"ruta: /cm/cmfactur/list/detalle - ::1 - [25-03-2024 11:57]"}
{"level":"info","message":"ruta: /cm/cmfactur/preform - ::1 - [25-03-2024 11:58]"}
{"level":"info","message":"ruta: /cm/cmfactur/list/detalle - ::1 - [25-03-2024 11:58]"}
{"level":"info","message":"ruta: /cm/cmfactur/valida/sucursal - ::1 - [25-03-2024 11:58]"}
{"level":"info","message":"ruta: /cm/cmfactur/valida/nro_comprb - ::1 - [25-03-2024 11:58]"}
{"level":"info","message":"ruta: /cm/cmfactur/valida/proveedor - ::1 - [25-03-2024 11:58]"}
{"level":"info","message":"ruta: /cm/cmfactur/valida/proveedor - ::1 - [25-03-2024 11:59]"}
{"level":"info","message":"ruta: /cm/cmfactur/valida/condcompra - ::1 - [25-03-2024 11:59]"}
{"level":"info","message":"ruta: /cm/cmfactur/valida/condmoneda - ::1 - [25-03-2024 11:59]"}
{"level":"info","message":"ruta: /cm/cmfactur/valida/deposito - ::1 - [25-03-2024 11:59]"}
{"level":"info","message":"ruta: /cm/cmfactur/valida/deposito - ::1 - [25-03-2024 11:59]"}
{"level":"info","message":"ruta: /cm/cmfactur/valida/deposito - ::1 - [25-03-2024 11:59]"}
{"level":"info","message":"ruta: /cm/cmfactur/valida/referencia - ::1 - [25-03-2024 11:59]"}
{"level":"info","message":"ruta: /cm/cmfactur/valida/articulo - ::1 - [25-03-2024 11:59]"}
{"level":"info","message":"ruta: /cm/cmfactur/valida/unidadMedida - ::1 - [25-03-2024 11:59]"}
{"level":"info","message":"ruta: /cm/cmfactur/valida/unidadMedida - ::1 - [25-03-2024 11:59]"}
{"level":"info","message":"ruta: /cm/cmfactur/valida/unidadMedida - ::1 - [25-03-2024 11:59]"}
{"level":"info","message":"ruta: /cm/cmfactur/preform - ::1 - [25-03-2024 11:59]"}
{"level":"info","message":"ruta: /cm/cmfactur/list/detalle - ::1 - [25-03-2024 11:59]"}
{"level":"info","message":"ruta: /cm/cmfactur/valida/sucursal - ::1 - [25-03-2024 12:00]"}
{"level":"info","message":"ruta: /cm/cmfactur/valida/nro_comprb - ::1 - [25-03-2024 12:00]"}
{"level":"info","message":"ruta: /cm/cmfactur/valida/proveedor - ::1 - [25-03-2024 12:00]"}
{"level":"info","message":"ruta: /cm/cmfactur/valida/condcompra - ::1 - [25-03-2024 12:00]"}
{"level":"info","message":"ruta: /cm/cmfactur/valida/condmoneda - ::1 - [25-03-2024 12:00]"}
{"level":"info","message":"ruta: /cm/cmfactur/valida/deposito - ::1 - [25-03-2024 12:00]"}
{"level":"info","message":"ruta: /cm/cmfactur/valida/referencia - ::1 - [25-03-2024 12:00]"}
{"level":"info","message":"ruta: /cm/cmfactur/valida/articulo - ::1 - [25-03-2024 12:00]"}
{"level":"info","message":"ruta: /cm/cmfactur/valida/unidadMedida - ::1 - [25-03-2024 12:00]"}
{"level":"info","message":"ruta: /cm/cmfactur/valida/unidadMedida - ::1 - [25-03-2024 12:00]"}
{"level":"info","message":"ruta: /cm/cmfactur/valida/articulo - ::1 - [25-03-2024 12:01]"}
{"level":"info","message":"ruta: /cm/cmfactur/valida/unidadMedida - ::1 - [25-03-2024 12:01]"}
{"level":"info","message":"ruta: /cm/cmfactur/cab/1/A/FAC - ::1 - [25-03-2024 12:01]"}
{"level":"info","message":"ruta: /cm/cmfactur/det/1/A/FAC/9 - ::1 - [25-03-2024 12:01]"}
{"level":"info","message":"ruta: /cm/cmfactur - ::1 - [25-03-2024 12:01]"}
{"level":"info","message":"ruta: /cm/cmfactur/list/detalle - ::1 - [25-03-2024 12:01]"}
{"level":"info","message":"ruta: /cm/cmfactur/preform - ::1 - [25-03-2024 12:02]"}
{"level":"info","message":"ruta: /cm/cmfactur/list/cabecera - ::1 - [25-03-2024 12:02]"}
{"level":"info","message":"ruta: /cm/cmfactur/list/detalle - ::1 - [25-03-2024 12:02]"}
{"level":"info","message":"ruta: /cm/cmfactur/preform - ::1 - [25-03-2024 12:02]"}
{"level":"info","message":"ruta: /cm/cmfactur - ::1 - [25-03-2024 12:02]"}
{"level":"info","message":"ruta: /cm/cmfactur/list/detalle - ::1 - [25-03-2024 12:02]"}
{"level":"info","message":"ruta: /cm/cmfactur/preform - ::1 - [25-03-2024 12:02]"}
{"level":"info","message":"ruta: /cm/cmfactur/list/detalle - ::1 - [25-03-2024 12:02]"}
{"level":"info","message":"ruta: /cm/cmfactur/valida/sucursal - ::1 - [25-03-2024 12:02]"}
{"level":"info","message":"ruta: /cm/cmfactur/valida/sucursal - ::1 - [25-03-2024 12:02]"}
{"level":"info","message":"ruta: /cm/cmfactur/valida/nro_comprb - ::1 - [25-03-2024 12:02]"}
{"level":"info","message":"ruta: /cm/cmfactur/valida/proveedor - ::1 - [25-03-2024 12:02]"}
{"level":"info","message":"ruta: /cm/cmfactur/valida/condcompra - ::1 - [25-03-2024 12:02]"}
{"level":"info","message":"ruta: /cm/cmfactur/valida/condmoneda - ::1 - [25-03-2024 12:02]"}
{"level":"info","message":"ruta: /cm/cmfactur/valida/deposito - ::1 - [25-03-2024 12:02]"}
{"level":"info","message":"ruta: /cm/cmfactur/valida/prov_ant - ::1 - [25-03-2024 12:02]"}
{"level":"info","message":"ruta: /cm/cmfactur/buscar/prov_ant - ::1 - [25-03-2024 12:02]"}
{"level":"info","message":"ruta: /cm/cmfactur/valida/prov_ant - ::1 - [25-03-2024 12:02]"}
{"level":"info","message":"ruta: /cm/cmfactur/valida/condcompra - ::1 - [25-03-2024 12:02]"}
{"level":"info","message":"ruta: /cm/cmfactur/list/detalle - ::1 - [25-03-2024 12:02]"}
{"level":"info","message":"ruta: /cm/cmfactur/valida/condcompra - ::1 - [25-03-2024 12:02]"}
{"level":"info","message":"ruta: /cm/cmfactur/buscar/condCompra - ::1 - [25-03-2024 12:02]"}
{"level":"info","message":"ruta: /cm/cmfactur/valida/condcompra - ::1 - [25-03-2024 12:02]"}
{"level":"info","message":"ruta: /cm/cmfactur/valida/condmoneda - ::1 - [25-03-2024 12:02]"}
{"level":"info","message":"ruta: /cm/cmfactur/valida/deposito - ::1 - [25-03-2024 12:02]"}
{"level":"info","message":"ruta: /cm/cmfactur/valida/referencia - ::1 - [25-03-2024 12:02]"}
{"level":"info","message":"ruta: /cm/cmfactur/valida/articulo - ::1 - [25-03-2024 12:03]"}
{"level":"info","message":"ruta: /cm/cmfactur/valida/unidadMedida - ::1 - [25-03-2024 12:03]"}
{"level":"info","message":"ruta: /cm/cmfactur/cab/1/A/FAC - ::1 - [25-03-2024 12:03]"}
{"level":"info","message":"ruta: /cm/cmfactur - ::1 - [25-03-2024 12:03]"}
{"level":"info","message":"ruta: /cm/cmfactur/cab/1/A/FAC - ::1 - [25-03-2024 12:04]"}
{"level":"info","message":"ruta: /cm/cmfactur - ::1 - [25-03-2024 12:04]"}
{"level":"info","message":"ruta: /cm/cmfactur/cab/1/A/FAC - ::1 - [25-03-2024 12:04]"}
{"level":"info","message":"ruta: /cm/cmfactur - ::1 - [25-03-2024 12:04]"}
{"level":"info","message":"ruta: /cm/cmfactur/preform - ::1 - [25-03-2024 12:05]"}
{"level":"info","message":"ruta: /cm/cmfactur/list/detalle - ::1 - [25-03-2024 12:05]"}
{"level":"info","message":"ruta: /cm/cmfactur/preform - ::1 - [25-03-2024 12:05]"}
{"level":"info","message":"ruta: /cm/cmfactur/list/cabecera - ::1 - [25-03-2024 12:05]"}
{"level":"info","message":"ruta: /cm/cmfactur/list/detalle - ::1 - [25-03-2024 12:05]"}
{"level":"info","message":"ruta: /cm/cmfactur/preform - ::1 - [25-03-2024 12:05]"}
{"level":"info","message":"ruta: /cm/cmfactur - ::1 - [25-03-2024 12:05]"}
{"level":"info","message":"ruta: /cm/cmfactur/list/detalle - ::1 - [25-03-2024 12:05]"}
{"level":"info","message":"ruta: /cm/cmfactur/preform - ::1 - [25-03-2024 12:05]"}
{"level":"info","message":"ruta: /cm/cmfactur/list/detalle - ::1 - [25-03-2024 12:05]"}
{"level":"info","message":"ruta: /cm/cmfactur/preform - ::1 - [25-03-2024 12:05]"}
{"level":"info","message":"ruta: /cm/cmfactur/list/cabecera - ::1 - [25-03-2024 12:05]"}
{"level":"info","message":"ruta: /cm/cmfactur/list/detalle - ::1 - [25-03-2024 12:05]"}
{"level":"info","message":"ruta: /cm/cmfactur/preform - ::1 - [25-03-2024 12:05]"}
{"level":"info","message":"ruta: /cm/cmfactur/list/cabecera - ::1 - [25-03-2024 12:05]"}
{"level":"info","message":"ruta: /cm/cmfactur/list/detalle - ::1 - [25-03-2024 12:05]"}
{"level":"info","message":"ruta: /cm/cmfactur/list/detalle - ::1 - [25-03-2024 12:05]"}
{"level":"info","message":"ruta: /cm/cmfactur/list/detalle - ::1 - [25-03-2024 12:05]"}
{"level":"info","message":"ruta: /cm/cmfactur/list/detalle - ::1 - [25-03-2024 12:05]"}
{"level":"info","message":"ruta: /cm/cmfactur/list/detalle - ::1 - [25-03-2024 12:05]"}
{"level":"info","message":"ruta: /cm/cmfactur/list/detalle - ::1 - [25-03-2024 12:05]"}
{"level":"info","message":"ruta: /cm/cmfactur/list/detalle - ::1 - [25-03-2024 12:05]"}
{"level":"info","message":"ruta: /cm/cmfactur/list/detalle - ::1 - [25-03-2024 12:05]"}
{"level":"info","message":"ruta: /cm/cmfactur/list/detalle - ::1 - [25-03-2024 12:05]"}
{"level":"info","message":"ruta: /cm/cmfactur/list/detalle - ::1 - [25-03-2024 12:05]"}
{"level":"info","message":"ruta: /cm/cmfactur/preform - ::1 - [25-03-2024 12:05]"}
{"level":"info","message":"ruta: /cm/cmfactur - ::1 - [25-03-2024 12:05]"}
{"level":"info","message":"ruta: /cm/cmfactur/list/detalle - ::1 - [25-03-2024 12:05]"}
{"level":"info","message":"ruta: /cm/cmfactur/preform - ::1 - [25-03-2024 12:05]"}
{"level":"info","message":"ruta: /cm/cmfactur/list/detalle - ::1 - [25-03-2024 12:05]"}
{"level":"info","message":"ruta: /cm/cmfactur/preform - ::1 - [25-03-2024 12:05]"}
{"level":"info","message":"ruta: /cm/cmfactur/list/cabecera - ::1 - [25-03-2024 12:05]"}
{"level":"info","message":"ruta: /cm/cmfactur/list/detalle - ::1 - [25-03-2024 12:05]"}
{"level":"info","message":"ruta: /cm/cmfactur/preform - ::1 - [25-03-2024 12:05]"}
{"level":"info","message":"ruta: /cm/cmfactur - ::1 - [25-03-2024 12:05]"}
{"level":"info","message":"ruta: /cm/cmfactur/list/detalle - ::1 - [25-03-2024 12:05]"}
{"level":"info","message":"ruta: /cm/cmfactur/preform - ::1 - [25-03-2024 12:05]"}
{"level":"info","message":"ruta: /cm/cmfactur/list/detalle - ::1 - [25-03-2024 12:05]"}
{"level":"info","message":"ruta: /cm/cmfactur/preform - ::1 - [25-03-2024 12:05]"}
{"level":"info","message":"ruta: /cm/cmfactur/list/cabecera - ::1 - [25-03-2024 12:05]"}
{"level":"info","message":"ruta: /cm/cmfactur/list/detalle - ::1 - [25-03-2024 12:05]"}
{"level":"info","message":"ruta: /cm/cmfactur/preform - ::1 - [25-03-2024 12:05]"}
{"level":"info","message":"ruta: /cm/cmfactur/list/detalle - ::1 - [25-03-2024 12:05]"}
{"level":"info","message":"ruta: /cm/cmfactur/valida/sucursal - ::1 - [25-03-2024 12:06]"}
{"level":"info","message":"ruta: /cm/cmfactur/valida/nro_comprb - ::1 - [25-03-2024 12:06]"}
{"level":"info","message":"ruta: /cm/cmfactur/valida/proveedor - ::1 - [25-03-2024 12:06]"}
{"level":"info","message":"ruta: /cm/cmfactur/valida/condcompra - ::1 - [25-03-2024 12:06]"}
{"level":"info","message":"ruta: /cm/cmfactur/valida/condmoneda - ::1 - [25-03-2024 12:06]"}
{"level":"info","message":"ruta: /cm/cmfactur/valida/deposito - ::1 - [25-03-2024 12:06]"}
{"level":"info","message":"ruta: /cm/cmfactur/valida/referencia - ::1 - [25-03-2024 12:06]"}
{"level":"info","message":"ruta: /cm/cmfactur/valida/articulo - ::1 - [25-03-2024 12:06]"}
{"level":"info","message":"ruta: /cm/cmfactur/valida/unidadMedida - ::1 - [25-03-2024 12:06]"}
{"level":"info","message":"ruta: /cm/cmfactur/cab/1/A/FAC - ::1 - [25-03-2024 12:06]"}
{"level":"info","message":"ruta: /cm/cmfactur/det/1/A/FAC/9 - ::1 - [25-03-2024 12:06]"}
{"level":"info","message":"ruta: /cm/cmfactur - ::1 - [25-03-2024 12:06]"}
{"level":"info","message":"ruta: /cm/cmfactur/preform - ::1 - [25-03-2024 13:34]"}
{"level":"info","message":"ruta: /cm/cmfactur/list/detalle - ::1 - [25-03-2024 13:34]"}
{"level":"info","message":"ruta: /cm/cmfactur/preform - ::1 - [25-03-2024 13:34]"}
{"level":"info","message":"ruta: /cm/cmfactur/list/cabecera - ::1 - [25-03-2024 13:34]"}
{"level":"info","message":"ruta: /cm/cmfactur/list/detalle - ::1 - [25-03-2024 13:34]"}
{"level":"info","message":"ruta: /cm/cmfactur/preform - ::1 - [25-03-2024 13:34]"}
{"level":"info","message":"ruta: /cm/cmfactur - ::1 - [25-03-2024 13:34]"}
{"level":"info","message":"ruta: /cm/cmfactur/list/detalle - ::1 - [25-03-2024 13:34]"}
{"level":"info","message":"ruta: /cm/cmfactur/preform - ::1 - [25-03-2024 13:34]"}
{"level":"info","message":"ruta: /cm/cmfactur/list/detalle - ::1 - [25-03-2024 13:34]"}
{"level":"info","message":"ruta: /cm/cmfactur/preform - ::1 - [25-03-2024 13:34]"}
{"level":"info","message":"ruta: /cm/cmfactur/list/cabecera - ::1 - [25-03-2024 13:34]"}
{"level":"info","message":"ruta: /cm/cmfactur/list/detalle - ::1 - [25-03-2024 13:34]"}
{"level":"info","message":"ruta: /cm/cmfactur/preform - ::1 - [25-03-2024 13:34]"}
{"level":"info","message":"ruta: /cm/cmfactur/list/detalle - ::1 - [25-03-2024 13:34]"}
{"level":"info","message":"ruta: /cm/cmfactur/valida/sucursal - ::1 - [25-03-2024 13:34]"}
{"level":"info","message":"ruta: /cm/cmfactur/valida/nro_comprb - ::1 - [25-03-2024 13:34]"}
{"level":"info","message":"ruta: /cm/cmfactur/preform - ::1 - [25-03-2024 13:35]"}
{"level":"info","message":"ruta: /cm/cmfactur/list/detalle - ::1 - [25-03-2024 13:35]"}
{"level":"info","message":"ruta: /cm/cmfactur/preform - ::1 - [25-03-2024 13:36]"}
{"level":"info","message":"ruta: /cm/cmfactur/list/cabecera - ::1 - [25-03-2024 13:36]"}
{"level":"info","message":"ruta: /cm/cmfactur/list/detalle - ::1 - [25-03-2024 13:36]"}
{"level":"info","message":"ruta: /cm/cmfactur/preform - ::1 - [25-03-2024 13:37]"}
{"level":"info","message":"ruta: /cm/cmfactur/list/detalle - ::1 - [25-03-2024 13:37]"}
{"level":"info","message":"ruta: /cm/cmfactur/preform - ::1 - [25-03-2024 13:37]"}
{"level":"info","message":"ruta: /cm/cmfactur/list/cabecera - ::1 - [25-03-2024 13:37]"}
{"level":"info","message":"ruta: /cm/cmfactur/list/detalle - ::1 - [25-03-2024 13:37]"}
{"level":"info","message":"ruta: /cm/cmfactur/preform - ::1 - [25-03-2024 13:37]"}
{"level":"info","message":"ruta: /cm/cmfactur/list/cabecera - ::1 - [25-03-2024 13:37]"}
{"level":"info","message":"ruta: /cm/cmfactur/list/detalle - ::1 - [25-03-2024 13:37]"}
{"level":"info","message":"ruta: /cm/cmfactur/preform - ::1 - [25-03-2024 13:37]"}
{"level":"info","message":"ruta: /cm/cmfactur/list/cabecera - ::1 - [25-03-2024 13:37]"}
{"level":"info","message":"ruta: /cm/cmfactur/list/detalle - ::1 - [25-03-2024 13:37]"}
{"level":"info","message":"ruta: /cm/cmfactur/preform - ::1 - [25-03-2024 13:37]"}
{"level":"info","message":"ruta: /cm/cmfactur/list/detalle - ::1 - [25-03-2024 13:37]"}
{"level":"info","message":"ruta: /cm/cmfactur/valida/sucursal - ::1 - [25-03-2024 13:37]"}
{"level":"info","message":"ruta: /cm/cmfactur/valida/nro_comprb - ::1 - [25-03-2024 13:37]"}
{"level":"info","message":"ruta: /cm/cmfactur/valida/proveedor - ::1 - [25-03-2024 13:37]"}
{"level":"info","message":"ruta: /cm/cmfactur/valida/condcompra - ::1 - [25-03-2024 13:37]"}
{"level":"info","message":"ruta: /cm/cmfactur/valida/condcompra - ::1 - [25-03-2024 13:38]"}
{"level":"info","message":"ruta: /cm/cmfactur/valida/condmoneda - ::1 - [25-03-2024 13:38]"}
{"level":"info","message":"ruta: /cm/cmfactur/valida/deposito - ::1 - [25-03-2024 13:38]"}
{"level":"info","message":"ruta: /cm/cmfactur/valida/referencia - ::1 - [25-03-2024 13:38]"}
{"level":"info","message":"ruta: /cm/cmfactur/valida/articulo - ::1 - [25-03-2024 13:38]"}
{"level":"info","message":"ruta: /cm/cmfactur/valida/unidadMedida - ::1 - [25-03-2024 13:38]"}
{"level":"info","message":"ruta: /cm/cmfactur/cab/1/A/FAC - ::1 - [25-03-2024 13:38]"}
{"level":"info","message":"ruta: /cm/cmfactur/det/1/A/FAC/9 - ::1 - [25-03-2024 13:38]"}
{"level":"info","message":"ruta: /cm/cmfactur - ::1 - [25-03-2024 13:38]"}
{"level":"info","message":"ruta: /cm/cmfactur/list/detalle - ::1 - [25-03-2024 13:38]"}
{"level":"info","message":"ruta: /cm/cmfactur/preform - ::1 - [25-03-2024 13:41]"}
{"level":"info","message":"ruta: /cm/cmfactur/list/cabecera - ::1 - [25-03-2024 13:41]"}
{"level":"info","message":"ruta: /cm/cmfactur/list/detalle - ::1 - [25-03-2024 13:41]"}
{"level":"info","message":"ruta: /cm/cmfactur/preform - ::1 - [25-03-2024 13:47]"}
{"level":"info","message":"ruta: /cm/cmfactur/list/cabecera - ::1 - [25-03-2024 13:47]"}
{"level":"info","message":"ruta: /cm/cmfactur/list/detalle - ::1 - [25-03-2024 13:47]"}
{"level":"info","message":"ruta: /cm/cmfactur/preform - ::1 - [25-03-2024 13:55]"}
{"level":"info","message":"ruta: /cm/cmfactur/list/cabecera - ::1 - [25-03-2024 13:55]"}
{"level":"info","message":"ruta: /cm/cmfactur/list/detalle - ::1 - [25-03-2024 13:55]"}
{"level":"info","message":"ruta: /cm/cmfactur/preform - ::1 - [25-03-2024 13:56]"}
{"level":"info","message":"ruta: /cm/cmfactur/list/cabecera - ::1 - [25-03-2024 13:56]"}
{"level":"info","message":"ruta: /cm/cmfactur/list/detalle - ::1 - [25-03-2024 13:56]"}
{"level":"info","message":"ruta: /cm/cmfactur/preform - ::1 - [25-03-2024 14:00]"}
{"level":"info","message":"ruta: /cm/cmfactur/list/cabecera - ::1 - [25-03-2024 14:00]"}
{"level":"info","message":"ruta: /cm/cmfactur/list/detalle - ::1 - [25-03-2024 14:00]"}
{"level":"info","message":"ruta: /cm/cmfactur/preform - ::1 - [25-03-2024 14:00]"}
{"level":"info","message":"ruta: /cm/cmfactur - ::1 - [25-03-2024 14:01]"}
{"level":"info","message":"ruta: /cm/cmfactur/list/detalle - ::1 - [25-03-2024 14:01]"}
{"level":"info","message":"ruta: /cm/cmfactur/preform - ::1 - [25-03-2024 14:01]"}
{"level":"info","message":"ruta: /cm/cmfactur/list/detalle - ::1 - [25-03-2024 14:01]"}
{"level":"info","message":"ruta: /cm/cmfactur/preform - ::1 - [25-03-2024 14:01]"}
{"level":"info","message":"ruta: /cm/cmfactur/list/detalle - ::1 - [25-03-2024 14:01]"}
{"level":"info","message":"ruta: /cm/cmfactur/preform - ::1 - [25-03-2024 14:01]"}
{"level":"info","message":"ruta: /cm/cmfactur/list/detalle - ::1 - [25-03-2024 14:01]"}
{"level":"info","message":"ruta: /cm/cmfactur/preform - ::1 - [25-03-2024 14:08]"}
{"level":"info","message":"ruta: /cm/cmfactur/list/detalle - ::1 - [25-03-2024 14:08]"}
{"level":"info","message":"ruta: /vt/vtvende/list/listCab - ::1 - [25-03-2024 14:08]"}
{"level":"info","message":"ruta: /cm/cmfactur/preform - ::1 - [25-03-2024 14:13]"}
{"level":"info","message":"ruta: /cm/cmfactur/list/detalle - ::1 - [25-03-2024 14:13]"}
{"level":"info","message":"ruta: /vt/vtvende/list/listCab - ::1 - [25-03-2024 14:23]"}
{"level":"info","message":"ruta: /cm/cmfactur/preform - ::1 - [25-03-2024 14:29]"}
{"level":"info","message":"ruta: /cm/cmfactur/list/detalle - ::1 - [25-03-2024 14:29]"}
{"level":"info","message":"ruta: /cm/cmfactur/preform - ::1 - [25-03-2024 14:29]"}
{"level":"info","message":"ruta: /cm/cmfactur/list/detalle - ::1 - [25-03-2024 14:29]"}
{"level":"info","message":"ruta: /cm/cmfactur/preform - ::1 - [25-03-2024 14:29]"}
{"level":"info","message":"ruta: /cm/cmfactur/list/detalle - ::1 - [25-03-2024 14:29]"}
{"level":"info","message":"ruta: /cm/cmfactur/preform - ::1 - [25-03-2024 14:29]"}
{"level":"info","message":"ruta: /cm/cmfactur/list/detalle - ::1 - [25-03-2024 14:29]"}
{"level":"info","message":"ruta: /cm/cmfactur/preform - ::1 - [25-03-2024 14:29]"}
{"level":"info","message":"ruta: /cm/cmfactur/list/detalle - ::1 - [25-03-2024 14:29]"}
{"level":"info","message":"ruta: /cm/cmfactur/preform - ::1 - [25-03-2024 14:29]"}
{"level":"info","message":"ruta: /cm/cmfactur/list/detalle - ::1 - [25-03-2024 14:29]"}
{"level":"info","message":"ruta: /cm/cmfactur/preform - ::1 - [25-03-2024 14:29]"}
{"level":"info","message":"ruta: /cm/cmfactur/list/detalle - ::1 - [25-03-2024 14:29]"}
{"level":"info","message":"ruta: /cm/cmcoffac/listcabecera - ::1 - [25-03-2024 15:13]"}
{"level":"info","message":"ruta: /cm/cmcoffac/listcabecera - ::1 - [25-03-2024 15:13]"}
{"level":"info","message":"ruta: /cm/cmcoffac/listcabecera - ::1 - [25-03-2024 15:14]"}
{"level":"info","message":"ruta: /cm/cmcoffac/listcabecera - ::1 - [25-03-2024 15:15]"}
