{"level":"info","message":"ruta: /vt/vtclient/preform - ::1 - [13-02-2024 20:00]"}
{"level":"info","message":"ruta: /vt/vtclient/listDet - ::1 - [13-02-2024 20:00]"}
{"level":"info","message":"ruta: /st/stenvio/buscar/tipCambio - ::1 - [13-02-2024 20:12]"}
{"level":"info","message":"ruta: /st/stenvio/list/detalle - ::1 - [13-02-2024 20:12]"}
{"level":"info","message":"ruta: /st/stentsal/list/detalle - ::1 - [13-02-2024 20:12]"}
{"level":"info","message":"ruta: /st/stenvio/buscar/tipCambio - ::1 - [13-02-2024 20:12]"}
{"level":"info","message":"ruta: /st/stenvio/list/detalle - ::1 - [13-02-2024 20:12]"}
{"level":"info","message":"ruta: /st/stenvio/buscar/tipCambio - ::1 - [13-02-2024 20:12]"}
{"level":"info","message":"ruta: /st/stenvio/list/detalle - ::1 - [13-02-2024 20:12]"}
{"level":"info","message":"ruta: /st/stenvio/list/cabecera - ::1 - [13-02-2024 20:12]"}
{"level":"info","message":"ruta: /st/stenvio/list/detalle - ::1 - [13-02-2024 20:12]"}
{"level":"info","message":"ruta: /st/stenvio/reporte/renvio - ::1 - [13-02-2024 20:12]"}
{"level":"info","message":"ruta: /st/stenvio/list/detalle - ::1 - [13-02-2024 20:12]"}
{"level":"info","message":"ruta: /st/stenvio/reporte/renvio - ::1 - [13-02-2024 20:12]"}
{"level":"info","message":"ruta: /st/stenvio/list/detalle - ::1 - [13-02-2024 20:12]"}
{"level":"info","message":"ruta: /st/stenvio/list/detalle - ::1 - [13-02-2024 20:12]"}
{"level":"info","message":"ruta: /st/stenvio/list/detalle - ::1 - [13-02-2024 20:13]"}
{"level":"info","message":"ruta: /st/stenvio/list/detalle - ::1 - [13-02-2024 20:13]"}
{"level":"info","message":"ruta: /st/stenvio/list/detalle - ::1 - [13-02-2024 20:13]"}
{"level":"info","message":"ruta: /st/stenvio/list/detalle - ::1 - [13-02-2024 20:13]"}
{"level":"info","message":"ruta: /st/stenvio/list/detalle - ::1 - [13-02-2024 20:13]"}
{"level":"info","message":"ruta: /st/stenvio/list/detalle - ::1 - [13-02-2024 20:13]"}
{"level":"info","message":"ruta: /st/stenvio/list/detalle - ::1 - [13-02-2024 20:13]"}
{"level":"info","message":"ruta: /st/stenvio/list/detalle - ::1 - [13-02-2024 20:13]"}
{"level":"info","message":"ruta: /st/stenvio/list/detalle - ::1 - [13-02-2024 20:13]"}
{"level":"info","message":"ruta: /st/stenvio/list/detalle - ::1 - [13-02-2024 20:13]"}
{"level":"info","message":"ruta: /st/stenvio/list/detalle - ::1 - [13-02-2024 20:13]"}
{"level":"info","message":"ruta: /st/stenvio/list/detalle - ::1 - [13-02-2024 20:13]"}
{"level":"info","message":"ruta: /st/stenvio/list/detalle - ::1 - [13-02-2024 20:13]"}
{"level":"info","message":"ruta: /st/stenvio/list/detalle - ::1 - [13-02-2024 20:13]"}
{"level":"info","message":"ruta: /st/stenvio/buscar/articulo - ::1 - [13-02-2024 20:13]"}
{"level":"info","message":"ruta: /st/stenvio/valida/deposito - ::1 - [13-02-2024 20:13]"}
{"level":"info","message":"ruta: /st/stenvio/valida/deposito_ent - ::1 - [13-02-2024 20:13]"}
{"level":"info","message":"ruta: /st/stenvio/valida/um - ::1 - [13-02-2024 20:13]"}
{"level":"info","message":"ruta: /st/stenvio/valida/cantidad - ::1 - [13-02-2024 20:13]"}
{"level":"info","message":"ruta: /st/stenvio/buscar/tipCambio - ::1 - [13-02-2024 20:13]"}
{"level":"info","message":"ruta: /st/stenvio/list/detalle - ::1 - [13-02-2024 20:13]"}
{"level":"info","message":"ruta: /st/stenvio/buscar/tipCambio - ::1 - [13-02-2024 20:20]"}
{"level":"info","message":"ruta: /st/stenvio/list/detalle - ::1 - [13-02-2024 20:20]"}
{"level":"info","message":"ruta: /st/stenvio/buscar/tipCambio - ::1 - [13-02-2024 20:25]"}
{"level":"info","message":"ruta: /st/stenvio/list/cabecera - ::1 - [13-02-2024 20:25]"}
{"level":"info","message":"ruta: /st/stenvio/list/detalle - ::1 - [13-02-2024 20:25]"}
{"level":"info","message":"ruta: /st/stenvio/list/detalle - ::1 - [13-02-2024 20:25]"}
{"level":"info","message":"ruta: /st/stentsal/list/detalle - ::1 - [13-02-2024 20:25]"}
{"level":"info","message":"ruta: /st/stentsal/list/detalle - ::1 - [13-02-2024 20:25]"}
{"level":"info","message":"ruta: /st/stentsal/list/cabecera - ::1 - [13-02-2024 20:25]"}
{"level":"info","message":"ruta: /st/stentsal/list/postqueryCab - ::1 - [13-02-2024 20:25]"}
{"level":"info","message":"ruta: /st/stentsal/list/detalle - ::1 - [13-02-2024 20:25]"}
{"level":"info","message":"ruta: /st/stentsal/reporte/rstentsal - ::1 - [13-02-2024 20:25]"}
{"level":"info","message":"ruta: /st/stentsal/list/detalle - ::1 - [13-02-2024 20:26]"}
{"level":"info","message":"ruta: /st/stentsal/list/cabecera - ::1 - [13-02-2024 20:26]"}
{"level":"info","message":"ruta: /st/stentsal/list/postqueryCab - ::1 - [13-02-2024 20:26]"}
{"level":"info","message":"ruta: /st/stentsal/list/detalle - ::1 - [13-02-2024 20:26]"}
{"level":"info","message":"ruta: /st/stentsal/list/detalle - ::1 - [13-02-2024 20:26]"}
{"level":"info","message":"ruta: /st/stentsal/list/cabecera - ::1 - [13-02-2024 20:26]"}
{"level":"info","message":"ruta: /st/stentsal/list/postqueryCab - ::1 - [13-02-2024 20:26]"}
{"level":"info","message":"ruta: /st/stentsal/list/detalle - ::1 - [13-02-2024 20:26]"}
{"level":"info","message":"ruta: /st/stentsal/reporte/rstentsal - ::1 - [13-02-2024 20:26]"}
{"level":"info","message":"ruta: /st/stentsal/list/detalle - ::1 - [13-02-2024 20:27]"}
{"level":"info","message":"ruta: /st/stentsal/list/detalle - ::1 - [13-02-2024 20:27]"}
{"level":"info","message":"ruta: /st/stentsal/list/detalle - ::1 - [13-02-2024 20:27]"}
{"level":"info","message":"ruta: /st/stentsal/list/detalle - ::1 - [13-02-2024 20:27]"}
{"level":"info","message":"ruta: /st/stentsal/list/detalle - ::1 - [13-02-2024 20:27]"}
{"level":"info","message":"ruta: /st/stentsal/list/detalle - ::1 - [13-02-2024 20:27]"}
{"level":"info","message":"ruta: /st/stentsal/list/cabecera - ::1 - [13-02-2024 20:27]"}
{"level":"info","message":"ruta: /st/stentsal/list/postqueryCab - ::1 - [13-02-2024 20:27]"}
{"level":"info","message":"ruta: /st/stentsal/list/detalle - ::1 - [13-02-2024 20:27]"}
{"level":"info","message":"ruta: /st/stentsal/reporte/rstentsal - ::1 - [13-02-2024 20:27]"}
{"level":"info","message":"ruta: /st/stentsal/list/detalle - ::1 - [13-02-2024 20:30]"}
{"level":"info","message":"ruta: /st/stentsal/list/cabecera - ::1 - [13-02-2024 20:30]"}
{"level":"info","message":"ruta: /st/stentsal/list/postqueryCab - ::1 - [13-02-2024 20:30]"}
{"level":"info","message":"ruta: /st/stentsal/list/detalle - ::1 - [13-02-2024 20:30]"}
{"level":"info","message":"ruta: /st/stentsal/reporte/rstentsal - ::1 - [13-02-2024 20:30]"}
{"level":"info","message":"ruta: /st/stentsal/list/detalle - ::1 - [13-02-2024 20:30]"}
{"level":"info","message":"ruta: /st/stentsal/list/cabecera - ::1 - [13-02-2024 20:30]"}
{"level":"info","message":"ruta: /st/stentsal/list/postqueryCab - ::1 - [13-02-2024 20:30]"}
{"level":"info","message":"ruta: /st/stentsal/list/detalle - ::1 - [13-02-2024 20:30]"}
{"level":"info","message":"ruta: /st/stentsal/reporte/rstentsal - ::1 - [13-02-2024 20:30]"}
{"level":"info","message":"ruta: /st/stentsal/list/detalle - ::1 - [13-02-2024 20:30]"}
{"level":"info","message":"ruta: /st/stentsal/list/cabecera - ::1 - [13-02-2024 20:30]"}
{"level":"info","message":"ruta: /st/stentsal/list/postqueryCab - ::1 - [13-02-2024 20:30]"}
{"level":"info","message":"ruta: /st/stentsal/list/detalle - ::1 - [13-02-2024 20:30]"}
{"level":"info","message":"ruta: /st/stentsal/reporte/rstentsal - ::1 - [13-02-2024 20:30]"}
{"level":"info","message":"ruta: /st/stentsal/list/detalle - ::1 - [13-02-2024 20:30]"}
{"level":"info","message":"ruta: /st/stentsal/list/detalle - ::1 - [13-02-2024 20:30]"}
{"level":"info","message":"ruta: /st/stentsal/list/postqueryCab - ::1 - [13-02-2024 20:30]"}
{"level":"info","message":"ruta: /st/stentsal/list/detalle - ::1 - [13-02-2024 20:30]"}
{"level":"info","message":"ruta: /st/stentsal/list/postqueryCab - ::1 - [13-02-2024 20:30]"}
{"level":"info","message":"ruta: /st/stentsal/list/detalle - ::1 - [13-02-2024 20:30]"}
{"level":"info","message":"ruta: /st/stentsal/list/postqueryCab - ::1 - [13-02-2024 20:30]"}
{"level":"info","message":"ruta: /st/stentsal/list/detalle - ::1 - [13-02-2024 20:30]"}
{"level":"info","message":"ruta: /st/stentsal/reporte/rstentsal - ::1 - [13-02-2024 20:30]"}
{"level":"info","message":"ruta: /st/stentsal/list/detalle - ::1 - [13-02-2024 20:31]"}
{"level":"info","message":"ruta: /st/stentsal/list/cabecera - ::1 - [13-02-2024 20:31]"}
{"level":"info","message":"ruta: /st/stentsal/list/postqueryCab - ::1 - [13-02-2024 20:31]"}
{"level":"info","message":"ruta: /st/stentsal/list/detalle - ::1 - [13-02-2024 20:31]"}
{"level":"info","message":"ruta: /st/stentsal/reporte/rstentsal - ::1 - [13-02-2024 20:31]"}
{"level":"info","message":"ruta: /st/stentsal/list/detalle - ::1 - [13-02-2024 20:38]"}
{"level":"info","message":"ruta: /st/stentsal/list/detalle - ::1 - [13-02-2024 20:38]"}
{"level":"info","message":"ruta: /st/stentsal/list/detalle - ::1 - [13-02-2024 20:39]"}
{"level":"info","message":"ruta: /st/stentsal/list/detalle - ::1 - [13-02-2024 20:39]"}
{"level":"info","message":"ruta: /st/stentsal/list/detalle - ::1 - [13-02-2024 20:40]"}
{"level":"info","message":"ruta: /st/stentsal/list/detalle - ::1 - [13-02-2024 20:41]"}
{"level":"info","message":"ruta: /st/stentsal/list/detalle - ::1 - [13-02-2024 20:43]"}
{"level":"info","message":"ruta: /st/stentsal/list/detalle - ::1 - [13-02-2024 20:43]"}
{"level":"info","message":"ruta: /st/stentsal/list/detalle - ::1 - [13-02-2024 20:43]"}
{"level":"info","message":"ruta: /st/stentsal/list/cabecera - ::1 - [13-02-2024 20:43]"}
{"level":"info","message":"ruta: /st/stentsal/list/postqueryCab - ::1 - [13-02-2024 20:43]"}
{"level":"info","message":"ruta: /st/stentsal/list/detalle - ::1 - [13-02-2024 20:43]"}
{"level":"info","message":"ruta: /st/stentsal/reporte/rstentsal - ::1 - [13-02-2024 20:43]"}
{"level":"info","message":"ruta: /st/stentsal/list/detalle - ::1 - [13-02-2024 20:46]"}
{"level":"info","message":"ruta: /st/stentsal/list/detalle - ::1 - [13-02-2024 20:46]"}
{"level":"info","message":"ruta: /st/stentsal/list/detalle - ::1 - [13-02-2024 20:46]"}
{"level":"info","message":"ruta: /st/stentsal/list/cabecera - ::1 - [13-02-2024 20:46]"}
{"level":"info","message":"ruta: /st/stentsal/list/postqueryCab - ::1 - [13-02-2024 20:46]"}
{"level":"info","message":"ruta: /st/stentsal/list/detalle - ::1 - [13-02-2024 20:46]"}
{"level":"info","message":"ruta: /st/stentsal/reporte/rstentsal - ::1 - [13-02-2024 20:46]"}
{"level":"info","message":"ruta: /st/stentsal/list/detalle - ::1 - [13-02-2024 20:48]"}
{"level":"info","message":"ruta: /st/stentsal/list/detalle - ::1 - [13-02-2024 20:48]"}
{"level":"info","message":"ruta: /st/stentsal/list/detalle - ::1 - [13-02-2024 20:48]"}
{"level":"info","message":"ruta: /st/stentsal/list/cabecera - ::1 - [13-02-2024 20:48]"}
{"level":"info","message":"ruta: /st/stentsal/list/postqueryCab - ::1 - [13-02-2024 20:48]"}
{"level":"info","message":"ruta: /st/stentsal/list/detalle - ::1 - [13-02-2024 20:48]"}
{"level":"info","message":"ruta: /st/stentsal/reporte/rstentsal - ::1 - [13-02-2024 20:48]"}
{"level":"info","message":"ruta: /st/stentsal/list/detalle - ::1 - [13-02-2024 20:50]"}
{"level":"info","message":"ruta: /st/stentsal/list/cabecera - ::1 - [13-02-2024 20:50]"}
{"level":"info","message":"ruta: /st/stentsal/list/postqueryCab - ::1 - [13-02-2024 20:50]"}
{"level":"info","message":"ruta: /st/stentsal/list/detalle - ::1 - [13-02-2024 20:50]"}
{"level":"info","message":"ruta: /st/stentsal/reporte/rstentsal - ::1 - [13-02-2024 20:50]"}
{"level":"info","message":"ruta: /st/stentsal/list/detalle - ::1 - [13-02-2024 20:51]"}
{"level":"info","message":"ruta: /st/stentsal/list/detalle - ::1 - [13-02-2024 20:52]"}
{"level":"info","message":"ruta: /st/stentsal/list/detalle - ::1 - [13-02-2024 20:53]"}
{"level":"info","message":"ruta: /st/stentsal/list/detalle - ::1 - [13-02-2024 20:53]"}
{"level":"info","message":"ruta: /st/stentsal/list/cabecera - ::1 - [13-02-2024 20:53]"}
{"level":"info","message":"ruta: /st/stentsal/list/postqueryCab - ::1 - [13-02-2024 20:53]"}
{"level":"info","message":"ruta: /st/stentsal/list/detalle - ::1 - [13-02-2024 20:53]"}
{"level":"info","message":"ruta: /st/stentsal/reporte/rstentsal - ::1 - [13-02-2024 20:53]"}
{"level":"info","message":"ruta: /st/stentsal/list/detalle - ::1 - [13-02-2024 20:53]"}
{"level":"info","message":"ruta: /st/stentsal/list/detalle - ::1 - [13-02-2024 20:53]"}
{"level":"info","message":"ruta: /st/stentsal/list/cabecera - ::1 - [13-02-2024 20:53]"}
{"level":"info","message":"ruta: /st/stentsal/list/postqueryCab - ::1 - [13-02-2024 20:53]"}
{"level":"info","message":"ruta: /st/stentsal/list/detalle - ::1 - [13-02-2024 20:53]"}
{"level":"info","message":"ruta: /st/stentsal/reporte/rstentsal - ::1 - [13-02-2024 20:53]"}
{"level":"info","message":"ruta: /st/stentsal/list/detalle - ::1 - [13-02-2024 20:54]"}
{"level":"info","message":"ruta: /st/stentsal/list/detalle - ::1 - [13-02-2024 20:54]"}
{"level":"info","message":"ruta: /st/stentsal/list/cabecera - ::1 - [13-02-2024 20:54]"}
{"level":"info","message":"ruta: /st/stentsal/list/postqueryCab - ::1 - [13-02-2024 20:54]"}
{"level":"info","message":"ruta: /st/stentsal/list/detalle - ::1 - [13-02-2024 20:54]"}
{"level":"info","message":"ruta: /st/stentsal/reporte/rstentsal - ::1 - [13-02-2024 20:54]"}
{"level":"info","message":"ruta: /st/stentsal/list/detalle - ::1 - [13-02-2024 20:54]"}
{"level":"info","message":"ruta: /st/stentsal/list/detalle - ::1 - [13-02-2024 20:54]"}
{"level":"info","message":"ruta: /st/stentsal/list/cabecera - ::1 - [13-02-2024 20:54]"}
{"level":"info","message":"ruta: /st/stentsal/list/postqueryCab - ::1 - [13-02-2024 20:54]"}
{"level":"info","message":"ruta: /st/stentsal/list/detalle - ::1 - [13-02-2024 20:54]"}
{"level":"info","message":"ruta: /st/stentsal/reporte/rstentsal - ::1 - [13-02-2024 20:54]"}
{"level":"info","message":"ruta: /st/stentsal/list/detalle - ::1 - [13-02-2024 20:57]"}
{"level":"info","message":"ruta: /st/stentsal/list/cabecera - ::1 - [13-02-2024 20:57]"}
{"level":"info","message":"ruta: /st/stentsal/list/postqueryCab - ::1 - [13-02-2024 20:57]"}
{"level":"info","message":"ruta: /st/stentsal/list/detalle - ::1 - [13-02-2024 20:57]"}
{"level":"info","message":"ruta: /st/stentsal/reporte/rstentsal - ::1 - [13-02-2024 20:57]"}
{"level":"info","message":"ruta: /st/stentsal/list/detalle - ::1 - [13-02-2024 20:58]"}
{"level":"info","message":"ruta: /st/stentsal/list/detalle - ::1 - [13-02-2024 20:58]"}
{"level":"info","message":"ruta: /st/stentsal/list/cabecera - ::1 - [13-02-2024 20:58]"}
{"level":"info","message":"ruta: /st/stentsal/list/postqueryCab - ::1 - [13-02-2024 20:58]"}
{"level":"info","message":"ruta: /st/stentsal/list/detalle - ::1 - [13-02-2024 20:58]"}
{"level":"info","message":"ruta: /st/stentsal/reporte/rstentsal - ::1 - [13-02-2024 20:58]"}
{"level":"info","message":"ruta: /st/stentsal/list/detalle - ::1 - [13-02-2024 20:58]"}
{"level":"info","message":"ruta: /st/stentsal/list/detalle - ::1 - [13-02-2024 20:58]"}
{"level":"info","message":"ruta: /st/stentsal/list/cabecera - ::1 - [13-02-2024 20:58]"}
{"level":"info","message":"ruta: /st/stentsal/list/postqueryCab - ::1 - [13-02-2024 20:58]"}
{"level":"info","message":"ruta: /st/stentsal/list/detalle - ::1 - [13-02-2024 20:58]"}
{"level":"info","message":"ruta: /st/stentsal/reporte/rstentsal - ::1 - [13-02-2024 20:58]"}
{"level":"info","message":"ruta: /st/stentsal/list/detalle - ::1 - [13-02-2024 21:01]"}
{"level":"info","message":"ruta: /st/stentsal/list/cabecera - ::1 - [13-02-2024 21:01]"}
{"level":"info","message":"ruta: /st/stentsal/list/postqueryCab - ::1 - [13-02-2024 21:01]"}
{"level":"info","message":"ruta: /st/stentsal/list/detalle - ::1 - [13-02-2024 21:01]"}
{"level":"info","message":"ruta: /st/stentsal/reporte/rstentsal - ::1 - [13-02-2024 21:01]"}
{"level":"info","message":"ruta: /st/stentsal/list/detalle - ::1 - [13-02-2024 21:01]"}
{"level":"info","message":"ruta: /st/stentsal/list/cabecera - ::1 - [13-02-2024 21:01]"}
{"level":"info","message":"ruta: /st/stentsal/list/postqueryCab - ::1 - [13-02-2024 21:01]"}
{"level":"info","message":"ruta: /st/stentsal/list/detalle - ::1 - [13-02-2024 21:01]"}
{"level":"info","message":"ruta: /st/stentsal/list/postqueryCab - ::1 - [13-02-2024 21:01]"}
{"level":"info","message":"ruta: /st/stentsal/list/detalle - ::1 - [13-02-2024 21:01]"}
{"level":"info","message":"ruta: /st/stentsal/reporte/rstentsal - ::1 - [13-02-2024 21:01]"}
{"level":"info","message":"ruta: /st/stentsal/list/postqueryCab - ::1 - [13-02-2024 21:01]"}
{"level":"info","message":"ruta: /st/stentsal/list/detalle - ::1 - [13-02-2024 21:01]"}
{"level":"info","message":"ruta: /st/stentsal/list/postqueryCab - ::1 - [13-02-2024 21:01]"}
{"level":"info","message":"ruta: /st/stentsal/list/detalle - ::1 - [13-02-2024 21:01]"}
{"level":"info","message":"ruta: /st/stentsal/reporte/rstentsal - ::1 - [13-02-2024 21:01]"}
{"level":"info","message":"ruta: /st/stentsal/list/detalle - ::1 - [13-02-2024 21:01]"}
{"level":"info","message":"ruta: /st/stentsal/reporte/rstentsal - ::1 - [13-02-2024 21:01]"}
{"level":"info","message":"ruta: /vt/vtclient/preform - ::1 - [13-02-2024 21:02]"}
{"level":"info","message":"ruta: /vt/vtclient/listDet - ::1 - [13-02-2024 21:02]"}
{"level":"info","message":"ruta: /vt/vtlispre/listDet - ::1 - [13-02-2024 21:02]"}
{"level":"info","message":"ruta: /vt/vtclient/preform - ::1 - [13-02-2024 21:02]"}
{"level":"info","message":"ruta: /vt/vtclient/listDet - ::1 - [13-02-2024 21:02]"}
{"level":"info","message":"ruta: /vt/vtlispre/listDet - ::1 - [13-02-2024 21:02]"}
{"level":"info","message":"ruta: /vt/vtlispre/listDet - ::1 - [13-02-2024 21:02]"}
{"level":"info","message":"ruta: /vt/vtlispre/listCab - ::1 - [13-02-2024 21:02]"}
{"level":"info","message":"ruta: /vt/vtlispre/postqueryCab - ::1 - [13-02-2024 21:02]"}
{"level":"info","message":"ruta: /vt/vtlispre/listDet - ::1 - [13-02-2024 21:02]"}
{"level":"info","message":"ruta: /vt/vtlispre/listDet - ::1 - [13-02-2024 21:02]"}
{"level":"info","message":"ruta: /vt/vtlispre/listCab - ::1 - [13-02-2024 21:02]"}
{"level":"info","message":"ruta: /vt/vtlispre/postqueryCab - ::1 - [13-02-2024 21:02]"}
{"level":"info","message":"ruta: /vt/vtlispre/listDet - ::1 - [13-02-2024 21:02]"}
{"level":"info","message":"ruta: /vt/vtlispre/listDet - ::1 - [13-02-2024 21:03]"}
{"level":"info","message":"ruta: /vt/vtlispre/listCab - ::1 - [13-02-2024 21:03]"}
{"level":"info","message":"ruta: /vt/vtlispre/postqueryCab - ::1 - [13-02-2024 21:03]"}
{"level":"info","message":"ruta: /vt/vtlispre/listDet - ::1 - [13-02-2024 21:03]"}
{"level":"info","message":"ruta: /vt/vtlispre/listDet - ::1 - [13-02-2024 21:03]"}
{"level":"info","message":"ruta: /vt/vtlispre/listCab - ::1 - [13-02-2024 21:03]"}
{"level":"info","message":"ruta: /vt/vtlispre/postqueryCab - ::1 - [13-02-2024 21:03]"}
{"level":"info","message":"ruta: /vt/vtlispre/listDet - ::1 - [13-02-2024 21:03]"}
{"level":"info","message":"ruta: /vt/vtlispre/listDet - ::1 - [13-02-2024 21:03]"}
{"level":"info","message":"ruta: /vt/vtlispre/listDet - ::1 - [13-02-2024 21:03]"}
{"level":"info","message":"ruta: /vt/vtlispre/listCab - ::1 - [13-02-2024 21:03]"}
{"level":"info","message":"ruta: /vt/vtlispre/postqueryCab - ::1 - [13-02-2024 21:03]"}
{"level":"info","message":"ruta: /vt/vtlispre/listDet - ::1 - [13-02-2024 21:03]"}
{"level":"info","message":"ruta: /vt/vtlispre/listDet - ::1 - [13-02-2024 21:03]"}
{"level":"info","message":"ruta: /vt/vtlispre/listCab - ::1 - [13-02-2024 21:03]"}
{"level":"info","message":"ruta: /vt/vtlispre/postqueryCab - ::1 - [13-02-2024 21:03]"}
{"level":"info","message":"ruta: /vt/vtlispre/listDet - ::1 - [13-02-2024 21:03]"}
{"level":"info","message":"ruta: /vt/vtlispre/listDet - ::1 - [13-02-2024 21:03]"}
{"level":"info","message":"ruta: /vt/vtlispre/listCab - ::1 - [13-02-2024 21:03]"}
{"level":"info","message":"ruta: /vt/vtlispre/postqueryCab - ::1 - [13-02-2024 21:03]"}
{"level":"info","message":"ruta: /vt/vtlispre/listDet - ::1 - [13-02-2024 21:03]"}
{"level":"info","message":"ruta: /vt/vtlispre/listDet - ::1 - [13-02-2024 21:03]"}
{"level":"info","message":"ruta: /vt/vtlispre/listCab - ::1 - [13-02-2024 21:03]"}
{"level":"info","message":"ruta: /vt/vtlispre/postqueryCab - ::1 - [13-02-2024 21:03]"}
{"level":"info","message":"ruta: /vt/vtlispre/listDet - ::1 - [13-02-2024 21:03]"}
{"level":"info","message":"ruta: /vt/vtlispre/listDet - ::1 - [13-02-2024 21:03]"}
{"level":"info","message":"ruta: /vt/vtlispre/listCab - ::1 - [13-02-2024 21:03]"}
{"level":"info","message":"ruta: /vt/vtlispre/postqueryCab - ::1 - [13-02-2024 21:03]"}
{"level":"info","message":"ruta: /vt/vtlispre/listDet - ::1 - [13-02-2024 21:03]"}
{"level":"info","message":"ruta: /vt/vtlispre/listDet - ::1 - [13-02-2024 21:03]"}
{"level":"info","message":"ruta: /vt/vtlispre/listCab - ::1 - [13-02-2024 21:03]"}
{"level":"info","message":"ruta: /vt/vtlispre/postqueryCab - ::1 - [13-02-2024 21:03]"}
{"level":"info","message":"ruta: /vt/vtlispre/listDet - ::1 - [13-02-2024 21:03]"}
