{"level":"info","message":"ruta: /st/stentsal/list/detalle - ::1 - [25-01-2024 19:12]"}
{"level":"info","message":"ruta: /st/stentsal/valida/sucursal - ::1 - [25-01-2024 19:12]"}
{"level":"info","message":"ruta: /st/stentsal/valida/motivo - ::1 - [25-01-2024 19:12]"}
{"level":"info","message":"ruta: /st/stentsal/valida/deposito - ::1 - [25-01-2024 19:12]"}
{"level":"info","message":"ruta: /st/stentsal/valida/proveedor - ::1 - [25-01-2024 19:12]"}
{"level":"info","message":"ruta: /st/stentsal/valida/proveedor - ::1 - [25-01-2024 19:12]"}
{"level":"info","message":"ruta: /st/stentsal/valida/moneda - ::1 - [25-01-2024 19:12]"}
{"level":"info","message":"ruta: /st/stentsal/valida/moneda - ::1 - [25-01-2024 19:12]"}
{"level":"info","message":"ruta: /st/stentsal/list/detalle - ::1 - [25-01-2024 19:15]"}
{"level":"info","message":"ruta: /st/stentsal/list/detalle - ::1 - [25-01-2024 19:16]"}
{"level":"info","message":"ruta: /st/stentsal/list/detalle - ::1 - [25-01-2024 19:17]"}
{"level":"info","message":"ruta: /st/stentsal/list/detalle - ::1 - [25-01-2024 19:17]"}
{"level":"info","message":"ruta: /st/stentsal/list/detalle - ::1 - [25-01-2024 19:18]"}
{"level":"info","message":"ruta: /st/stentsal/list/detalle - ::1 - [25-01-2024 19:22]"}
{"level":"info","message":"ruta: /st/stentsal/list/detalle - ::1 - [25-01-2024 19:22]"}
{"level":"info","message":"ruta: /st/stentsal/list/detalle - ::1 - [25-01-2024 19:22]"}
{"level":"info","message":"ruta: /st/stentsal/list/detalle - ::1 - [25-01-2024 19:22]"}
{"level":"info","message":"ruta: /st/stentsal/valida/moneda - ::1 - [25-01-2024 19:23]"}
{"level":"info","message":"ruta: /st/stentsal/list/detalle - ::1 - [25-01-2024 19:29]"}
{"level":"info","message":"ruta: /st/stentsal/list/detalle - ::1 - [25-01-2024 19:30]"}
{"level":"info","message":"ruta: /st/stentsal/list/detalle - ::1 - [25-01-2024 19:30]"}
{"level":"info","message":"ruta: /st/stentsal/valida/sucursal - ::1 - [25-01-2024 19:30]"}
{"level":"info","message":"ruta: /st/stentsal/valida/motivo - ::1 - [25-01-2024 19:30]"}
{"level":"info","message":"ruta: /st/stentsal/valida/motivo - ::1 - [25-01-2024 19:30]"}
{"level":"info","message":"ruta: /st/stentsal/valida/motivo - ::1 - [25-01-2024 19:30]"}
{"level":"info","message":"ruta: /st/stentsal/valida/deposito - ::1 - [25-01-2024 19:30]"}
{"level":"info","message":"ruta: /st/stentsal/valida/proveedor - ::1 - [25-01-2024 19:30]"}
{"level":"info","message":"ruta: /st/stentsal/valida/moneda - ::1 - [25-01-2024 19:30]"}
{"level":"info","message":"ruta: /st/stentsal/valida/moneda - ::1 - [25-01-2024 19:30]"}
{"level":"info","message":"ruta: /st/stentsal/valida/moneda - ::1 - [25-01-2024 19:30]"}
{"level":"info","message":"ruta: /st/stentsal/valida/articulo - ::1 - [25-01-2024 19:30]"}
{"level":"info","message":"ruta: /st/stentsal/valida/articulo - ::1 - [25-01-2024 19:30]"}
{"level":"info","message":"ruta: /st/stentsal/valida/um - ::1 - [25-01-2024 19:30]"}
{"level":"info","message":"ruta: /st/stentsal/valida/cantidad - ::1 - [25-01-2024 19:30]"}
{"level":"info","message":"ruta: /st/stentsal/valida/cantidad - ::1 - [25-01-2024 19:30]"}
{"level":"info","message":"ruta: /st/stentsal/valida/cantidad - ::1 - [25-01-2024 19:30]"}
{"level":"info","message":"ruta: /st/stentsal/valida/cantidad - ::1 - [25-01-2024 19:31]"}
{"level":"info","message":"ruta: /st/stentsal/valida/cantidad - ::1 - [25-01-2024 19:31]"}
{"level":"info","message":"ruta: /st/stentsal/valida/cantidad - ::1 - [25-01-2024 19:31]"}
{"level":"info","message":"ruta: /st/stentsal/valida/cantidad - ::1 - [25-01-2024 19:35]"}
{"level":"info","message":"ruta: /st/stentsal/valida/cantidad - ::1 - [25-01-2024 19:35]"}
{"level":"info","message":"ruta: /st/stentsal/valida/cantidad - ::1 - [25-01-2024 19:35]"}
{"level":"info","message":"ruta: /st/stentsal/valida/cantidad - ::1 - [25-01-2024 19:35]"}
{"level":"info","message":"ruta: /st/stentsal/valida/cantidad - ::1 - [25-01-2024 19:35]"}
{"level":"info","message":"ruta: /st/stentsal/valida/cantidad - ::1 - [25-01-2024 19:36]"}
{"level":"info","message":"ruta: /st/stentsal/valida/cantidad - ::1 - [25-01-2024 19:36]"}
{"level":"info","message":"ruta: /st/stentsal/valida/cantidad - ::1 - [25-01-2024 19:36]"}
{"level":"info","message":"ruta: /st/stentsal/valida/cantidad - ::1 - [25-01-2024 19:36]"}
{"level":"info","message":"ruta: /st/stentsal/valida/cantidad - ::1 - [25-01-2024 19:36]"}
{"level":"info","message":"ruta: /st/stentsal/valida/cantidad - ::1 - [25-01-2024 19:36]"}
{"level":"info","message":"ruta: /st/stentsal/valida/cantidad - ::1 - [25-01-2024 19:36]"}
{"level":"info","message":"ruta: /st/stentsal/valida/cantidad - ::1 - [25-01-2024 19:36]"}
{"level":"info","message":"ruta: /st/stentsal/valida/cantidad - ::1 - [25-01-2024 19:36]"}
{"level":"info","message":"ruta: /st/stentsal/list/detalle - ::1 - [25-01-2024 19:37]"}
{"level":"info","message":"ruta: /st/stentsal/list/detalle - ::1 - [25-01-2024 19:37]"}
{"level":"info","message":"ruta: /st/stentsal/list/detalle - ::1 - [25-01-2024 19:43]"}
{"level":"info","message":"ruta: /st/stentsal/list/detalle - ::1 - [25-01-2024 19:43]"}
{"level":"info","message":"ruta: /st/stentsal/valida/sucursal - ::1 - [25-01-2024 19:43]"}
{"level":"info","message":"ruta: /st/stentsal/valida/motivo - ::1 - [25-01-2024 19:43]"}
{"level":"info","message":"ruta: /st/stentsal/valida/motivo - ::1 - [25-01-2024 19:43]"}
{"level":"info","message":"ruta: /st/stentsal/valida/deposito - ::1 - [25-01-2024 19:43]"}
{"level":"info","message":"ruta: /st/stentsal/valida/proveedor - ::1 - [25-01-2024 19:43]"}
{"level":"info","message":"ruta: /st/stentsal/valida/moneda - ::1 - [25-01-2024 19:43]"}
{"level":"info","message":"ruta: /st/stentsal/valida/articulo - ::1 - [25-01-2024 19:43]"}
{"level":"info","message":"ruta: /st/stentsal/valida/articulo - ::1 - [25-01-2024 19:43]"}
{"level":"info","message":"ruta: /st/stentsal/valida/articulo - ::1 - [25-01-2024 19:43]"}
{"level":"info","message":"ruta: /st/stentsal/valida/um - ::1 - [25-01-2024 19:43]"}
{"level":"info","message":"ruta: /st/stentsal/valida/cantidad - ::1 - [25-01-2024 19:43]"}
{"level":"info","message":"ruta: /st/stentsal/list/detalle - ::1 - [25-01-2024 19:44]"}
{"level":"info","message":"ruta: /st/stentsal/list/detalle - ::1 - [25-01-2024 19:44]"}
{"level":"info","message":"ruta: /st/stentsal/list/detalle - ::1 - [25-01-2024 19:44]"}
{"level":"info","message":"ruta: /st/stentsal/valida/sucursal - ::1 - [25-01-2024 19:44]"}
{"level":"info","message":"ruta: /st/stentsal/valida/motivo - ::1 - [25-01-2024 19:44]"}
{"level":"info","message":"ruta: /st/stentsal/valida/deposito - ::1 - [25-01-2024 19:44]"}
{"level":"info","message":"ruta: /st/stentsal/valida/deposito - ::1 - [25-01-2024 19:44]"}
{"level":"info","message":"ruta: /st/stentsal/valida/proveedor - ::1 - [25-01-2024 19:44]"}
{"level":"info","message":"ruta: /st/stentsal/valida/moneda - ::1 - [25-01-2024 19:44]"}
{"level":"info","message":"ruta: /st/stentsal/valida/moneda - ::1 - [25-01-2024 19:44]"}
{"level":"info","message":"ruta: /st/stentsal/valida/articulo - ::1 - [25-01-2024 19:44]"}
{"level":"info","message":"ruta: /st/stentsal/valida/um - ::1 - [25-01-2024 19:44]"}
{"level":"info","message":"ruta: /st/stentsal/valida/cantidad - ::1 - [25-01-2024 19:44]"}
{"level":"info","message":"ruta: /st/stentsal/valida/cantidad - ::1 - [25-01-2024 19:45]"}
{"level":"info","message":"ruta: /st/stentsal/list/detalle - ::1 - [25-01-2024 19:45]"}
{"level":"info","message":"ruta: /st/stentsal/list/detalle - ::1 - [25-01-2024 19:46]"}
{"level":"info","message":"ruta: /st/stentsal/list/detalle - ::1 - [25-01-2024 19:46]"}
{"level":"info","message":"ruta: /st/stentsal/list/detalle - ::1 - [25-01-2024 19:46]"}
{"level":"info","message":"ruta: /st/stentsal/valida/sucursal - ::1 - [25-01-2024 19:46]"}
{"level":"info","message":"ruta: /st/stentsal/valida/motivo - ::1 - [25-01-2024 19:46]"}
{"level":"info","message":"ruta: /st/stentsal/valida/deposito - ::1 - [25-01-2024 19:46]"}
{"level":"info","message":"ruta: /st/stentsal/valida/proveedor - ::1 - [25-01-2024 19:46]"}
{"level":"info","message":"ruta: /st/stentsal/valida/moneda - ::1 - [25-01-2024 19:46]"}
{"level":"info","message":"ruta: /st/stentsal/valida/articulo - ::1 - [25-01-2024 19:46]"}
{"level":"info","message":"ruta: /st/stentsal/valida/um - ::1 - [25-01-2024 19:46]"}
{"level":"info","message":"ruta: /st/stentsal/valida/cantidad - ::1 - [25-01-2024 19:46]"}
{"level":"info","message":"ruta: /st/stentsal/list/detalle - ::1 - [25-01-2024 19:46]"}
{"level":"info","message":"ruta: /st/stentsal/list/detalle - ::1 - [25-01-2024 19:46]"}
{"level":"info","message":"ruta: /st/stentsal/valida/sucursal - ::1 - [25-01-2024 19:47]"}
{"level":"info","message":"ruta: /st/stentsal/valida/motivo - ::1 - [25-01-2024 19:47]"}
{"level":"info","message":"ruta: /st/stentsal/valida/motivo - ::1 - [25-01-2024 19:47]"}
{"level":"info","message":"ruta: /st/stentsal/valida/deposito - ::1 - [25-01-2024 19:47]"}
{"level":"info","message":"ruta: /st/stentsal/valida/deposito - ::1 - [25-01-2024 19:47]"}
{"level":"info","message":"ruta: /st/stentsal/valida/deposito - ::1 - [25-01-2024 19:47]"}
{"level":"info","message":"ruta: /st/stentsal/valida/proveedor - ::1 - [25-01-2024 19:47]"}
{"level":"info","message":"ruta: /st/stentsal/valida/moneda - ::1 - [25-01-2024 19:47]"}
{"level":"info","message":"ruta: /st/stentsal/valida/moneda - ::1 - [25-01-2024 19:47]"}
{"level":"info","message":"ruta: /st/stentsal/valida/articulo - ::1 - [25-01-2024 19:47]"}
{"level":"info","message":"ruta: /st/stentsal/valida/um - ::1 - [25-01-2024 19:47]"}
{"level":"info","message":"ruta: /st/stentsal/valida/cantidad - ::1 - [25-01-2024 19:47]"}
{"level":"info","message":"ruta: /st/stentsal/list/detalle - ::1 - [25-01-2024 19:47]"}
{"level":"info","message":"ruta: /st/stentsal/list/detalle - ::1 - [25-01-2024 19:48]"}
{"level":"info","message":"ruta: /st/stentsal/list/detalle - ::1 - [25-01-2024 19:48]"}
{"level":"info","message":"ruta: /st/stentsal/valida/sucursal - ::1 - [25-01-2024 19:48]"}
{"level":"info","message":"ruta: /st/stentsal/valida/motivo - ::1 - [25-01-2024 19:48]"}
{"level":"info","message":"ruta: /st/stentsal/valida/deposito - ::1 - [25-01-2024 19:48]"}
{"level":"info","message":"ruta: /st/stentsal/valida/proveedor - ::1 - [25-01-2024 19:48]"}
{"level":"info","message":"ruta: /st/stentsal/valida/moneda - ::1 - [25-01-2024 19:48]"}
{"level":"info","message":"ruta: /st/stentsal/valida/articulo - ::1 - [25-01-2024 19:48]"}
{"level":"info","message":"ruta: /st/stentsal/valida/um - ::1 - [25-01-2024 19:48]"}
{"level":"info","message":"ruta: /st/stentsal/valida/cantidad - ::1 - [25-01-2024 19:48]"}
{"level":"info","message":"ruta: /st/stentsal/valida/cantidad - ::1 - [25-01-2024 19:48]"}
{"level":"info","message":"ruta: /st/stentsal/valida/cantidad - ::1 - [25-01-2024 19:48]"}
{"level":"info","message":"ruta: /st/stentsal/list/detalle - ::1 - [25-01-2024 19:49]"}
{"level":"info","message":"ruta: /st/stentsal/list/detalle - ::1 - [25-01-2024 19:50]"}
{"level":"info","message":"ruta: /st/stentsal/list/detalle - ::1 - [25-01-2024 19:50]"}
{"level":"info","message":"ruta: /st/stentsal/valida/sucursal - ::1 - [25-01-2024 19:51]"}
{"level":"info","message":"ruta: /st/stentsal/valida/motivo - ::1 - [25-01-2024 19:51]"}
{"level":"info","message":"ruta: /st/stentsal/valida/deposito - ::1 - [25-01-2024 19:51]"}
{"level":"info","message":"ruta: /st/stentsal/valida/proveedor - ::1 - [25-01-2024 19:51]"}
{"level":"info","message":"ruta: /st/stentsal/valida/proveedor - ::1 - [25-01-2024 19:51]"}
{"level":"info","message":"ruta: /st/stentsal/valida/moneda - ::1 - [25-01-2024 19:51]"}
{"level":"info","message":"ruta: /st/stentsal/valida/moneda - ::1 - [25-01-2024 19:51]"}
{"level":"info","message":"ruta: /st/stentsal/valida/articulo - ::1 - [25-01-2024 19:51]"}
{"level":"info","message":"ruta: /st/stentsal/valida/um - ::1 - [25-01-2024 19:51]"}
{"level":"info","message":"ruta: /st/stentsal/valida/cantidad - ::1 - [25-01-2024 19:51]"}
{"level":"info","message":"ruta: /st/stentsal/valida/cantidad - ::1 - [25-01-2024 19:51]"}
{"level":"info","message":"ruta: /st/stentsal/list/detalle - ::1 - [25-01-2024 19:51]"}
{"level":"info","message":"ruta: /st/stentsal/list/detalle - ::1 - [25-01-2024 19:51]"}
{"level":"info","message":"ruta: /st/stentsal/list/cabecera - ::1 - [25-01-2024 19:51]"}
{"level":"info","message":"ruta: /st/stentsal/list/postqueryCab - ::1 - [25-01-2024 19:51]"}
{"level":"info","message":"ruta: /st/stentsal/list/detalle - ::1 - [25-01-2024 19:51]"}
{"level":"info","message":"ruta: /st/stentsal/list/detalle - ::1 - [25-01-2024 19:52]"}
{"level":"info","message":"ruta: /st/stentsal/list/detalle - ::1 - [25-01-2024 19:53]"}
{"level":"info","message":"ruta: /st/stentsal/list/detalle - ::1 - [25-01-2024 19:53]"}
{"level":"info","message":"ruta: /st/stentsal/list/detalle - ::1 - [25-01-2024 19:53]"}
{"level":"info","message":"ruta: /st/stentsal/list/cabecera - ::1 - [25-01-2024 19:53]"}
{"level":"info","message":"ruta: /st/stentsal/list/postqueryCab - ::1 - [25-01-2024 19:53]"}
{"level":"info","message":"ruta: /st/stentsal/list/detalle - ::1 - [25-01-2024 19:53]"}
{"level":"info","message":"ruta: /st/stentsal/list/detalle - ::1 - [25-01-2024 19:53]"}
{"level":"info","message":"ruta: /st/stentsal/list/detalle - ::1 - [25-01-2024 19:53]"}
{"level":"info","message":"ruta: /st/stentsal/list/cabecera - ::1 - [25-01-2024 19:53]"}
{"level":"info","message":"ruta: /st/stentsal/list/postqueryCab - ::1 - [25-01-2024 19:53]"}
{"level":"info","message":"ruta: /st/stentsal/list/detalle - ::1 - [25-01-2024 19:53]"}
{"level":"info","message":"ruta: /st/stentsal/list/detalle - ::1 - [25-01-2024 19:54]"}
{"level":"info","message":"ruta: /st/stentsal/list/cabecera - ::1 - [25-01-2024 19:54]"}
{"level":"info","message":"ruta: /st/stentsal/list/postqueryCab - ::1 - [25-01-2024 19:54]"}
{"level":"info","message":"ruta: /st/stentsal/list/detalle - ::1 - [25-01-2024 19:54]"}
{"level":"info","message":"ruta: /st/stentsal/list/postqueryCab - ::1 - [25-01-2024 19:54]"}
{"level":"info","message":"ruta: /st/stentsal/list/detalle - ::1 - [25-01-2024 19:54]"}
{"level":"info","message":"ruta: /st/stentsal/list/detalle - ::1 - [25-01-2024 19:55]"}
{"level":"info","message":"ruta: /st/stentsal/list/detalle - ::1 - [25-01-2024 19:55]"}
{"level":"info","message":"ruta: /st/stentsal/list/cabecera - ::1 - [25-01-2024 19:55]"}
{"level":"info","message":"ruta: /st/stentsal/list/postqueryCab - ::1 - [25-01-2024 19:55]"}
{"level":"info","message":"ruta: /st/stentsal/list/detalle - ::1 - [25-01-2024 19:55]"}
{"level":"info","message":"ruta: /st/stentsal/list/postqueryCab - ::1 - [25-01-2024 19:55]"}
{"level":"info","message":"ruta: /st/stentsal/list/detalle - ::1 - [25-01-2024 19:55]"}
{"level":"info","message":"ruta: /st/stentsal/list/detalle - ::1 - [25-01-2024 19:55]"}
{"level":"info","message":"ruta: /st/stentsal/list/detalle - ::1 - [25-01-2024 19:55]"}
{"level":"info","message":"ruta: /st/stentsal/list/detalle - ::1 - [25-01-2024 19:55]"}
{"level":"info","message":"ruta: /st/stentsal/list/cabecera - ::1 - [25-01-2024 19:55]"}
{"level":"info","message":"ruta: /st/stentsal/list/postqueryCab - ::1 - [25-01-2024 19:55]"}
{"level":"info","message":"ruta: /st/stentsal/list/detalle - ::1 - [25-01-2024 19:55]"}
{"level":"info","message":"ruta: /st/stentsal/list/detalle - ::1 - [25-01-2024 19:55]"}
{"level":"info","message":"ruta: /st/stentsal/list/cabecera - ::1 - [25-01-2024 19:55]"}
{"level":"info","message":"ruta: /st/stentsal/list/postqueryCab - ::1 - [25-01-2024 19:55]"}
{"level":"info","message":"ruta: /st/stentsal/list/detalle - ::1 - [25-01-2024 19:55]"}
{"level":"info","message":"ruta: /st/stentsal/list/detalle - ::1 - [25-01-2024 19:57]"}
{"level":"info","message":"ruta: /st/stentsal/list/detalle - ::1 - [25-01-2024 19:58]"}
{"level":"info","message":"ruta: /st/stentsal/list/detalle - ::1 - [25-01-2024 19:58]"}
{"level":"info","message":"ruta: /st/stentsal/valida/sucursal - ::1 - [25-01-2024 19:58]"}
{"level":"info","message":"ruta: /st/stentsal/list/detalle - ::1 - [25-01-2024 19:58]"}
{"level":"info","message":"ruta: /st/stentsal/list/cabecera - ::1 - [25-01-2024 19:58]"}
{"level":"info","message":"ruta: /st/stentsal/list/postqueryCab - ::1 - [25-01-2024 19:58]"}
{"level":"info","message":"ruta: /st/stentsal/list/detalle - ::1 - [25-01-2024 19:58]"}
{"level":"info","message":"ruta: /st/stentsal/list/postqueryCab - ::1 - [25-01-2024 19:58]"}
{"level":"info","message":"ruta: /st/stentsal/list/detalle - ::1 - [25-01-2024 19:58]"}
{"level":"info","message":"ruta: /st/stentsal/list/postqueryCab - ::1 - [25-01-2024 19:58]"}
{"level":"info","message":"ruta: /st/stentsal/list/detalle - ::1 - [25-01-2024 19:58]"}
{"level":"info","message":"ruta: /st/stentsal/list/detalle - ::1 - [25-01-2024 19:58]"}
{"level":"info","message":"ruta: /st/stentsal/list/detalle - ::1 - [25-01-2024 19:58]"}
{"level":"info","message":"ruta: /st/stentsal/list/postqueryCab - ::1 - [25-01-2024 19:58]"}
{"level":"info","message":"ruta: /st/stentsal/list/detalle - ::1 - [25-01-2024 19:58]"}
{"level":"info","message":"ruta: /st/stentsal/list/postqueryCab - ::1 - [25-01-2024 19:58]"}
{"level":"info","message":"ruta: /st/stentsal/list/detalle - ::1 - [25-01-2024 19:58]"}
{"level":"info","message":"ruta: /st/stentsal/list/detalle - ::1 - [25-01-2024 19:58]"}
{"level":"info","message":"ruta: /st/stentsal/list/postqueryCab - ::1 - [25-01-2024 19:58]"}
{"level":"info","message":"ruta: /st/stentsal/list/detalle - ::1 - [25-01-2024 19:58]"}
{"level":"info","message":"ruta: /st/stentsal/list/detalle - ::1 - [25-01-2024 19:58]"}
{"level":"info","message":"ruta: /st/stentsal/list/postqueryCab - ::1 - [25-01-2024 19:58]"}
{"level":"info","message":"ruta: /st/stentsal/list/detalle - ::1 - [25-01-2024 19:58]"}
{"level":"info","message":"ruta: /st/stentsal/list/detalle - ::1 - [25-01-2024 19:58]"}
{"level":"info","message":"ruta: /st/stentsal/list/detalle - ::1 - [25-01-2024 19:58]"}
{"level":"info","message":"ruta: /st/stentsal/list/postqueryCab - ::1 - [25-01-2024 19:58]"}
{"level":"info","message":"ruta: /st/stentsal/list/detalle - ::1 - [25-01-2024 19:58]"}
{"level":"info","message":"ruta: /st/stentsal/list/postqueryCab - ::1 - [25-01-2024 19:58]"}
{"level":"info","message":"ruta: /st/stentsal/list/detalle - ::1 - [25-01-2024 19:58]"}
{"level":"info","message":"ruta: /st/stentsal/valida/um - ::1 - [25-01-2024 19:59]"}
{"level":"info","message":"ruta: /st/stentsal/valida/um - ::1 - [25-01-2024 19:59]"}
{"level":"info","message":"ruta: /st/stentsal/valida/um - ::1 - [25-01-2024 19:59]"}
{"level":"info","message":"ruta: /st/stentsal/valida/um - ::1 - [25-01-2024 19:59]"}
{"level":"info","message":"ruta: /st/stentsal/valida/um - ::1 - [25-01-2024 19:59]"}
{"level":"info","message":"ruta: /st/stentsal/valida/cantidad - ::1 - [25-01-2024 19:59]"}
{"level":"info","message":"ruta: /st/stentsal/valida/cantidad - ::1 - [25-01-2024 19:59]"}
{"level":"info","message":"ruta: /st/stentsal/list/detalle - ::1 - [25-01-2024 19:59]"}
{"level":"info","message":"ruta: /st/stentsal/list/detalle - ::1 - [25-01-2024 19:59]"}
{"level":"info","message":"ruta: /st/stentsal/list/cabecera - ::1 - [25-01-2024 19:59]"}
{"level":"info","message":"ruta: /st/stentsal/list/postqueryCab - ::1 - [25-01-2024 19:59]"}
{"level":"info","message":"ruta: /st/stentsal/list/detalle - ::1 - [25-01-2024 19:59]"}
{"level":"info","message":"ruta: /st/stentsal/list/detalle - ::1 - [25-01-2024 20:03]"}
{"level":"info","message":"ruta: /st/stentsal/list/detalle - ::1 - [25-01-2024 20:03]"}
{"level":"info","message":"ruta: /st/stentsal/list/detalle - ::1 - [25-01-2024 20:03]"}
{"level":"info","message":"ruta: /st/stentsal/list/detalle - ::1 - [25-01-2024 20:04]"}
{"level":"info","message":"ruta: /st/stentsal/list/detalle - ::1 - [25-01-2024 20:04]"}
{"level":"info","message":"ruta: /st/stentsal/list/detalle - ::1 - [25-01-2024 20:06]"}
{"level":"info","message":"ruta: /st/stentsal/list/detalle - ::1 - [25-01-2024 20:06]"}
{"level":"info","message":"ruta: /st/stentsal/list/detalle - ::1 - [25-01-2024 20:06]"}
{"level":"info","message":"ruta: /st/stentsal/list/detalle - ::1 - [25-01-2024 20:07]"}
{"level":"info","message":"ruta: /st/stentsal/list/detalle - ::1 - [25-01-2024 20:07]"}
{"level":"info","message":"ruta: /st/stentsal/list/detalle - ::1 - [25-01-2024 20:07]"}
{"level":"info","message":"ruta: /st/stentsal/list/detalle - ::1 - [25-01-2024 20:07]"}
{"level":"info","message":"ruta: /st/stentsal/valida/moneda - ::1 - [25-01-2024 20:07]"}
{"level":"info","message":"ruta: /st/stentsal/valida/moneda - ::1 - [25-01-2024 20:07]"}
{"level":"info","message":"ruta: /st/stentsal/list/detalle - ::1 - [25-01-2024 20:07]"}
{"level":"info","message":"ruta: /st/stentsal/valida/sucursal - ::1 - [25-01-2024 20:07]"}
{"level":"info","message":"ruta: /st/stentsal/valida/motivo - ::1 - [25-01-2024 20:08]"}
{"level":"info","message":"ruta: /st/stentsal/valida/motivo - ::1 - [25-01-2024 20:08]"}
{"level":"info","message":"ruta: /st/stentsal/list/detalle - ::1 - [25-01-2024 20:08]"}
{"level":"info","message":"ruta: /st/stentsal/list/detalle - ::1 - [25-01-2024 20:08]"}
{"level":"info","message":"ruta: /st/stentsal/list/detalle - ::1 - [25-01-2024 20:09]"}
{"level":"info","message":"ruta: /st/stentsal/list/detalle - ::1 - [25-01-2024 20:10]"}
{"level":"info","message":"ruta: /st/stentsal/list/detalle - ::1 - [25-01-2024 20:11]"}
{"level":"info","message":"ruta: /st/stentsal/list/detalle - ::1 - [25-01-2024 20:13]"}
{"level":"info","message":"ruta: /st/stentsal/list/detalle - ::1 - [25-01-2024 20:14]"}
{"level":"info","message":"ruta: /st/stentsal/list/detalle - ::1 - [25-01-2024 20:14]"}
{"level":"info","message":"ruta: /st/stentsal/list/detalle - ::1 - [25-01-2024 20:14]"}
{"level":"info","message":"ruta: /st/stentsal/list/cabecera - ::1 - [25-01-2024 20:14]"}
{"level":"info","message":"ruta: /st/stentsal/list/postqueryCab - ::1 - [25-01-2024 20:14]"}
{"level":"info","message":"ruta: /st/stentsal/list/detalle - ::1 - [25-01-2024 20:14]"}
{"level":"info","message":"ruta: /st/stentsal/list/detalle - ::1 - [25-01-2024 20:14]"}
{"level":"info","message":"ruta: /st/stentsal/list/detalle - ::1 - [25-01-2024 20:14]"}
{"level":"info","message":"ruta: /st/stentsal/list/detalle - ::1 - [25-01-2024 20:14]"}
{"level":"info","message":"ruta: /st/stentsal/list/detalle - ::1 - [25-01-2024 20:15]"}
{"level":"info","message":"ruta: /st/stentsal/list/cabecera - ::1 - [25-01-2024 20:15]"}
{"level":"info","message":"ruta: /st/stentsal/list/postqueryCab - ::1 - [25-01-2024 20:15]"}
{"level":"info","message":"ruta: /st/stentsal/list/detalle - ::1 - [25-01-2024 20:15]"}
{"level":"info","message":"ruta: /st/stentsal/list/detalle - ::1 - [25-01-2024 20:15]"}
{"level":"info","message":"ruta: /st/stentsal/valida/sucursal - ::1 - [25-01-2024 20:15]"}
{"level":"info","message":"ruta: /st/stentsal/valida/motivo - ::1 - [25-01-2024 20:15]"}
{"level":"info","message":"ruta: /st/stentsal/valida/deposito - ::1 - [25-01-2024 20:15]"}
{"level":"info","message":"ruta: /st/stentsal/valida/proveedor - ::1 - [25-01-2024 20:15]"}
{"level":"info","message":"ruta: /st/stentsal/valida/moneda - ::1 - [25-01-2024 20:15]"}
{"level":"info","message":"ruta: /st/stentsal/valida/articulo - ::1 - [25-01-2024 20:15]"}
{"level":"info","message":"ruta: /st/stentsal/valida/um - ::1 - [25-01-2024 20:15]"}
{"level":"info","message":"ruta: /st/stentsal/valida/cantidad - ::1 - [25-01-2024 20:15]"}
{"level":"info","message":"ruta: /st/stentsal/valida/um - ::1 - [25-01-2024 20:15]"}
{"level":"info","message":"ruta: /st/stentsal/valida/cantidad - ::1 - [25-01-2024 20:15]"}
{"level":"info","message":"ruta: /st/stentsal/valida/articulo - ::1 - [25-01-2024 20:20]"}
{"level":"info","message":"ruta: /st/stentsal/valida/um - ::1 - [25-01-2024 20:20]"}
{"level":"info","message":"ruta: /st/stentsal/valida/cantidad - ::1 - [25-01-2024 20:20]"}
{"level":"info","message":"ruta: /st/stentsal/list/detalle - ::1 - [25-01-2024 20:21]"}
{"level":"info","message":"ruta: /st/stentsal/list/detalle - ::1 - [25-01-2024 20:22]"}
{"level":"info","message":"ruta: /st/stentsal/list/detalle - ::1 - [25-01-2024 20:23]"}
{"level":"info","message":"ruta: /st/stentsal/list/detalle - ::1 - [25-01-2024 20:23]"}
{"level":"info","message":"ruta: /st/stentsal/list/detalle - ::1 - [25-01-2024 20:25]"}
{"level":"info","message":"ruta: /st/stentsal/list/detalle - ::1 - [25-01-2024 20:25]"}
{"level":"info","message":"ruta: /st/stentsal/list/detalle - ::1 - [25-01-2024 20:25]"}
{"level":"info","message":"ruta: /st/stentsal/list/detalle - ::1 - [25-01-2024 20:26]"}
{"level":"info","message":"ruta: /st/stentsal/list/detalle - ::1 - [25-01-2024 20:26]"}
{"level":"info","message":"ruta: /st/stentsal/list/detalle - ::1 - [25-01-2024 20:26]"}
{"level":"info","message":"ruta: /st/stentsal/list/detalle - ::1 - [25-01-2024 20:26]"}
{"level":"info","message":"ruta: /st/stentsal/list/cabecera - ::1 - [25-01-2024 20:26]"}
{"level":"info","message":"ruta: /st/stentsal/list/postqueryCab - ::1 - [25-01-2024 20:26]"}
{"level":"info","message":"ruta: /st/stentsal/list/detalle - ::1 - [25-01-2024 20:26]"}
{"level":"info","message":"ruta: /st/starticu/list/relaciones - ::1 - [25-01-2024 20:28]"}
{"level":"info","message":"ruta: /cm/cmprovec/list/proveedor - ::1 - [25-01-2024 20:29]"}
{"level":"info","message":"ruta: /cm/cmprovec/buscar/modificaDiaAnt - ::1 - [25-01-2024 20:29]"}
{"level":"info","message":"ruta: /vt/vtclient/preform - ::1 - [25-01-2024 20:29]"}
{"level":"info","message":"ruta: /vt/vtclient/listDet - ::1 - [25-01-2024 20:29]"}
{"level":"info","message":"ruta: /vt/vtlispre/listDet - ::1 - [25-01-2024 20:29]"}
{"level":"info","message":"ruta: /vt/vtvende/list/listCab - ::1 - [25-01-2024 20:29]"}
{"level":"info","message":"ruta: /cm/cmprovec/list/proveedor - ::1 - [25-01-2024 20:29]"}
{"level":"info","message":"ruta: /cm/cmprovec/buscar/modificaDiaAnt - ::1 - [25-01-2024 20:29]"}
{"level":"info","message":"ruta: /st/starticu/list/relaciones - ::1 - [25-01-2024 20:29]"}
{"level":"info","message":"ruta: /st/stentsal/list/detalle - ::1 - [25-01-2024 20:29]"}
{"level":"info","message":"ruta: /st/starticu/list/relaciones - ::1 - [25-01-2024 20:36]"}
{"level":"info","message":"ruta: /st/stentsal/list/detalle - ::1 - [25-01-2024 20:36]"}
{"level":"info","message":"ruta: /st/stentsal/list/detalle - ::1 - [25-01-2024 20:36]"}
{"level":"info","message":"ruta: /st/stentsal/list/detalle - ::1 - [25-01-2024 20:36]"}
{"level":"info","message":"ruta: /st/stentsal/list/detalle - ::1 - [25-01-2024 20:36]"}
{"level":"info","message":"ruta: /st/stentsal/list/cabecera - ::1 - [25-01-2024 20:36]"}
{"level":"info","message":"ruta: /st/stentsal/list/postqueryCab - ::1 - [25-01-2024 20:36]"}
{"level":"info","message":"ruta: /st/stentsal/list/detalle - ::1 - [25-01-2024 20:36]"}
{"level":"info","message":"ruta: /st/stentsal/list/detalle - ::1 - [25-01-2024 20:36]"}
{"level":"info","message":"ruta: /st/stentsal/list/cabecera - ::1 - [25-01-2024 20:36]"}
{"level":"info","message":"ruta: /st/stentsal/list/postqueryCab - ::1 - [25-01-2024 20:36]"}
{"level":"info","message":"ruta: /st/stentsal/list/detalle - ::1 - [25-01-2024 20:36]"}
{"level":"info","message":"ruta: /st/stentsal/list/detalle - ::1 - [25-01-2024 20:36]"}
{"level":"info","message":"ruta: /st/stentsal/list/cabecera - ::1 - [25-01-2024 20:36]"}
{"level":"info","message":"ruta: /st/stentsal/list/postqueryCab - ::1 - [25-01-2024 20:36]"}
{"level":"info","message":"ruta: /st/stentsal/list/detalle - ::1 - [25-01-2024 20:36]"}
{"level":"info","message":"ruta: /st/stentsal/valida/um - ::1 - [25-01-2024 20:36]"}
{"level":"info","message":"ruta: /st/stentsal/list/detalle - ::1 - [25-01-2024 20:37]"}
{"level":"info","message":"ruta: /st/stentsal/list/detalle - ::1 - [25-01-2024 20:37]"}
{"level":"info","message":"ruta: /st/stentsal/list/detalle - ::1 - [25-01-2024 20:37]"}
{"level":"info","message":"ruta: /st/stentsal/list/detalle - ::1 - [25-01-2024 20:37]"}
{"level":"info","message":"ruta: /st/stentsal/list/cabecera - ::1 - [25-01-2024 20:37]"}
{"level":"info","message":"ruta: /st/stentsal/list/postqueryCab - ::1 - [25-01-2024 20:37]"}
{"level":"info","message":"ruta: /st/stentsal/list/detalle - ::1 - [25-01-2024 20:37]"}
{"level":"info","message":"ruta: /st/stentsal/list/detalle - ::1 - [25-01-2024 20:37]"}
{"level":"info","message":"ruta: /st/stentsal/valida/sucursal - ::1 - [25-01-2024 20:37]"}
{"level":"info","message":"ruta: /st/stentsal/valida/motivo - ::1 - [25-01-2024 20:37]"}
{"level":"info","message":"ruta: /st/stentsal/buscar/deposito - ::1 - [25-01-2024 20:37]"}
{"level":"info","message":"ruta: /st/stentsal/valida/deposito - ::1 - [25-01-2024 20:37]"}
{"level":"info","message":"ruta: /st/stentsal/buscar/proveedor - ::1 - [25-01-2024 20:37]"}
{"level":"info","message":"ruta: /st/stentsal/valida/proveedor - ::1 - [25-01-2024 20:37]"}
{"level":"info","message":"ruta: /st/stentsal/buscar/moneda - ::1 - [25-01-2024 20:38]"}
{"level":"info","message":"ruta: /st/stentsal/valida/moneda - ::1 - [25-01-2024 20:38]"}
{"level":"info","message":"ruta: /st/stentsal/valida/articulo - ::1 - [25-01-2024 20:38]"}
{"level":"info","message":"ruta: /st/stentsal/valida/um - ::1 - [25-01-2024 20:38]"}
{"level":"info","message":"ruta: /st/stentsal/valida/cantidad - ::1 - [25-01-2024 20:38]"}
{"level":"info","message":"ruta: /st/stentsal/valida/articulo - ::1 - [25-01-2024 20:38]"}
{"level":"info","message":"ruta: /st/stentsal/valida/um - ::1 - [25-01-2024 20:38]"}
{"level":"info","message":"ruta: /st/stentsal/valida/cantidad - ::1 - [25-01-2024 20:38]"}
{"level":"info","message":"ruta: /st/stentsal/valida/articulo - ::1 - [25-01-2024 20:39]"}
{"level":"info","message":"ruta: /st/stentsal/valida/um - ::1 - [25-01-2024 20:39]"}
{"level":"info","message":"ruta: /st/stentsal/valida/cantidad - ::1 - [25-01-2024 20:39]"}
{"level":"info","message":"ruta: /st/stentsal/list/detalle - ::1 - [25-01-2024 20:39]"}
