{"level":"info","message":"ruta: /cm/cmfactur/preform - ::1 - [12-07-2024 19:24]"}
{"level":"info","message":"ruta: /cm/cmfactur/list/detalle - ::1 - [12-07-2024 19:24]"}
{"level":"info","message":"ruta: /cm/cmcoffac/list/cabecera - ::1 - [12-07-2024 19:24]"}
{"level":"info","message":"ruta: /cm/cmfactur/preform - ::1 - [12-07-2024 19:24]"}
{"level":"info","message":"ruta: /cm/cmfactur/list/detalle - ::1 - [12-07-2024 19:24]"}
{"level":"info","message":"ruta: /cm/cmcoffac/list/cabecera - ::1 - [12-07-2024 19:24]"}
{"level":"info","message":"ruta: /cm/cmfactur/preform - ::1 - [12-07-2024 19:24]"}
{"level":"info","message":"ruta: /cm/cmfactur/list/detalle - ::1 - [12-07-2024 19:24]"}
{"level":"info","message":"ruta: /cm/cmcoffac/list/cabecera - ::1 - [12-07-2024 19:24]"}
{"level":"info","message":"ruta: /cm/cmprovec/list/proveedor - ::1 - [12-07-2024 19:24]"}
{"level":"info","message":"ruta: /cm/cmprovec/buscar/modificaDiaAnt - ::1 - [12-07-2024 19:24]"}
{"level":"info","message":"ruta: /cm/cmfactur/preform - ::1 - [12-07-2024 19:24]"}
{"level":"info","message":"ruta: /cm/cmfactur/list/detalle - ::1 - [12-07-2024 19:24]"}
{"level":"info","message":"ruta: /cm/cmfactur/valida/sucursal - ::1 - [12-07-2024 19:24]"}
{"level":"info","message":"ruta: /cm/cmfactur/valida/nro_comprb - ::1 - [12-07-2024 19:24]"}
{"level":"info","message":"ruta: /cm/cmfactur/valida/proveedor - ::1 - [12-07-2024 19:24]"}
{"level":"info","message":"ruta: /cm/cmfactur/preform - ::1 - [12-07-2024 19:25]"}
{"level":"info","message":"ruta: /cm/cmfactur/list/detalle - ::1 - [12-07-2024 19:25]"}
{"level":"info","message":"ruta: /cc/ccncrdef/buscar/preform - ::1 - [12-07-2024 19:25]"}
{"level":"info","message":"ruta: /cc/ccncrdef/list/detalle - ::1 - [12-07-2024 19:25]"}
{"level":"info","message":"ruta: /cc/ccncrdef/valida/sucursal - ::1 - [12-07-2024 19:25]"}
{"level":"info","message":"ruta: /cc/ccncrdef/valida/cliente - ::1 - [12-07-2024 19:25]"}
{"level":"info","message":"ruta: /cc/ccncrdef/valida/cliente - ::1 - [12-07-2024 19:25]"}
{"level":"info","message":"ruta: /cc/ccncrdef/valida/nroCompr - ::1 - [12-07-2024 19:25]"}
{"level":"info","message":"ruta: /cc/ccncrdef/buscar/nroCompr - ::1 - [12-07-2024 19:25]"}
{"level":"info","message":"ruta: /cc/ccncrdef/valida/nroCompr - ::1 - [12-07-2024 19:25]"}
{"level":"info","message":"ruta: /cc/ccncrdef/valida/condVenta - ::1 - [12-07-2024 19:25]"}
{"level":"info","message":"ruta: /cc/ccncrdef/valida/condVenta - ::1 - [12-07-2024 19:25]"}
{"level":"info","message":"ruta: /cc/ccncrdef/valida/motivoNcr - ::1 - [12-07-2024 19:25]"}
{"level":"info","message":"ruta: /cc/ccncrdef/valida/listPrecio - ::1 - [12-07-2024 19:25]"}
{"level":"info","message":"ruta: /cc/ccncrdef/valida/listPrecio - ::1 - [12-07-2024 19:25]"}
{"level":"info","message":"ruta: /cc/ccncrdef/valida/vendedor - ::1 - [12-07-2024 19:25]"}
{"level":"info","message":"ruta: /cc/ccncrdef/valida/moneda - ::1 - [12-07-2024 19:25]"}
{"level":"info","message":"ruta: /cc/ccncrdef/buscar/preform - ::1 - [12-07-2024 19:26]"}
{"level":"info","message":"ruta: /cc/ccncrdef/list/detalle - ::1 - [12-07-2024 19:26]"}
{"level":"info","message":"ruta: /cc/ccncrdef/buscar/preform - ::1 - [12-07-2024 19:28]"}
{"level":"info","message":"ruta: /cc/ccncrdef/list/detalle - ::1 - [12-07-2024 19:28]"}
{"level":"info","message":"ruta: /cc/ccncrdef/buscar/preform - ::1 - [12-07-2024 19:29]"}
{"level":"info","message":"ruta: /cc/ccncrdef/list/detalle - ::1 - [12-07-2024 19:29]"}
{"level":"info","message":"ruta: /cc/ccncrdef/valida/sucursal - ::1 - [12-07-2024 19:29]"}
{"level":"info","message":"ruta: /cc/ccncrdef/buscar/preform - ::1 - [12-07-2024 19:31]"}
{"level":"info","message":"ruta: /cc/ccncrdef/list/detalle - ::1 - [12-07-2024 19:31]"}
{"level":"info","message":"ruta: /cc/ccncrdef/buscar/preform - ::1 - [12-07-2024 19:31]"}
{"level":"info","message":"ruta: /cc/ccncrdef/list/detalle - ::1 - [12-07-2024 19:31]"}
{"level":"info","message":"ruta: /cc/ccncrdef/valida/sucursal - ::1 - [12-07-2024 19:31]"}
{"level":"info","message":"ruta: /cc/ccncrdef/buscar/cliente - ::1 - [12-07-2024 19:31]"}
{"level":"info","message":"ruta: /cc/ccncrdef/valida/cliente - ::1 - [12-07-2024 19:31]"}
{"level":"info","message":"ruta: /cc/ccncrdef/buscar/preform - ::1 - [12-07-2024 19:31]"}
{"level":"info","message":"ruta: /cc/ccncrdef/list/detalle - ::1 - [12-07-2024 19:31]"}
{"level":"info","message":"ruta: /cc/ccncrdef/valida/sucursal - ::1 - [12-07-2024 19:31]"}
{"level":"info","message":"ruta: /cc/ccncrdef/valida/cliente - ::1 - [12-07-2024 19:31]"}
{"level":"info","message":"ruta: /cc/ccncrdef/valida/nroCompr - ::1 - [12-07-2024 19:31]"}
{"level":"info","message":"ruta: /cc/ccncrdef/buscar/nroCompr - ::1 - [12-07-2024 19:31]"}
{"level":"info","message":"ruta: /cc/ccncrdef/valida/nroCompr - ::1 - [12-07-2024 19:31]"}
{"level":"info","message":"ruta: /cc/ccncrdef/valida/condVenta - ::1 - [12-07-2024 19:31]"}
{"level":"info","message":"ruta: /cc/ccncrdef/valida/condVenta - ::1 - [12-07-2024 19:31]"}
{"level":"info","message":"ruta: /cc/ccncrdef/valida/motivoNcr - ::1 - [12-07-2024 19:31]"}
{"level":"info","message":"ruta: /cc/ccncrdef/valida/listPrecio - ::1 - [12-07-2024 19:31]"}
{"level":"info","message":"ruta: /cc/ccncrdef/valida/listPrecio - ::1 - [12-07-2024 19:31]"}
{"level":"info","message":"ruta: /cc/ccncrdef/valida/vendedor - ::1 - [12-07-2024 19:31]"}
{"level":"info","message":"ruta: /cc/ccncrdef/valida/moneda - ::1 - [12-07-2024 19:31]"}
{"level":"info","message":"ruta: /cc/ccncrdef/buscar/preform - ::1 - [12-07-2024 19:39]"}
{"level":"info","message":"ruta: /cc/ccncrdef/list/detalle - ::1 - [12-07-2024 19:39]"}
{"level":"info","message":"ruta: /cc/ccncrdef/buscar/preform - ::1 - [12-07-2024 19:58]"}
{"level":"info","message":"ruta: /cc/ccncrdef/list/detalle - ::1 - [12-07-2024 19:58]"}
{"level":"info","message":"ruta: /cc/ccncrdef/buscar/preform - ::1 - [12-07-2024 19:59]"}
{"level":"info","message":"ruta: /cc/ccncrdef/list/detalle - ::1 - [12-07-2024 19:59]"}
{"level":"info","message":"ruta: /cc/ccncrdef/buscar/preform - ::1 - [12-07-2024 20:00]"}
{"level":"info","message":"ruta: /cc/ccncrdef/list/detalle - ::1 - [12-07-2024 20:00]"}
{"level":"info","message":"ruta: /cc/ccncrdef/buscar/preform - ::1 - [12-07-2024 20:01]"}
{"level":"info","message":"ruta: /cc/ccncrdef/list/detalle - ::1 - [12-07-2024 20:01]"}
{"level":"info","message":"ruta: /cc/ccncrdef/buscar/preform - ::1 - [12-07-2024 20:01]"}
{"level":"info","message":"ruta: /cc/ccncrdef/list/detalle - ::1 - [12-07-2024 20:01]"}
{"level":"info","message":"ruta: /cc/ccncrdef/buscar/preform - ::1 - [12-07-2024 20:03]"}
{"level":"info","message":"ruta: /cc/ccncrdef/list/detalle - ::1 - [12-07-2024 20:03]"}
{"level":"info","message":"ruta: /cc/ccncrdef/buscar/preform - ::1 - [12-07-2024 20:04]"}
{"level":"info","message":"ruta: /cc/ccncrdef/list/detalle - ::1 - [12-07-2024 20:04]"}
{"level":"info","message":"ruta: /cc/ccncrdef/buscar/preform - ::1 - [12-07-2024 20:05]"}
{"level":"info","message":"ruta: /cc/ccncrdef/list/detalle - ::1 - [12-07-2024 20:05]"}
{"level":"info","message":"ruta: /cc/ccncrdef/buscar/preform - ::1 - [12-07-2024 20:09]"}
{"level":"info","message":"ruta: /cc/ccncrdef/list/detalle - ::1 - [12-07-2024 20:09]"}
{"level":"info","message":"ruta: /cc/ccncrdef/buscar/preform - ::1 - [12-07-2024 20:12]"}
{"level":"info","message":"ruta: /cc/ccncrdef/list/detalle - ::1 - [12-07-2024 20:12]"}
{"level":"info","message":"ruta: /cc/ccncrdef/buscar/preform - ::1 - [12-07-2024 20:12]"}
{"level":"info","message":"ruta: /cc/ccncrdef/list/detalle - ::1 - [12-07-2024 20:12]"}
{"level":"info","message":"ruta: /cc/ccncrdef/buscar/preform - ::1 - [12-07-2024 20:12]"}
{"level":"info","message":"ruta: /cc/ccncrdef/list/detalle - ::1 - [12-07-2024 20:12]"}
{"level":"info","message":"ruta: /cc/ccncrdef/buscar/preform - ::1 - [12-07-2024 20:12]"}
{"level":"info","message":"ruta: /cc/ccncrdef/list/detalle - ::1 - [12-07-2024 20:12]"}
{"level":"info","message":"ruta: /cc/ccncrdef/buscar/preform - ::1 - [12-07-2024 20:13]"}
{"level":"info","message":"ruta: /cc/ccncrdef/list/detalle - ::1 - [12-07-2024 20:13]"}
{"level":"info","message":"ruta: /cc/ccncrdef/valida/articulo - ::1 - [12-07-2024 20:13]"}
{"level":"info","message":"ruta: /cc/ccncrdef/valida/articulo - ::1 - [12-07-2024 20:13]"}
{"level":"info","message":"ruta: /cc/ccncrdef/valida/cliente - ::1 - [12-07-2024 20:13]"}
{"level":"info","message":"ruta: /cc/ccncrdef/valida/nroCompr - ::1 - [12-07-2024 20:13]"}
{"level":"info","message":"ruta: /cc/ccncrdef/valida/cliente - ::1 - [12-07-2024 20:13]"}
{"level":"info","message":"ruta: /cc/ccncrdef/buscar/cliente - ::1 - [12-07-2024 20:13]"}
{"level":"info","message":"ruta: /cc/ccncrdef/valida/cliente - ::1 - [12-07-2024 20:13]"}
{"level":"info","message":"ruta: /cc/ccncrdef/valida/cliente - ::1 - [12-07-2024 20:13]"}
{"level":"info","message":"ruta: /cc/ccncrdef/valida/cliente - ::1 - [12-07-2024 20:13]"}
{"level":"info","message":"ruta: /cc/ccncrdef/valida/nroCompr - ::1 - [12-07-2024 20:13]"}
{"level":"info","message":"ruta: /cc/ccncrdef/buscar/nroCompr - ::1 - [12-07-2024 20:13]"}
{"level":"info","message":"ruta: /cc/ccncrdef/valida/nroCompr - ::1 - [12-07-2024 20:13]"}
{"level":"info","message":"ruta: /cc/ccncrdef/valida/condVenta - ::1 - [12-07-2024 20:13]"}
{"level":"info","message":"ruta: /cc/ccncrdef/valida/motivoNcr - ::1 - [12-07-2024 20:14]"}
{"level":"info","message":"ruta: /cc/ccncrdef/valida/listPrecio - ::1 - [12-07-2024 20:14]"}
{"level":"info","message":"ruta: /cc/ccncrdef/valida/vendedor - ::1 - [12-07-2024 20:14]"}
{"level":"info","message":"ruta: /cc/ccncrdef/valida/moneda - ::1 - [12-07-2024 20:14]"}
{"level":"info","message":"ruta: /cc/ccncrdef/valida/articulo - ::1 - [12-07-2024 20:14]"}
{"level":"info","message":"ruta: /cc/ccncrdef/valida/articulo - ::1 - [12-07-2024 20:14]"}
{"level":"info","message":"ruta: /cc/ccncrdef/valida/articulo - ::1 - [12-07-2024 20:14]"}
{"level":"info","message":"ruta: /cc/ccncrdef/valida/articulo - ::1 - [12-07-2024 20:14]"}
{"level":"info","message":"ruta: /cc/ccncrdef/buscar/preform - ::1 - [12-07-2024 20:24]"}
{"level":"info","message":"ruta: /cc/ccncrdef/list/detalle - ::1 - [12-07-2024 20:24]"}
{"level":"info","message":"ruta: /cc/ccncrdef/buscar/preform - ::1 - [12-07-2024 20:24]"}
{"level":"info","message":"ruta: /cc/ccncrdef/list/detalle - ::1 - [12-07-2024 20:24]"}
{"level":"info","message":"ruta: /cc/ccncrdef/valida/sucursal - ::1 - [12-07-2024 20:24]"}
{"level":"info","message":"ruta: /cc/ccncrdef/valida/cliente - ::1 - [12-07-2024 20:24]"}
{"level":"info","message":"ruta: /cc/ccncrdef/valida/cliente - ::1 - [12-07-2024 20:24]"}
{"level":"info","message":"ruta: /cc/ccncrdef/valida/cliente - ::1 - [12-07-2024 20:24]"}
{"level":"info","message":"ruta: /cc/ccncrdef/buscar/nroCompr - ::1 - [12-07-2024 20:24]"}
{"level":"info","message":"ruta: /cc/ccncrdef/valida/nroCompr - ::1 - [12-07-2024 20:24]"}
{"level":"info","message":"ruta: /cc/ccncrdef/valida/condVenta - ::1 - [12-07-2024 20:25]"}
{"level":"info","message":"ruta: /cc/ccncrdef/valida/motivoNcr - ::1 - [12-07-2024 20:25]"}
{"level":"info","message":"ruta: /cc/ccncrdef/valida/listPrecio - ::1 - [12-07-2024 20:25]"}
{"level":"info","message":"ruta: /cc/ccncrdef/valida/vendedor - ::1 - [12-07-2024 20:25]"}
{"level":"info","message":"ruta: /cc/ccncrdef/valida/moneda - ::1 - [12-07-2024 20:25]"}
{"level":"info","message":"ruta: /cc/ccncrdef/buscar/preform - ::1 - [12-07-2024 20:29]"}
{"level":"info","message":"ruta: /cc/ccncrdef/list/detalle - ::1 - [12-07-2024 20:29]"}
{"level":"info","message":"ruta: /cc/ccncrdef/buscar/preform - ::1 - [12-07-2024 20:30]"}
{"level":"info","message":"ruta: /cc/ccncrdef/list/detalle - ::1 - [12-07-2024 20:30]"}
{"level":"info","message":"ruta: /cc/ccncrdef/valida/sucursal - ::1 - [12-07-2024 20:30]"}
{"level":"info","message":"ruta: /cc/ccncrdef/valida/cliente - ::1 - [12-07-2024 20:30]"}
{"level":"info","message":"ruta: /cc/ccncrdef/buscar/nroCompr - ::1 - [12-07-2024 20:30]"}
{"level":"info","message":"ruta: /cc/ccncrdef/valida/nroCompr - ::1 - [12-07-2024 20:30]"}
{"level":"info","message":"ruta: /cc/ccncrdef/valida/condVenta - ::1 - [12-07-2024 20:30]"}
{"level":"info","message":"ruta: /cc/ccncrdef/valida/motivoNcr - ::1 - [12-07-2024 20:30]"}
{"level":"info","message":"ruta: /cc/ccncrdef/valida/listPrecio - ::1 - [12-07-2024 20:30]"}
{"level":"info","message":"ruta: /cc/ccncrdef/valida/vendedor - ::1 - [12-07-2024 20:30]"}
{"level":"info","message":"ruta: /cc/ccncrdef/valida/moneda - ::1 - [12-07-2024 20:30]"}
{"level":"info","message":"ruta: /cc/ccncrdef/buscar/preform - ::1 - [12-07-2024 20:31]"}
{"level":"info","message":"ruta: /cc/ccncrdef/list/detalle - ::1 - [12-07-2024 20:31]"}
{"level":"info","message":"ruta: /cc/ccncrdef/buscar/preform - ::1 - [12-07-2024 20:31]"}
{"level":"info","message":"ruta: /cc/ccncrdef/list/detalle - ::1 - [12-07-2024 20:31]"}
{"level":"info","message":"ruta: /cc/ccncrdef/valida/sucursal - ::1 - [12-07-2024 20:31]"}
{"level":"info","message":"ruta: /cc/ccncrdef/valida/cliente - ::1 - [12-07-2024 20:31]"}
{"level":"info","message":"ruta: /cc/ccncrdef/valida/cliente - ::1 - [12-07-2024 20:31]"}
{"level":"info","message":"ruta: /cc/ccncrdef/valida/cliente - ::1 - [12-07-2024 20:31]"}
{"level":"info","message":"ruta: /cc/ccncrdef/valida/nroCompr - ::1 - [12-07-2024 20:31]"}
{"level":"info","message":"ruta: /cc/ccncrdef/buscar/nroCompr - ::1 - [12-07-2024 20:31]"}
{"level":"info","message":"ruta: /cc/ccncrdef/valida/nroCompr - ::1 - [12-07-2024 20:31]"}
{"level":"info","message":"ruta: /cc/ccncrdef/valida/condVenta - ::1 - [12-07-2024 20:31]"}
{"level":"info","message":"ruta: /cc/ccncrdef/valida/motivoNcr - ::1 - [12-07-2024 20:31]"}
{"level":"info","message":"ruta: /cc/ccncrdef/valida/listPrecio - ::1 - [12-07-2024 20:31]"}
{"level":"info","message":"ruta: /cc/ccncrdef/valida/vendedor - ::1 - [12-07-2024 20:31]"}
{"level":"info","message":"ruta: /cc/ccncrdef/valida/moneda - ::1 - [12-07-2024 20:31]"}
{"level":"info","message":"ruta: /cc/ccncrdef/valida/articulo - ::1 - [12-07-2024 20:31]"}
{"level":"info","message":"ruta: /cc/ccncrdef/buscar/preform - ::1 - [12-07-2024 20:32]"}
{"level":"info","message":"ruta: /cc/ccncrdef/list/detalle - ::1 - [12-07-2024 20:32]"}
{"level":"info","message":"ruta: /cc/ccncrdef/buscar/preform - ::1 - [12-07-2024 20:32]"}
{"level":"info","message":"ruta: /cc/ccncrdef/list/detalle - ::1 - [12-07-2024 20:32]"}
{"level":"info","message":"ruta: /cc/ccncrdef/buscar/preform - ::1 - [12-07-2024 20:33]"}
{"level":"info","message":"ruta: /cc/ccncrdef/list/detalle - ::1 - [12-07-2024 20:33]"}
{"level":"info","message":"ruta: /cc/ccncrdef/valida/sucursal - ::1 - [12-07-2024 20:33]"}
{"level":"info","message":"ruta: /cc/ccncrdef/buscar/cliente - ::1 - [12-07-2024 20:33]"}
{"level":"info","message":"ruta: /cc/ccncrdef/valida/cliente - ::1 - [12-07-2024 20:33]"}
{"level":"info","message":"ruta: /cc/ccncrdef/valida/cliente - ::1 - [12-07-2024 20:33]"}
{"level":"info","message":"ruta: /cc/ccncrdef/buscar/nroCompr - ::1 - [12-07-2024 20:33]"}
{"level":"info","message":"ruta: /cc/ccncrdef/valida/nroCompr - ::1 - [12-07-2024 20:33]"}
{"level":"info","message":"ruta: /cc/ccncrdef/valida/condVenta - ::1 - [12-07-2024 20:33]"}
{"level":"info","message":"ruta: /cc/ccncrdef/valida/motivoNcr - ::1 - [12-07-2024 20:33]"}
{"level":"info","message":"ruta: /cc/ccncrdef/valida/listPrecio - ::1 - [12-07-2024 20:33]"}
{"level":"info","message":"ruta: /cc/ccncrdef/valida/vendedor - ::1 - [12-07-2024 20:33]"}
{"level":"info","message":"ruta: /cc/ccncrdef/valida/moneda - ::1 - [12-07-2024 20:33]"}
{"level":"info","message":"ruta: /cc/ccncrdef/valida/articulo - ::1 - [12-07-2024 20:33]"}
{"level":"info","message":"ruta: /cc/ccncrdef/valida/articulo - ::1 - [12-07-2024 20:35]"}
{"level":"info","message":"ruta: /cc/ccncrdef/buscar/preform - ::1 - [12-07-2024 20:36]"}
{"level":"info","message":"ruta: /cc/ccncrdef/list/detalle - ::1 - [12-07-2024 20:36]"}
{"level":"info","message":"ruta: /cc/ccncrdef/valida/sucursal - ::1 - [12-07-2024 20:36]"}
{"level":"info","message":"ruta: /cc/ccncrdef/valida/cliente - ::1 - [12-07-2024 20:36]"}
{"level":"info","message":"ruta: /cc/ccncrdef/buscar/nroCompr - ::1 - [12-07-2024 20:36]"}
{"level":"info","message":"ruta: /cc/ccncrdef/valida/nroCompr - ::1 - [12-07-2024 20:36]"}
{"level":"info","message":"ruta: /cc/ccncrdef/valida/condVenta - ::1 - [12-07-2024 20:36]"}
{"level":"info","message":"ruta: /cc/ccncrdef/valida/motivoNcr - ::1 - [12-07-2024 20:36]"}
{"level":"info","message":"ruta: /cc/ccncrdef/valida/listPrecio - ::1 - [12-07-2024 20:36]"}
{"level":"info","message":"ruta: /cc/ccncrdef/valida/vendedor - ::1 - [12-07-2024 20:36]"}
{"level":"info","message":"ruta: /cc/ccncrdef/valida/moneda - ::1 - [12-07-2024 20:37]"}
{"level":"info","message":"ruta: /cc/ccncrdef/buscar/preform - ::1 - [12-07-2024 20:45]"}
{"level":"info","message":"ruta: /cc/ccncrdef/list/detalle - ::1 - [12-07-2024 20:45]"}
{"level":"info","message":"ruta: /cc/ccncrdef/valida/sucursal - ::1 - [12-07-2024 20:45]"}
{"level":"info","message":"ruta: /cc/ccncrdef/valida/cliente - ::1 - [12-07-2024 20:45]"}
{"level":"info","message":"ruta: /cc/ccncrdef/list/cabecera - ::1 - [12-07-2024 20:45]"}
{"level":"info","message":"ruta: /cc/ccncrdef/list/postquery - ::1 - [12-07-2024 20:45]"}
{"level":"info","message":"ruta: /cc/ccncrdef/list/detalle - ::1 - [12-07-2024 20:45]"}
{"level":"info","message":"ruta: /cc/ccncrdef/buscar/nroCompr - ::1 - [12-07-2024 20:45]"}
{"level":"info","message":"ruta: /cc/ccncrdef/valida/nroCompr - ::1 - [12-07-2024 20:45]"}
{"level":"info","message":"ruta: /cc/ccncrdef/valida/condVenta - ::1 - [12-07-2024 20:45]"}
{"level":"info","message":"ruta: /cc/ccncrdef/valida/condVenta - ::1 - [12-07-2024 20:45]"}
{"level":"info","message":"ruta: /cc/ccncrdef/valida/motivoNcr - ::1 - [12-07-2024 20:45]"}
{"level":"info","message":"ruta: /cc/ccncrdef/valida/listPrecio - ::1 - [12-07-2024 20:45]"}
{"level":"info","message":"ruta: /cc/ccncrdef/valida/vendedor - ::1 - [12-07-2024 20:45]"}
{"level":"info","message":"ruta: /cc/ccncrdef/valida/moneda - ::1 - [12-07-2024 20:45]"}
{"level":"info","message":"ruta: /cc/ccncrdef/valida/articulo - ::1 - [12-07-2024 20:46]"}
{"level":"info","message":"ruta: /cc/ccncrdef/buscar/preform - ::1 - [12-07-2024 20:46]"}
{"level":"info","message":"ruta: /cc/ccncrdef/list/detalle - ::1 - [12-07-2024 20:46]"}
{"level":"info","message":"ruta: /cc/ccncrdef/valida/sucursal - ::1 - [12-07-2024 20:46]"}
{"level":"info","message":"ruta: /cc/ccncrdef/valida/cliente - ::1 - [12-07-2024 20:46]"}
{"level":"info","message":"ruta: /cc/ccncrdef/buscar/nroCompr - ::1 - [12-07-2024 20:46]"}
{"level":"info","message":"ruta: /cc/ccncrdef/valida/nroCompr - ::1 - [12-07-2024 20:47]"}
{"level":"info","message":"ruta: /cc/ccncrdef/valida/condVenta - ::1 - [12-07-2024 20:47]"}
{"level":"info","message":"ruta: /cc/ccncrdef/valida/condVenta - ::1 - [12-07-2024 20:47]"}
{"level":"info","message":"ruta: /cc/ccncrdef/valida/motivoNcr - ::1 - [12-07-2024 20:47]"}
{"level":"info","message":"ruta: /cc/ccncrdef/valida/listPrecio - ::1 - [12-07-2024 20:47]"}
{"level":"info","message":"ruta: /cc/ccncrdef/valida/vendedor - ::1 - [12-07-2024 20:47]"}
{"level":"info","message":"ruta: /cc/ccncrdef/valida/moneda - ::1 - [12-07-2024 20:47]"}
{"level":"info","message":"ruta: /cc/ccncrdef/valida/articulo - ::1 - [12-07-2024 20:47]"}
{"level":"info","message":"ruta: /cc/ccncrdef/buscar/preform - ::1 - [12-07-2024 20:47]"}
{"level":"info","message":"ruta: /cc/ccncrdef/list/detalle - ::1 - [12-07-2024 20:47]"}
{"level":"info","message":"ruta: /cc/ccncrdef/valida/sucursal - ::1 - [12-07-2024 20:47]"}
{"level":"info","message":"ruta: /cc/ccncrdef/valida/cliente - ::1 - [12-07-2024 20:47]"}
{"level":"info","message":"ruta: /cc/ccncrdef/buscar/nroCompr - ::1 - [12-07-2024 20:47]"}
{"level":"info","message":"ruta: /cc/ccncrdef/valida/nroCompr - ::1 - [12-07-2024 20:47]"}
{"level":"info","message":"ruta: /cc/ccncrdef/buscar/preform - ::1 - [12-07-2024 20:48]"}
{"level":"info","message":"ruta: /cc/ccncrdef/list/detalle - ::1 - [12-07-2024 20:48]"}
{"level":"info","message":"ruta: /cc/ccncrdef/valida/sucursal - ::1 - [12-07-2024 20:48]"}
{"level":"info","message":"ruta: /cc/ccncrdef/valida/cliente - ::1 - [12-07-2024 20:48]"}
{"level":"info","message":"ruta: /cc/ccncrdef/buscar/nroCompr - ::1 - [12-07-2024 20:48]"}
{"level":"info","message":"ruta: /cc/ccncrdef/valida/nroCompr - ::1 - [12-07-2024 20:48]"}
{"level":"info","message":"ruta: /cc/ccncrdef/valida/condVenta - ::1 - [12-07-2024 20:49]"}
{"level":"info","message":"ruta: /cc/ccncrdef/valida/motivoNcr - ::1 - [12-07-2024 20:50]"}
{"level":"info","message":"ruta: /cc/ccncrdef/buscar/preform - ::1 - [12-07-2024 20:56]"}
{"level":"info","message":"ruta: /cc/ccncrdef/list/detalle - ::1 - [12-07-2024 20:56]"}
{"level":"info","message":"ruta: /cc/ccncrdef/buscar/preform - ::1 - [12-07-2024 20:56]"}
{"level":"info","message":"ruta: /cc/ccncrdef/list/detalle - ::1 - [12-07-2024 20:56]"}
{"level":"info","message":"ruta: /cc/ccncrdef/valida/sucursal - ::1 - [12-07-2024 20:56]"}
{"level":"info","message":"ruta: /cc/ccncrdef/valida/cliente - ::1 - [12-07-2024 20:56]"}
{"level":"info","message":"ruta: /cc/ccncrdef/list/cabecera - ::1 - [12-07-2024 20:56]"}
{"level":"info","message":"ruta: /cc/ccncrdef/list/postquery - ::1 - [12-07-2024 20:56]"}
{"level":"info","message":"ruta: /cc/ccncrdef/list/detalle - ::1 - [12-07-2024 20:56]"}
{"level":"info","message":"ruta: /cc/ccncrdef/buscar/preform - ::1 - [12-07-2024 20:56]"}
{"level":"info","message":"ruta: /cc/ccncrdef/list/detalle - ::1 - [12-07-2024 20:56]"}
{"level":"info","message":"ruta: /cc/ccncrdef/valida/sucursal - ::1 - [12-07-2024 20:56]"}
{"level":"info","message":"ruta: /cc/ccncrdef/valida/cliente - ::1 - [12-07-2024 20:56]"}
{"level":"info","message":"ruta: /cc/ccncrdef/valida/cliente - ::1 - [12-07-2024 20:56]"}
{"level":"info","message":"ruta: /cc/ccncrdef/valida/cliente - ::1 - [12-07-2024 20:57]"}
{"level":"info","message":"ruta: /cc/ccncrdef/valida/cliente - ::1 - [12-07-2024 20:57]"}
{"level":"info","message":"ruta: /cc/ccncrdef/buscar/nroCompr - ::1 - [12-07-2024 20:57]"}
{"level":"info","message":"ruta: /cc/ccncrdef/valida/nroCompr - ::1 - [12-07-2024 20:57]"}
{"level":"info","message":"ruta: /cc/ccncrdef/valida/condVenta - ::1 - [12-07-2024 20:57]"}
{"level":"info","message":"ruta: /cc/ccncrdef/valida/motivoNcr - ::1 - [12-07-2024 20:57]"}
{"level":"info","message":"ruta: /cc/ccncrdef/valida/listPrecio - ::1 - [12-07-2024 20:57]"}
{"level":"info","message":"ruta: /cc/ccncrdef/valida/vendedor - ::1 - [12-07-2024 20:57]"}
{"level":"info","message":"ruta: /cc/ccncrdef/valida/moneda - ::1 - [12-07-2024 20:57]"}
{"level":"info","message":"ruta: /cc/ccncrdef/valida/articulo - ::1 - [12-07-2024 20:57]"}
{"level":"info","message":"ruta: /cc/ccncrdef/buscar/preform - ::1 - [12-07-2024 20:58]"}
{"level":"info","message":"ruta: /cc/ccncrdef/list/detalle - ::1 - [12-07-2024 20:58]"}
{"level":"info","message":"ruta: /cc/ccncrdef/buscar/preform - ::1 - [12-07-2024 20:58]"}
{"level":"info","message":"ruta: /cc/ccncrdef/list/detalle - ::1 - [12-07-2024 20:58]"}
{"level":"info","message":"ruta: /cc/ccncrdef/valida/sucursal - ::1 - [12-07-2024 20:58]"}
{"level":"info","message":"ruta: /cc/ccncrdef/valida/cliente - ::1 - [12-07-2024 20:58]"}
{"level":"info","message":"ruta: /cc/ccncrdef/buscar/nroCompr - ::1 - [12-07-2024 20:59]"}
{"level":"info","message":"ruta: /cc/ccncrdef/valida/nroCompr - ::1 - [12-07-2024 20:59]"}
{"level":"info","message":"ruta: /cc/ccncrdef/valida/condVenta - ::1 - [12-07-2024 20:59]"}
{"level":"info","message":"ruta: /cc/ccncrdef/valida/motivoNcr - ::1 - [12-07-2024 20:59]"}
{"level":"info","message":"ruta: /cc/ccncrdef/valida/listPrecio - ::1 - [12-07-2024 20:59]"}
{"level":"info","message":"ruta: /cc/ccncrdef/valida/vendedor - ::1 - [12-07-2024 20:59]"}
{"level":"info","message":"ruta: /cc/ccncrdef/valida/moneda - ::1 - [12-07-2024 20:59]"}
{"level":"info","message":"ruta: /cc/ccncrdef/valida/articulo - ::1 - [12-07-2024 20:59]"}
