{"level":"info","message":"ruta: /cm/cmfactur/preform - ::1 - [09-07-2024 20:46]"}
{"level":"info","message":"ruta: /cm/cmfactur/list/detalle - ::1 - [09-07-2024 20:46]"}
{"level":"info","message":"ruta: /cm/cmcoffac/list/cabecera - ::1 - [09-07-2024 20:46]"}
{"level":"info","message":"ruta: /cc/ccncrdef/buscar/preform - ::1 - [09-07-2024 20:46]"}
{"level":"info","message":"ruta: /cc/ccncrdef/list/detalle - ::1 - [09-07-2024 20:46]"}
{"level":"info","message":"ruta: /cc/ccncrdef/buscar/preform - ::1 - [09-07-2024 20:46]"}
{"level":"info","message":"ruta: /cc/ccncrdef/list/cabecera - ::1 - [09-07-2024 20:46]"}
{"level":"info","message":"ruta: /cc/ccncrdef/list/postquery - ::1 - [09-07-2024 20:46]"}
{"level":"info","message":"ruta: /cc/ccncrdef/list/detalle - ::1 - [09-07-2024 20:46]"}
{"level":"info","message":"ruta: /cc/ccncrdef/buscar/preform - ::1 - [09-07-2024 20:46]"}
{"level":"info","message":"ruta: /cc/ccncrdef/list/cabecera - ::1 - [09-07-2024 20:46]"}
{"level":"info","message":"ruta: /cc/ccncrdef/list/postquery - ::1 - [09-07-2024 20:46]"}
{"level":"info","message":"ruta: /cc/ccncrdef/list/detalle - ::1 - [09-07-2024 20:46]"}
{"level":"info","message":"ruta: /cc/ccncrdef/buscar/preform - ::1 - [09-07-2024 21:33]"}
{"level":"info","message":"ruta: /cc/ccncrdef/list/detalle - ::1 - [09-07-2024 21:33]"}
{"level":"info","message":"ruta: /cc/ccncrdef/valida/sucursal - ::1 - [09-07-2024 21:33]"}
{"level":"info","message":"ruta: /cc/ccncrdef/valida/cliente - ::1 - [09-07-2024 21:33]"}
{"level":"info","message":"ruta: /cc/ccncrdef/valida/nroCompr - ::1 - [09-07-2024 21:33]"}
{"level":"info","message":"ruta: /cc/ccncrdef/buscar/nroCompr - ::1 - [09-07-2024 21:33]"}
{"level":"info","message":"ruta: /cc/ccncrdef/valida/nroCompr - ::1 - [09-07-2024 21:33]"}
{"level":"info","message":"ruta: /cc/ccncrdef/valida/nroCompr - ::1 - [09-07-2024 21:35]"}
{"level":"info","message":"ruta: /cc/ccncrdef/valida/nroCompr - ::1 - [09-07-2024 21:37]"}
{"level":"info","message":"ruta: /cc/ccncrdef/buscar/preform - ::1 - [09-07-2024 21:40]"}
{"level":"info","message":"ruta: /cc/ccncrdef/list/detalle - ::1 - [09-07-2024 21:40]"}
{"level":"info","message":"ruta: /cc/ccncrdef/valida/sucursal - ::1 - [09-07-2024 21:40]"}
{"level":"info","message":"ruta: /cc/ccncrdef/valida/cliente - ::1 - [09-07-2024 21:40]"}
{"level":"info","message":"ruta: /cc/ccncrdef/valida/cliente - ::1 - [09-07-2024 21:40]"}
{"level":"info","message":"ruta: /cc/ccncrdef/valida/nroCompr - ::1 - [09-07-2024 21:40]"}
{"level":"info","message":"ruta: /cc/ccncrdef/buscar/nroCompr - ::1 - [09-07-2024 21:40]"}
{"level":"info","message":"ruta: /cc/ccncrdef/valida/nroCompr - ::1 - [09-07-2024 21:40]"}
{"level":"info","message":"ruta: /cc/ccncrdef/valida/nroCompr - ::1 - [09-07-2024 21:41]"}
{"level":"info","message":"ruta: /cc/ccncrdef/valida/nroCompr - ::1 - [09-07-2024 21:43]"}
{"level":"info","message":"ruta: /cc/ccncrdef/valida/nroCompr - ::1 - [09-07-2024 21:44]"}
{"level":"info","message":"ruta: /cc/ccncrdef/valida/nroCompr - ::1 - [09-07-2024 21:45]"}
{"level":"info","message":"ruta: /cc/ccncrdef/buscar/preform - ::1 - [09-07-2024 21:45]"}
{"level":"info","message":"ruta: /cc/ccncrdef/list/detalle - ::1 - [09-07-2024 21:45]"}
{"level":"info","message":"ruta: /cc/ccncrdef/valida/sucursal - ::1 - [09-07-2024 21:45]"}
{"level":"info","message":"ruta: /cc/ccncrdef/valida/cliente - ::1 - [09-07-2024 21:45]"}
{"level":"info","message":"ruta: /cc/ccncrdef/valida/nroCompr - ::1 - [09-07-2024 21:45]"}
{"level":"info","message":"ruta: /cc/ccncrdef/buscar/nroCompr - ::1 - [09-07-2024 21:45]"}
{"level":"info","message":"ruta: /cc/ccncrdef/valida/nroCompr - ::1 - [09-07-2024 21:45]"}
{"level":"info","message":"ruta: /cc/ccncrdef/buscar/preform - ::1 - [09-07-2024 21:45]"}
{"level":"info","message":"ruta: /cc/ccncrdef/list/detalle - ::1 - [09-07-2024 21:45]"}
{"level":"info","message":"ruta: /cc/ccncrdef/valida/sucursal - ::1 - [09-07-2024 21:47]"}
{"level":"info","message":"ruta: /cc/ccncrdef/valida/cliente - ::1 - [09-07-2024 21:47]"}
{"level":"info","message":"ruta: /cc/ccncrdef/valida/cliente - ::1 - [09-07-2024 21:47]"}
{"level":"info","message":"ruta: /cc/ccncrdef/list/cabecera - ::1 - [09-07-2024 21:47]"}
{"level":"info","message":"ruta: /cc/ccncrdef/list/postquery - ::1 - [09-07-2024 21:47]"}
{"level":"info","message":"ruta: /cc/ccncrdef/list/detalle - ::1 - [09-07-2024 21:47]"}
{"level":"info","message":"ruta: /cc/ccncrdef/buscar/preform - ::1 - [09-07-2024 21:47]"}
{"level":"info","message":"ruta: /cc/ccncrdef/list/detalle - ::1 - [09-07-2024 21:47]"}
{"level":"info","message":"ruta: /cc/ccncrdef/buscar/preform - ::1 - [09-07-2024 21:47]"}
{"level":"info","message":"ruta: /cc/ccncrdef/list/cabecera - ::1 - [09-07-2024 21:47]"}
{"level":"info","message":"ruta: /cc/ccncrdef/list/postquery - ::1 - [09-07-2024 21:47]"}
{"level":"info","message":"ruta: /cc/ccncrdef/list/detalle - ::1 - [09-07-2024 21:47]"}
