{"level":"info","message":"ruta: /cm/cmfactur/preform - ::1 - [22-03-2024 19:15]"}
{"level":"info","message":"ruta: /cm/cmfactur/list/detalle - ::1 - [22-03-2024 19:15]"}
{"level":"info","message":"ruta: /cm/cmfactur/preform - ::1 - [22-03-2024 19:15]"}
{"level":"info","message":"ruta: /cm/cmfactur/list/cabecera - ::1 - [22-03-2024 19:15]"}
{"level":"info","message":"ruta: /cm/cmfactur/list/detalle - ::1 - [22-03-2024 19:15]"}
{"level":"info","message":"ruta: /cm/cmfactur/list/detalle - ::1 - [22-03-2024 19:15]"}
{"level":"info","message":"ruta: /cm/cmfactur/list/detalle - ::1 - [22-03-2024 19:15]"}
{"level":"info","message":"ruta: /cm/cmfactur/list/detalle - ::1 - [22-03-2024 19:15]"}
{"level":"info","message":"ruta: /cm/cmfactur/list/detalle - ::1 - [22-03-2024 19:15]"}
{"level":"info","message":"ruta: /cm/cmfactur/list/detalle - ::1 - [22-03-2024 19:15]"}
{"level":"info","message":"ruta: /cm/cmfactur/preform - ::1 - [22-03-2024 19:15]"}
{"level":"info","message":"ruta: /cm/cmfactur/list/cabecera - ::1 - [22-03-2024 19:15]"}
{"level":"info","message":"ruta: /cm/cmfactur/list/detalle - ::1 - [22-03-2024 19:15]"}
{"level":"info","message":"ruta: /cm/cmfactur/preform - ::1 - [22-03-2024 19:15]"}
{"level":"info","message":"ruta: /cm/cmfactur/list/cabecera - ::1 - [22-03-2024 19:15]"}
{"level":"info","message":"ruta: /cm/cmfactur/list/detalle - ::1 - [22-03-2024 19:15]"}
{"level":"info","message":"ruta: /cm/cmfactur/preform - ::1 - [22-03-2024 19:15]"}
{"level":"info","message":"ruta: /cm/cmfactur/list/cabecera - ::1 - [22-03-2024 19:15]"}
{"level":"info","message":"ruta: /cm/cmfactur/list/detalle - ::1 - [22-03-2024 19:15]"}
{"level":"info","message":"ruta: /cm/cmfactur/preform - ::1 - [22-03-2024 19:15]"}
{"level":"info","message":"ruta: /cm/cmfactur/list/cabecera - ::1 - [22-03-2024 19:15]"}
{"level":"info","message":"ruta: /cm/cmfactur/list/detalle - ::1 - [22-03-2024 19:15]"}
{"level":"info","message":"ruta: /cm/cmfactur/list/detalle - ::1 - [22-03-2024 19:15]"}
{"level":"info","message":"ruta: /cm/cmfactur/list/detalle - ::1 - [22-03-2024 19:15]"}
{"level":"info","message":"ruta: /cm/cmfactur/list/detalle - ::1 - [22-03-2024 19:16]"}
{"level":"info","message":"ruta: /cm/cmfactur/list/detalle - ::1 - [22-03-2024 19:16]"}
{"level":"info","message":"ruta: /cm/cmfactur/valida/unidadMedida - ::1 - [22-03-2024 19:16]"}
{"level":"info","message":"ruta: /cm/cmfactur/valida/articulo - ::1 - [22-03-2024 19:16]"}
{"level":"info","message":"ruta: /cm/cmfactur/valida/unidadMedida - ::1 - [22-03-2024 19:16]"}
{"level":"info","message":"ruta: /cm/cmfactur/det/1/A/FAC/7 - ::1 - [22-03-2024 19:16]"}
{"level":"info","message":"ruta: /cm/cmfactur - ::1 - [22-03-2024 19:16]"}
{"level":"info","message":"ruta: /cm/cmfactur/list/detalle - ::1 - [22-03-2024 19:16]"}
{"level":"info","message":"ruta: /cm/cmfactur - ::1 - [22-03-2024 19:16]"}
{"level":"info","message":"ruta: /cm/cmfactur/list/detalle - ::1 - [22-03-2024 19:16]"}
{"level":"info","message":"ruta: /cm/cmprovec/list/proveedor - ::1 - [22-03-2024 19:21]"}
{"level":"info","message":"ruta: /cm/cmprovec/buscar/modificaDiaAnt - ::1 - [22-03-2024 19:21]"}
{"level":"info","message":"ruta: /cm/cmfactur/preform - ::1 - [22-03-2024 19:21]"}
{"level":"info","message":"ruta: /cm/cmfactur/list/detalle - ::1 - [22-03-2024 19:21]"}
{"level":"info","message":"ruta: /st/starticu/list/relaciones - ::1 - [22-03-2024 19:21]"}
{"level":"info","message":"ruta: /st/stenvio/buscar/tipCambio - ::1 - [22-03-2024 19:21]"}
{"level":"info","message":"ruta: /st/stenvio/list/detalle - ::1 - [22-03-2024 19:21]"}
{"level":"info","message":"ruta: /st/stentsal/list/detalle - ::1 - [22-03-2024 19:21]"}
