{"level":"info","message":"ruta: /st/stenvio/buscar/tipCambio - ::1 - [10-07-2024 19:13]"}
{"level":"info","message":"ruta: /st/stenvio/list/detalle - ::1 - [10-07-2024 19:13]"}
{"level":"info","message":"ruta: /vt/vtpresar/listar/detalle - ::1 - [10-07-2024 19:13]"}
{"level":"info","message":"ruta: /vt/vtpresar/listar/detalle - ::1 - [10-07-2024 19:17]"}
{"level":"info","message":"ruta: /vt/vtpresar/listar/detalle - ::1 - [10-07-2024 19:17]"}
{"level":"info","message":"ruta: /vt/vtpresar/listar/detalle - ::1 - [10-07-2024 19:18]"}
{"level":"info","message":"ruta: /vt/vtpedido/pre_form - ::1 - [10-07-2024 19:18]"}
{"level":"info","message":"ruta: /vt/vtpedido/list/post_query - ::1 - [10-07-2024 19:18]"}
{"level":"info","message":"ruta: /vt/vtpedido/list/detalle - ::1 - [10-07-2024 19:18]"}
{"level":"info","message":"ruta: /vt/vtpedido/pre_form - ::1 - [10-07-2024 19:18]"}
{"level":"info","message":"ruta: /vt/vtpedido/list/post_query - ::1 - [10-07-2024 19:18]"}
{"level":"info","message":"ruta: /vt/vtpedido/list/cabecera - ::1 - [10-07-2024 19:18]"}
{"level":"info","message":"ruta: /vt/vtpedido/list/detalle - ::1 - [10-07-2024 19:18]"}
{"level":"info","message":"ruta: /vt/vtpedido/list/post_query - ::1 - [10-07-2024 19:18]"}
{"level":"info","message":"ruta: /vt/vtpedido/list/detalle - ::1 - [10-07-2024 19:18]"}
{"level":"info","message":"ruta: /vt/vtpedido/pre_form - ::1 - [10-07-2024 19:18]"}
{"level":"info","message":"ruta: /vt/vtpedido/list/post_query - ::1 - [10-07-2024 19:18]"}
{"level":"info","message":"ruta: /vt/vtpedido/list/cabecera - ::1 - [10-07-2024 19:18]"}
{"level":"info","message":"ruta: /vt/vtpedido/list/detalle - ::1 - [10-07-2024 19:18]"}
{"level":"info","message":"ruta: /vt/vtpedido/list/post_query - ::1 - [10-07-2024 19:18]"}
{"level":"info","message":"ruta: /vt/vtpedido/list/detalle - ::1 - [10-07-2024 19:18]"}
{"level":"info","message":"ruta: /vt/vtpedido/list/post_query - ::1 - [10-07-2024 19:18]"}
{"level":"info","message":"ruta: /vt/vtpedido/list/detalle - ::1 - [10-07-2024 19:18]"}
{"level":"info","message":"ruta: /vt/vtpedido/list/post_query - ::1 - [10-07-2024 19:18]"}
{"level":"info","message":"ruta: /vt/vtpedido/list/detalle - ::1 - [10-07-2024 19:18]"}
{"level":"info","message":"ruta: /vt/vtpedido/list/post_query - ::1 - [10-07-2024 19:18]"}
{"level":"info","message":"ruta: /vt/vtpedido/list/detalle - ::1 - [10-07-2024 19:18]"}
{"level":"info","message":"ruta: /vt/vtpedido/list/post_query - ::1 - [10-07-2024 19:18]"}
{"level":"info","message":"ruta: /vt/vtpedido/list/detalle - ::1 - [10-07-2024 19:18]"}
{"level":"info","message":"ruta: /vt/vtpedido/list/post_query - ::1 - [10-07-2024 19:18]"}
{"level":"info","message":"ruta: /vt/vtpedido/list/detalle - ::1 - [10-07-2024 19:18]"}
{"level":"info","message":"ruta: /vt/vtpedido/list/post_query - ::1 - [10-07-2024 19:18]"}
{"level":"info","message":"ruta: /vt/vtpedido/list/detalle - ::1 - [10-07-2024 19:18]"}
{"level":"info","message":"ruta: /vt/vtpedido/list/post_query - ::1 - [10-07-2024 19:18]"}
{"level":"info","message":"ruta: /vt/vtpedido/list/detalle - ::1 - [10-07-2024 19:18]"}
{"level":"info","message":"ruta: /vt/vtpedido/list/post_query - ::1 - [10-07-2024 19:18]"}
{"level":"info","message":"ruta: /vt/vtpedido/list/detalle - ::1 - [10-07-2024 19:18]"}
{"level":"info","message":"ruta: /vt/vtpedido/list/post_query - ::1 - [10-07-2024 19:18]"}
{"level":"info","message":"ruta: /vt/vtpedido/list/detalle - ::1 - [10-07-2024 19:18]"}
{"level":"info","message":"ruta: /vt/vtpedido/pre_form - ::1 - [10-07-2024 19:18]"}
{"level":"info","message":"ruta: /vt/vtpedido/list/post_query - ::1 - [10-07-2024 19:18]"}
{"level":"info","message":"ruta: /vt/vtpedido/list/cabecera - ::1 - [10-07-2024 19:18]"}
{"level":"info","message":"ruta: /vt/vtpedido/list/detalle - ::1 - [10-07-2024 19:18]"}
{"level":"info","message":"ruta: /vt/vtpedido/list/post_query - ::1 - [10-07-2024 19:18]"}
{"level":"info","message":"ruta: /vt/vtpedido/list/detalle - ::1 - [10-07-2024 19:18]"}
{"level":"info","message":"ruta: /vt/vtpedido/valida/articulo - ::1 - [10-07-2024 19:21]"}
{"level":"info","message":"ruta: /vt/vtpedido/buscar/articulo - ::1 - [10-07-2024 19:21]"}
{"level":"info","message":"ruta: /vt/vtpedido/valida/articulo - ::1 - [10-07-2024 19:21]"}
{"level":"info","message":"ruta: /vt/vtpedido/valida/articulo - ::1 - [10-07-2024 19:21]"}
{"level":"info","message":"ruta: /vt/vtpedido/valida/articulo - ::1 - [10-07-2024 19:21]"}
{"level":"info","message":"ruta: /vt/vtpedido/valida/articulo - ::1 - [10-07-2024 19:21]"}
{"level":"info","message":"ruta: /vt/vtpedido/list/post_query - ::1 - [10-07-2024 19:22]"}
{"level":"info","message":"ruta: /vt/vtpedido/list/detalle - ::1 - [10-07-2024 19:22]"}
{"level":"info","message":"ruta: /vt/vtpresar/listar/cabecera - ::1 - [10-07-2024 19:22]"}
{"level":"info","message":"ruta: /vt/vtpresar/listar/detalle - ::1 - [10-07-2024 19:22]"}
{"level":"info","message":"ruta: /vt/vtpresar/listar/detalle - ::1 - [10-07-2024 19:23]"}
{"level":"info","message":"ruta: /vt/vtpresar/valida/articulo - ::1 - [10-07-2024 19:23]"}
{"level":"info","message":"ruta: /vt/vtpresar/valida/articulo - ::1 - [10-07-2024 19:27]"}
{"level":"info","message":"ruta: /vt/vtpresar/listar/detalle - ::1 - [10-07-2024 19:52]"}
{"level":"info","message":"ruta: /vt/vtpresar/listar/detalle - ::1 - [10-07-2024 19:52]"}
{"level":"info","message":"ruta: /vt/vtpresar/listar/cabecera - ::1 - [10-07-2024 19:52]"}
{"level":"info","message":"ruta: /vt/vtpresar/listar/detalle - ::1 - [10-07-2024 19:52]"}
{"level":"info","message":"ruta: /vt/vtpresar/valida/articulo - ::1 - [10-07-2024 19:52]"}
{"level":"info","message":"ruta: /vt/vtpresar/valida/unidadm - ::1 - [10-07-2024 19:52]"}
{"level":"info","message":"ruta: /vt/vtpresar/valida/unidadm - ::1 - [10-07-2024 19:54]"}
{"level":"info","message":"ruta: /vt/vtpresar/listar/detalle - ::1 - [10-07-2024 19:58]"}
{"level":"info","message":"ruta: /vt/vtpresar/listar/cabecera - ::1 - [10-07-2024 19:58]"}
{"level":"info","message":"ruta: /vt/vtpresar/listar/detalle - ::1 - [10-07-2024 19:58]"}
{"level":"info","message":"ruta: /vt/vtpresar/valida/unidadm - ::1 - [10-07-2024 19:58]"}
{"level":"info","message":"ruta: /vt/vtpresar/valida/unidadm - ::1 - [10-07-2024 19:58]"}
{"level":"info","message":"ruta: /vt/vtpresar/listar/detalle - ::1 - [10-07-2024 20:00]"}
{"level":"info","message":"ruta: /vt/vtpresar/listar/detalle - ::1 - [10-07-2024 20:00]"}
{"level":"info","message":"ruta: /vt/vtpresar/listar/cabecera - ::1 - [10-07-2024 20:00]"}
{"level":"info","message":"ruta: /vt/vtpresar/listar/detalle - ::1 - [10-07-2024 20:00]"}
{"level":"info","message":"ruta: /vt/vtpresar/valida/unidadm - ::1 - [10-07-2024 20:00]"}
{"level":"info","message":"ruta: /vt/vtpresar/valida/unidadm - ::1 - [10-07-2024 20:00]"}
{"level":"info","message":"ruta: /vt/vtpresar/valida/unidadm - ::1 - [10-07-2024 20:04]"}
{"level":"info","message":"ruta: /vt/vtpresar/listar/detalle - ::1 - [10-07-2024 20:09]"}
{"level":"info","message":"ruta: /vt/vtpedido/pre_form - ::1 - [10-07-2024 20:09]"}
{"level":"info","message":"ruta: /vt/vtpedido/list/post_query - ::1 - [10-07-2024 20:09]"}
{"level":"info","message":"ruta: /vt/vtpedido/list/detalle - ::1 - [10-07-2024 20:09]"}
{"level":"info","message":"ruta: /vt/vtpedido/pre_form - ::1 - [10-07-2024 20:09]"}
{"level":"info","message":"ruta: /vt/vtpedido/list/post_query - ::1 - [10-07-2024 20:09]"}
{"level":"info","message":"ruta: /vt/vtpedido/list/detalle - ::1 - [10-07-2024 20:09]"}
{"level":"info","message":"ruta: /vt/vtpresar/listar/detalle - ::1 - [10-07-2024 20:09]"}
{"level":"info","message":"ruta: /vt/vtpresar/listar/detalle - ::1 - [10-07-2024 20:09]"}
{"level":"info","message":"ruta: /vt/vtpresar/listar/detalle - ::1 - [10-07-2024 20:10]"}
{"level":"info","message":"ruta: /vt/vtpresar/listar/detalle - ::1 - [10-07-2024 20:10]"}
{"level":"info","message":"ruta: /vt/vtpresar/listar/cabecera - ::1 - [10-07-2024 20:10]"}
{"level":"info","message":"ruta: /vt/vtpresar/listar/detalle - ::1 - [10-07-2024 20:10]"}
{"level":"info","message":"ruta: /vt/vtpresar/valida/unidadm - ::1 - [10-07-2024 20:10]"}
{"level":"info","message":"ruta: /vt/vtpresar - ::1 - [10-07-2024 20:10]"}
{"level":"info","message":"ruta: /vt/vtpresar/listar/detalle - ::1 - [10-07-2024 20:10]"}
{"level":"info","message":"ruta: /vt/vtpresar/valida/articulo - ::1 - [10-07-2024 20:13]"}
{"level":"info","message":"ruta: /vt/vtpresar/buscar/articulo - ::1 - [10-07-2024 20:13]"}
{"level":"info","message":"ruta: /vt/vtpresar/valida/articulo - ::1 - [10-07-2024 20:13]"}
{"level":"info","message":"ruta: /vt/vtpresar/det/1/A/PRE/8 - ::1 - [10-07-2024 20:13]"}
{"level":"info","message":"ruta: /vt/vtpresar - ::1 - [10-07-2024 20:13]"}
{"level":"info","message":"ruta: /vt/vtpresar/listar/detalle - ::1 - [10-07-2024 20:13]"}
{"level":"info","message":"ruta: /vt/vtpresar/valida/unidadm - ::1 - [10-07-2024 20:13]"}
{"level":"info","message":"ruta: /vt/vtpresar - ::1 - [10-07-2024 20:13]"}
{"level":"info","message":"ruta: /vt/vtpresar/listar/detalle - ::1 - [10-07-2024 20:13]"}
{"level":"info","message":"ruta: /vt/vtpresar/listar/detalle - ::1 - [10-07-2024 20:20]"}
{"level":"info","message":"ruta: /vt/vtpresar/listar/detalle - ::1 - [10-07-2024 20:21]"}
{"level":"info","message":"ruta: /vt/vtpresar/listar/detalle - ::1 - [10-07-2024 20:21]"}
{"level":"info","message":"ruta: /vt/vtpresar/listar/detalle - ::1 - [10-07-2024 20:21]"}
{"level":"info","message":"ruta: /vt/vtpresar/listar/detalle - ::1 - [10-07-2024 20:22]"}
{"level":"info","message":"ruta: /vt/vtpresar/listar/detalle - ::1 - [10-07-2024 20:25]"}
{"level":"info","message":"ruta: /vt/vtpresar/listar/detalle - ::1 - [10-07-2024 20:29]"}
{"level":"info","message":"ruta: /vt/vtpresar/listar/detalle - ::1 - [10-07-2024 20:29]"}
{"level":"info","message":"ruta: /vt/vtpresar/listar/cabecera - ::1 - [10-07-2024 20:29]"}
{"level":"info","message":"ruta: /vt/vtpresar/listar/detalle - ::1 - [10-07-2024 20:29]"}
{"level":"info","message":"ruta: /vt/vtpresar - ::1 - [10-07-2024 20:29]"}
{"level":"info","message":"ruta: /vt/vtpresar/listar/detalle - ::1 - [10-07-2024 20:29]"}
{"level":"info","message":"ruta: /cc/ccncrdef/valida/calculoAct - ::1 - [10-07-2024 20:29]"}
{"level":"info","message":"ruta: /vt/vtpresar - ::1 - [10-07-2024 20:29]"}
{"level":"info","message":"ruta: /vt/vtpresar/listar/detalle - ::1 - [10-07-2024 20:29]"}
{"level":"info","message":"ruta: /cc/ccncrdef/valida/calculoAct - ::1 - [10-07-2024 20:30]"}
{"level":"info","message":"ruta: /vt/vtpresar/listar/detalle - ::1 - [10-07-2024 20:30]"}
{"level":"info","message":"ruta: /vt/vtpresar/listar/detalle - ::1 - [10-07-2024 20:30]"}
{"level":"info","message":"ruta: /vt/vtpresar/listar/cabecera - ::1 - [10-07-2024 20:30]"}
{"level":"info","message":"ruta: /vt/vtpresar/listar/detalle - ::1 - [10-07-2024 20:30]"}
{"level":"info","message":"ruta: /vt/vtpresar/valida/calculoAct - ::1 - [10-07-2024 20:30]"}
{"level":"info","message":"ruta: /vt/vtpresar/valida/calculoAct - ::1 - [10-07-2024 20:38]"}
{"level":"info","message":"ruta: /vt/vtpresar/listar/detalle - ::1 - [10-07-2024 20:39]"}
{"level":"info","message":"ruta: /vt/vtpresar/listar/cabecera - ::1 - [10-07-2024 20:39]"}
{"level":"info","message":"ruta: /vt/vtpresar/listar/detalle - ::1 - [10-07-2024 20:39]"}
{"level":"info","message":"ruta: /vt/vtpresar/valida/articulo - ::1 - [10-07-2024 20:39]"}
{"level":"info","message":"ruta: /vt/vtpresar/valida/calculoAct - ::1 - [10-07-2024 20:39]"}
{"level":"info","message":"ruta: /vt/vtpresar - ::1 - [10-07-2024 20:39]"}
{"level":"info","message":"ruta: /vt/vtpresar/listar/detalle - ::1 - [10-07-2024 20:39]"}
{"level":"info","message":"ruta: /vt/vtpresar/valida/calculoAct - ::1 - [10-07-2024 20:40]"}
{"level":"info","message":"ruta: /vt/vtpresar/listar/detalle - ::1 - [10-07-2024 20:44]"}
{"level":"info","message":"ruta: /vt/vtpresar/listar/detalle - ::1 - [10-07-2024 20:44]"}
{"level":"info","message":"ruta: /vt/vtpresar/listar/cabecera - ::1 - [10-07-2024 20:44]"}
{"level":"info","message":"ruta: /vt/vtpresar/listar/detalle - ::1 - [10-07-2024 20:44]"}
{"level":"info","message":"ruta: /vt/vtpresar/valida/calculoAct - ::1 - [10-07-2024 20:44]"}
{"level":"info","message":"ruta: /vt/vtpresar/listar/detalle - ::1 - [10-07-2024 20:45]"}
{"level":"info","message":"ruta: /vt/vtpresar/listar/detalle - ::1 - [10-07-2024 20:45]"}
{"level":"info","message":"ruta: /vt/vtpresar/listar/detalle - ::1 - [10-07-2024 20:46]"}
{"level":"info","message":"ruta: /vt/vtpresar/listar/detalle - ::1 - [10-07-2024 20:46]"}
{"level":"info","message":"ruta: /vt/vtpresar/listar/detalle - ::1 - [10-07-2024 20:46]"}
{"level":"info","message":"ruta: /vt/vtpresar/listar/cabecera - ::1 - [10-07-2024 20:46]"}
{"level":"info","message":"ruta: /vt/vtpresar/listar/detalle - ::1 - [10-07-2024 20:46]"}
{"level":"info","message":"ruta: /vt/vtpresar/valida/calculoAct - ::1 - [10-07-2024 20:46]"}
{"level":"info","message":"ruta: /vt/vtpresar - ::1 - [10-07-2024 20:46]"}
{"level":"info","message":"ruta: /vt/vtpresar/listar/detalle - ::1 - [10-07-2024 20:46]"}
{"level":"info","message":"ruta: /vt/vtpresar/valida/calculoAct - ::1 - [10-07-2024 20:47]"}
{"level":"info","message":"ruta: /vt/vtpresar - ::1 - [10-07-2024 20:47]"}
{"level":"info","message":"ruta: /vt/vtpresar/listar/detalle - ::1 - [10-07-2024 20:47]"}
{"level":"info","message":"ruta: /vt/vtpresar/valida/articulo - ::1 - [10-07-2024 20:48]"}
{"level":"info","message":"ruta: /vt/vtpresar/valida/articulo - ::1 - [10-07-2024 20:48]"}
{"level":"info","message":"ruta: /vt/vtpresar/valida/unidadm - ::1 - [10-07-2024 20:48]"}
{"level":"info","message":"ruta: /vt/vtpresar/valida/calculoAct - ::1 - [10-07-2024 20:49]"}
{"level":"info","message":"ruta: /vt/vtpresar/valida/calculoAct - ::1 - [10-07-2024 20:49]"}
{"level":"info","message":"ruta: /vt/vtpresar/valida/unidadm - ::1 - [10-07-2024 20:49]"}
{"level":"info","message":"ruta: /vt/vtpresar/valida/unidadm - ::1 - [10-07-2024 20:49]"}
{"level":"info","message":"ruta: /vt/vtpresar - ::1 - [10-07-2024 20:49]"}
{"level":"info","message":"ruta: /vt/vtpresar/listar/detalle - ::1 - [10-07-2024 20:49]"}
{"level":"info","message":"ruta: /vt/vtpresar/valida/calculoAct - ::1 - [10-07-2024 20:50]"}
{"level":"info","message":"ruta: /vt/vtpresar/valida/calculoAct - ::1 - [10-07-2024 20:50]"}
{"level":"info","message":"ruta: /vt/vtpresar - ::1 - [10-07-2024 20:50]"}
{"level":"info","message":"ruta: /vt/vtpresar/listar/detalle - ::1 - [10-07-2024 20:50]"}
{"level":"info","message":"ruta: /vt/vtpresar/listar/detalle - ::1 - [10-07-2024 20:50]"}
{"level":"info","message":"ruta: /vt/vtpresar/listar/detalle - ::1 - [10-07-2024 20:50]"}
{"level":"info","message":"ruta: /vt/vtpresar/listar/cabecera - ::1 - [10-07-2024 20:50]"}
{"level":"info","message":"ruta: /vt/vtpresar/listar/detalle - ::1 - [10-07-2024 20:50]"}
{"level":"info","message":"ruta: /vt/vtpresar - ::1 - [10-07-2024 20:50]"}
{"level":"info","message":"ruta: /vt/vtpresar/listar/detalle - ::1 - [10-07-2024 20:50]"}
{"level":"info","message":"ruta: /vt/vtpresar/listar/cabecera - ::1 - [10-07-2024 20:51]"}
{"level":"info","message":"ruta: /vt/vtpresar/listar/detalle - ::1 - [10-07-2024 20:51]"}
{"level":"info","message":"ruta: /vt/vtpresar - ::1 - [10-07-2024 20:51]"}
{"level":"info","message":"ruta: /vt/vtpresar/listar/detalle - ::1 - [10-07-2024 20:51]"}
{"level":"info","message":"ruta: /vt/vtpresar - ::1 - [10-07-2024 20:51]"}
{"level":"info","message":"ruta: /vt/vtpresar/listar/detalle - ::1 - [10-07-2024 20:51]"}
{"level":"info","message":"ruta: /vt/vtpresar/buscar/vendedor - ::1 - [10-07-2024 20:51]"}
{"level":"info","message":"ruta: /vt/vtpresar/valida/vendedor - ::1 - [10-07-2024 20:51]"}
{"level":"info","message":"ruta: /vt/vtpresar/buscar/cod_vent - ::1 - [10-07-2024 20:51]"}
{"level":"info","message":"ruta: /vt/vtpresar/valida/cod_vent - ::1 - [10-07-2024 20:51]"}
{"level":"info","message":"ruta: /vt/vtpresar/buscar/cod_clien - ::1 - [10-07-2024 20:51]"}
{"level":"info","message":"ruta: /vt/vtpresar/valida/cod_clien - ::1 - [10-07-2024 20:51]"}
{"level":"info","message":"ruta: /vt/vtpresar/valida/cod_subclien - ::1 - [10-07-2024 20:51]"}
{"level":"info","message":"ruta: /vt/vtpresar/buscar/cod_subclien - ::1 - [10-07-2024 20:51]"}
{"level":"info","message":"ruta: /vt/vtpresar/valida/cod_subclien - ::1 - [10-07-2024 20:51]"}
{"level":"info","message":"ruta: /vt/vtpresar/valida/listPrecio - ::1 - [10-07-2024 20:51]"}
{"level":"info","message":"ruta: /vt/vtpresar/valida/articulo - ::1 - [10-07-2024 20:51]"}
{"level":"info","message":"ruta: /vt/vtpresar/valida/articulo - ::1 - [10-07-2024 20:51]"}
{"level":"info","message":"ruta: /vt/vtpresar/valida/calculoAct - ::1 - [10-07-2024 20:51]"}
{"level":"info","message":"ruta: /vt/vtpresar/cab/1/A/PRE - ::1 - [10-07-2024 20:51]"}
{"level":"info","message":"ruta: /vt/vtpresar - ::1 - [10-07-2024 20:51]"}
{"level":"info","message":"ruta: /vt/vtpresar/listar/detalle - ::1 - [10-07-2024 20:51]"}
{"level":"info","message":"ruta: /vt/vtpresar/listar/cabecera - ::1 - [10-07-2024 20:51]"}
{"level":"info","message":"ruta: /vt/vtpresar/listar/detalle - ::1 - [10-07-2024 20:51]"}
{"level":"info","message":"ruta: /vt/vtpresar - ::1 - [10-07-2024 20:52]"}
{"level":"info","message":"ruta: /vt/vtpresar/listar/detalle - ::1 - [10-07-2024 20:52]"}
{"level":"info","message":"ruta: /vt/vtpresar/listar/detalle - ::1 - [10-07-2024 20:52]"}
{"level":"info","message":"ruta: /vt/vtpresar/valida/vendedor - ::1 - [10-07-2024 20:52]"}
{"level":"info","message":"ruta: /vt/vtpresar/buscar/vendedor - ::1 - [10-07-2024 20:52]"}
{"level":"info","message":"ruta: /vt/vtpresar/valida/vendedor - ::1 - [10-07-2024 20:52]"}
{"level":"info","message":"ruta: /vt/vtpresar/valida/cod_vent - ::1 - [10-07-2024 20:52]"}
{"level":"info","message":"ruta: /vt/vtpresar/valida/cod_clien - ::1 - [10-07-2024 20:52]"}
{"level":"info","message":"ruta: /vt/vtpresar/buscar/cod_clien - ::1 - [10-07-2024 20:52]"}
{"level":"info","message":"ruta: /vt/vtpresar/valida/cod_clien - ::1 - [10-07-2024 20:52]"}
{"level":"info","message":"ruta: /vt/vtpresar/valida/cod_subclien - ::1 - [10-07-2024 20:52]"}
{"level":"info","message":"ruta: /vt/vtpresar/valida/listPrecio - ::1 - [10-07-2024 20:52]"}
{"level":"info","message":"ruta: /vt/vtpresar/valida/listPrecio - ::1 - [10-07-2024 20:52]"}
{"level":"info","message":"ruta: /vt/vtpresar/valida/articulo - ::1 - [10-07-2024 20:52]"}
{"level":"info","message":"ruta: /vt/vtpresar/valida/articulo - ::1 - [10-07-2024 20:52]"}
{"level":"info","message":"ruta: /vt/vtpresar/valida/calculoAct - ::1 - [10-07-2024 20:52]"}
{"level":"info","message":"ruta: /vt/vtpresar/cab/1/A/PRE - ::1 - [10-07-2024 20:52]"}
{"level":"info","message":"ruta: /vt/vtpresar/det/1/A/PRE/8 - ::1 - [10-07-2024 20:52]"}
{"level":"info","message":"ruta: /vt/vtpresar - ::1 - [10-07-2024 20:52]"}
{"level":"info","message":"ruta: /vt/vtpresar/cab/1/A/PRE - ::1 - [10-07-2024 20:54]"}
{"level":"info","message":"ruta: /vt/vtpresar/det/1/A/PRE/8 - ::1 - [10-07-2024 20:54]"}
{"level":"info","message":"ruta: /vt/vtpresar - ::1 - [10-07-2024 20:54]"}
{"level":"info","message":"ruta: /vt/vtpresar/listar/detalle - ::1 - [10-07-2024 20:54]"}
{"level":"info","message":"ruta: /vt/vtpresar/valida/unidadm - ::1 - [10-07-2024 20:55]"}
{"level":"info","message":"ruta: /vt/vtpresar/valida/unidadm - ::1 - [10-07-2024 20:55]"}
{"level":"info","message":"ruta: /vt/vtpresar/valida/calculoAct - ::1 - [10-07-2024 20:55]"}
{"level":"info","message":"ruta: /vt/vtpresar - ::1 - [10-07-2024 20:55]"}
{"level":"info","message":"ruta: /vt/vtpresar/listar/detalle - ::1 - [10-07-2024 20:55]"}
{"level":"info","message":"ruta: /vt/vtpresar/valida/articulo - ::1 - [10-07-2024 20:55]"}
{"level":"info","message":"ruta: /vt/vtpresar/valida/articulo - ::1 - [10-07-2024 20:55]"}
{"level":"info","message":"ruta: /vt/vtpresar/buscar/articulo - ::1 - [10-07-2024 20:55]"}
{"level":"info","message":"ruta: /vt/vtpresar/valida/articulo - ::1 - [10-07-2024 20:55]"}
{"level":"info","message":"ruta: /vt/vtpresar/valida/calculoAct - ::1 - [10-07-2024 20:55]"}
{"level":"info","message":"ruta: /vt/vtpresar/det/1/A/PRE/8 - ::1 - [10-07-2024 20:55]"}
{"level":"info","message":"ruta: /vt/vtpresar - ::1 - [10-07-2024 20:55]"}
{"level":"info","message":"ruta: /vt/vtpresar/listar/detalle - ::1 - [10-07-2024 20:55]"}
