{"level":"info","message":"ruta: /cm/cmcoffac/list/cabecera - ::1 - [15-07-2024 19:23]"}
{"level":"info","message":"ruta: /cm/cmfactur/preform - ::1 - [15-07-2024 19:23]"}
{"level":"info","message":"ruta: /cm/cmfactur/list/detalle - ::1 - [15-07-2024 19:23]"}
{"level":"info","message":"ruta: /cc/ccncrdef/buscar/preform - ::1 - [15-07-2024 19:23]"}
{"level":"info","message":"ruta: /cc/ccncrdef/list/detalle - ::1 - [15-07-2024 19:23]"}
{"level":"info","message":"ruta: /cc/ccncrdef/valida/sucursal - ::1 - [15-07-2024 19:23]"}
{"level":"info","message":"ruta: /cc/ccncrdef/valida/cliente - ::1 - [15-07-2024 19:23]"}
{"level":"info","message":"ruta: /cc/ccncrdef/valida/nroCompr - ::1 - [15-07-2024 19:23]"}
{"level":"info","message":"ruta: /cc/ccncrdef/valida/nroCompr - ::1 - [15-07-2024 19:23]"}
{"level":"info","message":"ruta: /cc/ccncrdef/buscar/nroCompr - ::1 - [15-07-2024 19:23]"}
{"level":"info","message":"ruta: /cc/ccncrdef/valida/nroCompr - ::1 - [15-07-2024 19:23]"}
{"level":"info","message":"ruta: /cc/ccncrdef/valida/condVenta - ::1 - [15-07-2024 19:23]"}
{"level":"info","message":"ruta: /cc/ccncrdef/valida/condVenta - ::1 - [15-07-2024 19:23]"}
{"level":"info","message":"ruta: /cc/ccncrdef/valida/motivoNcr - ::1 - [15-07-2024 19:23]"}
{"level":"info","message":"ruta: /cc/ccncrdef/valida/listPrecio - ::1 - [15-07-2024 19:23]"}
{"level":"info","message":"ruta: /cc/ccncrdef/valida/vendedor - ::1 - [15-07-2024 19:24]"}
{"level":"info","message":"ruta: /cc/ccncrdef/valida/moneda - ::1 - [15-07-2024 19:24]"}
{"level":"info","message":"ruta: /cc/ccncrdef/valida/articulo - ::1 - [15-07-2024 19:24]"}
{"level":"info","message":"ruta: /cc/ccncrdef/valida/articulo - ::1 - [15-07-2024 19:24]"}
{"level":"info","message":"ruta: /cc/ccncrdef/valida/um - ::1 - [15-07-2024 19:24]"}
{"level":"info","message":"ruta: /cc/ccncrdef/buscar/preform - ::1 - [15-07-2024 19:24]"}
{"level":"info","message":"ruta: /cc/ccncrdef/list/detalle - ::1 - [15-07-2024 19:24]"}
{"level":"info","message":"ruta: /cc/ccncrdef/valida/sucursal - ::1 - [15-07-2024 19:24]"}
{"level":"info","message":"ruta: /cc/ccncrdef/valida/cliente - ::1 - [15-07-2024 19:24]"}
{"level":"info","message":"ruta: /cc/ccncrdef/valida/cliente - ::1 - [15-07-2024 19:24]"}
{"level":"info","message":"ruta: /cc/ccncrdef/buscar/nroCompr - ::1 - [15-07-2024 19:24]"}
{"level":"info","message":"ruta: /cc/ccncrdef/valida/nroCompr - ::1 - [15-07-2024 19:24]"}
{"level":"info","message":"ruta: /cc/ccncrdef/valida/condVenta - ::1 - [15-07-2024 19:24]"}
{"level":"info","message":"ruta: /cc/ccncrdef/valida/condVenta - ::1 - [15-07-2024 19:24]"}
{"level":"info","message":"ruta: /cc/ccncrdef/valida/motivoNcr - ::1 - [15-07-2024 19:24]"}
{"level":"info","message":"ruta: /cc/ccncrdef/valida/listPrecio - ::1 - [15-07-2024 19:24]"}
{"level":"info","message":"ruta: /cc/ccncrdef/valida/listPrecio - ::1 - [15-07-2024 19:24]"}
{"level":"info","message":"ruta: /cc/ccncrdef/valida/vendedor - ::1 - [15-07-2024 19:24]"}
{"level":"info","message":"ruta: /cc/ccncrdef/valida/moneda - ::1 - [15-07-2024 19:25]"}
{"level":"info","message":"ruta: /cc/ccncrdef/valida/articulo - ::1 - [15-07-2024 19:25]"}
{"level":"info","message":"ruta: /cc/ccncrdef/valida/um - ::1 - [15-07-2024 19:25]"}
{"level":"info","message":"ruta: /cc/ccncrdef/valida/um - ::1 - [15-07-2024 19:25]"}
{"level":"info","message":"ruta: /cc/ccncrdef/valida/cantidad - ::1 - [15-07-2024 19:25]"}
{"level":"info","message":"ruta: /cc/ccncrdef/valida/cantidad - ::1 - [15-07-2024 19:26]"}
{"level":"info","message":"ruta: /cc/ccncrdef/valida/cantidad - ::1 - [15-07-2024 19:26]"}
{"level":"info","message":"ruta: /cc/ccncrdef/buscar/preform - ::1 - [15-07-2024 19:33]"}
{"level":"info","message":"ruta: /cc/ccncrdef/list/detalle - ::1 - [15-07-2024 19:33]"}
{"level":"info","message":"ruta: /cc/ccncrdef/valida/sucursal - ::1 - [15-07-2024 19:33]"}
{"level":"info","message":"ruta: /cc/ccncrdef/valida/cliente - ::1 - [15-07-2024 19:33]"}
{"level":"info","message":"ruta: /cc/ccncrdef/buscar/nroCompr - ::1 - [15-07-2024 19:33]"}
{"level":"info","message":"ruta: /cc/ccncrdef/valida/nroCompr - ::1 - [15-07-2024 19:33]"}
{"level":"info","message":"ruta: /cc/ccncrdef/valida/condVenta - ::1 - [15-07-2024 19:33]"}
{"level":"info","message":"ruta: /cc/ccncrdef/valida/condVenta - ::1 - [15-07-2024 19:33]"}
{"level":"info","message":"ruta: /cc/ccncrdef/valida/motivoNcr - ::1 - [15-07-2024 19:33]"}
{"level":"info","message":"ruta: /cc/ccncrdef/valida/listPrecio - ::1 - [15-07-2024 19:33]"}
{"level":"info","message":"ruta: /cc/ccncrdef/valida/vendedor - ::1 - [15-07-2024 19:33]"}
{"level":"info","message":"ruta: /cc/ccncrdef/valida/moneda - ::1 - [15-07-2024 19:33]"}
{"level":"info","message":"ruta: /cc/ccncrdef/valida/articulo - ::1 - [15-07-2024 19:33]"}
{"level":"info","message":"ruta: /cc/ccncrdef/valida/articulo - ::1 - [15-07-2024 19:33]"}
{"level":"info","message":"ruta: /cc/ccncrdef/valida/um - ::1 - [15-07-2024 19:33]"}
{"level":"info","message":"ruta: /cc/ccncrdef/valida/cantidad - ::1 - [15-07-2024 19:34]"}
{"level":"info","message":"ruta: /cc/ccncrdef/buscar/preform - ::1 - [15-07-2024 19:34]"}
{"level":"info","message":"ruta: /cc/ccncrdef/list/detalle - ::1 - [15-07-2024 19:34]"}
{"level":"info","message":"ruta: /cc/ccncrdef/buscar/preform - ::1 - [15-07-2024 19:35]"}
{"level":"info","message":"ruta: /cc/ccncrdef/list/detalle - ::1 - [15-07-2024 19:35]"}
{"level":"info","message":"ruta: /cc/ccncrdef/buscar/preform - ::1 - [15-07-2024 19:35]"}
{"level":"info","message":"ruta: /cc/ccncrdef/list/detalle - ::1 - [15-07-2024 19:35]"}
{"level":"info","message":"ruta: /cc/ccncrdef/buscar/preform - ::1 - [15-07-2024 19:35]"}
{"level":"info","message":"ruta: /cc/ccncrdef/list/detalle - ::1 - [15-07-2024 19:35]"}
{"level":"info","message":"ruta: /cc/ccncrdef/valida/sucursal - ::1 - [15-07-2024 19:35]"}
{"level":"info","message":"ruta: /cc/ccncrdef/valida/cliente - ::1 - [15-07-2024 19:35]"}
{"level":"info","message":"ruta: /cc/ccncrdef/buscar/nroCompr - ::1 - [15-07-2024 19:35]"}
{"level":"info","message":"ruta: /cc/ccncrdef/valida/nroCompr - ::1 - [15-07-2024 19:35]"}
{"level":"info","message":"ruta: /cc/ccncrdef/valida/condVenta - ::1 - [15-07-2024 19:35]"}
{"level":"info","message":"ruta: /cc/ccncrdef/valida/motivoNcr - ::1 - [15-07-2024 19:35]"}
{"level":"info","message":"ruta: /cc/ccncrdef/valida/listPrecio - ::1 - [15-07-2024 19:35]"}
{"level":"info","message":"ruta: /cc/ccncrdef/valida/vendedor - ::1 - [15-07-2024 19:35]"}
{"level":"info","message":"ruta: /cc/ccncrdef/valida/moneda - ::1 - [15-07-2024 19:35]"}
{"level":"info","message":"ruta: /cc/ccncrdef/valida/articulo - ::1 - [15-07-2024 19:36]"}
{"level":"info","message":"ruta: /cc/ccncrdef/valida/um - ::1 - [15-07-2024 19:36]"}
{"level":"info","message":"ruta: /cc/ccncrdef/valida/um - ::1 - [15-07-2024 19:36]"}
{"level":"info","message":"ruta: /cc/ccncrdef/valida/um - ::1 - [15-07-2024 19:36]"}
{"level":"info","message":"ruta: /cc/ccncrdef/valida/cantidad - ::1 - [15-07-2024 19:36]"}
{"level":"info","message":"ruta: /cc/ccncrdef/valida/cantidad - ::1 - [15-07-2024 19:36]"}
{"level":"info","message":"ruta: /cc/ccncrdef/buscar/preform - ::1 - [15-07-2024 19:37]"}
{"level":"info","message":"ruta: /cc/ccncrdef/list/detalle - ::1 - [15-07-2024 19:37]"}
{"level":"info","message":"ruta: /cc/ccncrdef/buscar/preform - ::1 - [15-07-2024 19:37]"}
{"level":"info","message":"ruta: /cc/ccncrdef/list/detalle - ::1 - [15-07-2024 19:37]"}
{"level":"info","message":"ruta: /cc/ccncrdef/buscar/preform - ::1 - [15-07-2024 19:37]"}
{"level":"info","message":"ruta: /cc/ccncrdef/list/detalle - ::1 - [15-07-2024 19:37]"}
{"level":"info","message":"ruta: /cc/ccncrdef/valida/sucursal - ::1 - [15-07-2024 19:37]"}
{"level":"info","message":"ruta: /cc/ccncrdef/valida/cliente - ::1 - [15-07-2024 19:37]"}
{"level":"info","message":"ruta: /cc/ccncrdef/valida/nroCompr - ::1 - [15-07-2024 19:37]"}
{"level":"info","message":"ruta: /cc/ccncrdef/buscar/nroCompr - ::1 - [15-07-2024 19:37]"}
{"level":"info","message":"ruta: /cc/ccncrdef/valida/nroCompr - ::1 - [15-07-2024 19:37]"}
{"level":"info","message":"ruta: /cc/ccncrdef/valida/condVenta - ::1 - [15-07-2024 19:37]"}
{"level":"info","message":"ruta: /cc/ccncrdef/valida/motivoNcr - ::1 - [15-07-2024 19:37]"}
{"level":"info","message":"ruta: /cc/ccncrdef/valida/listPrecio - ::1 - [15-07-2024 19:37]"}
{"level":"info","message":"ruta: /cc/ccncrdef/valida/vendedor - ::1 - [15-07-2024 19:37]"}
{"level":"info","message":"ruta: /cc/ccncrdef/valida/moneda - ::1 - [15-07-2024 19:37]"}
{"level":"info","message":"ruta: /cc/ccncrdef/valida/articulo - ::1 - [15-07-2024 19:37]"}
{"level":"info","message":"ruta: /cc/ccncrdef/valida/cantidad - ::1 - [15-07-2024 19:37]"}
{"level":"info","message":"ruta: /cc/ccncrdef/valida/cantidad - ::1 - [15-07-2024 19:38]"}
{"level":"info","message":"ruta: /cc/ccncrdef/buscar/preform - ::1 - [15-07-2024 19:39]"}
{"level":"info","message":"ruta: /cc/ccncrdef/list/detalle - ::1 - [15-07-2024 19:39]"}
{"level":"info","message":"ruta: /cc/ccncrdef/valida/sucursal - ::1 - [15-07-2024 19:39]"}
{"level":"info","message":"ruta: /cc/ccncrdef/valida/cliente - ::1 - [15-07-2024 19:39]"}
{"level":"info","message":"ruta: /cc/ccncrdef/valida/nroCompr - ::1 - [15-07-2024 19:39]"}
{"level":"info","message":"ruta: /cc/ccncrdef/buscar/nroCompr - ::1 - [15-07-2024 19:39]"}
{"level":"info","message":"ruta: /cc/ccncrdef/valida/nroCompr - ::1 - [15-07-2024 19:39]"}
{"level":"info","message":"ruta: /cc/ccncrdef/valida/condVenta - ::1 - [15-07-2024 19:39]"}
{"level":"info","message":"ruta: /cc/ccncrdef/valida/motivoNcr - ::1 - [15-07-2024 19:39]"}
{"level":"info","message":"ruta: /cc/ccncrdef/valida/listPrecio - ::1 - [15-07-2024 19:39]"}
{"level":"info","message":"ruta: /cc/ccncrdef/valida/vendedor - ::1 - [15-07-2024 19:39]"}
{"level":"info","message":"ruta: /cc/ccncrdef/valida/moneda - ::1 - [15-07-2024 19:39]"}
{"level":"info","message":"ruta: /cc/ccncrdef/valida/articulo - ::1 - [15-07-2024 19:39]"}
{"level":"info","message":"ruta: /cc/ccncrdef/valida/cantidad - ::1 - [15-07-2024 19:40]"}
{"level":"info","message":"ruta: /cc/ccncrdef/buscar/preform - ::1 - [15-07-2024 19:41]"}
{"level":"info","message":"ruta: /cc/ccncrdef/list/detalle - ::1 - [15-07-2024 19:41]"}
{"level":"info","message":"ruta: /cc/ccncrdef/buscar/preform - ::1 - [15-07-2024 19:41]"}
{"level":"info","message":"ruta: /cc/ccncrdef/list/detalle - ::1 - [15-07-2024 19:41]"}
{"level":"info","message":"ruta: /cc/ccncrdef/valida/sucursal - ::1 - [15-07-2024 19:41]"}
{"level":"info","message":"ruta: /cc/ccncrdef/valida/cliente - ::1 - [15-07-2024 19:41]"}
{"level":"info","message":"ruta: /cc/ccncrdef/valida/cliente - ::1 - [15-07-2024 19:41]"}
{"level":"info","message":"ruta: /cc/ccncrdef/buscar/nroCompr - ::1 - [15-07-2024 19:41]"}
{"level":"info","message":"ruta: /cc/ccncrdef/valida/nroCompr - ::1 - [15-07-2024 19:41]"}
{"level":"info","message":"ruta: /cc/ccncrdef/valida/condVenta - ::1 - [15-07-2024 19:41]"}
{"level":"info","message":"ruta: /cc/ccncrdef/valida/condVenta - ::1 - [15-07-2024 19:41]"}
{"level":"info","message":"ruta: /cc/ccncrdef/valida/motivoNcr - ::1 - [15-07-2024 19:41]"}
{"level":"info","message":"ruta: /cc/ccncrdef/valida/listPrecio - ::1 - [15-07-2024 19:41]"}
{"level":"info","message":"ruta: /cc/ccncrdef/valida/listPrecio - ::1 - [15-07-2024 19:41]"}
{"level":"info","message":"ruta: /cc/ccncrdef/valida/vendedor - ::1 - [15-07-2024 19:41]"}
{"level":"info","message":"ruta: /cc/ccncrdef/valida/moneda - ::1 - [15-07-2024 19:41]"}
{"level":"info","message":"ruta: /cc/ccncrdef/valida/articulo - ::1 - [15-07-2024 19:41]"}
{"level":"info","message":"ruta: /cc/ccncrdef/valida/cantidad - ::1 - [15-07-2024 19:41]"}
{"level":"info","message":"ruta: /cc/ccncrdef/buscar/preform - ::1 - [15-07-2024 19:41]"}
{"level":"info","message":"ruta: /cc/ccncrdef/list/detalle - ::1 - [15-07-2024 19:41]"}
{"level":"info","message":"ruta: /cc/ccncrdef/buscar/preform - ::1 - [15-07-2024 19:41]"}
{"level":"info","message":"ruta: /cc/ccncrdef/list/detalle - ::1 - [15-07-2024 19:41]"}
{"level":"info","message":"ruta: /cc/ccncrdef/buscar/preform - ::1 - [15-07-2024 19:43]"}
{"level":"info","message":"ruta: /cc/ccncrdef/list/detalle - ::1 - [15-07-2024 19:43]"}
{"level":"info","message":"ruta: /cc/ccncrdef/buscar/preform - ::1 - [15-07-2024 19:43]"}
{"level":"info","message":"ruta: /cc/ccncrdef/list/detalle - ::1 - [15-07-2024 19:43]"}
{"level":"info","message":"ruta: /cc/ccncrdef/buscar/preform - ::1 - [15-07-2024 19:43]"}
{"level":"info","message":"ruta: /cc/ccncrdef/list/detalle - ::1 - [15-07-2024 19:43]"}
{"level":"info","message":"ruta: /cc/ccncrdef/buscar/preform - ::1 - [15-07-2024 19:44]"}
{"level":"info","message":"ruta: /cc/ccncrdef/list/detalle - ::1 - [15-07-2024 19:44]"}
{"level":"info","message":"ruta: /cc/ccncrdef/valida/sucursal - ::1 - [15-07-2024 19:44]"}
{"level":"info","message":"ruta: /cc/ccncrdef/valida/cliente - ::1 - [15-07-2024 19:44]"}
{"level":"info","message":"ruta: /cc/ccncrdef/list/cabecera - ::1 - [15-07-2024 19:44]"}
{"level":"info","message":"ruta: /cc/ccncrdef/list/postquery - ::1 - [15-07-2024 19:44]"}
{"level":"info","message":"ruta: /cc/ccncrdef/list/detalle - ::1 - [15-07-2024 19:44]"}
{"level":"info","message":"ruta: /cc/ccncrdef/buscar/preform - ::1 - [15-07-2024 19:44]"}
{"level":"info","message":"ruta: /cc/ccncrdef/list/detalle - ::1 - [15-07-2024 19:44]"}
{"level":"info","message":"ruta: /cc/ccncrdef/valida/sucursal - ::1 - [15-07-2024 19:44]"}
{"level":"info","message":"ruta: /cc/ccncrdef/valida/cliente - ::1 - [15-07-2024 19:44]"}
{"level":"info","message":"ruta: /cc/ccncrdef/valida/cliente - ::1 - [15-07-2024 19:44]"}
{"level":"info","message":"ruta: /cc/ccncrdef/valida/cliente - ::1 - [15-07-2024 19:44]"}
{"level":"info","message":"ruta: /cc/ccncrdef/valida/nroCompr - ::1 - [15-07-2024 19:44]"}
{"level":"info","message":"ruta: /cc/ccncrdef/buscar/nroCompr - ::1 - [15-07-2024 19:44]"}
{"level":"info","message":"ruta: /cc/ccncrdef/valida/nroCompr - ::1 - [15-07-2024 19:44]"}
{"level":"info","message":"ruta: /cc/ccncrdef/valida/condVenta - ::1 - [15-07-2024 19:44]"}
{"level":"info","message":"ruta: /cc/ccncrdef/valida/condVenta - ::1 - [15-07-2024 19:44]"}
{"level":"info","message":"ruta: /cc/ccncrdef/valida/motivoNcr - ::1 - [15-07-2024 19:44]"}
{"level":"info","message":"ruta: /cc/ccncrdef/valida/listPrecio - ::1 - [15-07-2024 19:44]"}
{"level":"info","message":"ruta: /cc/ccncrdef/valida/vendedor - ::1 - [15-07-2024 19:44]"}
{"level":"info","message":"ruta: /cc/ccncrdef/valida/moneda - ::1 - [15-07-2024 19:44]"}
{"level":"info","message":"ruta: /cc/ccncrdef/valida/articulo - ::1 - [15-07-2024 19:44]"}
{"level":"info","message":"ruta: /cc/ccncrdef/valida/articulo - ::1 - [15-07-2024 19:44]"}
{"level":"info","message":"ruta: /cc/ccncrdef/valida/um - ::1 - [15-07-2024 19:44]"}
{"level":"info","message":"ruta: /cc/ccncrdef/valida/cantidad - ::1 - [15-07-2024 19:44]"}
{"level":"info","message":"ruta: /cc/ccncrdef/buscar/preform - ::1 - [15-07-2024 19:47]"}
{"level":"info","message":"ruta: /cc/ccncrdef/list/detalle - ::1 - [15-07-2024 19:47]"}
{"level":"info","message":"ruta: /cc/ccncrdef/valida/sucursal - ::1 - [15-07-2024 19:47]"}
{"level":"info","message":"ruta: /cc/ccncrdef/valida/cliente - ::1 - [15-07-2024 19:47]"}
{"level":"info","message":"ruta: /cc/ccncrdef/valida/nroCompr - ::1 - [15-07-2024 19:47]"}
{"level":"info","message":"ruta: /cc/ccncrdef/buscar/nroCompr - ::1 - [15-07-2024 19:47]"}
{"level":"info","message":"ruta: /cc/ccncrdef/valida/nroCompr - ::1 - [15-07-2024 19:47]"}
{"level":"info","message":"ruta: /cc/ccncrdef/valida/condVenta - ::1 - [15-07-2024 19:48]"}
{"level":"info","message":"ruta: /cc/ccncrdef/valida/motivoNcr - ::1 - [15-07-2024 19:48]"}
{"level":"info","message":"ruta: /cc/ccncrdef/valida/listPrecio - ::1 - [15-07-2024 19:48]"}
{"level":"info","message":"ruta: /cc/ccncrdef/valida/vendedor - ::1 - [15-07-2024 19:48]"}
{"level":"info","message":"ruta: /cc/ccncrdef/valida/moneda - ::1 - [15-07-2024 19:48]"}
{"level":"info","message":"ruta: /cc/ccncrdef/valida/articulo - ::1 - [15-07-2024 19:48]"}
{"level":"info","message":"ruta: /cc/ccncrdef/valida/um - ::1 - [15-07-2024 19:48]"}
{"level":"info","message":"ruta: /cc/ccncrdef/buscar/preform - ::1 - [15-07-2024 19:49]"}
{"level":"info","message":"ruta: /cc/ccncrdef/list/detalle - ::1 - [15-07-2024 19:49]"}
{"level":"info","message":"ruta: /cc/ccncrdef/valida/sucursal - ::1 - [15-07-2024 19:49]"}
{"level":"info","message":"ruta: /cc/ccncrdef/valida/cliente - ::1 - [15-07-2024 19:49]"}
{"level":"info","message":"ruta: /cc/ccncrdef/valida/nroCompr - ::1 - [15-07-2024 19:49]"}
{"level":"info","message":"ruta: /cc/ccncrdef/buscar/nroCompr - ::1 - [15-07-2024 19:49]"}
{"level":"info","message":"ruta: /cc/ccncrdef/valida/nroCompr - ::1 - [15-07-2024 19:49]"}
{"level":"info","message":"ruta: /cc/ccncrdef/valida/condVenta - ::1 - [15-07-2024 19:49]"}
{"level":"info","message":"ruta: /cc/ccncrdef/valida/motivoNcr - ::1 - [15-07-2024 19:49]"}
{"level":"info","message":"ruta: /cc/ccncrdef/valida/listPrecio - ::1 - [15-07-2024 19:49]"}
{"level":"info","message":"ruta: /cc/ccncrdef/valida/vendedor - ::1 - [15-07-2024 19:49]"}
{"level":"info","message":"ruta: /cc/ccncrdef/valida/moneda - ::1 - [15-07-2024 19:49]"}
{"level":"info","message":"ruta: /cc/ccncrdef/valida/articulo - ::1 - [15-07-2024 19:49]"}
{"level":"info","message":"ruta: /cc/ccncrdef/valida/um - ::1 - [15-07-2024 19:49]"}
{"level":"info","message":"ruta: /cc/ccncrdef/buscar/preform - ::1 - [15-07-2024 19:50]"}
{"level":"info","message":"ruta: /cc/ccncrdef/list/detalle - ::1 - [15-07-2024 19:50]"}
{"level":"info","message":"ruta: /cc/ccncrdef/buscar/preform - ::1 - [15-07-2024 19:50]"}
{"level":"info","message":"ruta: /cc/ccncrdef/list/detalle - ::1 - [15-07-2024 19:50]"}
{"level":"info","message":"ruta: /cc/ccncrdef/valida/sucursal - ::1 - [15-07-2024 19:50]"}
{"level":"info","message":"ruta: /cc/ccncrdef/valida/cliente - ::1 - [15-07-2024 19:50]"}
{"level":"info","message":"ruta: /cc/ccncrdef/buscar/nroCompr - ::1 - [15-07-2024 19:50]"}
{"level":"info","message":"ruta: /cc/ccncrdef/valida/nroCompr - ::1 - [15-07-2024 19:50]"}
{"level":"info","message":"ruta: /cc/ccncrdef/valida/condVenta - ::1 - [15-07-2024 19:50]"}
{"level":"info","message":"ruta: /cc/ccncrdef/valida/motivoNcr - ::1 - [15-07-2024 19:50]"}
{"level":"info","message":"ruta: /cc/ccncrdef/valida/listPrecio - ::1 - [15-07-2024 19:50]"}
{"level":"info","message":"ruta: /cc/ccncrdef/valida/vendedor - ::1 - [15-07-2024 19:50]"}
{"level":"info","message":"ruta: /cc/ccncrdef/valida/moneda - ::1 - [15-07-2024 19:50]"}
{"level":"info","message":"ruta: /cc/ccncrdef/valida/articulo - ::1 - [15-07-2024 19:50]"}
{"level":"info","message":"ruta: /cc/ccncrdef/valida/um - ::1 - [15-07-2024 19:50]"}
{"level":"info","message":"ruta: /cc/ccncrdef/buscar/preform - ::1 - [15-07-2024 19:51]"}
{"level":"info","message":"ruta: /cc/ccncrdef/list/detalle - ::1 - [15-07-2024 19:51]"}
{"level":"info","message":"ruta: /cc/ccncrdef/valida/sucursal - ::1 - [15-07-2024 19:52]"}
{"level":"info","message":"ruta: /cc/ccncrdef/valida/cliente - ::1 - [15-07-2024 19:52]"}
{"level":"info","message":"ruta: /cc/ccncrdef/valida/cliente - ::1 - [15-07-2024 19:52]"}
{"level":"info","message":"ruta: /cc/ccncrdef/valida/nroCompr - ::1 - [15-07-2024 19:52]"}
{"level":"info","message":"ruta: /cc/ccncrdef/buscar/nroCompr - ::1 - [15-07-2024 19:52]"}
{"level":"info","message":"ruta: /cc/ccncrdef/valida/nroCompr - ::1 - [15-07-2024 19:52]"}
{"level":"info","message":"ruta: /cc/ccncrdef/valida/condVenta - ::1 - [15-07-2024 19:52]"}
{"level":"info","message":"ruta: /cc/ccncrdef/valida/motivoNcr - ::1 - [15-07-2024 19:52]"}
{"level":"info","message":"ruta: /cc/ccncrdef/valida/listPrecio - ::1 - [15-07-2024 19:52]"}
{"level":"info","message":"ruta: /cc/ccncrdef/valida/vendedor - ::1 - [15-07-2024 19:52]"}
{"level":"info","message":"ruta: /cc/ccncrdef/valida/moneda - ::1 - [15-07-2024 19:52]"}
{"level":"info","message":"ruta: /cc/ccncrdef/valida/articulo - ::1 - [15-07-2024 19:52]"}
{"level":"info","message":"ruta: /pb/infoSucursal - ::1 - [15-07-2024 19:52]"}
{"level":"info","message":"ruta: /cc/ccncrdef/valida/um - ::1 - [15-07-2024 19:53]"}
{"level":"info","message":"ruta: /cc/ccncrdef/valida/moneda - ::1 - [15-07-2024 19:53]"}
{"level":"info","message":"ruta: /cc/ccncrdef/valida/moneda - ::1 - [15-07-2024 19:54]"}
{"level":"info","message":"ruta: /cc/ccncrdef/valida/moneda - ::1 - [15-07-2024 19:54]"}
{"level":"info","message":"ruta: /cc/ccncrdef/valida/moneda - ::1 - [15-07-2024 19:55]"}
{"level":"info","message":"ruta: /cc/ccncrdef/valida/moneda - ::1 - [15-07-2024 19:55]"}
{"level":"info","message":"ruta: /cc/ccncrdef/buscar/preform - ::1 - [15-07-2024 19:56]"}
{"level":"info","message":"ruta: /cc/ccncrdef/list/detalle - ::1 - [15-07-2024 19:56]"}
{"level":"info","message":"ruta: /cc/ccncrdef/buscar/preform - ::1 - [15-07-2024 19:56]"}
{"level":"info","message":"ruta: /cc/ccncrdef/list/detalle - ::1 - [15-07-2024 19:56]"}
{"level":"info","message":"ruta: /cc/ccncrdef/valida/sucursal - ::1 - [15-07-2024 19:56]"}
{"level":"info","message":"ruta: /cc/ccncrdef/valida/cliente - ::1 - [15-07-2024 19:56]"}
{"level":"info","message":"ruta: /cc/ccncrdef/buscar/nroCompr - ::1 - [15-07-2024 19:56]"}
{"level":"info","message":"ruta: /cc/ccncrdef/valida/nroCompr - ::1 - [15-07-2024 19:56]"}
{"level":"info","message":"ruta: /cc/ccncrdef/valida/condVenta - ::1 - [15-07-2024 19:56]"}
{"level":"info","message":"ruta: /cc/ccncrdef/valida/motivoNcr - ::1 - [15-07-2024 19:56]"}
{"level":"info","message":"ruta: /cc/ccncrdef/valida/listPrecio - ::1 - [15-07-2024 19:56]"}
{"level":"info","message":"ruta: /cc/ccncrdef/valida/vendedor - ::1 - [15-07-2024 19:56]"}
{"level":"info","message":"ruta: /cc/ccncrdef/valida/moneda - ::1 - [15-07-2024 19:56]"}
{"level":"info","message":"ruta: /cc/ccncrdef/valida/articulo - ::1 - [15-07-2024 19:56]"}
{"level":"info","message":"ruta: /cc/ccncrdef/valida/um - ::1 - [15-07-2024 19:56]"}
{"level":"info","message":"ruta: /cc/ccncrdef/valida/cantidad - ::1 - [15-07-2024 19:57]"}
{"level":"info","message":"ruta: /cc/ccncrdef/buscar/preform - ::1 - [15-07-2024 20:28]"}
{"level":"info","message":"ruta: /cc/ccncrdef/list/detalle - ::1 - [15-07-2024 20:28]"}
{"level":"info","message":"ruta: /cc/ccncrdef/valida/sucursal - ::1 - [15-07-2024 20:28]"}
{"level":"info","message":"ruta: /cc/ccncrdef/valida/cliente - ::1 - [15-07-2024 20:28]"}
{"level":"info","message":"ruta: /cc/ccncrdef/valida/nroCompr - ::1 - [15-07-2024 20:28]"}
{"level":"info","message":"ruta: /cc/ccncrdef/buscar/nroCompr - ::1 - [15-07-2024 20:28]"}
{"level":"info","message":"ruta: /cc/ccncrdef/valida/nroCompr - ::1 - [15-07-2024 20:28]"}
{"level":"info","message":"ruta: /cc/ccncrdef/valida/condVenta - ::1 - [15-07-2024 20:29]"}
{"level":"info","message":"ruta: /cc/ccncrdef/valida/motivoNcr - ::1 - [15-07-2024 20:29]"}
{"level":"info","message":"ruta: /cc/ccncrdef/valida/listPrecio - ::1 - [15-07-2024 20:29]"}
{"level":"info","message":"ruta: /cc/ccncrdef/valida/vendedor - ::1 - [15-07-2024 20:29]"}
{"level":"info","message":"ruta: /cc/ccncrdef/valida/moneda - ::1 - [15-07-2024 20:29]"}
{"level":"info","message":"ruta: /cc/ccncrdef/valida/articulo - ::1 - [15-07-2024 20:29]"}
{"level":"info","message":"ruta: /cc/ccncrdef/valida/cantidad - ::1 - [15-07-2024 20:29]"}
{"level":"info","message":"ruta: /cc/ccncrdef/calculoAct - ::1 - [15-07-2024 20:29]"}
{"level":"info","message":"ruta: /cc/ccncrdef/buscar/preform - ::1 - [15-07-2024 20:29]"}
{"level":"info","message":"ruta: /cc/ccncrdef/list/detalle - ::1 - [15-07-2024 20:29]"}
{"level":"info","message":"ruta: /cc/ccncrdef/buscar/preform - ::1 - [15-07-2024 20:30]"}
{"level":"info","message":"ruta: /cc/ccncrdef/list/detalle - ::1 - [15-07-2024 20:30]"}
{"level":"info","message":"ruta: /cc/ccncrdef/valida/sucursal - ::1 - [15-07-2024 20:30]"}
{"level":"info","message":"ruta: /cc/ccncrdef/valida/cliente - ::1 - [15-07-2024 20:30]"}
{"level":"info","message":"ruta: /cc/ccncrdef/buscar/nroCompr - ::1 - [15-07-2024 20:30]"}
{"level":"info","message":"ruta: /cc/ccncrdef/valida/nroCompr - ::1 - [15-07-2024 20:30]"}
{"level":"info","message":"ruta: /cc/ccncrdef/valida/condVenta - ::1 - [15-07-2024 20:30]"}
{"level":"info","message":"ruta: /cc/ccncrdef/valida/motivoNcr - ::1 - [15-07-2024 20:30]"}
{"level":"info","message":"ruta: /cc/ccncrdef/valida/listPrecio - ::1 - [15-07-2024 20:31]"}
{"level":"info","message":"ruta: /cc/ccncrdef/valida/vendedor - ::1 - [15-07-2024 20:31]"}
{"level":"info","message":"ruta: /cc/ccncrdef/valida/moneda - ::1 - [15-07-2024 20:31]"}
{"level":"info","message":"ruta: /cc/ccncrdef/valida/articulo - ::1 - [15-07-2024 20:31]"}
{"level":"info","message":"ruta: /cc/ccncrdef/valida/cantidad - ::1 - [15-07-2024 20:31]"}
{"level":"info","message":"ruta: /cc/ccncrdef/valida/calculoAct - ::1 - [15-07-2024 20:31]"}
{"level":"info","message":"ruta: /cc/ccncrdef/valida/cantidad - ::1 - [15-07-2024 20:36]"}
{"level":"info","message":"ruta: /cc/ccncrdef/valida/calculoAct - ::1 - [15-07-2024 20:36]"}
{"level":"info","message":"ruta: /cc/ccncrdef/valida/cantidad - ::1 - [15-07-2024 20:36]"}
{"level":"info","message":"ruta: /cc/ccncrdef/valida/calculoAct - ::1 - [15-07-2024 20:36]"}
{"level":"info","message":"ruta: /cc/ccncrdef/buscar/preform - ::1 - [15-07-2024 20:41]"}
{"level":"info","message":"ruta: /cc/ccncrdef/list/detalle - ::1 - [15-07-2024 20:41]"}
{"level":"info","message":"ruta: /cc/ccncrdef/buscar/preform - ::1 - [15-07-2024 20:42]"}
{"level":"info","message":"ruta: /cc/ccncrdef/list/detalle - ::1 - [15-07-2024 20:42]"}
{"level":"info","message":"ruta: /cc/ccncrdef/valida/sucursal - ::1 - [15-07-2024 20:42]"}
{"level":"info","message":"ruta: /cc/ccncrdef/valida/cliente - ::1 - [15-07-2024 20:42]"}
{"level":"info","message":"ruta: /cc/ccncrdef/valida/cliente - ::1 - [15-07-2024 20:42]"}
{"level":"info","message":"ruta: /cc/ccncrdef/list/cabecera - ::1 - [15-07-2024 20:43]"}
{"level":"info","message":"ruta: /cc/ccncrdef/list/postquery - ::1 - [15-07-2024 20:43]"}
{"level":"info","message":"ruta: /cc/ccncrdef/list/detalle - ::1 - [15-07-2024 20:43]"}
{"level":"info","message":"ruta: /cc/ccncrdef/buscar/preform - ::1 - [15-07-2024 20:43]"}
{"level":"info","message":"ruta: /cc/ccncrdef/list/detalle - ::1 - [15-07-2024 20:43]"}
{"level":"info","message":"ruta: /cc/ccncrdef/valida/sucursal - ::1 - [15-07-2024 20:43]"}
{"level":"info","message":"ruta: /cc/ccncrdef/valida/cliente - ::1 - [15-07-2024 20:43]"}
{"level":"info","message":"ruta: /cc/ccncrdef/buscar/nroCompr - ::1 - [15-07-2024 20:43]"}
{"level":"info","message":"ruta: /cc/ccncrdef/valida/nroCompr - ::1 - [15-07-2024 20:43]"}
{"level":"info","message":"ruta: /cc/ccncrdef/valida/condVenta - ::1 - [15-07-2024 20:43]"}
{"level":"info","message":"ruta: /cc/ccncrdef/valida/condVenta - ::1 - [15-07-2024 20:43]"}
{"level":"info","message":"ruta: /cc/ccncrdef/valida/motivoNcr - ::1 - [15-07-2024 20:43]"}
{"level":"info","message":"ruta: /cc/ccncrdef/valida/listPrecio - ::1 - [15-07-2024 20:43]"}
{"level":"info","message":"ruta: /cc/ccncrdef/valida/vendedor - ::1 - [15-07-2024 20:43]"}
{"level":"info","message":"ruta: /cc/ccncrdef/valida/moneda - ::1 - [15-07-2024 20:43]"}
{"level":"info","message":"ruta: /cc/ccncrdef/valida/articulo - ::1 - [15-07-2024 20:43]"}
{"level":"info","message":"ruta: /cc/ccncrdef/valida/um - ::1 - [15-07-2024 20:43]"}
{"level":"info","message":"ruta: /cc/ccncrdef/buscar/articulo - ::1 - [15-07-2024 20:46]"}
{"level":"info","message":"ruta: /cc/ccncrdef/buscar/articulo - ::1 - [15-07-2024 20:46]"}
{"level":"info","message":"ruta: /cc/ccncrdef/buscar/articulo - ::1 - [15-07-2024 20:47]"}
{"level":"info","message":"ruta: /cc/ccncrdef/valida/articulo - ::1 - [15-07-2024 20:48]"}
{"level":"info","message":"ruta: /cc/ccncrdef/valida/articulo - ::1 - [15-07-2024 20:48]"}
{"level":"info","message":"ruta: /cc/ccncrdef/valida/articulo - ::1 - [15-07-2024 20:48]"}
{"level":"info","message":"ruta: /cc/ccncrdef/buscar/preform - ::1 - [15-07-2024 20:52]"}
{"level":"info","message":"ruta: /cc/ccncrdef/list/detalle - ::1 - [15-07-2024 20:52]"}
{"level":"info","message":"ruta: /cc/ccncrdef/buscar/preform - ::1 - [15-07-2024 20:52]"}
{"level":"info","message":"ruta: /cc/ccncrdef/list/detalle - ::1 - [15-07-2024 20:52]"}
{"level":"info","message":"ruta: /cc/ccncrdef/valida/sucursal - ::1 - [15-07-2024 20:53]"}
{"level":"info","message":"ruta: /cc/ccncrdef/valida/cliente - ::1 - [15-07-2024 20:53]"}
{"level":"info","message":"ruta: /cc/ccncrdef/list/cabecera - ::1 - [15-07-2024 20:53]"}
{"level":"info","message":"ruta: /cc/ccncrdef/list/postquery - ::1 - [15-07-2024 20:53]"}
{"level":"info","message":"ruta: /cc/ccncrdef/list/detalle - ::1 - [15-07-2024 20:53]"}
{"level":"info","message":"ruta: /cc/ccncrdef/buscar/preform - ::1 - [15-07-2024 20:53]"}
{"level":"info","message":"ruta: /cc/ccncrdef/list/detalle - ::1 - [15-07-2024 20:53]"}
{"level":"info","message":"ruta: /cc/ccncrdef/valida/sucursal - ::1 - [15-07-2024 20:53]"}
{"level":"info","message":"ruta: /cc/ccncrdef/valida/cliente - ::1 - [15-07-2024 20:53]"}
{"level":"info","message":"ruta: /cc/ccncrdef/buscar/nroCompr - ::1 - [15-07-2024 20:53]"}
{"level":"info","message":"ruta: /cc/ccncrdef/valida/nroCompr - ::1 - [15-07-2024 20:53]"}
{"level":"info","message":"ruta: /cc/ccncrdef/valida/condVenta - ::1 - [15-07-2024 20:53]"}
{"level":"info","message":"ruta: /cc/ccncrdef/valida/motivoNcr - ::1 - [15-07-2024 20:53]"}
{"level":"info","message":"ruta: /cc/ccncrdef/valida/listPrecio - ::1 - [15-07-2024 20:53]"}
{"level":"info","message":"ruta: /cc/ccncrdef/valida/vendedor - ::1 - [15-07-2024 20:53]"}
{"level":"info","message":"ruta: /cc/ccncrdef/valida/moneda - ::1 - [15-07-2024 20:53]"}
{"level":"info","message":"ruta: /cc/ccncrdef/valida/articulo - ::1 - [15-07-2024 20:53]"}
{"level":"info","message":"ruta: /cc/ccncrdef/valida/condVenta - ::1 - [15-07-2024 20:53]"}
{"level":"info","message":"ruta: /cc/ccncrdef/valida/motivoNcr - ::1 - [15-07-2024 20:53]"}
{"level":"info","message":"ruta: /cc/ccncrdef/valida/listPrecio - ::1 - [15-07-2024 20:53]"}
{"level":"info","message":"ruta: /cc/ccncrdef/buscar/preform - ::1 - [15-07-2024 20:57]"}
{"level":"info","message":"ruta: /cc/ccncrdef/list/detalle - ::1 - [15-07-2024 20:57]"}
{"level":"info","message":"ruta: /cc/ccncrdef/valida/sucursal - ::1 - [15-07-2024 20:57]"}
{"level":"info","message":"ruta: /cc/ccncrdef/valida/cliente - ::1 - [15-07-2024 20:57]"}
{"level":"info","message":"ruta: /cc/ccncrdef/list/cabecera - ::1 - [15-07-2024 20:57]"}
{"level":"info","message":"ruta: /cc/ccncrdef/list/postquery - ::1 - [15-07-2024 20:57]"}
{"level":"info","message":"ruta: /cc/ccncrdef/list/detalle - ::1 - [15-07-2024 20:57]"}
{"level":"info","message":"ruta: /cc/ccncrdef/buscar/preform - ::1 - [15-07-2024 20:57]"}
{"level":"info","message":"ruta: /cc/ccncrdef/list/detalle - ::1 - [15-07-2024 20:57]"}
{"level":"info","message":"ruta: /cc/ccncrdef/valida/sucursal - ::1 - [15-07-2024 20:57]"}
{"level":"info","message":"ruta: /cc/ccncrdef/valida/cliente - ::1 - [15-07-2024 20:57]"}
{"level":"info","message":"ruta: /cc/ccncrdef/buscar/nroCompr - ::1 - [15-07-2024 20:57]"}
{"level":"info","message":"ruta: /cc/ccncrdef/valida/nroCompr - ::1 - [15-07-2024 20:57]"}
{"level":"info","message":"ruta: /cc/ccncrdef/valida/condVenta - ::1 - [15-07-2024 20:57]"}
{"level":"info","message":"ruta: /cc/ccncrdef/valida/motivoNcr - ::1 - [15-07-2024 20:57]"}
{"level":"info","message":"ruta: /cc/ccncrdef/valida/listPrecio - ::1 - [15-07-2024 20:57]"}
{"level":"info","message":"ruta: /cc/ccncrdef/valida/vendedor - ::1 - [15-07-2024 20:57]"}
{"level":"info","message":"ruta: /cc/ccncrdef/valida/moneda - ::1 - [15-07-2024 20:57]"}
{"level":"info","message":"ruta: /cc/ccncrdef/valida/articulo - ::1 - [15-07-2024 20:57]"}
{"level":"info","message":"ruta: /cc/ccncrdef/valida/cantidad - ::1 - [15-07-2024 20:58]"}
{"level":"info","message":"ruta: /cc/ccncrdef/valida/calculoAct - ::1 - [15-07-2024 20:58]"}
{"level":"info","message":"ruta: /cc/ccncrdef/valida/cantidad - ::1 - [15-07-2024 20:58]"}
{"level":"info","message":"ruta: /cc/ccncrdef/valida/calculoAct - ::1 - [15-07-2024 20:58]"}
{"level":"info","message":"ruta: /cc/ccncrdef/valida/cantidad - ::1 - [15-07-2024 20:58]"}
{"level":"info","message":"ruta: /cc/ccncrdef/valida/calculoAct - ::1 - [15-07-2024 20:58]"}
{"level":"info","message":"ruta: /cc/ccncrdef/valida/cantidad - ::1 - [15-07-2024 20:58]"}
{"level":"info","message":"ruta: /cc/ccncrdef/valida/calculoAct - ::1 - [15-07-2024 20:58]"}
{"level":"info","message":"ruta: /cc/ccncrdef/valida/um - ::1 - [15-07-2024 20:58]"}
{"level":"info","message":"ruta: /cc/ccncrdef/valida/cantidad - ::1 - [15-07-2024 20:58]"}
{"level":"info","message":"ruta: /cc/ccncrdef/valida/calculoAct - ::1 - [15-07-2024 20:58]"}
{"level":"info","message":"ruta: /cc/ccncrdef/buscar/preform - ::1 - [15-07-2024 20:58]"}
{"level":"info","message":"ruta: /cc/ccncrdef/list/detalle - ::1 - [15-07-2024 20:58]"}
{"level":"info","message":"ruta: /cc/ccncrdef/buscar/preform - ::1 - [15-07-2024 20:58]"}
{"level":"info","message":"ruta: /cc/ccncrdef/list/detalle - ::1 - [15-07-2024 20:58]"}
{"level":"info","message":"ruta: /cc/ccncrdef/buscar/preform - ::1 - [15-07-2024 20:59]"}
{"level":"info","message":"ruta: /cc/ccncrdef/list/detalle - ::1 - [15-07-2024 20:59]"}
{"level":"info","message":"ruta: /cc/ccncrdef/buscar/preform - ::1 - [15-07-2024 20:59]"}
{"level":"info","message":"ruta: /cc/ccncrdef/list/detalle - ::1 - [15-07-2024 20:59]"}
