{"level":"info","message":"ruta: /cm/cmprovec/list/proveedor - ::1 - [04-11-2023 10:26]"}
{"level":"info","message":"ruta: /cm/cmprovec/buscar/modificaDiaAnt - ::1 - [04-11-2023 10:26]"}
{"level":"info","message":"ruta: /cm/cmprovec/list/proveedor - ::1 - [04-11-2023 10:26]"}
{"level":"info","message":"ruta: /cm/cmprovec/buscar/modificaDiaAnt - ::1 - [04-11-2023 10:26]"}
{"level":"info","message":"ruta: /cm/cmprovec/list/proveedor - ::1 - [04-11-2023 10:26]"}
{"level":"info","message":"ruta: /cm/cmprovec/buscar/modificaDiaAnt - ::1 - [04-11-2023 10:26]"}
{"level":"info","message":"ruta: /cm/cmprovec/list/proveedor - ::1 - [04-11-2023 10:26]"}
{"level":"info","message":"ruta: /cm/cmprovec/buscar/modificaDiaAnt - ::1 - [04-11-2023 10:26]"}
{"level":"info","message":"ruta: /cm/cmprovec/list/proveedor - ::1 - [04-11-2023 10:27]"}
{"level":"info","message":"ruta: /cm/cmprovec/buscar/modificaDiaAnt - ::1 - [04-11-2023 10:27]"}
{"level":"info","message":"ruta: /cm/cmprovec/list/proveedor - ::1 - [04-11-2023 10:27]"}
{"level":"info","message":"ruta: /cm/cmprovec/buscar/modificaDiaAnt - ::1 - [04-11-2023 10:27]"}
{"level":"info","message":"ruta: /cm/cmprovec/list/proveedor - ::1 - [04-11-2023 10:27]"}
{"level":"info","message":"ruta: /cm/cmprovec/buscar/modificaDiaAnt - ::1 - [04-11-2023 10:27]"}
{"level":"info","message":"ruta: /cm/cmprovec/list/proveedor - ::1 - [04-11-2023 10:28]"}
{"level":"info","message":"ruta: /cm/cmprovec/buscar/modificaDiaAnt - ::1 - [04-11-2023 10:28]"}
{"level":"info","message":"ruta: /cm/cmprovec/list/proveedor - ::1 - [04-11-2023 10:28]"}
{"level":"info","message":"ruta: /cm/cmprovec/buscar/modificaDiaAnt - ::1 - [04-11-2023 10:28]"}
{"level":"info","message":"ruta: /cm/cmprovec/list/proveedor - ::1 - [04-11-2023 10:28]"}
{"level":"info","message":"ruta: /cm/cmprovec/buscar/modificaDiaAnt - ::1 - [04-11-2023 10:28]"}
{"level":"info","message":"ruta: /cm/cmprovec/list/proveedor - ::1 - [04-11-2023 10:38]"}
{"level":"info","message":"ruta: /cm/cmprovec/buscar/modificaDiaAnt - ::1 - [04-11-2023 10:38]"}
{"level":"info","message":"ruta: /cm/cmprovec/list/proveedor - ::1 - [04-11-2023 10:39]"}
{"level":"info","message":"ruta: /cm/cmprovec/buscar/modificaDiaAnt - ::1 - [04-11-2023 10:39]"}
{"level":"info","message":"ruta: /cm/cmprovec/list/proveedor - ::1 - [04-11-2023 10:40]"}
{"level":"info","message":"ruta: /cm/cmprovec/buscar/modificaDiaAnt - ::1 - [04-11-2023 10:40]"}
{"level":"info","message":"ruta: /cm/cmprovec/list/proveedor - ::1 - [04-11-2023 10:40]"}
{"level":"info","message":"ruta: /cm/cmprovec/buscar/modificaDiaAnt - ::1 - [04-11-2023 10:40]"}
{"level":"info","message":"ruta: /cm/cmprovec/list/proveedor - ::1 - [04-11-2023 10:40]"}
{"level":"info","message":"ruta: /cm/cmprovec/buscar/modificaDiaAnt - ::1 - [04-11-2023 10:40]"}
{"level":"info","message":"ruta: /cm/cmprovec/list/proveedor - ::1 - [04-11-2023 10:41]"}
{"level":"info","message":"ruta: /cm/cmprovec/buscar/modificaDiaAnt - ::1 - [04-11-2023 10:41]"}
{"level":"info","message":"ruta: /cm/cmprovec/list/proveedor - ::1 - [04-11-2023 10:41]"}
{"level":"info","message":"ruta: /cm/cmprovec/buscar/modificaDiaAnt - ::1 - [04-11-2023 10:41]"}
{"level":"info","message":"ruta: /cm/cmprovec/list/proveedor - ::1 - [04-11-2023 10:42]"}
{"level":"info","message":"ruta: /cm/cmprovec/buscar/modificaDiaAnt - ::1 - [04-11-2023 10:42]"}
{"level":"info","message":"ruta: /cm/cmprovec/list/proveedor - ::1 - [04-11-2023 10:42]"}
{"level":"info","message":"ruta: /cm/cmprovec/buscar/modificaDiaAnt - ::1 - [04-11-2023 10:42]"}
{"level":"info","message":"ruta: /cm/cmprovec/list/proveedor - ::1 - [04-11-2023 10:42]"}
{"level":"info","message":"ruta: /cm/cmprovec/buscar/modificaDiaAnt - ::1 - [04-11-2023 10:42]"}
{"level":"info","message":"ruta: /cm/cmprovec/list/proveedor - ::1 - [04-11-2023 10:42]"}
{"level":"info","message":"ruta: /cm/cmprovec/buscar/modificaDiaAnt - ::1 - [04-11-2023 10:42]"}
{"level":"info","message":"ruta: /cm/cmprovec/list/proveedor - ::1 - [04-11-2023 10:42]"}
{"level":"info","message":"ruta: /cm/cmprovec/buscar/modificaDiaAnt - ::1 - [04-11-2023 10:42]"}
{"level":"info","message":"ruta: /cm/cmprovec/list/proveedor - ::1 - [04-11-2023 10:42]"}
{"level":"info","message":"ruta: /cm/cmprovec/buscar/modificaDiaAnt - ::1 - [04-11-2023 10:42]"}
{"level":"info","message":"ruta: /cm/cmprovec/list/proveedor - ::1 - [04-11-2023 10:42]"}
{"level":"info","message":"ruta: /cm/cmprovec/buscar/modificaDiaAnt - ::1 - [04-11-2023 10:42]"}
{"level":"info","message":"ruta: /cm/cmprovec/list/proveedor - ::1 - [04-11-2023 10:42]"}
{"level":"info","message":"ruta: /cm/cmprovec/buscar/modificaDiaAnt - ::1 - [04-11-2023 10:42]"}
{"level":"info","message":"ruta: /cm/cmprovec/list/proveedor - ::1 - [04-11-2023 10:43]"}
{"level":"info","message":"ruta: /cm/cmprovec/buscar/modificaDiaAnt - ::1 - [04-11-2023 10:43]"}
{"level":"info","message":"ruta: /cm/cmprovec/list/proveedor - ::1 - [04-11-2023 10:43]"}
{"level":"info","message":"ruta: /cm/cmprovec/buscar/modificaDiaAnt - ::1 - [04-11-2023 10:43]"}
{"level":"info","message":"ruta: /cm/cmprovec/buscar/persona - ::1 - [04-11-2023 10:43]"}
{"level":"info","message":"ruta: /cm/cmprovec/buscar/persona - ::1 - [04-11-2023 10:43]"}
{"level":"info","message":"ruta: /cm/cmprovec/buscar/persona - ::1 - [04-11-2023 10:43]"}
{"level":"info","message":"ruta: /cm/cmprovec/buscar/persona - ::1 - [04-11-2023 10:43]"}
{"level":"info","message":"ruta: /cm/cmprovec/buscar/persona - ::1 - [04-11-2023 10:43]"}
{"level":"info","message":"ruta: /cm/cmprovec/buscar/persona - ::1 - [04-11-2023 10:43]"}
{"level":"info","message":"ruta: /cm/cmprovec/buscar/persona - ::1 - [04-11-2023 10:43]"}
{"level":"info","message":"ruta: /cm/cmprovec/buscar/persona - ::1 - [04-11-2023 10:43]"}
{"level":"info","message":"ruta: /cm/cmprovec/buscar/persona - ::1 - [04-11-2023 10:43]"}
{"level":"info","message":"ruta: /cm/cmprovec/buscar/persona - ::1 - [04-11-2023 10:44]"}
{"level":"info","message":"ruta: /cm/cmprovec/list/proveedor - ::1 - [04-11-2023 10:44]"}
{"level":"info","message":"ruta: /cm/cmprovec/buscar/modificaDiaAnt - ::1 - [04-11-2023 10:44]"}
{"level":"info","message":"ruta: /cm/cmprovec/buscar/persona - ::1 - [04-11-2023 10:44]"}
{"level":"info","message":"ruta: /cm/cmprovec/buscar/persona - ::1 - [04-11-2023 10:44]"}
{"level":"info","message":"ruta: /cm/cmprovec/buscar/persona - ::1 - [04-11-2023 10:44]"}
{"level":"info","message":"ruta: /cm/cmprovec/list/proveedor - ::1 - [04-11-2023 10:44]"}
{"level":"info","message":"ruta: /cm/cmprovec/buscar/modificaDiaAnt - ::1 - [04-11-2023 10:44]"}
{"level":"info","message":"ruta: /cm/cmprovec/list/proveedor - ::1 - [04-11-2023 10:44]"}
{"level":"info","message":"ruta: /cm/cmprovec/buscar/modificaDiaAnt - ::1 - [04-11-2023 10:44]"}
{"level":"info","message":"ruta: /cm/cmprovec/list/proveedor - ::1 - [04-11-2023 10:44]"}
{"level":"info","message":"ruta: /cm/cmprovec/buscar/modificaDiaAnt - ::1 - [04-11-2023 10:44]"}
{"level":"info","message":"ruta: /pb/infoEmpresa - ::1 - [04-11-2023 10:44]"}
{"level":"info","message":"ruta: /pb/infoEmpresa - ::1 - [04-11-2023 10:45]"}
{"level":"info","message":"ruta: /cm/cmprovec/list/proveedor - ::1 - [04-11-2023 10:45]"}
{"level":"info","message":"ruta: /pb/infoEmpresa - ::1 - [04-11-2023 10:45]"}
{"level":"info","message":"ruta: /pb/infoEmpresa - ::1 - [04-11-2023 10:45]"}
{"level":"info","message":"ruta: /cm/cmprovec/list/proveedor - ::1 - [04-11-2023 10:45]"}
{"level":"info","message":"ruta: /cm/cmprovec/buscar/modificaDiaAnt - ::1 - [04-11-2023 10:45]"}
{"level":"info","message":"ruta: /pb/infoEmpresa - ::1 - [04-11-2023 10:45]"}
{"level":"info","message":"ruta: /pb/infoEmpresa - ::1 - [04-11-2023 10:45]"}
{"level":"info","message":"ruta: /cm/cmprovec/list/proveedor - ::1 - [04-11-2023 10:45]"}
{"level":"info","message":"ruta: /pb/infoEmpresa - ::1 - [04-11-2023 10:45]"}
{"level":"info","message":"ruta: /pb/infoEmpresa - ::1 - [04-11-2023 10:45]"}
{"level":"info","message":"ruta: /cm/cmprovec/list/proveedor - ::1 - [04-11-2023 10:45]"}
{"level":"info","message":"ruta: /cm/cmprovec/buscar/modificaDiaAnt - ::1 - [04-11-2023 10:45]"}
{"level":"info","message":"ruta: /pb/infoEmpresa - ::1 - [04-11-2023 10:45]"}
{"level":"info","message":"ruta: /pb/infoEmpresa - ::1 - [04-11-2023 10:45]"}
{"level":"info","message":"ruta: /cm/cmprovec/list/proveedor - ::1 - [04-11-2023 10:45]"}
{"level":"info","message":"ruta: /pb/infoEmpresa - ::1 - [04-11-2023 10:45]"}
{"level":"info","message":"ruta: /pb/infoEmpresa - ::1 - [04-11-2023 10:45]"}
{"level":"info","message":"ruta: /cm/cmprovec/list/proveedor - ::1 - [04-11-2023 10:45]"}
{"level":"info","message":"ruta: /cm/cmprovec/buscar/modificaDiaAnt - ::1 - [04-11-2023 10:45]"}
{"level":"info","message":"ruta: /pb/infoEmpresa - ::1 - [04-11-2023 10:45]"}
{"level":"info","message":"ruta: /pb/infoEmpresa - ::1 - [04-11-2023 10:45]"}
{"level":"info","message":"ruta: /cm/cmprovec/list/proveedor - ::1 - [04-11-2023 10:45]"}
{"level":"info","message":"ruta: /pb/infoEmpresa - ::1 - [04-11-2023 10:45]"}
{"level":"info","message":"ruta: /pb/infoEmpresa - ::1 - [04-11-2023 10:45]"}
{"level":"info","message":"ruta: /cm/cmprovec/list/proveedor - ::1 - [04-11-2023 10:45]"}
{"level":"info","message":"ruta: /cm/cmprovec/buscar/modificaDiaAnt - ::1 - [04-11-2023 10:45]"}
{"level":"info","message":"ruta: /cm/cmprovec/buscar/persona - ::1 - [04-11-2023 10:46]"}
{"level":"info","message":"ruta: /cm/cmprovec/list/proveedor - ::1 - [04-11-2023 10:55]"}
{"level":"info","message":"ruta: /cm/cmprovec/buscar/modificaDiaAnt - ::1 - [04-11-2023 10:55]"}
{"level":"info","message":"ruta: /cm/cmprovec/list/proveedor - ::1 - [04-11-2023 10:56]"}
{"level":"info","message":"ruta: /cm/cmprovec/buscar/modificaDiaAnt - ::1 - [04-11-2023 10:56]"}
{"level":"info","message":"ruta: /cm/cmprovec/list/proveedor - ::1 - [04-11-2023 10:56]"}
{"level":"info","message":"ruta: /cm/cmprovec/buscar/modificaDiaAnt - ::1 - [04-11-2023 10:56]"}
{"level":"info","message":"ruta: /cm/cmprovec/list/proveedor - ::1 - [04-11-2023 10:56]"}
{"level":"info","message":"ruta: /cm/cmprovec/buscar/modificaDiaAnt - ::1 - [04-11-2023 10:56]"}
{"level":"info","message":"ruta: /cm/cmprovec/list/proveedor - ::1 - [04-11-2023 10:56]"}
{"level":"info","message":"ruta: /cm/cmprovec/buscar/modificaDiaAnt - ::1 - [04-11-2023 10:56]"}
{"level":"info","message":"ruta: /cm/cmprovec/list/proveedor - ::1 - [04-11-2023 10:56]"}
{"level":"info","message":"ruta: /cm/cmprovec/buscar/modificaDiaAnt - ::1 - [04-11-2023 10:56]"}
{"level":"info","message":"ruta: /cm/cmprovec/list/proveedor - ::1 - [04-11-2023 10:57]"}
{"level":"info","message":"ruta: /cm/cmprovec/buscar/modificaDiaAnt - ::1 - [04-11-2023 10:57]"}
{"level":"info","message":"ruta: /cm/cmprovec/list/proveedor - ::1 - [04-11-2023 10:57]"}
{"level":"info","message":"ruta: /cm/cmprovec/buscar/modificaDiaAnt - ::1 - [04-11-2023 10:57]"}
{"level":"info","message":"ruta: /cm/cmprovec/list/proveedor - ::1 - [04-11-2023 10:59]"}
{"level":"info","message":"ruta: /cm/cmprovec/buscar/modificaDiaAnt - ::1 - [04-11-2023 10:59]"}
{"level":"info","message":"ruta: /cm/cmprovec/list/proveedor - ::1 - [04-11-2023 10:59]"}
{"level":"info","message":"ruta: /cm/cmprovec/buscar/modificaDiaAnt - ::1 - [04-11-2023 10:59]"}
{"level":"info","message":"ruta: /cm/cmprovec/buscar/persona - ::1 - [04-11-2023 10:59]"}
{"level":"info","message":"ruta: /cm/cmprovec/buscar/codCompra - ::1 - [04-11-2023 10:59]"}
{"level":"info","message":"ruta: /cm/cmprovec/valida/codCompra - ::1 - [04-11-2023 10:59]"}
{"level":"info","message":"ruta: /cm/cmprovec/buscar/moneda - ::1 - [04-11-2023 11:00]"}
{"level":"info","message":"ruta: /cm/cmprovec/valida/moneda - ::1 - [04-11-2023 11:00]"}
{"level":"info","message":"ruta: /cm/cmprovec/cod_proveedor/1 - ::1 - [04-11-2023 11:00]"}
{"level":"info","message":"ruta: /cm/cmprovec - ::1 - [04-11-2023 11:00]"}
{"level":"info","message":"ruta: /cm/cmprovec/list/proveedor - ::1 - [04-11-2023 11:00]"}
{"level":"info","message":"ruta: /cm/cmprovec/buscar/modificaDiaAnt - ::1 - [04-11-2023 11:00]"}
{"level":"info","message":"ruta: /cm/cmprovec/buscar/persona - ::1 - [04-11-2023 11:00]"}
{"level":"info","message":"ruta: /cm/cmprovec - ::1 - [04-11-2023 11:00]"}
{"level":"info","message":"ruta: /cm/cmprovec - ::1 - [04-11-2023 11:00]"}
{"level":"info","message":"ruta: /cm/cmprovec - ::1 - [04-11-2023 11:00]"}
{"level":"info","message":"ruta: /cm/cmprovec - ::1 - [04-11-2023 11:00]"}
{"level":"info","message":"ruta: /cm/cmprovec - ::1 - [04-11-2023 11:00]"}
{"level":"info","message":"ruta: /cm/cmprovec - ::1 - [04-11-2023 11:00]"}
{"level":"info","message":"ruta: /cm/cmprovec - ::1 - [04-11-2023 11:00]"}
{"level":"info","message":"ruta: /cm/cmprovec - ::1 - [04-11-2023 11:00]"}
{"level":"info","message":"ruta: /cm/cmprovec/buscar/persona - ::1 - [04-11-2023 11:00]"}
{"level":"info","message":"ruta: /cm/cmprovec - ::1 - [04-11-2023 11:01]"}
{"level":"info","message":"ruta: /cm/cmprovec/list/proveedor - ::1 - [04-11-2023 11:02]"}
{"level":"info","message":"ruta: /cm/cmprovec/buscar/modificaDiaAnt - ::1 - [04-11-2023 11:02]"}
{"level":"info","message":"ruta: /cm/cmprovec/list/proveedor - ::1 - [04-11-2023 11:03]"}
{"level":"info","message":"ruta: /cm/cmprovec/buscar/modificaDiaAnt - ::1 - [04-11-2023 11:03]"}
{"level":"info","message":"ruta: /cm/cmprovec/list/proveedor - ::1 - [04-11-2023 11:03]"}
{"level":"info","message":"ruta: /cm/cmprovec/buscar/modificaDiaAnt - ::1 - [04-11-2023 11:03]"}
{"level":"info","message":"ruta: /cm/cmprovec/buscar/persona - ::1 - [04-11-2023 11:03]"}
{"level":"info","message":"ruta: /cm/cmprovec - ::1 - [04-11-2023 11:03]"}
{"level":"info","message":"ruta: /cm/cmprovec/list/proveedor - ::1 - [04-11-2023 11:03]"}
{"level":"info","message":"ruta: /cm/cmprovec/buscar/modificaDiaAnt - ::1 - [04-11-2023 11:03]"}
{"level":"info","message":"ruta: /cm/cmprovec/list/proveedor - ::1 - [04-11-2023 11:03]"}
{"level":"info","message":"ruta: /cm/cmprovec/buscar/modificaDiaAnt - ::1 - [04-11-2023 11:03]"}
{"level":"info","message":"ruta: /cm/cmprovec/buscar/persona - ::1 - [04-11-2023 11:03]"}
{"level":"info","message":"ruta: /cm/cmprovec/buscar/persona - ::1 - [04-11-2023 11:03]"}
{"level":"info","message":"ruta: /cm/cmprovec - ::1 - [04-11-2023 11:03]"}
{"level":"info","message":"ruta: /cm/cmprovec - ::1 - [04-11-2023 11:03]"}
{"level":"info","message":"ruta: /cm/cmprovec/list/proveedor - ::1 - [04-11-2023 11:03]"}
{"level":"info","message":"ruta: /cm/cmprovec/buscar/modificaDiaAnt - ::1 - [04-11-2023 11:03]"}
{"level":"info","message":"ruta: /cm/cmprovec/list/proveedor - ::1 - [04-11-2023 11:04]"}
{"level":"info","message":"ruta: /cm/cmprovec/buscar/modificaDiaAnt - ::1 - [04-11-2023 11:04]"}
{"level":"info","message":"ruta: /cm/cmprovec - ::1 - [04-11-2023 11:04]"}
{"level":"info","message":"ruta: /cm/cmprovec - ::1 - [04-11-2023 11:04]"}
{"level":"info","message":"ruta: /cm/cmprovec - ::1 - [04-11-2023 11:04]"}
{"level":"info","message":"ruta: /cm/cmprovec/list/proveedor - ::1 - [04-11-2023 11:04]"}
{"level":"info","message":"ruta: /cm/cmprovec/buscar/modificaDiaAnt - ::1 - [04-11-2023 11:04]"}
{"level":"info","message":"ruta: /cm/cmprovec/list/proveedor - ::1 - [04-11-2023 11:04]"}
{"level":"info","message":"ruta: /cm/cmprovec/buscar/modificaDiaAnt - ::1 - [04-11-2023 11:04]"}
{"level":"info","message":"ruta: /cm/cmprovec/list/proveedor - ::1 - [04-11-2023 11:16]"}
{"level":"info","message":"ruta: /cm/cmprovec/buscar/modificaDiaAnt - ::1 - [04-11-2023 11:16]"}
{"level":"info","message":"ruta: /cm/cmprovec/list/proveedor - ::1 - [04-11-2023 11:16]"}
{"level":"info","message":"ruta: /cm/cmprovec/buscar/modificaDiaAnt - ::1 - [04-11-2023 11:16]"}
{"level":"info","message":"ruta: /cm/cmprovec/list/proveedor - ::1 - [04-11-2023 11:16]"}
{"level":"info","message":"ruta: /cm/cmprovec/buscar/modificaDiaAnt - ::1 - [04-11-2023 11:16]"}
{"level":"info","message":"ruta: /cm/cmprovec/list/proveedor - ::1 - [04-11-2023 11:16]"}
{"level":"info","message":"ruta: /cm/cmprovec/buscar/modificaDiaAnt - ::1 - [04-11-2023 11:16]"}
{"level":"info","message":"ruta: /cm/cmprovec/list/proveedor - ::1 - [04-11-2023 11:18]"}
{"level":"info","message":"ruta: /cm/cmprovec/buscar/modificaDiaAnt - ::1 - [04-11-2023 11:18]"}
{"level":"info","message":"ruta: /cm/cmprovec/list/proveedor - ::1 - [04-11-2023 11:19]"}
{"level":"info","message":"ruta: /cm/cmprovec/buscar/modificaDiaAnt - ::1 - [04-11-2023 11:19]"}
{"level":"info","message":"ruta: /cm/cmprovec/list/proveedor - ::1 - [04-11-2023 11:19]"}
{"level":"info","message":"ruta: /cm/cmprovec/buscar/modificaDiaAnt - ::1 - [04-11-2023 11:19]"}
{"level":"info","message":"ruta: /cm/cmprovec/valida/cuentaContable - ::1 - [04-11-2023 11:19]"}
{"level":"info","message":"ruta: /cm/cmprovec/valida/cuentaCont - ::1 - [04-11-2023 11:19]"}
{"level":"info","message":"ruta: /cm/cmprovec/valida/codCompra - ::1 - [04-11-2023 11:19]"}
{"level":"info","message":"ruta: /cm/cmprovec/valida/cuentaContable - ::1 - [04-11-2023 11:19]"}
{"level":"info","message":"ruta: /cm/cmprovec/valida/cuentaCont - ::1 - [04-11-2023 11:19]"}
{"level":"info","message":"ruta: /cm/cmprovec/list/proveedor - ::1 - [04-11-2023 11:19]"}
{"level":"info","message":"ruta: /cm/cmprovec/buscar/modificaDiaAnt - ::1 - [04-11-2023 11:19]"}
{"level":"info","message":"ruta: /cm/cmprovec/list/proveedor - ::1 - [04-11-2023 11:19]"}
{"level":"info","message":"ruta: /cm/cmprovec/buscar/modificaDiaAnt - ::1 - [04-11-2023 11:19]"}
{"level":"info","message":"ruta: /cm/cmprovec/list/proveedor - ::1 - [04-11-2023 11:19]"}
{"level":"info","message":"ruta: /cm/cmprovec/buscar/modificaDiaAnt - ::1 - [04-11-2023 11:19]"}
{"level":"info","message":"ruta: /cm/cmprovec/valida/codCompra - ::1 - [04-11-2023 11:19]"}
{"level":"info","message":"ruta: /cm/cmprovec/valida/moneda - ::1 - [04-11-2023 11:20]"}
{"level":"info","message":"ruta: /cm/cmprovec/valida/cuentaContable - ::1 - [04-11-2023 11:20]"}
{"level":"info","message":"ruta: /cm/cmprovec/valida/cuentaCont - ::1 - [04-11-2023 11:20]"}
{"level":"info","message":"ruta: /cm/cmprovec/valida/codCompra - ::1 - [04-11-2023 11:20]"}
{"level":"info","message":"ruta: /cm/cmprovec/valida/limiteRendicion - ::1 - [04-11-2023 11:20]"}
{"level":"info","message":"ruta: /cm/cmprovec/valida/limiteRendicion - ::1 - [04-11-2023 11:20]"}
{"level":"info","message":"ruta: /cm/cmprovec/valida/limiteRendicion - ::1 - [04-11-2023 11:20]"}
{"level":"info","message":"ruta: /cm/cmprovec/list/proveedor - ::1 - [04-11-2023 11:23]"}
{"level":"info","message":"ruta: /cm/cmprovec/buscar/modificaDiaAnt - ::1 - [04-11-2023 11:23]"}
{"level":"info","message":"ruta: /cm/cmprovec - ::1 - [04-11-2023 11:23]"}
{"level":"info","message":"ruta: /cm/cmprovec/list/proveedor - ::1 - [04-11-2023 11:23]"}
{"level":"info","message":"ruta: /cm/cmprovec/buscar/modificaDiaAnt - ::1 - [04-11-2023 11:23]"}
{"level":"info","message":"ruta: /cm/cmprovec - ::1 - [04-11-2023 11:23]"}
{"level":"info","message":"ruta: /cm/cmprovec/list/proveedor - ::1 - [04-11-2023 11:23]"}
{"level":"info","message":"ruta: /cm/cmprovec/buscar/modificaDiaAnt - ::1 - [04-11-2023 11:23]"}
{"level":"info","message":"ruta: /cm/cmprovec/valida/limiteRendicion - ::1 - [04-11-2023 11:23]"}
{"level":"info","message":"ruta: /cm/cmprovec/buscar/persona - ::1 - [04-11-2023 11:24]"}
{"level":"info","message":"ruta: /cm/cmprovec/valida/codCompra - ::1 - [04-11-2023 11:24]"}
{"level":"info","message":"ruta: /cm/cmprovec/valida/codCompra - ::1 - [04-11-2023 11:24]"}
{"level":"info","message":"ruta: /cm/cmprovec/valida/limiteRendicion - ::1 - [04-11-2023 11:24]"}
{"level":"info","message":"ruta: /cm/cmprovec - ::1 - [04-11-2023 11:24]"}
{"level":"info","message":"ruta: /cm/cmprovec/list/proveedor - ::1 - [04-11-2023 11:24]"}
{"level":"info","message":"ruta: /cm/cmprovec/buscar/modificaDiaAnt - ::1 - [04-11-2023 11:24]"}
{"level":"info","message":"ruta: /cm/cmprovec - ::1 - [04-11-2023 11:24]"}
{"level":"info","message":"ruta: /cm/cmprovec/list/proveedor - ::1 - [04-11-2023 11:24]"}
{"level":"info","message":"ruta: /cm/cmprovec/buscar/modificaDiaAnt - ::1 - [04-11-2023 11:24]"}
{"level":"info","message":"ruta: /cm/cmprovec/list/proveedor - ::1 - [04-11-2023 11:27]"}
{"level":"info","message":"ruta: /cm/cmprovec/buscar/modificaDiaAnt - ::1 - [04-11-2023 11:27]"}
{"level":"info","message":"ruta: /cm/cmprovec/list/proveedor - ::1 - [04-11-2023 11:28]"}
{"level":"info","message":"ruta: /cm/cmprovec/buscar/modificaDiaAnt - ::1 - [04-11-2023 11:28]"}
{"level":"info","message":"ruta: /cm/cmprovec/list/proveedor - ::1 - [04-11-2023 11:33]"}
{"level":"info","message":"ruta: /cm/cmprovec/buscar/modificaDiaAnt - ::1 - [04-11-2023 11:33]"}
{"level":"info","message":"ruta: /cm/cmprovec/list/proveedor - ::1 - [04-11-2023 11:33]"}
{"level":"info","message":"ruta: /cm/cmprovec/buscar/modificaDiaAnt - ::1 - [04-11-2023 11:33]"}
{"level":"info","message":"ruta: /cm/cmprovec/list/proveedor - ::1 - [04-11-2023 11:35]"}
{"level":"info","message":"ruta: /cm/cmprovec/buscar/modificaDiaAnt - ::1 - [04-11-2023 11:35]"}
{"level":"info","message":"ruta: /cm/cmprovec/list/proveedor - ::1 - [04-11-2023 11:36]"}
{"level":"info","message":"ruta: /cm/cmprovec/buscar/modificaDiaAnt - ::1 - [04-11-2023 11:36]"}
{"level":"info","message":"ruta: /cm/cmprovec/list/proveedor - ::1 - [04-11-2023 11:36]"}
{"level":"info","message":"ruta: /cm/cmprovec/buscar/modificaDiaAnt - ::1 - [04-11-2023 11:36]"}
{"level":"info","message":"ruta: /cm/cmprovec/list/proveedor - ::1 - [04-11-2023 11:36]"}
{"level":"info","message":"ruta: /cm/cmprovec/buscar/modificaDiaAnt - ::1 - [04-11-2023 11:36]"}
{"level":"info","message":"ruta: /cm/cmprovec/list/proveedor - ::1 - [04-11-2023 11:36]"}
{"level":"info","message":"ruta: /cm/cmprovec/buscar/modificaDiaAnt - ::1 - [04-11-2023 11:36]"}
{"level":"info","message":"ruta: /cm/cmprovec/valida/codCompra - ::1 - [04-11-2023 11:36]"}
{"level":"info","message":"ruta: /cm/cmprovec/list/proveedor - ::1 - [04-11-2023 11:36]"}
{"level":"info","message":"ruta: /cm/cmprovec/list/proveedor - ::1 - [04-11-2023 11:36]"}
{"level":"info","message":"ruta: /cm/cmprovec/list/proveedor - ::1 - [04-11-2023 11:36]"}
{"level":"info","message":"ruta: /cm/cmprovec/list/proveedor - ::1 - [04-11-2023 11:36]"}
{"level":"info","message":"ruta: /cm/cmprovec/list/proveedor - ::1 - [04-11-2023 11:37]"}
{"level":"info","message":"ruta: /cm/cmprovec/list/proveedor - ::1 - [04-11-2023 11:37]"}
{"level":"info","message":"ruta: /cm/cmprovec/list/proveedor - ::1 - [04-11-2023 11:37]"}
{"level":"info","message":"ruta: /cm/cmprovec/list/proveedor - ::1 - [04-11-2023 11:37]"}
{"level":"info","message":"ruta: /cm/cmprovec/list/proveedor - ::1 - [04-11-2023 11:37]"}
{"level":"info","message":"ruta: /cm/cmprovec/list/proveedor - ::1 - [04-11-2023 11:37]"}
{"level":"info","message":"ruta: /cm/cmprovec/list/proveedor - ::1 - [04-11-2023 11:37]"}
{"level":"info","message":"ruta: /cm/cmprovec/list/proveedor - ::1 - [04-11-2023 11:37]"}
{"level":"info","message":"ruta: /cm/cmprovec/list/proveedor - ::1 - [04-11-2023 11:37]"}
{"level":"info","message":"ruta: /cm/cmprovec/list/proveedor - ::1 - [04-11-2023 11:37]"}
{"level":"info","message":"ruta: /cm/cmprovec/list/proveedor - ::1 - [04-11-2023 11:38]"}
{"level":"info","message":"ruta: /cm/cmprovec/buscar/modificaDiaAnt - ::1 - [04-11-2023 11:38]"}
{"level":"info","message":"ruta: /cm/cmprovec/list/proveedor - ::1 - [04-11-2023 11:40]"}
{"level":"info","message":"ruta: /cm/cmprovec/buscar/modificaDiaAnt - ::1 - [04-11-2023 11:40]"}
{"level":"info","message":"ruta: /cm/cmprovec/list/proveedor - ::1 - [04-11-2023 11:40]"}
{"level":"info","message":"ruta: /cm/cmprovec/buscar/modificaDiaAnt - ::1 - [04-11-2023 11:40]"}
{"level":"info","message":"ruta: /cm/cmprovec/list/proveedor - ::1 - [04-11-2023 11:41]"}
{"level":"info","message":"ruta: /cm/cmprovec/buscar/modificaDiaAnt - ::1 - [04-11-2023 11:41]"}
{"level":"info","message":"ruta: /cm/cmprovec/list/proveedor - ::1 - [04-11-2023 11:41]"}
{"level":"info","message":"ruta: /cm/cmprovec/buscar/modificaDiaAnt - ::1 - [04-11-2023 11:41]"}
{"level":"info","message":"ruta: /cm/cmprovec/list/proveedor - ::1 - [04-11-2023 11:41]"}
{"level":"info","message":"ruta: /cm/cmprovec/buscar/modificaDiaAnt - ::1 - [04-11-2023 11:41]"}
{"level":"info","message":"ruta: /cm/cmprovec/buscar/persona - ::1 - [04-11-2023 11:42]"}
{"level":"info","message":"ruta: /cm/cmprovec/valida/limiteRendicion - ::1 - [04-11-2023 11:42]"}
{"level":"info","message":"ruta: /cm/cmprovec - ::1 - [04-11-2023 11:42]"}
{"level":"info","message":"ruta: /cm/cmprovec/list/proveedor - ::1 - [04-11-2023 11:42]"}
{"level":"info","message":"ruta: /cm/cmprovec/buscar/modificaDiaAnt - ::1 - [04-11-2023 11:42]"}
{"level":"info","message":"ruta: /cm/cmprovec/valida/limiteRendicion - ::1 - [04-11-2023 11:42]"}
{"level":"info","message":"ruta: /cm/cmprovec/valida/limiteRendicion - ::1 - [04-11-2023 11:42]"}
{"level":"info","message":"ruta: /cm/cmprovec - ::1 - [04-11-2023 11:42]"}
{"level":"info","message":"ruta: /cm/cmprovec - ::1 - [04-11-2023 11:42]"}
{"level":"info","message":"ruta: /cm/cmprovec/valida/limiteRendicion - ::1 - [04-11-2023 11:42]"}
{"level":"info","message":"ruta: /cm/cmprovec - ::1 - [04-11-2023 11:42]"}
{"level":"info","message":"ruta: /cm/cmprovec/list/proveedor - ::1 - [04-11-2023 11:42]"}
{"level":"info","message":"ruta: /cm/cmprovec/buscar/modificaDiaAnt - ::1 - [04-11-2023 11:42]"}
{"level":"info","message":"ruta: /cm/cmprovec - ::1 - [04-11-2023 11:42]"}
{"level":"info","message":"ruta: /cm/cmprovec/valida/limiteRendicion - ::1 - [04-11-2023 11:42]"}
{"level":"info","message":"ruta: /cm/cmprovec - ::1 - [04-11-2023 11:42]"}
{"level":"info","message":"ruta: /cm/cmprovec/list/proveedor - ::1 - [04-11-2023 11:42]"}
{"level":"info","message":"ruta: /cm/cmprovec/buscar/modificaDiaAnt - ::1 - [04-11-2023 11:42]"}
{"level":"info","message":"ruta: /cm/cmprovec - ::1 - [04-11-2023 11:43]"}
{"level":"info","message":"ruta: /cm/cmprovec/list/proveedor - ::1 - [04-11-2023 11:43]"}
{"level":"info","message":"ruta: /cm/cmprovec/buscar/modificaDiaAnt - ::1 - [04-11-2023 11:43]"}
{"level":"info","message":"ruta: /cm/cmprovec - ::1 - [04-11-2023 11:43]"}
{"level":"info","message":"ruta: /cm/cmprovec/list/proveedor - ::1 - [04-11-2023 11:43]"}
{"level":"info","message":"ruta: /cm/cmprovec/buscar/modificaDiaAnt - ::1 - [04-11-2023 11:43]"}
{"level":"info","message":"ruta: /cm/cmprovec/buscar/persona - ::1 - [04-11-2023 11:43]"}
{"level":"info","message":"ruta: /cm/cmprovec - ::1 - [04-11-2023 11:43]"}
{"level":"info","message":"ruta: /cm/cmprovec/list/proveedor - ::1 - [04-11-2023 11:43]"}
{"level":"info","message":"ruta: /cm/cmprovec/buscar/modificaDiaAnt - ::1 - [04-11-2023 11:43]"}
{"level":"info","message":"ruta: /cm/cmprovec/buscar/persona - ::1 - [04-11-2023 11:43]"}
{"level":"info","message":"ruta: /cm/cmprovec - ::1 - [04-11-2023 11:43]"}
{"level":"info","message":"ruta: /cm/cmprovec/list/proveedor - ::1 - [04-11-2023 11:43]"}
{"level":"info","message":"ruta: /cm/cmprovec/buscar/modificaDiaAnt - ::1 - [04-11-2023 11:43]"}
{"level":"info","message":"ruta: /cm/cmprovec/buscar/persona - ::1 - [04-11-2023 11:43]"}
{"level":"info","message":"ruta: /cm/cmprovec/buscar/persona - ::1 - [04-11-2023 11:43]"}
{"level":"info","message":"ruta: /cm/cmprovec - ::1 - [04-11-2023 11:43]"}
{"level":"info","message":"ruta: /cm/cmprovec/list/proveedor - ::1 - [04-11-2023 11:43]"}
{"level":"info","message":"ruta: /cm/cmprovec/buscar/modificaDiaAnt - ::1 - [04-11-2023 11:43]"}
{"level":"info","message":"ruta: /cm/cmprovec/valida/codCompra - ::1 - [04-11-2023 11:43]"}
{"level":"info","message":"ruta: /cm/cmprovec/valida/moneda - ::1 - [04-11-2023 11:43]"}
{"level":"info","message":"ruta: /cm/cmprovec/valida/limiteRendicion - ::1 - [04-11-2023 11:43]"}
{"level":"info","message":"ruta: /cm/cmprovec - ::1 - [04-11-2023 11:43]"}
{"level":"info","message":"ruta: /cm/cmprovec/list/proveedor - ::1 - [04-11-2023 11:43]"}
{"level":"info","message":"ruta: /cm/cmprovec/buscar/modificaDiaAnt - ::1 - [04-11-2023 11:43]"}
{"level":"info","message":"ruta: /cm/cmprovec/valida/codCompra - ::1 - [04-11-2023 11:43]"}
{"level":"info","message":"ruta: /cm/cmprovec/valida/moneda - ::1 - [04-11-2023 11:43]"}
{"level":"info","message":"ruta: /cm/cmprovec/valida/limiteRendicion - ::1 - [04-11-2023 11:43]"}
{"level":"info","message":"ruta: /cm/cmprovec - ::1 - [04-11-2023 11:43]"}
{"level":"info","message":"ruta: /cm/cmprovec/list/proveedor - ::1 - [04-11-2023 11:43]"}
{"level":"info","message":"ruta: /cm/cmprovec/buscar/modificaDiaAnt - ::1 - [04-11-2023 11:43]"}
{"level":"info","message":"ruta: /cm/cmprovec - ::1 - [04-11-2023 11:43]"}
{"level":"info","message":"ruta: /cm/cmprovec/list/proveedor - ::1 - [04-11-2023 11:43]"}
{"level":"info","message":"ruta: /cm/cmprovec/buscar/modificaDiaAnt - ::1 - [04-11-2023 11:43]"}
{"level":"info","message":"ruta: /bs/bsperson/list/persona - ::1 - [04-11-2023 11:44]"}
{"level":"info","message":"ruta: /bs/bsperson/list/postqueryCab - ::1 - [04-11-2023 11:44]"}
{"level":"info","message":"ruta: /bs/bsperson/valida/tipo_sociedad - ::1 - [04-11-2023 11:44]"}
{"level":"info","message":"ruta: /bs/bsperson/valida/sector_economico - ::1 - [04-11-2023 11:44]"}
{"level":"info","message":"ruta: /bs/bsperson/valida/pais - ::1 - [04-11-2023 11:44]"}
{"level":"info","message":"ruta: /bs/bsperson/valida/provincia - ::1 - [04-11-2023 11:44]"}
{"level":"info","message":"ruta: /bs/bsperson/list/persona - ::1 - [04-11-2023 11:44]"}
{"level":"info","message":"ruta: /bs/bsperson/list/postqueryCab - ::1 - [04-11-2023 11:44]"}
{"level":"info","message":"ruta: /bs/bsperson/buscar/tipo_sociedad - ::1 - [04-11-2023 11:44]"}
{"level":"info","message":"ruta: /bs/bsperson/list/persona - ::1 - [04-11-2023 11:44]"}
{"level":"info","message":"ruta: /bs/bsperson/list/postqueryCab - ::1 - [04-11-2023 11:44]"}
{"level":"info","message":"ruta: /bs/bsperson/buscar/tipo_sociedad - ::1 - [04-11-2023 11:44]"}
{"level":"info","message":"ruta: /bs/bsperson/valida/tipo_sociedad - ::1 - [04-11-2023 11:44]"}
{"level":"info","message":"ruta: /bs/bsperson/buscar/sector_economico - ::1 - [04-11-2023 11:44]"}
{"level":"info","message":"ruta: /bs/bsperson/buscar/sector_economico - ::1 - [04-11-2023 11:44]"}
{"level":"info","message":"ruta: /bs/bsperson/buscar/sector_economico - ::1 - [04-11-2023 11:44]"}
{"level":"info","message":"ruta: /bs/bsperson/buscar/sector_economico - ::1 - [04-11-2023 11:44]"}
{"level":"info","message":"ruta: /bs/bsperson/buscar/sector_economico - ::1 - [04-11-2023 11:44]"}
{"level":"info","message":"ruta: /bs/bsperson/buscar/sector_economico - ::1 - [04-11-2023 11:44]"}
{"level":"info","message":"ruta: /bs/bsperson/valida/sector_economico - ::1 - [04-11-2023 11:44]"}
{"level":"info","message":"ruta: /bs/bsperson/valida/pais - ::1 - [04-11-2023 11:44]"}
{"level":"info","message":"ruta: /bs/bsperson/buscar/pais - ::1 - [04-11-2023 11:44]"}
{"level":"info","message":"ruta: /bs/bsperson/valida/pais - ::1 - [04-11-2023 11:44]"}
{"level":"info","message":"ruta: /bs/bsperson/valida/provincia - ::1 - [04-11-2023 11:44]"}
{"level":"info","message":"ruta: /bs/bsperson/buscar/provincia - ::1 - [04-11-2023 11:44]"}
{"level":"info","message":"ruta: /bs/bsperson/valida/provincia - ::1 - [04-11-2023 11:44]"}
{"level":"info","message":"ruta: /bs/bsperson/valida/ciudad - ::1 - [04-11-2023 11:44]"}
{"level":"info","message":"ruta: /bs/bsperson/valida/ciudad - ::1 - [04-11-2023 11:44]"}
{"level":"info","message":"ruta: /bs/bsperson/valida/ciudad - ::1 - [04-11-2023 11:44]"}
{"level":"info","message":"ruta: /bs/bsperson/valida/ciudad - ::1 - [04-11-2023 11:44]"}
{"level":"info","message":"ruta: /bs/bsperson/buscar/ciudad - ::1 - [04-11-2023 11:44]"}
{"level":"info","message":"ruta: /bs/bsperson/buscar/provincia - ::1 - [04-11-2023 11:44]"}
{"level":"info","message":"ruta: /bs/bsperson/list/persona - ::1 - [04-11-2023 11:44]"}
{"level":"info","message":"ruta: /bs/bsperson/list/persona - ::1 - [04-11-2023 11:44]"}
{"level":"info","message":"ruta: /bs/bsperson/list/postqueryCab - ::1 - [04-11-2023 11:44]"}
{"level":"info","message":"ruta: /bs/bsperson/buscar/sector_economico - ::1 - [04-11-2023 11:44]"}
