{"level":"info","message":"ruta: /vt/vtvende/list/listCab - ::1 - [26-12-2023 17:19]"}
{"level":"info","message":"ruta: /vt/vtlispre/listDet - ::1 - [26-12-2023 17:19]"}
{"level":"info","message":"ruta: /vt/vtlispre/listDet - ::1 - [26-12-2023 17:19]"}
{"level":"info","message":"ruta: /vt/vtlispre/listCab - ::1 - [26-12-2023 17:19]"}
{"level":"info","message":"ruta: /vt/vtlispre/postqueryCab - ::1 - [26-12-2023 17:19]"}
{"level":"info","message":"ruta: /vt/vtlispre/listDet - ::1 - [26-12-2023 17:19]"}
{"level":"info","message":"ruta: /vt/vtlispre/listDet - ::1 - [26-12-2023 17:19]"}
{"level":"info","message":"ruta: /vt/vtlispre/listCab - ::1 - [26-12-2023 17:19]"}
{"level":"info","message":"ruta: /vt/vtlispre/postqueryCab - ::1 - [26-12-2023 17:19]"}
{"level":"info","message":"ruta: /vt/vtlispre/listDet - ::1 - [26-12-2023 17:19]"}
{"level":"info","message":"ruta: /vt/vtlispre/listDet - ::1 - [26-12-2023 17:19]"}
{"level":"info","message":"ruta: /vt/vtlispre/listCab - ::1 - [26-12-2023 17:19]"}
{"level":"info","message":"ruta: /vt/vtlispre/postqueryCab - ::1 - [26-12-2023 17:19]"}
{"level":"info","message":"ruta: /vt/vtlispre/listDet - ::1 - [26-12-2023 17:19]"}
{"level":"info","message":"ruta: /vt/vtlispre/listDet - ::1 - [26-12-2023 17:19]"}
{"level":"info","message":"ruta: /vt/vtlispre/listCab - ::1 - [26-12-2023 17:19]"}
{"level":"info","message":"ruta: /vt/vtlispre/postqueryCab - ::1 - [26-12-2023 17:19]"}
{"level":"info","message":"ruta: /vt/vtlispre/listDet - ::1 - [26-12-2023 17:19]"}
{"level":"info","message":"ruta: /vt/vtlispre/listDet - ::1 - [26-12-2023 17:19]"}
{"level":"info","message":"ruta: /vt/vtlispre/listCab - ::1 - [26-12-2023 17:19]"}
{"level":"info","message":"ruta: /vt/vtlispre/postqueryCab - ::1 - [26-12-2023 17:19]"}
{"level":"info","message":"ruta: /vt/vtlispre/listDet - ::1 - [26-12-2023 17:19]"}
{"level":"info","message":"ruta: /vt/vtlispre/valida/articulo - ::1 - [26-12-2023 17:19]"}
{"level":"info","message":"ruta: /vt/vtlispre/valida/articulo - ::1 - [26-12-2023 17:19]"}
{"level":"info","message":"ruta: /vt/vtlispre/valida/articulo - ::1 - [26-12-2023 17:19]"}
{"level":"info","message":"ruta: /vt/vtlispre/valida/articulo - ::1 - [26-12-2023 17:19]"}
{"level":"info","message":"ruta: /vt/vtlispre/valida/um - ::1 - [26-12-2023 17:19]"}
{"level":"info","message":"ruta: /vt/vtlispre/valida/um - ::1 - [26-12-2023 17:19]"}
{"level":"info","message":"ruta: /vt/vtlispre/valida/um - ::1 - [26-12-2023 17:19]"}
{"level":"info","message":"ruta: /vt/vtlispre/valida/um - ::1 - [26-12-2023 17:19]"}
{"level":"info","message":"ruta: /vt/vtlispre/valida/um - ::1 - [26-12-2023 17:19]"}
{"level":"info","message":"ruta: /vt/vtlispre/listDet - ::1 - [26-12-2023 17:20]"}
{"level":"info","message":"ruta: /vt/vtlispre/listDet - ::1 - [26-12-2023 17:20]"}
{"level":"info","message":"ruta: /vt/vtlispre/listDet - ::1 - [26-12-2023 17:20]"}
{"level":"info","message":"ruta: /vt/vtlispre/listDet - ::1 - [26-12-2023 17:20]"}
{"level":"info","message":"ruta: /vt/vtlispre/listCab - ::1 - [26-12-2023 17:20]"}
{"level":"info","message":"ruta: /vt/vtlispre/postqueryCab - ::1 - [26-12-2023 17:20]"}
{"level":"info","message":"ruta: /vt/vtlispre/listDet - ::1 - [26-12-2023 17:20]"}
{"level":"info","message":"ruta: /vt/vtlispre/listDet - ::1 - [26-12-2023 17:20]"}
{"level":"info","message":"ruta: /vt/vtlispre/listCab - ::1 - [26-12-2023 17:20]"}
{"level":"info","message":"ruta: /vt/vtlispre/postqueryCab - ::1 - [26-12-2023 17:20]"}
{"level":"info","message":"ruta: /vt/vtlispre/listDet - ::1 - [26-12-2023 17:20]"}
{"level":"info","message":"ruta: /vt/vtlispre/listDet - ::1 - [26-12-2023 17:20]"}
{"level":"info","message":"ruta: /vt/vtlispre/listCab - ::1 - [26-12-2023 17:20]"}
{"level":"info","message":"ruta: /vt/vtlispre/postqueryCab - ::1 - [26-12-2023 17:20]"}
{"level":"info","message":"ruta: /vt/vtlispre/listDet - ::1 - [26-12-2023 17:20]"}
{"level":"info","message":"ruta: /vt/vtlispre/listDet - ::1 - [26-12-2023 17:21]"}
{"level":"info","message":"ruta: /vt/vtlispre/listCab - ::1 - [26-12-2023 17:21]"}
{"level":"info","message":"ruta: /vt/vtlispre/postqueryCab - ::1 - [26-12-2023 17:21]"}
{"level":"info","message":"ruta: /vt/vtlispre/listDet - ::1 - [26-12-2023 17:21]"}
{"level":"info","message":"ruta: /vt/vtlispre/listDet - ::1 - [26-12-2023 17:21]"}
{"level":"info","message":"ruta: /vt/vtlispre/buscar/moneda - ::1 - [26-12-2023 17:21]"}
{"level":"info","message":"ruta: /vt/vtlispre/buscar/moneda - ::1 - [26-12-2023 17:21]"}
{"level":"info","message":"ruta: /vt/vtlispre/buscar/moneda - ::1 - [26-12-2023 17:21]"}
{"level":"info","message":"ruta: /vt/vtlispre/buscar/moneda - ::1 - [26-12-2023 17:21]"}
{"level":"info","message":"ruta: /vt/vtlispre/buscar/moneda - ::1 - [26-12-2023 17:21]"}
{"level":"info","message":"ruta: /vt/vtlispre/buscar/moneda - ::1 - [26-12-2023 17:21]"}
{"level":"info","message":"ruta: /vt/vtlispre/valida/moneda - ::1 - [26-12-2023 17:21]"}
{"level":"info","message":"ruta: /vt/vtlispre/listDet - ::1 - [26-12-2023 17:21]"}
{"level":"info","message":"ruta: /vt/vtlispre/listDet - ::1 - [26-12-2023 17:27]"}
{"level":"info","message":"ruta: /vt/vtlispre/listDet - ::1 - [26-12-2023 17:27]"}
{"level":"info","message":"ruta: /vt/vtlispre/listCab - ::1 - [26-12-2023 17:27]"}
{"level":"info","message":"ruta: /vt/vtlispre/postqueryCab - ::1 - [26-12-2023 17:27]"}
{"level":"info","message":"ruta: /vt/vtlispre/listDet - ::1 - [26-12-2023 17:27]"}
{"level":"info","message":"ruta: /vt/vtlispre/listDet - ::1 - [26-12-2023 17:30]"}
{"level":"info","message":"ruta: /vt/vtlispre/listDet - ::1 - [26-12-2023 17:31]"}
{"level":"info","message":"ruta: /vt/vtlispre/listDet - ::1 - [26-12-2023 17:32]"}
{"level":"info","message":"ruta: /vt/vtlispre/listDet - ::1 - [26-12-2023 17:34]"}
{"level":"info","message":"ruta: /vt/vtlispre/listDet - ::1 - [26-12-2023 17:34]"}
{"level":"info","message":"ruta: /vt/vtlispre/listDet - ::1 - [26-12-2023 17:35]"}
{"level":"info","message":"ruta: /vt/vtlispre/listDet - ::1 - [26-12-2023 17:35]"}
{"level":"info","message":"ruta: /vt/vtlispre/listDet - ::1 - [26-12-2023 17:36]"}
{"level":"info","message":"ruta: /vt/vtlispre/listDet - ::1 - [26-12-2023 17:36]"}
{"level":"info","message":"ruta: /vt/vtlispre/listDet - ::1 - [26-12-2023 17:36]"}
{"level":"info","message":"ruta: /vt/vtlispre/valida/articulo - ::1 - [26-12-2023 17:37]"}
{"level":"info","message":"ruta: /vt/vtlispre/valida/um - ::1 - [26-12-2023 17:37]"}
{"level":"info","message":"ruta: /vt/vtlispre/valida/articulo - ::1 - [26-12-2023 17:37]"}
{"level":"info","message":"ruta: /vt/vtlispre/buscar/articulo - ::1 - [26-12-2023 17:37]"}
{"level":"info","message":"ruta: /vt/vtlispre/buscar/articulo - ::1 - [26-12-2023 17:37]"}
{"level":"info","message":"ruta: /vt/vtlispre/buscar/articulo - ::1 - [26-12-2023 17:37]"}
{"level":"info","message":"ruta: /vt/vtlispre/buscar/articulo - ::1 - [26-12-2023 17:37]"}
{"level":"info","message":"ruta: /vt/vtlispre/buscar/articulo - ::1 - [26-12-2023 17:37]"}
{"level":"info","message":"ruta: /vt/vtlispre/buscar/articulo - ::1 - [26-12-2023 17:37]"}
{"level":"info","message":"ruta: /vt/vtlispre/buscar/articulo - ::1 - [26-12-2023 17:37]"}
{"level":"info","message":"ruta: /vt/vtlispre/buscar/um - ::1 - [26-12-2023 17:37]"}
{"level":"info","message":"ruta: /vt/vtlispre/buscar/um - ::1 - [26-12-2023 17:37]"}
{"level":"info","message":"ruta: /vt/vtlispre/buscar/um - ::1 - [26-12-2023 17:37]"}
{"level":"info","message":"ruta: /vt/vtlispre/buscar/um - ::1 - [26-12-2023 17:37]"}
{"level":"info","message":"ruta: /vt/vtlispre/buscar/um - ::1 - [26-12-2023 17:37]"}
{"level":"info","message":"ruta: /vt/vtlispre/valida/um - ::1 - [26-12-2023 17:37]"}
{"level":"info","message":"ruta: /vt/vtlispre/valida/um - ::1 - [26-12-2023 17:37]"}
{"level":"info","message":"ruta: /vt/vtlispre/buscar/articulo - ::1 - [26-12-2023 17:37]"}
{"level":"info","message":"ruta: /vt/vtlispre/buscar/articulo - ::1 - [26-12-2023 17:37]"}
{"level":"info","message":"ruta: /vt/vtlispre/buscar/articulo - ::1 - [26-12-2023 17:37]"}
{"level":"info","message":"ruta: /vt/vtlispre/buscar/articulo - ::1 - [26-12-2023 17:37]"}
{"level":"info","message":"ruta: /vt/vtlispre/buscar/articulo - ::1 - [26-12-2023 17:37]"}
{"level":"info","message":"ruta: /vt/vtlispre/buscar/articulo - ::1 - [26-12-2023 17:37]"}
{"level":"info","message":"ruta: /vt/vtlispre/buscar/articulo - ::1 - [26-12-2023 17:37]"}
{"level":"info","message":"ruta: /vt/vtlispre/buscar/articulo - ::1 - [26-12-2023 17:37]"}
{"level":"info","message":"ruta: /vt/vtlispre/listDet - ::1 - [26-12-2023 17:40]"}
{"level":"info","message":"ruta: /vt/vtlispre/listDet - ::1 - [26-12-2023 17:40]"}
{"level":"info","message":"ruta: /vt/vtlispre/listDet - ::1 - [26-12-2023 17:40]"}
{"level":"info","message":"ruta: /vt/vtlispre/listDet - ::1 - [26-12-2023 17:40]"}
{"level":"info","message":"ruta: /vt/vtlispre/listDet - ::1 - [26-12-2023 17:41]"}
{"level":"info","message":"ruta: /vt/vtlispre/listDet - ::1 - [26-12-2023 17:41]"}
{"level":"info","message":"ruta: /vt/vtlispre/listCab - ::1 - [26-12-2023 17:41]"}
{"level":"info","message":"ruta: /vt/vtlispre/postqueryCab - ::1 - [26-12-2023 17:41]"}
{"level":"info","message":"ruta: /vt/vtlispre/listDet - ::1 - [26-12-2023 17:41]"}
{"level":"info","message":"ruta: /vt/vtlispre/listDet - ::1 - [26-12-2023 17:41]"}
{"level":"info","message":"ruta: /vt/vtlispre/postqueryCab - ::1 - [26-12-2023 17:41]"}
{"level":"info","message":"ruta: /vt/vtlispre/listDet - ::1 - [26-12-2023 17:41]"}
{"level":"info","message":"ruta: /vt/vtlispre/listDet - ::1 - [26-12-2023 17:41]"}
{"level":"info","message":"ruta: /vt/vtlispre/listCab - ::1 - [26-12-2023 17:41]"}
{"level":"info","message":"ruta: /vt/vtlispre/postqueryCab - ::1 - [26-12-2023 17:41]"}
{"level":"info","message":"ruta: /vt/vtlispre/listDet - ::1 - [26-12-2023 17:41]"}
{"level":"info","message":"ruta: /vt/vtlispre/listDet - ::1 - [26-12-2023 17:41]"}
{"level":"info","message":"ruta: /vt/vtlispre/listCab - ::1 - [26-12-2023 17:41]"}
{"level":"info","message":"ruta: /vt/vtlispre/postqueryCab - ::1 - [26-12-2023 17:41]"}
{"level":"info","message":"ruta: /vt/vtlispre/listDet - ::1 - [26-12-2023 17:41]"}
{"level":"info","message":"ruta: /vt/vtlispre/listDet - ::1 - [26-12-2023 17:41]"}
{"level":"info","message":"ruta: /vt/vtlispre/listDet - ::1 - [26-12-2023 17:47]"}
{"level":"info","message":"ruta: /vt/vtlispre/listDet - ::1 - [26-12-2023 17:47]"}
{"level":"info","message":"ruta: /vt/vtlispre/listDet - ::1 - [26-12-2023 17:48]"}
{"level":"info","message":"ruta: /vt/vtlispre/listDet - ::1 - [26-12-2023 17:51]"}
{"level":"info","message":"ruta: /vt/vtlispre/listDet - ::1 - [26-12-2023 17:52]"}
{"level":"info","message":"ruta: /vt/vtlispre/listDet - ::1 - [26-12-2023 17:52]"}
{"level":"info","message":"ruta: /vt/vtlispre/listDet - ::1 - [26-12-2023 17:52]"}
{"level":"info","message":"ruta: /vt/vtlispre/listDet - ::1 - [26-12-2023 17:53]"}
{"level":"info","message":"ruta: /vt/vtlispre/listDet - ::1 - [26-12-2023 17:53]"}
{"level":"info","message":"ruta: /vt/vtlispre/listDet - ::1 - [26-12-2023 17:53]"}
{"level":"info","message":"ruta: /vt/vtlispre/listDet - ::1 - [26-12-2023 17:53]"}
{"level":"info","message":"ruta: /vt/vtlispre/listCab - ::1 - [26-12-2023 17:53]"}
{"level":"info","message":"ruta: /vt/vtlispre/postqueryCab - ::1 - [26-12-2023 17:53]"}
{"level":"info","message":"ruta: /vt/vtlispre/listDet - ::1 - [26-12-2023 17:53]"}
{"level":"info","message":"ruta: /vt/vtlispre/listDet - ::1 - [26-12-2023 17:53]"}
{"level":"info","message":"ruta: /vt/vtlispre/listCab - ::1 - [26-12-2023 17:53]"}
{"level":"info","message":"ruta: /vt/vtlispre/postqueryCab - ::1 - [26-12-2023 17:53]"}
{"level":"info","message":"ruta: /vt/vtlispre/listDet - ::1 - [26-12-2023 17:53]"}
{"level":"info","message":"ruta: /vt/vtlispre/listDet - ::1 - [26-12-2023 17:54]"}
{"level":"info","message":"ruta: /vt/vtlispre/listDet - ::1 - [26-12-2023 17:54]"}
{"level":"info","message":"ruta: /vt/vtlispre/listDet - ::1 - [26-12-2023 17:54]"}
{"level":"info","message":"ruta: /vt/vtlispre/listCab - ::1 - [26-12-2023 17:54]"}
{"level":"info","message":"ruta: /vt/vtlispre/postqueryCab - ::1 - [26-12-2023 17:54]"}
{"level":"info","message":"ruta: /vt/vtlispre/listDet - ::1 - [26-12-2023 17:54]"}
{"level":"info","message":"ruta: /vt/vtlispre/listDet - ::1 - [26-12-2023 17:54]"}
{"level":"info","message":"ruta: /vt/vtlispre/listCab - ::1 - [26-12-2023 17:54]"}
{"level":"info","message":"ruta: /vt/vtlispre/postqueryCab - ::1 - [26-12-2023 17:54]"}
{"level":"info","message":"ruta: /vt/vtlispre/listDet - ::1 - [26-12-2023 17:54]"}
{"level":"info","message":"ruta: /vt/vtlispre/postqueryCab - ::1 - [26-12-2023 17:54]"}
{"level":"info","message":"ruta: /vt/vtlispre/listDet - ::1 - [26-12-2023 17:54]"}
{"level":"info","message":"ruta: /vt/vtlispre/listDet - ::1 - [26-12-2023 17:54]"}
{"level":"info","message":"ruta: /vt/vtlispre/postqueryCab - ::1 - [26-12-2023 17:54]"}
{"level":"info","message":"ruta: /vt/vtlispre/listDet - ::1 - [26-12-2023 17:54]"}
{"level":"info","message":"ruta: /vt/vtlispre/listDet - ::1 - [26-12-2023 17:54]"}
{"level":"info","message":"ruta: /vt/vtlispre/postqueryCab - ::1 - [26-12-2023 17:54]"}
{"level":"info","message":"ruta: /vt/vtlispre/listDet - ::1 - [26-12-2023 17:54]"}
{"level":"info","message":"ruta: /vt/vtlispre/listDet - ::1 - [26-12-2023 17:58]"}
{"level":"info","message":"ruta: /vt/vtlispre/listDet - ::1 - [26-12-2023 17:59]"}
{"level":"info","message":"ruta: /vt/vtlispre/listCab - ::1 - [26-12-2023 17:59]"}
{"level":"info","message":"ruta: /vt/vtlispre/postqueryCab - ::1 - [26-12-2023 17:59]"}
{"level":"info","message":"ruta: /vt/vtlispre/listDet - ::1 - [26-12-2023 17:59]"}
{"level":"info","message":"ruta: /vt/vtlispre/listDet - ::1 - [26-12-2023 17:59]"}
{"level":"info","message":"ruta: /vt/vtlispre/listCab - ::1 - [26-12-2023 17:59]"}
{"level":"info","message":"ruta: /vt/vtlispre/postqueryCab - ::1 - [26-12-2023 17:59]"}
{"level":"info","message":"ruta: /vt/vtlispre/listDet - ::1 - [26-12-2023 17:59]"}
{"level":"info","message":"ruta: /vt/vtlispre/listDet - ::1 - [26-12-2023 17:59]"}
{"level":"info","message":"ruta: /vt/vtlispre/listCab - ::1 - [26-12-2023 17:59]"}
{"level":"info","message":"ruta: /vt/vtlispre/postqueryCab - ::1 - [26-12-2023 17:59]"}
{"level":"info","message":"ruta: /vt/vtlispre/listDet - ::1 - [26-12-2023 17:59]"}
{"level":"info","message":"ruta: /vt/vtlispre/listDet - ::1 - [26-12-2023 18:09]"}
{"level":"info","message":"ruta: /vt/vtlispre/listDet - ::1 - [26-12-2023 18:09]"}
{"level":"info","message":"ruta: /vt/vtlispre/listCab - ::1 - [26-12-2023 18:09]"}
{"level":"info","message":"ruta: /vt/vtlispre/postqueryCab - ::1 - [26-12-2023 18:09]"}
{"level":"info","message":"ruta: /vt/vtlispre/listDet - ::1 - [26-12-2023 18:09]"}
{"level":"info","message":"ruta: /vt/vtlispre/listDet - ::1 - [26-12-2023 18:09]"}
{"level":"info","message":"ruta: /vt/vtlispre/listCab - ::1 - [26-12-2023 18:09]"}
{"level":"info","message":"ruta: /vt/vtlispre/postqueryCab - ::1 - [26-12-2023 18:09]"}
{"level":"info","message":"ruta: /vt/vtlispre/listDet - ::1 - [26-12-2023 18:09]"}
{"level":"info","message":"ruta: /vt/vtlispre/listDet - ::1 - [26-12-2023 18:12]"}
{"level":"info","message":"ruta: /vt/vtlispre/listCab - ::1 - [26-12-2023 18:12]"}
{"level":"info","message":"ruta: /vt/vtlispre/postqueryCab - ::1 - [26-12-2023 18:12]"}
{"level":"info","message":"ruta: /vt/vtlispre/listDet - ::1 - [26-12-2023 18:12]"}
{"level":"info","message":"ruta: /vt/vtlispre/listDet - ::1 - [26-12-2023 18:12]"}
{"level":"info","message":"ruta: /vt/vtlispre/listCab - ::1 - [26-12-2023 18:12]"}
{"level":"info","message":"ruta: /vt/vtlispre/postqueryCab - ::1 - [26-12-2023 18:12]"}
{"level":"info","message":"ruta: /vt/vtlispre/listDet - ::1 - [26-12-2023 18:12]"}
{"level":"info","message":"ruta: /vt/vtlispre/listDet - ::1 - [26-12-2023 18:12]"}
{"level":"info","message":"ruta: /vt/vtlispre/listDet - ::1 - [26-12-2023 18:13]"}
{"level":"info","message":"ruta: /vt/vtlispre/listDet - ::1 - [26-12-2023 18:14]"}
{"level":"info","message":"ruta: /vt/vtlispre/listCab - ::1 - [26-12-2023 18:14]"}
{"level":"info","message":"ruta: /vt/vtlispre/postqueryCab - ::1 - [26-12-2023 18:14]"}
{"level":"info","message":"ruta: /vt/vtlispre/listDet - ::1 - [26-12-2023 18:14]"}
{"level":"info","message":"ruta: /vt/vtlispre/listDet - ::1 - [26-12-2023 18:14]"}
{"level":"info","message":"ruta: /vt/vtlispre/listCab - ::1 - [26-12-2023 18:14]"}
{"level":"info","message":"ruta: /vt/vtlispre/postqueryCab - ::1 - [26-12-2023 18:14]"}
{"level":"info","message":"ruta: /vt/vtlispre/listDet - ::1 - [26-12-2023 18:14]"}
{"level":"info","message":"ruta: /vt/vtlispre/listDet - ::1 - [26-12-2023 18:14]"}
{"level":"info","message":"ruta: /vt/vtlispre/listCab - ::1 - [26-12-2023 18:14]"}
{"level":"info","message":"ruta: /vt/vtlispre/postqueryCab - ::1 - [26-12-2023 18:14]"}
{"level":"info","message":"ruta: /vt/vtlispre/listDet - ::1 - [26-12-2023 18:14]"}
{"level":"info","message":"ruta: /vt/vtlispre/listDet - ::1 - [26-12-2023 18:14]"}
{"level":"info","message":"ruta: /vt/vtlispre/listCab - ::1 - [26-12-2023 18:14]"}
{"level":"info","message":"ruta: /vt/vtlispre/postqueryCab - ::1 - [26-12-2023 18:14]"}
{"level":"info","message":"ruta: /vt/vtlispre/listDet - ::1 - [26-12-2023 18:14]"}
{"level":"info","message":"ruta: /vt/vtlispre/listDet - ::1 - [26-12-2023 18:14]"}
{"level":"info","message":"ruta: /vt/vtlispre/listDet - ::1 - [26-12-2023 18:16]"}
{"level":"info","message":"ruta: /vt/vtlispre/listCab - ::1 - [26-12-2023 18:16]"}
{"level":"info","message":"ruta: /vt/vtlispre/postqueryCab - ::1 - [26-12-2023 18:16]"}
{"level":"info","message":"ruta: /vt/vtlispre/listDet - ::1 - [26-12-2023 18:16]"}
{"level":"info","message":"ruta: /vt/vtlispre/listDet - ::1 - [26-12-2023 18:16]"}
{"level":"info","message":"ruta: /vt/vtlispre/listCab - ::1 - [26-12-2023 18:16]"}
{"level":"info","message":"ruta: /vt/vtlispre/postqueryCab - ::1 - [26-12-2023 18:16]"}
{"level":"info","message":"ruta: /vt/vtlispre/listDet - ::1 - [26-12-2023 18:16]"}
{"level":"info","message":"ruta: /vt/vtlispre/listDet - ::1 - [26-12-2023 18:16]"}
{"level":"info","message":"ruta: /vt/vtlispre/listDet - ::1 - [26-12-2023 18:16]"}
{"level":"info","message":"ruta: /vt/vtlispre/listCab - ::1 - [26-12-2023 18:16]"}
{"level":"info","message":"ruta: /vt/vtlispre/postqueryCab - ::1 - [26-12-2023 18:16]"}
{"level":"info","message":"ruta: /vt/vtlispre/listDet - ::1 - [26-12-2023 18:16]"}
{"level":"info","message":"ruta: /vt/vtlispre/listDet - ::1 - [26-12-2023 18:16]"}
{"level":"info","message":"ruta: /vt/vtlispre/listCab - ::1 - [26-12-2023 18:16]"}
{"level":"info","message":"ruta: /vt/vtlispre/postqueryCab - ::1 - [26-12-2023 18:16]"}
{"level":"info","message":"ruta: /vt/vtlispre/listDet - ::1 - [26-12-2023 18:16]"}
{"level":"info","message":"ruta: /vt/vtlispre/listDet - ::1 - [26-12-2023 18:16]"}
{"level":"info","message":"ruta: /vt/vtlispre/listCab - ::1 - [26-12-2023 18:16]"}
{"level":"info","message":"ruta: /vt/vtlispre/postqueryCab - ::1 - [26-12-2023 18:16]"}
{"level":"info","message":"ruta: /vt/vtlispre/listDet - ::1 - [26-12-2023 18:16]"}
{"level":"info","message":"ruta: /vt/vtlispre/listDet - ::1 - [26-12-2023 18:17]"}
{"level":"info","message":"ruta: /vt/vtlispre/listCab - ::1 - [26-12-2023 18:17]"}
{"level":"info","message":"ruta: /vt/vtlispre/postqueryCab - ::1 - [26-12-2023 18:17]"}
{"level":"info","message":"ruta: /vt/vtlispre/listDet - ::1 - [26-12-2023 18:17]"}
{"level":"info","message":"ruta: /vt/vtlispre/listDet - ::1 - [26-12-2023 18:17]"}
{"level":"info","message":"ruta: /vt/vtlispre/listCab - ::1 - [26-12-2023 18:17]"}
{"level":"info","message":"ruta: /vt/vtlispre/postqueryCab - ::1 - [26-12-2023 18:17]"}
{"level":"info","message":"ruta: /vt/vtlispre/listDet - ::1 - [26-12-2023 18:17]"}
{"level":"info","message":"ruta: /vt/vtlispre/listDet - ::1 - [26-12-2023 18:17]"}
{"level":"info","message":"ruta: /vt/vtlispre/listCab - ::1 - [26-12-2023 18:17]"}
{"level":"info","message":"ruta: /vt/vtlispre/postqueryCab - ::1 - [26-12-2023 18:17]"}
{"level":"info","message":"ruta: /vt/vtlispre/listDet - ::1 - [26-12-2023 18:17]"}
{"level":"info","message":"ruta: /vt/vtlispre/listDet - ::1 - [26-12-2023 18:18]"}
{"level":"info","message":"ruta: /vt/vtlispre/listCab - ::1 - [26-12-2023 18:18]"}
{"level":"info","message":"ruta: /vt/vtlispre/postqueryCab - ::1 - [26-12-2023 18:18]"}
{"level":"info","message":"ruta: /vt/vtlispre/listDet - ::1 - [26-12-2023 18:18]"}
{"level":"info","message":"ruta: /vt/vtlispre/listDet - ::1 - [26-12-2023 18:18]"}
{"level":"info","message":"ruta: /vt/vtlispre/listCab - ::1 - [26-12-2023 18:18]"}
{"level":"info","message":"ruta: /vt/vtlispre/postqueryCab - ::1 - [26-12-2023 18:18]"}
{"level":"info","message":"ruta: /vt/vtlispre/listDet - ::1 - [26-12-2023 18:18]"}
{"level":"info","message":"ruta: /vt/vtlispre/listDet - ::1 - [26-12-2023 18:18]"}
{"level":"info","message":"ruta: /vt/vtlispre/listCab - ::1 - [26-12-2023 18:18]"}
{"level":"info","message":"ruta: /vt/vtlispre/postqueryCab - ::1 - [26-12-2023 18:18]"}
{"level":"info","message":"ruta: /vt/vtlispre/listDet - ::1 - [26-12-2023 18:18]"}
{"level":"info","message":"ruta: /vt/vtlispre/listDet - ::1 - [26-12-2023 18:18]"}
{"level":"info","message":"ruta: /vt/vtlispre/listCab - ::1 - [26-12-2023 18:18]"}
{"level":"info","message":"ruta: /vt/vtlispre/postqueryCab - ::1 - [26-12-2023 18:18]"}
{"level":"info","message":"ruta: /vt/vtlispre/listDet - ::1 - [26-12-2023 18:18]"}
{"level":"info","message":"ruta: /vt/vtlispre/listDet - ::1 - [26-12-2023 18:18]"}
{"level":"info","message":"ruta: /vt/vtlispre/listCab - ::1 - [26-12-2023 18:18]"}
{"level":"info","message":"ruta: /vt/vtlispre/postqueryCab - ::1 - [26-12-2023 18:18]"}
{"level":"info","message":"ruta: /vt/vtlispre/listDet - ::1 - [26-12-2023 18:18]"}
{"level":"info","message":"ruta: /vt/vtlispre/listDet - ::1 - [26-12-2023 18:18]"}
{"level":"info","message":"ruta: /vt/vtlispre/listCab - ::1 - [26-12-2023 18:18]"}
{"level":"info","message":"ruta: /vt/vtlispre/postqueryCab - ::1 - [26-12-2023 18:18]"}
{"level":"info","message":"ruta: /vt/vtlispre/listDet - ::1 - [26-12-2023 18:18]"}
{"level":"info","message":"ruta: /vt/vtlispre/listDet - ::1 - [26-12-2023 18:19]"}
{"level":"info","message":"ruta: /vt/vtlispre/listCab - ::1 - [26-12-2023 18:19]"}
{"level":"info","message":"ruta: /vt/vtlispre/postqueryCab - ::1 - [26-12-2023 18:19]"}
{"level":"info","message":"ruta: /vt/vtlispre/listDet - ::1 - [26-12-2023 18:19]"}
{"level":"info","message":"ruta: /vt/vtlispre/listDet - ::1 - [26-12-2023 18:20]"}
{"level":"info","message":"ruta: /vt/vtlispre/listDet - ::1 - [26-12-2023 18:20]"}
{"level":"info","message":"ruta: /vt/vtlispre/listDet - ::1 - [26-12-2023 18:21]"}
{"level":"info","message":"ruta: /vt/vtlispre/listDet - ::1 - [26-12-2023 18:25]"}
{"level":"info","message":"ruta: /vt/vtlispre/listDet - ::1 - [26-12-2023 18:26]"}
{"level":"info","message":"ruta: /vt/vtlispre/listDet - ::1 - [26-12-2023 18:26]"}
{"level":"info","message":"ruta: /vt/vtlispre/listDet - ::1 - [26-12-2023 18:27]"}
{"level":"info","message":"ruta: /vt/vtlispre/listDet - ::1 - [26-12-2023 18:27]"}
{"level":"info","message":"ruta: /vt/vtlispre/listDet - ::1 - [26-12-2023 18:28]"}
{"level":"info","message":"ruta: /vt/vtlispre/listDet - ::1 - [26-12-2023 18:30]"}
{"level":"info","message":"ruta: /vt/vtlispre/listDet - ::1 - [26-12-2023 18:30]"}
{"level":"info","message":"ruta: /vt/vtlispre/listDet - ::1 - [26-12-2023 18:31]"}
{"level":"info","message":"ruta: /vt/vtlispre/listDet - ::1 - [26-12-2023 18:32]"}
{"level":"info","message":"ruta: /vt/vtlispre/valida/moneda - ::1 - [26-12-2023 18:32]"}
{"level":"info","message":"ruta: /vt/vtlispre/valida/moneda - ::1 - [26-12-2023 18:32]"}
{"level":"info","message":"ruta: /vt/vtlispre/valida/moneda - ::1 - [26-12-2023 18:32]"}
{"level":"info","message":"ruta: /vt/vtlispre/valida/moneda - ::1 - [26-12-2023 18:32]"}
{"level":"info","message":"ruta: /vt/vtlispre/valida/articulo - ::1 - [26-12-2023 18:32]"}
{"level":"info","message":"ruta: /vt/vtlispre/valida/um - ::1 - [26-12-2023 18:32]"}
{"level":"info","message":"ruta: /vt/vtlispre/cod_lispre/1/01 - ::1 - [26-12-2023 18:32]"}
{"level":"info","message":"ruta: /vt/vtlispre/cod_lispre/1/01 - ::1 - [26-12-2023 18:32]"}
{"level":"info","message":"ruta: /vt/vtlispre/listDet - ::1 - [26-12-2023 18:33]"}
{"level":"info","message":"ruta: /vt/vtlispre/valida/moneda - ::1 - [26-12-2023 18:34]"}
{"level":"info","message":"ruta: /vt/vtlispre/valida/articulo - ::1 - [26-12-2023 18:34]"}
{"level":"info","message":"ruta: /vt/vtlispre/valida/articulo - ::1 - [26-12-2023 18:34]"}
{"level":"info","message":"ruta: /vt/vtlispre/valida/um - ::1 - [26-12-2023 18:34]"}
{"level":"info","message":"ruta: /vt/vtlispre/cod_lispre/1/01 - ::1 - [26-12-2023 18:34]"}
{"level":"info","message":"ruta: /vt/vtlispre/listDet - ::1 - [26-12-2023 18:34]"}
{"level":"info","message":"ruta: /vt/vtlispre/listDet - ::1 - [26-12-2023 18:34]"}
{"level":"info","message":"ruta: /vt/vtlispre/listDet - ::1 - [26-12-2023 18:35]"}
{"level":"info","message":"ruta: /vt/vtlispre/listDet - ::1 - [26-12-2023 18:35]"}
{"level":"info","message":"ruta: /vt/vtlispre/listDet - ::1 - [26-12-2023 18:35]"}
{"level":"info","message":"ruta: /vt/vtlispre/listDet - ::1 - [26-12-2023 18:35]"}
{"level":"info","message":"ruta: /vt/vtlispre/valida/moneda - ::1 - [26-12-2023 18:35]"}
{"level":"info","message":"ruta: /vt/vtlispre/valida/moneda - ::1 - [26-12-2023 18:36]"}
{"level":"info","message":"ruta: /vt/vtlispre/valida/articulo - ::1 - [26-12-2023 18:36]"}
{"level":"info","message":"ruta: /vt/vtlispre/valida/um - ::1 - [26-12-2023 18:36]"}
{"level":"info","message":"ruta: /vt/vtlispre/cod_lispre/1/01 - ::1 - [26-12-2023 18:36]"}
{"level":"info","message":"ruta: /vt/vtlispre - ::1 - [26-12-2023 18:36]"}
{"level":"info","message":"ruta: /vt/vtlispre/listCab - ::1 - [26-12-2023 18:36]"}
{"level":"info","message":"ruta: /vt/vtlispre/postqueryCab - ::1 - [26-12-2023 18:36]"}
{"level":"info","message":"ruta: /vt/vtlispre/listDet - ::1 - [26-12-2023 18:36]"}
{"level":"info","message":"ruta: /vt/vtlispre/listDet - ::1 - [26-12-2023 18:36]"}
{"level":"info","message":"ruta: /vt/vtlispre/listDet - ::1 - [26-12-2023 18:36]"}
{"level":"info","message":"ruta: /vt/vtlispre/listCab - ::1 - [26-12-2023 18:36]"}
{"level":"info","message":"ruta: /vt/vtlispre/postqueryCab - ::1 - [26-12-2023 18:36]"}
{"level":"info","message":"ruta: /vt/vtlispre/listDet - ::1 - [26-12-2023 18:36]"}
{"level":"info","message":"ruta: /vt/vtlispre/postqueryCab - ::1 - [26-12-2023 18:36]"}
{"level":"info","message":"ruta: /vt/vtlispre/listDet - ::1 - [26-12-2023 18:36]"}
{"level":"info","message":"ruta: /vt/vtlispre/listDet - ::1 - [26-12-2023 18:36]"}
{"level":"info","message":"ruta: /vt/vtlispre/listDet - ::1 - [26-12-2023 18:36]"}
{"level":"info","message":"ruta: /vt/vtlispre/postqueryCab - ::1 - [26-12-2023 18:36]"}
{"level":"info","message":"ruta: /vt/vtlispre/listDet - ::1 - [26-12-2023 18:36]"}
{"level":"info","message":"ruta: /vt/vtlispre/postqueryCab - ::1 - [26-12-2023 18:36]"}
{"level":"info","message":"ruta: /vt/vtlispre/listDet - ::1 - [26-12-2023 18:36]"}
{"level":"info","message":"ruta: /vt/vtlispre/listDet - ::1 - [26-12-2023 18:36]"}
{"level":"info","message":"ruta: /vt/vtlispre/postqueryCab - ::1 - [26-12-2023 18:36]"}
{"level":"info","message":"ruta: /vt/vtlispre/listDet - ::1 - [26-12-2023 18:36]"}
{"level":"info","message":"ruta: /vt/vtlispre/listDet - ::1 - [26-12-2023 18:36]"}
{"level":"info","message":"ruta: /vt/vtlispre/listDet - ::1 - [26-12-2023 18:36]"}
{"level":"info","message":"ruta: /vt/vtlispre/listDet - ::1 - [26-12-2023 18:36]"}
{"level":"info","message":"ruta: /vt/vtlispre/postqueryCab - ::1 - [26-12-2023 18:36]"}
{"level":"info","message":"ruta: /vt/vtlispre/listDet - ::1 - [26-12-2023 18:36]"}
{"level":"info","message":"ruta: /vt/vtlispre/postqueryCab - ::1 - [26-12-2023 18:36]"}
{"level":"info","message":"ruta: /vt/vtlispre/listDet - ::1 - [26-12-2023 18:36]"}
{"level":"info","message":"ruta: /vt/vtlispre/listDet - ::1 - [26-12-2023 18:37]"}
{"level":"info","message":"ruta: /vt/vtlispre/listCab - ::1 - [26-12-2023 18:37]"}
{"level":"info","message":"ruta: /vt/vtlispre/postqueryCab - ::1 - [26-12-2023 18:37]"}
{"level":"info","message":"ruta: /vt/vtlispre/listDet - ::1 - [26-12-2023 18:37]"}
{"level":"info","message":"ruta: /vt/vtlispre/listDet - ::1 - [26-12-2023 18:37]"}
{"level":"info","message":"ruta: /vt/vtlispre/listCab - ::1 - [26-12-2023 18:37]"}
{"level":"info","message":"ruta: /vt/vtlispre/postqueryCab - ::1 - [26-12-2023 18:37]"}
{"level":"info","message":"ruta: /vt/vtlispre/listDet - ::1 - [26-12-2023 18:37]"}
{"level":"info","message":"ruta: /vt/vtlispre/listDet - ::1 - [26-12-2023 18:37]"}
{"level":"info","message":"ruta: /vt/vtlispre/postqueryCab - ::1 - [26-12-2023 18:37]"}
{"level":"info","message":"ruta: /vt/vtlispre/listDet - ::1 - [26-12-2023 18:37]"}
{"level":"info","message":"ruta: /vt/vtlispre/postqueryCab - ::1 - [26-12-2023 18:37]"}
{"level":"info","message":"ruta: /vt/vtlispre/listDet - ::1 - [26-12-2023 18:37]"}
{"level":"info","message":"ruta: /vt/vtlispre/listDet - ::1 - [26-12-2023 18:52]"}
{"level":"info","message":"ruta: /vt/vtlispre/listCab - ::1 - [26-12-2023 18:52]"}
{"level":"info","message":"ruta: /vt/vtlispre/postqueryCab - ::1 - [26-12-2023 18:52]"}
{"level":"info","message":"ruta: /vt/vtlispre/listCab - ::1 - [26-12-2023 18:52]"}
{"level":"info","message":"ruta: /vt/vtlispre/listDet - ::1 - [26-12-2023 18:52]"}
{"level":"info","message":"ruta: /vt/vtlispre/postqueryCab - ::1 - [26-12-2023 18:52]"}
{"level":"info","message":"ruta: /vt/vtlispre/listDet - ::1 - [26-12-2023 18:52]"}
{"level":"info","message":"ruta: /vt/vtlispre/listDet - ::1 - [26-12-2023 18:52]"}
{"level":"info","message":"ruta: /vt/vtlispre/postqueryCab - ::1 - [26-12-2023 18:52]"}
{"level":"info","message":"ruta: /vt/vtlispre/listDet - ::1 - [26-12-2023 18:52]"}
{"level":"info","message":"ruta: /vt/vtlispre/listDet - ::1 - [26-12-2023 18:52]"}
{"level":"info","message":"ruta: /vt/vtlispre/postqueryCab - ::1 - [26-12-2023 18:52]"}
{"level":"info","message":"ruta: /vt/vtlispre/listDet - ::1 - [26-12-2023 18:52]"}
{"level":"info","message":"ruta: /vt/vtlispre/postqueryCab - ::1 - [26-12-2023 18:52]"}
{"level":"info","message":"ruta: /vt/vtlispre/listDet - ::1 - [26-12-2023 18:52]"}
{"level":"info","message":"ruta: /vt/vtlispre/listDet - ::1 - [26-12-2023 18:52]"}
{"level":"info","message":"ruta: /vt/vtlispre/postqueryCab - ::1 - [26-12-2023 18:52]"}
{"level":"info","message":"ruta: /vt/vtlispre/listDet - ::1 - [26-12-2023 18:52]"}
{"level":"info","message":"ruta: /vt/vtlispre/listDet - ::1 - [26-12-2023 18:52]"}
{"level":"info","message":"ruta: /vt/vtlispre/listDet - ::1 - [26-12-2023 18:53]"}
{"level":"info","message":"ruta: /vt/vtlispre/listDet - ::1 - [26-12-2023 18:53]"}
{"level":"info","message":"ruta: /vt/vtlispre/listDet - ::1 - [26-12-2023 18:53]"}
{"level":"info","message":"ruta: /vt/vtlispre/listCab - ::1 - [26-12-2023 18:53]"}
{"level":"info","message":"ruta: /vt/vtlispre/postqueryCab - ::1 - [26-12-2023 18:53]"}
{"level":"info","message":"ruta: /vt/vtlispre/listDet - ::1 - [26-12-2023 18:53]"}
{"level":"info","message":"ruta: /vt/vtlispre/postqueryCab - ::1 - [26-12-2023 18:53]"}
{"level":"info","message":"ruta: /vt/vtlispre/listDet - ::1 - [26-12-2023 18:53]"}
{"level":"info","message":"ruta: /vt/vtlispre/postqueryCab - ::1 - [26-12-2023 18:53]"}
{"level":"info","message":"ruta: /vt/vtlispre/listDet - ::1 - [26-12-2023 18:53]"}
{"level":"info","message":"ruta: /vt/vtlispre/listDet - ::1 - [26-12-2023 18:53]"}
{"level":"info","message":"ruta: /vt/vtlispre/listCab - ::1 - [26-12-2023 18:53]"}
{"level":"info","message":"ruta: /vt/vtlispre/postqueryCab - ::1 - [26-12-2023 18:53]"}
{"level":"info","message":"ruta: /vt/vtlispre/listDet - ::1 - [26-12-2023 18:53]"}
{"level":"info","message":"ruta: /vt/vtlispre/listDet - ::1 - [26-12-2023 18:53]"}
{"level":"info","message":"ruta: /vt/vtlispre/listDet - ::1 - [26-12-2023 18:53]"}
{"level":"info","message":"ruta: /vt/vtlispre/listCab - ::1 - [26-12-2023 18:53]"}
{"level":"info","message":"ruta: /vt/vtlispre/postqueryCab - ::1 - [26-12-2023 18:53]"}
{"level":"info","message":"ruta: /vt/vtlispre/listDet - ::1 - [26-12-2023 18:53]"}
{"level":"info","message":"ruta: /vt/vtlispre/postqueryCab - ::1 - [26-12-2023 18:53]"}
{"level":"info","message":"ruta: /vt/vtlispre/listDet - ::1 - [26-12-2023 18:53]"}
{"level":"info","message":"ruta: /vt/vtlispre/postqueryCab - ::1 - [26-12-2023 18:54]"}
{"level":"info","message":"ruta: /vt/vtlispre/listDet - ::1 - [26-12-2023 18:54]"}
{"level":"info","message":"ruta: /vt/vtlispre/listDet - ::1 - [26-12-2023 18:54]"}
{"level":"info","message":"ruta: /vt/vtlispre/listDet - ::1 - [26-12-2023 18:54]"}
{"level":"info","message":"ruta: /vt/vtlispre/postqueryCab - ::1 - [26-12-2023 18:54]"}
{"level":"info","message":"ruta: /vt/vtlispre/listDet - ::1 - [26-12-2023 18:54]"}
{"level":"info","message":"ruta: /vt/vtlispre/postqueryCab - ::1 - [26-12-2023 18:54]"}
{"level":"info","message":"ruta: /vt/vtlispre/listDet - ::1 - [26-12-2023 18:54]"}
{"level":"info","message":"ruta: /vt/vtlispre/listDet - ::1 - [26-12-2023 18:54]"}
{"level":"info","message":"ruta: /vt/vtlispre/listCab - ::1 - [26-12-2023 18:54]"}
{"level":"info","message":"ruta: /vt/vtlispre/postqueryCab - ::1 - [26-12-2023 18:54]"}
{"level":"info","message":"ruta: /vt/vtlispre/listDet - ::1 - [26-12-2023 18:54]"}
{"level":"info","message":"ruta: /vt/vtlispre/postqueryCab - ::1 - [26-12-2023 18:54]"}
{"level":"info","message":"ruta: /vt/vtlispre/listDet - ::1 - [26-12-2023 18:54]"}
{"level":"info","message":"ruta: /vt/vtlispre/postqueryCab - ::1 - [26-12-2023 18:54]"}
{"level":"info","message":"ruta: /vt/vtlispre/listDet - ::1 - [26-12-2023 18:54]"}
{"level":"info","message":"ruta: /vt/vtlispre/listDet - ::1 - [26-12-2023 18:55]"}
{"level":"info","message":"ruta: /vt/vtlispre/listCab - ::1 - [26-12-2023 18:56]"}
{"level":"info","message":"ruta: /vt/vtlispre/postqueryCab - ::1 - [26-12-2023 18:56]"}
{"level":"info","message":"ruta: /vt/vtlispre/listDet - ::1 - [26-12-2023 18:56]"}
{"level":"info","message":"ruta: /vt/vtlispre/listDet - ::1 - [26-12-2023 18:56]"}
{"level":"info","message":"ruta: /vt/vtlispre/listCab - ::1 - [26-12-2023 18:56]"}
{"level":"info","message":"ruta: /vt/vtlispre/postqueryCab - ::1 - [26-12-2023 18:56]"}
{"level":"info","message":"ruta: /vt/vtlispre/listDet - ::1 - [26-12-2023 18:56]"}
{"level":"info","message":"ruta: /vt/vtlispre/postqueryCab - ::1 - [26-12-2023 18:56]"}
{"level":"info","message":"ruta: /vt/vtlispre/listDet - ::1 - [26-12-2023 18:56]"}
{"level":"info","message":"ruta: /vt/vtlispre/postqueryCab - ::1 - [26-12-2023 18:56]"}
{"level":"info","message":"ruta: /vt/vtlispre/listDet - ::1 - [26-12-2023 18:56]"}
{"level":"info","message":"ruta: /vt/vtlispre/listDet - ::1 - [26-12-2023 18:56]"}
{"level":"info","message":"ruta: /vt/vtlispre/postqueryCab - ::1 - [26-12-2023 18:56]"}
{"level":"info","message":"ruta: /vt/vtlispre/listDet - ::1 - [26-12-2023 18:56]"}
{"level":"info","message":"ruta: /vt/vtlispre/listDet - ::1 - [26-12-2023 18:56]"}
{"level":"info","message":"ruta: /vt/vtlispre/listDet - ::1 - [26-12-2023 18:56]"}
{"level":"info","message":"ruta: /vt/vtlispre/postqueryCab - ::1 - [26-12-2023 18:56]"}
{"level":"info","message":"ruta: /vt/vtlispre/listDet - ::1 - [26-12-2023 18:56]"}
{"level":"info","message":"ruta: /vt/vtlispre/postqueryCab - ::1 - [26-12-2023 18:56]"}
{"level":"info","message":"ruta: /vt/vtlispre/listDet - ::1 - [26-12-2023 18:56]"}
{"level":"info","message":"ruta: /vt/vtlispre/listDet - ::1 - [26-12-2023 18:56]"}
{"level":"info","message":"ruta: /vt/vtlispre/postqueryCab - ::1 - [26-12-2023 18:56]"}
{"level":"info","message":"ruta: /vt/vtlispre/listDet - ::1 - [26-12-2023 18:56]"}
{"level":"info","message":"ruta: /vt/vtlispre/listDet - ::1 - [26-12-2023 18:56]"}
{"level":"info","message":"ruta: /vt/vtlispre - ::1 - [26-12-2023 18:56]"}
{"level":"info","message":"ruta: /vt/vtlispre/listCab - ::1 - [26-12-2023 18:56]"}
{"level":"info","message":"ruta: /vt/vtlispre/postqueryCab - ::1 - [26-12-2023 18:56]"}
{"level":"info","message":"ruta: /vt/vtlispre/listDet - ::1 - [26-12-2023 18:56]"}
{"level":"info","message":"ruta: /vt/vtlispre/listDet - ::1 - [26-12-2023 18:56]"}
{"level":"info","message":"ruta: /vt/vtlispre/listCab - ::1 - [26-12-2023 18:56]"}
{"level":"info","message":"ruta: /vt/vtlispre/postqueryCab - ::1 - [26-12-2023 18:56]"}
{"level":"info","message":"ruta: /vt/vtlispre/listDet - ::1 - [26-12-2023 18:56]"}
{"level":"info","message":"ruta: /vt/vtlispre/postqueryCab - ::1 - [26-12-2023 18:56]"}
{"level":"info","message":"ruta: /vt/vtlispre/listDet - ::1 - [26-12-2023 18:56]"}
{"level":"info","message":"ruta: /vt/vtlispre/postqueryCab - ::1 - [26-12-2023 18:56]"}
{"level":"info","message":"ruta: /vt/vtlispre/listDet - ::1 - [26-12-2023 18:56]"}
{"level":"info","message":"ruta: /vt/vtlispre - ::1 - [26-12-2023 18:56]"}
{"level":"info","message":"ruta: /vt/vtlispre/listCab - ::1 - [26-12-2023 18:56]"}
{"level":"info","message":"ruta: /vt/vtlispre/postqueryCab - ::1 - [26-12-2023 18:56]"}
{"level":"info","message":"ruta: /vt/vtlispre/listDet - ::1 - [26-12-2023 18:56]"}
{"level":"info","message":"ruta: /vt/vtlispre/listDet - ::1 - [26-12-2023 18:57]"}
{"level":"info","message":"ruta: /vt/vtlispre/listCab - ::1 - [26-12-2023 18:57]"}
{"level":"info","message":"ruta: /vt/vtlispre/postqueryCab - ::1 - [26-12-2023 18:57]"}
{"level":"info","message":"ruta: /vt/vtlispre/listDet - ::1 - [26-12-2023 18:57]"}
{"level":"info","message":"ruta: /vt/vtlispre/postqueryCab - ::1 - [26-12-2023 18:57]"}
{"level":"info","message":"ruta: /vt/vtlispre/listDet - ::1 - [26-12-2023 18:57]"}
{"level":"info","message":"ruta: /vt/vtlispre/postqueryCab - ::1 - [26-12-2023 18:57]"}
{"level":"info","message":"ruta: /vt/vtlispre/listDet - ::1 - [26-12-2023 18:57]"}
{"level":"info","message":"ruta: /vt/vtlispre - ::1 - [26-12-2023 18:57]"}
{"level":"info","message":"ruta: /vt/vtlispre/listDet - ::1 - [26-12-2023 18:58]"}
{"level":"info","message":"ruta: /vt/vtlispre/listDet - ::1 - [26-12-2023 18:58]"}
{"level":"info","message":"ruta: /vt/vtlispre/listCab - ::1 - [26-12-2023 18:58]"}
{"level":"info","message":"ruta: /vt/vtlispre/postqueryCab - ::1 - [26-12-2023 18:58]"}
{"level":"info","message":"ruta: /vt/vtlispre/listDet - ::1 - [26-12-2023 18:58]"}
{"level":"info","message":"ruta: /vt/vtlispre/postqueryCab - ::1 - [26-12-2023 18:58]"}
{"level":"info","message":"ruta: /vt/vtlispre/listDet - ::1 - [26-12-2023 18:58]"}
{"level":"info","message":"ruta: /vt/vtlispre/postqueryCab - ::1 - [26-12-2023 18:58]"}
{"level":"info","message":"ruta: /vt/vtlispre/listDet - ::1 - [26-12-2023 18:58]"}
{"level":"info","message":"ruta: /vt/vtlispre - ::1 - [26-12-2023 18:58]"}
{"level":"info","message":"ruta: /vt/vtlispre/listCab - ::1 - [26-12-2023 18:58]"}
{"level":"info","message":"ruta: /vt/vtlispre/postqueryCab - ::1 - [26-12-2023 18:58]"}
{"level":"info","message":"ruta: /vt/vtlispre/listDet - ::1 - [26-12-2023 18:58]"}
{"level":"info","message":"ruta: /vt/vtlispre/listDet - ::1 - [26-12-2023 18:58]"}
{"level":"info","message":"ruta: /vt/vtlispre/listDet - ::1 - [26-12-2023 18:58]"}
{"level":"info","message":"ruta: /vt/vtlispre/listCab - ::1 - [26-12-2023 18:58]"}
{"level":"info","message":"ruta: /vt/vtlispre/postqueryCab - ::1 - [26-12-2023 18:58]"}
{"level":"info","message":"ruta: /vt/vtlispre/listDet - ::1 - [26-12-2023 18:58]"}
{"level":"info","message":"ruta: /vt/vtlispre/listDet - ::1 - [26-12-2023 18:58]"}
{"level":"info","message":"ruta: /vt/vtlispre/listCab - ::1 - [26-12-2023 18:58]"}
{"level":"info","message":"ruta: /vt/vtlispre/postqueryCab - ::1 - [26-12-2023 18:58]"}
{"level":"info","message":"ruta: /vt/vtlispre/listDet - ::1 - [26-12-2023 18:58]"}
{"level":"info","message":"ruta: /vt/vtlispre/postqueryCab - ::1 - [26-12-2023 18:58]"}
{"level":"info","message":"ruta: /vt/vtlispre/listDet - ::1 - [26-12-2023 18:58]"}
{"level":"info","message":"ruta: /vt/vtlispre/postqueryCab - ::1 - [26-12-2023 18:58]"}
{"level":"info","message":"ruta: /vt/vtlispre/listDet - ::1 - [26-12-2023 18:58]"}
{"level":"info","message":"ruta: /vt/vtlispre/listDet - ::1 - [26-12-2023 18:58]"}
{"level":"info","message":"ruta: /vt/vtlispre/postqueryCab - ::1 - [26-12-2023 18:58]"}
{"level":"info","message":"ruta: /vt/vtlispre/listDet - ::1 - [26-12-2023 18:58]"}
{"level":"info","message":"ruta: /vt/vtlispre/listDet - ::1 - [26-12-2023 19:01]"}
{"level":"info","message":"ruta: /vt/vtlispre/listDet - ::1 - [26-12-2023 19:02]"}
{"level":"info","message":"ruta: /vt/vtlispre/listDet - ::1 - [26-12-2023 19:02]"}
{"level":"info","message":"ruta: /vt/vtlispre/listDet - ::1 - [26-12-2023 19:03]"}
{"level":"info","message":"ruta: /vt/vtlispre/listDet - ::1 - [26-12-2023 19:03]"}
{"level":"info","message":"ruta: /vt/vtlispre/listCab - ::1 - [26-12-2023 19:03]"}
{"level":"info","message":"ruta: /vt/vtlispre/postqueryCab - ::1 - [26-12-2023 19:03]"}
{"level":"info","message":"ruta: /vt/vtlispre/listDet - ::1 - [26-12-2023 19:03]"}
{"level":"info","message":"ruta: /vt/vtlispre/listDet - ::1 - [26-12-2023 19:03]"}
{"level":"info","message":"ruta: /vt/vtlispre/listDet - ::1 - [26-12-2023 19:04]"}
{"level":"info","message":"ruta: /vt/vtlispre/listDet - ::1 - [26-12-2023 19:04]"}
{"level":"info","message":"ruta: /vt/vtlispre/listCab - ::1 - [26-12-2023 19:04]"}
{"level":"info","message":"ruta: /vt/vtlispre/postqueryCab - ::1 - [26-12-2023 19:04]"}
{"level":"info","message":"ruta: /vt/vtlispre/listDet - ::1 - [26-12-2023 19:04]"}
{"level":"info","message":"ruta: /vt/vtlispre/postqueryCab - ::1 - [26-12-2023 19:04]"}
{"level":"info","message":"ruta: /vt/vtlispre/listDet - ::1 - [26-12-2023 19:04]"}
{"level":"info","message":"ruta: /vt/vtlispre/postqueryCab - ::1 - [26-12-2023 19:04]"}
{"level":"info","message":"ruta: /vt/vtlispre/listDet - ::1 - [26-12-2023 19:04]"}
{"level":"info","message":"ruta: /vt/vtlispre/listDet - ::1 - [26-12-2023 19:04]"}
{"level":"info","message":"ruta: /vt/vtlispre/listDet - ::1 - [26-12-2023 19:04]"}
{"level":"info","message":"ruta: /vt/vtlispre/listDet - ::1 - [26-12-2023 19:04]"}
{"level":"info","message":"ruta: /vt/vtlispre/listDet - ::1 - [26-12-2023 19:04]"}
{"level":"info","message":"ruta: /vt/vtlispre/listDet - ::1 - [26-12-2023 19:04]"}
{"level":"info","message":"ruta: /vt/vtlispre/listCab - ::1 - [26-12-2023 19:04]"}
{"level":"info","message":"ruta: /vt/vtlispre/postqueryCab - ::1 - [26-12-2023 19:04]"}
{"level":"info","message":"ruta: /vt/vtlispre/listDet - ::1 - [26-12-2023 19:04]"}
{"level":"info","message":"ruta: /vt/vtlispre/postqueryCab - ::1 - [26-12-2023 19:04]"}
{"level":"info","message":"ruta: /vt/vtlispre/listDet - ::1 - [26-12-2023 19:04]"}
{"level":"info","message":"ruta: /vt/vtlispre/postqueryCab - ::1 - [26-12-2023 19:04]"}
{"level":"info","message":"ruta: /vt/vtlispre/listDet - ::1 - [26-12-2023 19:04]"}
{"level":"info","message":"ruta: /vt/vtlispre/listDet - ::1 - [26-12-2023 19:04]"}
{"level":"info","message":"ruta: /vt/vtlispre/listDet - ::1 - [26-12-2023 19:04]"}
{"level":"info","message":"ruta: /vt/vtlispre/postqueryCab - ::1 - [26-12-2023 19:04]"}
{"level":"info","message":"ruta: /vt/vtlispre/listDet - ::1 - [26-12-2023 19:04]"}
{"level":"info","message":"ruta: /vt/vtlispre/postqueryCab - ::1 - [26-12-2023 19:04]"}
{"level":"info","message":"ruta: /vt/vtlispre/listDet - ::1 - [26-12-2023 19:04]"}
{"level":"info","message":"ruta: /vt/vtlispre/listDet - ::1 - [26-12-2023 19:04]"}
{"level":"info","message":"ruta: /vt/vtlispre/listDet - ::1 - [26-12-2023 19:05]"}
{"level":"info","message":"ruta: /vt/vtlispre/listDet - ::1 - [26-12-2023 19:05]"}
{"level":"info","message":"ruta: /vt/vtlispre/listDet - ::1 - [26-12-2023 19:05]"}
{"level":"info","message":"ruta: /vt/vtlispre/listCab - ::1 - [26-12-2023 19:05]"}
{"level":"info","message":"ruta: /vt/vtlispre/postqueryCab - ::1 - [26-12-2023 19:05]"}
{"level":"info","message":"ruta: /vt/vtlispre/listDet - ::1 - [26-12-2023 19:05]"}
{"level":"info","message":"ruta: /vt/vtlispre/listDet - ::1 - [26-12-2023 19:05]"}
{"level":"info","message":"ruta: /vt/vtlispre/listDet - ::1 - [26-12-2023 19:05]"}
{"level":"info","message":"ruta: /vt/vtlispre/listCab - ::1 - [26-12-2023 19:05]"}
{"level":"info","message":"ruta: /vt/vtlispre/postqueryCab - ::1 - [26-12-2023 19:05]"}
{"level":"info","message":"ruta: /vt/vtlispre/listDet - ::1 - [26-12-2023 19:06]"}
{"level":"info","message":"ruta: /vt/vtlispre/listDet - ::1 - [26-12-2023 19:06]"}
{"level":"info","message":"ruta: /vt/vtlispre/listCab - ::1 - [26-12-2023 19:06]"}
{"level":"info","message":"ruta: /vt/vtlispre/postqueryCab - ::1 - [26-12-2023 19:06]"}
{"level":"info","message":"ruta: /vt/vtlispre/listDet - ::1 - [26-12-2023 19:06]"}
{"level":"info","message":"ruta: /vt/vtlispre/postqueryCab - ::1 - [26-12-2023 19:06]"}
{"level":"info","message":"ruta: /vt/vtlispre/listDet - ::1 - [26-12-2023 19:06]"}
{"level":"info","message":"ruta: /vt/vtlispre/postqueryCab - ::1 - [26-12-2023 19:06]"}
{"level":"info","message":"ruta: /vt/vtlispre/listDet - ::1 - [26-12-2023 19:06]"}
{"level":"info","message":"ruta: /vt/vtlispre/listDet - ::1 - [26-12-2023 19:06]"}
{"level":"info","message":"ruta: /vt/vtlispre/listCab - ::1 - [26-12-2023 19:06]"}
{"level":"info","message":"ruta: /vt/vtlispre/postqueryCab - ::1 - [26-12-2023 19:06]"}
{"level":"info","message":"ruta: /vt/vtlispre/listDet - ::1 - [26-12-2023 19:06]"}
{"level":"info","message":"ruta: /vt/vtlispre/listDet - ::1 - [26-12-2023 19:06]"}
{"level":"info","message":"ruta: /vt/vtlispre/listCab - ::1 - [26-12-2023 19:06]"}
{"level":"info","message":"ruta: /vt/vtlispre/postqueryCab - ::1 - [26-12-2023 19:06]"}
{"level":"info","message":"ruta: /vt/vtlispre/listDet - ::1 - [26-12-2023 19:09]"}
{"level":"info","message":"ruta: /vt/vtlispre/listDet - ::1 - [26-12-2023 19:09]"}
{"level":"info","message":"ruta: /vt/vtlispre/listDet - ::1 - [26-12-2023 19:09]"}
{"level":"info","message":"ruta: /vt/vtlispre/listCab - ::1 - [26-12-2023 19:09]"}
{"level":"info","message":"ruta: /vt/vtlispre/postqueryCab - ::1 - [26-12-2023 19:09]"}
{"level":"info","message":"ruta: /vt/vtlispre/listDet - ::1 - [26-12-2023 19:09]"}
{"level":"info","message":"ruta: /vt/vtlispre/listDet - ::1 - [26-12-2023 19:09]"}
{"level":"info","message":"ruta: /vt/vtlispre/listCab - ::1 - [26-12-2023 19:09]"}
{"level":"info","message":"ruta: /vt/vtlispre/postqueryCab - ::1 - [26-12-2023 19:09]"}
{"level":"info","message":"ruta: /vt/vtlispre/listDet - ::1 - [26-12-2023 19:10]"}
{"level":"info","message":"ruta: /vt/vtlispre/listDet - ::1 - [26-12-2023 19:10]"}
{"level":"info","message":"ruta: /vt/vtlispre/listCab - ::1 - [26-12-2023 19:10]"}
{"level":"info","message":"ruta: /vt/vtlispre/postqueryCab - ::1 - [26-12-2023 19:10]"}
{"level":"info","message":"ruta: /vt/vtlispre/listDet - ::1 - [26-12-2023 19:10]"}
{"level":"info","message":"ruta: /vt/vtlispre/listDet - ::1 - [26-12-2023 19:10]"}
{"level":"info","message":"ruta: /vt/vtlispre/listDet - ::1 - [26-12-2023 19:10]"}
{"level":"info","message":"ruta: /vt/vtlispre/listDet - ::1 - [26-12-2023 19:10]"}
{"level":"info","message":"ruta: /vt/vtlispre/listCab - ::1 - [26-12-2023 19:10]"}
{"level":"info","message":"ruta: /vt/vtlispre/postqueryCab - ::1 - [26-12-2023 19:10]"}
{"level":"info","message":"ruta: /vt/vtlispre/listDet - ::1 - [26-12-2023 19:10]"}
{"level":"info","message":"ruta: /vt/vtlispre/postqueryCab - ::1 - [26-12-2023 19:10]"}
{"level":"info","message":"ruta: /vt/vtlispre/listDet - ::1 - [26-12-2023 19:10]"}
{"level":"info","message":"ruta: /vt/vtlispre/postqueryCab - ::1 - [26-12-2023 19:10]"}
{"level":"info","message":"ruta: /vt/vtlispre/listDet - ::1 - [26-12-2023 19:10]"}
{"level":"info","message":"ruta: /vt/vtlispre/listDet - ::1 - [26-12-2023 19:10]"}
{"level":"info","message":"ruta: /vt/vtlispre/listDet - ::1 - [26-12-2023 19:10]"}
{"level":"info","message":"ruta: /vt/vtlispre/listDet - ::1 - [26-12-2023 19:10]"}
{"level":"info","message":"ruta: /vt/vtlispre/listDet - ::1 - [26-12-2023 19:10]"}
{"level":"info","message":"ruta: /vt/vtlispre/postqueryCab - ::1 - [26-12-2023 19:10]"}
{"level":"info","message":"ruta: /vt/vtlispre/listDet - ::1 - [26-12-2023 19:10]"}
{"level":"info","message":"ruta: /vt/vtlispre/postqueryCab - ::1 - [26-12-2023 19:10]"}
{"level":"info","message":"ruta: /vt/vtlispre/listDet - ::1 - [26-12-2023 19:10]"}
{"level":"info","message":"ruta: /vt/vtlispre/listDet - ::1 - [26-12-2023 19:10]"}
{"level":"info","message":"ruta: /vt/vtlispre/listDet - ::1 - [26-12-2023 19:10]"}
{"level":"info","message":"ruta: /vt/vtlispre/listDet - ::1 - [26-12-2023 19:10]"}
{"level":"info","message":"ruta: /vt/vtlispre/listDet - ::1 - [26-12-2023 19:11]"}
{"level":"info","message":"ruta: /vt/vtlispre/listDet - ::1 - [26-12-2023 19:11]"}
{"level":"info","message":"ruta: /vt/vtlispre/listDet - ::1 - [26-12-2023 19:11]"}
{"level":"info","message":"ruta: /vt/vtlispre/listCab - ::1 - [26-12-2023 19:11]"}
{"level":"info","message":"ruta: /vt/vtlispre/postqueryCab - ::1 - [26-12-2023 19:11]"}
{"level":"info","message":"ruta: /vt/vtlispre/listDet - ::1 - [26-12-2023 19:11]"}
{"level":"info","message":"ruta: /vt/vtlispre/postqueryCab - ::1 - [26-12-2023 19:11]"}
{"level":"info","message":"ruta: /vt/vtlispre/listDet - ::1 - [26-12-2023 19:11]"}
{"level":"info","message":"ruta: /vt/vtlispre/postqueryCab - ::1 - [26-12-2023 19:11]"}
{"level":"info","message":"ruta: /vt/vtlispre/listDet - ::1 - [26-12-2023 19:11]"}
{"level":"info","message":"ruta: /vt/vtlispre/listDet - ::1 - [26-12-2023 19:11]"}
{"level":"info","message":"ruta: /vt/vtlispre/listDet - ::1 - [26-12-2023 19:11]"}
{"level":"info","message":"ruta: /vt/vtlispre/postqueryCab - ::1 - [26-12-2023 19:11]"}
{"level":"info","message":"ruta: /vt/vtlispre/listDet - ::1 - [26-12-2023 19:11]"}
{"level":"info","message":"ruta: /vt/vtlispre/postqueryCab - ::1 - [26-12-2023 19:11]"}
{"level":"info","message":"ruta: /vt/vtlispre/listDet - ::1 - [26-12-2023 19:11]"}
{"level":"info","message":"ruta: /vt/vtlispre/listDet - ::1 - [26-12-2023 19:11]"}
{"level":"info","message":"ruta: /vt/vtlispre - ::1 - [26-12-2023 19:11]"}
{"level":"info","message":"ruta: /vt/vtlispre/listCab - ::1 - [26-12-2023 19:11]"}
{"level":"info","message":"ruta: /vt/vtlispre/postqueryCab - ::1 - [26-12-2023 19:11]"}
{"level":"info","message":"ruta: /vt/vtlispre/listDet - ::1 - [26-12-2023 19:11]"}
{"level":"info","message":"ruta: /vt/vtlispre/listDet - ::1 - [26-12-2023 19:11]"}
{"level":"info","message":"ruta: /vt/vtlispre/valida/moneda - ::1 - [26-12-2023 19:11]"}
{"level":"info","message":"ruta: /vt/vtlispre/valida/moneda - ::1 - [26-12-2023 19:11]"}
{"level":"info","message":"ruta: /vt/vtlispre/valida/articulo - ::1 - [26-12-2023 19:11]"}
{"level":"info","message":"ruta: /vt/vtlispre/valida/um - ::1 - [26-12-2023 19:11]"}
{"level":"info","message":"ruta: /vt/vtlispre/cod_lispre/1/01 - ::1 - [26-12-2023 19:11]"}
{"level":"info","message":"ruta: /vt/vtlispre - ::1 - [26-12-2023 19:11]"}
{"level":"info","message":"ruta: /vt/vtlispre/listCab - ::1 - [26-12-2023 19:11]"}
{"level":"info","message":"ruta: /vt/vtlispre/postqueryCab - ::1 - [26-12-2023 19:11]"}
{"level":"info","message":"ruta: /vt/vtlispre/listDet - ::1 - [26-12-2023 19:11]"}
{"level":"info","message":"ruta: /vt/vtlispre/listDet - ::1 - [26-12-2023 19:11]"}
{"level":"info","message":"ruta: /vt/vtlispre/listCab - ::1 - [26-12-2023 19:11]"}
{"level":"info","message":"ruta: /vt/vtlispre/postqueryCab - ::1 - [26-12-2023 19:11]"}
{"level":"info","message":"ruta: /vt/vtlispre/listDet - ::1 - [26-12-2023 19:11]"}
{"level":"info","message":"ruta: /vt/vtlispre/listDet - ::1 - [26-12-2023 19:11]"}
{"level":"info","message":"ruta: /vt/vtlispre/listCab - ::1 - [26-12-2023 19:11]"}
{"level":"info","message":"ruta: /vt/vtlispre/postqueryCab - ::1 - [26-12-2023 19:11]"}
{"level":"info","message":"ruta: /vt/vtlispre/listDet - ::1 - [26-12-2023 19:11]"}
{"level":"info","message":"ruta: /vt/vtlispre/listDet - ::1 - [26-12-2023 19:15]"}
{"level":"info","message":"ruta: /vt/vtlispre/listCab - ::1 - [26-12-2023 19:15]"}
{"level":"info","message":"ruta: /vt/vtlispre/postqueryCab - ::1 - [26-12-2023 19:15]"}
{"level":"info","message":"ruta: /vt/vtlispre/listDet - ::1 - [26-12-2023 19:15]"}
{"level":"info","message":"ruta: /vt/vtlispre/postqueryCab - ::1 - [26-12-2023 19:15]"}
{"level":"info","message":"ruta: /vt/vtlispre/listDet - ::1 - [26-12-2023 19:15]"}
{"level":"info","message":"ruta: /vt/vtlispre/postqueryCab - ::1 - [26-12-2023 19:15]"}
{"level":"info","message":"ruta: /vt/vtlispre/listDet - ::1 - [26-12-2023 19:15]"}
{"level":"info","message":"ruta: /vt/vtlispre/listDet - ::1 - [26-12-2023 19:15]"}
{"level":"info","message":"ruta: /vt/vtlispre/listDet - ::1 - [26-12-2023 19:15]"}
{"level":"info","message":"ruta: /vt/vtlispre/listDet - ::1 - [26-12-2023 19:18]"}
{"level":"info","message":"ruta: /vt/vtlispre/listDet - ::1 - [26-12-2023 19:18]"}
{"level":"info","message":"ruta: /vt/vtlispre/listCab - ::1 - [26-12-2023 19:18]"}
{"level":"info","message":"ruta: /vt/vtlispre/postqueryCab - ::1 - [26-12-2023 19:18]"}
{"level":"info","message":"ruta: /vt/vtlispre/listDet - ::1 - [26-12-2023 19:18]"}
{"level":"info","message":"ruta: /vt/vtlispre/listDet - ::1 - [26-12-2023 19:19]"}
{"level":"info","message":"ruta: /vt/vtlispre/listCab - ::1 - [26-12-2023 19:19]"}
{"level":"info","message":"ruta: /vt/vtlispre/postqueryCab - ::1 - [26-12-2023 19:19]"}
{"level":"info","message":"ruta: /vt/vtlispre/listDet - ::1 - [26-12-2023 19:19]"}
{"level":"info","message":"ruta: /vt/vtlispre/postqueryCab - ::1 - [26-12-2023 19:19]"}
{"level":"info","message":"ruta: /vt/vtlispre/listDet - ::1 - [26-12-2023 19:19]"}
{"level":"info","message":"ruta: /vt/vtlispre/postqueryCab - ::1 - [26-12-2023 19:19]"}
{"level":"info","message":"ruta: /vt/vtlispre/listDet - ::1 - [26-12-2023 19:19]"}
{"level":"info","message":"ruta: /vt/vtlispre/listDet - ::1 - [26-12-2023 19:19]"}
{"level":"info","message":"ruta: /vt/vtlispre/listCab - ::1 - [26-12-2023 19:19]"}
{"level":"info","message":"ruta: /vt/vtlispre/postqueryCab - ::1 - [26-12-2023 19:19]"}
{"level":"info","message":"ruta: /vt/vtlispre/listDet - ::1 - [26-12-2023 19:19]"}
{"level":"info","message":"ruta: /vt/vtlispre/postqueryCab - ::1 - [26-12-2023 19:19]"}
{"level":"info","message":"ruta: /vt/vtlispre/listDet - ::1 - [26-12-2023 19:19]"}
{"level":"info","message":"ruta: /vt/vtlispre/listDet - ::1 - [26-12-2023 19:19]"}
{"level":"info","message":"ruta: /vt/vtlispre/listCab - ::1 - [26-12-2023 19:19]"}
{"level":"info","message":"ruta: /vt/vtlispre/postqueryCab - ::1 - [26-12-2023 19:19]"}
{"level":"info","message":"ruta: /vt/vtlispre/listDet - ::1 - [26-12-2023 19:19]"}
{"level":"info","message":"ruta: /vt/vtlispre/listDet - ::1 - [26-12-2023 19:19]"}
{"level":"info","message":"ruta: /vt/vtlispre/listCab - ::1 - [26-12-2023 19:19]"}
{"level":"info","message":"ruta: /vt/vtlispre/postqueryCab - ::1 - [26-12-2023 19:19]"}
{"level":"info","message":"ruta: /vt/vtlispre/listDet - ::1 - [26-12-2023 19:19]"}
{"level":"info","message":"ruta: /vt/vtlispre/listDet - ::1 - [26-12-2023 19:19]"}
{"level":"info","message":"ruta: /vt/vtlispre/listDet - ::1 - [26-12-2023 19:20]"}
{"level":"info","message":"ruta: /vt/vtlispre/listDet - ::1 - [26-12-2023 19:20]"}
{"level":"info","message":"ruta: /vt/vtlispre/listCab - ::1 - [26-12-2023 19:20]"}
{"level":"info","message":"ruta: /vt/vtlispre/postqueryCab - ::1 - [26-12-2023 19:20]"}
{"level":"info","message":"ruta: /vt/vtlispre/listDet - ::1 - [26-12-2023 19:20]"}
{"level":"info","message":"ruta: /vt/vtlispre/listDet - ::1 - [26-12-2023 19:20]"}
{"level":"info","message":"ruta: /vt/vtlispre/listDet - ::1 - [26-12-2023 19:20]"}
{"level":"info","message":"ruta: /vt/vtlispre/listCab - ::1 - [26-12-2023 19:20]"}
{"level":"info","message":"ruta: /vt/vtlispre/postqueryCab - ::1 - [26-12-2023 19:20]"}
{"level":"info","message":"ruta: /vt/vtlispre/listDet - ::1 - [26-12-2023 19:20]"}
{"level":"info","message":"ruta: /vt/vtlispre/listDet - ::1 - [26-12-2023 19:20]"}
{"level":"info","message":"ruta: /vt/vtlispre/listDet - ::1 - [26-12-2023 19:21]"}
{"level":"info","message":"ruta: /vt/vtlispre/listDet - ::1 - [26-12-2023 19:21]"}
{"level":"info","message":"ruta: /vt/vtlispre/listCab - ::1 - [26-12-2023 19:21]"}
{"level":"info","message":"ruta: /vt/vtlispre/postqueryCab - ::1 - [26-12-2023 19:21]"}
{"level":"info","message":"ruta: /vt/vtlispre/listDet - ::1 - [26-12-2023 19:21]"}
{"level":"info","message":"ruta: /vt/vtlispre/listDet - ::1 - [26-12-2023 19:21]"}
{"level":"info","message":"ruta: /vt/vtlispre/listDet - ::1 - [26-12-2023 19:22]"}
{"level":"info","message":"ruta: /vt/vtlispre/listDet - ::1 - [26-12-2023 19:23]"}
{"level":"info","message":"ruta: /vt/vtlispre/listDet - ::1 - [26-12-2023 19:23]"}
{"level":"info","message":"ruta: /vt/vtlispre/listDet - ::1 - [26-12-2023 19:23]"}
{"level":"info","message":"ruta: /vt/vtlispre/listCab - ::1 - [26-12-2023 19:23]"}
{"level":"info","message":"ruta: /vt/vtlispre/postqueryCab - ::1 - [26-12-2023 19:23]"}
{"level":"info","message":"ruta: /vt/vtlispre/listDet - ::1 - [26-12-2023 19:23]"}
{"level":"info","message":"ruta: /vt/vtlispre/listDet - ::1 - [26-12-2023 19:24]"}
{"level":"info","message":"ruta: /vt/vtlispre/listDet - ::1 - [26-12-2023 19:24]"}
{"level":"info","message":"ruta: /vt/vtlispre/listCab - ::1 - [26-12-2023 19:24]"}
{"level":"info","message":"ruta: /vt/vtlispre/postqueryCab - ::1 - [26-12-2023 19:24]"}
{"level":"info","message":"ruta: /vt/vtlispre/listDet - ::1 - [26-12-2023 19:24]"}
{"level":"info","message":"ruta: /vt/vtlispre/listDet - ::1 - [26-12-2023 19:26]"}
{"level":"info","message":"ruta: /vt/vtlispre/listDet - ::1 - [26-12-2023 19:27]"}
{"level":"info","message":"ruta: /vt/vtlispre/listDet - ::1 - [26-12-2023 19:28]"}
{"level":"info","message":"ruta: /vt/vtlispre/listDet - ::1 - [26-12-2023 19:28]"}
{"level":"info","message":"ruta: /vt/vtlispre/listDet - ::1 - [26-12-2023 19:28]"}
{"level":"info","message":"ruta: /vt/vtlispre/listDet - ::1 - [26-12-2023 19:28]"}
{"level":"info","message":"ruta: /vt/vtlispre/listCab - ::1 - [26-12-2023 19:28]"}
{"level":"info","message":"ruta: /vt/vtlispre/postqueryCab - ::1 - [26-12-2023 19:28]"}
{"level":"info","message":"ruta: /vt/vtlispre/listDet - ::1 - [26-12-2023 19:28]"}
{"level":"info","message":"ruta: /vt/vtlispre/listDet - ::1 - [26-12-2023 19:28]"}
{"level":"info","message":"ruta: /vt/vtlispre/listDet - ::1 - [26-12-2023 19:28]"}
{"level":"info","message":"ruta: /vt/vtlispre/listDet - ::1 - [26-12-2023 19:28]"}
{"level":"info","message":"ruta: /vt/vtlispre/listDet - ::1 - [26-12-2023 19:28]"}
{"level":"info","message":"ruta: /vt/vtlispre/listCab - ::1 - [26-12-2023 19:28]"}
{"level":"info","message":"ruta: /vt/vtlispre/postqueryCab - ::1 - [26-12-2023 19:28]"}
{"level":"info","message":"ruta: /vt/vtlispre/listDet - ::1 - [26-12-2023 19:28]"}
{"level":"info","message":"ruta: /vt/vtlispre - ::1 - [26-12-2023 19:29]"}
{"level":"info","message":"ruta: /vt/vtlispre/listCab - ::1 - [26-12-2023 19:29]"}
{"level":"info","message":"ruta: /vt/vtlispre/postqueryCab - ::1 - [26-12-2023 19:29]"}
{"level":"info","message":"ruta: /vt/vtlispre/listDet - ::1 - [26-12-2023 19:29]"}
{"level":"info","message":"ruta: /vt/vtlispre/listDet - ::1 - [26-12-2023 19:29]"}
{"level":"info","message":"ruta: /vt/vtlispre/listCab - ::1 - [26-12-2023 19:29]"}
{"level":"info","message":"ruta: /vt/vtlispre/postqueryCab - ::1 - [26-12-2023 19:29]"}
{"level":"info","message":"ruta: /vt/vtlispre/listDet - ::1 - [26-12-2023 19:29]"}
{"level":"info","message":"ruta: /vt/vtlispre/listDet - ::1 - [26-12-2023 19:33]"}
{"level":"info","message":"ruta: /vt/vtlispre/listDet - ::1 - [26-12-2023 19:34]"}
{"level":"info","message":"ruta: /vt/vtlispre/listCab - ::1 - [26-12-2023 19:34]"}
{"level":"info","message":"ruta: /vt/vtlispre/postqueryCab - ::1 - [26-12-2023 19:34]"}
{"level":"info","message":"ruta: /vt/vtlispre/listDet - ::1 - [26-12-2023 19:34]"}
{"level":"info","message":"ruta: /vt/vtlispre/valida/articulo - ::1 - [26-12-2023 19:34]"}
{"level":"info","message":"ruta: /vt/vtlispre/valida/articulo - ::1 - [26-12-2023 19:34]"}
{"level":"info","message":"ruta: /vt/vtlispre/valida/um - ::1 - [26-12-2023 19:34]"}
{"level":"info","message":"ruta: /vt/vtlispre - ::1 - [26-12-2023 19:34]"}
{"level":"info","message":"ruta: /vt/vtlispre/listCab - ::1 - [26-12-2023 19:34]"}
{"level":"info","message":"ruta: /vt/vtlispre/postqueryCab - ::1 - [26-12-2023 19:34]"}
{"level":"info","message":"ruta: /vt/vtlispre/listDet - ::1 - [26-12-2023 19:34]"}
{"level":"info","message":"ruta: /vt/vtlispre - ::1 - [26-12-2023 19:34]"}
{"level":"info","message":"ruta: /vt/vtlispre/listCab - ::1 - [26-12-2023 19:34]"}
{"level":"info","message":"ruta: /vt/vtlispre/postqueryCab - ::1 - [26-12-2023 19:34]"}
{"level":"info","message":"ruta: /vt/vtlispre/listDet - ::1 - [26-12-2023 19:34]"}
{"level":"info","message":"ruta: /vt/vtlispre/valida/articulo - ::1 - [26-12-2023 19:34]"}
{"level":"info","message":"ruta: /vt/vtlispre/valida/articulo - ::1 - [26-12-2023 19:34]"}
{"level":"info","message":"ruta: /vt/vtlispre/valida/articulo - ::1 - [26-12-2023 19:34]"}
{"level":"info","message":"ruta: /vt/vtlispre/valida/articulo - ::1 - [26-12-2023 19:34]"}
{"level":"info","message":"ruta: /vt/vtlispre/valida/articulo - ::1 - [26-12-2023 19:34]"}
{"level":"info","message":"ruta: /vt/vtlispre/valida/um - ::1 - [26-12-2023 19:34]"}
{"level":"info","message":"ruta: /vt/vtlispre/valida/um - ::1 - [26-12-2023 19:34]"}
{"level":"info","message":"ruta: /vt/vtlispre/valida/um - ::1 - [26-12-2023 19:34]"}
{"level":"info","message":"ruta: /vt/vtlispre/valida/um - ::1 - [26-12-2023 19:34]"}
{"level":"info","message":"ruta: /vt/vtlispre/valida/um - ::1 - [26-12-2023 19:34]"}
{"level":"info","message":"ruta: /vt/vtlispre - ::1 - [26-12-2023 19:34]"}
{"level":"info","message":"ruta: /vt/vtlispre/listCab - ::1 - [26-12-2023 19:34]"}
{"level":"info","message":"ruta: /vt/vtlispre/postqueryCab - ::1 - [26-12-2023 19:34]"}
{"level":"info","message":"ruta: /vt/vtlispre/listDet - ::1 - [26-12-2023 19:34]"}
{"level":"info","message":"ruta: /vt/vtlispre/valida/articulo - ::1 - [26-12-2023 19:35]"}
{"level":"info","message":"ruta: /vt/vtlispre - ::1 - [26-12-2023 19:35]"}
{"level":"info","message":"ruta: /vt/vtlispre/listCab - ::1 - [26-12-2023 19:35]"}
{"level":"info","message":"ruta: /vt/vtlispre/postqueryCab - ::1 - [26-12-2023 19:35]"}
{"level":"info","message":"ruta: /vt/vtlispre/listDet - ::1 - [26-12-2023 19:35]"}
{"level":"info","message":"ruta: /vt/vtlispre/valida/articulo - ::1 - [26-12-2023 19:35]"}
{"level":"info","message":"ruta: /vt/vtlispre/valida/articulo - ::1 - [26-12-2023 19:35]"}
{"level":"info","message":"ruta: /vt/vtlispre - ::1 - [26-12-2023 19:35]"}
{"level":"info","message":"ruta: /vt/vtlispre/listCab - ::1 - [26-12-2023 19:35]"}
{"level":"info","message":"ruta: /vt/vtlispre/postqueryCab - ::1 - [26-12-2023 19:35]"}
{"level":"info","message":"ruta: /vt/vtlispre/listDet - ::1 - [26-12-2023 19:35]"}
{"level":"info","message":"ruta: /vt/vtlispre/listDet - ::1 - [26-12-2023 19:35]"}
{"level":"info","message":"ruta: /vt/vtlispre/listDet - ::1 - [26-12-2023 19:35]"}
{"level":"info","message":"ruta: /vt/vtlispre/listDet - ::1 - [26-12-2023 19:35]"}
{"level":"info","message":"ruta: /vt/vtlispre/listCab - ::1 - [26-12-2023 19:35]"}
{"level":"info","message":"ruta: /vt/vtlispre/postqueryCab - ::1 - [26-12-2023 19:35]"}
{"level":"info","message":"ruta: /vt/vtlispre/listDet - ::1 - [26-12-2023 19:35]"}
{"level":"info","message":"ruta: /vt/vtlispre/listDet - ::1 - [26-12-2023 19:35]"}
{"level":"info","message":"ruta: /vt/vtlispre/listCab - ::1 - [26-12-2023 19:35]"}
{"level":"info","message":"ruta: /vt/vtlispre/postqueryCab - ::1 - [26-12-2023 19:35]"}
{"level":"info","message":"ruta: /vt/vtlispre/listDet - ::1 - [26-12-2023 19:35]"}
{"level":"info","message":"ruta: /vt/vtlispre/valida/articulo - ::1 - [26-12-2023 19:35]"}
{"level":"info","message":"ruta: /vt/vtlispre/valida/articulo - ::1 - [26-12-2023 19:35]"}
{"level":"info","message":"ruta: /vt/vtlispre/valida/um - ::1 - [26-12-2023 19:35]"}
{"level":"info","message":"ruta: /vt/vtlispre - ::1 - [26-12-2023 19:35]"}
{"level":"info","message":"ruta: /vt/vtlispre/listCab - ::1 - [26-12-2023 19:35]"}
{"level":"info","message":"ruta: /vt/vtlispre/postqueryCab - ::1 - [26-12-2023 19:35]"}
{"level":"info","message":"ruta: /vt/vtlispre/listDet - ::1 - [26-12-2023 19:35]"}
{"level":"info","message":"ruta: /vt/vtlispre/listDet - ::1 - [26-12-2023 19:36]"}
{"level":"info","message":"ruta: /vt/vtlispre/listDet - ::1 - [26-12-2023 19:36]"}
{"level":"info","message":"ruta: /vt/vtlispre/listCab - ::1 - [26-12-2023 19:36]"}
{"level":"info","message":"ruta: /vt/vtlispre/postqueryCab - ::1 - [26-12-2023 19:36]"}
{"level":"info","message":"ruta: /vt/vtlispre/listDet - ::1 - [26-12-2023 19:36]"}
{"level":"info","message":"ruta: /vt/vtlispre/listDet - ::1 - [26-12-2023 19:38]"}
{"level":"info","message":"ruta: /vt/vtlispre/listDet - ::1 - [26-12-2023 19:38]"}
{"level":"info","message":"ruta: /vt/vtlispre/listCab - ::1 - [26-12-2023 19:38]"}
{"level":"info","message":"ruta: /vt/vtlispre/postqueryCab - ::1 - [26-12-2023 19:38]"}
{"level":"info","message":"ruta: /vt/vtlispre/listDet - ::1 - [26-12-2023 19:38]"}
{"level":"info","message":"ruta: /vt/vtlispre - ::1 - [26-12-2023 19:38]"}
{"level":"info","message":"ruta: /vt/vtlispre/listCab - ::1 - [26-12-2023 19:38]"}
{"level":"info","message":"ruta: /vt/vtlispre/postqueryCab - ::1 - [26-12-2023 19:38]"}
{"level":"info","message":"ruta: /vt/vtlispre/listDet - ::1 - [26-12-2023 19:38]"}
{"level":"info","message":"ruta: /vt/vtlispre/listDet - ::1 - [26-12-2023 19:38]"}
{"level":"info","message":"ruta: /vt/vtlispre/listCab - ::1 - [26-12-2023 19:38]"}
{"level":"info","message":"ruta: /vt/vtlispre/postqueryCab - ::1 - [26-12-2023 19:38]"}
{"level":"info","message":"ruta: /vt/vtlispre/listDet - ::1 - [26-12-2023 19:38]"}
{"level":"info","message":"ruta: /vt/vtlispre/listDet - ::1 - [26-12-2023 19:39]"}
{"level":"info","message":"ruta: /vt/vtlispre/listDet - ::1 - [26-12-2023 19:39]"}
{"level":"info","message":"ruta: /vt/vtlispre/listCab - ::1 - [26-12-2023 19:39]"}
{"level":"info","message":"ruta: /vt/vtlispre/postqueryCab - ::1 - [26-12-2023 19:39]"}
{"level":"info","message":"ruta: /vt/vtlispre/listDet - ::1 - [26-12-2023 19:39]"}
{"level":"info","message":"ruta: /vt/vtlispre - ::1 - [26-12-2023 19:39]"}
{"level":"info","message":"ruta: /vt/vtlispre/listCab - ::1 - [26-12-2023 19:39]"}
{"level":"info","message":"ruta: /vt/vtlispre/postqueryCab - ::1 - [26-12-2023 19:39]"}
{"level":"info","message":"ruta: /vt/vtlispre/listDet - ::1 - [26-12-2023 19:39]"}
{"level":"info","message":"ruta: /vt/vtlispre/listDet - ::1 - [26-12-2023 19:39]"}
{"level":"info","message":"ruta: /vt/vtlispre/listCab - ::1 - [26-12-2023 19:40]"}
{"level":"info","message":"ruta: /vt/vtlispre/postqueryCab - ::1 - [26-12-2023 19:40]"}
{"level":"info","message":"ruta: /vt/vtlispre/listDet - ::1 - [26-12-2023 19:40]"}
{"level":"info","message":"ruta: /vt/vtlispre/listDet - ::1 - [26-12-2023 19:40]"}
{"level":"info","message":"ruta: /vt/vtlispre/listCab - ::1 - [26-12-2023 19:40]"}
{"level":"info","message":"ruta: /vt/vtlispre/postqueryCab - ::1 - [26-12-2023 19:40]"}
{"level":"info","message":"ruta: /vt/vtlispre/listDet - ::1 - [26-12-2023 19:40]"}
{"level":"info","message":"ruta: /vt/vtlispre/listDet - ::1 - [26-12-2023 19:40]"}
{"level":"info","message":"ruta: /vt/vtlispre/listDet - ::1 - [26-12-2023 19:40]"}
{"level":"info","message":"ruta: /vt/vtlispre/listCab - ::1 - [26-12-2023 19:40]"}
{"level":"info","message":"ruta: /vt/vtlispre/postqueryCab - ::1 - [26-12-2023 19:40]"}
{"level":"info","message":"ruta: /vt/vtlispre/listDet - ::1 - [26-12-2023 19:40]"}
{"level":"info","message":"ruta: /vt/vtlispre/listDet - ::1 - [26-12-2023 19:41]"}
{"level":"info","message":"ruta: /vt/vtlispre/listCab - ::1 - [26-12-2023 19:41]"}
{"level":"info","message":"ruta: /vt/vtlispre/postqueryCab - ::1 - [26-12-2023 19:41]"}
{"level":"info","message":"ruta: /vt/vtlispre/listDet - ::1 - [26-12-2023 19:41]"}
{"level":"info","message":"ruta: /vt/vtlispre/listDet - ::1 - [26-12-2023 19:42]"}
{"level":"info","message":"ruta: /vt/vtlispre/listDet - ::1 - [26-12-2023 19:42]"}
{"level":"info","message":"ruta: /vt/vtlispre/listDet - ::1 - [26-12-2023 19:42]"}
{"level":"info","message":"ruta: /vt/vtlispre/listDet - ::1 - [26-12-2023 19:42]"}
{"level":"info","message":"ruta: /vt/vtlispre/listCab - ::1 - [26-12-2023 19:42]"}
{"level":"info","message":"ruta: /vt/vtlispre/postqueryCab - ::1 - [26-12-2023 19:42]"}
{"level":"info","message":"ruta: /vt/vtlispre/listDet - ::1 - [26-12-2023 19:42]"}
{"level":"info","message":"ruta: /vt/vtlispre - ::1 - [26-12-2023 19:42]"}
{"level":"info","message":"ruta: /vt/vtlispre/listCab - ::1 - [26-12-2023 19:42]"}
{"level":"info","message":"ruta: /vt/vtlispre/postqueryCab - ::1 - [26-12-2023 19:42]"}
{"level":"info","message":"ruta: /vt/vtlispre/listDet - ::1 - [26-12-2023 19:42]"}
{"level":"info","message":"ruta: /vt/vtlispre/listDet - ::1 - [26-12-2023 19:42]"}
{"level":"info","message":"ruta: /vt/vtlispre/listCab - ::1 - [26-12-2023 19:42]"}
{"level":"info","message":"ruta: /vt/vtlispre/postqueryCab - ::1 - [26-12-2023 19:42]"}
{"level":"info","message":"ruta: /vt/vtlispre/listDet - ::1 - [26-12-2023 19:42]"}
{"level":"info","message":"ruta: /vt/vtlispre/listDet - ::1 - [26-12-2023 19:42]"}
{"level":"info","message":"ruta: /vt/vtlispre/listCab - ::1 - [26-12-2023 19:42]"}
{"level":"info","message":"ruta: /vt/vtlispre/postqueryCab - ::1 - [26-12-2023 19:42]"}
{"level":"info","message":"ruta: /vt/vtlispre/listDet - ::1 - [26-12-2023 19:42]"}
{"level":"info","message":"ruta: /vt/vtlispre/listDet - ::1 - [26-12-2023 19:43]"}
{"level":"info","message":"ruta: /vt/vtlispre/listCab - ::1 - [26-12-2023 19:43]"}
{"level":"info","message":"ruta: /vt/vtlispre/postqueryCab - ::1 - [26-12-2023 19:43]"}
{"level":"info","message":"ruta: /vt/vtlispre/listDet - ::1 - [26-12-2023 19:43]"}
{"level":"info","message":"ruta: /vt/vtlispre/postqueryCab - ::1 - [26-12-2023 19:43]"}
{"level":"info","message":"ruta: /vt/vtlispre/listDet - ::1 - [26-12-2023 19:43]"}
{"level":"info","message":"ruta: /vt/vtlispre/postqueryCab - ::1 - [26-12-2023 19:43]"}
{"level":"info","message":"ruta: /vt/vtlispre/listDet - ::1 - [26-12-2023 19:43]"}
{"level":"info","message":"ruta: /vt/vtlispre/listDet - ::1 - [26-12-2023 19:48]"}
{"level":"info","message":"ruta: /vt/vtlispre/listDet - ::1 - [26-12-2023 19:49]"}
{"level":"info","message":"ruta: /vt/vtlispre/listDet - ::1 - [26-12-2023 19:49]"}
{"level":"info","message":"ruta: /vt/vtlispre/listCab - ::1 - [26-12-2023 19:49]"}
{"level":"info","message":"ruta: /vt/vtlispre/postqueryCab - ::1 - [26-12-2023 19:49]"}
{"level":"info","message":"ruta: /vt/vtlispre/listDet - ::1 - [26-12-2023 19:49]"}
{"level":"info","message":"ruta: /vt/vtlispre/listDet - ::1 - [26-12-2023 19:49]"}
{"level":"info","message":"ruta: /vt/vtlispre/listCab - ::1 - [26-12-2023 19:49]"}
{"level":"info","message":"ruta: /vt/vtlispre/postqueryCab - ::1 - [26-12-2023 19:49]"}
{"level":"info","message":"ruta: /vt/vtlispre/listDet - ::1 - [26-12-2023 19:49]"}
{"level":"info","message":"ruta: /vt/vtlispre/valida/articulo - ::1 - [26-12-2023 19:49]"}
{"level":"info","message":"ruta: /vt/vtlispre/valida/um - ::1 - [26-12-2023 19:49]"}
{"level":"info","message":"ruta: /vt/vtlispre - ::1 - [26-12-2023 19:49]"}
{"level":"info","message":"ruta: /vt/vtlispre/listCab - ::1 - [26-12-2023 19:49]"}
{"level":"info","message":"ruta: /vt/vtlispre/postqueryCab - ::1 - [26-12-2023 19:49]"}
{"level":"info","message":"ruta: /vt/vtlispre/listDet - ::1 - [26-12-2023 19:49]"}
{"level":"info","message":"ruta: /vt/vtlispre - ::1 - [26-12-2023 19:49]"}
{"level":"info","message":"ruta: /vt/vtlispre/listCab - ::1 - [26-12-2023 19:49]"}
{"level":"info","message":"ruta: /vt/vtlispre/postqueryCab - ::1 - [26-12-2023 19:49]"}
{"level":"info","message":"ruta: /vt/vtlispre/listDet - ::1 - [26-12-2023 19:49]"}
{"level":"info","message":"ruta: /vt/vtlispre/listDet - ::1 - [26-12-2023 19:50]"}
{"level":"info","message":"ruta: /vt/vtlispre/listDet - ::1 - [26-12-2023 19:50]"}
{"level":"info","message":"ruta: /vt/vtlispre/listCab - ::1 - [26-12-2023 19:50]"}
{"level":"info","message":"ruta: /vt/vtlispre/postqueryCab - ::1 - [26-12-2023 19:50]"}
{"level":"info","message":"ruta: /vt/vtlispre/listDet - ::1 - [26-12-2023 19:50]"}
{"level":"info","message":"ruta: /vt/vtlispre/postqueryCab - ::1 - [26-12-2023 19:50]"}
{"level":"info","message":"ruta: /vt/vtlispre/listDet - ::1 - [26-12-2023 19:50]"}
{"level":"info","message":"ruta: /vt/vtlispre/listDet - ::1 - [26-12-2023 19:50]"}
{"level":"info","message":"ruta: /vt/vtlispre/listDet - ::1 - [26-12-2023 19:50]"}
{"level":"info","message":"ruta: /vt/vtlispre - ::1 - [26-12-2023 19:50]"}
{"level":"info","message":"ruta: /vt/vtlispre/listCab - ::1 - [26-12-2023 19:50]"}
{"level":"info","message":"ruta: /vt/vtlispre/postqueryCab - ::1 - [26-12-2023 19:50]"}
{"level":"info","message":"ruta: /vt/vtlispre/listDet - ::1 - [26-12-2023 19:50]"}
{"level":"info","message":"ruta: /vt/vtlispre/listDet - ::1 - [26-12-2023 19:50]"}
{"level":"info","message":"ruta: /vt/vtlispre - ::1 - [26-12-2023 19:50]"}
{"level":"info","message":"ruta: /vt/vtlispre/listCab - ::1 - [26-12-2023 19:50]"}
{"level":"info","message":"ruta: /vt/vtlispre/postqueryCab - ::1 - [26-12-2023 19:50]"}
{"level":"info","message":"ruta: /vt/vtlispre/listDet - ::1 - [26-12-2023 19:50]"}
{"level":"info","message":"ruta: /vt/vtlispre/listDet - ::1 - [26-12-2023 19:50]"}
{"level":"info","message":"ruta: /vt/vtlispre/valida/moneda - ::1 - [26-12-2023 19:51]"}
{"level":"info","message":"ruta: /vt/vtlispre/valida/articulo - ::1 - [26-12-2023 19:51]"}
{"level":"info","message":"ruta: /vt/vtlispre/valida/articulo - ::1 - [26-12-2023 19:51]"}
{"level":"info","message":"ruta: /vt/vtlispre/valida/um - ::1 - [26-12-2023 19:51]"}
{"level":"info","message":"ruta: /vt/vtlispre/cod_lispre/1/01 - ::1 - [26-12-2023 19:51]"}
{"level":"info","message":"ruta: /vt/vtlispre - ::1 - [26-12-2023 19:51]"}
{"level":"info","message":"ruta: /vt/vtlispre/listCab - ::1 - [26-12-2023 19:51]"}
{"level":"info","message":"ruta: /vt/vtlispre/postqueryCab - ::1 - [26-12-2023 19:51]"}
{"level":"info","message":"ruta: /vt/vtlispre/listDet - ::1 - [26-12-2023 19:51]"}
{"level":"info","message":"ruta: /vt/vtlispre/buscar/articulo - ::1 - [26-12-2023 19:51]"}
{"level":"info","message":"ruta: /vt/vtlispre/listDet - ::1 - [26-12-2023 19:51]"}
{"level":"info","message":"ruta: /vt/vtlispre/listCab - ::1 - [26-12-2023 19:51]"}
{"level":"info","message":"ruta: /vt/vtlispre/postqueryCab - ::1 - [26-12-2023 19:51]"}
{"level":"info","message":"ruta: /vt/vtlispre/listDet - ::1 - [26-12-2023 19:51]"}
{"level":"info","message":"ruta: /vt/vtlispre/valida/articulo - ::1 - [26-12-2023 19:51]"}
{"level":"info","message":"ruta: /vt/vtlispre/valida/um - ::1 - [26-12-2023 19:51]"}
{"level":"info","message":"ruta: /vt/vtlispre - ::1 - [26-12-2023 19:51]"}
{"level":"info","message":"ruta: /vt/vtlispre/listCab - ::1 - [26-12-2023 19:51]"}
{"level":"info","message":"ruta: /vt/vtlispre/postqueryCab - ::1 - [26-12-2023 19:51]"}
{"level":"info","message":"ruta: /vt/vtlispre/listDet - ::1 - [26-12-2023 19:51]"}
