{"level":"info","message":"ruta: /cm/cmfactur/preform - ::1 - [21-03-2024 19:20]"}
{"level":"info","message":"ruta: /cm/cmfactur/list/detalle - ::1 - [21-03-2024 19:20]"}
{"level":"info","message":"ruta: /cm/cmfactur/preform - ::1 - [21-03-2024 19:21]"}
{"level":"info","message":"ruta: /cm/cmfactur/list/cabecera - ::1 - [21-03-2024 19:21]"}
{"level":"info","message":"ruta: /cm/cmfactur/list/detalle - ::1 - [21-03-2024 19:21]"}
{"level":"info","message":"ruta: /cm/cmfactur/preform - ::1 - [21-03-2024 19:21]"}
{"level":"info","message":"ruta: /cm/cmfactur/list/cabecera - ::1 - [21-03-2024 19:21]"}
{"level":"info","message":"ruta: /cm/cmfactur/list/detalle - ::1 - [21-03-2024 19:21]"}
{"level":"info","message":"ruta: /cm/cmfactur/list/detalle - ::1 - [21-03-2024 19:21]"}
{"level":"info","message":"ruta: /cm/cmfactur/list/detalle - ::1 - [21-03-2024 19:21]"}
{"level":"info","message":"ruta: /cm/cmfactur/list/detalle - ::1 - [21-03-2024 19:21]"}
{"level":"info","message":"ruta: /cm/cmfactur/list/detalle - ::1 - [21-03-2024 19:21]"}
{"level":"info","message":"ruta: /cm/cmfactur/list/detalle - ::1 - [21-03-2024 19:21]"}
{"level":"info","message":"ruta: /cm/cmfactur/list/detalle - ::1 - [21-03-2024 19:21]"}
{"level":"info","message":"ruta: /cm/cmfactur/list/detalle - ::1 - [21-03-2024 19:21]"}
{"level":"info","message":"ruta: /cm/cmfactur/list/detalle - ::1 - [21-03-2024 19:21]"}
{"level":"info","message":"ruta: /cm/cmfactur/list/detalle - ::1 - [21-03-2024 19:21]"}
{"level":"info","message":"ruta: /cm/cmfactur/list/detalle - ::1 - [21-03-2024 19:21]"}
{"level":"info","message":"ruta: /cm/cmfactur/list/detalle - ::1 - [21-03-2024 19:21]"}
{"level":"info","message":"ruta: /cm/cmfactur/list/detalle - ::1 - [21-03-2024 19:21]"}
{"level":"info","message":"ruta: /cm/cmfactur/list/detalle - ::1 - [21-03-2024 19:21]"}
{"level":"info","message":"ruta: /cm/cmfactur/list/detalle - ::1 - [21-03-2024 19:21]"}
{"level":"info","message":"ruta: /cm/cmfactur/list/detalle - ::1 - [21-03-2024 19:21]"}
{"level":"info","message":"ruta: /cm/cmfactur/preform - ::1 - [21-03-2024 19:23]"}
{"level":"info","message":"ruta: /cm/cmfactur/list/detalle - ::1 - [21-03-2024 19:23]"}
{"level":"info","message":"ruta: /cm/cmfactur/preform - ::1 - [21-03-2024 19:23]"}
{"level":"info","message":"ruta: /cm/cmfactur/list/detalle - ::1 - [21-03-2024 19:23]"}
{"level":"info","message":"ruta: /cm/cmfactur/preform - ::1 - [21-03-2024 19:24]"}
{"level":"info","message":"ruta: /cm/cmfactur/list/detalle - ::1 - [21-03-2024 19:24]"}
{"level":"info","message":"ruta: /cm/cmfactur/preform - ::1 - [21-03-2024 19:24]"}
{"level":"info","message":"ruta: /cm/cmfactur/list/detalle - ::1 - [21-03-2024 19:24]"}
{"level":"info","message":"ruta: /cm/cmfactur/preform - ::1 - [21-03-2024 19:26]"}
{"level":"info","message":"ruta: /cm/cmfactur/list/detalle - ::1 - [21-03-2024 19:26]"}
{"level":"info","message":"ruta: /cm/cmfactur/preform - ::1 - [21-03-2024 19:27]"}
{"level":"info","message":"ruta: /cm/cmfactur/list/detalle - ::1 - [21-03-2024 19:27]"}
{"level":"info","message":"ruta: /cm/cmfactur/preform - ::1 - [21-03-2024 19:30]"}
{"level":"info","message":"ruta: /cm/cmfactur/list/detalle - ::1 - [21-03-2024 19:30]"}
{"level":"info","message":"ruta: /cm/cmfactur/preform - ::1 - [21-03-2024 19:43]"}
{"level":"info","message":"ruta: /cm/cmfactur/list/detalle - ::1 - [21-03-2024 19:43]"}
{"level":"info","message":"ruta: /cm/cmfactur/preform - ::1 - [21-03-2024 19:43]"}
{"level":"info","message":"ruta: /cm/cmfactur/list/cabecera - ::1 - [21-03-2024 19:43]"}
{"level":"info","message":"ruta: /cm/cmfactur/list/detalle - ::1 - [21-03-2024 19:43]"}
{"level":"info","message":"ruta: /cm/cmfactur/preform - ::1 - [21-03-2024 19:43]"}
{"level":"info","message":"ruta: /cm/cmfactur/list/cabecera - ::1 - [21-03-2024 19:43]"}
{"level":"info","message":"ruta: /cm/cmfactur/list/detalle - ::1 - [21-03-2024 19:43]"}
{"level":"info","message":"ruta: /cm/cmfactur/list/cabecera - ::1 - [21-03-2024 19:43]"}
{"level":"info","message":"ruta: /cm/cmfactur/list/detalle - ::1 - [21-03-2024 19:43]"}
{"level":"info","message":"ruta: /cm/cmfactur/preform - ::1 - [21-03-2024 19:43]"}
{"level":"info","message":"ruta: /cm/cmfactur/list/cabecera - ::1 - [21-03-2024 19:43]"}
{"level":"info","message":"ruta: /cm/cmfactur/list/detalle - ::1 - [21-03-2024 19:43]"}
{"level":"info","message":"ruta: /cm/cmfactur/list/detalle - ::1 - [21-03-2024 19:43]"}
{"level":"info","message":"ruta: /cm/cmfactur/list/detalle - ::1 - [21-03-2024 19:43]"}
{"level":"info","message":"ruta: /cm/cmfactur/list/detalle - ::1 - [21-03-2024 19:43]"}
{"level":"info","message":"ruta: /cm/cmfactur/list/detalle - ::1 - [21-03-2024 19:43]"}
{"level":"info","message":"ruta: /cm/cmfactur/list/detalle - ::1 - [21-03-2024 19:43]"}
{"level":"info","message":"ruta: /cm/cmfactur/list/detalle - ::1 - [21-03-2024 19:43]"}
{"level":"info","message":"ruta: /cm/cmfactur/list/detalle - ::1 - [21-03-2024 19:43]"}
{"level":"info","message":"ruta: /cm/cmfactur/preform - ::1 - [21-03-2024 19:43]"}
{"level":"info","message":"ruta: /cm/cmfactur/list/cabecera - ::1 - [21-03-2024 19:43]"}
{"level":"info","message":"ruta: /cm/cmfactur/list/detalle - ::1 - [21-03-2024 19:43]"}
{"level":"info","message":"ruta: /cm/cmfactur/preform - ::1 - [21-03-2024 19:43]"}
{"level":"info","message":"ruta: /cm/cmfactur/list/cabecera - ::1 - [21-03-2024 19:43]"}
{"level":"info","message":"ruta: /cm/cmfactur/list/detalle - ::1 - [21-03-2024 19:43]"}
{"level":"info","message":"ruta: /cm/cmfactur/preform - ::1 - [21-03-2024 19:43]"}
{"level":"info","message":"ruta: /cm/cmfactur/list/cabecera - ::1 - [21-03-2024 19:43]"}
{"level":"info","message":"ruta: /cm/cmfactur/preform - ::1 - [21-03-2024 19:43]"}
{"level":"info","message":"ruta: /cm/cmfactur/list/detalle - ::1 - [21-03-2024 19:43]"}
{"level":"info","message":"ruta: /cm/cmfactur/list/cabecera - ::1 - [21-03-2024 19:43]"}
{"level":"info","message":"ruta: /cm/cmfactur/preform - ::1 - [21-03-2024 19:43]"}
{"level":"info","message":"ruta: /cm/cmfactur/preform - ::1 - [21-03-2024 19:43]"}
{"level":"info","message":"ruta: /cm/cmfactur/preform - ::1 - [21-03-2024 19:44]"}
{"level":"info","message":"ruta: /cm/cmfactur/list/detalle - ::1 - [21-03-2024 19:44]"}
{"level":"info","message":"ruta: /cm/cmfactur/preform - ::1 - [21-03-2024 19:44]"}
{"level":"info","message":"ruta: /cm/cmfactur/list/cabecera - ::1 - [21-03-2024 19:44]"}
{"level":"info","message":"ruta: /cm/cmfactur/list/detalle - ::1 - [21-03-2024 19:44]"}
{"level":"info","message":"ruta: /cm/cmfactur/preform - ::1 - [21-03-2024 19:44]"}
{"level":"info","message":"ruta: /cm/cmfactur/list/cabecera - ::1 - [21-03-2024 19:44]"}
{"level":"info","message":"ruta: /cm/cmfactur/preform - ::1 - [21-03-2024 19:45]"}
{"level":"info","message":"ruta: /cm/cmfactur/list/detalle - ::1 - [21-03-2024 19:45]"}
{"level":"info","message":"ruta: /cm/cmfactur/preform - ::1 - [21-03-2024 19:45]"}
{"level":"info","message":"ruta: /cm/cmfactur/list/cabecera - ::1 - [21-03-2024 19:45]"}
{"level":"info","message":"ruta: /cm/cmfactur/list/detalle - ::1 - [21-03-2024 19:45]"}
{"level":"info","message":"ruta: /cm/cmfactur/preform - ::1 - [21-03-2024 19:45]"}
{"level":"info","message":"ruta: /cm/cmfactur/list/cabecera - ::1 - [21-03-2024 19:45]"}
{"level":"info","message":"ruta: /cm/cmfactur/list/detalle - ::1 - [21-03-2024 19:45]"}
{"level":"info","message":"ruta: /cm/cmfactur/preform - ::1 - [21-03-2024 19:45]"}
{"level":"info","message":"ruta: /cm/cmfactur/list/cabecera - ::1 - [21-03-2024 19:45]"}
{"level":"info","message":"ruta: /cm/cmfactur/list/detalle - ::1 - [21-03-2024 19:45]"}
{"level":"info","message":"ruta: /cm/cmfactur/list/detalle - ::1 - [21-03-2024 19:45]"}
{"level":"info","message":"ruta: /cm/cmfactur/list/detalle - ::1 - [21-03-2024 19:45]"}
{"level":"info","message":"ruta: /cm/cmfactur/list/detalle - ::1 - [21-03-2024 19:45]"}
{"level":"info","message":"ruta: /cm/cmfactur/list/detalle - ::1 - [21-03-2024 19:45]"}
{"level":"info","message":"ruta: /cm/cmfactur/preform - ::1 - [21-03-2024 19:45]"}
{"level":"info","message":"ruta: /cm/cmfactur/list/cabecera - ::1 - [21-03-2024 19:45]"}
{"level":"info","message":"ruta: /cm/cmfactur/preform - ::1 - [21-03-2024 19:46]"}
{"level":"info","message":"ruta: /cm/cmfactur/list/detalle - ::1 - [21-03-2024 19:46]"}
{"level":"info","message":"ruta: /cm/cmfactur/preform - ::1 - [21-03-2024 19:46]"}
{"level":"info","message":"ruta: /cm/cmfactur/list/cabecera - ::1 - [21-03-2024 19:46]"}
{"level":"info","message":"ruta: /cm/cmfactur/preform - ::1 - [21-03-2024 19:46]"}
{"level":"info","message":"ruta: /cm/cmfactur/list/cabecera - ::1 - [21-03-2024 19:46]"}
{"level":"info","message":"ruta: /cm/cmfactur/list/detalle - ::1 - [21-03-2024 19:46]"}
{"level":"info","message":"ruta: /cm/cmfactur/preform - ::1 - [21-03-2024 19:46]"}
{"level":"info","message":"ruta: /cm/cmfactur/list/cabecera - ::1 - [21-03-2024 19:46]"}
{"level":"info","message":"ruta: /cm/cmfactur/list/detalle - ::1 - [21-03-2024 19:46]"}
{"level":"info","message":"ruta: /cm/cmfactur/list/detalle - ::1 - [21-03-2024 19:46]"}
{"level":"info","message":"ruta: /cm/cmfactur/list/detalle - ::1 - [21-03-2024 19:46]"}
{"level":"info","message":"ruta: /cm/cmfactur/list/detalle - ::1 - [21-03-2024 19:46]"}
{"level":"info","message":"ruta: /cm/cmfactur/list/detalle - ::1 - [21-03-2024 19:46]"}
{"level":"info","message":"ruta: /cm/cmfactur/list/detalle - ::1 - [21-03-2024 19:46]"}
{"level":"info","message":"ruta: /cm/cmfactur/list/detalle - ::1 - [21-03-2024 19:46]"}
{"level":"info","message":"ruta: /cm/cmfactur/preform - ::1 - [21-03-2024 19:46]"}
{"level":"info","message":"ruta: /cm/cmfactur - ::1 - [21-03-2024 19:46]"}
{"level":"info","message":"ruta: /cm/cmfactur/preform - ::1 - [21-03-2024 19:46]"}
{"level":"info","message":"ruta: /cm/cmfactur/list/cabecera - ::1 - [21-03-2024 19:46]"}
{"level":"info","message":"ruta: /cm/cmfactur/list/detalle - ::1 - [21-03-2024 19:46]"}
{"level":"info","message":"ruta: /cm/cmfactur/preform - ::1 - [21-03-2024 19:47]"}
{"level":"info","message":"ruta: /cm/cmfactur/list/detalle - ::1 - [21-03-2024 19:47]"}
{"level":"info","message":"ruta: /cm/cmfactur/preform - ::1 - [21-03-2024 19:48]"}
{"level":"info","message":"ruta: /cm/cmfactur/list/detalle - ::1 - [21-03-2024 19:48]"}
{"level":"info","message":"ruta: /cm/cmfactur/preform - ::1 - [21-03-2024 19:48]"}
{"level":"info","message":"ruta: /cm/cmfactur/list/detalle - ::1 - [21-03-2024 19:48]"}
{"level":"info","message":"ruta: /cm/cmfactur/preform - ::1 - [21-03-2024 19:48]"}
{"level":"info","message":"ruta: /cm/cmfactur/list/cabecera - ::1 - [21-03-2024 19:48]"}
{"level":"info","message":"ruta: /cm/cmfactur/list/detalle - ::1 - [21-03-2024 19:48]"}
{"level":"info","message":"ruta: /cm/cmfactur/preform - ::1 - [21-03-2024 19:48]"}
{"level":"info","message":"ruta: /cm/cmfactur/list/detalle - ::1 - [21-03-2024 19:48]"}
{"level":"info","message":"ruta: /cm/cmfactur/valida/sucursal - ::1 - [21-03-2024 19:48]"}
{"level":"info","message":"ruta: /cm/cmfactur/valida/nro_comprb - ::1 - [21-03-2024 19:48]"}
{"level":"info","message":"ruta: /cm/cmfactur/valida/proveedor - ::1 - [21-03-2024 19:48]"}
{"level":"info","message":"ruta: /cm/cmfactur/valida/condcompra - ::1 - [21-03-2024 19:48]"}
{"level":"info","message":"ruta: /cm/cmfactur/valida/condmoneda - ::1 - [21-03-2024 19:48]"}
{"level":"info","message":"ruta: /cm/cmfactur/valida/deposito - ::1 - [21-03-2024 19:48]"}
{"level":"info","message":"ruta: /cm/cmfactur/valida/referencia - ::1 - [21-03-2024 19:48]"}
{"level":"info","message":"ruta: /cm/cmfactur/valida/articulo - ::1 - [21-03-2024 19:48]"}
{"level":"info","message":"ruta: /cm/cmfactur/valida/codProvRec - ::1 - [21-03-2024 19:48]"}
{"level":"info","message":"ruta: /cm/cmfactur/valida/unidadMedida - ::1 - [21-03-2024 19:48]"}
{"level":"info","message":"ruta: /cm/cmfactur/cab/1/A/FAC - ::1 - [21-03-2024 19:48]"}
{"level":"info","message":"ruta: /cm/cmfactur/det/1/A/FAC/6 - ::1 - [21-03-2024 19:48]"}
{"level":"info","message":"ruta: /cm/cmfactur - ::1 - [21-03-2024 19:48]"}
{"level":"info","message":"ruta: /cm/cmfactur/list/detalle - ::1 - [21-03-2024 19:48]"}
{"level":"info","message":"ruta: /cm/cmfactur/valida/unidadMedida - ::1 - [21-03-2024 19:49]"}
{"level":"info","message":"ruta: /cm/cmfactur/buscar/articulo - ::1 - [21-03-2024 19:49]"}
{"level":"info","message":"ruta: /cm/cmfactur/list/detalle - ::1 - [21-03-2024 19:49]"}
{"level":"info","message":"ruta: /cm/cmfactur/valida/unidadMedida - ::1 - [21-03-2024 19:49]"}
{"level":"info","message":"ruta: /cm/cmfactur/buscar/articulo - ::1 - [21-03-2024 19:49]"}
{"level":"info","message":"ruta: /cm/cmfactur/list/detalle - ::1 - [21-03-2024 19:51]"}
{"level":"info","message":"ruta: /cm/cmfactur/preform - ::1 - [21-03-2024 19:51]"}
{"level":"info","message":"ruta: /cm/cmfactur/list/cabecera - ::1 - [21-03-2024 19:51]"}
{"level":"info","message":"ruta: /cm/cmfactur/list/detalle - ::1 - [21-03-2024 19:51]"}
{"level":"info","message":"ruta: /cm/cmfactur/preform - ::1 - [21-03-2024 19:51]"}
{"level":"info","message":"ruta: /cm/cmfactur/list/detalle - ::1 - [21-03-2024 19:51]"}
{"level":"info","message":"ruta: /cm/cmfactur/valida/sucursal - ::1 - [21-03-2024 19:51]"}
{"level":"info","message":"ruta: /cm/cmfactur/valida/nro_comprb - ::1 - [21-03-2024 19:51]"}
{"level":"info","message":"ruta: /cm/cmfactur/valida/proveedor - ::1 - [21-03-2024 19:51]"}
{"level":"info","message":"ruta: /cm/cmfactur/valida/condcompra - ::1 - [21-03-2024 19:51]"}
{"level":"info","message":"ruta: /cm/cmfactur/valida/condmoneda - ::1 - [21-03-2024 19:51]"}
{"level":"info","message":"ruta: /cm/cmfactur/valida/condmoneda - ::1 - [21-03-2024 19:51]"}
{"level":"info","message":"ruta: /cm/cmfactur/valida/condmoneda - ::1 - [21-03-2024 19:51]"}
{"level":"info","message":"ruta: /cm/cmfactur/valida/deposito - ::1 - [21-03-2024 19:51]"}
{"level":"info","message":"ruta: /cm/cmfactur/valida/referencia - ::1 - [21-03-2024 19:51]"}
{"level":"info","message":"ruta: /cm/cmfactur/valida/articulo - ::1 - [21-03-2024 19:51]"}
{"level":"info","message":"ruta: /cm/cmfactur/buscar/articulo - ::1 - [21-03-2024 19:52]"}
{"level":"info","message":"ruta: /cm/cmfactur/valida/unidadMedida - ::1 - [21-03-2024 19:52]"}
{"level":"info","message":"ruta: /cm/cmfactur/cab/1/A/FAC - ::1 - [21-03-2024 19:52]"}
{"level":"info","message":"ruta: /cm/cmfactur/det/1/A/FAC/7 - ::1 - [21-03-2024 19:52]"}
{"level":"info","message":"ruta: /cm/cmfactur - ::1 - [21-03-2024 19:52]"}
{"level":"info","message":"ruta: /cm/cmfactur/preform - ::1 - [21-03-2024 19:54]"}
{"level":"info","message":"ruta: /cm/cmfactur/list/detalle - ::1 - [21-03-2024 19:54]"}
{"level":"info","message":"ruta: /cm/cmfactur/preform - ::1 - [21-03-2024 19:54]"}
{"level":"info","message":"ruta: /cm/cmfactur/list/detalle - ::1 - [21-03-2024 19:54]"}
{"level":"info","message":"ruta: /cm/cmfactur/preform - ::1 - [21-03-2024 19:54]"}
{"level":"info","message":"ruta: /cm/cmfactur/list/cabecera - ::1 - [21-03-2024 19:54]"}
{"level":"info","message":"ruta: /cm/cmfactur/list/detalle - ::1 - [21-03-2024 19:54]"}
{"level":"info","message":"ruta: /cm/cmfactur/preform - ::1 - [21-03-2024 19:54]"}
{"level":"info","message":"ruta: /cm/cmfactur/list/detalle - ::1 - [21-03-2024 19:54]"}
{"level":"info","message":"ruta: /cm/cmfactur/preform - ::1 - [21-03-2024 19:54]"}
{"level":"info","message":"ruta: /cm/cmfactur/list/cabecera - ::1 - [21-03-2024 19:54]"}
{"level":"info","message":"ruta: /cm/cmfactur/list/detalle - ::1 - [21-03-2024 19:54]"}
{"level":"info","message":"ruta: /cm/cmfactur/preform - ::1 - [21-03-2024 19:54]"}
{"level":"info","message":"ruta: /cm/cmfactur/list/detalle - ::1 - [21-03-2024 19:54]"}
{"level":"info","message":"ruta: /cm/cmfactur/preform - ::1 - [21-03-2024 19:54]"}
{"level":"info","message":"ruta: /cm/cmfactur/list/cabecera - ::1 - [21-03-2024 19:54]"}
{"level":"info","message":"ruta: /cm/cmfactur/list/detalle - ::1 - [21-03-2024 19:54]"}
{"level":"info","message":"ruta: /cm/cmfactur/preform - ::1 - [21-03-2024 19:55]"}
{"level":"info","message":"ruta: /cm/cmfactur - ::1 - [21-03-2024 19:55]"}
{"level":"info","message":"ruta: /cm/cmfactur/preform - ::1 - [21-03-2024 19:55]"}
{"level":"info","message":"ruta: /cm/cmfactur/list/detalle - ::1 - [21-03-2024 19:55]"}
{"level":"info","message":"ruta: /cm/cmfactur/valida/sucursal - ::1 - [21-03-2024 19:55]"}
{"level":"info","message":"ruta: /cm/cmfactur/valida/nro_comprb - ::1 - [21-03-2024 19:55]"}
{"level":"info","message":"ruta: /cm/cmfactur/valida/proveedor - ::1 - [21-03-2024 19:55]"}
{"level":"info","message":"ruta: /cm/cmfactur/valida/condcompra - ::1 - [21-03-2024 19:55]"}
{"level":"info","message":"ruta: /cm/cmfactur/valida/condmoneda - ::1 - [21-03-2024 19:55]"}
{"level":"info","message":"ruta: /cm/cmfactur/valida/condmoneda - ::1 - [21-03-2024 19:55]"}
{"level":"info","message":"ruta: /cm/cmfactur/valida/condmoneda - ::1 - [21-03-2024 19:55]"}
{"level":"info","message":"ruta: /cm/cmfactur/valida/deposito - ::1 - [21-03-2024 19:55]"}
{"level":"info","message":"ruta: /cm/cmfactur/valida/deposito - ::1 - [21-03-2024 19:55]"}
{"level":"info","message":"ruta: /cm/cmfactur/valida/referencia - ::1 - [21-03-2024 19:55]"}
{"level":"info","message":"ruta: /cm/cmfactur/valida/articulo - ::1 - [21-03-2024 19:55]"}
{"level":"info","message":"ruta: /cm/cmfactur/valida/unidadMedida - ::1 - [21-03-2024 19:55]"}
{"level":"info","message":"ruta: /cm/cmfactur/valida/articulo - ::1 - [21-03-2024 19:55]"}
{"level":"info","message":"ruta: /cm/cmfactur/valida/unidadMedida - ::1 - [21-03-2024 19:55]"}
{"level":"info","message":"ruta: /cm/cmfactur/valida/articulo - ::1 - [21-03-2024 19:55]"}
{"level":"info","message":"ruta: /cm/cmfactur/valida/unidadMedida - ::1 - [21-03-2024 19:55]"}
{"level":"info","message":"ruta: /cm/cmfactur/cab/1/A/FAC - ::1 - [21-03-2024 19:55]"}
{"level":"info","message":"ruta: /cm/cmfactur/det/1/A/FAC/7 - ::1 - [21-03-2024 19:55]"}
{"level":"info","message":"ruta: /cm/cmfactur - ::1 - [21-03-2024 19:55]"}
{"level":"info","message":"ruta: /cm/cmfactur/preform - ::1 - [21-03-2024 19:55]"}
{"level":"info","message":"ruta: /cm/cmfactur/list/cabecera - ::1 - [21-03-2024 19:55]"}
{"level":"info","message":"ruta: /cm/cmfactur/list/detalle - ::1 - [21-03-2024 19:55]"}
{"level":"info","message":"ruta: /st/starticu/list/relaciones - ::1 - [21-03-2024 19:56]"}
{"level":"info","message":"ruta: /st/starticu/list/relaciones - ::1 - [21-03-2024 19:56]"}
{"level":"info","message":"ruta: /st/starticu/list/articulo - ::1 - [21-03-2024 19:56]"}
{"level":"info","message":"ruta: /st/starticu/list/postqueryCab - ::1 - [21-03-2024 19:56]"}
{"level":"info","message":"ruta: /st/starticu/list/relaciones - ::1 - [21-03-2024 19:56]"}
{"level":"info","message":"ruta: /cm/cmfactur/preform - ::1 - [21-03-2024 19:56]"}
{"level":"info","message":"ruta: /cm/cmfactur/list/detalle - ::1 - [21-03-2024 19:56]"}
{"level":"info","message":"ruta: /cm/cmfactur/preform - ::1 - [21-03-2024 19:56]"}
{"level":"info","message":"ruta: /cm/cmfactur/list/cabecera - ::1 - [21-03-2024 19:56]"}
{"level":"info","message":"ruta: /cm/cmfactur/list/detalle - ::1 - [21-03-2024 19:56]"}
{"level":"info","message":"ruta: /cm/cmfactur/valida/unidadMedida - ::1 - [21-03-2024 19:56]"}
{"level":"info","message":"ruta: /cm/cmfactur/valida/unidadMedida - ::1 - [21-03-2024 19:56]"}
{"level":"info","message":"ruta: /cm/cmfactur/valida/articulo - ::1 - [21-03-2024 19:56]"}
{"level":"info","message":"ruta: /cm/cmfactur/valida/unidadMedida - ::1 - [21-03-2024 19:56]"}
{"level":"info","message":"ruta: /cm/cmfactur/valida/articulo - ::1 - [21-03-2024 19:56]"}
{"level":"info","message":"ruta: /cm/cmfactur/valida/unidadMedida - ::1 - [21-03-2024 19:56]"}
{"level":"info","message":"ruta: /cm/cmfactur/det/1/A/FAC/7 - ::1 - [21-03-2024 19:56]"}
{"level":"info","message":"ruta: /cm/cmfactur - ::1 - [21-03-2024 19:56]"}
{"level":"info","message":"ruta: /cm/cmfactur/det/1/A/FAC/7 - ::1 - [21-03-2024 19:56]"}
{"level":"info","message":"ruta: /cm/cmfactur - ::1 - [21-03-2024 19:56]"}
{"level":"info","message":"ruta: /cm/cmfactur/list/detalle - ::1 - [21-03-2024 19:56]"}
{"level":"info","message":"ruta: /cm/cmfactur/valida/unidadMedida - ::1 - [21-03-2024 19:57]"}
{"level":"info","message":"ruta: /cm/cmfactur/valida/articulo - ::1 - [21-03-2024 19:57]"}
{"level":"info","message":"ruta: /cm/cmfactur/valida/unidadMedida - ::1 - [21-03-2024 19:57]"}
{"level":"info","message":"ruta: /cm/cmfactur/det/1/A/FAC/7 - ::1 - [21-03-2024 19:57]"}
{"level":"info","message":"ruta: /cm/cmfactur - ::1 - [21-03-2024 19:57]"}
{"level":"info","message":"ruta: /cm/cmfactur/det/1/A/FAC/7 - ::1 - [21-03-2024 19:58]"}
{"level":"info","message":"ruta: /cm/cmfactur - ::1 - [21-03-2024 19:58]"}
{"level":"info","message":"ruta: /cm/cmfactur/det/1/A/FAC/7 - ::1 - [21-03-2024 19:59]"}
{"level":"info","message":"ruta: /cm/cmfactur/preform - ::1 - [21-03-2024 20:01]"}
{"level":"info","message":"ruta: /cm/cmfactur/list/detalle - ::1 - [21-03-2024 20:01]"}
{"level":"info","message":"ruta: /cm/cmfactur/preform - ::1 - [21-03-2024 20:01]"}
{"level":"info","message":"ruta: /cm/cmfactur/list/cabecera - ::1 - [21-03-2024 20:01]"}
{"level":"info","message":"ruta: /cm/cmfactur/list/detalle - ::1 - [21-03-2024 20:01]"}
{"level":"info","message":"ruta: /cm/cmfactur/valida/unidadMedida - ::1 - [21-03-2024 20:01]"}
{"level":"info","message":"ruta: /cm/cmfactur/valida/unidadMedida - ::1 - [21-03-2024 20:01]"}
{"level":"info","message":"ruta: /cm/cmfactur/valida/articulo - ::1 - [21-03-2024 20:01]"}
{"level":"info","message":"ruta: /cm/cmfactur/valida/unidadMedida - ::1 - [21-03-2024 20:01]"}
{"level":"info","message":"ruta: /cm/cmfactur/det/1/A/FAC/7 - ::1 - [21-03-2024 20:02]"}
{"level":"info","message":"ruta: /cm/cmfactur/preform - ::1 - [21-03-2024 20:03]"}
{"level":"info","message":"ruta: /cm/cmfactur/list/detalle - ::1 - [21-03-2024 20:03]"}
{"level":"info","message":"ruta: /cm/cmfactur/preform - ::1 - [21-03-2024 20:03]"}
{"level":"info","message":"ruta: /cm/cmfactur/list/cabecera - ::1 - [21-03-2024 20:03]"}
{"level":"info","message":"ruta: /cm/cmfactur/list/detalle - ::1 - [21-03-2024 20:03]"}
{"level":"info","message":"ruta: /cm/cmfactur/valida/unidadMedida - ::1 - [21-03-2024 20:03]"}
{"level":"info","message":"ruta: /cm/cmfactur/valida/unidadMedida - ::1 - [21-03-2024 20:03]"}
{"level":"info","message":"ruta: /cm/cmfactur/valida/articulo - ::1 - [21-03-2024 20:03]"}
{"level":"info","message":"ruta: /cm/cmfactur/valida/unidadMedida - ::1 - [21-03-2024 20:03]"}
{"level":"info","message":"ruta: /cm/cmfactur/det/1/A/FAC/7 - ::1 - [21-03-2024 20:04]"}
{"level":"info","message":"ruta: /cm/cmfactur - ::1 - [21-03-2024 20:05]"}
{"level":"info","message":"ruta: /cm/cmfactur/det/1/A/FAC/7 - ::1 - [21-03-2024 20:05]"}
{"level":"info","message":"ruta: /cm/cmfactur - ::1 - [21-03-2024 20:05]"}
{"level":"info","message":"ruta: /cm/cmfactur/det/1/A/FAC/7 - ::1 - [21-03-2024 20:05]"}
{"level":"info","message":"ruta: /cm/cmfactur - ::1 - [21-03-2024 20:05]"}
{"level":"info","message":"ruta: /cm/cmfactur/det/1/A/FAC/7 - ::1 - [21-03-2024 20:05]"}
{"level":"info","message":"ruta: /cm/cmfactur - ::1 - [21-03-2024 20:05]"}
{"level":"info","message":"ruta: /cm/cmfactur - ::1 - [21-03-2024 20:06]"}
{"level":"info","message":"ruta: /cm/cmfactur/valida/unidadMedida - ::1 - [21-03-2024 20:06]"}
{"level":"info","message":"ruta: /cm/cmfactur/valida/unidadMedida - ::1 - [21-03-2024 20:06]"}
{"level":"info","message":"ruta: /cm/cmfactur/valida/articulo - ::1 - [21-03-2024 20:06]"}
{"level":"info","message":"ruta: /cm/cmfactur/valida/articulo - ::1 - [21-03-2024 20:06]"}
{"level":"info","message":"ruta: /cm/cmfactur/valida/unidadMedida - ::1 - [21-03-2024 20:06]"}
{"level":"info","message":"ruta: /cm/cmfactur/det/1/A/FAC/7 - ::1 - [21-03-2024 20:06]"}
{"level":"info","message":"ruta: /cm/cmfactur/det/1/A/FAC/7 - ::1 - [21-03-2024 20:07]"}
{"level":"info","message":"ruta: /cm/cmfactur/det/1/A/FAC/7 - ::1 - [21-03-2024 20:07]"}
{"level":"info","message":"ruta: /cm/cmfactur/det/1/A/FAC/7 - ::1 - [21-03-2024 20:07]"}
{"level":"info","message":"ruta: /cm/cmfactur/det/1/A/FAC/7 - ::1 - [21-03-2024 20:08]"}
{"level":"info","message":"ruta: /cm/cmfactur - ::1 - [21-03-2024 20:08]"}
{"level":"info","message":"ruta: /cm/cmfactur/det/1/A/FAC/7 - ::1 - [21-03-2024 20:08]"}
{"level":"info","message":"ruta: /cm/cmfactur - ::1 - [21-03-2024 20:08]"}
{"level":"info","message":"ruta: /cm/cmfactur - ::1 - [21-03-2024 20:09]"}
{"level":"info","message":"ruta: /cm/cmfactur/valida/unidadMedida - ::1 - [21-03-2024 20:09]"}
{"level":"info","message":"ruta: /cm/cmfactur - ::1 - [21-03-2024 20:09]"}
{"level":"info","message":"ruta: /cm/cmfactur/valida/articulo - ::1 - [21-03-2024 20:09]"}
{"level":"info","message":"ruta: /cm/cmfactur/valida/articulo - ::1 - [21-03-2024 20:09]"}
{"level":"info","message":"ruta: /cm/cmfactur/valida/unidadMedida - ::1 - [21-03-2024 20:09]"}
{"level":"info","message":"ruta: /cm/cmfactur/det/1/A/FAC/7 - ::1 - [21-03-2024 20:09]"}
{"level":"info","message":"ruta: /cm/cmfactur - ::1 - [21-03-2024 20:09]"}
{"level":"info","message":"ruta: /cm/cmfactur/preform - ::1 - [21-03-2024 20:09]"}
{"level":"info","message":"ruta: /cm/cmfactur/list/cabecera - ::1 - [21-03-2024 20:09]"}
{"level":"info","message":"ruta: /cm/cmfactur/list/detalle - ::1 - [21-03-2024 20:09]"}
{"level":"info","message":"ruta: /cm/cmfactur - ::1 - [21-03-2024 20:09]"}
{"level":"info","message":"ruta: /cm/cmfactur/preform - ::1 - [21-03-2024 20:09]"}
{"level":"info","message":"ruta: /cm/cmfactur/list/cabecera - ::1 - [21-03-2024 20:09]"}
{"level":"info","message":"ruta: /cm/cmfactur/list/detalle - ::1 - [21-03-2024 20:09]"}
{"level":"info","message":"ruta: /cm/cmfactur/valida/unidadMedida - ::1 - [21-03-2024 20:09]"}
{"level":"info","message":"ruta: /cm/cmfactur - ::1 - [21-03-2024 20:09]"}
{"level":"info","message":"ruta: /cm/cmfactur/preform - ::1 - [21-03-2024 20:09]"}
{"level":"info","message":"ruta: /cm/cmfactur/list/cabecera - ::1 - [21-03-2024 20:09]"}
{"level":"info","message":"ruta: /cm/cmfactur/list/detalle - ::1 - [21-03-2024 20:09]"}
{"level":"info","message":"ruta: /cm/cmfactur/preform - ::1 - [21-03-2024 20:09]"}
{"level":"info","message":"ruta: /cm/cmfactur/list/cabecera - ::1 - [21-03-2024 20:09]"}
{"level":"info","message":"ruta: /cm/cmfactur/list/detalle - ::1 - [21-03-2024 20:09]"}
{"level":"info","message":"ruta: /cm/cmfactur/valida/unidadMedida - ::1 - [21-03-2024 20:09]"}
{"level":"info","message":"ruta: /cm/cmfactur - ::1 - [21-03-2024 20:09]"}
{"level":"info","message":"ruta: /cm/cmfactur/valida/articulo - ::1 - [21-03-2024 20:10]"}
{"level":"info","message":"ruta: /cm/cmfactur/valida/unidadMedida - ::1 - [21-03-2024 20:10]"}
{"level":"info","message":"ruta: /cm/cmfactur/det/1/A/FAC/7 - ::1 - [21-03-2024 20:10]"}
{"level":"info","message":"ruta: /cm/cmfactur - ::1 - [21-03-2024 20:10]"}
{"level":"info","message":"ruta: /cm/cmfactur - ::1 - [21-03-2024 20:10]"}
{"level":"info","message":"ruta: /cm/cmfactur/preform - ::1 - [21-03-2024 20:10]"}
{"level":"info","message":"ruta: /cm/cmfactur/list/cabecera - ::1 - [21-03-2024 20:10]"}
{"level":"info","message":"ruta: /cm/cmfactur/list/detalle - ::1 - [21-03-2024 20:10]"}
{"level":"info","message":"ruta: /cm/cmfactur/preform - ::1 - [21-03-2024 20:10]"}
{"level":"info","message":"ruta: /cm/cmfactur/list/detalle - ::1 - [21-03-2024 20:10]"}
{"level":"info","message":"ruta: /cm/cmfactur/preform - ::1 - [21-03-2024 20:10]"}
{"level":"info","message":"ruta: /cm/cmfactur/list/cabecera - ::1 - [21-03-2024 20:10]"}
{"level":"info","message":"ruta: /cm/cmfactur/list/detalle - ::1 - [21-03-2024 20:10]"}
{"level":"info","message":"ruta: /cm/cmfactur - ::1 - [21-03-2024 20:10]"}
{"level":"info","message":"ruta: /cm/cmfactur/valida/unidadMedida - ::1 - [21-03-2024 20:10]"}
{"level":"info","message":"ruta: /cm/cmfactur/valida/articulo - ::1 - [21-03-2024 20:10]"}
{"level":"info","message":"ruta: /cm/cmfactur/valida/unidadMedida - ::1 - [21-03-2024 20:10]"}
{"level":"info","message":"ruta: /cm/cmfactur/det/1/A/FAC/7 - ::1 - [21-03-2024 20:11]"}
{"level":"info","message":"ruta: /cm/cmfactur - ::1 - [21-03-2024 20:11]"}
{"level":"info","message":"ruta: /cm/cmfactur/det/1/A/FAC/7 - ::1 - [21-03-2024 20:11]"}
{"level":"info","message":"ruta: /cm/cmfactur - ::1 - [21-03-2024 20:12]"}
{"level":"info","message":"ruta: /cm/cmfactur/preform - ::1 - [21-03-2024 20:12]"}
{"level":"info","message":"ruta: /cm/cmfactur/list/detalle - ::1 - [21-03-2024 20:12]"}
{"level":"info","message":"ruta: /cm/cmfactur/preform - ::1 - [21-03-2024 20:12]"}
{"level":"info","message":"ruta: /cm/cmfactur/list/detalle - ::1 - [21-03-2024 20:12]"}
{"level":"info","message":"ruta: /cm/cmfactur/preform - ::1 - [21-03-2024 20:12]"}
{"level":"info","message":"ruta: /cm/cmfactur/list/cabecera - ::1 - [21-03-2024 20:12]"}
{"level":"info","message":"ruta: /cm/cmfactur/list/detalle - ::1 - [21-03-2024 20:12]"}
{"level":"info","message":"ruta: /cm/cmfactur - ::1 - [21-03-2024 20:12]"}
{"level":"info","message":"ruta: /cm/cmfactur/valida/articulo - ::1 - [21-03-2024 20:13]"}
{"level":"info","message":"ruta: /cm/cmfactur/valida/unidadMedida - ::1 - [21-03-2024 20:13]"}
{"level":"info","message":"ruta: /cm/cmfactur/det/1/A/FAC/7 - ::1 - [21-03-2024 20:13]"}
{"level":"info","message":"ruta: /cm/cmfactur - ::1 - [21-03-2024 20:13]"}
{"level":"info","message":"ruta: /cm/cmfactur/valida/articulo - ::1 - [21-03-2024 20:13]"}
{"level":"info","message":"ruta: /cm/cmfactur/valida/unidadMedida - ::1 - [21-03-2024 20:13]"}
{"level":"info","message":"ruta: /cm/cmfactur/det/1/A/FAC/7 - ::1 - [21-03-2024 20:13]"}
{"level":"info","message":"ruta: /cm/cmfactur - ::1 - [21-03-2024 20:13]"}
{"level":"info","message":"ruta: /cm/cmfactur/preform - ::1 - [21-03-2024 20:13]"}
{"level":"info","message":"ruta: /cm/cmfactur/list/cabecera - ::1 - [21-03-2024 20:13]"}
{"level":"info","message":"ruta: /cm/cmfactur/list/detalle - ::1 - [21-03-2024 20:13]"}
{"level":"info","message":"ruta: /cm/cmfactur/list/detalle - ::1 - [21-03-2024 20:13]"}
{"level":"info","message":"ruta: /cm/cmfactur/preform - ::1 - [21-03-2024 20:15]"}
{"level":"info","message":"ruta: /cm/cmfactur/list/detalle - ::1 - [21-03-2024 20:15]"}
{"level":"info","message":"ruta: /cm/cmfactur/preform - ::1 - [21-03-2024 20:15]"}
{"level":"info","message":"ruta: /cm/cmfactur/list/detalle - ::1 - [21-03-2024 20:15]"}
{"level":"info","message":"ruta: /cm/cmfactur/preform - ::1 - [21-03-2024 20:15]"}
{"level":"info","message":"ruta: /cm/cmfactur/list/detalle - ::1 - [21-03-2024 20:15]"}
{"level":"info","message":"ruta: /cm/cmfactur/preform - ::1 - [21-03-2024 20:15]"}
{"level":"info","message":"ruta: /cm/cmfactur/list/detalle - ::1 - [21-03-2024 20:15]"}
{"level":"info","message":"ruta: /cm/cmfactur/preform - ::1 - [21-03-2024 20:16]"}
{"level":"info","message":"ruta: /cm/cmfactur/list/detalle - ::1 - [21-03-2024 20:16]"}
{"level":"info","message":"ruta: /cm/cmfactur/preform - ::1 - [21-03-2024 20:16]"}
{"level":"info","message":"ruta: /cm/cmfactur/list/detalle - ::1 - [21-03-2024 20:16]"}
{"level":"info","message":"ruta: /cm/cmfactur/preform - ::1 - [21-03-2024 20:16]"}
{"level":"info","message":"ruta: /cm/cmfactur/list/detalle - ::1 - [21-03-2024 20:16]"}
{"level":"info","message":"ruta: /cm/cmfactur/preform - ::1 - [21-03-2024 20:16]"}
{"level":"info","message":"ruta: /cm/cmfactur/list/cabecera - ::1 - [21-03-2024 20:16]"}
{"level":"info","message":"ruta: /cm/cmfactur/list/detalle - ::1 - [21-03-2024 20:16]"}
{"level":"info","message":"ruta: /cm/cmfactur/list/detalle - ::1 - [21-03-2024 20:16]"}
{"level":"info","message":"ruta: /cm/cmfactur - ::1 - [21-03-2024 20:16]"}
{"level":"info","message":"ruta: /cm/cmfactur/preform - ::1 - [21-03-2024 20:16]"}
{"level":"info","message":"ruta: /cm/cmfactur/list/detalle - ::1 - [21-03-2024 20:16]"}
{"level":"info","message":"ruta: /cm/cmfactur/preform - ::1 - [21-03-2024 20:16]"}
{"level":"info","message":"ruta: /cm/cmfactur/list/cabecera - ::1 - [21-03-2024 20:16]"}
{"level":"info","message":"ruta: /cm/cmfactur/list/detalle - ::1 - [21-03-2024 20:16]"}
{"level":"info","message":"ruta: /cm/cmfactur/valida/unidadMedida - ::1 - [21-03-2024 20:17]"}
{"level":"info","message":"ruta: /cm/cmfactur/valida/articulo - ::1 - [21-03-2024 20:17]"}
{"level":"info","message":"ruta: /cm/cmfactur/valida/unidadMedida - ::1 - [21-03-2024 20:17]"}
{"level":"info","message":"ruta: /cm/cmfactur/det/1/A/FAC/7 - ::1 - [21-03-2024 20:17]"}
{"level":"info","message":"ruta: /cm/cmfactur - ::1 - [21-03-2024 20:17]"}
{"level":"info","message":"ruta: /cm/cmfactur/preform - ::1 - [21-03-2024 20:19]"}
{"level":"info","message":"ruta: /cm/cmfactur/list/detalle - ::1 - [21-03-2024 20:19]"}
{"level":"info","message":"ruta: /cm/cmfactur/preform - ::1 - [21-03-2024 20:21]"}
{"level":"info","message":"ruta: /cm/cmfactur/list/detalle - ::1 - [21-03-2024 20:21]"}
{"level":"info","message":"ruta: /cm/cmfactur/preform - ::1 - [21-03-2024 20:22]"}
{"level":"info","message":"ruta: /cm/cmfactur/list/detalle - ::1 - [21-03-2024 20:22]"}
{"level":"info","message":"ruta: /cm/cmfactur/preform - ::1 - [21-03-2024 20:22]"}
{"level":"info","message":"ruta: /cm/cmfactur/list/cabecera - ::1 - [21-03-2024 20:22]"}
{"level":"info","message":"ruta: /cm/cmfactur/list/detalle - ::1 - [21-03-2024 20:22]"}
{"level":"info","message":"ruta: /cm/cmfactur - ::1 - [21-03-2024 20:22]"}
{"level":"info","message":"ruta: /cm/cmfactur/list/detalle - ::1 - [21-03-2024 20:22]"}
{"level":"info","message":"ruta: /cm/cmfactur/valida/unidadMedida - ::1 - [21-03-2024 20:22]"}
{"level":"info","message":"ruta: /cm/cmfactur/valida/articulo - ::1 - [21-03-2024 20:22]"}
{"level":"info","message":"ruta: /cm/cmfactur/valida/unidadMedida - ::1 - [21-03-2024 20:22]"}
{"level":"info","message":"ruta: /cm/cmfactur/det/1/A/FAC/7 - ::1 - [21-03-2024 20:22]"}
{"level":"info","message":"ruta: /cm/cmfactur - ::1 - [21-03-2024 20:22]"}
{"level":"info","message":"ruta: /cm/cmfactur/list/detalle - ::1 - [21-03-2024 20:22]"}
{"level":"info","message":"ruta: /cm/cmfactur/preform - ::1 - [21-03-2024 20:23]"}
{"level":"info","message":"ruta: /cm/cmfactur/list/detalle - ::1 - [21-03-2024 20:23]"}
{"level":"info","message":"ruta: /cm/cmfactur/preform - ::1 - [21-03-2024 20:23]"}
{"level":"info","message":"ruta: /cm/cmfactur/list/cabecera - ::1 - [21-03-2024 20:23]"}
{"level":"info","message":"ruta: /cm/cmfactur/list/detalle - ::1 - [21-03-2024 20:23]"}
{"level":"info","message":"ruta: /cm/cmfactur - ::1 - [21-03-2024 20:23]"}
{"level":"info","message":"ruta: /cm/cmfactur/list/detalle - ::1 - [21-03-2024 20:23]"}
{"level":"info","message":"ruta: /cm/cmfactur/valida/unidadMedida - ::1 - [21-03-2024 20:23]"}
{"level":"info","message":"ruta: /cm/cmfactur/valida/articulo - ::1 - [21-03-2024 20:23]"}
{"level":"info","message":"ruta: /cm/cmfactur/valida/unidadMedida - ::1 - [21-03-2024 20:23]"}
{"level":"info","message":"ruta: /cm/cmfactur/det/1/A/FAC/7 - ::1 - [21-03-2024 20:24]"}
{"level":"info","message":"ruta: /cm/cmfactur - ::1 - [21-03-2024 20:24]"}
{"level":"info","message":"ruta: /cm/cmfactur/list/detalle - ::1 - [21-03-2024 20:24]"}
{"level":"info","message":"ruta: /cm/cmfactur/preform - ::1 - [21-03-2024 20:26]"}
{"level":"info","message":"ruta: /cm/cmfactur/list/cabecera - ::1 - [21-03-2024 20:26]"}
{"level":"info","message":"ruta: /cm/cmfactur/list/detalle - ::1 - [21-03-2024 20:26]"}
{"level":"info","message":"ruta: /cm/cmfactur - ::1 - [21-03-2024 20:26]"}
{"level":"info","message":"ruta: /cm/cmfactur/list/detalle - ::1 - [21-03-2024 20:26]"}
{"level":"info","message":"ruta: /cm/cmfactur/preform - ::1 - [21-03-2024 20:27]"}
{"level":"info","message":"ruta: /cm/cmfactur/list/detalle - ::1 - [21-03-2024 20:27]"}
{"level":"info","message":"ruta: /cm/cmfactur/preform - ::1 - [21-03-2024 20:27]"}
{"level":"info","message":"ruta: /cm/cmfactur/list/cabecera - ::1 - [21-03-2024 20:27]"}
{"level":"info","message":"ruta: /cm/cmfactur/list/detalle - ::1 - [21-03-2024 20:27]"}
{"level":"info","message":"ruta: /cm/cmfactur/valida/unidadMedida - ::1 - [21-03-2024 20:27]"}
{"level":"info","message":"ruta: /cm/cmfactur/valida/articulo - ::1 - [21-03-2024 20:27]"}
{"level":"info","message":"ruta: /cm/cmfactur/valida/unidadMedida - ::1 - [21-03-2024 20:27]"}
{"level":"info","message":"ruta: /cm/cmfactur/det/1/A/FAC/7 - ::1 - [21-03-2024 20:27]"}
{"level":"info","message":"ruta: /cm/cmfactur - ::1 - [21-03-2024 20:27]"}
{"level":"info","message":"ruta: /cm/cmfactur/list/detalle - ::1 - [21-03-2024 20:27]"}
{"level":"info","message":"ruta: /cm/cmfactur - ::1 - [21-03-2024 20:29]"}
{"level":"info","message":"ruta: /cm/cmfactur/list/detalle - ::1 - [21-03-2024 20:29]"}
{"level":"info","message":"ruta: /cm/cmfactur/preform - ::1 - [21-03-2024 20:29]"}
{"level":"info","message":"ruta: /cm/cmfactur/list/detalle - ::1 - [21-03-2024 20:29]"}
{"level":"info","message":"ruta: /cm/cmfactur/preform - ::1 - [21-03-2024 20:29]"}
{"level":"info","message":"ruta: /cm/cmfactur/list/cabecera - ::1 - [21-03-2024 20:29]"}
{"level":"info","message":"ruta: /cm/cmfactur/list/detalle - ::1 - [21-03-2024 20:29]"}
{"level":"info","message":"ruta: /cm/cmfactur/valida/unidadMedida - ::1 - [21-03-2024 20:29]"}
{"level":"info","message":"ruta: /cm/cmfactur/valida/articulo - ::1 - [21-03-2024 20:29]"}
{"level":"info","message":"ruta: /cm/cmfactur/valida/unidadMedida - ::1 - [21-03-2024 20:29]"}
{"level":"info","message":"ruta: /cm/cmfactur/det/1/A/FAC/7 - ::1 - [21-03-2024 20:29]"}
{"level":"info","message":"ruta: /cm/cmfactur - ::1 - [21-03-2024 20:29]"}
{"level":"info","message":"ruta: /cm/cmfactur/list/detalle - ::1 - [21-03-2024 20:29]"}
{"level":"info","message":"ruta: /cm/cmfactur/preform - ::1 - [21-03-2024 20:29]"}
{"level":"info","message":"ruta: /cm/cmfactur/list/detalle - ::1 - [21-03-2024 20:29]"}
{"level":"info","message":"ruta: /cm/cmfactur/preform - ::1 - [21-03-2024 20:30]"}
{"level":"info","message":"ruta: /cm/cmfactur/list/cabecera - ::1 - [21-03-2024 20:30]"}
{"level":"info","message":"ruta: /cm/cmfactur/list/detalle - ::1 - [21-03-2024 20:30]"}
{"level":"info","message":"ruta: /cm/cmfactur - ::1 - [21-03-2024 20:30]"}
{"level":"info","message":"ruta: /cm/cmfactur/list/detalle - ::1 - [21-03-2024 20:30]"}
{"level":"info","message":"ruta: /cm/cmfactur/valida/unidadMedida - ::1 - [21-03-2024 20:30]"}
{"level":"info","message":"ruta: /cm/cmfactur/valida/articulo - ::1 - [21-03-2024 20:30]"}
{"level":"info","message":"ruta: /cm/cmfactur/valida/unidadMedida - ::1 - [21-03-2024 20:30]"}
{"level":"info","message":"ruta: /cm/cmfactur/det/1/A/FAC/7 - ::1 - [21-03-2024 20:30]"}
{"level":"info","message":"ruta: /cm/cmfactur - ::1 - [21-03-2024 20:30]"}
{"level":"info","message":"ruta: /cm/cmfactur/list/detalle - ::1 - [21-03-2024 20:30]"}
{"level":"info","message":"ruta: /cm/cmfactur/preform - ::1 - [21-03-2024 20:33]"}
{"level":"info","message":"ruta: /cm/cmfactur/list/detalle - ::1 - [21-03-2024 20:33]"}
{"level":"info","message":"ruta: /cm/cmfactur/preform - ::1 - [21-03-2024 20:33]"}
{"level":"info","message":"ruta: /cm/cmfactur/list/detalle - ::1 - [21-03-2024 20:33]"}
{"level":"info","message":"ruta: /cm/cmfactur/preform - ::1 - [21-03-2024 20:33]"}
{"level":"info","message":"ruta: /cm/cmfactur/list/cabecera - ::1 - [21-03-2024 20:33]"}
{"level":"info","message":"ruta: /cm/cmfactur/list/detalle - ::1 - [21-03-2024 20:33]"}
{"level":"info","message":"ruta: /cm/cmfactur - ::1 - [21-03-2024 20:33]"}
{"level":"info","message":"ruta: /cm/cmfactur/list/detalle - ::1 - [21-03-2024 20:33]"}
{"level":"info","message":"ruta: /cm/cmfactur/valida/unidadMedida - ::1 - [21-03-2024 20:33]"}
{"level":"info","message":"ruta: /cm/cmfactur/valida/unidadMedida - ::1 - [21-03-2024 20:33]"}
{"level":"info","message":"ruta: /cm/cmfactur/valida/articulo - ::1 - [21-03-2024 20:33]"}
{"level":"info","message":"ruta: /cm/cmfactur/valida/unidadMedida - ::1 - [21-03-2024 20:33]"}
{"level":"info","message":"ruta: /cm/cmfactur/det/1/A/FAC/7 - ::1 - [21-03-2024 20:33]"}
{"level":"info","message":"ruta: /cm/cmfactur - ::1 - [21-03-2024 20:33]"}
{"level":"info","message":"ruta: /cm/cmfactur/list/detalle - ::1 - [21-03-2024 20:33]"}
{"level":"info","message":"ruta: /cm/cmfactur/preform - ::1 - [21-03-2024 20:34]"}
{"level":"info","message":"ruta: /cm/cmfactur/list/detalle - ::1 - [21-03-2024 20:34]"}
{"level":"info","message":"ruta: /cm/cmfactur/preform - ::1 - [21-03-2024 20:34]"}
{"level":"info","message":"ruta: /cm/cmfactur/list/detalle - ::1 - [21-03-2024 20:34]"}
{"level":"info","message":"ruta: /cm/cmfactur/preform - ::1 - [21-03-2024 20:34]"}
{"level":"info","message":"ruta: /cm/cmfactur/list/cabecera - ::1 - [21-03-2024 20:34]"}
{"level":"info","message":"ruta: /cm/cmfactur/list/detalle - ::1 - [21-03-2024 20:34]"}
{"level":"info","message":"ruta: /cm/cmfactur - ::1 - [21-03-2024 20:34]"}
{"level":"info","message":"ruta: /cm/cmfactur/list/detalle - ::1 - [21-03-2024 20:34]"}
{"level":"info","message":"ruta: /cm/cmfactur/valida/unidadMedida - ::1 - [21-03-2024 20:34]"}
{"level":"info","message":"ruta: /cm/cmfactur/valida/unidadMedida - ::1 - [21-03-2024 20:34]"}
{"level":"info","message":"ruta: /cm/cmfactur/valida/articulo - ::1 - [21-03-2024 20:34]"}
{"level":"info","message":"ruta: /cm/cmfactur/valida/unidadMedida - ::1 - [21-03-2024 20:34]"}
{"level":"info","message":"ruta: /cm/cmfactur/det/1/A/FAC/7 - ::1 - [21-03-2024 20:34]"}
{"level":"info","message":"ruta: /cm/cmfactur - ::1 - [21-03-2024 20:34]"}
{"level":"info","message":"ruta: /cm/cmfactur/list/detalle - ::1 - [21-03-2024 20:34]"}
{"level":"info","message":"ruta: /cm/cmfactur/preform - ::1 - [21-03-2024 20:35]"}
{"level":"info","message":"ruta: /cm/cmfactur/list/detalle - ::1 - [21-03-2024 20:35]"}
{"level":"info","message":"ruta: /cm/cmfactur/preform - ::1 - [21-03-2024 20:35]"}
{"level":"info","message":"ruta: /cm/cmfactur/list/cabecera - ::1 - [21-03-2024 20:35]"}
{"level":"info","message":"ruta: /cm/cmfactur/list/detalle - ::1 - [21-03-2024 20:35]"}
{"level":"info","message":"ruta: /cm/cmfactur - ::1 - [21-03-2024 20:35]"}
{"level":"info","message":"ruta: /cm/cmfactur/list/detalle - ::1 - [21-03-2024 20:35]"}
{"level":"info","message":"ruta: /cm/cmfactur/valida/unidadMedida - ::1 - [21-03-2024 20:35]"}
{"level":"info","message":"ruta: /cm/cmfactur/valida/articulo - ::1 - [21-03-2024 20:35]"}
{"level":"info","message":"ruta: /cm/cmfactur/valida/unidadMedida - ::1 - [21-03-2024 20:35]"}
{"level":"info","message":"ruta: /cm/cmfactur/det/1/A/FAC/7 - ::1 - [21-03-2024 20:35]"}
{"level":"info","message":"ruta: /cm/cmfactur - ::1 - [21-03-2024 20:35]"}
{"level":"info","message":"ruta: /cm/cmfactur/list/detalle - ::1 - [21-03-2024 20:35]"}
{"level":"info","message":"ruta: /cm/cmfactur - ::1 - [21-03-2024 20:35]"}
{"level":"info","message":"ruta: /cm/cmfactur/list/detalle - ::1 - [21-03-2024 20:35]"}
{"level":"info","message":"ruta: /cm/cmfactur/valida/unidadMedida - ::1 - [21-03-2024 20:35]"}
{"level":"info","message":"ruta: /cm/cmfactur/valida/articulo - ::1 - [21-03-2024 20:36]"}
{"level":"info","message":"ruta: /cm/cmfactur/valida/unidadMedida - ::1 - [21-03-2024 20:36]"}
{"level":"info","message":"ruta: /cm/cmfactur/det/1/A/FAC/7 - ::1 - [21-03-2024 20:36]"}
{"level":"info","message":"ruta: /cm/cmfactur - ::1 - [21-03-2024 20:36]"}
{"level":"info","message":"ruta: /cm/cmfactur/list/detalle - ::1 - [21-03-2024 20:36]"}
{"level":"info","message":"ruta: /cm/cmfactur/preform - ::1 - [21-03-2024 20:38]"}
{"level":"info","message":"ruta: /cm/cmfactur/list/detalle - ::1 - [21-03-2024 20:38]"}
{"level":"info","message":"ruta: /cm/cmfactur/preform - ::1 - [21-03-2024 20:38]"}
{"level":"info","message":"ruta: /cm/cmfactur/list/cabecera - ::1 - [21-03-2024 20:38]"}
{"level":"info","message":"ruta: /cm/cmfactur/list/detalle - ::1 - [21-03-2024 20:38]"}
{"level":"info","message":"ruta: /cm/cmfactur/preform - ::1 - [21-03-2024 20:38]"}
{"level":"info","message":"ruta: /cm/cmfactur/list/detalle - ::1 - [21-03-2024 20:38]"}
{"level":"info","message":"ruta: /cm/cmfactur/preform - ::1 - [21-03-2024 20:38]"}
{"level":"info","message":"ruta: /cm/cmfactur/list/cabecera - ::1 - [21-03-2024 20:38]"}
{"level":"info","message":"ruta: /cm/cmfactur/list/detalle - ::1 - [21-03-2024 20:38]"}
{"level":"info","message":"ruta: /cm/cmfactur - ::1 - [21-03-2024 20:38]"}
{"level":"info","message":"ruta: /cm/cmfactur/list/detalle - ::1 - [21-03-2024 20:38]"}
{"level":"info","message":"ruta: /cm/cmfactur/valida/articulo - ::1 - [21-03-2024 20:38]"}
{"level":"info","message":"ruta: /cm/cmfactur/valida/unidadMedida - ::1 - [21-03-2024 20:38]"}
{"level":"info","message":"ruta: /cm/cmfactur/det/1/A/FAC/7 - ::1 - [21-03-2024 20:38]"}
{"level":"info","message":"ruta: /cm/cmfactur - ::1 - [21-03-2024 20:38]"}
{"level":"info","message":"ruta: /cm/cmfactur/list/detalle - ::1 - [21-03-2024 20:38]"}
{"level":"info","message":"ruta: /cm/cmfactur/preform - ::1 - [21-03-2024 20:39]"}
{"level":"info","message":"ruta: /cm/cmfactur/list/detalle - ::1 - [21-03-2024 20:39]"}
{"level":"info","message":"ruta: /cm/cmfactur/preform - ::1 - [21-03-2024 20:39]"}
{"level":"info","message":"ruta: /cm/cmfactur/list/detalle - ::1 - [21-03-2024 20:39]"}
{"level":"info","message":"ruta: /cm/cmfactur/preform - ::1 - [21-03-2024 20:39]"}
{"level":"info","message":"ruta: /cm/cmfactur/list/cabecera - ::1 - [21-03-2024 20:39]"}
{"level":"info","message":"ruta: /cm/cmfactur/list/detalle - ::1 - [21-03-2024 20:39]"}
{"level":"info","message":"ruta: /cm/cmfactur - ::1 - [21-03-2024 20:39]"}
{"level":"info","message":"ruta: /cm/cmfactur/preform - ::1 - [21-03-2024 20:40]"}
{"level":"info","message":"ruta: /cm/cmfactur/list/detalle - ::1 - [21-03-2024 20:40]"}
{"level":"info","message":"ruta: /cm/cmfactur/preform - ::1 - [21-03-2024 20:41]"}
{"level":"info","message":"ruta: /cm/cmfactur/list/detalle - ::1 - [21-03-2024 20:41]"}
{"level":"info","message":"ruta: /cm/cmfactur/preform - ::1 - [21-03-2024 20:41]"}
{"level":"info","message":"ruta: /cm/cmfactur/list/detalle - ::1 - [21-03-2024 20:41]"}
{"level":"info","message":"ruta: /cm/cmfactur/preform - ::1 - [21-03-2024 20:41]"}
{"level":"info","message":"ruta: /cm/cmfactur/list/cabecera - ::1 - [21-03-2024 20:41]"}
{"level":"info","message":"ruta: /cm/cmfactur/list/detalle - ::1 - [21-03-2024 20:41]"}
{"level":"info","message":"ruta: /cm/cmfactur/valida/unidadMedida - ::1 - [21-03-2024 20:41]"}
{"level":"info","message":"ruta: /cm/cmfactur/valida/articulo - ::1 - [21-03-2024 20:41]"}
{"level":"info","message":"ruta: /cm/cmfactur/valida/unidadMedida - ::1 - [21-03-2024 20:41]"}
{"level":"info","message":"ruta: /cm/cmfactur/det/1/A/FAC/7 - ::1 - [21-03-2024 20:41]"}
{"level":"info","message":"ruta: /cm/cmfactur - ::1 - [21-03-2024 20:41]"}
{"level":"info","message":"ruta: /cm/cmfactur/preform - ::1 - [21-03-2024 20:42]"}
{"level":"info","message":"ruta: /cm/cmfactur/list/detalle - ::1 - [21-03-2024 20:42]"}
{"level":"info","message":"ruta: /cm/cmfactur/preform - ::1 - [21-03-2024 20:42]"}
{"level":"info","message":"ruta: /cm/cmfactur/list/detalle - ::1 - [21-03-2024 20:42]"}
{"level":"info","message":"ruta: /cm/cmfactur/preform - ::1 - [21-03-2024 20:42]"}
{"level":"info","message":"ruta: /cm/cmfactur/list/cabecera - ::1 - [21-03-2024 20:42]"}
{"level":"info","message":"ruta: /cm/cmfactur/list/detalle - ::1 - [21-03-2024 20:42]"}
{"level":"info","message":"ruta: /cm/cmfactur - ::1 - [21-03-2024 20:42]"}
{"level":"info","message":"ruta: /cm/cmfactur/valida/unidadMedida - ::1 - [21-03-2024 20:43]"}
{"level":"info","message":"ruta: /cm/cmfactur/valida/articulo - ::1 - [21-03-2024 20:43]"}
{"level":"info","message":"ruta: /cm/cmfactur/valida/unidadMedida - ::1 - [21-03-2024 20:43]"}
{"level":"info","message":"ruta: /cm/cmfactur/det/1/A/FAC/7 - ::1 - [21-03-2024 20:43]"}
{"level":"info","message":"ruta: /cm/cmfactur - ::1 - [21-03-2024 20:43]"}
{"level":"info","message":"ruta: /cm/cmfactur/preform - ::1 - [21-03-2024 20:43]"}
{"level":"info","message":"ruta: /cm/cmfactur/list/cabecera - ::1 - [21-03-2024 20:43]"}
{"level":"info","message":"ruta: /cm/cmfactur/list/detalle - ::1 - [21-03-2024 20:43]"}
{"level":"info","message":"ruta: /cm/cmfactur/preform - ::1 - [21-03-2024 20:43]"}
{"level":"info","message":"ruta: /cm/cmfactur/list/cabecera - ::1 - [21-03-2024 20:43]"}
{"level":"info","message":"ruta: /cm/cmfactur/list/detalle - ::1 - [21-03-2024 20:43]"}
{"level":"info","message":"ruta: /cm/cmfactur - ::1 - [21-03-2024 20:43]"}
{"level":"info","message":"ruta: /cm/cmfactur/valida/unidadMedida - ::1 - [21-03-2024 20:43]"}
{"level":"info","message":"ruta: /cm/cmfactur/valida/articulo - ::1 - [21-03-2024 20:43]"}
{"level":"info","message":"ruta: /cm/cmfactur/valida/unidadMedida - ::1 - [21-03-2024 20:43]"}
{"level":"info","message":"ruta: /cm/cmfactur/det/1/A/FAC/7 - ::1 - [21-03-2024 20:43]"}
{"level":"info","message":"ruta: /cm/cmfactur - ::1 - [21-03-2024 20:43]"}
{"level":"info","message":"ruta: /cm/cmfactur/preform - ::1 - [21-03-2024 20:45]"}
{"level":"info","message":"ruta: /cm/cmfactur/list/detalle - ::1 - [21-03-2024 20:45]"}
{"level":"info","message":"ruta: /cm/cmfactur/preform - ::1 - [21-03-2024 20:45]"}
{"level":"info","message":"ruta: /cm/cmfactur/list/cabecera - ::1 - [21-03-2024 20:45]"}
{"level":"info","message":"ruta: /cm/cmfactur/list/detalle - ::1 - [21-03-2024 20:45]"}
{"level":"info","message":"ruta: /cm/cmfactur/preform - ::1 - [21-03-2024 20:45]"}
{"level":"info","message":"ruta: /cm/cmfactur/list/cabecera - ::1 - [21-03-2024 20:45]"}
{"level":"info","message":"ruta: /cm/cmfactur/list/detalle - ::1 - [21-03-2024 20:45]"}
{"level":"info","message":"ruta: /cm/cmfactur - ::1 - [21-03-2024 20:45]"}
{"level":"info","message":"ruta: /cm/cmfactur/valida/unidadMedida - ::1 - [21-03-2024 20:45]"}
{"level":"info","message":"ruta: /cm/cmfactur/valida/articulo - ::1 - [21-03-2024 20:45]"}
{"level":"info","message":"ruta: /cm/cmfactur/valida/unidadMedida - ::1 - [21-03-2024 20:45]"}
{"level":"info","message":"ruta: /cm/cmfactur - ::1 - [21-03-2024 20:45]"}
{"level":"info","message":"ruta: /cm/cmfactur/valida/unidadMedida - ::1 - [21-03-2024 20:45]"}
{"level":"info","message":"ruta: /cm/cmfactur/valida/articulo - ::1 - [21-03-2024 20:45]"}
{"level":"info","message":"ruta: /cm/cmfactur/valida/unidadMedida - ::1 - [21-03-2024 20:45]"}
{"level":"info","message":"ruta: /cm/cmfactur/det/1/A/FAC/7 - ::1 - [21-03-2024 20:46]"}
{"level":"info","message":"ruta: /cm/cmfactur - ::1 - [21-03-2024 20:46]"}
{"level":"info","message":"ruta: /cm/cmfactur/preform - ::1 - [21-03-2024 20:47]"}
{"level":"info","message":"ruta: /cm/cmfactur/list/detalle - ::1 - [21-03-2024 20:47]"}
{"level":"info","message":"ruta: /cm/cmfactur/preform - ::1 - [21-03-2024 20:47]"}
{"level":"info","message":"ruta: /cm/cmfactur/list/detalle - ::1 - [21-03-2024 20:47]"}
{"level":"info","message":"ruta: /cm/cmfactur/preform - ::1 - [21-03-2024 20:47]"}
{"level":"info","message":"ruta: /cm/cmfactur/list/detalle - ::1 - [21-03-2024 20:47]"}
{"level":"info","message":"ruta: /cm/cmfactur/preform - ::1 - [21-03-2024 20:47]"}
{"level":"info","message":"ruta: /cm/cmfactur/list/cabecera - ::1 - [21-03-2024 20:47]"}
{"level":"info","message":"ruta: /cm/cmfactur/list/detalle - ::1 - [21-03-2024 20:47]"}
{"level":"info","message":"ruta: /cm/cmfactur - ::1 - [21-03-2024 20:47]"}
{"level":"info","message":"ruta: /cm/cmfactur/valida/unidadMedida - ::1 - [21-03-2024 20:47]"}
{"level":"info","message":"ruta: /cm/cmfactur/valida/articulo - ::1 - [21-03-2024 20:47]"}
{"level":"info","message":"ruta: /cm/cmfactur/valida/unidadMedida - ::1 - [21-03-2024 20:47]"}
{"level":"info","message":"ruta: /cm/cmfactur/det/1/A/FAC/7 - ::1 - [21-03-2024 20:47]"}
{"level":"info","message":"ruta: /cm/cmfactur - ::1 - [21-03-2024 20:47]"}
{"level":"info","message":"ruta: /cm/cmfactur/preform - ::1 - [21-03-2024 20:48]"}
{"level":"info","message":"ruta: /cm/cmfactur/list/cabecera - ::1 - [21-03-2024 20:48]"}
{"level":"info","message":"ruta: /cm/cmfactur/list/detalle - ::1 - [21-03-2024 20:48]"}
{"level":"info","message":"ruta: /cm/cmfactur - ::1 - [21-03-2024 20:48]"}
{"level":"info","message":"ruta: /cm/cmfactur/preform - ::1 - [21-03-2024 20:48]"}
{"level":"info","message":"ruta: /cm/cmfactur/list/cabecera - ::1 - [21-03-2024 20:48]"}
{"level":"info","message":"ruta: /cm/cmfactur/list/detalle - ::1 - [21-03-2024 20:48]"}
{"level":"info","message":"ruta: /cm/cmfactur/preform - ::1 - [21-03-2024 20:52]"}
{"level":"info","message":"ruta: /cm/cmfactur/list/cabecera - ::1 - [21-03-2024 20:52]"}
{"level":"info","message":"ruta: /cm/cmfactur/list/detalle - ::1 - [21-03-2024 20:52]"}
{"level":"info","message":"ruta: /cm/cmfactur/preform - ::1 - [21-03-2024 20:52]"}
{"level":"info","message":"ruta: /cm/cmfactur/list/cabecera - ::1 - [21-03-2024 20:52]"}
{"level":"info","message":"ruta: /cm/cmfactur/list/detalle - ::1 - [21-03-2024 20:52]"}
{"level":"info","message":"ruta: /cm/cmfactur/valida/unidadMedida - ::1 - [21-03-2024 20:52]"}
{"level":"info","message":"ruta: /cm/cmfactur/valida/articulo - ::1 - [21-03-2024 20:52]"}
{"level":"info","message":"ruta: /cm/cmfactur/valida/unidadMedida - ::1 - [21-03-2024 20:52]"}
{"level":"info","message":"ruta: /cm/cmfactur/det/1/A/FAC/7 - ::1 - [21-03-2024 20:52]"}
{"level":"info","message":"ruta: /cm/cmfactur - ::1 - [21-03-2024 20:52]"}
{"level":"info","message":"ruta: /cm/cmfactur/preform - ::1 - [21-03-2024 20:54]"}
{"level":"info","message":"ruta: /cm/cmfactur/list/cabecera - ::1 - [21-03-2024 20:54]"}
{"level":"info","message":"ruta: /cm/cmfactur/list/detalle - ::1 - [21-03-2024 20:54]"}
{"level":"info","message":"ruta: /cm/cmfactur - ::1 - [21-03-2024 20:54]"}
{"level":"info","message":"ruta: /cm/cmfactur/valida/unidadMedida - ::1 - [21-03-2024 20:54]"}
{"level":"info","message":"ruta: /cm/cmfactur/valida/articulo - ::1 - [21-03-2024 20:54]"}
{"level":"info","message":"ruta: /cm/cmfactur/valida/unidadMedida - ::1 - [21-03-2024 20:54]"}
{"level":"info","message":"ruta: /cm/cmfactur/det/1/A/FAC/7 - ::1 - [21-03-2024 20:55]"}
{"level":"info","message":"ruta: /cm/cmfactur - ::1 - [21-03-2024 20:55]"}
{"level":"info","message":"ruta: /cm/cmfactur/preform - ::1 - [21-03-2024 20:57]"}
{"level":"info","message":"ruta: /cm/cmfactur/list/cabecera - ::1 - [21-03-2024 20:57]"}
{"level":"info","message":"ruta: /cm/cmfactur/list/detalle - ::1 - [21-03-2024 20:57]"}
{"level":"info","message":"ruta: /cm/cmfactur - ::1 - [21-03-2024 20:57]"}
{"level":"info","message":"ruta: /cm/cmfactur/valida/unidadMedida - ::1 - [21-03-2024 20:57]"}
{"level":"info","message":"ruta: /cm/cmfactur/valida/articulo - ::1 - [21-03-2024 20:58]"}
{"level":"info","message":"ruta: /cm/cmfactur/valida/unidadMedida - ::1 - [21-03-2024 20:58]"}
{"level":"info","message":"ruta: /cm/cmfactur/det/1/A/FAC/7 - ::1 - [21-03-2024 20:58]"}
{"level":"info","message":"ruta: /cm/cmfactur - ::1 - [21-03-2024 20:58]"}
{"level":"info","message":"ruta: /cm/cmfactur/preform - ::1 - [21-03-2024 21:01]"}
{"level":"info","message":"ruta: /cm/cmfactur/list/detalle - ::1 - [21-03-2024 21:01]"}
{"level":"info","message":"ruta: /cm/cmfactur/preform - ::1 - [21-03-2024 21:01]"}
{"level":"info","message":"ruta: /cm/cmfactur/list/detalle - ::1 - [21-03-2024 21:01]"}
{"level":"info","message":"ruta: /cm/cmfactur/preform - ::1 - [21-03-2024 21:01]"}
{"level":"info","message":"ruta: /cm/cmfactur/list/detalle - ::1 - [21-03-2024 21:01]"}
{"level":"info","message":"ruta: /cm/cmfactur/preform - ::1 - [21-03-2024 21:01]"}
{"level":"info","message":"ruta: /cm/cmfactur/list/cabecera - ::1 - [21-03-2024 21:01]"}
{"level":"info","message":"ruta: /cm/cmfactur/list/detalle - ::1 - [21-03-2024 21:01]"}
{"level":"info","message":"ruta: /cm/cmfactur/valida/unidadMedida - ::1 - [21-03-2024 21:01]"}
{"level":"info","message":"ruta: /cm/cmfactur/valida/articulo - ::1 - [21-03-2024 21:01]"}
{"level":"info","message":"ruta: /cm/cmfactur/valida/unidadMedida - ::1 - [21-03-2024 21:01]"}
{"level":"info","message":"ruta: /cm/cmfactur/det/1/A/FAC/7 - ::1 - [21-03-2024 21:01]"}
{"level":"info","message":"ruta: /cm/cmfactur - ::1 - [21-03-2024 21:01]"}
{"level":"info","message":"ruta: /cm/cmfactur - ::1 - [21-03-2024 21:01]"}
{"level":"info","message":"ruta: /cm/cmfactur/valida/articulo - ::1 - [21-03-2024 21:01]"}
{"level":"info","message":"ruta: /cm/cmfactur/list/detalle - ::1 - [21-03-2024 21:01]"}
{"level":"info","message":"ruta: /cm/cmfactur/valida/articulo - ::1 - [21-03-2024 21:01]"}
{"level":"info","message":"ruta: /cm/cmfactur/valida/unidadMedida - ::1 - [21-03-2024 21:01]"}
{"level":"info","message":"ruta: /cm/cmfactur/preform - ::1 - [21-03-2024 21:02]"}
{"level":"info","message":"ruta: /cm/cmfactur/list/detalle - ::1 - [21-03-2024 21:02]"}
{"level":"info","message":"ruta: /cm/cmfactur/preform - ::1 - [21-03-2024 21:02]"}
{"level":"info","message":"ruta: /cm/cmfactur/list/cabecera - ::1 - [21-03-2024 21:02]"}
{"level":"info","message":"ruta: /cm/cmfactur/list/detalle - ::1 - [21-03-2024 21:02]"}
{"level":"info","message":"ruta: /cm/cmfactur/valida/unidadMedida - ::1 - [21-03-2024 21:02]"}
{"level":"info","message":"ruta: /cm/cmfactur/valida/articulo - ::1 - [21-03-2024 21:02]"}
{"level":"info","message":"ruta: /cm/cmfactur/valida/unidadMedida - ::1 - [21-03-2024 21:02]"}
{"level":"info","message":"ruta: /cm/cmfactur/det/1/A/FAC/7 - ::1 - [21-03-2024 21:02]"}
{"level":"info","message":"ruta: /cm/cmfactur - ::1 - [21-03-2024 21:02]"}
{"level":"info","message":"ruta: /cm/cmfactur - ::1 - [21-03-2024 21:02]"}
{"level":"info","message":"ruta: /cm/cmfactur/valida/unidadMedida - ::1 - [21-03-2024 21:03]"}
{"level":"info","message":"ruta: /cm/cmfactur/valida/articulo - ::1 - [21-03-2024 21:03]"}
{"level":"info","message":"ruta: /cm/cmfactur/valida/unidadMedida - ::1 - [21-03-2024 21:03]"}
{"level":"info","message":"ruta: /cm/cmfactur/det/1/A/FAC/7 - ::1 - [21-03-2024 21:03]"}
{"level":"info","message":"ruta: /cm/cmfactur - ::1 - [21-03-2024 21:03]"}
{"level":"info","message":"ruta: /cm/cmfactur/preform - ::1 - [21-03-2024 21:03]"}
{"level":"info","message":"ruta: /cm/cmfactur/list/cabecera - ::1 - [21-03-2024 21:03]"}
{"level":"info","message":"ruta: /cm/cmfactur/list/detalle - ::1 - [21-03-2024 21:03]"}
{"level":"info","message":"ruta: /cm/cmfactur - ::1 - [21-03-2024 21:03]"}
{"level":"info","message":"ruta: /cm/cmfactur/valida/unidadMedida - ::1 - [21-03-2024 21:03]"}
{"level":"info","message":"ruta: /cm/cmfactur/valida/articulo - ::1 - [21-03-2024 21:03]"}
{"level":"info","message":"ruta: /cm/cmfactur/valida/unidadMedida - ::1 - [21-03-2024 21:03]"}
{"level":"info","message":"ruta: /cm/cmfactur/det/1/A/FAC/7 - ::1 - [21-03-2024 21:03]"}
{"level":"info","message":"ruta: /cm/cmfactur - ::1 - [21-03-2024 21:03]"}
{"level":"info","message":"ruta: /cm/cmfactur - ::1 - [21-03-2024 21:03]"}
{"level":"info","message":"ruta: /cm/cmfactur/list/detalle - ::1 - [21-03-2024 21:03]"}
{"level":"info","message":"ruta: /cm/cmfactur/preform - ::1 - [21-03-2024 21:03]"}
{"level":"info","message":"ruta: /cm/cmfactur/list/cabecera - ::1 - [21-03-2024 21:03]"}
{"level":"info","message":"ruta: /cm/cmfactur/list/detalle - ::1 - [21-03-2024 21:03]"}
{"level":"info","message":"ruta: /cm/cmfactur/valida/unidadMedida - ::1 - [21-03-2024 21:03]"}
{"level":"info","message":"ruta: /cm/cmfactur/valida/articulo - ::1 - [21-03-2024 21:03]"}
{"level":"info","message":"ruta: /cm/cmfactur/valida/unidadMedida - ::1 - [21-03-2024 21:03]"}
{"level":"info","message":"ruta: /cm/cmfactur/det/1/A/FAC/7 - ::1 - [21-03-2024 21:04]"}
{"level":"info","message":"ruta: /cm/cmfactur - ::1 - [21-03-2024 21:04]"}
{"level":"info","message":"ruta: /cm/cmfactur - ::1 - [21-03-2024 21:04]"}
{"level":"info","message":"ruta: /cm/cmfactur/valida/unidadMedida - ::1 - [21-03-2024 21:04]"}
{"level":"info","message":"ruta: /cm/cmfactur - ::1 - [21-03-2024 21:04]"}
{"level":"info","message":"ruta: /cm/cmfactur/valida/articulo - ::1 - [21-03-2024 21:04]"}
{"level":"info","message":"ruta: /cm/cmfactur/valida/unidadMedida - ::1 - [21-03-2024 21:04]"}
{"level":"info","message":"ruta: /cm/cmfactur/det/1/A/FAC/7 - ::1 - [21-03-2024 21:04]"}
{"level":"info","message":"ruta: /cm/cmfactur - ::1 - [21-03-2024 21:04]"}
{"level":"info","message":"ruta: /cm/cmfactur/preform - ::1 - [21-03-2024 21:04]"}
{"level":"info","message":"ruta: /cm/cmfactur/list/cabecera - ::1 - [21-03-2024 21:04]"}
{"level":"info","message":"ruta: /cm/cmfactur/list/detalle - ::1 - [21-03-2024 21:04]"}
{"level":"info","message":"ruta: /cm/cmfactur - ::1 - [21-03-2024 21:04]"}
{"level":"info","message":"ruta: /cm/cmfactur/valida/unidadMedida - ::1 - [21-03-2024 21:04]"}
{"level":"info","message":"ruta: /cm/cmfactur/valida/articulo - ::1 - [21-03-2024 21:04]"}
{"level":"info","message":"ruta: /cm/cmfactur/valida/unidadMedida - ::1 - [21-03-2024 21:04]"}
{"level":"info","message":"ruta: /cm/cmfactur/det/1/A/FAC/7 - ::1 - [21-03-2024 21:04]"}
{"level":"info","message":"ruta: /cm/cmfactur - ::1 - [21-03-2024 21:04]"}
{"level":"info","message":"ruta: /cm/cmfactur - ::1 - [21-03-2024 21:05]"}
{"level":"info","message":"ruta: /cm/cmfactur/list/detalle - ::1 - [21-03-2024 21:05]"}
{"level":"info","message":"ruta: /cm/cmfactur/preform - ::1 - [21-03-2024 21:05]"}
{"level":"info","message":"ruta: /cm/cmfactur/list/detalle - ::1 - [21-03-2024 21:05]"}
{"level":"info","message":"ruta: /cm/cmfactur/preform - ::1 - [21-03-2024 21:05]"}
{"level":"info","message":"ruta: /cm/cmfactur/list/cabecera - ::1 - [21-03-2024 21:05]"}
{"level":"info","message":"ruta: /cm/cmfactur/list/detalle - ::1 - [21-03-2024 21:05]"}
{"level":"info","message":"ruta: /cm/cmfactur - ::1 - [21-03-2024 21:05]"}
{"level":"info","message":"ruta: /cm/cmfactur/preform - ::1 - [21-03-2024 21:05]"}
{"level":"info","message":"ruta: /cm/cmfactur/list/cabecera - ::1 - [21-03-2024 21:05]"}
{"level":"info","message":"ruta: /cm/cmfactur/list/detalle - ::1 - [21-03-2024 21:05]"}
{"level":"info","message":"ruta: /cm/cmfactur/valida/unidadMedida - ::1 - [21-03-2024 21:05]"}
{"level":"info","message":"ruta: /cm/cmfactur/valida/articulo - ::1 - [21-03-2024 21:05]"}
{"level":"info","message":"ruta: /cm/cmfactur/valida/unidadMedida - ::1 - [21-03-2024 21:05]"}
{"level":"info","message":"ruta: /cm/cmfactur/det/1/A/FAC/7 - ::1 - [21-03-2024 21:05]"}
{"level":"info","message":"ruta: /cm/cmfactur - ::1 - [21-03-2024 21:05]"}
{"level":"info","message":"ruta: /cm/cmfactur - ::1 - [21-03-2024 21:06]"}
{"level":"info","message":"ruta: /cm/cmfactur/preform - ::1 - [21-03-2024 21:06]"}
{"level":"info","message":"ruta: /cm/cmfactur/list/cabecera - ::1 - [21-03-2024 21:06]"}
{"level":"info","message":"ruta: /cm/cmfactur/list/detalle - ::1 - [21-03-2024 21:06]"}
{"level":"info","message":"ruta: /cm/cmfactur/preform - ::1 - [21-03-2024 21:07]"}
{"level":"info","message":"ruta: /cm/cmfactur/list/detalle - ::1 - [21-03-2024 21:07]"}
{"level":"info","message":"ruta: /cm/cmfactur/preform - ::1 - [21-03-2024 21:07]"}
{"level":"info","message":"ruta: /cm/cmfactur/list/detalle - ::1 - [21-03-2024 21:07]"}
{"level":"info","message":"ruta: /cm/cmfactur/preform - ::1 - [21-03-2024 21:07]"}
{"level":"info","message":"ruta: /cm/cmfactur/list/cabecera - ::1 - [21-03-2024 21:07]"}
{"level":"info","message":"ruta: /cm/cmfactur/list/detalle - ::1 - [21-03-2024 21:07]"}
{"level":"info","message":"ruta: /cm/cmfactur - ::1 - [21-03-2024 21:07]"}
{"level":"info","message":"ruta: /cm/cmfactur/valida/unidadMedida - ::1 - [21-03-2024 21:07]"}
{"level":"info","message":"ruta: /cm/cmfactur/valida/articulo - ::1 - [21-03-2024 21:07]"}
{"level":"info","message":"ruta: /cm/cmfactur/valida/unidadMedida - ::1 - [21-03-2024 21:07]"}
{"level":"info","message":"ruta: /cm/cmfactur/det/1/A/FAC/7 - ::1 - [21-03-2024 21:07]"}
{"level":"info","message":"ruta: /cm/cmfactur - ::1 - [21-03-2024 21:07]"}
{"level":"info","message":"ruta: /cm/cmfactur/preform - ::1 - [21-03-2024 21:07]"}
{"level":"info","message":"ruta: /cm/cmfactur/list/cabecera - ::1 - [21-03-2024 21:07]"}
{"level":"info","message":"ruta: /cm/cmfactur/list/detalle - ::1 - [21-03-2024 21:07]"}
{"level":"info","message":"ruta: /cm/cmfactur - ::1 - [21-03-2024 21:08]"}
{"level":"info","message":"ruta: /cm/cmfactur/valida/unidadMedida - ::1 - [21-03-2024 21:08]"}
{"level":"info","message":"ruta: /cm/cmfactur/valida/articulo - ::1 - [21-03-2024 21:08]"}
{"level":"info","message":"ruta: /cm/cmfactur/valida/unidadMedida - ::1 - [21-03-2024 21:08]"}
{"level":"info","message":"ruta: /cm/cmfactur/det/1/A/FAC/7 - ::1 - [21-03-2024 21:08]"}
{"level":"info","message":"ruta: /cm/cmfactur - ::1 - [21-03-2024 21:08]"}
{"level":"info","message":"ruta: /cm/cmfactur/preform - ::1 - [21-03-2024 21:09]"}
{"level":"info","message":"ruta: /cm/cmfactur/list/detalle - ::1 - [21-03-2024 21:09]"}
{"level":"info","message":"ruta: /cm/cmfactur/preform - ::1 - [21-03-2024 21:09]"}
{"level":"info","message":"ruta: /cm/cmfactur/list/detalle - ::1 - [21-03-2024 21:09]"}
{"level":"info","message":"ruta: /cm/cmfactur/preform - ::1 - [21-03-2024 21:09]"}
{"level":"info","message":"ruta: /cm/cmfactur/list/cabecera - ::1 - [21-03-2024 21:09]"}
{"level":"info","message":"ruta: /cm/cmfactur/list/detalle - ::1 - [21-03-2024 21:09]"}
{"level":"info","message":"ruta: /cm/cmfactur - ::1 - [21-03-2024 21:09]"}
{"level":"info","message":"ruta: /cm/cmfactur/valida/unidadMedida - ::1 - [21-03-2024 21:09]"}
{"level":"info","message":"ruta: /cm/cmfactur/valida/articulo - ::1 - [21-03-2024 21:09]"}
{"level":"info","message":"ruta: /cm/cmfactur/valida/unidadMedida - ::1 - [21-03-2024 21:09]"}
{"level":"info","message":"ruta: /cm/cmfactur/det/1/A/FAC/7 - ::1 - [21-03-2024 21:09]"}
{"level":"info","message":"ruta: /cm/cmfactur - ::1 - [21-03-2024 21:09]"}
{"level":"info","message":"ruta: /cm/cmfactur/preform - ::1 - [21-03-2024 21:13]"}
{"level":"info","message":"ruta: /cm/cmfactur/list/detalle - ::1 - [21-03-2024 21:13]"}
{"level":"info","message":"ruta: /cm/cmfactur/preform - ::1 - [21-03-2024 21:13]"}
{"level":"info","message":"ruta: /cm/cmfactur/list/cabecera - ::1 - [21-03-2024 21:13]"}
{"level":"info","message":"ruta: /cm/cmfactur/list/detalle - ::1 - [21-03-2024 21:13]"}
{"level":"info","message":"ruta: /cm/cmfactur - ::1 - [21-03-2024 21:13]"}
{"level":"info","message":"ruta: /cm/cmfactur/valida/unidadMedida - ::1 - [21-03-2024 21:14]"}
{"level":"info","message":"ruta: /cm/cmfactur - ::1 - [21-03-2024 21:14]"}
{"level":"info","message":"ruta: /cm/cmfactur/valida/articulo - ::1 - [21-03-2024 21:14]"}
{"level":"info","message":"ruta: /cm/cmfactur/valida/unidadMedida - ::1 - [21-03-2024 21:14]"}
{"level":"info","message":"ruta: /cm/cmfactur/det/1/A/FAC/7 - ::1 - [21-03-2024 21:14]"}
{"level":"info","message":"ruta: /cm/cmfactur - ::1 - [21-03-2024 21:14]"}
{"level":"info","message":"ruta: /cm/cmfactur/preform - ::1 - [21-03-2024 21:14]"}
{"level":"info","message":"ruta: /cm/cmfactur/list/detalle - ::1 - [21-03-2024 21:14]"}
{"level":"info","message":"ruta: /cm/cmfactur/preform - ::1 - [21-03-2024 21:15]"}
{"level":"info","message":"ruta: /cm/cmfactur/list/detalle - ::1 - [21-03-2024 21:15]"}
{"level":"info","message":"ruta: /cm/cmfactur/preform - ::1 - [21-03-2024 21:16]"}
{"level":"info","message":"ruta: /cm/cmfactur/list/detalle - ::1 - [21-03-2024 21:16]"}
{"level":"info","message":"ruta: /cm/cmfactur/preform - ::1 - [21-03-2024 21:18]"}
{"level":"info","message":"ruta: /cm/cmfactur/list/detalle - ::1 - [21-03-2024 21:18]"}
{"level":"info","message":"ruta: /cm/cmfactur/preform - ::1 - [21-03-2024 21:18]"}
{"level":"info","message":"ruta: /cm/cmfactur/preform - ::1 - [21-03-2024 21:18]"}
{"level":"info","message":"ruta: /cm/cmfactur/list/detalle - ::1 - [21-03-2024 21:18]"}
{"level":"info","message":"ruta: /cm/cmfactur/preform - ::1 - [21-03-2024 21:18]"}
{"level":"info","message":"ruta: /cm/cmfactur/preform - ::1 - [21-03-2024 21:18]"}
{"level":"info","message":"ruta: /cm/cmfactur/preform - ::1 - [21-03-2024 21:19]"}
{"level":"info","message":"ruta: /cm/cmfactur/list/detalle - ::1 - [21-03-2024 21:19]"}
{"level":"info","message":"ruta: /cm/cmfactur/preform - ::1 - [21-03-2024 21:19]"}
{"level":"info","message":"ruta: /cm/cmfactur/list/cabecera - ::1 - [21-03-2024 21:19]"}
{"level":"info","message":"ruta: /cm/cmfactur/list/detalle - ::1 - [21-03-2024 21:19]"}
{"level":"info","message":"ruta: /cm/cmfactur/preform - ::1 - [21-03-2024 21:19]"}
{"level":"info","message":"ruta: /cm/cmfactur/list/cabecera - ::1 - [21-03-2024 21:19]"}
{"level":"info","message":"ruta: /cm/cmfactur/list/detalle - ::1 - [21-03-2024 21:19]"}
{"level":"info","message":"ruta: /cm/cmfactur/preform - ::1 - [21-03-2024 21:19]"}
{"level":"info","message":"ruta: /cm/cmfactur/list/cabecera - ::1 - [21-03-2024 21:19]"}
{"level":"info","message":"ruta: /cm/cmfactur/list/detalle - ::1 - [21-03-2024 21:19]"}
{"level":"info","message":"ruta: /cm/cmfactur - ::1 - [21-03-2024 21:19]"}
{"level":"info","message":"ruta: /cm/cmfactur/list/cabecera - ::1 - [21-03-2024 21:19]"}
{"level":"info","message":"ruta: /cm/cmfactur/preform - ::1 - [21-03-2024 21:19]"}
{"level":"info","message":"ruta: /cm/cmfactur/list/detalle - ::1 - [21-03-2024 21:19]"}
{"level":"info","message":"ruta: /cm/cmfactur/preform - ::1 - [21-03-2024 21:19]"}
{"level":"info","message":"ruta: /cm/cmfactur/list/cabecera - ::1 - [21-03-2024 21:19]"}
{"level":"info","message":"ruta: /cm/cmfactur/list/detalle - ::1 - [21-03-2024 21:19]"}
{"level":"info","message":"ruta: /cm/cmfactur/preform - ::1 - [21-03-2024 21:19]"}
{"level":"info","message":"ruta: /cm/cmfactur/list/cabecera - ::1 - [21-03-2024 21:19]"}
{"level":"info","message":"ruta: /cm/cmfactur/list/detalle - ::1 - [21-03-2024 21:19]"}
{"level":"info","message":"ruta: /cm/cmfactur/valida/unidadMedida - ::1 - [21-03-2024 21:19]"}
{"level":"info","message":"ruta: /cm/cmfactur/valida/articulo - ::1 - [21-03-2024 21:19]"}
{"level":"info","message":"ruta: /cm/cmfactur/valida/unidadMedida - ::1 - [21-03-2024 21:19]"}
{"level":"info","message":"ruta: /cm/cmfactur/det/1/A/FAC/7 - ::1 - [21-03-2024 21:19]"}
{"level":"info","message":"ruta: /cm/cmfactur - ::1 - [21-03-2024 21:19]"}
{"level":"info","message":"ruta: /cm/cmfactur/list/cabecera - ::1 - [21-03-2024 21:20]"}
{"level":"info","message":"ruta: /cm/cmfactur - ::1 - [21-03-2024 21:20]"}
{"level":"info","message":"ruta: /cm/cmfactur/list/cabecera - ::1 - [21-03-2024 21:20]"}
{"level":"info","message":"ruta: /cm/cmfactur/preform - ::1 - [21-03-2024 21:21]"}
{"level":"info","message":"ruta: /cm/cmfactur/list/detalle - ::1 - [21-03-2024 21:21]"}
{"level":"info","message":"ruta: /cm/cmfactur/preform - ::1 - [21-03-2024 21:21]"}
{"level":"info","message":"ruta: /cm/cmfactur/list/detalle - ::1 - [21-03-2024 21:21]"}
{"level":"info","message":"ruta: /cm/cmfactur/preform - ::1 - [21-03-2024 21:21]"}
{"level":"info","message":"ruta: /cm/cmfactur/list/detalle - ::1 - [21-03-2024 21:21]"}
{"level":"info","message":"ruta: /cm/cmfactur/preform - ::1 - [21-03-2024 21:22]"}
{"level":"info","message":"ruta: /cm/cmfactur/list/detalle - ::1 - [21-03-2024 21:22]"}
{"level":"info","message":"ruta: /cm/cmfactur/preform - ::1 - [21-03-2024 21:22]"}
{"level":"info","message":"ruta: /cm/cmfactur/list/detalle - ::1 - [21-03-2024 21:22]"}
{"level":"info","message":"ruta: /cm/cmfactur/preform - ::1 - [21-03-2024 21:22]"}
{"level":"info","message":"ruta: /cm/cmfactur/list/detalle - ::1 - [21-03-2024 21:22]"}
{"level":"info","message":"ruta: /cm/cmfactur/preform - ::1 - [21-03-2024 21:22]"}
{"level":"info","message":"ruta: /cm/cmfactur/preform - ::1 - [21-03-2024 21:22]"}
{"level":"info","message":"ruta: /cm/cmfactur/list/detalle - ::1 - [21-03-2024 21:22]"}
{"level":"info","message":"ruta: /cm/cmfactur/preform - ::1 - [21-03-2024 21:22]"}
{"level":"info","message":"ruta: /cm/cmfactur/list/detalle - ::1 - [21-03-2024 21:22]"}
{"level":"info","message":"ruta: /cm/cmfactur/preform - ::1 - [21-03-2024 21:22]"}
{"level":"info","message":"ruta: /cm/cmfactur/list/cabecera - ::1 - [21-03-2024 21:22]"}
{"level":"info","message":"ruta: /cm/cmfactur/list/detalle - ::1 - [21-03-2024 21:22]"}
{"level":"info","message":"ruta: /cm/cmfactur - ::1 - [21-03-2024 21:22]"}
{"level":"info","message":"ruta: /cm/cmfactur/list/detalle - ::1 - [21-03-2024 21:22]"}
{"level":"info","message":"ruta: /cm/cmfactur/valida/unidadMedida - ::1 - [21-03-2024 21:23]"}
{"level":"info","message":"ruta: /cm/cmfactur/valida/unidadMedida - ::1 - [21-03-2024 21:23]"}
{"level":"info","message":"ruta: /cm/cmfactur/valida/articulo - ::1 - [21-03-2024 21:23]"}
{"level":"info","message":"ruta: /cm/cmfactur/valida/unidadMedida - ::1 - [21-03-2024 21:23]"}
{"level":"info","message":"ruta: /cm/cmfactur/det/1/A/FAC/7 - ::1 - [21-03-2024 21:23]"}
{"level":"info","message":"ruta: /cm/cmfactur - ::1 - [21-03-2024 21:23]"}
{"level":"info","message":"ruta: /cm/cmfactur/list/detalle - ::1 - [21-03-2024 21:23]"}
{"level":"info","message":"ruta: /cm/cmfactur/preform - ::1 - [21-03-2024 21:25]"}
{"level":"info","message":"ruta: /cm/cmfactur/list/detalle - ::1 - [21-03-2024 21:25]"}
{"level":"info","message":"ruta: /cm/cmfactur/preform - ::1 - [21-03-2024 21:25]"}
{"level":"info","message":"ruta: /cm/cmfactur/list/detalle - ::1 - [21-03-2024 21:25]"}
{"level":"info","message":"ruta: /cm/cmfactur/preform - ::1 - [21-03-2024 21:25]"}
{"level":"info","message":"ruta: /cm/cmfactur/list/cabecera - ::1 - [21-03-2024 21:25]"}
{"level":"info","message":"ruta: /cm/cmfactur/list/detalle - ::1 - [21-03-2024 21:25]"}
{"level":"info","message":"ruta: /cm/cmfactur - ::1 - [21-03-2024 21:25]"}
{"level":"info","message":"ruta: /cm/cmfactur/list/detalle - ::1 - [21-03-2024 21:25]"}
{"level":"info","message":"ruta: /cm/cmfactur/valida/unidadMedida - ::1 - [21-03-2024 21:25]"}
{"level":"info","message":"ruta: /cm/cmfactur/valida/articulo - ::1 - [21-03-2024 21:25]"}
{"level":"info","message":"ruta: /cm/cmfactur/valida/unidadMedida - ::1 - [21-03-2024 21:25]"}
{"level":"info","message":"ruta: /cm/cmfactur/det/1/A/FAC/7 - ::1 - [21-03-2024 21:25]"}
{"level":"info","message":"ruta: /cm/cmfactur - ::1 - [21-03-2024 21:25]"}
{"level":"info","message":"ruta: /cm/cmfactur/list/detalle - ::1 - [21-03-2024 21:25]"}
{"level":"info","message":"ruta: /cm/cmfactur/preform - ::1 - [21-03-2024 21:27]"}
{"level":"info","message":"ruta: /cm/cmfactur/list/detalle - ::1 - [21-03-2024 21:27]"}
{"level":"info","message":"ruta: /cm/cmfactur/preform - ::1 - [21-03-2024 21:27]"}
{"level":"info","message":"ruta: /cm/cmfactur/list/detalle - ::1 - [21-03-2024 21:27]"}
{"level":"info","message":"ruta: /cm/cmfactur/preform - ::1 - [21-03-2024 21:28]"}
{"level":"info","message":"ruta: /cm/cmfactur/list/cabecera - ::1 - [21-03-2024 21:28]"}
{"level":"info","message":"ruta: /cm/cmfactur/list/detalle - ::1 - [21-03-2024 21:28]"}
{"level":"info","message":"ruta: /cm/cmfactur - ::1 - [21-03-2024 21:28]"}
{"level":"info","message":"ruta: /cm/cmfactur/list/detalle - ::1 - [21-03-2024 21:28]"}
{"level":"info","message":"ruta: /cm/cmfactur/valida/unidadMedida - ::1 - [21-03-2024 21:28]"}
{"level":"info","message":"ruta: /cm/cmfactur/valida/articulo - ::1 - [21-03-2024 21:28]"}
{"level":"info","message":"ruta: /cm/cmfactur/valida/unidadMedida - ::1 - [21-03-2024 21:28]"}
{"level":"info","message":"ruta: /cm/cmfactur/det/1/A/FAC/7 - ::1 - [21-03-2024 21:28]"}
{"level":"info","message":"ruta: /cm/cmfactur - ::1 - [21-03-2024 21:28]"}
{"level":"info","message":"ruta: /cm/cmfactur/list/detalle - ::1 - [21-03-2024 21:28]"}
{"level":"info","message":"ruta: /cm/cmfactur/preform - ::1 - [21-03-2024 21:34]"}
{"level":"info","message":"ruta: /cm/cmfactur/list/cabecera - ::1 - [21-03-2024 21:34]"}
{"level":"info","message":"ruta: /cm/cmfactur/list/detalle - ::1 - [21-03-2024 21:34]"}
{"level":"info","message":"ruta: /cm/cmfactur/preform - ::1 - [21-03-2024 21:37]"}
{"level":"info","message":"ruta: /cm/cmfactur/list/detalle - ::1 - [21-03-2024 21:37]"}
{"level":"info","message":"ruta: /cm/cmfactur/preform - ::1 - [21-03-2024 21:37]"}
{"level":"info","message":"ruta: /cm/cmfactur/list/detalle - ::1 - [21-03-2024 21:37]"}
{"level":"info","message":"ruta: /cm/cmfactur/preform - ::1 - [21-03-2024 21:37]"}
{"level":"info","message":"ruta: /cm/cmfactur/list/detalle - ::1 - [21-03-2024 21:37]"}
{"level":"info","message":"ruta: /cm/cmfactur/preform - ::1 - [21-03-2024 21:37]"}
{"level":"info","message":"ruta: /cm/cmfactur/list/cabecera - ::1 - [21-03-2024 21:37]"}
{"level":"info","message":"ruta: /cm/cmfactur/list/detalle - ::1 - [21-03-2024 21:37]"}
{"level":"info","message":"ruta: /cm/cmfactur/valida/unidadMedida - ::1 - [21-03-2024 21:37]"}
{"level":"info","message":"ruta: /cm/cmfactur - ::1 - [21-03-2024 21:37]"}
{"level":"info","message":"ruta: /cm/cmfactur/list/detalle - ::1 - [21-03-2024 21:37]"}
{"level":"info","message":"ruta: /cm/cmfactur - ::1 - [21-03-2024 21:37]"}
{"level":"info","message":"ruta: /cm/cmfactur/list/detalle - ::1 - [21-03-2024 21:37]"}
{"level":"info","message":"ruta: /cm/cmfactur/valida/unidadMedida - ::1 - [21-03-2024 21:37]"}
{"level":"info","message":"ruta: /cm/cmfactur/valida/articulo - ::1 - [21-03-2024 21:37]"}
{"level":"info","message":"ruta: /cm/cmfactur/valida/unidadMedida - ::1 - [21-03-2024 21:38]"}
{"level":"info","message":"ruta: /cm/cmfactur/det/1/A/FAC/7 - ::1 - [21-03-2024 21:38]"}
{"level":"info","message":"ruta: /cm/cmfactur - ::1 - [21-03-2024 21:38]"}
{"level":"info","message":"ruta: /cm/cmfactur/list/detalle - ::1 - [21-03-2024 21:38]"}
{"level":"info","message":"ruta: /cm/cmfactur/preform - ::1 - [21-03-2024 21:38]"}
{"level":"info","message":"ruta: /cm/cmfactur/list/cabecera - ::1 - [21-03-2024 21:38]"}
{"level":"info","message":"ruta: /cm/cmfactur/list/detalle - ::1 - [21-03-2024 21:38]"}
{"level":"info","message":"ruta: /cm/cmfactur/preform - ::1 - [21-03-2024 21:38]"}
{"level":"info","message":"ruta: /cm/cmfactur/list/detalle - ::1 - [21-03-2024 21:38]"}
{"level":"info","message":"ruta: /cm/cmfactur/preform - ::1 - [21-03-2024 21:38]"}
{"level":"info","message":"ruta: /cm/cmfactur/list/cabecera - ::1 - [21-03-2024 21:38]"}
{"level":"info","message":"ruta: /cm/cmfactur/list/detalle - ::1 - [21-03-2024 21:38]"}
{"level":"info","message":"ruta: /cm/cmfactur/valida/unidadMedida - ::1 - [21-03-2024 21:38]"}
{"level":"info","message":"ruta: /cm/cmfactur/valida/articulo - ::1 - [21-03-2024 21:38]"}
{"level":"info","message":"ruta: /cm/cmfactur/valida/unidadMedida - ::1 - [21-03-2024 21:38]"}
{"level":"info","message":"ruta: /cm/cmfactur/det/1/A/FAC/7 - ::1 - [21-03-2024 21:38]"}
{"level":"info","message":"ruta: /cm/cmfactur - ::1 - [21-03-2024 21:38]"}
{"level":"info","message":"ruta: /cm/cmfactur/list/detalle - ::1 - [21-03-2024 21:38]"}
{"level":"info","message":"ruta: /cm/cmfactur - ::1 - [21-03-2024 21:38]"}
{"level":"info","message":"ruta: /cm/cmfactur/list/detalle - ::1 - [21-03-2024 21:38]"}
{"level":"info","message":"ruta: /cm/cmfactur - ::1 - [21-03-2024 21:38]"}
{"level":"info","message":"ruta: /cm/cmfactur/list/detalle - ::1 - [21-03-2024 21:38]"}
{"level":"info","message":"ruta: /cm/cmfactur/preform - ::1 - [21-03-2024 21:38]"}
{"level":"info","message":"ruta: /cm/cmfactur/list/cabecera - ::1 - [21-03-2024 21:38]"}
{"level":"info","message":"ruta: /cm/cmfactur/list/detalle - ::1 - [21-03-2024 21:38]"}
{"level":"info","message":"ruta: /cm/cmfactur/valida/unidadMedida - ::1 - [21-03-2024 21:39]"}
{"level":"info","message":"ruta: /cm/cmfactur/valida/articulo - ::1 - [21-03-2024 21:39]"}
{"level":"info","message":"ruta: /cm/cmfactur/valida/unidadMedida - ::1 - [21-03-2024 21:39]"}
{"level":"info","message":"ruta: /cm/cmfactur/det/1/A/FAC/7 - ::1 - [21-03-2024 21:39]"}
{"level":"info","message":"ruta: /cm/cmfactur - ::1 - [21-03-2024 21:39]"}
{"level":"info","message":"ruta: /cm/cmfactur/list/detalle - ::1 - [21-03-2024 21:39]"}
{"level":"info","message":"ruta: /cm/cmfactur - ::1 - [21-03-2024 21:42]"}
{"level":"info","message":"ruta: /cm/cmfactur/list/detalle - ::1 - [21-03-2024 21:42]"}
{"level":"info","message":"ruta: /cm/cmfactur/valida/articulo - ::1 - [21-03-2024 21:42]"}
{"level":"info","message":"ruta: /cm/cmfactur/det/1/A/FAC/7 - ::1 - [21-03-2024 21:43]"}
{"level":"info","message":"ruta: /cm/cmfactur - ::1 - [21-03-2024 21:43]"}
{"level":"info","message":"ruta: /cm/cmfactur/list/detalle - ::1 - [21-03-2024 21:43]"}
{"level":"info","message":"ruta: /cm/cmfactur - ::1 - [21-03-2024 21:43]"}
{"level":"info","message":"ruta: /cm/cmfactur/list/detalle - ::1 - [21-03-2024 21:43]"}
{"level":"info","message":"ruta: /cm/cmfactur/preform - ::1 - [21-03-2024 21:44]"}
{"level":"info","message":"ruta: /cm/cmfactur/list/detalle - ::1 - [21-03-2024 21:44]"}
{"level":"info","message":"ruta: /cm/cmfactur/preform - ::1 - [21-03-2024 21:44]"}
{"level":"info","message":"ruta: /cm/cmfactur/list/cabecera - ::1 - [21-03-2024 21:44]"}
{"level":"info","message":"ruta: /cm/cmfactur/list/detalle - ::1 - [21-03-2024 21:44]"}
{"level":"info","message":"ruta: /cm/cmfactur/valida/unidadMedida - ::1 - [21-03-2024 21:44]"}
{"level":"info","message":"ruta: /cm/cmfactur/valida/articulo - ::1 - [21-03-2024 21:44]"}
{"level":"info","message":"ruta: /cm/cmfactur/valida/unidadMedida - ::1 - [21-03-2024 21:44]"}
{"level":"info","message":"ruta: /cm/cmfactur/det/1/A/FAC/7 - ::1 - [21-03-2024 21:45]"}
{"level":"info","message":"ruta: /cm/cmfactur - ::1 - [21-03-2024 21:45]"}
{"level":"info","message":"ruta: /cm/cmfactur/list/detalle - ::1 - [21-03-2024 21:45]"}
{"level":"info","message":"ruta: /cm/cmfactur - ::1 - [21-03-2024 21:45]"}
{"level":"info","message":"ruta: /cm/cmfactur/list/detalle - ::1 - [21-03-2024 21:45]"}
{"level":"info","message":"ruta: /cm/cmfactur/valida/unidadMedida - ::1 - [21-03-2024 21:45]"}
{"level":"info","message":"ruta: /cm/cmfactur/valida/articulo - ::1 - [21-03-2024 21:45]"}
{"level":"info","message":"ruta: /cm/cmfactur/valida/unidadMedida - ::1 - [21-03-2024 21:45]"}
{"level":"info","message":"ruta: /cm/cmfactur/det/1/A/FAC/7 - ::1 - [21-03-2024 21:45]"}
{"level":"info","message":"ruta: /cm/cmfactur - ::1 - [21-03-2024 21:45]"}
{"level":"info","message":"ruta: /cm/cmfactur/list/detalle - ::1 - [21-03-2024 21:45]"}
{"level":"info","message":"ruta: /cm/cmfactur - ::1 - [21-03-2024 21:45]"}
{"level":"info","message":"ruta: /cm/cmfactur/list/detalle - ::1 - [21-03-2024 21:45]"}
{"level":"info","message":"ruta: /cm/cmfactur/preform - ::1 - [21-03-2024 21:46]"}
{"level":"info","message":"ruta: /cm/cmfactur/list/cabecera - ::1 - [21-03-2024 21:46]"}
{"level":"info","message":"ruta: /cm/cmfactur/list/detalle - ::1 - [21-03-2024 21:46]"}
{"level":"info","message":"ruta: /pb/infoEmpresa - ::1 - [21-03-2024 21:46]"}
