{"level":"info","message":"ruta: /cm/cmfactur/preform - ::1 - [13-09-2024 19:40]"}
{"level":"info","message":"ruta: /cm/cmcoffac/list/cabecera - ::1 - [13-09-2024 19:40]"}
{"level":"info","message":"ruta: /cm/cmfactur/list/detalle - ::1 - [13-09-2024 19:40]"}
{"level":"info","message":"ruta: /cm/cmcoffac/list/cabecera - ::1 - [13-09-2024 19:41]"}
{"level":"info","message":"ruta: /cm/cmfactur/preform - ::1 - [13-09-2024 19:41]"}
{"level":"info","message":"ruta: /cm/cmfactur/list/detalle - ::1 - [13-09-2024 19:41]"}
{"level":"info","message":"ruta: /cm/cmfactur/preform - ::1 - [13-09-2024 19:41]"}
{"level":"info","message":"ruta: /cm/cmfactur/list/detalle - ::1 - [13-09-2024 19:41]"}
{"level":"info","message":"ruta: /cm/cmcoffac/list/cabecera - ::1 - [13-09-2024 19:41]"}
{"level":"info","message":"ruta: /cm/cmcoffac/list/cabecera - ::1 - [13-09-2024 19:41]"}
{"level":"info","message":"ruta: /cm/cmfactur/preform - ::1 - [13-09-2024 19:41]"}
{"level":"info","message":"ruta: /cm/cmfactur/list/detalle - ::1 - [13-09-2024 19:41]"}
{"level":"info","message":"ruta: /cm/cmcoffac/list/cabecera - ::1 - [13-09-2024 19:41]"}
{"level":"info","message":"ruta: /vt/vtlispre/listDet - ::1 - [13-09-2024 19:41]"}
{"level":"info","message":"ruta: /st/stenvio/buscar/tipCambio - ::1 - [13-09-2024 19:41]"}
{"level":"info","message":"ruta: /st/stenvio/list/detalle - ::1 - [13-09-2024 19:41]"}
{"level":"info","message":"ruta: /st/stentsal/list/detalle - ::1 - [13-09-2024 19:41]"}
{"level":"info","message":"ruta: /st/starticu/list/relaciones - ::1 - [13-09-2024 19:42]"}
{"level":"info","message":"ruta: /st/starticu/list/relaciones - ::1 - [13-09-2024 19:42]"}
{"level":"info","message":"ruta: /st/starticu/list/relaciones - ::1 - [13-09-2024 19:43]"}
{"level":"info","message":"ruta: /st/starticu/list/relaciones - ::1 - [13-09-2024 19:43]"}
