{"level":"info","message":"ruta: /cm/cmprovec/list/proveedor - ::1 - [03-11-2023 19:45]"}
{"level":"info","message":"ruta: /cm/cmprovec/buscar/modificaDiaAnt - ::1 - [03-11-2023 19:45]"}
{"level":"info","message":"ruta: /cm/cmprovec/valida/persona - ::1 - [03-11-2023 19:47]"}
{"level":"info","message":"ruta: /cm/cmprovec/valida/cuentaContable - ::1 - [03-11-2023 19:47]"}
{"level":"info","message":"ruta: /cm/cmprovec/valida/cuentaContable - ::1 - [03-11-2023 19:47]"}
{"level":"info","message":"ruta: /cm/cmprovec/valida/cuentaContable - ::1 - [03-11-2023 19:47]"}
{"level":"info","message":"ruta: /cm/cmprovec/valida/cuentaContable - ::1 - [03-11-2023 19:47]"}
{"level":"info","message":"ruta: /cm/cmprovec/valida/cuentaContable - ::1 - [03-11-2023 19:47]"}
{"level":"info","message":"ruta: /cm/cmprovec/buscar/cuentaCont - ::1 - [03-11-2023 19:47]"}
{"level":"info","message":"ruta: /cm/cmprovec/buscar/banco - ::1 - [03-11-2023 19:49]"}
{"level":"info","message":"ruta: /cm/cmprovec/valida/banco - ::1 - [03-11-2023 19:49]"}
{"level":"info","message":"ruta: /cm/cmprovec/buscar/codCompra - ::1 - [03-11-2023 19:49]"}
{"level":"info","message":"ruta: /cm/cmprovec/valida/codCompra - ::1 - [03-11-2023 19:49]"}
{"level":"info","message":"ruta: /cm/cmprovec/buscar/moneda - ::1 - [03-11-2023 19:49]"}
{"level":"info","message":"ruta: /cm/cmprovec/cod_proveedor/1 - ::1 - [03-11-2023 19:49]"}
{"level":"info","message":"ruta: /cm/cmprovec - ::1 - [03-11-2023 19:49]"}
{"level":"info","message":"ruta: /cm/cmprovec/list/proveedor - ::1 - [03-11-2023 19:50]"}
{"level":"info","message":"ruta: /cm/cmprovec/buscar/modificaDiaAnt - ::1 - [03-11-2023 19:50]"}
{"level":"info","message":"ruta: /cm/cmprovec - ::1 - [03-11-2023 19:50]"}
{"level":"info","message":"ruta: /cm/cmprovec/list/proveedor - ::1 - [03-11-2023 19:50]"}
{"level":"info","message":"ruta: /cm/cmprovec/buscar/modificaDiaAnt - ::1 - [03-11-2023 19:50]"}
{"level":"info","message":"ruta: /cm/cmprovec/valida/persona - ::1 - [03-11-2023 19:50]"}
{"level":"info","message":"ruta: /cm/cmprovec/valida/persona - ::1 - [03-11-2023 19:50]"}
{"level":"info","message":"ruta: /cm/cmprovec/valida/cuentaContable - ::1 - [03-11-2023 19:50]"}
{"level":"info","message":"ruta: /cm/cmprovec/list/proveedor - ::1 - [03-11-2023 19:54]"}
{"level":"info","message":"ruta: /cm/cmprovec/buscar/modificaDiaAnt - ::1 - [03-11-2023 19:54]"}
{"level":"info","message":"ruta: /cm/cmprovec/list/proveedor - ::1 - [03-11-2023 19:54]"}
{"level":"info","message":"ruta: /cm/cmprovec/buscar/modificaDiaAnt - ::1 - [03-11-2023 19:54]"}
{"level":"info","message":"ruta: /cm/cmprovec/list/proveedor - ::1 - [03-11-2023 19:54]"}
{"level":"info","message":"ruta: /cm/cmprovec/buscar/modificaDiaAnt - ::1 - [03-11-2023 19:54]"}
{"level":"info","message":"ruta: /cm/cmprovec/list/proveedor - ::1 - [03-11-2023 19:54]"}
{"level":"info","message":"ruta: /cm/cmprovec/buscar/modificaDiaAnt - ::1 - [03-11-2023 19:54]"}
{"level":"info","message":"ruta: /cm/cmprovec/valida/persona - ::1 - [03-11-2023 19:55]"}
{"level":"info","message":"ruta: /cm/cmprovec/list/proveedor - ::1 - [03-11-2023 19:55]"}
{"level":"info","message":"ruta: /cm/cmprovec/buscar/modificaDiaAnt - ::1 - [03-11-2023 19:55]"}
{"level":"info","message":"ruta: /cm/cmprovec/valida/persona - ::1 - [03-11-2023 19:55]"}
{"level":"info","message":"ruta: /cm/cmprovec/valida/banco - ::1 - [03-11-2023 19:55]"}
{"level":"info","message":"ruta: /cm/cmprovec/buscar/codCompra - ::1 - [03-11-2023 19:55]"}
{"level":"info","message":"ruta: /cm/cmprovec/valida/codCompra - ::1 - [03-11-2023 19:55]"}
{"level":"info","message":"ruta: /cm/cmprovec/buscar/moneda - ::1 - [03-11-2023 19:55]"}
{"level":"info","message":"ruta: /cm/cmprovec/cod_proveedor/1 - ::1 - [03-11-2023 19:56]"}
{"level":"info","message":"ruta: /cm/cmprovec - ::1 - [03-11-2023 19:56]"}
{"level":"info","message":"ruta: /cm/cmprovec/cod_proveedor/1 - ::1 - [03-11-2023 20:01]"}
{"level":"info","message":"ruta: /cm/cmprovec - ::1 - [03-11-2023 20:01]"}
{"level":"info","message":"ruta: /cm/cmprovec/list/proveedor - ::1 - [03-11-2023 20:01]"}
{"level":"info","message":"ruta: /cm/cmprovec/buscar/modificaDiaAnt - ::1 - [03-11-2023 20:01]"}
{"level":"info","message":"ruta: /cm/cmprovec/list/proveedor - ::1 - [03-11-2023 20:01]"}
{"level":"info","message":"ruta: /cm/cmprovec/buscar/modificaDiaAnt - ::1 - [03-11-2023 20:01]"}
{"level":"info","message":"ruta: /cm/cmprovec/valida/persona - ::1 - [03-11-2023 20:01]"}
{"level":"info","message":"ruta: /cm/cmprovec/valida/codCompra - ::1 - [03-11-2023 20:01]"}
{"level":"info","message":"ruta: /cm/cmprovec/buscar/codCompra - ::1 - [03-11-2023 20:01]"}
{"level":"info","message":"ruta: /cm/cmprovec/valida/codCompra - ::1 - [03-11-2023 20:01]"}
{"level":"info","message":"ruta: /cm/cmprovec/buscar/moneda - ::1 - [03-11-2023 20:01]"}
{"level":"info","message":"ruta: /cm/cmprovec/cod_proveedor/1 - ::1 - [03-11-2023 20:01]"}
{"level":"info","message":"ruta: /cm/cmprovec - ::1 - [03-11-2023 20:01]"}
{"level":"info","message":"ruta: /cm/cmprovec/list/proveedor - ::1 - [03-11-2023 20:02]"}
{"level":"info","message":"ruta: /cm/cmprovec/buscar/modificaDiaAnt - ::1 - [03-11-2023 20:02]"}
{"level":"info","message":"ruta: /cm/cmprovec - ::1 - [03-11-2023 20:02]"}
{"level":"info","message":"ruta: /cm/cmprovec - ::1 - [03-11-2023 20:02]"}
{"level":"info","message":"ruta: /cm/cmprovec/list/proveedor - ::1 - [03-11-2023 20:05]"}
{"level":"info","message":"ruta: /cm/cmprovec/buscar/modificaDiaAnt - ::1 - [03-11-2023 20:05]"}
{"level":"info","message":"ruta: /cm/cmprovec - ::1 - [03-11-2023 20:05]"}
{"level":"info","message":"ruta: /cm/cmprovec - ::1 - [03-11-2023 20:06]"}
{"level":"info","message":"ruta: /cm/cmprovec - ::1 - [03-11-2023 20:07]"}
{"level":"info","message":"ruta: /cm/cmprovec - ::1 - [03-11-2023 20:07]"}
{"level":"info","message":"ruta: /cm/cmprovec - ::1 - [03-11-2023 20:08]"}
{"level":"info","message":"ruta: /cm/cmprovec - ::1 - [03-11-2023 20:08]"}
{"level":"info","message":"ruta: /cm/cmprovec/list/proveedor - ::1 - [03-11-2023 20:09]"}
{"level":"info","message":"ruta: /cm/cmprovec/buscar/modificaDiaAnt - ::1 - [03-11-2023 20:09]"}
{"level":"info","message":"ruta: /cm/cmprovec/list/proveedor - ::1 - [03-11-2023 20:09]"}
{"level":"info","message":"ruta: /cm/cmprovec/buscar/modificaDiaAnt - ::1 - [03-11-2023 20:09]"}
{"level":"info","message":"ruta: /cm/cmprovec - ::1 - [03-11-2023 20:09]"}
{"level":"info","message":"ruta: /cm/cmprovec/list/proveedor - ::1 - [03-11-2023 20:09]"}
{"level":"info","message":"ruta: /cm/cmprovec/buscar/modificaDiaAnt - ::1 - [03-11-2023 20:09]"}
{"level":"info","message":"ruta: /cm/cmprovec - ::1 - [03-11-2023 20:09]"}
{"level":"info","message":"ruta: /cm/cmprovec/list/proveedor - ::1 - [03-11-2023 20:09]"}
{"level":"info","message":"ruta: /cm/cmprovec/buscar/modificaDiaAnt - ::1 - [03-11-2023 20:09]"}
{"level":"info","message":"ruta: /cm/cmprovec - ::1 - [03-11-2023 20:09]"}
{"level":"info","message":"ruta: /cm/cmprovec/list/proveedor - ::1 - [03-11-2023 20:09]"}
{"level":"info","message":"ruta: /cm/cmprovec/buscar/modificaDiaAnt - ::1 - [03-11-2023 20:09]"}
{"level":"info","message":"ruta: /cm/cmprovec/list/proveedor - ::1 - [03-11-2023 20:10]"}
{"level":"info","message":"ruta: /cm/cmprovec/buscar/modificaDiaAnt - ::1 - [03-11-2023 20:10]"}
{"level":"info","message":"ruta: /cm/cmprovec - ::1 - [03-11-2023 20:10]"}
{"level":"info","message":"ruta: /cm/cmprovec/list/proveedor - ::1 - [03-11-2023 20:10]"}
{"level":"info","message":"ruta: /cm/cmprovec/buscar/modificaDiaAnt - ::1 - [03-11-2023 20:10]"}
{"level":"info","message":"ruta: /cm/cmprovec/valida/persona - ::1 - [03-11-2023 20:10]"}
{"level":"info","message":"ruta: /cm/cmprovec/buscar/codCompra - ::1 - [03-11-2023 20:10]"}
{"level":"info","message":"ruta: /cm/cmprovec/valida/codCompra - ::1 - [03-11-2023 20:10]"}
{"level":"info","message":"ruta: /cm/cmprovec/buscar/moneda - ::1 - [03-11-2023 20:10]"}
{"level":"info","message":"ruta: /cm/cmprovec/cod_proveedor/1 - ::1 - [03-11-2023 20:10]"}
{"level":"info","message":"ruta: /cm/cmprovec - ::1 - [03-11-2023 20:10]"}
{"level":"info","message":"ruta: /cm/cmprovec/cod_proveedor/1 - ::1 - [03-11-2023 20:11]"}
{"level":"info","message":"ruta: /cm/cmprovec - ::1 - [03-11-2023 20:11]"}
{"level":"info","message":"ruta: /cm/cmprovec/cod_proveedor/1 - ::1 - [03-11-2023 20:11]"}
{"level":"info","message":"ruta: /cm/cmprovec - ::1 - [03-11-2023 20:11]"}
{"level":"info","message":"ruta: /cm/cmprovec/cod_proveedor/1 - ::1 - [03-11-2023 20:12]"}
{"level":"info","message":"ruta: /cm/cmprovec - ::1 - [03-11-2023 20:12]"}
{"level":"info","message":"ruta: /cm/cmprovec/list/proveedor - ::1 - [03-11-2023 20:12]"}
{"level":"info","message":"ruta: /cm/cmprovec/buscar/modificaDiaAnt - ::1 - [03-11-2023 20:12]"}
{"level":"info","message":"ruta: /cm/cmprovec - ::1 - [03-11-2023 20:12]"}
{"level":"info","message":"ruta: /cm/cmprovec/list/proveedor - ::1 - [03-11-2023 20:12]"}
{"level":"info","message":"ruta: /cm/cmprovec/buscar/modificaDiaAnt - ::1 - [03-11-2023 20:12]"}
{"level":"info","message":"ruta: /cm/cmprovec - ::1 - [03-11-2023 20:12]"}
{"level":"info","message":"ruta: /cm/cmprovec/list/proveedor - ::1 - [03-11-2023 20:12]"}
{"level":"info","message":"ruta: /cm/cmprovec/buscar/modificaDiaAnt - ::1 - [03-11-2023 20:12]"}
{"level":"info","message":"ruta: /cm/cmprovec/buscar/persona - ::1 - [03-11-2023 20:12]"}
{"level":"info","message":"ruta: /cm/cmprovec/buscar/persona - ::1 - [03-11-2023 20:12]"}
{"level":"info","message":"ruta: /cm/cmprovec/list/proveedor - ::1 - [03-11-2023 20:12]"}
{"level":"info","message":"ruta: /cm/cmprovec/buscar/modificaDiaAnt - ::1 - [03-11-2023 20:12]"}
{"level":"info","message":"ruta: /cm/cmprovec/list/proveedor - ::1 - [03-11-2023 20:13]"}
{"level":"info","message":"ruta: /cm/cmprovec/buscar/modificaDiaAnt - ::1 - [03-11-2023 20:13]"}
{"level":"info","message":"ruta: /cm/cmprovec/list/proveedor - ::1 - [03-11-2023 20:13]"}
{"level":"info","message":"ruta: /cm/cmprovec/buscar/modificaDiaAnt - ::1 - [03-11-2023 20:13]"}
{"level":"info","message":"ruta: /cm/cmprovec/list/proveedor - ::1 - [03-11-2023 20:14]"}
{"level":"info","message":"ruta: /cm/cmprovec/buscar/modificaDiaAnt - ::1 - [03-11-2023 20:14]"}
{"level":"info","message":"ruta: /cm/cmprovec/buscar/persona - ::1 - [03-11-2023 20:14]"}
{"level":"info","message":"ruta: /cm/cmprovec - ::1 - [03-11-2023 20:14]"}
{"level":"info","message":"ruta: /cm/cmprovec/list/proveedor - ::1 - [03-11-2023 20:14]"}
{"level":"info","message":"ruta: /cm/cmprovec/buscar/modificaDiaAnt - ::1 - [03-11-2023 20:14]"}
{"level":"info","message":"ruta: /cm/cmprovec/buscar/persona - ::1 - [03-11-2023 20:14]"}
{"level":"info","message":"ruta: /cm/cmprovec/buscar/persona - ::1 - [03-11-2023 20:14]"}
{"level":"info","message":"ruta: /cm/cmprovec/buscar/proveedorRef - ::1 - [03-11-2023 20:14]"}
{"level":"info","message":"ruta: /cm/cmprovec/buscar/proveedorRef - ::1 - [03-11-2023 20:14]"}
{"level":"info","message":"ruta: /cm/cmprovec/buscar/proveedorRef - ::1 - [03-11-2023 20:14]"}
{"level":"info","message":"ruta: /cm/cmprovec/buscar/proveedorRef - ::1 - [03-11-2023 20:14]"}
{"level":"info","message":"ruta: /cm/cmprovec/valida/proveedorRef - ::1 - [03-11-2023 20:14]"}
{"level":"info","message":"ruta: /cm/cmprovec/valida/codCompra - ::1 - [03-11-2023 20:14]"}
{"level":"info","message":"ruta: /cm/cmprovec/buscar/codCompra - ::1 - [03-11-2023 20:14]"}
{"level":"info","message":"ruta: /cm/cmprovec/valida/codCompra - ::1 - [03-11-2023 20:14]"}
{"level":"info","message":"ruta: /cm/cmprovec/buscar/moneda - ::1 - [03-11-2023 20:14]"}
{"level":"info","message":"ruta: /cm/cmprovec/valida/moneda - ::1 - [03-11-2023 20:14]"}
{"level":"info","message":"ruta: /cm/cmprovec/cod_proveedor/1 - ::1 - [03-11-2023 20:14]"}
{"level":"info","message":"ruta: /cm/cmprovec - ::1 - [03-11-2023 20:14]"}
{"level":"info","message":"ruta: /cm/cmprovec/list/proveedor - ::1 - [03-11-2023 20:14]"}
{"level":"info","message":"ruta: /cm/cmprovec/buscar/modificaDiaAnt - ::1 - [03-11-2023 20:14]"}
{"level":"info","message":"ruta: /cm/cmprovec/list/proveedor - ::1 - [03-11-2023 20:26]"}
{"level":"info","message":"ruta: /cm/cmprovec/buscar/modificaDiaAnt - ::1 - [03-11-2023 20:26]"}
{"level":"info","message":"ruta: /cm/cmprovec - ::1 - [03-11-2023 20:26]"}
{"level":"info","message":"ruta: /cm/cmprovec/list/proveedor - ::1 - [03-11-2023 20:26]"}
{"level":"info","message":"ruta: /cm/cmprovec/buscar/modificaDiaAnt - ::1 - [03-11-2023 20:26]"}
{"level":"info","message":"ruta: /cm/cmprovec/list/proveedor - ::1 - [03-11-2023 20:27]"}
{"level":"info","message":"ruta: /cm/cmprovec/buscar/modificaDiaAnt - ::1 - [03-11-2023 20:27]"}
{"level":"info","message":"ruta: /cm/cmprovec - ::1 - [03-11-2023 20:27]"}
{"level":"info","message":"ruta: /cm/cmprovec/list/proveedor - ::1 - [03-11-2023 20:27]"}
{"level":"info","message":"ruta: /cm/cmprovec/buscar/modificaDiaAnt - ::1 - [03-11-2023 20:27]"}
{"level":"info","message":"ruta: /cm/cmprovec - ::1 - [03-11-2023 20:27]"}
{"level":"info","message":"ruta: /cm/cmprovec/list/proveedor - ::1 - [03-11-2023 20:27]"}
{"level":"info","message":"ruta: /cm/cmprovec/buscar/modificaDiaAnt - ::1 - [03-11-2023 20:27]"}
{"level":"info","message":"ruta: /cm/cmprovec - ::1 - [03-11-2023 20:28]"}
{"level":"info","message":"ruta: /cm/cmprovec/list/proveedor - ::1 - [03-11-2023 20:28]"}
{"level":"info","message":"ruta: /cm/cmprovec/buscar/modificaDiaAnt - ::1 - [03-11-2023 20:28]"}
{"level":"info","message":"ruta: /cm/cmprovec - ::1 - [03-11-2023 20:28]"}
{"level":"info","message":"ruta: /cm/cmprovec - ::1 - [03-11-2023 20:29]"}
{"level":"info","message":"ruta: /cm/cmprovec/list/proveedor - ::1 - [03-11-2023 20:31]"}
{"level":"info","message":"ruta: /cm/cmprovec/buscar/modificaDiaAnt - ::1 - [03-11-2023 20:31]"}
{"level":"info","message":"ruta: /cm/cmprovec/valida/persona - ::1 - [03-11-2023 20:31]"}
{"level":"info","message":"ruta: /cm/cmprovec/valida/persona - ::1 - [03-11-2023 20:31]"}
{"level":"info","message":"ruta: /cm/cmprovec - ::1 - [03-11-2023 20:31]"}
{"level":"info","message":"ruta: /cm/cmprovec/list/proveedor - ::1 - [03-11-2023 20:31]"}
{"level":"info","message":"ruta: /cm/cmprovec/buscar/modificaDiaAnt - ::1 - [03-11-2023 20:31]"}
{"level":"info","message":"ruta: /cm/cmprovec/valida/persona - ::1 - [03-11-2023 20:31]"}
{"level":"info","message":"ruta: /cm/cmprovec/buscar/codCompra - ::1 - [03-11-2023 20:32]"}
{"level":"info","message":"ruta: /cm/cmprovec/valida/codCompra - ::1 - [03-11-2023 20:32]"}
{"level":"info","message":"ruta: /cm/cmprovec/buscar/moneda - ::1 - [03-11-2023 20:32]"}
{"level":"info","message":"ruta: /cm/cmprovec/cod_proveedor/1 - ::1 - [03-11-2023 20:32]"}
{"level":"info","message":"ruta: /cm/cmprovec - ::1 - [03-11-2023 20:32]"}
{"level":"info","message":"ruta: /cm/cmprovec/list/proveedor - ::1 - [03-11-2023 20:37]"}
{"level":"info","message":"ruta: /cm/cmprovec/buscar/modificaDiaAnt - ::1 - [03-11-2023 20:37]"}
{"level":"info","message":"ruta: /cm/cmprovec - ::1 - [03-11-2023 20:37]"}
{"level":"info","message":"ruta: /cm/cmprovec/list/proveedor - ::1 - [03-11-2023 20:37]"}
{"level":"info","message":"ruta: /cm/cmprovec/buscar/modificaDiaAnt - ::1 - [03-11-2023 20:37]"}
{"level":"info","message":"ruta: /cm/cmprovec/valida/persona - ::1 - [03-11-2023 20:37]"}
{"level":"info","message":"ruta: /cm/cmprovec/buscar/moneda - ::1 - [03-11-2023 20:37]"}
{"level":"info","message":"ruta: /cm/cmprovec/buscar/codCompra - ::1 - [03-11-2023 20:37]"}
{"level":"info","message":"ruta: /cm/cmprovec/cod_proveedor/1 - ::1 - [03-11-2023 20:37]"}
{"level":"info","message":"ruta: /cm/cmprovec - ::1 - [03-11-2023 20:37]"}
{"level":"info","message":"ruta: /cm/cmprovec/valida/codCompra - ::1 - [03-11-2023 20:38]"}
{"level":"info","message":"ruta: /cm/cmprovec/valida/codCompra - ::1 - [03-11-2023 20:38]"}
{"level":"info","message":"ruta: /cm/cmprovec/list/proveedor - ::1 - [03-11-2023 20:41]"}
{"level":"info","message":"ruta: /cm/cmprovec/buscar/modificaDiaAnt - ::1 - [03-11-2023 20:41]"}
{"level":"info","message":"ruta: /cm/cmprovec/valida/persona - ::1 - [03-11-2023 20:41]"}
{"level":"info","message":"ruta: /cm/cmprovec/valida/codCompra - ::1 - [03-11-2023 20:41]"}
{"level":"info","message":"ruta: /cm/cmprovec/buscar/codCompra - ::1 - [03-11-2023 20:41]"}
{"level":"info","message":"ruta: /cm/cmprovec/valida/codCompra - ::1 - [03-11-2023 20:41]"}
{"level":"info","message":"ruta: /cm/cmprovec/buscar/moneda - ::1 - [03-11-2023 20:41]"}
{"level":"info","message":"ruta: /cm/cmprovec/cod_proveedor/1 - ::1 - [03-11-2023 20:41]"}
{"level":"info","message":"ruta: /cm/cmprovec - ::1 - [03-11-2023 20:41]"}
{"level":"info","message":"ruta: /cm/cmprovec/list/proveedor - ::1 - [03-11-2023 20:41]"}
{"level":"info","message":"ruta: /cm/cmprovec/buscar/modificaDiaAnt - ::1 - [03-11-2023 20:41]"}
{"level":"info","message":"ruta: /cm/cmprovec/valida/codCompra - ::1 - [03-11-2023 20:41]"}
{"level":"info","message":"ruta: /cm/cmprovec - ::1 - [03-11-2023 20:41]"}
{"level":"info","message":"ruta: /cm/cmprovec/list/proveedor - ::1 - [03-11-2023 20:43]"}
{"level":"info","message":"ruta: /cm/cmprovec/buscar/modificaDiaAnt - ::1 - [03-11-2023 20:43]"}
{"level":"info","message":"ruta: /cm/cmprovec/list/proveedor - ::1 - [03-11-2023 20:44]"}
{"level":"info","message":"ruta: /cm/cmprovec/buscar/modificaDiaAnt - ::1 - [03-11-2023 20:44]"}
{"level":"info","message":"ruta: /cm/cmprovec - ::1 - [03-11-2023 20:45]"}
{"level":"info","message":"ruta: /cm/cmprovec/list/proveedor - ::1 - [03-11-2023 20:45]"}
{"level":"info","message":"ruta: /cm/cmprovec/buscar/modificaDiaAnt - ::1 - [03-11-2023 20:45]"}
{"level":"info","message":"ruta: /cm/cmprovec/valida/persona - ::1 - [03-11-2023 20:45]"}
{"level":"info","message":"ruta: /cm/cmprovec/valida/codCompra - ::1 - [03-11-2023 20:45]"}
{"level":"info","message":"ruta: /cm/cmprovec/valida/moneda - ::1 - [03-11-2023 20:45]"}
{"level":"info","message":"ruta: /cm/cmprovec/valida/moneda - ::1 - [03-11-2023 20:45]"}
{"level":"info","message":"ruta: /cm/cmprovec/valida/limiteRendicion - ::1 - [03-11-2023 20:45]"}
{"level":"info","message":"ruta: /cm/cmprovec/cod_proveedor/1 - ::1 - [03-11-2023 20:45]"}
{"level":"info","message":"ruta: /cm/cmprovec - ::1 - [03-11-2023 20:45]"}
{"level":"info","message":"ruta: /cm/cmprovec/list/proveedor - ::1 - [03-11-2023 20:45]"}
{"level":"info","message":"ruta: /cm/cmprovec/buscar/modificaDiaAnt - ::1 - [03-11-2023 20:45]"}
{"level":"info","message":"ruta: /cm/cmprovec - ::1 - [03-11-2023 20:45]"}
{"level":"info","message":"ruta: /cm/cmprovec/buscar/banco - ::1 - [03-11-2023 20:45]"}
{"level":"info","message":"ruta: /cm/cmprovec - ::1 - [03-11-2023 20:46]"}
{"level":"info","message":"ruta: /cm/cmprovec/buscar/cuentaCont - ::1 - [03-11-2023 20:46]"}
{"level":"info","message":"ruta: /cm/cmprovec - ::1 - [03-11-2023 20:46]"}
{"level":"info","message":"ruta: /cm/cmprovec/buscar/cuentaContable - ::1 - [03-11-2023 20:46]"}
{"level":"info","message":"ruta: /cm/cmprovec - ::1 - [03-11-2023 20:46]"}
{"level":"info","message":"ruta: /cm/cmprovec/valida/cuentaContable - ::1 - [03-11-2023 20:46]"}
{"level":"info","message":"ruta: /cm/cmprovec/valida/cuentaCont - ::1 - [03-11-2023 20:46]"}
{"level":"info","message":"ruta: /cm/cmprovec/valida/banco - ::1 - [03-11-2023 20:46]"}
{"level":"info","message":"ruta: /cm/cmprovec/valida/codCompra - ::1 - [03-11-2023 20:46]"}
{"level":"info","message":"ruta: /cm/cmprovec/valida/moneda - ::1 - [03-11-2023 20:46]"}
{"level":"info","message":"ruta: /cm/cmprovec - ::1 - [03-11-2023 20:46]"}
{"level":"info","message":"ruta: /cm/cmprovec - ::1 - [03-11-2023 20:48]"}
{"level":"info","message":"ruta: /cm/cmprovec - ::1 - [03-11-2023 20:49]"}
{"level":"info","message":"ruta: /cm/cmprovec - ::1 - [03-11-2023 20:50]"}
{"level":"info","message":"ruta: /cm/cmprovec - ::1 - [03-11-2023 20:53]"}
{"level":"info","message":"ruta: /cm/cmprovec - ::1 - [03-11-2023 20:53]"}
{"level":"info","message":"ruta: /cm/cmprovec - ::1 - [03-11-2023 20:54]"}
{"level":"info","message":"ruta: /cm/cmprovec/list/proveedor - ::1 - [03-11-2023 20:54]"}
{"level":"info","message":"ruta: /cm/cmprovec/buscar/modificaDiaAnt - ::1 - [03-11-2023 20:54]"}
{"level":"info","message":"ruta: /cm/cmprovec/list/proveedor - ::1 - [03-11-2023 20:54]"}
{"level":"info","message":"ruta: /cm/cmprovec/buscar/modificaDiaAnt - ::1 - [03-11-2023 20:54]"}
{"level":"info","message":"ruta: /cm/cmprovec - ::1 - [03-11-2023 20:54]"}
{"level":"info","message":"ruta: /cm/cmprovec/list/proveedor - ::1 - [03-11-2023 20:54]"}
{"level":"info","message":"ruta: /cm/cmprovec/buscar/modificaDiaAnt - ::1 - [03-11-2023 20:54]"}
{"level":"info","message":"ruta: /cm/cmprovec/valida/persona - ::1 - [03-11-2023 20:56]"}
{"level":"info","message":"ruta: /cm/cmprovec/buscar/codCompra - ::1 - [03-11-2023 20:56]"}
{"level":"info","message":"ruta: /cm/cmprovec/valida/codCompra - ::1 - [03-11-2023 20:56]"}
{"level":"info","message":"ruta: /cm/cmprovec/buscar/moneda - ::1 - [03-11-2023 20:56]"}
{"level":"info","message":"ruta: /cm/cmprovec/cod_proveedor/1 - ::1 - [03-11-2023 20:56]"}
{"level":"info","message":"ruta: /cm/cmprovec - ::1 - [03-11-2023 20:56]"}
{"level":"info","message":"ruta: /cm/cmprovec/list/proveedor - ::1 - [03-11-2023 20:56]"}
{"level":"info","message":"ruta: /cm/cmprovec/buscar/modificaDiaAnt - ::1 - [03-11-2023 20:56]"}
{"level":"info","message":"ruta: /cm/cmprovec/buscar/cuentaCont - ::1 - [03-11-2023 20:56]"}
{"level":"info","message":"ruta: /cm/cmprovec - ::1 - [03-11-2023 20:56]"}
{"level":"info","message":"ruta: /cm/cmprovec/buscar/banco - ::1 - [03-11-2023 20:56]"}
{"level":"info","message":"ruta: /cm/cmprovec - ::1 - [03-11-2023 20:56]"}
{"level":"info","message":"ruta: /cm/cmprovec/valida/cuentaCont - ::1 - [03-11-2023 20:56]"}
{"level":"info","message":"ruta: /cm/cmprovec - ::1 - [03-11-2023 20:57]"}
{"level":"info","message":"ruta: /cm/cmprovec - ::1 - [03-11-2023 21:01]"}
{"level":"info","message":"ruta: /cm/cmprovec/list/proveedor - ::1 - [03-11-2023 21:01]"}
{"level":"info","message":"ruta: /cm/cmprovec/buscar/modificaDiaAnt - ::1 - [03-11-2023 21:01]"}
{"level":"info","message":"ruta: /cm/cmprovec/buscar/cuentaContable - ::1 - [03-11-2023 21:05]"}
{"level":"info","message":"ruta: /cm/cmprovec/valida/cuentaContable - ::1 - [03-11-2023 21:05]"}
{"level":"info","message":"ruta: /cm/cmprovec - ::1 - [03-11-2023 21:07]"}
{"level":"info","message":"ruta: /cm/cmprovec - ::1 - [03-11-2023 21:07]"}
{"level":"info","message":"ruta: /cm/cmprovec - ::1 - [03-11-2023 21:07]"}
{"level":"info","message":"ruta: /cm/cmprovec/buscar/cuentaCont - ::1 - [03-11-2023 21:07]"}
{"level":"info","message":"ruta: /cm/cmprovec - ::1 - [03-11-2023 21:07]"}
{"level":"info","message":"ruta: /cm/cmprovec - ::1 - [03-11-2023 21:07]"}
{"level":"info","message":"ruta: /cm/cmprovec/buscar/cuentaContable - ::1 - [03-11-2023 21:07]"}
{"level":"info","message":"ruta: /cm/cmprovec - ::1 - [03-11-2023 21:07]"}
{"level":"info","message":"ruta: /cm/cmprovec/list/proveedor - ::1 - [03-11-2023 21:07]"}
{"level":"info","message":"ruta: /cm/cmprovec/buscar/modificaDiaAnt - ::1 - [03-11-2023 21:07]"}
{"level":"info","message":"ruta: /cm/cmprovec - ::1 - [03-11-2023 21:08]"}
{"level":"info","message":"ruta: /cm/cmprovec/list/proveedor - ::1 - [03-11-2023 21:08]"}
{"level":"info","message":"ruta: /cm/cmprovec/buscar/modificaDiaAnt - ::1 - [03-11-2023 21:08]"}
{"level":"info","message":"ruta: /cm/cmprovec/buscar/persona - ::1 - [03-11-2023 21:08]"}
{"level":"info","message":"ruta: /cm/cmprovec/buscar/persona - ::1 - [03-11-2023 21:10]"}
{"level":"info","message":"ruta: /cm/cmprovec/list/proveedor - ::1 - [03-11-2023 21:12]"}
{"level":"info","message":"ruta: /cm/cmprovec/buscar/modificaDiaAnt - ::1 - [03-11-2023 21:12]"}
{"level":"info","message":"ruta: /cm/cmprovec/list/proveedor - ::1 - [03-11-2023 21:12]"}
{"level":"info","message":"ruta: /cm/cmprovec/buscar/modificaDiaAnt - ::1 - [03-11-2023 21:12]"}
{"level":"info","message":"ruta: /cm/cmprovec/list/proveedor - ::1 - [03-11-2023 21:14]"}
{"level":"info","message":"ruta: /cm/cmprovec/buscar/modificaDiaAnt - ::1 - [03-11-2023 21:14]"}
{"level":"info","message":"ruta: /cm/cmprovec/buscar/persona - ::1 - [03-11-2023 21:14]"}
{"level":"info","message":"ruta: /cm/cmprovec/list/proveedor - ::1 - [03-11-2023 21:14]"}
{"level":"info","message":"ruta: /cm/cmprovec/buscar/modificaDiaAnt - ::1 - [03-11-2023 21:14]"}
{"level":"info","message":"ruta: /cm/cmprovec/buscar/persona - ::1 - [03-11-2023 21:14]"}
{"level":"info","message":"ruta: /cm/cmprovec/buscar/persona - ::1 - [03-11-2023 21:14]"}
{"level":"info","message":"ruta: /cm/cmprovec/buscar/persona - ::1 - [03-11-2023 21:14]"}
{"level":"info","message":"ruta: /cm/cmprovec/buscar/persona - ::1 - [03-11-2023 21:14]"}
{"level":"info","message":"ruta: /cm/cmprovec/buscar/persona - ::1 - [03-11-2023 21:14]"}
{"level":"info","message":"ruta: /cm/cmprovec/buscar/persona - ::1 - [03-11-2023 21:14]"}
{"level":"info","message":"ruta: /cm/cmprovec/buscar/persona - ::1 - [03-11-2023 21:14]"}
{"level":"info","message":"ruta: /cm/cmprovec/buscar/persona - ::1 - [03-11-2023 21:14]"}
{"level":"info","message":"ruta: /cm/cmprovec/buscar/persona - ::1 - [03-11-2023 21:14]"}
{"level":"info","message":"ruta: /cm/cmprovec/buscar/codCompra - ::1 - [03-11-2023 21:14]"}
{"level":"info","message":"ruta: /cm/cmprovec/buscar/codCompra - ::1 - [03-11-2023 21:14]"}
{"level":"info","message":"ruta: /cm/cmprovec/list/proveedor - ::1 - [03-11-2023 21:15]"}
{"level":"info","message":"ruta: /cm/cmprovec/buscar/modificaDiaAnt - ::1 - [03-11-2023 21:15]"}
{"level":"info","message":"ruta: /cm/cmprovec/list/proveedor - ::1 - [03-11-2023 21:16]"}
{"level":"info","message":"ruta: /cm/cmprovec/buscar/modificaDiaAnt - ::1 - [03-11-2023 21:16]"}
{"level":"info","message":"ruta: /cm/cmprovec/list/proveedor - ::1 - [03-11-2023 21:16]"}
{"level":"info","message":"ruta: /cm/cmprovec/buscar/modificaDiaAnt - ::1 - [03-11-2023 21:16]"}
{"level":"info","message":"ruta: /cm/cmprovec/list/proveedor - ::1 - [03-11-2023 21:16]"}
{"level":"info","message":"ruta: /cm/cmprovec/buscar/modificaDiaAnt - ::1 - [03-11-2023 21:16]"}
{"level":"info","message":"ruta: /cm/cmprovec/buscar/proveedorRef - ::1 - [03-11-2023 21:16]"}
{"level":"info","message":"ruta: /cm/cmprovec/buscar/cuentaContable - ::1 - [03-11-2023 21:16]"}
{"level":"info","message":"ruta: /cm/cmprovec/buscar/banco - ::1 - [03-11-2023 21:16]"}
{"level":"info","message":"ruta: /cm/cmprovec/list/proveedor - ::1 - [03-11-2023 21:17]"}
{"level":"info","message":"ruta: /cm/cmprovec/buscar/modificaDiaAnt - ::1 - [03-11-2023 21:17]"}
{"level":"info","message":"ruta: /cm/cmprovec/list/proveedor - ::1 - [03-11-2023 21:17]"}
{"level":"info","message":"ruta: /cm/cmprovec/buscar/modificaDiaAnt - ::1 - [03-11-2023 21:17]"}
{"level":"info","message":"ruta: /cm/cmprovec/buscar/cuentaContable - ::1 - [03-11-2023 21:17]"}
{"level":"info","message":"ruta: /cm/cmprovec/buscar/persona - ::1 - [03-11-2023 21:17]"}
{"level":"info","message":"ruta: /cm/cmprovec/buscar/persona - ::1 - [03-11-2023 21:19]"}
{"level":"info","message":"ruta: /cm/cmprovec/list/proveedor - ::1 - [03-11-2023 21:20]"}
{"level":"info","message":"ruta: /cm/cmprovec/buscar/modificaDiaAnt - ::1 - [03-11-2023 21:20]"}
{"level":"info","message":"ruta: /cm/cmprovec/buscar/proveedorRef - ::1 - [03-11-2023 21:20]"}
{"level":"info","message":"ruta: /cm/cmprovec/buscar/proveedorRef - ::1 - [03-11-2023 21:20]"}
{"level":"info","message":"ruta: /cm/cmprovec/buscar/cuentaContable - ::1 - [03-11-2023 21:20]"}
{"level":"info","message":"ruta: /cm/cmprovec/buscar/persona - ::1 - [03-11-2023 21:20]"}
{"level":"info","message":"ruta: /cm/cmprovec/buscar/persona - ::1 - [03-11-2023 21:20]"}
{"level":"info","message":"ruta: /cm/cmprovec/buscar/persona - ::1 - [03-11-2023 21:20]"}
{"level":"info","message":"ruta: /cm/cmprovec/buscar/proveedorRef - ::1 - [03-11-2023 21:20]"}
{"level":"info","message":"ruta: /cm/cmprovec/buscar/proveedorRef - ::1 - [03-11-2023 21:20]"}
{"level":"info","message":"ruta: /cm/cmprovec/buscar/proveedorRef - ::1 - [03-11-2023 21:20]"}
{"level":"info","message":"ruta: /cm/cmprovec/buscar/proveedorRef - ::1 - [03-11-2023 21:20]"}
{"level":"info","message":"ruta: /cm/cmprovec/valida/proveedorRef - ::1 - [03-11-2023 21:20]"}
{"level":"info","message":"ruta: /cm/cmprovec/buscar/cuentaContable - ::1 - [03-11-2023 21:20]"}
{"level":"info","message":"ruta: /cm/cmprovec/list/proveedor - ::1 - [03-11-2023 21:20]"}
{"level":"info","message":"ruta: /cm/cmprovec/buscar/modificaDiaAnt - ::1 - [03-11-2023 21:20]"}
{"level":"info","message":"ruta: /cm/cmprovec/valida/persona - ::1 - [03-11-2023 21:21]"}
{"level":"info","message":"ruta: /cm/cmprovec/list/proveedor - ::1 - [03-11-2023 21:22]"}
{"level":"info","message":"ruta: /cm/cmprovec/buscar/modificaDiaAnt - ::1 - [03-11-2023 21:22]"}
{"level":"info","message":"ruta: /cm/cmprovec/list/proveedor - ::1 - [03-11-2023 21:23]"}
{"level":"info","message":"ruta: /cm/cmprovec/buscar/modificaDiaAnt - ::1 - [03-11-2023 21:23]"}
{"level":"info","message":"ruta: /cm/cmprovec/list/proveedor - ::1 - [03-11-2023 21:24]"}
{"level":"info","message":"ruta: /cm/cmprovec/buscar/modificaDiaAnt - ::1 - [03-11-2023 21:24]"}
{"level":"info","message":"ruta: /cm/cmprovec/valida/codCompra - ::1 - [03-11-2023 21:26]"}
{"level":"info","message":"ruta: /cm/cmprovec/valida/codCompra - ::1 - [03-11-2023 21:26]"}
{"level":"info","message":"ruta: /cm/cmprovec/valida/codCompra - ::1 - [03-11-2023 21:26]"}
{"level":"info","message":"ruta: /cm/cmprovec/list/proveedor - ::1 - [03-11-2023 21:26]"}
{"level":"info","message":"ruta: /cm/cmprovec/buscar/modificaDiaAnt - ::1 - [03-11-2023 21:26]"}
{"level":"info","message":"ruta: /cm/cmprovec/valida/cuentaContable - ::1 - [03-11-2023 21:26]"}
{"level":"info","message":"ruta: /cm/cmprovec/valida/cuentaCont - ::1 - [03-11-2023 21:26]"}
{"level":"info","message":"ruta: /cm/cmprovec/list/proveedor - ::1 - [03-11-2023 21:27]"}
{"level":"info","message":"ruta: /cm/cmprovec/buscar/modificaDiaAnt - ::1 - [03-11-2023 21:27]"}
{"level":"info","message":"ruta: /cm/cmprovec/list/proveedor - ::1 - [03-11-2023 21:27]"}
{"level":"info","message":"ruta: /cm/cmprovec/buscar/modificaDiaAnt - ::1 - [03-11-2023 21:27]"}
{"level":"info","message":"ruta: /cm/cmprovec/valida/cuentaContable - ::1 - [03-11-2023 21:27]"}
{"level":"info","message":"ruta: /cm/cmprovec/valida/cuentaCont - ::1 - [03-11-2023 21:27]"}
{"level":"info","message":"ruta: /cm/cmprovec/list/proveedor - ::1 - [03-11-2023 21:27]"}
{"level":"info","message":"ruta: /cm/cmprovec/buscar/modificaDiaAnt - ::1 - [03-11-2023 21:27]"}
{"level":"info","message":"ruta: /cm/cmprovec/list/proveedor - ::1 - [03-11-2023 21:27]"}
{"level":"info","message":"ruta: /cm/cmprovec/list/proveedor - ::1 - [03-11-2023 21:28]"}
{"level":"info","message":"ruta: /cm/cmprovec/buscar/modificaDiaAnt - ::1 - [03-11-2023 21:28]"}
{"level":"info","message":"ruta: /cm/cmprovec/valida/persona - ::1 - [03-11-2023 21:28]"}
{"level":"info","message":"ruta: /cm/cmprovec/list/proveedor - ::1 - [03-11-2023 21:29]"}
{"level":"info","message":"ruta: /cm/cmprovec/buscar/modificaDiaAnt - ::1 - [03-11-2023 21:29]"}
{"level":"info","message":"ruta: /cm/cmprovec/buscar/persona - ::1 - [03-11-2023 21:30]"}
{"level":"info","message":"ruta: /cm/cmprovec/valida/codCompra - ::1 - [03-11-2023 21:32]"}
{"level":"info","message":"ruta: /cm/cmprovec/list/proveedor - ::1 - [03-11-2023 21:33]"}
{"level":"info","message":"ruta: /cm/cmprovec/buscar/modificaDiaAnt - ::1 - [03-11-2023 21:33]"}
{"level":"info","message":"ruta: /cm/cmprovec/list/proveedor - ::1 - [03-11-2023 21:33]"}
{"level":"info","message":"ruta: /cm/cmprovec/buscar/modificaDiaAnt - ::1 - [03-11-2023 21:33]"}
{"level":"info","message":"ruta: /cm/cmprovec/list/proveedor - ::1 - [03-11-2023 21:36]"}
{"level":"info","message":"ruta: /cm/cmprovec/buscar/modificaDiaAnt - ::1 - [03-11-2023 21:36]"}
{"level":"info","message":"ruta: /cm/cmprovec/valida/codCompra - ::1 - [03-11-2023 21:36]"}
{"level":"info","message":"ruta: /cm/cmprovec/valida/codCompra - ::1 - [03-11-2023 21:36]"}
{"level":"info","message":"ruta: /cm/cmprovec/list/proveedor - ::1 - [03-11-2023 21:36]"}
{"level":"info","message":"ruta: /cm/cmprovec/buscar/modificaDiaAnt - ::1 - [03-11-2023 21:36]"}
{"level":"info","message":"ruta: /cm/cmprovec/list/proveedor - ::1 - [03-11-2023 21:36]"}
{"level":"info","message":"ruta: /cm/cmprovec/buscar/modificaDiaAnt - ::1 - [03-11-2023 21:36]"}
{"level":"info","message":"ruta: /cm/cmprovec/valida/cuentaContable - ::1 - [03-11-2023 21:36]"}
{"level":"info","message":"ruta: /cm/cmprovec/valida/cuentaContable - ::1 - [03-11-2023 21:36]"}
{"level":"info","message":"ruta: /cm/cmprovec/valida/cuentaCont - ::1 - [03-11-2023 21:36]"}
{"level":"info","message":"ruta: /cm/cmprovec/list/proveedor - ::1 - [03-11-2023 21:37]"}
{"level":"info","message":"ruta: /cm/cmprovec/buscar/modificaDiaAnt - ::1 - [03-11-2023 21:37]"}
{"level":"info","message":"ruta: /cm/cmprovec/list/proveedor - ::1 - [03-11-2023 21:37]"}
{"level":"info","message":"ruta: /cm/cmprovec/buscar/modificaDiaAnt - ::1 - [03-11-2023 21:37]"}
{"level":"info","message":"ruta: /cm/cmprovec/list/proveedor - ::1 - [03-11-2023 21:37]"}
{"level":"info","message":"ruta: /cm/cmprovec/buscar/modificaDiaAnt - ::1 - [03-11-2023 21:37]"}
{"level":"info","message":"ruta: /cm/cmprovec/valida/cuentaContable - ::1 - [03-11-2023 21:37]"}
{"level":"info","message":"ruta: /cm/cmprovec/valida/cuentaCont - ::1 - [03-11-2023 21:37]"}
{"level":"info","message":"ruta: /cm/cmprovec/valida/codCompra - ::1 - [03-11-2023 21:37]"}
{"level":"info","message":"ruta: /cm/cmprovec/list/proveedor - ::1 - [03-11-2023 21:38]"}
{"level":"info","message":"ruta: /cm/cmprovec/buscar/modificaDiaAnt - ::1 - [03-11-2023 21:38]"}
{"level":"info","message":"ruta: /cm/cmprovec/list/proveedor - ::1 - [03-11-2023 21:38]"}
{"level":"info","message":"ruta: /cm/cmprovec/buscar/modificaDiaAnt - ::1 - [03-11-2023 21:38]"}
{"level":"info","message":"ruta: /cm/cmprovec/list/proveedor - ::1 - [03-11-2023 21:40]"}
{"level":"info","message":"ruta: /cm/cmprovec/buscar/modificaDiaAnt - ::1 - [03-11-2023 21:40]"}
{"level":"info","message":"ruta: /cm/cmprovec/list/proveedor - ::1 - [03-11-2023 21:41]"}
{"level":"info","message":"ruta: /cm/cmprovec/buscar/modificaDiaAnt - ::1 - [03-11-2023 21:41]"}
{"level":"info","message":"ruta: /cm/cmprovec/list/proveedor - ::1 - [03-11-2023 21:41]"}
{"level":"info","message":"ruta: /cm/cmprovec/buscar/modificaDiaAnt - ::1 - [03-11-2023 21:41]"}
{"level":"info","message":"ruta: /cm/cmprovec/valida/codCompra - ::1 - [03-11-2023 21:41]"}
{"level":"info","message":"ruta: /cm/cmprovec/valida/codCompra - ::1 - [03-11-2023 21:41]"}
{"level":"info","message":"ruta: /cm/cmprovec/list/proveedor - ::1 - [03-11-2023 21:42]"}
{"level":"info","message":"ruta: /cm/cmprovec/buscar/modificaDiaAnt - ::1 - [03-11-2023 21:42]"}
{"level":"info","message":"ruta: /cm/cmprovec/list/proveedor - ::1 - [03-11-2023 21:43]"}
{"level":"info","message":"ruta: /cm/cmprovec/buscar/modificaDiaAnt - ::1 - [03-11-2023 21:43]"}
{"level":"info","message":"ruta: /cm/cmprovec/valida/codCompra - ::1 - [03-11-2023 21:43]"}
{"level":"info","message":"ruta: /cm/cmprovec/valida/codCompra - ::1 - [03-11-2023 21:43]"}
{"level":"info","message":"ruta: /cm/cmprovec/valida/codCompra - ::1 - [03-11-2023 21:43]"}
{"level":"info","message":"ruta: /cm/cmprovec/valida/codCompra - ::1 - [03-11-2023 21:44]"}
{"level":"info","message":"ruta: /cm/cmprovec/list/proveedor - ::1 - [03-11-2023 21:44]"}
{"level":"info","message":"ruta: /cm/cmprovec/buscar/modificaDiaAnt - ::1 - [03-11-2023 21:44]"}
{"level":"info","message":"ruta: /cm/cmprovec/list/proveedor - ::1 - [03-11-2023 21:44]"}
{"level":"info","message":"ruta: /cm/cmprovec/buscar/modificaDiaAnt - ::1 - [03-11-2023 21:44]"}
{"level":"info","message":"ruta: /cm/cmprovec/list/proveedor - ::1 - [03-11-2023 21:45]"}
{"level":"info","message":"ruta: /cm/cmprovec/buscar/modificaDiaAnt - ::1 - [03-11-2023 21:45]"}
{"level":"info","message":"ruta: /cm/cmprovec/list/proveedor - ::1 - [03-11-2023 21:45]"}
{"level":"info","message":"ruta: /cm/cmprovec/buscar/modificaDiaAnt - ::1 - [03-11-2023 21:45]"}
{"level":"info","message":"ruta: /cm/cmprovec/list/proveedor - ::1 - [03-11-2023 21:45]"}
{"level":"info","message":"ruta: /cm/cmprovec/buscar/modificaDiaAnt - ::1 - [03-11-2023 21:45]"}
{"level":"info","message":"ruta: /cm/cmprovec/list/proveedor - ::1 - [03-11-2023 21:46]"}
{"level":"info","message":"ruta: /cm/cmprovec/buscar/modificaDiaAnt - ::1 - [03-11-2023 21:46]"}
{"level":"info","message":"ruta: /cm/cmprovec/list/proveedor - ::1 - [03-11-2023 21:47]"}
{"level":"info","message":"ruta: /cm/cmprovec/buscar/modificaDiaAnt - ::1 - [03-11-2023 21:47]"}
{"level":"info","message":"ruta: /cm/cmprovec/valida/cuentaContable - ::1 - [03-11-2023 21:47]"}
{"level":"info","message":"ruta: /cm/cmprovec/valida/cuentaCont - ::1 - [03-11-2023 21:47]"}
{"level":"info","message":"ruta: /cm/cmprovec/valida/codCompra - ::1 - [03-11-2023 21:47]"}
{"level":"info","message":"ruta: /cm/cmprovec/valida/codCompra - ::1 - [03-11-2023 21:47]"}
{"level":"info","message":"ruta: /cm/cmprovec/list/proveedor - ::1 - [03-11-2023 21:49]"}
{"level":"info","message":"ruta: /cm/cmprovec/buscar/modificaDiaAnt - ::1 - [03-11-2023 21:49]"}
{"level":"info","message":"ruta: /cm/cmprovec/valida/cuentaContable - ::1 - [03-11-2023 21:49]"}
{"level":"info","message":"ruta: /cm/cmprovec/list/proveedor - ::1 - [03-11-2023 21:50]"}
{"level":"info","message":"ruta: /cm/cmprovec/buscar/modificaDiaAnt - ::1 - [03-11-2023 21:50]"}
{"level":"info","message":"ruta: /cm/cmprovec/list/proveedor - ::1 - [03-11-2023 21:50]"}
{"level":"info","message":"ruta: /cm/cmprovec/buscar/modificaDiaAnt - ::1 - [03-11-2023 21:50]"}
{"level":"info","message":"ruta: /cm/cmprovec/valida/codCompra - ::1 - [03-11-2023 21:51]"}
{"level":"info","message":"ruta: /cm/cmprovec/valida/codCompra - ::1 - [03-11-2023 21:51]"}
{"level":"info","message":"ruta: /cm/cmprovec/valida/codCompra - ::1 - [03-11-2023 21:51]"}
{"level":"info","message":"ruta: /cm/cmprovec/valida/codCompra - ::1 - [03-11-2023 21:51]"}
{"level":"info","message":"ruta: /cm/cmprovec/valida/codCompra - ::1 - [03-11-2023 21:51]"}
{"level":"info","message":"ruta: /cm/cmprovec/valida/cuentaContable - ::1 - [03-11-2023 21:51]"}
{"level":"info","message":"ruta: /cm/cmprovec/valida/cuentaContable - ::1 - [03-11-2023 21:51]"}
{"level":"info","message":"ruta: /cm/cmprovec/valida/cuentaCont - ::1 - [03-11-2023 21:52]"}
{"level":"info","message":"ruta: /cm/cmprovec/valida/codCompra - ::1 - [03-11-2023 21:52]"}
{"level":"info","message":"ruta: /cm/cmprovec/valida/codCompra - ::1 - [03-11-2023 21:52]"}
{"level":"info","message":"ruta: /cm/cmprovec/valida/moneda - ::1 - [03-11-2023 21:52]"}
{"level":"info","message":"ruta: /cm/cmprovec/valida/limiteRendicion - ::1 - [03-11-2023 21:52]"}
{"level":"info","message":"ruta: /cm/cmprovec/list/proveedor - ::1 - [03-11-2023 21:55]"}
{"level":"info","message":"ruta: /cm/cmprovec/list/proveedor - ::1 - [03-11-2023 21:55]"}
{"level":"info","message":"ruta: /cm/cmprovec/buscar/modificaDiaAnt - ::1 - [03-11-2023 21:55]"}
{"level":"info","message":"ruta: /cm/cmprovec/valida/cuentaContable - ::1 - [03-11-2023 21:55]"}
{"level":"info","message":"ruta: /cm/cmprovec/list/proveedor - ::1 - [03-11-2023 21:56]"}
{"level":"info","message":"ruta: /cm/cmprovec/buscar/modificaDiaAnt - ::1 - [03-11-2023 21:56]"}
{"level":"info","message":"ruta: /cm/cmprovec/valida/codCompra - ::1 - [03-11-2023 21:56]"}
{"level":"info","message":"ruta: /cm/cmprovec/valida/codCompra - ::1 - [03-11-2023 21:56]"}
{"level":"info","message":"ruta: /cm/cmprovec/list/proveedor - ::1 - [03-11-2023 21:57]"}
{"level":"info","message":"ruta: /cm/cmprovec/buscar/modificaDiaAnt - ::1 - [03-11-2023 21:57]"}
{"level":"info","message":"ruta: /cm/cmprovec/list/proveedor - ::1 - [03-11-2023 21:57]"}
{"level":"info","message":"ruta: /cm/cmprovec/buscar/modificaDiaAnt - ::1 - [03-11-2023 21:57]"}
{"level":"info","message":"ruta: /cm/cmprovec/valida/codCompra - ::1 - [03-11-2023 21:57]"}
{"level":"info","message":"ruta: /cm/cmprovec/valida/codCompra - ::1 - [03-11-2023 21:57]"}
{"level":"info","message":"ruta: /cm/cmprovec/valida/codCompra - ::1 - [03-11-2023 21:57]"}
{"level":"info","message":"ruta: /cm/cmprovec/valida/codCompra - ::1 - [03-11-2023 21:57]"}
{"level":"info","message":"ruta: /cm/cmprovec/valida/codCompra - ::1 - [03-11-2023 21:57]"}
{"level":"info","message":"ruta: /cm/cmprovec/valida/codCompra - ::1 - [03-11-2023 21:57]"}
{"level":"info","message":"ruta: /cm/cmprovec/valida/codCompra - ::1 - [03-11-2023 21:57]"}
{"level":"info","message":"ruta: /cm/cmprovec/valida/codCompra - ::1 - [03-11-2023 21:57]"}
{"level":"info","message":"ruta: /cm/cmprovec/valida/codCompra - ::1 - [03-11-2023 21:57]"}
{"level":"info","message":"ruta: /cm/cmprovec/buscar/cuentaContable - ::1 - [03-11-2023 21:57]"}
{"level":"info","message":"ruta: /cm/cmprovec/buscar/cuentaContable - ::1 - [03-11-2023 21:57]"}
{"level":"info","message":"ruta: /cm/cmprovec/valida/cuentaContable - ::1 - [03-11-2023 21:58]"}
{"level":"info","message":"ruta: /cm/cmprovec/buscar/cuentaCont - ::1 - [03-11-2023 21:58]"}
{"level":"info","message":"ruta: /cm/cmprovec/buscar/cuentaCont - ::1 - [03-11-2023 21:58]"}
{"level":"info","message":"ruta: /cm/cmprovec/valida/cuentaCont - ::1 - [03-11-2023 21:58]"}
{"level":"info","message":"ruta: /cm/cmprovec/buscar/banco - ::1 - [03-11-2023 21:58]"}
{"level":"info","message":"ruta: /cm/cmprovec/valida/banco - ::1 - [03-11-2023 21:58]"}
