{"level":"info","message":"ruta: /cc/ccncrdef/buscar/preform - ::1 - [13-07-2024 08:23]"}
{"level":"info","message":"ruta: /cc/ccncrdef/list/detalle - ::1 - [13-07-2024 08:23]"}
{"level":"info","message":"ruta: /cc/ccncrdef/valida/sucursal - ::1 - [13-07-2024 08:23]"}
{"level":"info","message":"ruta: /cc/ccncrdef/valida/cliente - ::1 - [13-07-2024 08:23]"}
{"level":"info","message":"ruta: /cc/ccncrdef/valida/cliente - ::1 - [13-07-2024 08:23]"}
{"level":"info","message":"ruta: /cc/ccncrdef/buscar/nroCompr - ::1 - [13-07-2024 08:23]"}
{"level":"info","message":"ruta: /cc/ccncrdef/valida/nroCompr - ::1 - [13-07-2024 08:23]"}
{"level":"info","message":"ruta: /cc/ccncrdef/valida/condVenta - ::1 - [13-07-2024 08:23]"}
{"level":"info","message":"ruta: /cc/ccncrdef/valida/motivoNcr - ::1 - [13-07-2024 08:23]"}
{"level":"info","message":"ruta: /cc/ccncrdef/valida/listPrecio - ::1 - [13-07-2024 08:23]"}
{"level":"info","message":"ruta: /cc/ccncrdef/valida/vendedor - ::1 - [13-07-2024 08:23]"}
{"level":"info","message":"ruta: /cc/ccncrdef/valida/moneda - ::1 - [13-07-2024 08:23]"}
{"level":"info","message":"ruta: /cc/ccncrdef/valida/articulo - ::1 - [13-07-2024 08:23]"}
{"level":"info","message":"ruta: /cc/ccncrdef/valida/articulo - ::1 - [13-07-2024 08:24]"}
{"level":"info","message":"ruta: /cc/ccncrdef/buscar/preform - ::1 - [13-07-2024 08:32]"}
{"level":"info","message":"ruta: /cc/ccncrdef/list/detalle - ::1 - [13-07-2024 08:32]"}
{"level":"info","message":"ruta: /cc/ccncrdef/valida/sucursal - ::1 - [13-07-2024 08:32]"}
{"level":"info","message":"ruta: /cc/ccncrdef/valida/cliente - ::1 - [13-07-2024 08:32]"}
{"level":"info","message":"ruta: /cc/ccncrdef/buscar/nroCompr - ::1 - [13-07-2024 08:32]"}
{"level":"info","message":"ruta: /cc/ccncrdef/valida/nroCompr - ::1 - [13-07-2024 08:32]"}
{"level":"info","message":"ruta: /cc/ccncrdef/valida/condVenta - ::1 - [13-07-2024 08:32]"}
{"level":"info","message":"ruta: /cc/ccncrdef/valida/condVenta - ::1 - [13-07-2024 08:32]"}
{"level":"info","message":"ruta: /cc/ccncrdef/valida/motivoNcr - ::1 - [13-07-2024 08:32]"}
{"level":"info","message":"ruta: /cc/ccncrdef/valida/listPrecio - ::1 - [13-07-2024 08:32]"}
{"level":"info","message":"ruta: /cc/ccncrdef/valida/vendedor - ::1 - [13-07-2024 08:32]"}
{"level":"info","message":"ruta: /cc/ccncrdef/valida/moneda - ::1 - [13-07-2024 08:32]"}
{"level":"info","message":"ruta: /cc/ccncrdef/valida/articulo - ::1 - [13-07-2024 08:32]"}
{"level":"info","message":"ruta: /cc/ccncrdef/buscar/preform - ::1 - [13-07-2024 08:34]"}
{"level":"info","message":"ruta: /cc/ccncrdef/list/detalle - ::1 - [13-07-2024 08:34]"}
{"level":"info","message":"ruta: /cc/ccncrdef/buscar/preform - ::1 - [13-07-2024 08:35]"}
{"level":"info","message":"ruta: /cc/ccncrdef/list/detalle - ::1 - [13-07-2024 08:35]"}
{"level":"info","message":"ruta: /cc/ccncrdef/buscar/preform - ::1 - [13-07-2024 08:35]"}
{"level":"info","message":"ruta: /cc/ccncrdef/list/detalle - ::1 - [13-07-2024 08:35]"}
{"level":"info","message":"ruta: /cc/ccncrdef/valida/sucursal - ::1 - [13-07-2024 08:35]"}
{"level":"info","message":"ruta: /cc/ccncrdef/valida/cliente - ::1 - [13-07-2024 08:35]"}
{"level":"info","message":"ruta: /cc/ccncrdef/buscar/nroCompr - ::1 - [13-07-2024 08:35]"}
{"level":"info","message":"ruta: /cc/ccncrdef/valida/nroCompr - ::1 - [13-07-2024 08:35]"}
{"level":"info","message":"ruta: /cc/ccncrdef/valida/condVenta - ::1 - [13-07-2024 08:35]"}
{"level":"info","message":"ruta: /cc/ccncrdef/valida/motivoNcr - ::1 - [13-07-2024 08:35]"}
{"level":"info","message":"ruta: /cc/ccncrdef/valida/listPrecio - ::1 - [13-07-2024 08:35]"}
{"level":"info","message":"ruta: /cc/ccncrdef/valida/listPrecio - ::1 - [13-07-2024 08:35]"}
{"level":"info","message":"ruta: /cc/ccncrdef/valida/vendedor - ::1 - [13-07-2024 08:35]"}
{"level":"info","message":"ruta: /cc/ccncrdef/valida/moneda - ::1 - [13-07-2024 08:35]"}
{"level":"info","message":"ruta: /cc/ccncrdef/valida/articulo - ::1 - [13-07-2024 08:35]"}
{"level":"info","message":"ruta: /cc/ccncrdef/valida/articulo - ::1 - [13-07-2024 08:36]"}
{"level":"info","message":"ruta: /cc/ccncrdef/valida/articulo - ::1 - [13-07-2024 08:36]"}
{"level":"info","message":"ruta: /cc/ccncrdef/valida/articulo - ::1 - [13-07-2024 08:38]"}
{"level":"info","message":"ruta: /cc/ccncrdef/valida/articulo - ::1 - [13-07-2024 08:38]"}
{"level":"info","message":"ruta: /cc/ccncrdef/valida/articulo - ::1 - [13-07-2024 08:39]"}
{"level":"info","message":"ruta: /cc/ccncrdef/valida/articulo - ::1 - [13-07-2024 08:39]"}
{"level":"info","message":"ruta: /cc/ccncrdef/valida/articulo - ::1 - [13-07-2024 08:39]"}
{"level":"info","message":"ruta: /cc/ccncrdef/valida/articulo - ::1 - [13-07-2024 08:39]"}
{"level":"info","message":"ruta: /cc/ccncrdef/valida/articulo - ::1 - [13-07-2024 08:39]"}
{"level":"info","message":"ruta: /cc/ccncrdef/valida/articulo - ::1 - [13-07-2024 08:39]"}
{"level":"info","message":"ruta: /cc/ccncrdef/buscar/preform - ::1 - [13-07-2024 08:44]"}
{"level":"info","message":"ruta: /cc/ccncrdef/list/detalle - ::1 - [13-07-2024 08:44]"}
{"level":"info","message":"ruta: /cc/ccncrdef/valida/sucursal - ::1 - [13-07-2024 08:44]"}
{"level":"info","message":"ruta: /cc/ccncrdef/valida/cliente - ::1 - [13-07-2024 08:44]"}
{"level":"info","message":"ruta: /cc/ccncrdef/buscar/nroCompr - ::1 - [13-07-2024 08:44]"}
{"level":"info","message":"ruta: /cc/ccncrdef/valida/nroCompr - ::1 - [13-07-2024 08:44]"}
{"level":"info","message":"ruta: /cc/ccncrdef/valida/condVenta - ::1 - [13-07-2024 08:44]"}
{"level":"info","message":"ruta: /cc/ccncrdef/valida/motivoNcr - ::1 - [13-07-2024 08:44]"}
{"level":"info","message":"ruta: /cc/ccncrdef/valida/listPrecio - ::1 - [13-07-2024 08:44]"}
{"level":"info","message":"ruta: /cc/ccncrdef/valida/vendedor - ::1 - [13-07-2024 08:44]"}
{"level":"info","message":"ruta: /cc/ccncrdef/valida/moneda - ::1 - [13-07-2024 08:44]"}
{"level":"info","message":"ruta: /cc/ccncrdef/valida/articulo - ::1 - [13-07-2024 08:44]"}
{"level":"info","message":"ruta: /cc/ccncrdef/valida/articulo - ::1 - [13-07-2024 08:44]"}
{"level":"info","message":"ruta: /cc/ccncrdef/buscar/preform - ::1 - [13-07-2024 08:44]"}
{"level":"info","message":"ruta: /cc/ccncrdef/list/detalle - ::1 - [13-07-2024 08:44]"}
{"level":"info","message":"ruta: /cc/ccncrdef/buscar/preform - ::1 - [13-07-2024 08:45]"}
{"level":"info","message":"ruta: /cc/ccncrdef/list/detalle - ::1 - [13-07-2024 08:45]"}
{"level":"info","message":"ruta: /cc/ccncrdef/valida/sucursal - ::1 - [13-07-2024 08:45]"}
{"level":"info","message":"ruta: /cc/ccncrdef/valida/cliente - ::1 - [13-07-2024 08:45]"}
{"level":"info","message":"ruta: /cc/ccncrdef/buscar/nroCompr - ::1 - [13-07-2024 08:45]"}
{"level":"info","message":"ruta: /cc/ccncrdef/valida/nroCompr - ::1 - [13-07-2024 08:45]"}
{"level":"info","message":"ruta: /cc/ccncrdef/valida/condVenta - ::1 - [13-07-2024 08:45]"}
{"level":"info","message":"ruta: /cc/ccncrdef/valida/motivoNcr - ::1 - [13-07-2024 08:45]"}
{"level":"info","message":"ruta: /cc/ccncrdef/valida/listPrecio - ::1 - [13-07-2024 08:45]"}
{"level":"info","message":"ruta: /cc/ccncrdef/valida/vendedor - ::1 - [13-07-2024 08:45]"}
{"level":"info","message":"ruta: /cc/ccncrdef/valida/moneda - ::1 - [13-07-2024 08:45]"}
{"level":"info","message":"ruta: /cc/ccncrdef/valida/articulo - ::1 - [13-07-2024 08:45]"}
{"level":"info","message":"ruta: /cc/ccncrdef/valida/articulo - ::1 - [13-07-2024 08:45]"}
{"level":"info","message":"ruta: /cc/ccncrdef/buscar/preform - ::1 - [13-07-2024 08:45]"}
{"level":"info","message":"ruta: /cc/ccncrdef/list/detalle - ::1 - [13-07-2024 08:45]"}
{"level":"info","message":"ruta: /cc/ccncrdef/buscar/preform - ::1 - [13-07-2024 08:45]"}
{"level":"info","message":"ruta: /cc/ccncrdef/list/detalle - ::1 - [13-07-2024 08:45]"}
{"level":"info","message":"ruta: /cc/ccncrdef/buscar/preform - ::1 - [13-07-2024 08:45]"}
{"level":"info","message":"ruta: /cc/ccncrdef/list/detalle - ::1 - [13-07-2024 08:45]"}
{"level":"info","message":"ruta: /cc/ccncrdef/valida/sucursal - ::1 - [13-07-2024 08:45]"}
{"level":"info","message":"ruta: /cc/ccncrdef/valida/cliente - ::1 - [13-07-2024 08:45]"}
{"level":"info","message":"ruta: /cc/ccncrdef/valida/cliente - ::1 - [13-07-2024 08:45]"}
{"level":"info","message":"ruta: /cc/ccncrdef/buscar/nroCompr - ::1 - [13-07-2024 08:45]"}
{"level":"info","message":"ruta: /cc/ccncrdef/valida/nroCompr - ::1 - [13-07-2024 08:45]"}
{"level":"info","message":"ruta: /cc/ccncrdef/valida/condVenta - ::1 - [13-07-2024 08:45]"}
{"level":"info","message":"ruta: /cc/ccncrdef/valida/motivoNcr - ::1 - [13-07-2024 08:45]"}
{"level":"info","message":"ruta: /cc/ccncrdef/valida/listPrecio - ::1 - [13-07-2024 08:46]"}
{"level":"info","message":"ruta: /cc/ccncrdef/valida/vendedor - ::1 - [13-07-2024 08:46]"}
{"level":"info","message":"ruta: /cc/ccncrdef/valida/moneda - ::1 - [13-07-2024 08:46]"}
{"level":"info","message":"ruta: /cc/ccncrdef/valida/articulo - ::1 - [13-07-2024 08:46]"}
{"level":"info","message":"ruta: /cc/ccncrdef/buscar/preform - ::1 - [13-07-2024 08:46]"}
{"level":"info","message":"ruta: /cc/ccncrdef/list/detalle - ::1 - [13-07-2024 08:46]"}
{"level":"info","message":"ruta: /cc/ccncrdef/buscar/preform - ::1 - [13-07-2024 08:46]"}
{"level":"info","message":"ruta: /cc/ccncrdef/list/detalle - ::1 - [13-07-2024 08:46]"}
{"level":"info","message":"ruta: /cc/ccncrdef/buscar/preform - ::1 - [13-07-2024 08:46]"}
{"level":"info","message":"ruta: /cc/ccncrdef/list/detalle - ::1 - [13-07-2024 08:46]"}
{"level":"info","message":"ruta: /cc/ccncrdef/valida/sucursal - ::1 - [13-07-2024 08:46]"}
{"level":"info","message":"ruta: /cc/ccncrdef/valida/cliente - ::1 - [13-07-2024 08:46]"}
{"level":"info","message":"ruta: /cc/ccncrdef/buscar/nroCompr - ::1 - [13-07-2024 08:46]"}
{"level":"info","message":"ruta: /cc/ccncrdef/valida/nroCompr - ::1 - [13-07-2024 08:46]"}
{"level":"info","message":"ruta: /cc/ccncrdef/valida/condVenta - ::1 - [13-07-2024 08:46]"}
{"level":"info","message":"ruta: /cc/ccncrdef/valida/motivoNcr - ::1 - [13-07-2024 08:46]"}
{"level":"info","message":"ruta: /cc/ccncrdef/valida/listPrecio - ::1 - [13-07-2024 08:46]"}
{"level":"info","message":"ruta: /cc/ccncrdef/valida/vendedor - ::1 - [13-07-2024 08:46]"}
{"level":"info","message":"ruta: /cc/ccncrdef/valida/moneda - ::1 - [13-07-2024 08:46]"}
{"level":"info","message":"ruta: /cc/ccncrdef/valida/articulo - ::1 - [13-07-2024 08:46]"}
{"level":"info","message":"ruta: /cc/ccncrdef/valida/articulo - ::1 - [13-07-2024 08:46]"}
{"level":"info","message":"ruta: /cc/ccncrdef/buscar/preform - ::1 - [13-07-2024 08:52]"}
{"level":"info","message":"ruta: /cc/ccncrdef/list/detalle - ::1 - [13-07-2024 08:52]"}
{"level":"info","message":"ruta: /cc/ccncrdef/buscar/preform - ::1 - [13-07-2024 08:52]"}
{"level":"info","message":"ruta: /cc/ccncrdef/list/detalle - ::1 - [13-07-2024 08:52]"}
{"level":"info","message":"ruta: /cc/ccncrdef/buscar/preform - ::1 - [13-07-2024 08:52]"}
{"level":"info","message":"ruta: /cc/ccncrdef/list/detalle - ::1 - [13-07-2024 08:52]"}
{"level":"info","message":"ruta: /cc/ccncrdef/buscar/preform - ::1 - [13-07-2024 09:00]"}
{"level":"info","message":"ruta: /cc/ccncrdef/list/detalle - ::1 - [13-07-2024 09:00]"}
{"level":"info","message":"ruta: /cc/ccncrdef/buscar/preform - ::1 - [13-07-2024 09:00]"}
{"level":"info","message":"ruta: /cc/ccncrdef/list/detalle - ::1 - [13-07-2024 09:00]"}
{"level":"info","message":"ruta: /cc/ccncrdef/valida/sucursal - ::1 - [13-07-2024 09:00]"}
{"level":"info","message":"ruta: /cc/ccncrdef/valida/sucursal - ::1 - [13-07-2024 09:00]"}
{"level":"info","message":"ruta: /cc/ccncrdef/valida/cliente - ::1 - [13-07-2024 09:00]"}
{"level":"info","message":"ruta: /cc/ccncrdef/valida/cliente - ::1 - [13-07-2024 09:00]"}
{"level":"info","message":"ruta: /cc/ccncrdef/buscar/nroCompr - ::1 - [13-07-2024 09:00]"}
{"level":"info","message":"ruta: /cc/ccncrdef/valida/nroCompr - ::1 - [13-07-2024 09:00]"}
{"level":"info","message":"ruta: /cc/ccncrdef/valida/condVenta - ::1 - [13-07-2024 09:00]"}
{"level":"info","message":"ruta: /cc/ccncrdef/valida/motivoNcr - ::1 - [13-07-2024 09:00]"}
{"level":"info","message":"ruta: /cc/ccncrdef/valida/listPrecio - ::1 - [13-07-2024 09:00]"}
{"level":"info","message":"ruta: /cc/ccncrdef/valida/vendedor - ::1 - [13-07-2024 09:01]"}
{"level":"info","message":"ruta: /cc/ccncrdef/valida/moneda - ::1 - [13-07-2024 09:01]"}
{"level":"info","message":"ruta: /cc/ccncrdef/valida/articulo - ::1 - [13-07-2024 09:01]"}
{"level":"info","message":"ruta: /cc/ccncrdef/valida/um - ::1 - [13-07-2024 09:01]"}
{"level":"info","message":"ruta: /cc/ccncrdef/buscar/preform - ::1 - [13-07-2024 09:03]"}
{"level":"info","message":"ruta: /cc/ccncrdef/list/detalle - ::1 - [13-07-2024 09:03]"}
{"level":"info","message":"ruta: /cc/ccncrdef/buscar/preform - ::1 - [13-07-2024 09:03]"}
{"level":"info","message":"ruta: /cc/ccncrdef/list/detalle - ::1 - [13-07-2024 09:03]"}
{"level":"info","message":"ruta: /cc/ccncrdef/valida/sucursal - ::1 - [13-07-2024 09:03]"}
{"level":"info","message":"ruta: /cc/ccncrdef/valida/cliente - ::1 - [13-07-2024 09:03]"}
{"level":"info","message":"ruta: /cc/ccncrdef/buscar/nroCompr - ::1 - [13-07-2024 09:03]"}
{"level":"info","message":"ruta: /cc/ccncrdef/valida/nroCompr - ::1 - [13-07-2024 09:03]"}
{"level":"info","message":"ruta: /cc/ccncrdef/valida/condVenta - ::1 - [13-07-2024 09:03]"}
{"level":"info","message":"ruta: /cc/ccncrdef/valida/motivoNcr - ::1 - [13-07-2024 09:03]"}
{"level":"info","message":"ruta: /cc/ccncrdef/valida/listPrecio - ::1 - [13-07-2024 09:03]"}
{"level":"info","message":"ruta: /cc/ccncrdef/valida/vendedor - ::1 - [13-07-2024 09:03]"}
{"level":"info","message":"ruta: /cc/ccncrdef/valida/moneda - ::1 - [13-07-2024 09:03]"}
{"level":"info","message":"ruta: /cc/ccncrdef/valida/articulo - ::1 - [13-07-2024 09:03]"}
{"level":"info","message":"ruta: /cc/ccncrdef/valida/um - ::1 - [13-07-2024 09:03]"}
{"level":"info","message":"ruta: /cc/ccncrdef/buscar/preform - ::1 - [13-07-2024 09:06]"}
{"level":"info","message":"ruta: /cc/ccncrdef/list/detalle - ::1 - [13-07-2024 09:06]"}
{"level":"info","message":"ruta: /cc/ccncrdef/buscar/preform - ::1 - [13-07-2024 09:06]"}
{"level":"info","message":"ruta: /cc/ccncrdef/list/detalle - ::1 - [13-07-2024 09:06]"}
{"level":"info","message":"ruta: /cc/ccncrdef/valida/sucursal - ::1 - [13-07-2024 09:06]"}
{"level":"info","message":"ruta: /cc/ccncrdef/valida/cliente - ::1 - [13-07-2024 09:06]"}
{"level":"info","message":"ruta: /cc/ccncrdef/valida/cliente - ::1 - [13-07-2024 09:06]"}
{"level":"info","message":"ruta: /cc/ccncrdef/valida/nroCompr - ::1 - [13-07-2024 09:06]"}
{"level":"info","message":"ruta: /cc/ccncrdef/buscar/nroCompr - ::1 - [13-07-2024 09:06]"}
{"level":"info","message":"ruta: /cc/ccncrdef/valida/nroCompr - ::1 - [13-07-2024 09:06]"}
{"level":"info","message":"ruta: /cc/ccncrdef/valida/condVenta - ::1 - [13-07-2024 09:06]"}
{"level":"info","message":"ruta: /cc/ccncrdef/valida/condVenta - ::1 - [13-07-2024 09:06]"}
{"level":"info","message":"ruta: /cc/ccncrdef/valida/motivoNcr - ::1 - [13-07-2024 09:06]"}
{"level":"info","message":"ruta: /cc/ccncrdef/valida/listPrecio - ::1 - [13-07-2024 09:06]"}
{"level":"info","message":"ruta: /cc/ccncrdef/valida/vendedor - ::1 - [13-07-2024 09:06]"}
{"level":"info","message":"ruta: /cc/ccncrdef/valida/moneda - ::1 - [13-07-2024 09:06]"}
{"level":"info","message":"ruta: /cc/ccncrdef/valida/articulo - ::1 - [13-07-2024 09:06]"}
{"level":"info","message":"ruta: /cc/ccncrdef/valida/um - ::1 - [13-07-2024 09:07]"}
{"level":"info","message":"ruta: /cc/ccncrdef/valida/um - ::1 - [13-07-2024 09:07]"}
{"level":"info","message":"ruta: /cc/ccncrdef/valida/um - ::1 - [13-07-2024 09:07]"}
{"level":"info","message":"ruta: /cc/ccncrdef/valida/um - ::1 - [13-07-2024 09:07]"}
{"level":"info","message":"ruta: /cc/ccncrdef/valida/um - ::1 - [13-07-2024 09:07]"}
{"level":"info","message":"ruta: /cc/ccncrdef/valida/um - ::1 - [13-07-2024 09:07]"}
{"level":"info","message":"ruta: /cc/ccncrdef/valida/articulo - ::1 - [13-07-2024 09:07]"}
{"level":"info","message":"ruta: /cc/ccncrdef/valida/um - ::1 - [13-07-2024 09:07]"}
{"level":"info","message":"ruta: /cc/ccncrdef/valida/um - ::1 - [13-07-2024 09:07]"}
{"level":"info","message":"ruta: /cc/ccncrdef/valida/um - ::1 - [13-07-2024 09:08]"}
{"level":"info","message":"ruta: /cc/ccncrdef/buscar/preform - ::1 - [13-07-2024 09:08]"}
{"level":"info","message":"ruta: /cc/ccncrdef/list/detalle - ::1 - [13-07-2024 09:08]"}
{"level":"info","message":"ruta: /cc/ccncrdef/valida/listPrecio - ::1 - [13-07-2024 09:08]"}
{"level":"info","message":"ruta: /cc/ccncrdef/buscar/preform - ::1 - [13-07-2024 09:08]"}
{"level":"info","message":"ruta: /cc/ccncrdef/list/detalle - ::1 - [13-07-2024 09:08]"}
{"level":"info","message":"ruta: /cc/ccncrdef/buscar/preform - ::1 - [13-07-2024 09:10]"}
{"level":"info","message":"ruta: /cc/ccncrdef/list/detalle - ::1 - [13-07-2024 09:10]"}
{"level":"info","message":"ruta: /cc/ccncrdef/buscar/preform - ::1 - [13-07-2024 09:10]"}
{"level":"info","message":"ruta: /cc/ccncrdef/list/detalle - ::1 - [13-07-2024 09:10]"}
{"level":"info","message":"ruta: /cc/ccncrdef/buscar/preform - ::1 - [13-07-2024 09:10]"}
{"level":"info","message":"ruta: /cc/ccncrdef/list/cabecera - ::1 - [13-07-2024 09:10]"}
{"level":"info","message":"ruta: /cc/ccncrdef/list/postquery - ::1 - [13-07-2024 09:10]"}
{"level":"info","message":"ruta: /cc/ccncrdef/list/detalle - ::1 - [13-07-2024 09:10]"}
{"level":"info","message":"ruta: /cc/ccncrdef/buscar/preform - ::1 - [13-07-2024 09:10]"}
{"level":"info","message":"ruta: /cc/ccncrdef/list/detalle - ::1 - [13-07-2024 09:10]"}
{"level":"info","message":"ruta: /cc/ccncrdef/valida/sucursal - ::1 - [13-07-2024 09:10]"}
{"level":"info","message":"ruta: /cc/ccncrdef/valida/cliente - ::1 - [13-07-2024 09:10]"}
{"level":"info","message":"ruta: /cc/ccncrdef/valida/nroCompr - ::1 - [13-07-2024 09:10]"}
{"level":"info","message":"ruta: /cc/ccncrdef/buscar/nroCompr - ::1 - [13-07-2024 09:10]"}
{"level":"info","message":"ruta: /cc/ccncrdef/valida/nroCompr - ::1 - [13-07-2024 09:10]"}
{"level":"info","message":"ruta: /cc/ccncrdef/valida/condVenta - ::1 - [13-07-2024 09:10]"}
{"level":"info","message":"ruta: /cc/ccncrdef/valida/motivoNcr - ::1 - [13-07-2024 09:10]"}
{"level":"info","message":"ruta: /cc/ccncrdef/valida/listPrecio - ::1 - [13-07-2024 09:10]"}
{"level":"info","message":"ruta: /cc/ccncrdef/valida/vendedor - ::1 - [13-07-2024 09:10]"}
{"level":"info","message":"ruta: /cc/ccncrdef/valida/moneda - ::1 - [13-07-2024 09:10]"}
{"level":"info","message":"ruta: /cc/ccncrdef/valida/articulo - ::1 - [13-07-2024 09:10]"}
{"level":"info","message":"ruta: /cc/ccncrdef/valida/um - ::1 - [13-07-2024 09:10]"}
{"level":"info","message":"ruta: /cc/ccncrdef/buscar/preform - ::1 - [13-07-2024 09:10]"}
{"level":"info","message":"ruta: /cc/ccncrdef/list/detalle - ::1 - [13-07-2024 09:10]"}
{"level":"info","message":"ruta: /cc/ccrenagr/preform - ::1 - [13-07-2024 09:13]"}
{"level":"info","message":"ruta: /cc/ccrenagr/buscar/cabecera - ::1 - [13-07-2024 09:13]"}
{"level":"info","message":"ruta: /cc/ccrenagr/buscar/cabecera - ::1 - [13-07-2024 09:13]"}
{"level":"info","message":"ruta: /cc/ccncrdef/buscar/preform - ::1 - [13-07-2024 09:13]"}
{"level":"info","message":"ruta: /cc/ccncrdef/list/detalle - ::1 - [13-07-2024 09:13]"}
{"level":"info","message":"ruta: /cm/cmprovec/list/proveedor - ::1 - [13-07-2024 09:13]"}
{"level":"info","message":"ruta: /cm/cmprovec/buscar/modificaDiaAnt - ::1 - [13-07-2024 09:13]"}
{"level":"info","message":"ruta: /st/starticu/list/relaciones - ::1 - [13-07-2024 09:13]"}
{"level":"info","message":"ruta: /st/stenvio/buscar/tipCambio - ::1 - [13-07-2024 09:13]"}
{"level":"info","message":"ruta: /st/stenvio/list/detalle - ::1 - [13-07-2024 09:13]"}
{"level":"info","message":"ruta: /st/stentsal/list/detalle - ::1 - [13-07-2024 09:13]"}
{"level":"info","message":"ruta: /vt/vtclient/preform - ::1 - [13-07-2024 09:13]"}
{"level":"info","message":"ruta: /vt/vtclient/listDet - ::1 - [13-07-2024 09:13]"}
{"level":"info","message":"ruta: /vt/vtlispre/listDet - ::1 - [13-07-2024 09:13]"}
{"level":"info","message":"ruta: /vt/vtvende/list/listCab - ::1 - [13-07-2024 09:13]"}
{"level":"info","message":"ruta: /vt/vtlispre/listDet - ::1 - [13-07-2024 09:13]"}
{"level":"info","message":"ruta: /vt/vtlispre/listDet - ::1 - [13-07-2024 09:13]"}
{"level":"info","message":"ruta: /vt/vtlispre/listDet - ::1 - [13-07-2024 09:15]"}
{"level":"info","message":"ruta: /vt/vtpresar/listar/detalle - ::1 - [13-07-2024 09:16]"}
{"level":"info","message":"ruta: /cm/cmfactur/preform - ::1 - [13-07-2024 09:16]"}
{"level":"info","message":"ruta: /cm/cmfactur/list/detalle - ::1 - [13-07-2024 09:16]"}
{"level":"info","message":"ruta: /cc/ccncrdef/buscar/preform - ::1 - [13-07-2024 09:16]"}
{"level":"info","message":"ruta: /cc/ccncrdef/list/detalle - ::1 - [13-07-2024 09:16]"}
{"level":"info","message":"ruta: /cc/ccncrdef/valida/sucursal - ::1 - [13-07-2024 09:16]"}
{"level":"info","message":"ruta: /cc/ccncrdef/valida/cliente - ::1 - [13-07-2024 09:16]"}
{"level":"info","message":"ruta: /cc/ccncrdef/buscar/nroCompr - ::1 - [13-07-2024 09:16]"}
{"level":"info","message":"ruta: /cc/ccncrdef/valida/nroCompr - ::1 - [13-07-2024 09:16]"}
{"level":"info","message":"ruta: /cc/ccncrdef/valida/condVenta - ::1 - [13-07-2024 09:16]"}
{"level":"info","message":"ruta: /cc/ccncrdef/valida/motivoNcr - ::1 - [13-07-2024 09:16]"}
{"level":"info","message":"ruta: /cc/ccncrdef/valida/listPrecio - ::1 - [13-07-2024 09:16]"}
{"level":"info","message":"ruta: /cc/ccncrdef/valida/vendedor - ::1 - [13-07-2024 09:16]"}
{"level":"info","message":"ruta: /cc/ccncrdef/valida/moneda - ::1 - [13-07-2024 09:16]"}
{"level":"info","message":"ruta: /cc/ccncrdef/valida/articulo - ::1 - [13-07-2024 09:16]"}
{"level":"info","message":"ruta: /cc/ccncrdef/valida/um - ::1 - [13-07-2024 09:16]"}
{"level":"info","message":"ruta: /cc/ccncrdef/valida/um - ::1 - [13-07-2024 09:16]"}
{"level":"info","message":"ruta: /cc/ccncrdef/buscar/preform - ::1 - [13-07-2024 09:17]"}
{"level":"info","message":"ruta: /cc/ccncrdef/list/detalle - ::1 - [13-07-2024 09:17]"}
{"level":"info","message":"ruta: /cc/ccncrdef/buscar/preform - ::1 - [13-07-2024 09:17]"}
{"level":"info","message":"ruta: /cc/ccncrdef/list/detalle - ::1 - [13-07-2024 09:17]"}
{"level":"info","message":"ruta: /cc/ccncrdef/buscar/preform - ::1 - [13-07-2024 09:17]"}
{"level":"info","message":"ruta: /cc/ccncrdef/list/detalle - ::1 - [13-07-2024 09:17]"}
{"level":"info","message":"ruta: /cc/ccncrdef/buscar/preform - ::1 - [13-07-2024 09:17]"}
{"level":"info","message":"ruta: /cc/ccncrdef/list/detalle - ::1 - [13-07-2024 09:17]"}
{"level":"info","message":"ruta: /cc/ccncrdef/buscar/preform - ::1 - [13-07-2024 09:17]"}
{"level":"info","message":"ruta: /cc/ccncrdef/list/detalle - ::1 - [13-07-2024 09:17]"}
{"level":"info","message":"ruta: /cc/ccncrdef/buscar/preform - ::1 - [13-07-2024 09:18]"}
{"level":"info","message":"ruta: /cc/ccncrdef/list/detalle - ::1 - [13-07-2024 09:18]"}
{"level":"info","message":"ruta: /cc/ccncrdef/buscar/preform - ::1 - [13-07-2024 09:18]"}
{"level":"info","message":"ruta: /cc/ccncrdef/list/detalle - ::1 - [13-07-2024 09:18]"}
{"level":"info","message":"ruta: /cc/ccncrdef/buscar/preform - ::1 - [13-07-2024 09:20]"}
{"level":"info","message":"ruta: /cc/ccncrdef/list/detalle - ::1 - [13-07-2024 09:20]"}
{"level":"info","message":"ruta: /cc/ccncrdef/buscar/preform - ::1 - [13-07-2024 09:23]"}
{"level":"info","message":"ruta: /cc/ccncrdef/list/detalle - ::1 - [13-07-2024 09:23]"}
{"level":"info","message":"ruta: /cc/ccncrdef/buscar/preform - ::1 - [13-07-2024 09:23]"}
{"level":"info","message":"ruta: /cc/ccncrdef/list/detalle - ::1 - [13-07-2024 09:23]"}
{"level":"info","message":"ruta: /cc/ccncrdef/buscar/preform - ::1 - [13-07-2024 09:24]"}
{"level":"info","message":"ruta: /cc/ccncrdef/list/detalle - ::1 - [13-07-2024 09:24]"}
{"level":"info","message":"ruta: /cc/ccncrdef/valida/sucursal - ::1 - [13-07-2024 09:24]"}
{"level":"info","message":"ruta: /cc/ccncrdef/valida/cliente - ::1 - [13-07-2024 09:24]"}
{"level":"info","message":"ruta: /cc/ccncrdef/buscar/nroCompr - ::1 - [13-07-2024 09:24]"}
{"level":"info","message":"ruta: /cc/ccncrdef/valida/nroCompr - ::1 - [13-07-2024 09:24]"}
{"level":"info","message":"ruta: /cc/ccncrdef/valida/condVenta - ::1 - [13-07-2024 09:24]"}
{"level":"info","message":"ruta: /cc/ccncrdef/valida/motivoNcr - ::1 - [13-07-2024 09:24]"}
{"level":"info","message":"ruta: /cc/ccncrdef/valida/listPrecio - ::1 - [13-07-2024 09:24]"}
{"level":"info","message":"ruta: /cc/ccncrdef/valida/vendedor - ::1 - [13-07-2024 09:24]"}
{"level":"info","message":"ruta: /cc/ccncrdef/valida/moneda - ::1 - [13-07-2024 09:24]"}
{"level":"info","message":"ruta: /cc/ccncrdef/valida/articulo - ::1 - [13-07-2024 09:24]"}
{"level":"info","message":"ruta: /cc/ccncrdef/valida/um - ::1 - [13-07-2024 09:25]"}
{"level":"info","message":"ruta: /cc/ccncrdef/buscar/preform - ::1 - [13-07-2024 09:25]"}
{"level":"info","message":"ruta: /cc/ccncrdef/list/detalle - ::1 - [13-07-2024 09:25]"}
{"level":"info","message":"ruta: /cc/ccncrdef/valida/sucursal - ::1 - [13-07-2024 09:25]"}
{"level":"info","message":"ruta: /cc/ccncrdef/valida/sucursal - ::1 - [13-07-2024 09:25]"}
{"level":"info","message":"ruta: /cc/ccncrdef/buscar/cliente - ::1 - [13-07-2024 09:25]"}
{"level":"info","message":"ruta: /cc/ccncrdef/valida/cliente - ::1 - [13-07-2024 09:25]"}
{"level":"info","message":"ruta: /cc/ccncrdef/valida/cliente - ::1 - [13-07-2024 09:25]"}
{"level":"info","message":"ruta: /cc/ccncrdef/buscar/nroCompr - ::1 - [13-07-2024 09:25]"}
{"level":"info","message":"ruta: /cc/ccncrdef/valida/nroCompr - ::1 - [13-07-2024 09:25]"}
{"level":"info","message":"ruta: /cc/ccncrdef/valida/condVenta - ::1 - [13-07-2024 09:25]"}
{"level":"info","message":"ruta: /cc/ccncrdef/valida/motivoNcr - ::1 - [13-07-2024 09:25]"}
{"level":"info","message":"ruta: /cc/ccncrdef/valida/listPrecio - ::1 - [13-07-2024 09:25]"}
{"level":"info","message":"ruta: /cc/ccncrdef/valida/vendedor - ::1 - [13-07-2024 09:25]"}
{"level":"info","message":"ruta: /cc/ccncrdef/valida/moneda - ::1 - [13-07-2024 09:25]"}
{"level":"info","message":"ruta: /cc/ccncrdef/valida/articulo - ::1 - [13-07-2024 09:26]"}
{"level":"info","message":"ruta: /cc/ccncrdef/buscar/preform - ::1 - [13-07-2024 09:31]"}
{"level":"info","message":"ruta: /cc/ccncrdef/list/detalle - ::1 - [13-07-2024 09:31]"}
{"level":"info","message":"ruta: /cc/ccncrdef/valida/sucursal - ::1 - [13-07-2024 09:31]"}
{"level":"info","message":"ruta: /cc/ccncrdef/valida/cliente - ::1 - [13-07-2024 09:31]"}
{"level":"info","message":"ruta: /cc/ccncrdef/buscar/cliente - ::1 - [13-07-2024 09:31]"}
{"level":"info","message":"ruta: /cc/ccncrdef/buscar/preform - ::1 - [13-07-2024 09:31]"}
{"level":"info","message":"ruta: /cc/ccncrdef/list/detalle - ::1 - [13-07-2024 09:31]"}
{"level":"info","message":"ruta: /cc/ccncrdef/valida/sucursal - ::1 - [13-07-2024 09:31]"}
{"level":"info","message":"ruta: /cc/ccncrdef/valida/cliente - ::1 - [13-07-2024 09:31]"}
{"level":"info","message":"ruta: /cc/ccncrdef/buscar/nroCompr - ::1 - [13-07-2024 09:31]"}
{"level":"info","message":"ruta: /cc/ccncrdef/valida/nroCompr - ::1 - [13-07-2024 09:31]"}
{"level":"info","message":"ruta: /cc/ccncrdef/valida/condVenta - ::1 - [13-07-2024 09:31]"}
{"level":"info","message":"ruta: /cc/ccncrdef/valida/motivoNcr - ::1 - [13-07-2024 09:31]"}
{"level":"info","message":"ruta: /cc/ccncrdef/valida/listPrecio - ::1 - [13-07-2024 09:31]"}
{"level":"info","message":"ruta: /cc/ccncrdef/valida/vendedor - ::1 - [13-07-2024 09:31]"}
{"level":"info","message":"ruta: /cc/ccncrdef/valida/moneda - ::1 - [13-07-2024 09:31]"}
{"level":"info","message":"ruta: /cc/ccncrdef/valida/articulo - ::1 - [13-07-2024 09:31]"}
{"level":"info","message":"ruta: /cc/ccncrdef/valida/um - ::1 - [13-07-2024 09:31]"}
{"level":"info","message":"ruta: /cc/ccncrdef/buscar/preform - ::1 - [13-07-2024 09:31]"}
{"level":"info","message":"ruta: /cc/ccncrdef/list/detalle - ::1 - [13-07-2024 09:31]"}
{"level":"info","message":"ruta: /cc/ccncrdef/valida/sucursal - ::1 - [13-07-2024 09:32]"}
{"level":"info","message":"ruta: /cc/ccncrdef/valida/cliente - ::1 - [13-07-2024 09:32]"}
{"level":"info","message":"ruta: /cc/ccncrdef/buscar/nroCompr - ::1 - [13-07-2024 09:32]"}
{"level":"info","message":"ruta: /cc/ccncrdef/valida/nroCompr - ::1 - [13-07-2024 09:32]"}
{"level":"info","message":"ruta: /cc/ccncrdef/valida/condVenta - ::1 - [13-07-2024 09:32]"}
{"level":"info","message":"ruta: /cc/ccncrdef/valida/motivoNcr - ::1 - [13-07-2024 09:32]"}
{"level":"info","message":"ruta: /cc/ccncrdef/valida/listPrecio - ::1 - [13-07-2024 09:32]"}
{"level":"info","message":"ruta: /cc/ccncrdef/valida/vendedor - ::1 - [13-07-2024 09:32]"}
{"level":"info","message":"ruta: /cc/ccncrdef/valida/moneda - ::1 - [13-07-2024 09:32]"}
{"level":"info","message":"ruta: /cc/ccncrdef/valida/articulo - ::1 - [13-07-2024 09:32]"}
{"level":"info","message":"ruta: /cc/ccncrdef/valida/um - ::1 - [13-07-2024 09:33]"}
{"level":"info","message":"ruta: /cc/ccncrdef/buscar/preform - ::1 - [13-07-2024 09:34]"}
{"level":"info","message":"ruta: /cc/ccncrdef/list/detalle - ::1 - [13-07-2024 09:34]"}
{"level":"info","message":"ruta: /cc/ccncrdef/buscar/preform - ::1 - [13-07-2024 09:34]"}
{"level":"info","message":"ruta: /cc/ccncrdef/list/detalle - ::1 - [13-07-2024 09:34]"}
{"level":"info","message":"ruta: /vt/vtlispre/listDet - ::1 - [13-07-2024 09:34]"}
{"level":"info","message":"ruta: /vt/vtlispre/listDet - ::1 - [13-07-2024 09:34]"}
{"level":"info","message":"ruta: /vt/vtlispre/listCab - ::1 - [13-07-2024 09:34]"}
{"level":"info","message":"ruta: /vt/vtlispre/postqueryCab - ::1 - [13-07-2024 09:34]"}
{"level":"info","message":"ruta: /vt/vtlispre/listDet - ::1 - [13-07-2024 09:34]"}
{"level":"info","message":"ruta: /cc/ccncrdef/valida/sucursal - ::1 - [13-07-2024 09:34]"}
{"level":"info","message":"ruta: /cc/ccncrdef/valida/cliente - ::1 - [13-07-2024 09:34]"}
{"level":"info","message":"ruta: /cc/ccncrdef/valida/cliente - ::1 - [13-07-2024 09:34]"}
{"level":"info","message":"ruta: /cc/ccncrdef/valida/cliente - ::1 - [13-07-2024 09:34]"}
{"level":"info","message":"ruta: /cc/ccncrdef/buscar/nroCompr - ::1 - [13-07-2024 09:34]"}
{"level":"info","message":"ruta: /cc/ccncrdef/valida/nroCompr - ::1 - [13-07-2024 09:34]"}
{"level":"info","message":"ruta: /cc/ccncrdef/valida/condVenta - ::1 - [13-07-2024 09:34]"}
{"level":"info","message":"ruta: /cc/ccncrdef/valida/motivoNcr - ::1 - [13-07-2024 09:34]"}
{"level":"info","message":"ruta: /cc/ccncrdef/valida/listPrecio - ::1 - [13-07-2024 09:34]"}
{"level":"info","message":"ruta: /cc/ccncrdef/valida/vendedor - ::1 - [13-07-2024 09:34]"}
{"level":"info","message":"ruta: /cc/ccncrdef/valida/moneda - ::1 - [13-07-2024 09:34]"}
{"level":"info","message":"ruta: /cc/ccncrdef/valida/articulo - ::1 - [13-07-2024 09:34]"}
{"level":"info","message":"ruta: /cc/ccncrdef/valida/articulo - ::1 - [13-07-2024 09:34]"}
{"level":"info","message":"ruta: /cc/ccncrdef/valida/um - ::1 - [13-07-2024 09:34]"}
{"level":"info","message":"ruta: /cc/ccncrdef/buscar/preform - ::1 - [13-07-2024 09:34]"}
{"level":"info","message":"ruta: /cc/ccncrdef/list/detalle - ::1 - [13-07-2024 09:34]"}
{"level":"info","message":"ruta: /cc/ccncrdef/buscar/preform - ::1 - [13-07-2024 09:38]"}
{"level":"info","message":"ruta: /cc/ccncrdef/list/detalle - ::1 - [13-07-2024 09:38]"}
{"level":"info","message":"ruta: /cc/ccncrdef/buscar/preform - ::1 - [13-07-2024 09:38]"}
{"level":"info","message":"ruta: /cc/ccncrdef/list/detalle - ::1 - [13-07-2024 09:38]"}
{"level":"info","message":"ruta: /cc/ccncrdef/buscar/preform - ::1 - [13-07-2024 09:38]"}
{"level":"info","message":"ruta: /cc/ccncrdef/list/detalle - ::1 - [13-07-2024 09:38]"}
{"level":"info","message":"ruta: /cc/ccncrdef/buscar/preform - ::1 - [13-07-2024 09:38]"}
{"level":"info","message":"ruta: /cc/ccncrdef/list/detalle - ::1 - [13-07-2024 09:38]"}
{"level":"info","message":"ruta: /cc/ccncrdef/buscar/preform - ::1 - [13-07-2024 09:39]"}
{"level":"info","message":"ruta: /cc/ccncrdef/list/detalle - ::1 - [13-07-2024 09:39]"}
{"level":"info","message":"ruta: /cc/ccncrdef/buscar/preform - ::1 - [13-07-2024 09:39]"}
{"level":"info","message":"ruta: /cc/ccncrdef/list/detalle - ::1 - [13-07-2024 09:39]"}
{"level":"info","message":"ruta: /cc/ccncrdef/buscar/preform - ::1 - [13-07-2024 09:39]"}
{"level":"info","message":"ruta: /cc/ccncrdef/list/detalle - ::1 - [13-07-2024 09:39]"}
{"level":"info","message":"ruta: /cc/ccncrdef/buscar/preform - ::1 - [13-07-2024 09:39]"}
{"level":"info","message":"ruta: /cc/ccncrdef/list/detalle - ::1 - [13-07-2024 09:39]"}
{"level":"info","message":"ruta: /cc/ccncrdef/valida/sucursal - ::1 - [13-07-2024 09:39]"}
{"level":"info","message":"ruta: /cc/ccncrdef/buscar/cliente - ::1 - [13-07-2024 09:39]"}
{"level":"info","message":"ruta: /cc/ccncrdef/buscar/preform - ::1 - [13-07-2024 09:42]"}
{"level":"info","message":"ruta: /cc/ccncrdef/list/detalle - ::1 - [13-07-2024 09:42]"}
{"level":"info","message":"ruta: /cc/ccncrdef/buscar/preform - ::1 - [13-07-2024 09:42]"}
{"level":"info","message":"ruta: /cc/ccncrdef/list/detalle - ::1 - [13-07-2024 09:42]"}
{"level":"info","message":"ruta: /cc/ccncrdef/buscar/preform - ::1 - [13-07-2024 09:42]"}
{"level":"info","message":"ruta: /cc/ccncrdef/list/detalle - ::1 - [13-07-2024 09:42]"}
{"level":"info","message":"ruta: /cc/ccncrdef/buscar/preform - ::1 - [13-07-2024 09:51]"}
{"level":"info","message":"ruta: /cc/ccncrdef/list/detalle - ::1 - [13-07-2024 09:51]"}
{"level":"info","message":"ruta: /cc/ccncrdef/buscar/preform - ::1 - [13-07-2024 09:58]"}
{"level":"info","message":"ruta: /cc/ccncrdef/list/detalle - ::1 - [13-07-2024 09:58]"}
{"level":"info","message":"ruta: /cc/ccncrdef/valida/sucursal - ::1 - [13-07-2024 09:58]"}
{"level":"info","message":"ruta: /cc/ccncrdef/valida/cliente - ::1 - [13-07-2024 09:58]"}
{"level":"info","message":"ruta: /cc/ccncrdef/valida/cliente - ::1 - [13-07-2024 09:58]"}
{"level":"info","message":"ruta: /cc/ccncrdef/valida/nroCompr - ::1 - [13-07-2024 09:58]"}
{"level":"info","message":"ruta: /cc/ccncrdef/buscar/preform - ::1 - [13-07-2024 09:58]"}
{"level":"info","message":"ruta: /cc/ccncrdef/list/detalle - ::1 - [13-07-2024 09:58]"}
{"level":"info","message":"ruta: /cc/ccncrdef/valida/cantidad - ::1 - [13-07-2024 10:03]"}
{"level":"info","message":"ruta: /cc/ccncrdef/buscar/preform - ::1 - [13-07-2024 10:04]"}
{"level":"info","message":"ruta: /cc/ccncrdef/list/detalle - ::1 - [13-07-2024 10:04]"}
{"level":"info","message":"ruta: /cc/ccncrdef/valida/cantidad - ::1 - [13-07-2024 10:04]"}
{"level":"info","message":"ruta: /cc/ccncrdef/buscar/preform - ::1 - [13-07-2024 10:56]"}
{"level":"info","message":"ruta: /cc/ccncrdef/list/detalle - ::1 - [13-07-2024 10:56]"}
{"level":"info","message":"ruta: /cc/ccncrdef/buscar/preform - ::1 - [13-07-2024 10:56]"}
{"level":"info","message":"ruta: /cc/ccncrdef/list/detalle - ::1 - [13-07-2024 10:56]"}
{"level":"info","message":"ruta: /cc/ccncrdef/buscar/preform - ::1 - [13-07-2024 11:02]"}
{"level":"info","message":"ruta: /cc/ccncrdef/list/detalle - ::1 - [13-07-2024 11:02]"}
{"level":"info","message":"ruta: /cc/ccncrdef/valida/sucursal - ::1 - [13-07-2024 11:02]"}
{"level":"info","message":"ruta: /cc/ccncrdef/buscar/cliente - ::1 - [13-07-2024 11:02]"}
{"level":"info","message":"ruta: /cc/ccncrdef/valida/cliente - ::1 - [13-07-2024 11:02]"}
{"level":"info","message":"ruta: /cc/ccncrdef/valida/nroCompr - ::1 - [13-07-2024 11:02]"}
{"level":"info","message":"ruta: /cc/ccncrdef/valida/nroCompr - ::1 - [13-07-2024 11:02]"}
{"level":"info","message":"ruta: /cc/ccncrdef/buscar/nroCompr - ::1 - [13-07-2024 11:02]"}
{"level":"info","message":"ruta: /cc/ccncrdef/valida/nroCompr - ::1 - [13-07-2024 11:02]"}
{"level":"info","message":"ruta: /cc/ccncrdef/valida/condVenta - ::1 - [13-07-2024 11:02]"}
{"level":"info","message":"ruta: /cc/ccncrdef/valida/motivoNcr - ::1 - [13-07-2024 11:02]"}
{"level":"info","message":"ruta: /cc/ccncrdef/valida/listPrecio - ::1 - [13-07-2024 11:02]"}
{"level":"info","message":"ruta: /cc/ccncrdef/valida/vendedor - ::1 - [13-07-2024 11:03]"}
{"level":"info","message":"ruta: /cc/ccncrdef/valida/moneda - ::1 - [13-07-2024 11:03]"}
{"level":"info","message":"ruta: /cc/ccncrdef/buscar/articulo - ::1 - [13-07-2024 11:03]"}
{"level":"info","message":"ruta: /cc/ccncrdef/buscar/preform - ::1 - [13-07-2024 11:04]"}
{"level":"info","message":"ruta: /cc/ccncrdef/list/detalle - ::1 - [13-07-2024 11:04]"}
{"level":"info","message":"ruta: /cc/ccncrdef/buscar/preform - ::1 - [13-07-2024 11:04]"}
{"level":"info","message":"ruta: /cc/ccncrdef/list/detalle - ::1 - [13-07-2024 11:04]"}
{"level":"info","message":"ruta: /cc/ccncrdef/buscar/preform - ::1 - [13-07-2024 11:14]"}
{"level":"info","message":"ruta: /cc/ccncrdef/list/detalle - ::1 - [13-07-2024 11:14]"}
{"level":"info","message":"ruta: /cc/ccncrdef/buscar/preform - ::1 - [13-07-2024 11:14]"}
{"level":"info","message":"ruta: /cc/ccncrdef/list/detalle - ::1 - [13-07-2024 11:14]"}
{"level":"info","message":"ruta: /cc/ccncrdef/valida/sucursal - ::1 - [13-07-2024 11:14]"}
{"level":"info","message":"ruta: /cc/ccncrdef/valida/cliente - ::1 - [13-07-2024 11:14]"}
{"level":"info","message":"ruta: /cc/ccncrdef/valida/nroCompr - ::1 - [13-07-2024 11:14]"}
{"level":"info","message":"ruta: /cc/ccncrdef/buscar/nroCompr - ::1 - [13-07-2024 11:14]"}
{"level":"info","message":"ruta: /cc/ccncrdef/valida/nroCompr - ::1 - [13-07-2024 11:14]"}
{"level":"info","message":"ruta: /cc/ccncrdef/valida/condVenta - ::1 - [13-07-2024 11:14]"}
{"level":"info","message":"ruta: /cc/ccncrdef/valida/condVenta - ::1 - [13-07-2024 11:14]"}
{"level":"info","message":"ruta: /cc/ccncrdef/valida/motivoNcr - ::1 - [13-07-2024 11:14]"}
{"level":"info","message":"ruta: /cc/ccncrdef/valida/listPrecio - ::1 - [13-07-2024 11:14]"}
{"level":"info","message":"ruta: /cc/ccncrdef/valida/listPrecio - ::1 - [13-07-2024 11:14]"}
{"level":"info","message":"ruta: /cc/ccncrdef/valida/vendedor - ::1 - [13-07-2024 11:14]"}
{"level":"info","message":"ruta: /cc/ccncrdef/valida/moneda - ::1 - [13-07-2024 11:14]"}
{"level":"info","message":"ruta: /cc/ccncrdef/buscar/articulo - ::1 - [13-07-2024 11:14]"}
{"level":"info","message":"ruta: /cc/ccncrdef/buscar/articulo - ::1 - [13-07-2024 11:14]"}
{"level":"info","message":"ruta: /cc/ccncrdef/buscar/articulo - ::1 - [13-07-2024 11:14]"}
{"level":"info","message":"ruta: /cc/ccncrdef/buscar/preform - ::1 - [13-07-2024 11:15]"}
{"level":"info","message":"ruta: /cc/ccncrdef/list/detalle - ::1 - [13-07-2024 11:15]"}
{"level":"info","message":"ruta: /cc/ccncrdef/buscar/preform - ::1 - [13-07-2024 11:15]"}
{"level":"info","message":"ruta: /cc/ccncrdef/list/detalle - ::1 - [13-07-2024 11:15]"}
{"level":"info","message":"ruta: /cc/ccncrdef/buscar/preform - ::1 - [13-07-2024 11:15]"}
{"level":"info","message":"ruta: /cc/ccncrdef/list/detalle - ::1 - [13-07-2024 11:15]"}
{"level":"info","message":"ruta: /cc/ccncrdef/valida/sucursal - ::1 - [13-07-2024 11:15]"}
{"level":"info","message":"ruta: /cc/ccncrdef/valida/cliente - ::1 - [13-07-2024 11:15]"}
{"level":"info","message":"ruta: /cc/ccncrdef/valida/nroCompr - ::1 - [13-07-2024 11:15]"}
{"level":"info","message":"ruta: /cc/ccncrdef/buscar/nroCompr - ::1 - [13-07-2024 11:15]"}
{"level":"info","message":"ruta: /cc/ccncrdef/valida/nroCompr - ::1 - [13-07-2024 11:15]"}
{"level":"info","message":"ruta: /cc/ccncrdef/valida/condVenta - ::1 - [13-07-2024 11:15]"}
{"level":"info","message":"ruta: /cc/ccncrdef/valida/motivoNcr - ::1 - [13-07-2024 11:15]"}
{"level":"info","message":"ruta: /cc/ccncrdef/valida/listPrecio - ::1 - [13-07-2024 11:15]"}
{"level":"info","message":"ruta: /cc/ccncrdef/valida/vendedor - ::1 - [13-07-2024 11:15]"}
{"level":"info","message":"ruta: /cc/ccncrdef/valida/moneda - ::1 - [13-07-2024 11:15]"}
{"level":"info","message":"ruta: /cc/ccncrdef/buscar/articulo - ::1 - [13-07-2024 11:15]"}
{"level":"info","message":"ruta: /cc/ccncrdef/valida/um - ::1 - [13-07-2024 11:15]"}
{"level":"info","message":"ruta: /cc/ccncrdef/valida/cantidad - ::1 - [13-07-2024 11:15]"}
{"level":"info","message":"ruta: /cc/ccncrdef/buscar/um - ::1 - [13-07-2024 11:16]"}
{"level":"info","message":"ruta: /cc/ccncrdef/buscar/articulo - ::1 - [13-07-2024 11:16]"}
