{"level":"info","message":"ruta: /vt/vtclient/preform - ::1 - [11-07-2024 18:44]"}
{"level":"info","message":"ruta: /vt/vtclient/listDet - ::1 - [11-07-2024 18:44]"}
{"level":"info","message":"ruta: /vt/vtlispre/listDet - ::1 - [11-07-2024 18:44]"}
{"level":"info","message":"ruta: /vt/vtpedido/pre_form - ::1 - [11-07-2024 18:44]"}
{"level":"info","message":"ruta: /vt/vtpedido/list/post_query - ::1 - [11-07-2024 18:44]"}
{"level":"info","message":"ruta: /vt/vtpedido/list/detalle - ::1 - [11-07-2024 18:44]"}
{"level":"info","message":"ruta: /vt/vtpresar/listar/detalle - ::1 - [11-07-2024 18:44]"}
{"level":"info","message":"ruta: /vt/vtpresar/listar/cabecera - ::1 - [11-07-2024 18:53]"}
{"level":"info","message":"ruta: /vt/vtpresar/listar/detalle - ::1 - [11-07-2024 18:53]"}
{"level":"info","message":"ruta: /vt/vtpresar/valida/unidadm - ::1 - [11-07-2024 18:53]"}
{"level":"info","message":"ruta: /vt/vtpresar/valida/unidadm - ::1 - [11-07-2024 18:53]"}
{"level":"info","message":"ruta: /vt/vtpresar/valida/unidadm - ::1 - [11-07-2024 18:53]"}
{"level":"info","message":"ruta: /vt/vtpresar/valida/unidadm - ::1 - [11-07-2024 18:54]"}
{"level":"info","message":"ruta: /vt/vtpresar/listar/detalle - ::1 - [11-07-2024 18:54]"}
{"level":"info","message":"ruta: /vt/vtpresar/valida/articulo - ::1 - [11-07-2024 18:55]"}
{"level":"info","message":"ruta: /vt/vtpresar/valida/unidadm - ::1 - [11-07-2024 18:55]"}
{"level":"info","message":"ruta: /vt/vtpresar/valida/unidadm - ::1 - [11-07-2024 18:55]"}
{"level":"info","message":"ruta: /vt/vtpresar/valida/calculoAct - ::1 - [11-07-2024 18:55]"}
{"level":"info","message":"ruta: /vt/vtpresar/listar/detalle - ::1 - [11-07-2024 18:56]"}
{"level":"info","message":"ruta: /vt/vtpresar/listar/detalle - ::1 - [11-07-2024 18:57]"}
{"level":"info","message":"ruta: /vt/vtpresar/listar/cabecera - ::1 - [11-07-2024 18:58]"}
{"level":"info","message":"ruta: /vt/vtpresar/listar/detalle - ::1 - [11-07-2024 18:58]"}
{"level":"info","message":"ruta: /vt/vtpresar - ::1 - [11-07-2024 18:58]"}
{"level":"info","message":"ruta: /vt/vtpresar/listar/detalle - ::1 - [11-07-2024 18:58]"}
{"level":"info","message":"ruta: /vt/vtpresar/valida/vendedor - ::1 - [11-07-2024 18:58]"}
{"level":"info","message":"ruta: /vt/vtpresar/valida/cod_vent - ::1 - [11-07-2024 18:58]"}
{"level":"info","message":"ruta: /vt/vtpresar/valida/cod_vent - ::1 - [11-07-2024 18:58]"}
{"level":"info","message":"ruta: /vt/vtpresar/valida/cod_clien - ::1 - [11-07-2024 18:58]"}
{"level":"info","message":"ruta: /vt/vtpresar/valida/cod_subclien - ::1 - [11-07-2024 18:58]"}
{"level":"info","message":"ruta: /vt/vtpresar/valida/listPrecio - ::1 - [11-07-2024 18:58]"}
{"level":"info","message":"ruta: /vt/vtpresar/valida/articulo - ::1 - [11-07-2024 18:58]"}
{"level":"info","message":"ruta: /vt/vtpresar/valida/unidadm - ::1 - [11-07-2024 18:58]"}
{"level":"info","message":"ruta: /vt/vtpresar/valida/calculoAct - ::1 - [11-07-2024 18:58]"}
{"level":"info","message":"ruta: /vt/vtpresar/cab/1/A/PRE - ::1 - [11-07-2024 18:58]"}
{"level":"info","message":"ruta: /vt/vtpresar - ::1 - [11-07-2024 18:58]"}
{"level":"info","message":"ruta: /vt/vtpresar/listar/detalle - ::1 - [11-07-2024 18:58]"}
{"level":"info","message":"ruta: /vt/vtpresar/listar/cabecera - ::1 - [11-07-2024 18:58]"}
{"level":"info","message":"ruta: /vt/vtpresar/listar/detalle - ::1 - [11-07-2024 18:58]"}
{"level":"info","message":"ruta: /vt/vtpresar/listar/cabecera - ::1 - [11-07-2024 18:58]"}
{"level":"info","message":"ruta: /vt/vtpresar/listar/detalle - ::1 - [11-07-2024 18:58]"}
{"level":"info","message":"ruta: /vt/vtpresar - ::1 - [11-07-2024 18:58]"}
{"level":"info","message":"ruta: /vt/vtpresar/listar/detalle - ::1 - [11-07-2024 18:58]"}
{"level":"info","message":"ruta: /vt/vtpresar/listar/cabecera - ::1 - [11-07-2024 18:58]"}
{"level":"info","message":"ruta: /vt/vtpresar/listar/detalle - ::1 - [11-07-2024 18:58]"}
{"level":"info","message":"ruta: /vt/vtpresar/listar/detalle - ::1 - [11-07-2024 18:59]"}
{"level":"info","message":"ruta: /vt/vtpresar/valida/vendedor - ::1 - [11-07-2024 18:59]"}
{"level":"info","message":"ruta: /vt/vtpresar/valida/cod_vent - ::1 - [11-07-2024 18:59]"}
{"level":"info","message":"ruta: /vt/vtpresar/valida/cod_vent - ::1 - [11-07-2024 18:59]"}
{"level":"info","message":"ruta: /vt/vtpresar/valida/cod_clien - ::1 - [11-07-2024 18:59]"}
{"level":"info","message":"ruta: /vt/vtpresar/valida/cod_subclien - ::1 - [11-07-2024 18:59]"}
{"level":"info","message":"ruta: /vt/vtpresar/valida/listPrecio - ::1 - [11-07-2024 18:59]"}
{"level":"info","message":"ruta: /vt/vtpresar/valida/articulo - ::1 - [11-07-2024 18:59]"}
{"level":"info","message":"ruta: /vt/vtpresar/valida/unidadm - ::1 - [11-07-2024 18:59]"}
{"level":"info","message":"ruta: /vt/vtpresar/valida/calculoAct - ::1 - [11-07-2024 18:59]"}
{"level":"info","message":"ruta: /vt/vtpresar/cab/1/A/PRE - ::1 - [11-07-2024 18:59]"}
{"level":"info","message":"ruta: /vt/vtpresar/det/1/A/PRE/8 - ::1 - [11-07-2024 18:59]"}
{"level":"info","message":"ruta: /vt/vtpresar - ::1 - [11-07-2024 18:59]"}
{"level":"info","message":"ruta: /vt/vtpresar/listar/detalle - ::1 - [11-07-2024 18:59]"}
{"level":"info","message":"ruta: /vt/vtpresar/valida/calculoAct - ::1 - [11-07-2024 18:59]"}
{"level":"info","message":"ruta: /vt/vtpresar - ::1 - [11-07-2024 18:59]"}
{"level":"info","message":"ruta: /vt/vtpresar/listar/detalle - ::1 - [11-07-2024 18:59]"}
{"level":"info","message":"ruta: /vt/vtpresar/listar/cabecera - ::1 - [11-07-2024 18:59]"}
{"level":"info","message":"ruta: /vt/vtpresar/listar/detalle - ::1 - [11-07-2024 18:59]"}
{"level":"info","message":"ruta: /vt/vtpresar/valida/calculoAct - ::1 - [11-07-2024 18:59]"}
{"level":"info","message":"ruta: /vt/vtpresar - ::1 - [11-07-2024 18:59]"}
{"level":"info","message":"ruta: /vt/vtpresar/listar/detalle - ::1 - [11-07-2024 18:59]"}
{"level":"info","message":"ruta: /vt/vtpresar - ::1 - [11-07-2024 19:00]"}
{"level":"info","message":"ruta: /vt/vtpresar/listar/detalle - ::1 - [11-07-2024 19:00]"}
{"level":"info","message":"ruta: /vt/vtpresar/valida/vendedor - ::1 - [11-07-2024 19:00]"}
{"level":"info","message":"ruta: /vt/vtpresar/valida/vendedor - ::1 - [11-07-2024 19:00]"}
{"level":"info","message":"ruta: /vt/vtpresar/valida/cod_vent - ::1 - [11-07-2024 19:00]"}
{"level":"info","message":"ruta: /vt/vtpresar/valida/cod_vent - ::1 - [11-07-2024 19:00]"}
{"level":"info","message":"ruta: /vt/vtpresar/valida/cod_clien - ::1 - [11-07-2024 19:00]"}
{"level":"info","message":"ruta: /vt/vtpresar/valida/cod_clien - ::1 - [11-07-2024 19:00]"}
{"level":"info","message":"ruta: /vt/vtpresar/valida/cod_subclien - ::1 - [11-07-2024 19:00]"}
{"level":"info","message":"ruta: /vt/vtpresar/valida/listPrecio - ::1 - [11-07-2024 19:00]"}
{"level":"info","message":"ruta: /vt/vtpresar/valida/articulo - ::1 - [11-07-2024 19:01]"}
{"level":"info","message":"ruta: /vt/vtpresar/valida/articulo - ::1 - [11-07-2024 19:01]"}
{"level":"info","message":"ruta: /vt/vtpresar/valida/unidadm - ::1 - [11-07-2024 19:01]"}
{"level":"info","message":"ruta: /vt/vtpresar/valida/calculoAct - ::1 - [11-07-2024 19:01]"}
{"level":"info","message":"ruta: /vt/vtpresar/valida/articulo - ::1 - [11-07-2024 19:01]"}
{"level":"info","message":"ruta: /vt/vtpresar/valida/unidadm - ::1 - [11-07-2024 19:03]"}
{"level":"info","message":"ruta: /vt/vtpresar/valida/calculoAct - ::1 - [11-07-2024 19:03]"}
{"level":"info","message":"ruta: /vt/vtpresar/listar/detalle - ::1 - [11-07-2024 19:06]"}
{"level":"info","message":"ruta: /vt/vtpresar/listar/detalle - ::1 - [11-07-2024 19:06]"}
{"level":"info","message":"ruta: /vt/vtpresar/valida/vendedor - ::1 - [11-07-2024 19:06]"}
{"level":"info","message":"ruta: /vt/vtpresar/valida/vendedor - ::1 - [11-07-2024 19:06]"}
{"level":"info","message":"ruta: /vt/vtpresar/valida/cod_vent - ::1 - [11-07-2024 19:06]"}
{"level":"info","message":"ruta: /vt/vtpresar/valida/cod_clien - ::1 - [11-07-2024 19:06]"}
{"level":"info","message":"ruta: /vt/vtpresar/valida/cod_subclien - ::1 - [11-07-2024 19:06]"}
{"level":"info","message":"ruta: /vt/vtpresar/valida/listPrecio - ::1 - [11-07-2024 19:06]"}
{"level":"info","message":"ruta: /vt/vtpresar/valida/articulo - ::1 - [11-07-2024 19:06]"}
{"level":"info","message":"ruta: /vt/vtpresar/valida/unidadm - ::1 - [11-07-2024 19:06]"}
{"level":"info","message":"ruta: /vt/vtpresar/valida/calculoAct - ::1 - [11-07-2024 19:06]"}
{"level":"info","message":"ruta: /vt/vtpresar/valida/calculoAct - ::1 - [11-07-2024 19:07]"}
{"level":"info","message":"ruta: /vt/vtpresar/valida/calculoAct - ::1 - [11-07-2024 19:07]"}
{"level":"info","message":"ruta: /vt/vtpresar/listar/detalle - ::1 - [11-07-2024 19:07]"}
{"level":"info","message":"ruta: /vt/vtpresar/listar/detalle - ::1 - [11-07-2024 19:08]"}
{"level":"info","message":"ruta: /vt/vtpresar/valida/vendedor - ::1 - [11-07-2024 19:08]"}
{"level":"info","message":"ruta: /vt/vtpresar/valida/cod_vent - ::1 - [11-07-2024 19:08]"}
{"level":"info","message":"ruta: /vt/vtpresar/valida/cod_clien - ::1 - [11-07-2024 19:08]"}
{"level":"info","message":"ruta: /vt/vtpresar/valida/cod_subclien - ::1 - [11-07-2024 19:08]"}
{"level":"info","message":"ruta: /vt/vtpresar/valida/listPrecio - ::1 - [11-07-2024 19:08]"}
{"level":"info","message":"ruta: /vt/vtpresar/valida/articulo - ::1 - [11-07-2024 19:08]"}
{"level":"info","message":"ruta: /vt/vtpresar/valida/unidadm - ::1 - [11-07-2024 19:08]"}
{"level":"info","message":"ruta: /vt/vtpresar/valida/calculoAct - ::1 - [11-07-2024 19:08]"}
{"level":"info","message":"ruta: /vt/vtpresar/valida/calculoAct - ::1 - [11-07-2024 19:08]"}
{"level":"info","message":"ruta: /vt/vtpresar/listar/detalle - ::1 - [11-07-2024 19:10]"}
{"level":"info","message":"ruta: /vt/vtpresar/listar/detalle - ::1 - [11-07-2024 19:10]"}
{"level":"info","message":"ruta: /vt/vtpresar/listar/detalle - ::1 - [11-07-2024 19:11]"}
{"level":"info","message":"ruta: /vt/vtpresar/valida/vendedor - ::1 - [11-07-2024 19:11]"}
{"level":"info","message":"ruta: /vt/vtpresar/valida/vendedor - ::1 - [11-07-2024 19:11]"}
{"level":"info","message":"ruta: /vt/vtpresar/valida/cod_vent - ::1 - [11-07-2024 19:11]"}
{"level":"info","message":"ruta: /vt/vtpresar/valida/cod_clien - ::1 - [11-07-2024 19:11]"}
{"level":"info","message":"ruta: /vt/vtpresar/valida/cod_clien - ::1 - [11-07-2024 19:11]"}
{"level":"info","message":"ruta: /vt/vtpresar/valida/cod_subclien - ::1 - [11-07-2024 19:11]"}
{"level":"info","message":"ruta: /vt/vtpresar/valida/listPrecio - ::1 - [11-07-2024 19:11]"}
{"level":"info","message":"ruta: /vt/vtpresar/valida/articulo - ::1 - [11-07-2024 19:11]"}
{"level":"info","message":"ruta: /vt/vtpresar/valida/unidadm - ::1 - [11-07-2024 19:11]"}
{"level":"info","message":"ruta: /vt/vtpresar/valida/calculoAct - ::1 - [11-07-2024 19:11]"}
{"level":"info","message":"ruta: /vt/vtpresar/valida/calculoAct - ::1 - [11-07-2024 19:11]"}
{"level":"info","message":"ruta: /vt/vtpresar/listar/detalle - ::1 - [11-07-2024 19:11]"}
{"level":"info","message":"ruta: /vt/vtpresar/listar/detalle - ::1 - [11-07-2024 19:11]"}
{"level":"info","message":"ruta: /vt/vtpresar/listar/detalle - ::1 - [11-07-2024 19:12]"}
{"level":"info","message":"ruta: /vt/vtpresar/valida/calculoAct - ::1 - [11-07-2024 19:12]"}
{"level":"info","message":"ruta: /vt/vtpresar/valida/calculoAct - ::1 - [11-07-2024 19:12]"}
{"level":"info","message":"ruta: /vt/vtpresar/valida/calculoAct - ::1 - [11-07-2024 19:14]"}
{"level":"info","message":"ruta: /vt/vtpresar/valida/calculoAct - ::1 - [11-07-2024 19:14]"}
{"level":"info","message":"ruta: /vt/vtpresar/listar/detalle - ::1 - [11-07-2024 19:14]"}
{"level":"info","message":"ruta: /vt/vtpresar/listar/detalle - ::1 - [11-07-2024 19:14]"}
{"level":"info","message":"ruta: /vt/vtpresar/listar/detalle - ::1 - [11-07-2024 19:14]"}
{"level":"info","message":"ruta: /vt/vtpresar/valida/calculoAct - ::1 - [11-07-2024 19:15]"}
{"level":"info","message":"ruta: /vt/vtpresar/listar/detalle - ::1 - [11-07-2024 19:15]"}
{"level":"info","message":"ruta: /vt/vtpresar/valida/vendedor - ::1 - [11-07-2024 19:15]"}
{"level":"info","message":"ruta: /vt/vtpresar/valida/vendedor - ::1 - [11-07-2024 19:15]"}
{"level":"info","message":"ruta: /vt/vtpresar/valida/cod_vent - ::1 - [11-07-2024 19:15]"}
{"level":"info","message":"ruta: /vt/vtpresar/valida/cod_clien - ::1 - [11-07-2024 19:15]"}
{"level":"info","message":"ruta: /vt/vtpresar/valida/cod_subclien - ::1 - [11-07-2024 19:15]"}
{"level":"info","message":"ruta: /vt/vtpresar/valida/cod_subclien - ::1 - [11-07-2024 19:15]"}
{"level":"info","message":"ruta: /vt/vtpresar/valida/listPrecio - ::1 - [11-07-2024 19:15]"}
{"level":"info","message":"ruta: /vt/vtpresar/valida/articulo - ::1 - [11-07-2024 19:15]"}
{"level":"info","message":"ruta: /vt/vtpresar/valida/unidadm - ::1 - [11-07-2024 19:15]"}
{"level":"info","message":"ruta: /vt/vtpresar/valida/calculoAct - ::1 - [11-07-2024 19:15]"}
{"level":"info","message":"ruta: /vt/vtpresar/listar/detalle - ::1 - [11-07-2024 19:15]"}
{"level":"info","message":"ruta: /vt/vtpresar/listar/detalle - ::1 - [11-07-2024 19:15]"}
{"level":"info","message":"ruta: /vt/vtpresar/listar/detalle - ::1 - [11-07-2024 19:17]"}
{"level":"info","message":"ruta: /vt/vtpresar/listar/detalle - ::1 - [11-07-2024 19:17]"}
{"level":"info","message":"ruta: /vt/vtpresar/listar/cabecera - ::1 - [11-07-2024 19:17]"}
{"level":"info","message":"ruta: /vt/vtpresar/listar/detalle - ::1 - [11-07-2024 19:17]"}
{"level":"info","message":"ruta: /vt/vtpresar/listar/detalle - ::1 - [11-07-2024 19:17]"}
{"level":"info","message":"ruta: /vt/vtpresar/valida/vendedor - ::1 - [11-07-2024 19:17]"}
{"level":"info","message":"ruta: /vt/vtpresar/valida/vendedor - ::1 - [11-07-2024 19:17]"}
{"level":"info","message":"ruta: /vt/vtpresar/valida/cod_vent - ::1 - [11-07-2024 19:17]"}
{"level":"info","message":"ruta: /vt/vtpresar/valida/cod_clien - ::1 - [11-07-2024 19:17]"}
{"level":"info","message":"ruta: /vt/vtpresar/valida/cod_clien - ::1 - [11-07-2024 19:17]"}
{"level":"info","message":"ruta: /vt/vtpresar/valida/cod_subclien - ::1 - [11-07-2024 19:17]"}
{"level":"info","message":"ruta: /vt/vtpresar/valida/listPrecio - ::1 - [11-07-2024 19:17]"}
{"level":"info","message":"ruta: /vt/vtpresar/valida/articulo - ::1 - [11-07-2024 19:17]"}
{"level":"info","message":"ruta: /vt/vtpresar/valida/unidadm - ::1 - [11-07-2024 19:17]"}
{"level":"info","message":"ruta: /vt/vtpresar/valida/calculoAct - ::1 - [11-07-2024 19:17]"}
{"level":"info","message":"ruta: /vt/vtpresar/listar/detalle - ::1 - [11-07-2024 19:18]"}
{"level":"info","message":"ruta: /vt/vtpresar/listar/detalle - ::1 - [11-07-2024 19:18]"}
{"level":"info","message":"ruta: /vt/vtpresar/valida/vendedor - ::1 - [11-07-2024 19:18]"}
{"level":"info","message":"ruta: /vt/vtpresar/valida/vendedor - ::1 - [11-07-2024 19:18]"}
{"level":"info","message":"ruta: /vt/vtpresar/valida/vendedor - ::1 - [11-07-2024 19:18]"}
{"level":"info","message":"ruta: /vt/vtpresar/valida/vendedor - ::1 - [11-07-2024 19:18]"}
{"level":"info","message":"ruta: /vt/vtpresar/valida/cod_vent - ::1 - [11-07-2024 19:18]"}
{"level":"info","message":"ruta: /vt/vtpresar/valida/cod_clien - ::1 - [11-07-2024 19:18]"}
{"level":"info","message":"ruta: /vt/vtpresar/valida/cod_subclien - ::1 - [11-07-2024 19:18]"}
{"level":"info","message":"ruta: /vt/vtpresar/valida/listPrecio - ::1 - [11-07-2024 19:18]"}
{"level":"info","message":"ruta: /vt/vtpresar/valida/articulo - ::1 - [11-07-2024 19:18]"}
{"level":"info","message":"ruta: /vt/vtpresar/valida/unidadm - ::1 - [11-07-2024 19:18]"}
{"level":"info","message":"ruta: /vt/vtpresar/valida/calculoAct - ::1 - [11-07-2024 19:20]"}
{"level":"info","message":"ruta: /vt/vtpresar/listar/detalle - ::1 - [11-07-2024 19:20]"}
{"level":"info","message":"ruta: /vt/vtpresar/valida/vendedor - ::1 - [11-07-2024 19:20]"}
{"level":"info","message":"ruta: /vt/vtpresar/valida/cod_vent - ::1 - [11-07-2024 19:20]"}
{"level":"info","message":"ruta: /vt/vtpresar/valida/cod_clien - ::1 - [11-07-2024 19:20]"}
{"level":"info","message":"ruta: /vt/vtpresar/valida/cod_clien - ::1 - [11-07-2024 19:20]"}
{"level":"info","message":"ruta: /vt/vtpresar/valida/cod_subclien - ::1 - [11-07-2024 19:20]"}
{"level":"info","message":"ruta: /vt/vtpresar/valida/listPrecio - ::1 - [11-07-2024 19:20]"}
{"level":"info","message":"ruta: /vt/vtpresar/valida/articulo - ::1 - [11-07-2024 19:20]"}
{"level":"info","message":"ruta: /vt/vtpresar/valida/unidadm - ::1 - [11-07-2024 19:20]"}
{"level":"info","message":"ruta: /vt/vtpresar/valida/calculoAct - ::1 - [11-07-2024 19:21]"}
{"level":"info","message":"ruta: /vt/vtpresar/valida/calculoAct - ::1 - [11-07-2024 19:21]"}
{"level":"info","message":"ruta: /vt/vtpresar/listar/detalle - ::1 - [11-07-2024 19:22]"}
{"level":"info","message":"ruta: /vt/vtpresar/listar/detalle - ::1 - [11-07-2024 19:22]"}
{"level":"info","message":"ruta: /vt/vtpresar/listar/detalle - ::1 - [11-07-2024 19:22]"}
{"level":"info","message":"ruta: /vt/vtpresar/valida/vendedor - ::1 - [11-07-2024 19:22]"}
{"level":"info","message":"ruta: /vt/vtpresar/valida/vendedor - ::1 - [11-07-2024 19:22]"}
{"level":"info","message":"ruta: /vt/vtpresar/valida/vendedor - ::1 - [11-07-2024 19:22]"}
{"level":"info","message":"ruta: /vt/vtpresar/valida/vendedor - ::1 - [11-07-2024 19:22]"}
{"level":"info","message":"ruta: /vt/vtpresar/valida/cod_vent - ::1 - [11-07-2024 19:22]"}
{"level":"info","message":"ruta: /vt/vtpresar/valida/cod_clien - ::1 - [11-07-2024 19:22]"}
{"level":"info","message":"ruta: /vt/vtpresar/valida/cod_subclien - ::1 - [11-07-2024 19:22]"}
{"level":"info","message":"ruta: /vt/vtpresar/valida/listPrecio - ::1 - [11-07-2024 19:22]"}
{"level":"info","message":"ruta: /vt/vtpresar/valida/articulo - ::1 - [11-07-2024 19:22]"}
{"level":"info","message":"ruta: /vt/vtpresar/valida/calculoAct - ::1 - [11-07-2024 19:22]"}
{"level":"info","message":"ruta: /vt/vtpresar/valida/articulo - ::1 - [11-07-2024 19:23]"}
{"level":"info","message":"ruta: /vt/vtpresar/valida/unidadm - ::1 - [11-07-2024 19:23]"}
{"level":"info","message":"ruta: /vt/vtpresar/valida/calculoAct - ::1 - [11-07-2024 19:23]"}
{"level":"info","message":"ruta: /vt/vtpresar/valida/unidadm - ::1 - [11-07-2024 19:23]"}
{"level":"info","message":"ruta: /vt/vtpresar/valida/calculoAct - ::1 - [11-07-2024 19:23]"}
{"level":"info","message":"ruta: /vt/vtpresar/valida/calculoAct - ::1 - [11-07-2024 19:23]"}
{"level":"info","message":"ruta: /vt/vtpresar/valida/calculoAct - ::1 - [11-07-2024 19:23]"}
{"level":"info","message":"ruta: /vt/vtpresar/cab/1/A/PRE - ::1 - [11-07-2024 19:23]"}
{"level":"info","message":"ruta: /vt/vtpresar/det/1/A/PRE/8 - ::1 - [11-07-2024 19:23]"}
{"level":"info","message":"ruta: /vt/vtpresar - ::1 - [11-07-2024 19:23]"}
{"level":"info","message":"ruta: /vt/vtpresar/listar/detalle - ::1 - [11-07-2024 19:23]"}
{"level":"info","message":"ruta: /vt/vtpresar/listar/detalle - ::1 - [11-07-2024 19:24]"}
{"level":"info","message":"ruta: /vt/vtpresar/listar/detalle - ::1 - [11-07-2024 19:24]"}
{"level":"info","message":"ruta: /vt/vtpresar/valida/vendedor - ::1 - [11-07-2024 19:24]"}
{"level":"info","message":"ruta: /vt/vtpresar/valida/vendedor - ::1 - [11-07-2024 19:24]"}
{"level":"info","message":"ruta: /vt/vtpresar/valida/vendedor - ::1 - [11-07-2024 19:24]"}
{"level":"info","message":"ruta: /vt/vtpresar/valida/cod_vent - ::1 - [11-07-2024 19:24]"}
{"level":"info","message":"ruta: /vt/vtpresar/valida/cod_clien - ::1 - [11-07-2024 19:25]"}
{"level":"info","message":"ruta: /vt/vtpresar/valida/cod_clien - ::1 - [11-07-2024 19:25]"}
{"level":"info","message":"ruta: /vt/vtpresar/valida/cod_clien - ::1 - [11-07-2024 19:25]"}
{"level":"info","message":"ruta: /vt/vtpresar/listar/detalle - ::1 - [11-07-2024 19:25]"}
{"level":"info","message":"ruta: /vt/vtpresar/listar/detalle - ::1 - [11-07-2024 19:25]"}
{"level":"info","message":"ruta: /vt/vtpresar/valida/vendedor - ::1 - [11-07-2024 19:25]"}
{"level":"info","message":"ruta: /vt/vtpresar/valida/vendedor - ::1 - [11-07-2024 19:25]"}
{"level":"info","message":"ruta: /vt/vtpresar/valida/cod_vent - ::1 - [11-07-2024 19:25]"}
{"level":"info","message":"ruta: /vt/vtpresar/valida/cod_clien - ::1 - [11-07-2024 19:25]"}
{"level":"info","message":"ruta: /vt/vtpresar/valida/cod_clien - ::1 - [11-07-2024 19:25]"}
{"level":"info","message":"ruta: /vt/vtpresar/valida/cod_subclien - ::1 - [11-07-2024 19:25]"}
{"level":"info","message":"ruta: /vt/vtpresar/valida/listPrecio - ::1 - [11-07-2024 19:25]"}
{"level":"info","message":"ruta: /vt/vtpresar/valida/articulo - ::1 - [11-07-2024 19:25]"}
{"level":"info","message":"ruta: /vt/vtpresar/valida/unidadm - ::1 - [11-07-2024 19:25]"}
{"level":"info","message":"ruta: /vt/vtpresar/valida/calculoAct - ::1 - [11-07-2024 19:25]"}
{"level":"info","message":"ruta: /vt/vtpresar/valida/articulo - ::1 - [11-07-2024 19:25]"}
{"level":"info","message":"ruta: /vt/vtpresar/valida/articulo - ::1 - [11-07-2024 19:25]"}
{"level":"info","message":"ruta: /vt/vtpresar/valida/unidadm - ::1 - [11-07-2024 19:25]"}
{"level":"info","message":"ruta: /vt/vtpresar/valida/calculoAct - ::1 - [11-07-2024 19:25]"}
{"level":"info","message":"ruta: /vt/vtpresar/cab/1/A/PRE - ::1 - [11-07-2024 19:26]"}
{"level":"info","message":"ruta: /vt/vtpresar/det/1/A/PRE/9 - ::1 - [11-07-2024 19:26]"}
{"level":"info","message":"ruta: /vt/vtpresar - ::1 - [11-07-2024 19:26]"}
{"level":"info","message":"ruta: /vt/vtpresar/listar/detalle - ::1 - [11-07-2024 19:26]"}
{"level":"info","message":"ruta: /vt/vtpresar/listar/cabecera - ::1 - [11-07-2024 19:26]"}
{"level":"info","message":"ruta: /vt/vtpresar/listar/detalle - ::1 - [11-07-2024 19:26]"}
{"level":"info","message":"ruta: /vt/vtpresar/listar/detalle - ::1 - [11-07-2024 19:26]"}
{"level":"info","message":"ruta: /vt/vtpresar/listar/detalle - ::1 - [11-07-2024 19:27]"}
{"level":"info","message":"ruta: /vt/vtpresar/listar/cabecera - ::1 - [11-07-2024 19:28]"}
{"level":"info","message":"ruta: /vt/vtpresar/listar/detalle - ::1 - [11-07-2024 19:28]"}
{"level":"info","message":"ruta: /vt/vtpresar/listar/detalle - ::1 - [11-07-2024 19:28]"}
{"level":"info","message":"ruta: /vt/vtpresar/listar/detalle - ::1 - [11-07-2024 19:28]"}
{"level":"info","message":"ruta: /vt/vtpresar/listar/cabecera - ::1 - [11-07-2024 19:28]"}
{"level":"info","message":"ruta: /vt/vtpresar/listar/detalle - ::1 - [11-07-2024 19:28]"}
{"level":"info","message":"ruta: /vt/vtpresar/listar/detalle - ::1 - [11-07-2024 19:28]"}
{"level":"info","message":"ruta: /vt/vtpresar/listar/detalle - ::1 - [11-07-2024 19:30]"}
{"level":"info","message":"ruta: /vt/vtpresar/listar/cabecera - ::1 - [11-07-2024 19:30]"}
{"level":"info","message":"ruta: /vt/vtpresar/listar/detalle - ::1 - [11-07-2024 19:30]"}
{"level":"info","message":"ruta: /vt/vtpresar/listar/detalle - ::1 - [11-07-2024 19:30]"}
{"level":"info","message":"ruta: /vt/vtpresar - ::1 - [11-07-2024 19:30]"}
{"level":"info","message":"ruta: /vt/vtpresar/listar/detalle - ::1 - [11-07-2024 19:30]"}
{"level":"info","message":"ruta: /vt/vtpresar/listar/cabecera - ::1 - [11-07-2024 19:31]"}
{"level":"info","message":"ruta: /vt/vtpresar/listar/detalle - ::1 - [11-07-2024 19:31]"}
{"level":"info","message":"ruta: /vt/vtpresar - ::1 - [11-07-2024 19:31]"}
{"level":"info","message":"ruta: /vt/vtpresar/listar/detalle - ::1 - [11-07-2024 19:31]"}
{"level":"info","message":"ruta: /vt/vtpresar/listar/cabecera - ::1 - [11-07-2024 19:31]"}
{"level":"info","message":"ruta: /vt/vtpresar/listar/detalle - ::1 - [11-07-2024 19:31]"}
{"level":"info","message":"ruta: /vt/vtpresar/listar/detalle - ::1 - [11-07-2024 19:32]"}
{"level":"info","message":"ruta: /vt/vtpresar - ::1 - [11-07-2024 19:32]"}
{"level":"info","message":"ruta: /vt/vtpresar/listar/detalle - ::1 - [11-07-2024 19:34]"}
{"level":"info","message":"ruta: /vt/vtpresar/listar/cabecera - ::1 - [11-07-2024 19:34]"}
{"level":"info","message":"ruta: /vt/vtpresar/listar/detalle - ::1 - [11-07-2024 19:34]"}
{"level":"info","message":"ruta: /vt/vtpresar - ::1 - [11-07-2024 19:34]"}
{"level":"info","message":"ruta: /vt/vtpresar/listar/detalle - ::1 - [11-07-2024 19:34]"}
{"level":"info","message":"ruta: /vt/vtpresar/listar/cabecera - ::1 - [11-07-2024 19:34]"}
{"level":"info","message":"ruta: /vt/vtpresar/listar/detalle - ::1 - [11-07-2024 19:34]"}
{"level":"info","message":"ruta: /vt/vtpresar/listar/detalle - ::1 - [11-07-2024 19:34]"}
{"level":"info","message":"ruta: /vt/vtpresar/valida/vendedor - ::1 - [11-07-2024 19:34]"}
{"level":"info","message":"ruta: /vt/vtpresar/valida/vendedor - ::1 - [11-07-2024 19:34]"}
{"level":"info","message":"ruta: /vt/vtpresar/valida/cod_vent - ::1 - [11-07-2024 19:34]"}
{"level":"info","message":"ruta: /vt/vtpresar/valida/cod_clien - ::1 - [11-07-2024 19:34]"}
{"level":"info","message":"ruta: /vt/vtpresar/valida/cod_subclien - ::1 - [11-07-2024 19:34]"}
{"level":"info","message":"ruta: /vt/vtpresar/valida/listPrecio - ::1 - [11-07-2024 19:34]"}
{"level":"info","message":"ruta: /vt/vtpresar/valida/articulo - ::1 - [11-07-2024 19:34]"}
{"level":"info","message":"ruta: /vt/vtpresar/valida/calculoAct - ::1 - [11-07-2024 19:34]"}
{"level":"info","message":"ruta: /vt/vtpresar/valida/articulo - ::1 - [11-07-2024 19:34]"}
{"level":"info","message":"ruta: /vt/vtpresar/valida/unidadm - ::1 - [11-07-2024 19:34]"}
{"level":"info","message":"ruta: /vt/vtpresar/valida/calculoAct - ::1 - [11-07-2024 19:34]"}
{"level":"info","message":"ruta: /vt/vtpresar/cab/1/A/PRE - ::1 - [11-07-2024 19:34]"}
{"level":"info","message":"ruta: /vt/vtpresar/det/1/A/PRE/6 - ::1 - [11-07-2024 19:34]"}
{"level":"info","message":"ruta: /vt/vtpresar - ::1 - [11-07-2024 19:34]"}
{"level":"info","message":"ruta: /vt/vtpresar/listar/detalle - ::1 - [11-07-2024 19:34]"}
{"level":"info","message":"ruta: /vt/vtpresar/listar/detalle - ::1 - [11-07-2024 19:35]"}
{"level":"info","message":"ruta: /vt/vtpresar/valida/vendedor - ::1 - [11-07-2024 19:35]"}
{"level":"info","message":"ruta: /vt/vtpresar/valida/vendedor - ::1 - [11-07-2024 19:35]"}
{"level":"info","message":"ruta: /vt/vtpresar/valida/cod_vent - ::1 - [11-07-2024 19:35]"}
{"level":"info","message":"ruta: /vt/vtpresar/valida/cod_clien - ::1 - [11-07-2024 19:35]"}
{"level":"info","message":"ruta: /vt/vtpresar/valida/cod_subclien - ::1 - [11-07-2024 19:35]"}
{"level":"info","message":"ruta: /vt/vtpresar/valida/cod_subclien - ::1 - [11-07-2024 19:35]"}
{"level":"info","message":"ruta: /vt/vtpresar/valida/listPrecio - ::1 - [11-07-2024 19:35]"}
{"level":"info","message":"ruta: /vt/vtpresar/valida/articulo - ::1 - [11-07-2024 19:35]"}
{"level":"info","message":"ruta: /vt/vtpresar/valida/articulo - ::1 - [11-07-2024 19:36]"}
{"level":"info","message":"ruta: /vt/vtpresar/valida/articulo - ::1 - [11-07-2024 19:36]"}
{"level":"info","message":"ruta: /vt/vtpresar/valida/articulo - ::1 - [11-07-2024 19:36]"}
{"level":"info","message":"ruta: /vt/vtpresar/valida/articulo - ::1 - [11-07-2024 19:36]"}
{"level":"info","message":"ruta: /vt/vtpresar/valida/articulo - ::1 - [11-07-2024 19:36]"}
{"level":"info","message":"ruta: /vt/vtpresar/valida/unidadm - ::1 - [11-07-2024 19:36]"}
{"level":"info","message":"ruta: /vt/vtpresar/valida/calculoAct - ::1 - [11-07-2024 19:36]"}
{"level":"info","message":"ruta: /vt/vtpresar/valida/calculoAct - ::1 - [11-07-2024 19:36]"}
{"level":"info","message":"ruta: /vt/vtpresar/cab/1/A/PRE - ::1 - [11-07-2024 19:36]"}
{"level":"info","message":"ruta: /vt/vtpresar/det/1/A/PRE/7 - ::1 - [11-07-2024 19:36]"}
{"level":"info","message":"ruta: /vt/vtpresar - ::1 - [11-07-2024 19:36]"}
{"level":"info","message":"ruta: /vt/vtpresar/listar/detalle - ::1 - [11-07-2024 19:36]"}
{"level":"info","message":"ruta: /cc/ccncrdef/buscar/preform - ::1 - [11-07-2024 19:38]"}
{"level":"info","message":"ruta: /cc/ccncrdef/list/detalle - ::1 - [11-07-2024 19:38]"}
{"level":"info","message":"ruta: /cc/ccncrdef/valida/sucursal - ::1 - [11-07-2024 19:38]"}
{"level":"info","message":"ruta: /cc/ccncrdef/buscar/preform - ::1 - [11-07-2024 19:39]"}
{"level":"info","message":"ruta: /cc/ccncrdef/list/detalle - ::1 - [11-07-2024 19:39]"}
{"level":"info","message":"ruta: /cc/ccncrdef/valida/sucursal - ::1 - [11-07-2024 19:39]"}
{"level":"info","message":"ruta: /cc/ccncrdef/valida/cliente - ::1 - [11-07-2024 19:39]"}
{"level":"info","message":"ruta: /cc/ccncrdef/valida/cliente - ::1 - [11-07-2024 19:40]"}
{"level":"info","message":"ruta: /cc/ccncrdef/valida/nroCompr - ::1 - [11-07-2024 19:40]"}
{"level":"info","message":"ruta: /cc/ccncrdef/valida/nroCompr - ::1 - [11-07-2024 19:40]"}
{"level":"info","message":"ruta: /cc/ccncrdef/buscar/nroCompr - ::1 - [11-07-2024 19:40]"}
{"level":"info","message":"ruta: /cc/ccncrdef/valida/nroCompr - ::1 - [11-07-2024 19:40]"}
{"level":"info","message":"ruta: /cc/ccncrdef/valida/condVenta - ::1 - [11-07-2024 19:40]"}
{"level":"info","message":"ruta: /cc/ccncrdef/valida/motivoNcr - ::1 - [11-07-2024 19:40]"}
{"level":"info","message":"ruta: /cc/ccncrdef/valida/listPrecio - ::1 - [11-07-2024 19:40]"}
{"level":"info","message":"ruta: /cc/ccncrdef/valida/listPrecio - ::1 - [11-07-2024 19:40]"}
{"level":"info","message":"ruta: /cc/ccncrdef/valida/vendedor - ::1 - [11-07-2024 19:40]"}
{"level":"info","message":"ruta: /cc/ccncrdef/valida/moneda - ::1 - [11-07-2024 19:40]"}
{"level":"info","message":"ruta: /cc/ccncrdef/buscar/preform - ::1 - [11-07-2024 19:42]"}
{"level":"info","message":"ruta: /cc/ccncrdef/list/detalle - ::1 - [11-07-2024 19:42]"}
{"level":"info","message":"ruta: /cc/ccncrdef/buscar/preform - ::1 - [11-07-2024 19:42]"}
{"level":"info","message":"ruta: /cc/ccncrdef/list/detalle - ::1 - [11-07-2024 19:42]"}
{"level":"info","message":"ruta: /cc/ccncrdef/buscar/preform - ::1 - [11-07-2024 19:42]"}
{"level":"info","message":"ruta: /cc/ccncrdef/list/detalle - ::1 - [11-07-2024 19:42]"}
{"level":"info","message":"ruta: /cc/ccncrdef/buscar/preform - ::1 - [11-07-2024 19:42]"}
{"level":"info","message":"ruta: /cc/ccncrdef/list/detalle - ::1 - [11-07-2024 19:42]"}
{"level":"info","message":"ruta: /cc/ccncrdef/buscar/preform - ::1 - [11-07-2024 19:45]"}
{"level":"info","message":"ruta: /cc/ccncrdef/list/detalle - ::1 - [11-07-2024 19:45]"}
{"level":"info","message":"ruta: /cc/ccncrdef/buscar/preform - ::1 - [11-07-2024 19:47]"}
{"level":"info","message":"ruta: /cc/ccncrdef/list/detalle - ::1 - [11-07-2024 19:47]"}
{"level":"info","message":"ruta: /cc/ccncrdef/buscar/preform - ::1 - [11-07-2024 19:47]"}
{"level":"info","message":"ruta: /cc/ccncrdef/list/detalle - ::1 - [11-07-2024 19:47]"}
{"level":"info","message":"ruta: /cc/ccncrdef/buscar/preform - ::1 - [11-07-2024 19:50]"}
{"level":"info","message":"ruta: /cc/ccncrdef/list/detalle - ::1 - [11-07-2024 19:50]"}
{"level":"info","message":"ruta: /cc/ccncrdef/valida/sucursal - ::1 - [11-07-2024 19:50]"}
{"level":"info","message":"ruta: /cc/ccncrdef/valida/cliente - ::1 - [11-07-2024 19:50]"}
{"level":"info","message":"ruta: /cc/ccncrdef/buscar/preform - ::1 - [11-07-2024 19:51]"}
{"level":"info","message":"ruta: /cc/ccncrdef/list/detalle - ::1 - [11-07-2024 19:51]"}
{"level":"info","message":"ruta: /cc/ccncrdef/buscar/preform - ::1 - [11-07-2024 20:35]"}
{"level":"info","message":"ruta: /cc/ccncrdef/list/detalle - ::1 - [11-07-2024 20:35]"}
