{"level":"info","message":"ruta: /cm/cmprovec/list/proveedor - ::1 - [02-08-2024 19:52]"}
{"level":"info","message":"ruta: /cm/cmprovec/buscar/modificaDiaAnt - ::1 - [02-08-2024 19:52]"}
{"level":"info","message":"ruta: /vt/vtclient/preform - ::1 - [02-08-2024 19:52]"}
{"level":"info","message":"ruta: /vt/vtclient/listDet - ::1 - [02-08-2024 19:52]"}
{"level":"info","message":"ruta: /vt/vtfactur/pre_form - ::1 - [02-08-2024 19:52]"}
{"level":"info","message":"ruta: /vt/vtfactur/list/post_query - ::1 - [02-08-2024 19:52]"}
{"level":"info","message":"ruta: /vt/vtfactur/list/detalle - ::1 - [02-08-2024 19:52]"}
{"level":"info","message":"ruta: /vt/vtclient/preform - ::1 - [02-08-2024 19:52]"}
{"level":"info","message":"ruta: /vt/vtclient/listDet - ::1 - [02-08-2024 19:52]"}
{"level":"info","message":"ruta: /st/starticu/list/relaciones - ::1 - [02-08-2024 19:53]"}
{"level":"info","message":"ruta: /st/starticu/list/relaciones - ::1 - [02-08-2024 19:53]"}
{"level":"info","message":"ruta: /st/starticu/list/articulo - ::1 - [02-08-2024 19:53]"}
{"level":"info","message":"ruta: /st/starticu/list/postqueryCab - ::1 - [02-08-2024 19:53]"}
{"level":"info","message":"ruta: /st/starticu/list/relaciones - ::1 - [02-08-2024 19:53]"}
{"level":"info","message":"ruta: /st/starticu/list/relaciones - ::1 - [02-08-2024 19:53]"}
{"level":"info","message":"ruta: /st/starticu/list/relaciones - ::1 - [02-08-2024 19:53]"}
{"level":"info","message":"ruta: /st/starticu/list/relaciones - ::1 - [02-08-2024 19:53]"}
{"level":"info","message":"ruta: /st/starticu/list/articulo - ::1 - [02-08-2024 19:53]"}
{"level":"info","message":"ruta: /st/starticu/list/postqueryCab - ::1 - [02-08-2024 19:53]"}
{"level":"info","message":"ruta: /st/starticu/list/relaciones - ::1 - [02-08-2024 19:53]"}
{"level":"info","message":"ruta: /st/starticu/valida/um - ::1 - [02-08-2024 19:53]"}
{"level":"info","message":"ruta: /st/starticu/valida/um - ::1 - [02-08-2024 19:54]"}
{"level":"info","message":"ruta: /st/starticu/valida/um - ::1 - [02-08-2024 19:54]"}
{"level":"info","message":"ruta: /st/starticu/valida/um - ::1 - [02-08-2024 19:54]"}
{"level":"info","message":"ruta: /st/starticu/list/relaciones - ::1 - [02-08-2024 19:54]"}
{"level":"info","message":"ruta: /st/starticu/list/relaciones - ::1 - [02-08-2024 19:59]"}
{"level":"info","message":"ruta: /st/starticu/list/relaciones - ::1 - [02-08-2024 19:59]"}
{"level":"info","message":"ruta: /st/starticu/list/articulo - ::1 - [02-08-2024 19:59]"}
{"level":"info","message":"ruta: /st/starticu/list/postqueryCab - ::1 - [02-08-2024 19:59]"}
{"level":"info","message":"ruta: /st/starticu/list/relaciones - ::1 - [02-08-2024 19:59]"}
{"level":"info","message":"ruta: /st/starticu/list/relaciones - ::1 - [02-08-2024 20:08]"}
{"level":"info","message":"ruta: /st/starticu/list/relaciones - ::1 - [02-08-2024 20:08]"}
{"level":"info","message":"ruta: /st/starticu/list/relaciones - ::1 - [02-08-2024 20:08]"}
{"level":"info","message":"ruta: /st/starticu/list/articulo - ::1 - [02-08-2024 20:08]"}
{"level":"info","message":"ruta: /st/starticu/list/postqueryCab - ::1 - [02-08-2024 20:08]"}
{"level":"info","message":"ruta: /st/starticu/list/relaciones - ::1 - [02-08-2024 20:08]"}
{"level":"info","message":"ruta: /st/starticu/list/relaciones - ::1 - [02-08-2024 20:08]"}
{"level":"info","message":"ruta: /st/starticu/list/relaciones - ::1 - [02-08-2024 20:08]"}
{"level":"info","message":"ruta: /st/starticu/list/relaciones - ::1 - [02-08-2024 20:08]"}
{"level":"info","message":"ruta: /st/starticu/list/relaciones - ::1 - [02-08-2024 20:09]"}
{"level":"info","message":"ruta: /st/starticu/list/relaciones - ::1 - [02-08-2024 20:09]"}
{"level":"info","message":"ruta: /st/starticu/list/relaciones - ::1 - [02-08-2024 20:10]"}
{"level":"info","message":"ruta: /st/starticu/list/articulo - ::1 - [02-08-2024 20:10]"}
{"level":"info","message":"ruta: /st/starticu/list/postqueryCab - ::1 - [02-08-2024 20:10]"}
{"level":"info","message":"ruta: /st/starticu/list/relaciones - ::1 - [02-08-2024 20:10]"}
{"level":"info","message":"ruta: /st/starticu/list/relaciones - ::1 - [02-08-2024 20:11]"}
{"level":"info","message":"ruta: /st/starticu/list/relaciones - ::1 - [02-08-2024 20:11]"}
{"level":"info","message":"ruta: /st/starticu/list/articulo - ::1 - [02-08-2024 20:11]"}
{"level":"info","message":"ruta: /st/starticu/list/postqueryCab - ::1 - [02-08-2024 20:11]"}
{"level":"info","message":"ruta: /st/starticu/list/relaciones - ::1 - [02-08-2024 20:11]"}
{"level":"info","message":"ruta: /st/starticu/list/relaciones - ::1 - [02-08-2024 20:12]"}
{"level":"info","message":"ruta: /st/starticu/list/relaciones - ::1 - [02-08-2024 20:14]"}
{"level":"info","message":"ruta: /st/starticu/list/relaciones - ::1 - [02-08-2024 20:14]"}
{"level":"info","message":"ruta: /st/starticu/list/relaciones - ::1 - [02-08-2024 20:14]"}
{"level":"info","message":"ruta: /st/starticu/list/relaciones - ::1 - [02-08-2024 20:14]"}
{"level":"info","message":"ruta: /st/starticu/list/relaciones - ::1 - [02-08-2024 20:14]"}
{"level":"info","message":"ruta: /st/starticu/list/articulo - ::1 - [02-08-2024 20:14]"}
{"level":"info","message":"ruta: /st/starticu/list/postqueryCab - ::1 - [02-08-2024 20:14]"}
{"level":"info","message":"ruta: /st/starticu/list/relaciones - ::1 - [02-08-2024 20:14]"}
{"level":"info","message":"ruta: /st/starticu/list/relaciones - ::1 - [02-08-2024 20:15]"}
{"level":"info","message":"ruta: /st/starticu/list/relaciones - ::1 - [02-08-2024 20:15]"}
{"level":"info","message":"ruta: /st/starticu/list/articulo - ::1 - [02-08-2024 20:15]"}
{"level":"info","message":"ruta: /st/starticu/list/postqueryCab - ::1 - [02-08-2024 20:15]"}
{"level":"info","message":"ruta: /st/starticu/list/relaciones - ::1 - [02-08-2024 20:15]"}
{"level":"info","message":"ruta: /st/starticu/list/relaciones - ::1 - [02-08-2024 20:15]"}
{"level":"info","message":"ruta: /st/starticu/list/relaciones - ::1 - [02-08-2024 20:16]"}
{"level":"info","message":"ruta: /st/starticu/list/articulo - ::1 - [02-08-2024 20:16]"}
{"level":"info","message":"ruta: /st/starticu/list/postqueryCab - ::1 - [02-08-2024 20:16]"}
{"level":"info","message":"ruta: /st/starticu/list/relaciones - ::1 - [02-08-2024 20:16]"}
{"level":"info","message":"ruta: /st/starticu/list/relaciones - ::1 - [02-08-2024 20:16]"}
{"level":"info","message":"ruta: /st/starticu/list/relaciones - ::1 - [02-08-2024 20:16]"}
{"level":"info","message":"ruta: /st/starticu/list/relaciones - ::1 - [02-08-2024 20:16]"}
{"level":"info","message":"ruta: /st/starticu/list/articulo - ::1 - [02-08-2024 20:16]"}
{"level":"info","message":"ruta: /st/starticu/list/postqueryCab - ::1 - [02-08-2024 20:16]"}
{"level":"info","message":"ruta: /st/starticu/list/relaciones - ::1 - [02-08-2024 20:16]"}
{"level":"info","message":"ruta: /st/starticu/list/relaciones - ::1 - [02-08-2024 20:18]"}
{"level":"info","message":"ruta: /st/starticu/list/relaciones - ::1 - [02-08-2024 20:18]"}
{"level":"info","message":"ruta: /st/starticu/list/relaciones - ::1 - [02-08-2024 20:18]"}
{"level":"info","message":"ruta: /st/starticu/list/articulo - ::1 - [02-08-2024 20:18]"}
{"level":"info","message":"ruta: /st/starticu/list/postqueryCab - ::1 - [02-08-2024 20:18]"}
{"level":"info","message":"ruta: /st/starticu/list/relaciones - ::1 - [02-08-2024 20:18]"}
{"level":"info","message":"ruta: /st/starticu/list/relaciones - ::1 - [02-08-2024 20:18]"}
{"level":"info","message":"ruta: /st/starticu/list/relaciones - ::1 - [02-08-2024 20:18]"}
{"level":"info","message":"ruta: /st/starticu/list/relaciones - ::1 - [02-08-2024 20:18]"}
{"level":"info","message":"ruta: /st/starticu/list/articulo - ::1 - [02-08-2024 20:18]"}
{"level":"info","message":"ruta: /st/starticu/list/postqueryCab - ::1 - [02-08-2024 20:18]"}
{"level":"info","message":"ruta: /st/starticu/list/relaciones - ::1 - [02-08-2024 20:18]"}
{"level":"info","message":"ruta: /st/starticu/list/relaciones - ::1 - [02-08-2024 20:19]"}
{"level":"info","message":"ruta: /st/starticu/list/relaciones - ::1 - [02-08-2024 20:20]"}
{"level":"info","message":"ruta: /st/starticu/list/relaciones - ::1 - [02-08-2024 20:21]"}
{"level":"info","message":"ruta: /st/starticu/list/relaciones - ::1 - [02-08-2024 20:22]"}
{"level":"info","message":"ruta: /st/starticu/list/relaciones - ::1 - [02-08-2024 20:23]"}
{"level":"info","message":"ruta: /st/starticu/list/relaciones - ::1 - [02-08-2024 20:23]"}
{"level":"info","message":"ruta: /st/starticu/list/relaciones - ::1 - [02-08-2024 20:23]"}
{"level":"info","message":"ruta: /st/starticu/list/articulo - ::1 - [02-08-2024 20:23]"}
{"level":"info","message":"ruta: /st/starticu/list/postqueryCab - ::1 - [02-08-2024 20:23]"}
{"level":"info","message":"ruta: /st/starticu/list/relaciones - ::1 - [02-08-2024 20:23]"}
{"level":"info","message":"ruta: /st/starticu/list/relaciones - ::1 - [02-08-2024 20:23]"}
{"level":"info","message":"ruta: /st/starticu/list/relaciones - ::1 - [02-08-2024 20:23]"}
{"level":"info","message":"ruta: /st/starticu/list/relaciones - ::1 - [02-08-2024 20:23]"}
{"level":"info","message":"ruta: /st/starticu/list/articulo - ::1 - [02-08-2024 20:23]"}
{"level":"info","message":"ruta: /st/starticu/list/postqueryCab - ::1 - [02-08-2024 20:23]"}
{"level":"info","message":"ruta: /st/starticu/list/relaciones - ::1 - [02-08-2024 20:23]"}
{"level":"info","message":"ruta: /st/starticu/valida/um - ::1 - [02-08-2024 20:24]"}
{"level":"info","message":"ruta: /st/starticu/valida/um - ::1 - [02-08-2024 20:24]"}
{"level":"info","message":"ruta: /st/starticu - ::1 - [02-08-2024 20:24]"}
{"level":"info","message":"ruta: /st/starticu/list/articulo - ::1 - [02-08-2024 20:24]"}
{"level":"info","message":"ruta: /st/starticu/list/postqueryCab - ::1 - [02-08-2024 20:24]"}
{"level":"info","message":"ruta: /st/starticu/list/relaciones - ::1 - [02-08-2024 20:24]"}
{"level":"info","message":"ruta: /st/starticu/list/relaciones - ::1 - [02-08-2024 20:25]"}
{"level":"info","message":"ruta: /st/starticu/list/relaciones - ::1 - [02-08-2024 20:25]"}
{"level":"info","message":"ruta: /st/starticu/list/relaciones - ::1 - [02-08-2024 20:25]"}
{"level":"info","message":"ruta: /st/starticu/list/articulo - ::1 - [02-08-2024 20:25]"}
{"level":"info","message":"ruta: /st/starticu/list/postqueryCab - ::1 - [02-08-2024 20:25]"}
{"level":"info","message":"ruta: /st/starticu/list/relaciones - ::1 - [02-08-2024 20:25]"}
{"level":"info","message":"ruta: /st/starticu - ::1 - [02-08-2024 20:25]"}
{"level":"info","message":"ruta: /st/starticu - ::1 - [02-08-2024 20:26]"}
{"level":"info","message":"ruta: /st/starticu/list/relaciones - ::1 - [02-08-2024 20:29]"}
{"level":"info","message":"ruta: /st/starticu/list/relaciones - ::1 - [02-08-2024 20:29]"}
{"level":"info","message":"ruta: /st/starticu/list/articulo - ::1 - [02-08-2024 20:29]"}
{"level":"info","message":"ruta: /st/starticu/list/postqueryCab - ::1 - [02-08-2024 20:29]"}
{"level":"info","message":"ruta: /st/starticu/list/relaciones - ::1 - [02-08-2024 20:29]"}
{"level":"info","message":"ruta: /st/starticu/list/relaciones - ::1 - [02-08-2024 20:29]"}
{"level":"info","message":"ruta: /st/starticu - ::1 - [02-08-2024 20:29]"}
{"level":"info","message":"ruta: /st/starticu/list/articulo - ::1 - [02-08-2024 20:29]"}
{"level":"info","message":"ruta: /st/starticu/list/postqueryCab - ::1 - [02-08-2024 20:29]"}
{"level":"info","message":"ruta: /st/starticu/list/relaciones - ::1 - [02-08-2024 20:29]"}
{"level":"info","message":"ruta: /st/starticu/valida/um - ::1 - [02-08-2024 20:29]"}
{"level":"info","message":"ruta: /st/starticu - ::1 - [02-08-2024 20:29]"}
{"level":"info","message":"ruta: /st/starticu/list/relaciones - ::1 - [02-08-2024 20:30]"}
{"level":"info","message":"ruta: /st/starticu/valida/um - ::1 - [02-08-2024 20:30]"}
{"level":"info","message":"ruta: /st/starticu - ::1 - [02-08-2024 20:30]"}
{"level":"info","message":"ruta: /st/starticu/list/articulo - ::1 - [02-08-2024 20:30]"}
{"level":"info","message":"ruta: /st/starticu/list/postqueryCab - ::1 - [02-08-2024 20:30]"}
{"level":"info","message":"ruta: /st/starticu/list/relaciones - ::1 - [02-08-2024 20:30]"}
{"level":"info","message":"ruta: /st/starticu - ::1 - [02-08-2024 20:30]"}
{"level":"info","message":"ruta: /st/starticu/list/relaciones - ::1 - [02-08-2024 20:32]"}
{"level":"info","message":"ruta: /st/starticu/list/relaciones - ::1 - [02-08-2024 20:32]"}
{"level":"info","message":"ruta: /st/starticu/list/articulo - ::1 - [02-08-2024 20:32]"}
{"level":"info","message":"ruta: /st/starticu/list/postqueryCab - ::1 - [02-08-2024 20:32]"}
{"level":"info","message":"ruta: /st/starticu/list/relaciones - ::1 - [02-08-2024 20:32]"}
{"level":"info","message":"ruta: /st/starticu - ::1 - [02-08-2024 20:32]"}
{"level":"info","message":"ruta: /st/starticu - ::1 - [02-08-2024 20:33]"}
{"level":"info","message":"ruta: /st/starticu/list/relaciones - ::1 - [02-08-2024 20:34]"}
{"level":"info","message":"ruta: /st/starticu/list/relaciones - ::1 - [02-08-2024 20:34]"}
{"level":"info","message":"ruta: /st/starticu/list/articulo - ::1 - [02-08-2024 20:34]"}
{"level":"info","message":"ruta: /st/starticu/list/postqueryCab - ::1 - [02-08-2024 20:34]"}
{"level":"info","message":"ruta: /st/starticu/list/relaciones - ::1 - [02-08-2024 20:34]"}
{"level":"info","message":"ruta: /st/starticu - ::1 - [02-08-2024 20:34]"}
{"level":"info","message":"ruta: /st/starticu/list/relaciones - ::1 - [02-08-2024 20:34]"}
{"level":"info","message":"ruta: /st/starticu/list/relaciones - ::1 - [02-08-2024 20:34]"}
{"level":"info","message":"ruta: /st/starticu/list/articulo - ::1 - [02-08-2024 20:34]"}
{"level":"info","message":"ruta: /st/starticu/list/postqueryCab - ::1 - [02-08-2024 20:34]"}
{"level":"info","message":"ruta: /st/starticu/list/relaciones - ::1 - [02-08-2024 20:34]"}
{"level":"info","message":"ruta: /st/starticu - ::1 - [02-08-2024 20:34]"}
{"level":"info","message":"ruta: /st/starticu/list/relaciones - ::1 - [02-08-2024 20:36]"}
{"level":"info","message":"ruta: /st/starticu/list/relaciones - ::1 - [02-08-2024 20:36]"}
{"level":"info","message":"ruta: /st/starticu/list/articulo - ::1 - [02-08-2024 20:36]"}
{"level":"info","message":"ruta: /st/starticu/list/postqueryCab - ::1 - [02-08-2024 20:36]"}
{"level":"info","message":"ruta: /st/starticu/list/relaciones - ::1 - [02-08-2024 20:36]"}
{"level":"info","message":"ruta: /st/starticu - ::1 - [02-08-2024 20:36]"}
{"level":"info","message":"ruta: /st/starticu/list/articulo - ::1 - [02-08-2024 20:36]"}
{"level":"info","message":"ruta: /st/starticu/list/postqueryCab - ::1 - [02-08-2024 20:36]"}
{"level":"info","message":"ruta: /st/starticu/list/relaciones - ::1 - [02-08-2024 20:36]"}
{"level":"info","message":"ruta: /st/starticu/list/relaciones - ::1 - [02-08-2024 20:36]"}
{"level":"info","message":"ruta: /st/starticu/list/articulo - ::1 - [02-08-2024 20:36]"}
{"level":"info","message":"ruta: /st/starticu/list/postqueryCab - ::1 - [02-08-2024 20:36]"}
{"level":"info","message":"ruta: /st/starticu/list/relaciones - ::1 - [02-08-2024 20:36]"}
{"level":"info","message":"ruta: /st/starticu/list/relaciones - ::1 - [02-08-2024 20:36]"}
{"level":"info","message":"ruta: /st/starticu/list/relaciones - ::1 - [02-08-2024 20:36]"}
{"level":"info","message":"ruta: /st/starticu/buscar/proveedor - ::1 - [02-08-2024 20:37]"}
{"level":"info","message":"ruta: /st/starticu/valida/proveedor - ::1 - [02-08-2024 20:37]"}
{"level":"info","message":"ruta: /st/starticu/buscar/marca - ::1 - [02-08-2024 20:37]"}
{"level":"info","message":"ruta: /st/starticu/valida/marca - ::1 - [02-08-2024 20:37]"}
{"level":"info","message":"ruta: /st/starticu/buscar/linea - ::1 - [02-08-2024 20:37]"}
{"level":"info","message":"ruta: /st/starticu/valida/proveedor - ::1 - [02-08-2024 20:37]"}
{"level":"info","message":"ruta: /st/starticu/valida/marca - ::1 - [02-08-2024 20:37]"}
{"level":"info","message":"ruta: /st/starticu/valida/marca - ::1 - [02-08-2024 20:37]"}
{"level":"info","message":"ruta: /st/starticu/buscar/linea - ::1 - [02-08-2024 20:37]"}
{"level":"info","message":"ruta: /st/starticu/valida/linea - ::1 - [02-08-2024 20:37]"}
{"level":"info","message":"ruta: /st/starticu/valida/segmento - ::1 - [02-08-2024 20:37]"}
{"level":"info","message":"ruta: /st/starticu/valida/rubro - ::1 - [02-08-2024 20:37]"}
{"level":"info","message":"ruta: /st/starticu/valida/grupo - ::1 - [02-08-2024 20:37]"}
{"level":"info","message":"ruta: /st/starticu/valida/iva - ::1 - [02-08-2024 20:37]"}
{"level":"info","message":"ruta: /st/starticu/valida/um - ::1 - [02-08-2024 20:37]"}
{"level":"info","message":"ruta: /st/starticu/valida/um - ::1 - [02-08-2024 20:37]"}
{"level":"info","message":"ruta: /st/starticu/cod_articulo/1 - ::1 - [02-08-2024 20:37]"}
{"level":"info","message":"ruta: /st/starticu - ::1 - [02-08-2024 20:37]"}
{"level":"info","message":"ruta: /st/starticu/list/articulo - ::1 - [02-08-2024 20:37]"}
{"level":"info","message":"ruta: /st/starticu/list/postqueryCab - ::1 - [02-08-2024 20:37]"}
{"level":"info","message":"ruta: /st/starticu/list/relaciones - ::1 - [02-08-2024 20:37]"}
{"level":"info","message":"ruta: /st/starticu - ::1 - [02-08-2024 20:37]"}
{"level":"info","message":"ruta: /st/starticu/saveImg/1/25.jpeg - ::1 - [02-08-2024 20:37]"}
{"level":"info","message":"ruta: /st/starticu/list/articulo - ::1 - [02-08-2024 20:37]"}
{"level":"info","message":"ruta: /st/starticu/list/postqueryCab - ::1 - [02-08-2024 20:37]"}
{"level":"info","message":"ruta: /st/starticu/list/relaciones - ::1 - [02-08-2024 20:37]"}
{"level":"info","message":"ruta: /st/starticu/list/relaciones - ::1 - [02-08-2024 20:37]"}
{"level":"info","message":"ruta: /st/starticu/list/articulo - ::1 - [02-08-2024 20:37]"}
{"level":"info","message":"ruta: /st/starticu/list/postqueryCab - ::1 - [02-08-2024 20:37]"}
{"level":"info","message":"ruta: /st/starticu/list/relaciones - ::1 - [02-08-2024 20:37]"}
{"level":"info","message":"ruta: /st/starticu - ::1 - [02-08-2024 20:38]"}
{"level":"info","message":"ruta: /st/starticu/list/articulo - ::1 - [02-08-2024 20:38]"}
{"level":"info","message":"ruta: /st/starticu/list/postqueryCab - ::1 - [02-08-2024 20:38]"}
{"level":"info","message":"ruta: /st/starticu/list/relaciones - ::1 - [02-08-2024 20:38]"}
{"level":"info","message":"ruta: /st/starticu/list/relaciones - ::1 - [02-08-2024 20:38]"}
{"level":"info","message":"ruta: /st/starticu/list/articulo - ::1 - [02-08-2024 20:38]"}
{"level":"info","message":"ruta: /st/starticu/list/postqueryCab - ::1 - [02-08-2024 20:38]"}
{"level":"info","message":"ruta: /st/starticu/list/relaciones - ::1 - [02-08-2024 20:38]"}
{"level":"info","message":"ruta: /st/starticu/list/relaciones - ::1 - [02-08-2024 20:38]"}
{"level":"info","message":"ruta: /st/starticu/list/articulo - ::1 - [02-08-2024 20:38]"}
{"level":"info","message":"ruta: /st/starticu/list/postqueryCab - ::1 - [02-08-2024 20:38]"}
{"level":"info","message":"ruta: /st/starticu/list/relaciones - ::1 - [02-08-2024 20:38]"}
{"level":"info","message":"ruta: /st/starticu/list/postqueryCab - ::1 - [02-08-2024 20:38]"}
{"level":"info","message":"ruta: /st/starticu/list/relaciones - ::1 - [02-08-2024 20:38]"}
{"level":"info","message":"ruta: /st/starticu/list/postqueryCab - ::1 - [02-08-2024 20:38]"}
{"level":"info","message":"ruta: /st/starticu/list/relaciones - ::1 - [02-08-2024 20:38]"}
{"level":"info","message":"ruta: /st/starticu/list/relaciones - ::1 - [02-08-2024 20:38]"}
{"level":"info","message":"ruta: /st/starticu/list/relaciones - ::1 - [02-08-2024 20:38]"}
{"level":"info","message":"ruta: /st/starticu/list/articulo - ::1 - [02-08-2024 20:38]"}
{"level":"info","message":"ruta: /st/starticu/list/postqueryCab - ::1 - [02-08-2024 20:38]"}
{"level":"info","message":"ruta: /st/starticu/list/relaciones - ::1 - [02-08-2024 20:38]"}
{"level":"info","message":"ruta: /st/starticu - ::1 - [02-08-2024 20:38]"}
{"level":"info","message":"ruta: /st/starticu/list/articulo - ::1 - [02-08-2024 20:38]"}
{"level":"info","message":"ruta: /st/starticu/list/postqueryCab - ::1 - [02-08-2024 20:38]"}
{"level":"info","message":"ruta: /st/starticu/list/relaciones - ::1 - [02-08-2024 20:38]"}
{"level":"info","message":"ruta: /st/starticu/list/relaciones - ::1 - [02-08-2024 20:38]"}
{"level":"info","message":"ruta: /st/starticu/list/articulo - ::1 - [02-08-2024 20:38]"}
{"level":"info","message":"ruta: /st/starticu/list/postqueryCab - ::1 - [02-08-2024 20:38]"}
{"level":"info","message":"ruta: /st/starticu/list/relaciones - ::1 - [02-08-2024 20:38]"}
{"level":"info","message":"ruta: /st/starticu/list/postqueryCab - ::1 - [02-08-2024 20:38]"}
{"level":"info","message":"ruta: /st/starticu/list/relaciones - ::1 - [02-08-2024 20:38]"}
{"level":"info","message":"ruta: /st/starticu/list/relaciones - ::1 - [02-08-2024 20:38]"}
{"level":"info","message":"ruta: /st/starticu - ::1 - [02-08-2024 20:39]"}
{"level":"info","message":"ruta: /st/starticu/saveImg/1/25.jpeg - ::1 - [02-08-2024 20:39]"}
{"level":"info","message":"ruta: /st/starticu/list/articulo - ::1 - [02-08-2024 20:39]"}
{"level":"info","message":"ruta: /st/starticu/list/postqueryCab - ::1 - [02-08-2024 20:39]"}
{"level":"info","message":"ruta: /st/starticu/list/relaciones - ::1 - [02-08-2024 20:39]"}
{"level":"info","message":"ruta: /st/starticu/list/relaciones - ::1 - [02-08-2024 20:41]"}
{"level":"info","message":"ruta: /st/starticu/list/articulo - ::1 - [02-08-2024 20:41]"}
{"level":"info","message":"ruta: /st/starticu/list/postqueryCab - ::1 - [02-08-2024 20:41]"}
{"level":"info","message":"ruta: /st/starticu/list/relaciones - ::1 - [02-08-2024 20:41]"}
{"level":"info","message":"ruta: /pb/infoEmpresa - ::1 - [02-08-2024 20:41]"}
{"level":"info","message":"ruta: /pb/infoSucursal - ::1 - [02-08-2024 20:41]"}
{"level":"info","message":"ruta: /st/starticu/list/relaciones - ::1 - [02-08-2024 20:41]"}
{"level":"info","message":"ruta: /st/starticu/list/relaciones - ::1 - [02-08-2024 20:41]"}
{"level":"info","message":"ruta: /st/starticu/list/articulo - ::1 - [02-08-2024 20:41]"}
{"level":"info","message":"ruta: /st/starticu/valida/proveedor - ::1 - [02-08-2024 20:41]"}
{"level":"info","message":"ruta: /st/starticu/valida/proveedor - ::1 - [02-08-2024 20:41]"}
{"level":"info","message":"ruta: /st/starticu/buscar/proveedor - ::1 - [02-08-2024 20:41]"}
{"level":"info","message":"ruta: /st/starticu/list/relaciones - ::1 - [02-08-2024 20:41]"}
{"level":"info","message":"ruta: /st/starticu/list/relaciones - ::1 - [02-08-2024 20:41]"}
{"level":"info","message":"ruta: /st/starticu/list/articulo - ::1 - [02-08-2024 20:41]"}
{"level":"info","message":"ruta: /pb/infoEmpresa - ::1 - [02-08-2024 20:41]"}
{"level":"info","message":"ruta: /pb/infoSucursal - ::1 - [02-08-2024 20:41]"}
{"level":"info","message":"ruta: /pb/infoEmpresa - ::1 - [02-08-2024 20:41]"}
{"level":"info","message":"ruta: /pb/infoSucursal - ::1 - [02-08-2024 20:41]"}
{"level":"info","message":"ruta: /st/starticu/list/relaciones - ::1 - [02-08-2024 20:41]"}
{"level":"info","message":"ruta: /st/starticu/list/relaciones - ::1 - [02-08-2024 20:41]"}
{"level":"info","message":"ruta: /st/starticu/list/articulo - ::1 - [02-08-2024 20:41]"}
{"level":"info","message":"ruta: /st/starticu/list/postqueryCab - ::1 - [02-08-2024 20:41]"}
{"level":"info","message":"ruta: /st/starticu/list/relaciones - ::1 - [02-08-2024 20:41]"}
{"level":"info","message":"ruta: /st/starticu/list/relaciones - ::1 - [02-08-2024 21:51]"}
{"level":"info","message":"ruta: /st/starticu/list/relaciones - ::1 - [02-08-2024 21:51]"}
{"level":"info","message":"ruta: /st/starticu/list/articulo - ::1 - [02-08-2024 21:51]"}
{"level":"info","message":"ruta: /st/starticu/list/postqueryCab - ::1 - [02-08-2024 21:51]"}
{"level":"info","message":"ruta: /st/starticu/list/relaciones - ::1 - [02-08-2024 21:51]"}
{"level":"info","message":"ruta: /st/starticu - ::1 - [02-08-2024 21:51]"}
{"level":"info","message":"ruta: /st/starticu/saveImg/null/25.jpg - ::1 - [02-08-2024 21:51]"}
{"level":"info","message":"ruta: /st/starticu/list/articulo - ::1 - [02-08-2024 21:51]"}
{"level":"info","message":"ruta: /st/starticu/list/postqueryCab - ::1 - [02-08-2024 21:51]"}
{"level":"info","message":"ruta: /st/starticu/list/relaciones - ::1 - [02-08-2024 21:51]"}
{"level":"info","message":"ruta: /st/starticu/list/relaciones - ::1 - [02-08-2024 21:52]"}
{"level":"info","message":"ruta: /st/starticu/list/articulo - ::1 - [02-08-2024 21:52]"}
{"level":"info","message":"ruta: /st/starticu/list/postqueryCab - ::1 - [02-08-2024 21:52]"}
{"level":"info","message":"ruta: /st/starticu/list/relaciones - ::1 - [02-08-2024 21:52]"}
{"level":"info","message":"ruta: /st/starticu - ::1 - [02-08-2024 21:53]"}
{"level":"info","message":"ruta: /st/starticu/saveImg/null/25.jpeg - ::1 - [02-08-2024 21:53]"}
{"level":"info","message":"ruta: /st/starticu/list/articulo - ::1 - [02-08-2024 21:53]"}
{"level":"info","message":"ruta: /st/starticu/list/postqueryCab - ::1 - [02-08-2024 21:53]"}
{"level":"info","message":"ruta: /st/starticu/list/relaciones - ::1 - [02-08-2024 21:53]"}
