{"level":"info","message":"ruta: /vt/vtpresar/listar/detalle - ::1 - [22-05-2024 19:23]"}
{"level":"info","message":"ruta: /cc/ccrenagr/preform - ::1 - [22-05-2024 19:24]"}
{"level":"info","message":"ruta: /cc/ccrenagr/preform - ::1 - [22-05-2024 19:24]"}
{"level":"info","message":"ruta: /cc/ccrenagr/valida/cuenta - ::1 - [22-05-2024 19:24]"}
{"level":"info","message":"ruta: /cc/ccrenagr/valida/cuenta - ::1 - [22-05-2024 19:24]"}
{"level":"info","message":"ruta: /cc/ccrenagr/valida/cuenta - ::1 - [22-05-2024 19:24]"}
{"level":"info","message":"ruta: /cc/ccrenagr/buscar/cliente - ::1 - [22-05-2024 19:24]"}
{"level":"info","message":"ruta: /cc/ccrenagr/valida/cliente - ::1 - [22-05-2024 19:24]"}
{"level":"info","message":"ruta: /cc/ccrenagr/buscar/cabecera - ::1 - [22-05-2024 19:24]"}
{"level":"info","message":"ruta: /cc/ccrenagr/preform - ::1 - [22-05-2024 19:25]"}
{"level":"info","message":"ruta: /cc/ccrenagr/preform - ::1 - [22-05-2024 19:25]"}
{"level":"info","message":"ruta: /cc/ccrenagr/valida/cliente - ::1 - [22-05-2024 19:25]"}
{"level":"info","message":"ruta: /cc/ccrenagr/buscar/cabecera - ::1 - [22-05-2024 19:25]"}
{"level":"info","message":"ruta: /cc/ccrenagr/preform - ::1 - [22-05-2024 19:28]"}
{"level":"info","message":"ruta: /cc/ccrenagr/preform - ::1 - [22-05-2024 19:28]"}
{"level":"info","message":"ruta: /cc/ccrenagr/preform - ::1 - [22-05-2024 19:29]"}
{"level":"info","message":"ruta: /cc/ccrenagr/preform - ::1 - [22-05-2024 19:29]"}
{"level":"info","message":"ruta: /cc/ccrenagr/preform - ::1 - [22-05-2024 19:29]"}
{"level":"info","message":"ruta: /cc/ccrenagr/preform - ::1 - [22-05-2024 19:30]"}
{"level":"info","message":"ruta: /cc/ccrenagr/preform - ::1 - [22-05-2024 19:31]"}
{"level":"info","message":"ruta: /cc/ccrenagr/preform - ::1 - [22-05-2024 19:31]"}
{"level":"info","message":"ruta: /cc/ccrenagr/valida/cliente - ::1 - [22-05-2024 19:31]"}
{"level":"info","message":"ruta: /cc/ccrenagr/buscar/cabecera - ::1 - [22-05-2024 19:31]"}
{"level":"info","message":"ruta: /cc/ccrenagr/preform - ::1 - [22-05-2024 19:31]"}
{"level":"info","message":"ruta: /cc/ccrenagr/preform - ::1 - [22-05-2024 19:31]"}
{"level":"info","message":"ruta: /cc/ccrenagr/preform - ::1 - [22-05-2024 19:33]"}
{"level":"info","message":"ruta: /cc/ccrenagr/preform - ::1 - [22-05-2024 19:33]"}
{"level":"info","message":"ruta: /cc/ccrenagr/preform - ::1 - [22-05-2024 19:48]"}
{"level":"info","message":"ruta: /cc/ccrenagr/preform - ::1 - [22-05-2024 19:48]"}
{"level":"info","message":"ruta: /cc/ccrenagr/preform - ::1 - [22-05-2024 19:49]"}
{"level":"info","message":"ruta: /cc/ccrenagr/preform - ::1 - [22-05-2024 19:49]"}
{"level":"info","message":"ruta: /cc/ccrenagr/preform - ::1 - [22-05-2024 19:50]"}
{"level":"info","message":"ruta: /cc/ccrenagr/buscar/cabecera - ::1 - [22-05-2024 19:50]"}
{"level":"info","message":"ruta: /cc/ccrenagr/preform - ::1 - [22-05-2024 19:50]"}
{"level":"info","message":"ruta: /cc/ccrenagr/buscar/cabecera - ::1 - [22-05-2024 19:50]"}
{"level":"info","message":"ruta: /cc/ccrenagr/preform - ::1 - [22-05-2024 19:50]"}
{"level":"info","message":"ruta: /cc/ccrenagr/buscar/cabecera - ::1 - [22-05-2024 19:50]"}
{"level":"info","message":"ruta: /cc/ccrenagr/preform - ::1 - [22-05-2024 19:51]"}
{"level":"info","message":"ruta: /cc/ccrenagr/buscar/cabecera - ::1 - [22-05-2024 19:51]"}
{"level":"info","message":"ruta: /cc/ccrenagr/valida/cuenta - ::1 - [22-05-2024 19:51]"}
{"level":"info","message":"ruta: /cc/ccrenagr/valida/cliente - ::1 - [22-05-2024 19:51]"}
{"level":"info","message":"ruta: /cc/ccrenagr/buscar/cabecera - ::1 - [22-05-2024 19:51]"}
{"level":"info","message":"ruta: /cc/ccrenagr/preform - ::1 - [22-05-2024 19:51]"}
{"level":"info","message":"ruta: /cc/ccrenagr/buscar/cabecera - ::1 - [22-05-2024 19:51]"}
{"level":"info","message":"ruta: /cc/ccrenagr/preform - ::1 - [22-05-2024 19:52]"}
{"level":"info","message":"ruta: /cc/ccrenagr/buscar/cabecera - ::1 - [22-05-2024 19:52]"}
{"level":"info","message":"ruta: /cc/ccrenagr/valida/cliente - ::1 - [22-05-2024 19:52]"}
{"level":"info","message":"ruta: /cc/ccrenagr/buscar/cabecera - ::1 - [22-05-2024 19:52]"}
{"level":"info","message":"ruta: /cc/ccrenagr/preform - ::1 - [22-05-2024 19:52]"}
{"level":"info","message":"ruta: /cc/ccrenagr/buscar/cabecera - ::1 - [22-05-2024 19:52]"}
{"level":"info","message":"ruta: /cc/ccrenagr/preform - ::1 - [22-05-2024 19:53]"}
{"level":"info","message":"ruta: /cc/ccrenagr/buscar/cabecera - ::1 - [22-05-2024 19:53]"}
{"level":"info","message":"ruta: /cc/ccrenagr/preform - ::1 - [22-05-2024 19:53]"}
{"level":"info","message":"ruta: /cc/ccrenagr/buscar/cabecera - ::1 - [22-05-2024 19:53]"}
{"level":"info","message":"ruta: /cc/ccrenagr/preform - ::1 - [22-05-2024 19:54]"}
{"level":"info","message":"ruta: /cc/ccrenagr/buscar/cabecera - ::1 - [22-05-2024 19:54]"}
{"level":"info","message":"ruta: /cc/ccrenagr/preform - ::1 - [22-05-2024 19:55]"}
{"level":"info","message":"ruta: /cc/ccrenagr/buscar/cabecera - ::1 - [22-05-2024 19:55]"}
{"level":"info","message":"ruta: /cc/ccrenagr/valida/cliente - ::1 - [22-05-2024 19:55]"}
{"level":"info","message":"ruta: /cc/ccrenagr/buscar/cabecera - ::1 - [22-05-2024 19:55]"}
{"level":"info","message":"ruta: /cc/ccrenagr/preform - ::1 - [22-05-2024 19:56]"}
{"level":"info","message":"ruta: /cc/ccrenagr/buscar/cabecera - ::1 - [22-05-2024 19:56]"}
{"level":"info","message":"ruta: /cc/ccrenagr/valida/cliente - ::1 - [22-05-2024 19:57]"}
{"level":"info","message":"ruta: /cc/ccrenagr/buscar/cabecera - ::1 - [22-05-2024 19:57]"}
{"level":"info","message":"ruta: /cc/ccrenagr/preform - ::1 - [22-05-2024 19:57]"}
{"level":"info","message":"ruta: /cc/ccrenagr/buscar/cabecera - ::1 - [22-05-2024 19:57]"}
{"level":"info","message":"ruta: /cc/ccrenagr/preform - ::1 - [22-05-2024 19:59]"}
{"level":"info","message":"ruta: /cc/ccrenagr/buscar/cabecera - ::1 - [22-05-2024 19:59]"}
{"level":"info","message":"ruta: /cc/ccrenagr/preform - ::1 - [22-05-2024 19:59]"}
{"level":"info","message":"ruta: /cc/ccrenagr/buscar/cabecera - ::1 - [22-05-2024 19:59]"}
{"level":"info","message":"ruta: /cc/ccrenagr/preform - ::1 - [22-05-2024 19:59]"}
{"level":"info","message":"ruta: /cc/ccrenagr/buscar/cabecera - ::1 - [22-05-2024 19:59]"}
{"level":"info","message":"ruta: /cc/ccrenagr/preform - ::1 - [22-05-2024 19:59]"}
{"level":"info","message":"ruta: /cc/ccrenagr/buscar/cabecera - ::1 - [22-05-2024 19:59]"}
{"level":"info","message":"ruta: /cc/ccrenagr/preform - ::1 - [22-05-2024 19:59]"}
{"level":"info","message":"ruta: /cc/ccrenagr/buscar/cabecera - ::1 - [22-05-2024 19:59]"}
{"level":"info","message":"ruta: /cc/ccrenagr/preform - ::1 - [22-05-2024 20:00]"}
{"level":"info","message":"ruta: /cc/ccrenagr/buscar/cabecera - ::1 - [22-05-2024 20:00]"}
{"level":"info","message":"ruta: /cc/ccrenagr/preform - ::1 - [22-05-2024 20:00]"}
{"level":"info","message":"ruta: /cc/ccrenagr/buscar/cabecera - ::1 - [22-05-2024 20:01]"}
{"level":"info","message":"ruta: /cc/ccrenagr/preform - ::1 - [22-05-2024 20:01]"}
{"level":"info","message":"ruta: /cc/ccrenagr/buscar/cabecera - ::1 - [22-05-2024 20:01]"}
{"level":"info","message":"ruta: /cc/ccrenagr/preform - ::1 - [22-05-2024 20:02]"}
{"level":"info","message":"ruta: /cc/ccrenagr/buscar/cabecera - ::1 - [22-05-2024 20:02]"}
{"level":"info","message":"ruta: /cc/ccrenagr/preform - ::1 - [22-05-2024 20:04]"}
{"level":"info","message":"ruta: /cc/ccrenagr/buscar/cabecera - ::1 - [22-05-2024 20:04]"}
{"level":"info","message":"ruta: /cc/ccrenagr/preform - ::1 - [22-05-2024 20:04]"}
{"level":"info","message":"ruta: /cc/ccrenagr/buscar/cabecera - ::1 - [22-05-2024 20:04]"}
{"level":"info","message":"ruta: /cc/ccrenagr/preform - ::1 - [22-05-2024 20:05]"}
{"level":"info","message":"ruta: /cc/ccrenagr/buscar/cabecera - ::1 - [22-05-2024 20:05]"}
{"level":"info","message":"ruta: /cc/ccrenagr/preform - ::1 - [22-05-2024 20:05]"}
{"level":"info","message":"ruta: /cc/ccrenagr/buscar/cabecera - ::1 - [22-05-2024 20:05]"}
{"level":"info","message":"ruta: /cc/ccrenagr/preform - ::1 - [22-05-2024 20:05]"}
{"level":"info","message":"ruta: /cc/ccrenagr/buscar/cabecera - ::1 - [22-05-2024 20:05]"}
{"level":"info","message":"ruta: /cc/ccrenagr/preform - ::1 - [22-05-2024 20:06]"}
{"level":"info","message":"ruta: /cc/ccrenagr/buscar/cabecera - ::1 - [22-05-2024 20:06]"}
{"level":"info","message":"ruta: /cc/ccrenagr/preform - ::1 - [22-05-2024 20:06]"}
{"level":"info","message":"ruta: /cc/ccrenagr/buscar/cabecera - ::1 - [22-05-2024 20:06]"}
{"level":"info","message":"ruta: /cc/ccrenagr/preform - ::1 - [22-05-2024 20:07]"}
{"level":"info","message":"ruta: /cc/ccrenagr/buscar/cabecera - ::1 - [22-05-2024 20:07]"}
{"level":"info","message":"ruta: /cc/ccrenagr/preform - ::1 - [22-05-2024 20:07]"}
{"level":"info","message":"ruta: /cc/ccrenagr/buscar/cabecera - ::1 - [22-05-2024 20:07]"}
{"level":"info","message":"ruta: /cc/ccrenagr/preform - ::1 - [22-05-2024 20:07]"}
{"level":"info","message":"ruta: /cc/ccrenagr/buscar/cabecera - ::1 - [22-05-2024 20:08]"}
{"level":"info","message":"ruta: /cc/ccrenagr/preform - ::1 - [22-05-2024 20:08]"}
{"level":"info","message":"ruta: /cc/ccrenagr/buscar/cabecera - ::1 - [22-05-2024 20:08]"}
{"level":"info","message":"ruta: /cc/ccrenagr/preform - ::1 - [22-05-2024 20:08]"}
{"level":"info","message":"ruta: /cc/ccrenagr/buscar/cabecera - ::1 - [22-05-2024 20:08]"}
{"level":"info","message":"ruta: /cc/ccrenagr/preform - ::1 - [22-05-2024 20:09]"}
{"level":"info","message":"ruta: /cc/ccrenagr/buscar/cabecera - ::1 - [22-05-2024 20:09]"}
{"level":"info","message":"ruta: /cc/ccrenagr/preform - ::1 - [22-05-2024 20:09]"}
{"level":"info","message":"ruta: /cc/ccrenagr/buscar/cabecera - ::1 - [22-05-2024 20:09]"}
{"level":"info","message":"ruta: /cc/ccrenagr/preform - ::1 - [22-05-2024 20:09]"}
{"level":"info","message":"ruta: /cc/ccrenagr/buscar/cabecera - ::1 - [22-05-2024 20:09]"}
{"level":"info","message":"ruta: /cc/ccrenagr/preform - ::1 - [22-05-2024 20:09]"}
{"level":"info","message":"ruta: /cc/ccrenagr/buscar/cabecera - ::1 - [22-05-2024 20:09]"}
{"level":"info","message":"ruta: /cc/ccrenagr/preform - ::1 - [22-05-2024 20:09]"}
{"level":"info","message":"ruta: /cc/ccrenagr/buscar/cabecera - ::1 - [22-05-2024 20:09]"}
{"level":"info","message":"ruta: /cc/ccrenagr/valida/cliente - ::1 - [22-05-2024 20:09]"}
{"level":"info","message":"ruta: /cc/ccrenagr/buscar/cabecera - ::1 - [22-05-2024 20:10]"}
{"level":"info","message":"ruta: /cc/ccrenagr/preform - ::1 - [22-05-2024 20:11]"}
{"level":"info","message":"ruta: /cc/ccrenagr/preform - ::1 - [22-05-2024 20:11]"}
{"level":"info","message":"ruta: /cc/ccrenagr/buscar/cabecera - ::1 - [22-05-2024 20:11]"}
{"level":"info","message":"ruta: /cc/ccrenagr/buscar/cabecera - ::1 - [22-05-2024 20:11]"}
{"level":"info","message":"ruta: /cc/ccrenagr/preform - ::1 - [22-05-2024 20:11]"}
{"level":"info","message":"ruta: /cc/ccrenagr/buscar/cabecera - ::1 - [22-05-2024 20:11]"}
{"level":"info","message":"ruta: /cc/ccrenagr/preform - ::1 - [22-05-2024 20:11]"}
{"level":"info","message":"ruta: /cc/ccrenagr/buscar/cabecera - ::1 - [22-05-2024 20:11]"}
{"level":"info","message":"ruta: /cc/ccrenagr/valida/cliente - ::1 - [22-05-2024 20:11]"}
{"level":"info","message":"ruta: /cc/ccrenagr/buscar/cabecera - ::1 - [22-05-2024 20:11]"}
{"level":"info","message":"ruta: /cc/ccrenagr/preform - ::1 - [22-05-2024 20:11]"}
{"level":"info","message":"ruta: /cc/ccrenagr/buscar/cabecera - ::1 - [22-05-2024 20:12]"}
{"level":"info","message":"ruta: /cc/ccrenagr/preform - ::1 - [22-05-2024 20:12]"}
{"level":"info","message":"ruta: /cc/ccrenagr/buscar/cabecera - ::1 - [22-05-2024 20:12]"}
{"level":"info","message":"ruta: /cc/ccrenagr/preform - ::1 - [22-05-2024 20:12]"}
{"level":"info","message":"ruta: /cc/ccrenagr/buscar/cabecera - ::1 - [22-05-2024 20:12]"}
{"level":"info","message":"ruta: /cc/ccrenagr/valida/cliente - ::1 - [22-05-2024 20:12]"}
{"level":"info","message":"ruta: /cc/ccrenagr/buscar/cabecera - ::1 - [22-05-2024 20:12]"}
{"level":"info","message":"ruta: /cc/ccrenagr/preform - ::1 - [22-05-2024 20:14]"}
{"level":"info","message":"ruta: /cc/ccrenagr/preform - ::1 - [22-05-2024 20:14]"}
{"level":"info","message":"ruta: /cc/ccrenagr/buscar/cabecera - ::1 - [22-05-2024 20:14]"}
{"level":"info","message":"ruta: /cc/ccrenagr/valida/cliente - ::1 - [22-05-2024 20:14]"}
{"level":"info","message":"ruta: /cc/ccrenagr/preform - ::1 - [22-05-2024 20:15]"}
{"level":"info","message":"ruta: /cc/ccrenagr/buscar/cabecera - ::1 - [22-05-2024 20:15]"}
{"level":"info","message":"ruta: /cc/ccrenagr/preform - ::1 - [22-05-2024 20:15]"}
{"level":"info","message":"ruta: /cc/ccrenagr/buscar/cabecera - ::1 - [22-05-2024 20:15]"}
{"level":"info","message":"ruta: /cc/ccrenagr/preform - ::1 - [22-05-2024 20:16]"}
{"level":"info","message":"ruta: /cc/ccrenagr/buscar/cabecera - ::1 - [22-05-2024 20:16]"}
{"level":"info","message":"ruta: /cc/ccrenagr/valida/cliente - ::1 - [22-05-2024 20:16]"}
{"level":"info","message":"ruta: /cc/ccrenagr/preform - ::1 - [22-05-2024 20:18]"}
{"level":"info","message":"ruta: /cc/ccrenagr/buscar/cabecera - ::1 - [22-05-2024 20:19]"}
{"level":"info","message":"ruta: /cc/ccrenagr/preform - ::1 - [22-05-2024 20:19]"}
{"level":"info","message":"ruta: /cc/ccrenagr/buscar/cabecera - ::1 - [22-05-2024 20:19]"}
{"level":"info","message":"ruta: /cc/ccrenagr/preform - ::1 - [22-05-2024 20:19]"}
{"level":"info","message":"ruta: /cc/ccrenagr/buscar/cabecera - ::1 - [22-05-2024 20:19]"}
{"level":"info","message":"ruta: /cc/ccrenagr/preform - ::1 - [22-05-2024 20:21]"}
{"level":"info","message":"ruta: /cc/ccrenagr/buscar/cabecera - ::1 - [22-05-2024 20:22]"}
{"level":"info","message":"ruta: /cc/ccrenagr/preform - ::1 - [22-05-2024 20:22]"}
{"level":"info","message":"ruta: /cc/ccrenagr/buscar/cabecera - ::1 - [22-05-2024 20:22]"}
{"level":"info","message":"ruta: /cc/ccrenagr/preform - ::1 - [22-05-2024 20:22]"}
{"level":"info","message":"ruta: /cc/ccrenagr/buscar/cabecera - ::1 - [22-05-2024 20:22]"}
{"level":"info","message":"ruta: /cc/ccrenagr/valida/cliente - ::1 - [22-05-2024 20:22]"}
{"level":"info","message":"ruta: /cc/ccrenagr/preform - ::1 - [22-05-2024 20:23]"}
{"level":"info","message":"ruta: /cc/ccrenagr/buscar/cabecera - ::1 - [22-05-2024 20:23]"}
{"level":"info","message":"ruta: /cc/ccrenagr/valida/cliente - ::1 - [22-05-2024 20:23]"}
{"level":"info","message":"ruta: /cc/ccrenagr/buscar/cabecera - ::1 - [22-05-2024 20:23]"}
{"level":"info","message":"ruta: /cc/ccrenagr/preform - ::1 - [22-05-2024 20:23]"}
{"level":"info","message":"ruta: /cc/ccrenagr/buscar/cabecera - ::1 - [22-05-2024 20:23]"}
{"level":"info","message":"ruta: /cc/ccrenagr/preform - ::1 - [22-05-2024 20:24]"}
{"level":"info","message":"ruta: /cc/ccrenagr/buscar/cabecera - ::1 - [22-05-2024 20:24]"}
{"level":"info","message":"ruta: /cc/ccrenagr/preform - ::1 - [22-05-2024 20:24]"}
{"level":"info","message":"ruta: /cc/ccrenagr/buscar/cabecera - ::1 - [22-05-2024 20:24]"}
{"level":"info","message":"ruta: /cc/ccrenagr/preform - ::1 - [22-05-2024 20:25]"}
{"level":"info","message":"ruta: /cc/ccrenagr/buscar/cabecera - ::1 - [22-05-2024 20:25]"}
{"level":"info","message":"ruta: /cc/ccrenagr/valida/cliente - ::1 - [22-05-2024 20:25]"}
{"level":"info","message":"ruta: /cc/ccrenagr/valida/cuenta - ::1 - [22-05-2024 20:25]"}
{"level":"info","message":"ruta: /cc/ccrenagr/valida/cuenta - ::1 - [22-05-2024 20:25]"}
{"level":"info","message":"ruta: /cc/ccrenagr/valida/cuenta - ::1 - [22-05-2024 20:25]"}
{"level":"info","message":"ruta: /cc/ccrenagr/buscar/cabecera - ::1 - [22-05-2024 20:25]"}
{"level":"info","message":"ruta: /cc/ccrenagr/preform - ::1 - [22-05-2024 20:27]"}
{"level":"info","message":"ruta: /cc/ccrenagr/buscar/cabecera - ::1 - [22-05-2024 20:27]"}
{"level":"info","message":"ruta: /cc/ccrenagr/preform - ::1 - [22-05-2024 20:27]"}
{"level":"info","message":"ruta: /cc/ccrenagr/buscar/cabecera - ::1 - [22-05-2024 20:27]"}
{"level":"info","message":"ruta: /cc/ccrenagr/preform - ::1 - [22-05-2024 20:27]"}
{"level":"info","message":"ruta: /cc/ccrenagr/buscar/cabecera - ::1 - [22-05-2024 20:27]"}
{"level":"info","message":"ruta: /cc/ccrenagr/valida/cliente - ::1 - [22-05-2024 20:27]"}
{"level":"info","message":"ruta: /cc/ccrenagr/buscar/cabecera - ::1 - [22-05-2024 20:27]"}
{"level":"info","message":"ruta: /cc/ccrenagr/preform - ::1 - [22-05-2024 20:27]"}
{"level":"info","message":"ruta: /cc/ccrenagr/buscar/cabecera - ::1 - [22-05-2024 20:27]"}
{"level":"info","message":"ruta: /cc/ccrenagr/preform - ::1 - [22-05-2024 20:27]"}
{"level":"info","message":"ruta: /cc/ccrenagr/buscar/cabecera - ::1 - [22-05-2024 20:27]"}
{"level":"info","message":"ruta: /cc/ccrenagr/valida/cliente - ::1 - [22-05-2024 20:28]"}
{"level":"info","message":"ruta: /cc/ccrenagr/buscar/cabecera - ::1 - [22-05-2024 20:28]"}
{"level":"info","message":"ruta: /cc/ccrenagr/preform - ::1 - [22-05-2024 20:29]"}
{"level":"info","message":"ruta: /cc/ccrenagr/buscar/cabecera - ::1 - [22-05-2024 20:29]"}
{"level":"info","message":"ruta: /cc/ccrenagr/preform - ::1 - [22-05-2024 20:47]"}
{"level":"info","message":"ruta: /cc/ccrenagr/buscar/cabecera - ::1 - [22-05-2024 20:47]"}
{"level":"info","message":"ruta: /cc/ccrenagr/preform - ::1 - [22-05-2024 20:47]"}
{"level":"info","message":"ruta: /cc/ccrenagr/buscar/cabecera - ::1 - [22-05-2024 20:47]"}
{"level":"info","message":"ruta: /cc/ccrenagr/preform - ::1 - [22-05-2024 20:47]"}
{"level":"info","message":"ruta: /cc/ccrenagr/buscar/cabecera - ::1 - [22-05-2024 20:47]"}
{"level":"info","message":"ruta: /cc/ccrenagr/preform - ::1 - [22-05-2024 20:50]"}
{"level":"info","message":"ruta: /cc/ccrenagr/buscar/cabecera - ::1 - [22-05-2024 20:50]"}
{"level":"info","message":"ruta: /cc/ccrenagr/preform - ::1 - [22-05-2024 20:50]"}
{"level":"info","message":"ruta: /cc/ccrenagr/buscar/cabecera - ::1 - [22-05-2024 20:50]"}
{"level":"info","message":"ruta: /cc/ccrenagr/preform - ::1 - [22-05-2024 20:50]"}
{"level":"info","message":"ruta: /cc/ccrenagr/buscar/cabecera - ::1 - [22-05-2024 20:50]"}
{"level":"info","message":"ruta: /cc/ccrenagr/preform - ::1 - [22-05-2024 20:50]"}
{"level":"info","message":"ruta: /cc/ccrenagr/buscar/cabecera - ::1 - [22-05-2024 20:50]"}
{"level":"info","message":"ruta: /cc/ccrenagr/preform - ::1 - [22-05-2024 20:50]"}
{"level":"info","message":"ruta: /cc/ccrenagr/buscar/cabecera - ::1 - [22-05-2024 20:50]"}
{"level":"info","message":"ruta: /cc/ccrenagr/valida/pagar - ::1 - [22-05-2024 20:50]"}
{"level":"info","message":"ruta: /cc/ccrenagr/valida/pagar - ::1 - [22-05-2024 20:51]"}
{"level":"info","message":"ruta: /cc/ccrenagr/valida/pagar - ::1 - [22-05-2024 20:52]"}
{"level":"info","message":"ruta: /cc/ccrenagr/valida/pagar - 127.0.0.1 - [22-05-2024 20:52]"}
{"level":"info","message":"ruta: /cc/ccrenagr/preform - ::1 - [22-05-2024 20:53]"}
{"level":"info","message":"ruta: /cc/ccrenagr/buscar/cabecera - ::1 - [22-05-2024 20:53]"}
{"level":"info","message":"ruta: /cc/ccrenagr/valida/pagar - ::1 - [22-05-2024 20:53]"}
{"level":"info","message":"ruta: /cc/ccrenagr/valida/pagar - ::1 - [22-05-2024 20:54]"}
{"level":"info","message":"ruta: /cc/ccrenagr/valida/pagar - 127.0.0.1 - [22-05-2024 20:54]"}
{"level":"info","message":"ruta: /cc/ccrenagr/preform - ::1 - [22-05-2024 20:59]"}
{"level":"info","message":"ruta: /cc/ccrenagr/buscar/cabecera - ::1 - [22-05-2024 20:59]"}
{"level":"info","message":"ruta: /cc/ccrenagr/preform - ::1 - [22-05-2024 20:59]"}
{"level":"info","message":"ruta: /cc/ccrenagr/buscar/cabecera - ::1 - [22-05-2024 20:59]"}
{"level":"info","message":"ruta: /cc/ccrenagr/valida/pagar - ::1 - [22-05-2024 20:59]"}
{"level":"info","message":"ruta: /cc/ccrenagr/valida/pagar - ::1 - [22-05-2024 20:59]"}
{"level":"info","message":"ruta: /cc/ccrenagr/preform - ::1 - [22-05-2024 21:00]"}
{"level":"info","message":"ruta: /cc/ccrenagr/buscar/cabecera - ::1 - [22-05-2024 21:00]"}
{"level":"info","message":"ruta: /cc/ccrenagr/preform - ::1 - [22-05-2024 21:01]"}
{"level":"info","message":"ruta: /cc/ccrenagr/buscar/cabecera - ::1 - [22-05-2024 21:01]"}
{"level":"info","message":"ruta: /cc/ccrenagr/valida/pagar - ::1 - [22-05-2024 21:01]"}
{"level":"info","message":"ruta: /cc/ccrenagr/preform - ::1 - [22-05-2024 21:01]"}
{"level":"info","message":"ruta: /cc/ccrenagr/buscar/cabecera - ::1 - [22-05-2024 21:01]"}
{"level":"info","message":"ruta: /cc/ccrenagr/valida/pagar - ::1 - [22-05-2024 21:01]"}
{"level":"info","message":"ruta: /cc/ccrenagr/valida/pagar - ::1 - [22-05-2024 21:02]"}
{"level":"info","message":"ruta: /cc/ccrenagr/valida/pagar - ::1 - [22-05-2024 21:02]"}
{"level":"info","message":"ruta: /cc/ccrenagr/valida/pagar - ::1 - [22-05-2024 21:02]"}
{"level":"info","message":"ruta: /cc/ccrenagr/preform - ::1 - [22-05-2024 21:03]"}
{"level":"info","message":"ruta: /cc/ccrenagr/buscar/cabecera - ::1 - [22-05-2024 21:03]"}
{"level":"info","message":"ruta: /cc/ccrenagr/preform - ::1 - [22-05-2024 21:03]"}
{"level":"info","message":"ruta: /cc/ccrenagr/buscar/cabecera - ::1 - [22-05-2024 21:03]"}
{"level":"info","message":"ruta: /cc/ccrenagr/preform - ::1 - [22-05-2024 21:04]"}
{"level":"info","message":"ruta: /cc/ccrenagr/buscar/cabecera - ::1 - [22-05-2024 21:04]"}
{"level":"info","message":"ruta: /cc/ccrenagr/valida/pagar - ::1 - [22-05-2024 21:04]"}
{"level":"info","message":"ruta: /cc/ccrenagr/preform - ::1 - [22-05-2024 21:05]"}
{"level":"info","message":"ruta: /cc/ccrenagr/buscar/cabecera - ::1 - [22-05-2024 21:05]"}
{"level":"info","message":"ruta: /cc/ccrenagr/preform - ::1 - [22-05-2024 21:06]"}
{"level":"info","message":"ruta: /cc/ccrenagr/buscar/cabecera - ::1 - [22-05-2024 21:06]"}
{"level":"info","message":"ruta: /cc/ccrenagr/preform - ::1 - [22-05-2024 21:10]"}
{"level":"info","message":"ruta: /cc/ccrenagr/buscar/cabecera - ::1 - [22-05-2024 21:10]"}
{"level":"info","message":"ruta: /cc/ccrenagr/preform - ::1 - [22-05-2024 21:10]"}
{"level":"info","message":"ruta: /cc/ccrenagr/buscar/cabecera - ::1 - [22-05-2024 21:10]"}
{"level":"info","message":"ruta: /cc/ccrenagr/preform - ::1 - [22-05-2024 21:10]"}
{"level":"info","message":"ruta: /cc/ccrenagr/buscar/cabecera - ::1 - [22-05-2024 21:10]"}
{"level":"info","message":"ruta: /cc/ccrenagr/valida/pagar - ::1 - [22-05-2024 21:10]"}
{"level":"info","message":"ruta: /cc/ccrenagr/preform - ::1 - [22-05-2024 21:11]"}
{"level":"info","message":"ruta: /cc/ccrenagr/buscar/cabecera - ::1 - [22-05-2024 21:11]"}
{"level":"info","message":"ruta: /cc/ccrenagr/valida/pagar - ::1 - [22-05-2024 21:11]"}
{"level":"info","message":"ruta: /cc/ccrenagr/preform - ::1 - [22-05-2024 21:12]"}
{"level":"info","message":"ruta: /cc/ccrenagr/buscar/cabecera - ::1 - [22-05-2024 21:12]"}
{"level":"info","message":"ruta: /cc/ccrenagr/preform - ::1 - [22-05-2024 21:14]"}
{"level":"info","message":"ruta: /cc/ccrenagr/buscar/cabecera - ::1 - [22-05-2024 21:14]"}
{"level":"info","message":"ruta: /cc/ccrenagr/preform - ::1 - [22-05-2024 21:15]"}
{"level":"info","message":"ruta: /cc/ccrenagr/buscar/cabecera - ::1 - [22-05-2024 21:15]"}
{"level":"info","message":"ruta: /cc/ccrenagr/preform - ::1 - [22-05-2024 21:15]"}
{"level":"info","message":"ruta: /cc/ccrenagr/buscar/cabecera - ::1 - [22-05-2024 21:15]"}
{"level":"info","message":"ruta: /cc/ccrenagr/valida/pagar - ::1 - [22-05-2024 21:15]"}
{"level":"info","message":"ruta: /cc/ccrenagr/preform - ::1 - [22-05-2024 21:16]"}
{"level":"info","message":"ruta: /cc/ccrenagr/buscar/cabecera - ::1 - [22-05-2024 21:16]"}
{"level":"info","message":"ruta: /cc/ccrenagr/preform - ::1 - [22-05-2024 21:16]"}
{"level":"info","message":"ruta: /cc/ccrenagr/buscar/cabecera - ::1 - [22-05-2024 21:16]"}
{"level":"info","message":"ruta: /cc/ccrenagr/preform - ::1 - [22-05-2024 21:16]"}
{"level":"info","message":"ruta: /cc/ccrenagr/buscar/cabecera - ::1 - [22-05-2024 21:16]"}
{"level":"info","message":"ruta: /cc/ccrenagr/valida/pagar - ::1 - [22-05-2024 21:16]"}
{"level":"info","message":"ruta: /cc/ccrenagr/preform - ::1 - [22-05-2024 21:18]"}
{"level":"info","message":"ruta: /cc/ccrenagr/buscar/cabecera - ::1 - [22-05-2024 21:18]"}
{"level":"info","message":"ruta: /cc/ccrenagr/valida/pagar - ::1 - [22-05-2024 21:18]"}
{"level":"info","message":"ruta: /cc/ccrenagr/preform - ::1 - [22-05-2024 21:18]"}
{"level":"info","message":"ruta: /cc/ccrenagr/preform - ::1 - [22-05-2024 21:18]"}
{"level":"info","message":"ruta: /cc/ccrenagr/buscar/cabecera - ::1 - [22-05-2024 21:18]"}
{"level":"info","message":"ruta: /cc/ccrenagr/valida/pagar - ::1 - [22-05-2024 21:18]"}
{"level":"info","message":"ruta: /cc/ccrenagr/preform - ::1 - [22-05-2024 21:20]"}
{"level":"info","message":"ruta: /cc/ccrenagr/buscar/cabecera - ::1 - [22-05-2024 21:20]"}
{"level":"info","message":"ruta: /cc/ccrenagr/preform - ::1 - [22-05-2024 21:22]"}
{"level":"info","message":"ruta: /cc/ccrenagr/buscar/cabecera - ::1 - [22-05-2024 21:22]"}
{"level":"info","message":"ruta: /cc/ccrenagr/preform - ::1 - [22-05-2024 21:22]"}
{"level":"info","message":"ruta: /cc/ccrenagr/buscar/cabecera - ::1 - [22-05-2024 21:22]"}
{"level":"info","message":"ruta: /cc/ccrenagr/valida/pagar - ::1 - [22-05-2024 21:22]"}
{"level":"info","message":"ruta: /cc/ccrenagr/preform - ::1 - [22-05-2024 21:22]"}
{"level":"info","message":"ruta: /cc/ccrenagr/buscar/cabecera - ::1 - [22-05-2024 21:22]"}
{"level":"info","message":"ruta: /cc/ccrenagr/preform - ::1 - [22-05-2024 21:28]"}
{"level":"info","message":"ruta: /cc/ccrenagr/buscar/cabecera - ::1 - [22-05-2024 21:28]"}
{"level":"info","message":"ruta: /cc/ccrenagr/preform - ::1 - [22-05-2024 21:30]"}
{"level":"info","message":"ruta: /cc/ccrenagr/buscar/cabecera - ::1 - [22-05-2024 21:30]"}
{"level":"info","message":"ruta: /cc/ccrenagr/valida/pagar - ::1 - [22-05-2024 21:30]"}
{"level":"info","message":"ruta: /cc/ccrenagr/valida/pagar - ::1 - [22-05-2024 21:30]"}
{"level":"info","message":"ruta: /cc/ccrenagr/preform - ::1 - [22-05-2024 21:34]"}
{"level":"info","message":"ruta: /cc/ccrenagr/buscar/cabecera - ::1 - [22-05-2024 21:34]"}
{"level":"info","message":"ruta: /cc/ccrenagr/preform - ::1 - [22-05-2024 21:34]"}
{"level":"info","message":"ruta: /cc/ccrenagr/buscar/cabecera - ::1 - [22-05-2024 21:34]"}
{"level":"info","message":"ruta: /cc/ccrenagr/valida/pagar - ::1 - [22-05-2024 21:34]"}
{"level":"info","message":"ruta: /cc/ccrenagr/preform - ::1 - [22-05-2024 21:35]"}
{"level":"info","message":"ruta: /cc/ccrenagr/buscar/cabecera - ::1 - [22-05-2024 21:35]"}
{"level":"info","message":"ruta: /cc/ccrenagr/preform - ::1 - [22-05-2024 21:35]"}
{"level":"info","message":"ruta: /cc/ccrenagr/buscar/cabecera - ::1 - [22-05-2024 21:35]"}
