{"level":"info","message":"ruta: /cm/cmprovec/list/proveedor - ::1 - [30-10-2023 19:39]"}
{"level":"info","message":"ruta: /cm/cmprovec/buscar/modificaDiaAnt - ::1 - [30-10-2023 19:39]"}
{"level":"info","message":"ruta: /cm/cmprovec/list/proveedor - ::1 - [30-10-2023 19:41]"}
{"level":"info","message":"ruta: /cm/cmprovec/buscar/modificaDiaAnt - ::1 - [30-10-2023 19:41]"}
{"level":"info","message":"ruta: /cm/cmprovec/list/proveedor - ::1 - [30-10-2023 19:44]"}
{"level":"info","message":"ruta: /cm/cmprovec/buscar/modificaDiaAnt - ::1 - [30-10-2023 19:44]"}
{"level":"info","message":"ruta: /cm/cmprovec/list/proveedor - ::1 - [30-10-2023 19:45]"}
{"level":"info","message":"ruta: /cm/cmprovec/buscar/modificaDiaAnt - ::1 - [30-10-2023 19:45]"}
{"level":"info","message":"ruta: /cm/cmprovec/list/proveedor - ::1 - [30-10-2023 19:46]"}
{"level":"info","message":"ruta: /cm/cmprovec/buscar/modificaDiaAnt - ::1 - [30-10-2023 19:46]"}
{"level":"info","message":"ruta: /cm/cmprovec/list/proveedor - ::1 - [30-10-2023 19:47]"}
{"level":"info","message":"ruta: /cm/cmprovec/buscar/modificaDiaAnt - ::1 - [30-10-2023 19:47]"}
{"level":"info","message":"ruta: /cm/cmprovec/list/proveedor - ::1 - [30-10-2023 19:47]"}
{"level":"info","message":"ruta: /cm/cmprovec/buscar/modificaDiaAnt - ::1 - [30-10-2023 19:47]"}
{"level":"info","message":"ruta: /cm/cmprovec/list/proveedor - ::1 - [30-10-2023 19:48]"}
{"level":"info","message":"ruta: /cm/cmprovec/buscar/modificaDiaAnt - ::1 - [30-10-2023 19:48]"}
{"level":"info","message":"ruta: /cm/cmprovec/list/proveedor - ::1 - [30-10-2023 19:48]"}
{"level":"info","message":"ruta: /cm/cmprovec/buscar/modificaDiaAnt - ::1 - [30-10-2023 19:48]"}
{"level":"info","message":"ruta: /cm/cmprovec/list/proveedor - ::1 - [30-10-2023 19:48]"}
{"level":"info","message":"ruta: /cm/cmprovec/buscar/modificaDiaAnt - ::1 - [30-10-2023 19:48]"}
{"level":"info","message":"ruta: /cm/cmprovec/list/proveedor - ::1 - [30-10-2023 19:48]"}
{"level":"info","message":"ruta: /cm/cmprovec/buscar/modificaDiaAnt - ::1 - [30-10-2023 19:48]"}
{"level":"info","message":"ruta: /cm/cmprovec/list/proveedor - ::1 - [30-10-2023 19:49]"}
{"level":"info","message":"ruta: /cm/cmprovec/buscar/modificaDiaAnt - ::1 - [30-10-2023 19:49]"}
{"level":"info","message":"ruta: /cm/cmprovec/list/proveedor - ::1 - [30-10-2023 19:51]"}
{"level":"info","message":"ruta: /cm/cmprovec/buscar/modificaDiaAnt - ::1 - [30-10-2023 19:51]"}
{"level":"info","message":"ruta: /cm/cmprovec/list/proveedor - ::1 - [30-10-2023 19:53]"}
{"level":"info","message":"ruta: /cm/cmprovec/buscar/modificaDiaAnt - ::1 - [30-10-2023 19:53]"}
{"level":"info","message":"ruta: /cm/cmprovec/list/proveedor - ::1 - [30-10-2023 19:57]"}
{"level":"info","message":"ruta: /cm/cmprovec/buscar/modificaDiaAnt - ::1 - [30-10-2023 19:57]"}
{"level":"info","message":"ruta: /cm/cmprovec/list/proveedor - ::1 - [30-10-2023 19:58]"}
{"level":"info","message":"ruta: /cm/cmprovec/buscar/modificaDiaAnt - ::1 - [30-10-2023 19:58]"}
{"level":"info","message":"ruta: /cm/cmprovec/list/proveedor - ::1 - [30-10-2023 20:02]"}
{"level":"info","message":"ruta: /cm/cmprovec/buscar/modificaDiaAnt - ::1 - [30-10-2023 20:02]"}
{"level":"info","message":"ruta: /cm/cmprovec/list/proveedor - ::1 - [30-10-2023 20:04]"}
{"level":"info","message":"ruta: /cm/cmprovec/buscar/modificaDiaAnt - ::1 - [30-10-2023 20:04]"}
{"level":"info","message":"ruta: /cm/cmprovec/list/proveedor - ::1 - [30-10-2023 20:05]"}
{"level":"info","message":"ruta: /cm/cmprovec/buscar/modificaDiaAnt - ::1 - [30-10-2023 20:05]"}
{"level":"info","message":"ruta: /cm/cmprovec/list/proveedor - ::1 - [30-10-2023 20:05]"}
{"level":"info","message":"ruta: /cm/cmprovec/buscar/modificaDiaAnt - ::1 - [30-10-2023 20:05]"}
{"level":"info","message":"ruta: /cm/cmprovec/list/proveedor - ::1 - [30-10-2023 20:06]"}
{"level":"info","message":"ruta: /cm/cmprovec/buscar/modificaDiaAnt - ::1 - [30-10-2023 20:06]"}
{"level":"info","message":"ruta: /cm/cmprovec/list/proveedor - ::1 - [30-10-2023 20:07]"}
{"level":"info","message":"ruta: /cm/cmprovec/buscar/modificaDiaAnt - ::1 - [30-10-2023 20:08]"}
{"level":"info","message":"ruta: /cm/cmprovec/list/proveedor - ::1 - [30-10-2023 20:16]"}
{"level":"info","message":"ruta: /cm/cmprovec/buscar/modificaDiaAnt - ::1 - [30-10-2023 20:16]"}
{"level":"info","message":"ruta: /cm/cmprovec/list/proveedor - ::1 - [30-10-2023 20:16]"}
{"level":"info","message":"ruta: /cm/cmprovec/buscar/modificaDiaAnt - ::1 - [30-10-2023 20:16]"}
{"level":"info","message":"ruta: /cm/cmprovec/list/proveedor - ::1 - [30-10-2023 20:16]"}
{"level":"info","message":"ruta: /cm/cmprovec/buscar/modificaDiaAnt - ::1 - [30-10-2023 20:16]"}
{"level":"info","message":"ruta: /cm/cmprovec/list/proveedor - ::1 - [30-10-2023 20:16]"}
{"level":"info","message":"ruta: /cm/cmprovec/buscar/modificaDiaAnt - ::1 - [30-10-2023 20:16]"}
{"level":"info","message":"ruta: /cm/cmprovec/list/proveedor - ::1 - [30-10-2023 20:16]"}
{"level":"info","message":"ruta: /cm/cmprovec/buscar/modificaDiaAnt - ::1 - [30-10-2023 20:16]"}
{"level":"info","message":"ruta: /cm/cmprovec/list/proveedor - ::1 - [30-10-2023 20:16]"}
{"level":"info","message":"ruta: /cm/cmprovec/buscar/modificaDiaAnt - ::1 - [30-10-2023 20:16]"}
{"level":"info","message":"ruta: /cm/cmprovec/list/proveedor - ::1 - [30-10-2023 20:19]"}
{"level":"info","message":"ruta: /cm/cmprovec/buscar/modificaDiaAnt - ::1 - [30-10-2023 20:19]"}
{"level":"info","message":"ruta: /cm/cmprovec/list/proveedor - ::1 - [30-10-2023 20:19]"}
{"level":"info","message":"ruta: /cm/cmprovec/buscar/modificaDiaAnt - ::1 - [30-10-2023 20:19]"}
{"level":"info","message":"ruta: /cm/cmprovec/list/proveedor - ::1 - [30-10-2023 20:19]"}
{"level":"info","message":"ruta: /cm/cmprovec/buscar/modificaDiaAnt - ::1 - [30-10-2023 20:19]"}
{"level":"info","message":"ruta: /cm/cmprovec/list/proveedor - ::1 - [30-10-2023 20:19]"}
{"level":"info","message":"ruta: /cm/cmprovec/buscar/modificaDiaAnt - ::1 - [30-10-2023 20:19]"}
{"level":"info","message":"ruta: /cm/cmprovec/list/proveedor - ::1 - [30-10-2023 20:20]"}
{"level":"info","message":"ruta: /cm/cmprovec/buscar/modificaDiaAnt - ::1 - [30-10-2023 20:20]"}
{"level":"info","message":"ruta: /cm/cmprovec/list/proveedor - ::1 - [30-10-2023 20:25]"}
{"level":"info","message":"ruta: /cm/cmprovec/buscar/modificaDiaAnt - ::1 - [30-10-2023 20:25]"}
{"level":"info","message":"ruta: /cm/cmprovec/list/proveedor - ::1 - [30-10-2023 20:25]"}
{"level":"info","message":"ruta: /cm/cmprovec/buscar/modificaDiaAnt - ::1 - [30-10-2023 20:25]"}
{"level":"info","message":"ruta: /cm/cmprovec/list/proveedor - ::1 - [30-10-2023 20:25]"}
{"level":"info","message":"ruta: /cm/cmprovec/buscar/modificaDiaAnt - ::1 - [30-10-2023 20:25]"}
{"level":"info","message":"ruta: /cm/cmprovec/list/proveedor - ::1 - [30-10-2023 20:26]"}
{"level":"info","message":"ruta: /cm/cmprovec/buscar/modificaDiaAnt - ::1 - [30-10-2023 20:26]"}
{"level":"info","message":"ruta: /cm/cmprovec/list/proveedor - ::1 - [30-10-2023 20:26]"}
{"level":"info","message":"ruta: /cm/cmprovec/buscar/modificaDiaAnt - ::1 - [30-10-2023 20:26]"}
{"level":"info","message":"ruta: /cm/cmprovec/list/proveedor - ::1 - [30-10-2023 20:26]"}
{"level":"info","message":"ruta: /cm/cmprovec/buscar/modificaDiaAnt - ::1 - [30-10-2023 20:26]"}
{"level":"info","message":"ruta: /cm/cmprovec/list/proveedor - ::1 - [30-10-2023 20:27]"}
{"level":"info","message":"ruta: /cm/cmprovec/buscar/modificaDiaAnt - ::1 - [30-10-2023 20:27]"}
{"level":"info","message":"ruta: /cm/cmprovec/list/proveedor - ::1 - [30-10-2023 20:29]"}
{"level":"info","message":"ruta: /cm/cmprovec/buscar/modificaDiaAnt - ::1 - [30-10-2023 20:29]"}
{"level":"info","message":"ruta: /cm/cmprovec/list/proveedor - ::1 - [30-10-2023 20:29]"}
{"level":"info","message":"ruta: /cm/cmprovec/buscar/modificaDiaAnt - ::1 - [30-10-2023 20:29]"}
{"level":"info","message":"ruta: /cm/cmprovec/list/proveedor - ::1 - [30-10-2023 20:29]"}
{"level":"info","message":"ruta: /cm/cmprovec/buscar/modificaDiaAnt - ::1 - [30-10-2023 20:29]"}
{"level":"info","message":"ruta: /cm/cmprovec/list/proveedor - ::1 - [30-10-2023 20:34]"}
{"level":"info","message":"ruta: /cm/cmprovec/buscar/modificaDiaAnt - ::1 - [30-10-2023 20:34]"}
{"level":"info","message":"ruta: /cm/cmprovec/list/proveedor - ::1 - [30-10-2023 20:34]"}
{"level":"info","message":"ruta: /cm/cmprovec/buscar/modificaDiaAnt - ::1 - [30-10-2023 20:34]"}
{"level":"info","message":"ruta: /cm/cmprovec/list/proveedor - ::1 - [30-10-2023 20:34]"}
{"level":"info","message":"ruta: /cm/cmprovec/buscar/modificaDiaAnt - ::1 - [30-10-2023 20:34]"}
{"level":"info","message":"ruta: /cm/cmprovec/list/proveedor - ::1 - [30-10-2023 20:34]"}
{"level":"info","message":"ruta: /cm/cmprovec/buscar/modificaDiaAnt - ::1 - [30-10-2023 20:34]"}
{"level":"info","message":"ruta: /cm/cmprovec/list/proveedor - ::1 - [30-10-2023 20:35]"}
{"level":"info","message":"ruta: /cm/cmprovec/buscar/modificaDiaAnt - ::1 - [30-10-2023 20:35]"}
{"level":"info","message":"ruta: /cm/cmprovec/list/proveedor - ::1 - [30-10-2023 20:36]"}
{"level":"info","message":"ruta: /cm/cmprovec/buscar/modificaDiaAnt - ::1 - [30-10-2023 20:36]"}
{"level":"info","message":"ruta: /cm/cmprovec/list/proveedor - ::1 - [30-10-2023 20:36]"}
{"level":"info","message":"ruta: /cm/cmprovec/buscar/modificaDiaAnt - ::1 - [30-10-2023 20:36]"}
{"level":"info","message":"ruta: /cm/cmprovec/list/proveedor - ::1 - [30-10-2023 20:38]"}
{"level":"info","message":"ruta: /cm/cmprovec/buscar/modificaDiaAnt - ::1 - [30-10-2023 20:38]"}
{"level":"info","message":"ruta: /cm/cmprovec/list/proveedor - ::1 - [30-10-2023 20:40]"}
{"level":"info","message":"ruta: /cm/cmprovec/buscar/modificaDiaAnt - ::1 - [30-10-2023 20:40]"}
{"level":"info","message":"ruta: /cm/cmprovec/list/proveedor - ::1 - [30-10-2023 20:41]"}
{"level":"info","message":"ruta: /cm/cmprovec/buscar/modificaDiaAnt - ::1 - [30-10-2023 20:41]"}
{"level":"info","message":"ruta: /cm/cmprovec/list/proveedor - ::1 - [30-10-2023 20:41]"}
{"level":"info","message":"ruta: /cm/cmprovec/buscar/modificaDiaAnt - ::1 - [30-10-2023 20:41]"}
{"level":"info","message":"ruta: /cm/cmprovec/list/proveedor - ::1 - [30-10-2023 20:42]"}
{"level":"info","message":"ruta: /cm/cmprovec/buscar/modificaDiaAnt - ::1 - [30-10-2023 20:42]"}
{"level":"info","message":"ruta: /cm/cmprovec/list/proveedor - ::1 - [30-10-2023 20:43]"}
{"level":"info","message":"ruta: /cm/cmprovec/buscar/modificaDiaAnt - ::1 - [30-10-2023 20:43]"}
{"level":"info","message":"ruta: /cm/cmprovec/list/proveedor - ::1 - [30-10-2023 20:44]"}
{"level":"info","message":"ruta: /cm/cmprovec/buscar/modificaDiaAnt - ::1 - [30-10-2023 20:44]"}
{"level":"info","message":"ruta: /cm/cmprovec/list/proveedor - ::1 - [30-10-2023 20:44]"}
{"level":"info","message":"ruta: /cm/cmprovec/buscar/modificaDiaAnt - ::1 - [30-10-2023 20:44]"}
{"level":"info","message":"ruta: /cm/cmprovec/list/proveedor - ::1 - [30-10-2023 20:44]"}
{"level":"info","message":"ruta: /cm/cmprovec/buscar/modificaDiaAnt - ::1 - [30-10-2023 20:44]"}
{"level":"info","message":"ruta: /cm/cmprovec/list/proveedor - ::1 - [30-10-2023 20:45]"}
{"level":"info","message":"ruta: /cm/cmprovec/buscar/modificaDiaAnt - ::1 - [30-10-2023 20:45]"}
{"level":"info","message":"ruta: /cm/cmprovec/list/proveedor - ::1 - [30-10-2023 20:46]"}
{"level":"info","message":"ruta: /cm/cmprovec/buscar/modificaDiaAnt - ::1 - [30-10-2023 20:46]"}
{"level":"info","message":"ruta: /cm/cmprovec/list/proveedor - ::1 - [30-10-2023 20:46]"}
{"level":"info","message":"ruta: /cm/cmprovec/buscar/modificaDiaAnt - ::1 - [30-10-2023 20:46]"}
{"level":"info","message":"ruta: /cm/cmprovec/list/proveedor - ::1 - [30-10-2023 20:46]"}
{"level":"info","message":"ruta: /cm/cmprovec/buscar/modificaDiaAnt - ::1 - [30-10-2023 20:46]"}
{"level":"info","message":"ruta: /cm/cmprovec/list/proveedor - ::1 - [30-10-2023 20:47]"}
{"level":"info","message":"ruta: /cm/cmprovec/buscar/modificaDiaAnt - ::1 - [30-10-2023 20:47]"}
{"level":"info","message":"ruta: /cm/cmprovec/list/proveedor - ::1 - [30-10-2023 20:47]"}
{"level":"info","message":"ruta: /cm/cmprovec/buscar/modificaDiaAnt - ::1 - [30-10-2023 20:47]"}
{"level":"info","message":"ruta: /cm/cmprovec/list/proveedor - ::1 - [30-10-2023 20:48]"}
{"level":"info","message":"ruta: /cm/cmprovec/buscar/modificaDiaAnt - ::1 - [30-10-2023 20:48]"}
{"level":"info","message":"ruta: /cm/cmprovec/list/proveedor - ::1 - [30-10-2023 20:49]"}
{"level":"info","message":"ruta: /cm/cmprovec/buscar/modificaDiaAnt - ::1 - [30-10-2023 20:49]"}
{"level":"info","message":"ruta: /cm/cmprovec/list/proveedor - ::1 - [30-10-2023 20:49]"}
{"level":"info","message":"ruta: /cm/cmprovec/buscar/modificaDiaAnt - ::1 - [30-10-2023 20:49]"}
{"level":"info","message":"ruta: /cm/cmprovec/list/proveedor - ::1 - [30-10-2023 20:49]"}
{"level":"info","message":"ruta: /cm/cmprovec/buscar/modificaDiaAnt - ::1 - [30-10-2023 20:49]"}
{"level":"info","message":"ruta: /cm/cmprovec/list/proveedor - ::1 - [30-10-2023 20:50]"}
{"level":"info","message":"ruta: /cm/cmprovec/buscar/modificaDiaAnt - ::1 - [30-10-2023 20:50]"}
{"level":"info","message":"ruta: /cm/cmprovec/list/proveedor - ::1 - [30-10-2023 20:51]"}
{"level":"info","message":"ruta: /cm/cmprovec/buscar/modificaDiaAnt - ::1 - [30-10-2023 20:51]"}
{"level":"info","message":"ruta: /cm/cmprovec/valida/limiteRendicion - ::1 - [30-10-2023 20:51]"}
{"level":"info","message":"ruta: /cm/cmprovec/list/proveedor - ::1 - [30-10-2023 20:51]"}
{"level":"info","message":"ruta: /cm/cmprovec/buscar/modificaDiaAnt - ::1 - [30-10-2023 20:51]"}
{"level":"info","message":"ruta: /cm/cmprovec/list/proveedor - ::1 - [30-10-2023 20:51]"}
{"level":"info","message":"ruta: /cm/cmprovec/buscar/modificaDiaAnt - ::1 - [30-10-2023 20:51]"}
{"level":"info","message":"ruta: /cm/cmprovec/list/proveedor - ::1 - [30-10-2023 20:52]"}
{"level":"info","message":"ruta: /cm/cmprovec/buscar/modificaDiaAnt - ::1 - [30-10-2023 20:52]"}
{"level":"info","message":"ruta: /cm/cmprovec/list/proveedor - ::1 - [30-10-2023 20:53]"}
{"level":"info","message":"ruta: /cm/cmprovec/buscar/modificaDiaAnt - ::1 - [30-10-2023 20:53]"}
{"level":"info","message":"ruta: /cm/cmprovec/list/proveedor - ::1 - [30-10-2023 21:00]"}
{"level":"info","message":"ruta: /cm/cmprovec/buscar/modificaDiaAnt - ::1 - [30-10-2023 21:00]"}
{"level":"info","message":"ruta: /cm/cmprovec/list/proveedor - ::1 - [30-10-2023 21:04]"}
{"level":"info","message":"ruta: /cm/cmprovec/buscar/modificaDiaAnt - ::1 - [30-10-2023 21:04]"}
{"level":"info","message":"ruta: /cm/cmprovec/list/proveedor - ::1 - [30-10-2023 21:04]"}
{"level":"info","message":"ruta: /cm/cmprovec/buscar/modificaDiaAnt - ::1 - [30-10-2023 21:04]"}
{"level":"info","message":"ruta: /cm/cmprovec/list/proveedor - ::1 - [30-10-2023 21:04]"}
{"level":"info","message":"ruta: /cm/cmprovec/buscar/modificaDiaAnt - ::1 - [30-10-2023 21:04]"}
{"level":"info","message":"ruta: /cm/cmprovec/list/proveedor - ::1 - [30-10-2023 21:04]"}
{"level":"info","message":"ruta: /cm/cmprovec/buscar/modificaDiaAnt - ::1 - [30-10-2023 21:04]"}
{"level":"info","message":"ruta: /cm/cmprovec/list/proveedor - ::1 - [30-10-2023 21:05]"}
{"level":"info","message":"ruta: /cm/cmprovec/buscar/modificaDiaAnt - ::1 - [30-10-2023 21:05]"}
{"level":"info","message":"ruta: /cm/cmprovec/list/proveedor - ::1 - [30-10-2023 21:05]"}
{"level":"info","message":"ruta: /cm/cmprovec/buscar/modificaDiaAnt - ::1 - [30-10-2023 21:05]"}
{"level":"info","message":"ruta: /cm/cmprovec/list/proveedor - ::1 - [30-10-2023 21:05]"}
{"level":"info","message":"ruta: /cm/cmprovec/buscar/modificaDiaAnt - ::1 - [30-10-2023 21:05]"}
{"level":"info","message":"ruta: /cm/cmprovec/list/proveedor - ::1 - [30-10-2023 21:06]"}
{"level":"info","message":"ruta: /cm/cmprovec/buscar/modificaDiaAnt - ::1 - [30-10-2023 21:06]"}
{"level":"info","message":"ruta: /cm/cmprovec/list/proveedor - ::1 - [30-10-2023 21:07]"}
{"level":"info","message":"ruta: /cm/cmprovec/buscar/modificaDiaAnt - ::1 - [30-10-2023 21:07]"}
{"level":"info","message":"ruta: /cm/cmprovec/list/proveedor - ::1 - [30-10-2023 21:08]"}
{"level":"info","message":"ruta: /cm/cmprovec/buscar/modificaDiaAnt - ::1 - [30-10-2023 21:08]"}
{"level":"info","message":"ruta: /cm/cmprovec/list/proveedor - ::1 - [30-10-2023 21:08]"}
{"level":"info","message":"ruta: /cm/cmprovec/buscar/modificaDiaAnt - ::1 - [30-10-2023 21:08]"}
{"level":"info","message":"ruta: /cm/cmprovec/valida/cuentaContable - ::1 - [30-10-2023 21:08]"}
{"level":"info","message":"ruta: /cm/cmprovec/valida/cuentaCont - ::1 - [30-10-2023 21:08]"}
{"level":"info","message":"ruta: /cm/cmprovec/valida/codCompra - ::1 - [30-10-2023 21:08]"}
{"level":"info","message":"ruta: /cm/cmprovec/valida/moneda - ::1 - [30-10-2023 21:08]"}
{"level":"info","message":"ruta: /cm/cmprovec/valida/limiteRendicion - ::1 - [30-10-2023 21:08]"}
{"level":"info","message":"ruta: /cm/cmprovec/list/proveedor - ::1 - [30-10-2023 21:08]"}
{"level":"info","message":"ruta: /cm/cmprovec/buscar/modificaDiaAnt - ::1 - [30-10-2023 21:08]"}
{"level":"info","message":"ruta: /cm/cmprovec/list/proveedor - ::1 - [30-10-2023 21:10]"}
{"level":"info","message":"ruta: /cm/cmprovec/buscar/modificaDiaAnt - ::1 - [30-10-2023 21:10]"}
{"level":"info","message":"ruta: /cm/cmprovec/list/proveedor - ::1 - [30-10-2023 21:10]"}
{"level":"info","message":"ruta: /cm/cmprovec/buscar/modificaDiaAnt - ::1 - [30-10-2023 21:10]"}
{"level":"info","message":"ruta: /cm/cmprovec/list/proveedor - ::1 - [30-10-2023 21:10]"}
{"level":"info","message":"ruta: /cm/cmprovec/buscar/modificaDiaAnt - ::1 - [30-10-2023 21:10]"}
{"level":"info","message":"ruta: /cm/cmprovec/list/proveedor - ::1 - [30-10-2023 21:10]"}
{"level":"info","message":"ruta: /cm/cmprovec/buscar/modificaDiaAnt - ::1 - [30-10-2023 21:10]"}
{"level":"info","message":"ruta: /cm/cmprovec/list/proveedor - ::1 - [30-10-2023 21:11]"}
{"level":"info","message":"ruta: /cm/cmprovec/buscar/modificaDiaAnt - ::1 - [30-10-2023 21:11]"}
{"level":"info","message":"ruta: /cm/cmprovec/list/proveedor - ::1 - [30-10-2023 21:11]"}
{"level":"info","message":"ruta: /cm/cmprovec/buscar/modificaDiaAnt - ::1 - [30-10-2023 21:11]"}
{"level":"info","message":"ruta: /cm/cmprovec/list/proveedor - ::1 - [30-10-2023 21:12]"}
{"level":"info","message":"ruta: /cm/cmprovec/buscar/modificaDiaAnt - ::1 - [30-10-2023 21:12]"}
{"level":"info","message":"ruta: /cm/cmprovec/list/proveedor - ::1 - [30-10-2023 21:12]"}
{"level":"info","message":"ruta: /cm/cmprovec/buscar/modificaDiaAnt - ::1 - [30-10-2023 21:12]"}
{"level":"info","message":"ruta: /cm/cmprovec/list/proveedor - ::1 - [30-10-2023 21:12]"}
{"level":"info","message":"ruta: /cm/cmprovec/buscar/modificaDiaAnt - ::1 - [30-10-2023 21:12]"}
{"level":"info","message":"ruta: /cm/cmprovec/list/proveedor - ::1 - [30-10-2023 21:15]"}
{"level":"info","message":"ruta: /cm/cmprovec/buscar/modificaDiaAnt - ::1 - [30-10-2023 21:15]"}
{"level":"info","message":"ruta: /cm/cmprovec/list/proveedor - ::1 - [30-10-2023 21:15]"}
{"level":"info","message":"ruta: /cm/cmprovec/buscar/modificaDiaAnt - ::1 - [30-10-2023 21:15]"}
{"level":"info","message":"ruta: /cm/cmprovec/list/proveedor - ::1 - [30-10-2023 21:15]"}
{"level":"info","message":"ruta: /cm/cmprovec/buscar/modificaDiaAnt - ::1 - [30-10-2023 21:15]"}
{"level":"info","message":"ruta: /cm/cmprovec/list/proveedor - ::1 - [30-10-2023 21:17]"}
{"level":"info","message":"ruta: /cm/cmprovec/buscar/modificaDiaAnt - ::1 - [30-10-2023 21:17]"}
{"level":"info","message":"ruta: /cm/cmprovec/list/proveedor - ::1 - [30-10-2023 21:17]"}
{"level":"info","message":"ruta: /cm/cmprovec/buscar/modificaDiaAnt - ::1 - [30-10-2023 21:17]"}
{"level":"info","message":"ruta: /cm/cmprovec/list/proveedor - ::1 - [30-10-2023 21:17]"}
{"level":"info","message":"ruta: /cm/cmprovec/buscar/modificaDiaAnt - ::1 - [30-10-2023 21:17]"}
{"level":"info","message":"ruta: /cm/cmprovec/list/proveedor - ::1 - [30-10-2023 21:17]"}
{"level":"info","message":"ruta: /cm/cmprovec/buscar/modificaDiaAnt - ::1 - [30-10-2023 21:17]"}
{"level":"info","message":"ruta: /cm/cmprovec/list/proveedor - ::1 - [30-10-2023 21:18]"}
{"level":"info","message":"ruta: /cm/cmprovec/buscar/modificaDiaAnt - ::1 - [30-10-2023 21:18]"}
{"level":"info","message":"ruta: /cm/cmprovec/list/proveedor - ::1 - [30-10-2023 21:18]"}
{"level":"info","message":"ruta: /cm/cmprovec/buscar/modificaDiaAnt - ::1 - [30-10-2023 21:18]"}
{"level":"info","message":"ruta: /cm/cmprovec/list/proveedor - ::1 - [30-10-2023 21:18]"}
{"level":"info","message":"ruta: /cm/cmprovec/buscar/modificaDiaAnt - ::1 - [30-10-2023 21:18]"}
{"level":"info","message":"ruta: /cm/cmprovec/list/proveedor - ::1 - [30-10-2023 21:18]"}
{"level":"info","message":"ruta: /cm/cmprovec/buscar/modificaDiaAnt - ::1 - [30-10-2023 21:18]"}
{"level":"info","message":"ruta: /cm/cmprovec/list/proveedor - ::1 - [30-10-2023 21:18]"}
{"level":"info","message":"ruta: /cm/cmprovec/buscar/modificaDiaAnt - ::1 - [30-10-2023 21:18]"}
{"level":"info","message":"ruta: /cm/cmprovec/list/proveedor - ::1 - [30-10-2023 21:18]"}
{"level":"info","message":"ruta: /cm/cmprovec/buscar/modificaDiaAnt - ::1 - [30-10-2023 21:18]"}
{"level":"info","message":"ruta: /cm/cmprovec/list/proveedor - ::1 - [30-10-2023 21:19]"}
{"level":"info","message":"ruta: /cm/cmprovec/buscar/modificaDiaAnt - ::1 - [30-10-2023 21:19]"}
{"level":"info","message":"ruta: /cm/cmprovec/list/proveedor - ::1 - [30-10-2023 21:20]"}
{"level":"info","message":"ruta: /cm/cmprovec/buscar/modificaDiaAnt - ::1 - [30-10-2023 21:20]"}
{"level":"info","message":"ruta: /cm/cmprovec/list/proveedor - ::1 - [30-10-2023 21:21]"}
{"level":"info","message":"ruta: /cm/cmprovec/buscar/modificaDiaAnt - ::1 - [30-10-2023 21:21]"}
{"level":"info","message":"ruta: /cm/cmprovec/list/proveedor - ::1 - [30-10-2023 21:21]"}
{"level":"info","message":"ruta: /cm/cmprovec/list/proveedor - ::1 - [30-10-2023 21:21]"}
{"level":"info","message":"ruta: /cm/cmprovec/list/proveedor - ::1 - [30-10-2023 21:21]"}
{"level":"info","message":"ruta: /cm/cmprovec/list/proveedor - ::1 - [30-10-2023 21:22]"}
{"level":"info","message":"ruta: /cm/cmprovec/list/proveedor - ::1 - [30-10-2023 21:22]"}
{"level":"info","message":"ruta: /cm/cmprovec/list/proveedor - ::1 - [30-10-2023 21:22]"}
{"level":"info","message":"ruta: /cm/cmprovec/list/proveedor - ::1 - [30-10-2023 21:23]"}
{"level":"info","message":"ruta: /cm/cmprovec/list/proveedor - ::1 - [30-10-2023 21:26]"}
{"level":"info","message":"ruta: /cm/cmprovec/buscar/modificaDiaAnt - ::1 - [30-10-2023 21:26]"}
{"level":"info","message":"ruta: /cm/cmprovec/list/proveedor - ::1 - [30-10-2023 21:26]"}
{"level":"info","message":"ruta: /cm/cmprovec/list/proveedor - ::1 - [30-10-2023 21:26]"}
{"level":"info","message":"ruta: /cm/cmprovec/list/proveedor - ::1 - [30-10-2023 21:26]"}
{"level":"info","message":"ruta: /cm/cmprovec/list/proveedor - ::1 - [30-10-2023 21:26]"}
{"level":"info","message":"ruta: /cm/cmprovec/list/proveedor - ::1 - [30-10-2023 21:26]"}
{"level":"info","message":"ruta: /cm/cmprovec/list/proveedor - ::1 - [30-10-2023 21:26]"}
{"level":"info","message":"ruta: /cm/cmprovec/list/proveedor - ::1 - [30-10-2023 21:26]"}
{"level":"info","message":"ruta: /cm/cmprovec/list/proveedor - ::1 - [30-10-2023 21:26]"}
{"level":"info","message":"ruta: /cm/cmprovec/list/proveedor - ::1 - [30-10-2023 21:26]"}
{"level":"info","message":"ruta: /cm/cmprovec/list/proveedor - ::1 - [30-10-2023 21:26]"}
{"level":"info","message":"ruta: /cm/cmprovec/list/proveedor - ::1 - [30-10-2023 21:26]"}
{"level":"info","message":"ruta: /cm/cmprovec/list/proveedor - ::1 - [30-10-2023 21:26]"}
{"level":"info","message":"ruta: /cm/cmprovec/list/proveedor - ::1 - [30-10-2023 21:27]"}
{"level":"info","message":"ruta: /cm/cmprovec/list/proveedor - ::1 - [30-10-2023 21:27]"}
{"level":"info","message":"ruta: /cm/cmprovec/list/proveedor - ::1 - [30-10-2023 21:27]"}
{"level":"info","message":"ruta: /cm/cmprovec/list/proveedor - ::1 - [30-10-2023 21:27]"}
{"level":"info","message":"ruta: /cm/cmprovec/list/proveedor - ::1 - [30-10-2023 21:27]"}
{"level":"info","message":"ruta: /cm/cmprovec/list/proveedor - ::1 - [30-10-2023 21:27]"}
{"level":"info","message":"ruta: /cm/cmprovec/list/proveedor - ::1 - [30-10-2023 21:27]"}
{"level":"info","message":"ruta: /cm/cmprovec/list/proveedor - ::1 - [30-10-2023 21:27]"}
{"level":"info","message":"ruta: /cm/cmprovec/list/proveedor - ::1 - [30-10-2023 21:27]"}
{"level":"info","message":"ruta: /cm/cmprovec/list/proveedor - ::1 - [30-10-2023 21:27]"}
{"level":"info","message":"ruta: /cm/cmprovec/list/proveedor - ::1 - [30-10-2023 21:27]"}
{"level":"info","message":"ruta: /cm/cmprovec/list/proveedor - ::1 - [30-10-2023 21:27]"}
{"level":"info","message":"ruta: /cm/cmprovec/buscar/modificaDiaAnt - ::1 - [30-10-2023 21:27]"}
{"level":"info","message":"ruta: /cm/cmprovec/valida/cuentaContable - ::1 - [30-10-2023 21:27]"}
{"level":"info","message":"ruta: /cm/cmprovec/valida/cuentaCont - ::1 - [30-10-2023 21:27]"}
{"level":"info","message":"ruta: /cm/cmprovec/valida/codCompra - ::1 - [30-10-2023 21:27]"}
{"level":"info","message":"ruta: /cm/cmprovec/valida/moneda - ::1 - [30-10-2023 21:27]"}
{"level":"info","message":"ruta: /cm/cmprovec/list/proveedor - ::1 - [30-10-2023 21:27]"}
{"level":"info","message":"ruta: /cm/cmprovec/buscar/modificaDiaAnt - ::1 - [30-10-2023 21:27]"}
{"level":"info","message":"ruta: /cm/cmprovec/list/proveedor - ::1 - [30-10-2023 21:28]"}
{"level":"info","message":"ruta: /cm/cmprovec/buscar/modificaDiaAnt - ::1 - [30-10-2023 21:28]"}
{"level":"info","message":"ruta: /cm/cmprovec/list/proveedor - ::1 - [30-10-2023 21:30]"}
{"level":"info","message":"ruta: /cm/cmprovec/buscar/modificaDiaAnt - ::1 - [30-10-2023 21:30]"}
{"level":"info","message":"ruta: /cm/cmprovec/list/proveedor - ::1 - [30-10-2023 21:34]"}
{"level":"info","message":"ruta: /cm/cmprovec/buscar/modificaDiaAnt - ::1 - [30-10-2023 21:34]"}
{"level":"info","message":"ruta: /cm/cmprovec/list/proveedor - ::1 - [30-10-2023 21:34]"}
{"level":"info","message":"ruta: /cm/cmprovec/buscar/modificaDiaAnt - ::1 - [30-10-2023 21:34]"}
{"level":"info","message":"ruta: /cm/cmprovec/list/proveedor - ::1 - [30-10-2023 21:34]"}
{"level":"info","message":"ruta: /cm/cmprovec/buscar/modificaDiaAnt - ::1 - [30-10-2023 21:34]"}
{"level":"info","message":"ruta: /cm/cmprovec/list/proveedor - ::1 - [30-10-2023 21:34]"}
{"level":"info","message":"ruta: /cm/cmprovec/buscar/modificaDiaAnt - ::1 - [30-10-2023 21:34]"}
{"level":"info","message":"ruta: /cm/cmprovec/valida/cuentaContable - ::1 - [30-10-2023 21:34]"}
{"level":"info","message":"ruta: /cm/cmprovec/list/proveedor - ::1 - [30-10-2023 21:35]"}
{"level":"info","message":"ruta: /cm/cmprovec/buscar/modificaDiaAnt - ::1 - [30-10-2023 21:35]"}
{"level":"info","message":"ruta: /cm/cmprovec/list/proveedor - ::1 - [30-10-2023 21:35]"}
{"level":"info","message":"ruta: /cm/cmprovec/buscar/modificaDiaAnt - ::1 - [30-10-2023 21:35]"}
{"level":"info","message":"ruta: /cm/cmprovec/valida/cuentaContable - ::1 - [30-10-2023 21:35]"}
{"level":"info","message":"ruta: /cm/cmprovec/valida/cuentaCont - ::1 - [30-10-2023 21:35]"}
{"level":"info","message":"ruta: /cm/cmprovec/list/proveedor - ::1 - [30-10-2023 21:35]"}
{"level":"info","message":"ruta: /cm/cmprovec/buscar/modificaDiaAnt - ::1 - [30-10-2023 21:35]"}
{"level":"info","message":"ruta: /cm/cmprovec/valida/cuentaContable - ::1 - [30-10-2023 21:35]"}
{"level":"info","message":"ruta: /cm/cmprovec/valida/cuentaCont - ::1 - [30-10-2023 21:35]"}
