{"level":"info","message":"ruta: /st/stentsal/list/detalle - ::1 - [24-01-2024 19:29]"}
{"level":"info","message":"ruta: /st/stentsal/valida/deposito - ::1 - [24-01-2024 19:30]"}
{"level":"info","message":"ruta: /st/stentsal/valida/proveedor - ::1 - [24-01-2024 19:30]"}
{"level":"info","message":"ruta: /st/stentsal/valida/proveedor - ::1 - [24-01-2024 19:30]"}
{"level":"info","message":"ruta: /st/stentsal/valida/proveedor - ::1 - [24-01-2024 19:30]"}
{"level":"info","message":"ruta: /st/stentsal/valida/moneda - ::1 - [24-01-2024 19:30]"}
{"level":"info","message":"ruta: /st/stentsal/valida/articulo - ::1 - [24-01-2024 19:30]"}
{"level":"info","message":"ruta: /st/stentsal/valida/articulo - ::1 - [24-01-2024 19:30]"}
{"level":"info","message":"ruta: /st/stentsal/valida/um - ::1 - [24-01-2024 19:30]"}
{"level":"info","message":"ruta: /st/stentsal/valida/cantidad - ::1 - [24-01-2024 19:30]"}
{"level":"info","message":"ruta: /st/stentsal/valida/cantidad - ::1 - [24-01-2024 19:30]"}
{"level":"info","message":"ruta: /st/stentsal/list/detalle - ::1 - [24-01-2024 19:31]"}
{"level":"info","message":"ruta: /st/starticu/list/relaciones - ::1 - [24-01-2024 19:32]"}
{"level":"info","message":"ruta: /cm/cmprovec/list/proveedor - ::1 - [24-01-2024 19:32]"}
{"level":"info","message":"ruta: /cm/cmprovec/buscar/modificaDiaAnt - ::1 - [24-01-2024 19:32]"}
{"level":"info","message":"ruta: /vt/vtclient/preform - ::1 - [24-01-2024 19:32]"}
{"level":"info","message":"ruta: /vt/vtclient/listDet - ::1 - [24-01-2024 19:32]"}
{"level":"info","message":"ruta: /vt/vtlispre/listDet - ::1 - [24-01-2024 19:32]"}
{"level":"info","message":"ruta: /st/stentsal/list/detalle - ::1 - [24-01-2024 19:34]"}
{"level":"info","message":"ruta: /st/stentsal/valida/moneda - ::1 - [24-01-2024 19:35]"}
{"level":"info","message":"ruta: /st/stentsal/valida/moneda - ::1 - [24-01-2024 19:35]"}
{"level":"info","message":"ruta: /st/stentsal/list/detalle - ::1 - [24-01-2024 19:35]"}
{"level":"info","message":"ruta: /st/stentsal/list/detalle - ::1 - [24-01-2024 19:35]"}
{"level":"info","message":"ruta: /st/stentsal/list/detalle - ::1 - [24-01-2024 19:35]"}
{"level":"info","message":"ruta: /st/stentsal/valida/sucursal - ::1 - [24-01-2024 19:35]"}
{"level":"info","message":"ruta: /st/stentsal/valida/motivo - ::1 - [24-01-2024 19:35]"}
{"level":"info","message":"ruta: /st/stentsal/valida/deposito - ::1 - [24-01-2024 19:35]"}
{"level":"info","message":"ruta: /st/stentsal/valida/proveedor - ::1 - [24-01-2024 19:35]"}
{"level":"info","message":"ruta: /st/stentsal/valida/proveedor - ::1 - [24-01-2024 19:35]"}
{"level":"info","message":"ruta: /st/stentsal/valida/moneda - ::1 - [24-01-2024 19:35]"}
{"level":"info","message":"ruta: /st/stentsal/valida/articulo - ::1 - [24-01-2024 19:35]"}
{"level":"info","message":"ruta: /st/stentsal/valida/articulo - ::1 - [24-01-2024 19:35]"}
{"level":"info","message":"ruta: /st/stentsal/valida/um - ::1 - [24-01-2024 19:35]"}
{"level":"info","message":"ruta: /st/stentsal/valida/cantidad - ::1 - [24-01-2024 19:35]"}
{"level":"info","message":"ruta: /st/stentsal/list/detalle - ::1 - [24-01-2024 19:44]"}
{"level":"info","message":"ruta: /st/stentsal/list/detalle - ::1 - [24-01-2024 19:49]"}
{"level":"info","message":"ruta: /st/stentsal/list/detalle - ::1 - [24-01-2024 19:49]"}
{"level":"info","message":"ruta: /st/stentsal/list/detalle - ::1 - [24-01-2024 19:51]"}
{"level":"info","message":"ruta: /st/stentsal/list/detalle - ::1 - [24-01-2024 19:51]"}
{"level":"info","message":"ruta: /st/stentsal/list/detalle - ::1 - [24-01-2024 19:51]"}
{"level":"info","message":"ruta: /st/stentsal/valida/deposito - ::1 - [24-01-2024 19:51]"}
{"level":"info","message":"ruta: /st/stentsal/valida/proveedor - ::1 - [24-01-2024 19:51]"}
{"level":"info","message":"ruta: /st/stentsal/valida/moneda - ::1 - [24-01-2024 19:51]"}
{"level":"info","message":"ruta: /st/stentsal/valida/articulo - ::1 - [24-01-2024 19:51]"}
{"level":"info","message":"ruta: /st/stentsal/valida/articulo - ::1 - [24-01-2024 19:51]"}
{"level":"info","message":"ruta: /st/stentsal/valida/articulo - ::1 - [24-01-2024 19:51]"}
{"level":"info","message":"ruta: /st/stentsal/valida/articulo - ::1 - [24-01-2024 19:51]"}
{"level":"info","message":"ruta: /st/stentsal/valida/um - ::1 - [24-01-2024 19:51]"}
{"level":"info","message":"ruta: /st/stentsal/valida/cantidad - ::1 - [24-01-2024 19:51]"}
{"level":"info","message":"ruta: /st/stentsal/list/detalle - ::1 - [24-01-2024 19:52]"}
{"level":"info","message":"ruta: /st/stentsal/list/detalle - ::1 - [24-01-2024 19:52]"}
{"level":"info","message":"ruta: /st/stentsal/list/detalle - ::1 - [24-01-2024 19:52]"}
{"level":"info","message":"ruta: /st/stentsal/list/detalle - ::1 - [24-01-2024 19:53]"}
{"level":"info","message":"ruta: /st/stentsal/list/detalle - ::1 - [24-01-2024 19:54]"}
{"level":"info","message":"ruta: /st/stentsal/list/detalle - ::1 - [24-01-2024 19:55]"}
{"level":"info","message":"ruta: /st/stentsal/list/detalle - ::1 - [24-01-2024 19:56]"}
{"level":"info","message":"ruta: /st/stentsal/list/detalle - ::1 - [24-01-2024 19:56]"}
{"level":"info","message":"ruta: /st/stentsal/valida/moneda - ::1 - [24-01-2024 19:56]"}
{"level":"info","message":"ruta: /st/stentsal/valida/articulo - ::1 - [24-01-2024 19:56]"}
{"level":"info","message":"ruta: /st/stentsal/valida/articulo - ::1 - [24-01-2024 19:56]"}
{"level":"info","message":"ruta: /st/stentsal/valida/um - ::1 - [24-01-2024 19:56]"}
{"level":"info","message":"ruta: /st/stentsal/valida/deposito - ::1 - [24-01-2024 19:56]"}
{"level":"info","message":"ruta: /st/stentsal/valida/deposito - ::1 - [24-01-2024 19:56]"}
{"level":"info","message":"ruta: /st/stentsal/valida/deposito - ::1 - [24-01-2024 19:56]"}
{"level":"info","message":"ruta: /st/stentsal/valida/proveedor - ::1 - [24-01-2024 19:56]"}
{"level":"info","message":"ruta: /st/stentsal/valida/proveedor - ::1 - [24-01-2024 19:56]"}
{"level":"info","message":"ruta: /st/stentsal/valida/moneda - ::1 - [24-01-2024 19:56]"}
{"level":"info","message":"ruta: /st/stentsal/valida/um - ::1 - [24-01-2024 19:56]"}
{"level":"info","message":"ruta: /st/stentsal/valida/cantidad - ::1 - [24-01-2024 19:56]"}
{"level":"info","message":"ruta: /st/stentsal/valida/cantidad - ::1 - [24-01-2024 19:56]"}
{"level":"info","message":"ruta: /st/stentsal/list/detalle - ::1 - [24-01-2024 19:56]"}
{"level":"info","message":"ruta: /st/stentsal/list/detalle - ::1 - [24-01-2024 19:57]"}
{"level":"info","message":"ruta: /st/stentsal/list/detalle - ::1 - [24-01-2024 19:57]"}
{"level":"info","message":"ruta: /st/stentsal/list/cabecera - ::1 - [24-01-2024 19:57]"}
{"level":"info","message":"ruta: /st/stentsal/list/postqueryCab - ::1 - [24-01-2024 19:57]"}
{"level":"info","message":"ruta: /st/stentsal/list/detalle - ::1 - [24-01-2024 19:57]"}
{"level":"info","message":"ruta: /st/stentsal/list/postqueryCab - ::1 - [24-01-2024 19:57]"}
{"level":"info","message":"ruta: /st/stentsal/list/detalle - ::1 - [24-01-2024 19:57]"}
{"level":"info","message":"ruta: /st/stentsal/list/postqueryCab - ::1 - [24-01-2024 19:57]"}
{"level":"info","message":"ruta: /st/stentsal/list/detalle - ::1 - [24-01-2024 19:57]"}
{"level":"info","message":"ruta: /st/stentsal/list/detalle - ::1 - [24-01-2024 19:57]"}
{"level":"info","message":"ruta: /st/stentsal/list/detalle - ::1 - [24-01-2024 19:57]"}
{"level":"info","message":"ruta: /st/stentsal/list/postqueryCab - ::1 - [24-01-2024 19:57]"}
{"level":"info","message":"ruta: /st/stentsal/list/detalle - ::1 - [24-01-2024 19:57]"}
{"level":"info","message":"ruta: /st/stentsal/list/postqueryCab - ::1 - [24-01-2024 19:57]"}
{"level":"info","message":"ruta: /st/stentsal/list/detalle - ::1 - [24-01-2024 19:57]"}
{"level":"info","message":"ruta: /st/stentsal/list/detalle - ::1 - [24-01-2024 19:58]"}
{"level":"info","message":"ruta: /st/stentsal/list/cabecera - ::1 - [24-01-2024 19:58]"}
{"level":"info","message":"ruta: /st/stentsal/list/postqueryCab - ::1 - [24-01-2024 19:58]"}
{"level":"info","message":"ruta: /st/stentsal/list/detalle - ::1 - [24-01-2024 19:58]"}
{"level":"info","message":"ruta: /st/stentsal/list/detalle - ::1 - [24-01-2024 20:04]"}
{"level":"info","message":"ruta: /st/stentsal/list/detalle - ::1 - [24-01-2024 20:07]"}
{"level":"info","message":"ruta: /st/stentsal/list/cabecera - ::1 - [24-01-2024 20:07]"}
{"level":"info","message":"ruta: /st/stentsal/list/postqueryCab - ::1 - [24-01-2024 20:07]"}
{"level":"info","message":"ruta: /st/stentsal/list/detalle - ::1 - [24-01-2024 20:07]"}
{"level":"info","message":"ruta: /st/stentsal/list/detalle - ::1 - [24-01-2024 20:10]"}
{"level":"info","message":"ruta: /st/stentsal/valida/sucursal - ::1 - [24-01-2024 20:10]"}
{"level":"info","message":"ruta: /st/stentsal/valida/motivo - ::1 - [24-01-2024 20:10]"}
{"level":"info","message":"ruta: /st/stentsal/valida/motivo - ::1 - [24-01-2024 20:10]"}
{"level":"info","message":"ruta: /st/stentsal/valida/deposito - ::1 - [24-01-2024 20:10]"}
{"level":"info","message":"ruta: /st/stentsal/valida/proveedor - ::1 - [24-01-2024 20:10]"}
{"level":"info","message":"ruta: /st/stentsal/valida/moneda - ::1 - [24-01-2024 20:10]"}
{"level":"info","message":"ruta: /st/stentsal/valida/articulo - ::1 - [24-01-2024 20:10]"}
{"level":"info","message":"ruta: /st/stentsal/valida/articulo - ::1 - [24-01-2024 20:10]"}
{"level":"info","message":"ruta: /st/stentsal/valida/um - ::1 - [24-01-2024 20:10]"}
{"level":"info","message":"ruta: /st/stentsal/valida/cantidad - ::1 - [24-01-2024 20:10]"}
{"level":"info","message":"ruta: /st/stentsal/list/detalle - ::1 - [24-01-2024 20:16]"}
{"level":"info","message":"ruta: /st/stentsal/valida/sucursal - ::1 - [24-01-2024 20:16]"}
{"level":"info","message":"ruta: /st/stentsal/valida/motivo - ::1 - [24-01-2024 20:16]"}
{"level":"info","message":"ruta: /st/stentsal/valida/motivo - ::1 - [24-01-2024 20:16]"}
{"level":"info","message":"ruta: /st/stentsal/valida/deposito - ::1 - [24-01-2024 20:16]"}
{"level":"info","message":"ruta: /st/stentsal/valida/proveedor - ::1 - [24-01-2024 20:16]"}
{"level":"info","message":"ruta: /st/stentsal/valida/moneda - ::1 - [24-01-2024 20:16]"}
{"level":"info","message":"ruta: /st/stentsal/valida/moneda - ::1 - [24-01-2024 20:16]"}
{"level":"info","message":"ruta: /st/stentsal/valida/moneda - ::1 - [24-01-2024 20:16]"}
{"level":"info","message":"ruta: /st/stentsal/valida/articulo - ::1 - [24-01-2024 20:17]"}
{"level":"info","message":"ruta: /st/stentsal/valida/um - ::1 - [24-01-2024 20:17]"}
{"level":"info","message":"ruta: /st/stentsal/valida/cantidad - ::1 - [24-01-2024 20:17]"}
{"level":"info","message":"ruta: /st/stentsal/list/detalle - ::1 - [24-01-2024 20:17]"}
{"level":"info","message":"ruta: /st/stentsal/list/detalle - ::1 - [24-01-2024 20:17]"}
{"level":"info","message":"ruta: /st/stentsal/list/detalle - ::1 - [24-01-2024 20:18]"}
{"level":"info","message":"ruta: /st/stentsal/valida/sucursal - ::1 - [24-01-2024 20:18]"}
{"level":"info","message":"ruta: /st/stentsal/valida/motivo - ::1 - [24-01-2024 20:18]"}
{"level":"info","message":"ruta: /st/stentsal/valida/deposito - ::1 - [24-01-2024 20:18]"}
{"level":"info","message":"ruta: /st/stentsal/valida/deposito - ::1 - [24-01-2024 20:18]"}
{"level":"info","message":"ruta: /st/stentsal/valida/deposito - ::1 - [24-01-2024 20:18]"}
{"level":"info","message":"ruta: /st/stentsal/valida/proveedor - ::1 - [24-01-2024 20:18]"}
{"level":"info","message":"ruta: /st/stentsal/valida/moneda - ::1 - [24-01-2024 20:18]"}
{"level":"info","message":"ruta: /st/stentsal/valida/articulo - ::1 - [24-01-2024 20:18]"}
{"level":"info","message":"ruta: /st/stentsal/valida/um - ::1 - [24-01-2024 20:18]"}
{"level":"info","message":"ruta: /st/stentsal/valida/cantidad - ::1 - [24-01-2024 20:18]"}
{"level":"info","message":"ruta: /st/stentsal/list/detalle - ::1 - [24-01-2024 20:19]"}
{"level":"info","message":"ruta: /st/stentsal/list/detalle - ::1 - [24-01-2024 20:20]"}
{"level":"info","message":"ruta: /st/stentsal/list/detalle - ::1 - [24-01-2024 20:20]"}
{"level":"info","message":"ruta: /st/stentsal/valida/sucursal - ::1 - [24-01-2024 20:20]"}
{"level":"info","message":"ruta: /st/stentsal/valida/motivo - ::1 - [24-01-2024 20:20]"}
{"level":"info","message":"ruta: /st/stentsal/valida/motivo - ::1 - [24-01-2024 20:20]"}
{"level":"info","message":"ruta: /st/stentsal/valida/deposito - ::1 - [24-01-2024 20:20]"}
{"level":"info","message":"ruta: /st/stentsal/valida/proveedor - ::1 - [24-01-2024 20:21]"}
{"level":"info","message":"ruta: /st/stentsal/valida/proveedor - ::1 - [24-01-2024 20:21]"}
{"level":"info","message":"ruta: /st/stentsal/valida/moneda - ::1 - [24-01-2024 20:21]"}
{"level":"info","message":"ruta: /st/stentsal/valida/moneda - ::1 - [24-01-2024 20:21]"}
{"level":"info","message":"ruta: /st/stentsal/valida/articulo - ::1 - [24-01-2024 20:21]"}
{"level":"info","message":"ruta: /st/stentsal/valida/articulo - ::1 - [24-01-2024 20:21]"}
{"level":"info","message":"ruta: /st/stentsal/valida/um - ::1 - [24-01-2024 20:21]"}
{"level":"info","message":"ruta: /st/stentsal/valida/cantidad - ::1 - [24-01-2024 20:21]"}
{"level":"info","message":"ruta: /st/stentsal/valida/cantidad - ::1 - [24-01-2024 20:21]"}
{"level":"info","message":"ruta: /st/stentsal/list/detalle - ::1 - [24-01-2024 20:21]"}
{"level":"info","message":"ruta: /st/stentsal/valida/sucursal - ::1 - [24-01-2024 20:22]"}
{"level":"info","message":"ruta: /st/stentsal/valida/motivo - ::1 - [24-01-2024 20:22]"}
{"level":"info","message":"ruta: /st/stentsal/valida/deposito - ::1 - [24-01-2024 20:22]"}
{"level":"info","message":"ruta: /st/stentsal/valida/deposito - ::1 - [24-01-2024 20:22]"}
{"level":"info","message":"ruta: /st/stentsal/valida/proveedor - ::1 - [24-01-2024 20:22]"}
{"level":"info","message":"ruta: /st/stentsal/valida/moneda - ::1 - [24-01-2024 20:22]"}
{"level":"info","message":"ruta: /st/stentsal/valida/articulo - ::1 - [24-01-2024 20:22]"}
{"level":"info","message":"ruta: /st/stentsal/valida/um - ::1 - [24-01-2024 20:22]"}
{"level":"info","message":"ruta: /st/stentsal/valida/cantidad - ::1 - [24-01-2024 20:22]"}
{"level":"info","message":"ruta: /st/stentsal/valida/cantidad - ::1 - [24-01-2024 20:22]"}
{"level":"info","message":"ruta: /st/stentsal/valida/cantidad - ::1 - [24-01-2024 20:22]"}
{"level":"info","message":"ruta: /st/stentsal/valida/cantidad - ::1 - [24-01-2024 20:22]"}
{"level":"info","message":"ruta: /st/stentsal/valida/cantidad - ::1 - [24-01-2024 20:22]"}
{"level":"info","message":"ruta: /st/stentsal/list/detalle - ::1 - [24-01-2024 20:24]"}
{"level":"info","message":"ruta: /st/stentsal/valida/deposito - ::1 - [24-01-2024 20:25]"}
{"level":"info","message":"ruta: /st/stentsal/valida/articulo - ::1 - [24-01-2024 20:25]"}
{"level":"info","message":"ruta: /st/stentsal/valida/moneda - ::1 - [24-01-2024 20:25]"}
{"level":"info","message":"ruta: /st/stentsal/valida/um - ::1 - [24-01-2024 20:25]"}
{"level":"info","message":"ruta: /st/stentsal/valida/um - ::1 - [24-01-2024 20:25]"}
{"level":"info","message":"ruta: /st/stentsal/valida/cantidad - ::1 - [24-01-2024 20:25]"}
{"level":"info","message":"ruta: /st/stentsal/valida/cantidad - ::1 - [24-01-2024 20:25]"}
{"level":"info","message":"ruta: /st/stentsal/list/detalle - ::1 - [24-01-2024 20:32]"}
{"level":"info","message":"ruta: /st/stentsal/valida/deposito - ::1 - [24-01-2024 20:32]"}
{"level":"info","message":"ruta: /st/stentsal/valida/deposito - ::1 - [24-01-2024 20:32]"}
{"level":"info","message":"ruta: /st/stentsal/valida/deposito - ::1 - [24-01-2024 20:32]"}
{"level":"info","message":"ruta: /st/stentsal/valida/articulo - ::1 - [24-01-2024 20:32]"}
{"level":"info","message":"ruta: /st/stentsal/valida/moneda - ::1 - [24-01-2024 20:33]"}
{"level":"info","message":"ruta: /st/stentsal/valida/um - ::1 - [24-01-2024 20:33]"}
{"level":"info","message":"ruta: /st/stentsal/valida/um - ::1 - [24-01-2024 20:33]"}
{"level":"info","message":"ruta: /st/stentsal/valida/um - ::1 - [24-01-2024 20:33]"}
{"level":"info","message":"ruta: /st/stentsal/valida/cantidad - ::1 - [24-01-2024 20:33]"}
{"level":"info","message":"ruta: /st/stentsal/valida/um - ::1 - [24-01-2024 20:33]"}
{"level":"info","message":"ruta: /st/stentsal/valida/um - ::1 - [24-01-2024 20:34]"}
{"level":"info","message":"ruta: /st/stentsal/valida/cantidad - ::1 - [24-01-2024 20:34]"}
{"level":"info","message":"ruta: /st/stentsal/valida/cantidad - ::1 - [24-01-2024 20:42]"}
{"level":"info","message":"ruta: /st/stentsal/valida/cantidad - ::1 - [24-01-2024 20:43]"}
{"level":"info","message":"ruta: /st/stentsal/valida/cantidad - ::1 - [24-01-2024 20:43]"}
{"level":"info","message":"ruta: /st/stentsal/valida/cantidad - ::1 - [24-01-2024 20:44]"}
{"level":"info","message":"ruta: /st/stentsal/valida/cantidad - ::1 - [24-01-2024 20:44]"}
{"level":"info","message":"ruta: /st/stentsal/valida/cantidad - ::1 - [24-01-2024 20:44]"}
{"level":"info","message":"ruta: /st/stentsal/valida/cantidad - ::1 - [24-01-2024 20:44]"}
{"level":"info","message":"ruta: /st/stentsal/valida/cantidad - ::1 - [24-01-2024 20:44]"}
{"level":"info","message":"ruta: /st/stentsal/valida/cantidad - ::1 - [24-01-2024 20:44]"}
{"level":"info","message":"ruta: /st/stentsal/list/detalle - ::1 - [24-01-2024 20:46]"}
{"level":"info","message":"ruta: /st/stentsal/valida/sucursal - ::1 - [24-01-2024 20:47]"}
{"level":"info","message":"ruta: /st/stentsal/valida/motivo - ::1 - [24-01-2024 20:47]"}
{"level":"info","message":"ruta: /st/stentsal/valida/motivo - ::1 - [24-01-2024 20:47]"}
{"level":"info","message":"ruta: /st/stentsal/valida/deposito - ::1 - [24-01-2024 20:47]"}
{"level":"info","message":"ruta: /st/stentsal/valida/deposito - ::1 - [24-01-2024 20:47]"}
{"level":"info","message":"ruta: /st/stentsal/valida/proveedor - ::1 - [24-01-2024 20:47]"}
{"level":"info","message":"ruta: /st/stentsal/valida/moneda - ::1 - [24-01-2024 20:47]"}
{"level":"info","message":"ruta: /st/stentsal/valida/moneda - ::1 - [24-01-2024 20:47]"}
{"level":"info","message":"ruta: /st/stentsal/valida/articulo - ::1 - [24-01-2024 20:47]"}
{"level":"info","message":"ruta: /st/stentsal/valida/um - ::1 - [24-01-2024 20:47]"}
{"level":"info","message":"ruta: /st/stentsal/valida/cantidad - ::1 - [24-01-2024 20:47]"}
{"level":"info","message":"ruta: /st/stentsal/valida/cantidad - ::1 - [24-01-2024 20:48]"}
{"level":"info","message":"ruta: /st/stentsal/valida/cantidad - ::1 - [24-01-2024 20:48]"}
{"level":"info","message":"ruta: /st/stentsal/valida/cantidad - ::1 - [24-01-2024 20:49]"}
{"level":"info","message":"ruta: /st/stentsal/valida/cantidad - ::1 - [24-01-2024 20:49]"}
{"level":"info","message":"ruta: /st/stentsal/valida/cantidad - ::1 - [24-01-2024 20:49]"}
{"level":"info","message":"ruta: /st/stentsal/list/detalle - ::1 - [24-01-2024 20:50]"}
{"level":"info","message":"ruta: /st/stentsal/valida/sucursal - ::1 - [24-01-2024 20:50]"}
{"level":"info","message":"ruta: /st/stentsal/list/detalle - ::1 - [24-01-2024 20:50]"}
{"level":"info","message":"ruta: /st/stentsal/valida/sucursal - ::1 - [24-01-2024 20:50]"}
{"level":"info","message":"ruta: /st/stentsal/valida/motivo - ::1 - [24-01-2024 20:50]"}
{"level":"info","message":"ruta: /st/stentsal/valida/motivo - ::1 - [24-01-2024 20:50]"}
{"level":"info","message":"ruta: /st/stentsal/valida/motivo - ::1 - [24-01-2024 20:50]"}
{"level":"info","message":"ruta: /st/stentsal/valida/motivo - ::1 - [24-01-2024 20:51]"}
{"level":"info","message":"ruta: /st/stentsal/valida/deposito - ::1 - [24-01-2024 20:51]"}
{"level":"info","message":"ruta: /st/stentsal/valida/proveedor - ::1 - [24-01-2024 20:51]"}
{"level":"info","message":"ruta: /st/stentsal/valida/moneda - ::1 - [24-01-2024 20:51]"}
{"level":"info","message":"ruta: /st/stentsal/valida/articulo - ::1 - [24-01-2024 20:51]"}
{"level":"info","message":"ruta: /st/stentsal/valida/articulo - ::1 - [24-01-2024 20:51]"}
{"level":"info","message":"ruta: /st/stentsal/valida/articulo - ::1 - [24-01-2024 20:51]"}
{"level":"info","message":"ruta: /st/stentsal/valida/um - ::1 - [24-01-2024 20:51]"}
{"level":"info","message":"ruta: /st/stentsal/valida/cantidad - ::1 - [24-01-2024 20:51]"}
{"level":"info","message":"ruta: /st/stentsal/valida/cantidad - ::1 - [24-01-2024 20:51]"}
{"level":"info","message":"ruta: /st/stentsal/valida/cantidad - ::1 - [24-01-2024 20:51]"}
{"level":"info","message":"ruta: /st/stentsal/valida/cantidad - ::1 - [24-01-2024 20:51]"}
{"level":"info","message":"ruta: /st/stentsal/valida/cantidad - ::1 - [24-01-2024 20:51]"}
{"level":"info","message":"ruta: /st/stentsal/valida/cantidad - ::1 - [24-01-2024 20:51]"}
{"level":"info","message":"ruta: /st/stentsal/list/detalle - ::1 - [24-01-2024 20:51]"}
{"level":"info","message":"ruta: /st/stentsal/valida/sucursal - ::1 - [24-01-2024 20:52]"}
{"level":"info","message":"ruta: /st/stentsal/valida/motivo - ::1 - [24-01-2024 20:52]"}
{"level":"info","message":"ruta: /st/stentsal/valida/deposito - ::1 - [24-01-2024 20:52]"}
{"level":"info","message":"ruta: /st/stentsal/valida/proveedor - ::1 - [24-01-2024 20:52]"}
{"level":"info","message":"ruta: /st/stentsal/valida/moneda - ::1 - [24-01-2024 20:52]"}
{"level":"info","message":"ruta: /st/stentsal/valida/articulo - ::1 - [24-01-2024 20:52]"}
{"level":"info","message":"ruta: /st/stentsal/valida/articulo - ::1 - [24-01-2024 20:52]"}
{"level":"info","message":"ruta: /st/stentsal/valida/articulo - ::1 - [24-01-2024 20:52]"}
{"level":"info","message":"ruta: /st/stentsal/valida/um - ::1 - [24-01-2024 20:52]"}
{"level":"info","message":"ruta: /st/stentsal/valida/cantidad - ::1 - [24-01-2024 20:52]"}
{"level":"info","message":"ruta: /st/stentsal/valida/cantidad - ::1 - [24-01-2024 20:53]"}
{"level":"info","message":"ruta: /st/stentsal/valida/cantidad - ::1 - [24-01-2024 20:53]"}
{"level":"info","message":"ruta: /st/stentsal/valida/cantidad - ::1 - [24-01-2024 20:53]"}
{"level":"info","message":"ruta: /st/stentsal/list/detalle - ::1 - [24-01-2024 20:54]"}
{"level":"info","message":"ruta: /st/stentsal/list/detalle - ::1 - [24-01-2024 20:54]"}
{"level":"info","message":"ruta: /st/stentsal/valida/sucursal - ::1 - [24-01-2024 20:54]"}
{"level":"info","message":"ruta: /st/stentsal/valida/motivo - ::1 - [24-01-2024 20:54]"}
{"level":"info","message":"ruta: /st/stentsal/valida/deposito - ::1 - [24-01-2024 20:54]"}
{"level":"info","message":"ruta: /st/stentsal/valida/deposito - ::1 - [24-01-2024 20:54]"}
{"level":"info","message":"ruta: /st/stentsal/valida/proveedor - ::1 - [24-01-2024 20:54]"}
{"level":"info","message":"ruta: /st/stentsal/valida/moneda - ::1 - [24-01-2024 20:55]"}
{"level":"info","message":"ruta: /st/stentsal/valida/moneda - ::1 - [24-01-2024 20:55]"}
{"level":"info","message":"ruta: /st/stentsal/valida/moneda - ::1 - [24-01-2024 20:55]"}
{"level":"info","message":"ruta: /st/stentsal/valida/moneda - ::1 - [24-01-2024 20:55]"}
{"level":"info","message":"ruta: /st/stentsal/valida/moneda - ::1 - [24-01-2024 20:55]"}
{"level":"info","message":"ruta: /st/stentsal/valida/articulo - ::1 - [24-01-2024 20:55]"}
{"level":"info","message":"ruta: /st/stentsal/valida/um - ::1 - [24-01-2024 20:55]"}
{"level":"info","message":"ruta: /st/stentsal/valida/cantidad - ::1 - [24-01-2024 20:55]"}
{"level":"info","message":"ruta: /st/stentsal/valida/cantidad - ::1 - [24-01-2024 20:55]"}
{"level":"info","message":"ruta: /st/stentsal/valida/cantidad - ::1 - [24-01-2024 20:55]"}
{"level":"info","message":"ruta: /st/stentsal/list/detalle - ::1 - [24-01-2024 21:10]"}
{"level":"info","message":"ruta: /st/stentsal/list/detalle - ::1 - [24-01-2024 21:11]"}
{"level":"info","message":"ruta: /st/stentsal/list/detalle - ::1 - [24-01-2024 21:11]"}
{"level":"info","message":"ruta: /st/stentsal/list/detalle - ::1 - [24-01-2024 21:11]"}
{"level":"info","message":"ruta: /st/stentsal/list/detalle - ::1 - [24-01-2024 21:12]"}
{"level":"info","message":"ruta: /st/stentsal/list/detalle - ::1 - [24-01-2024 21:12]"}
{"level":"info","message":"ruta: /st/stentsal/list/detalle - ::1 - [24-01-2024 21:14]"}
{"level":"info","message":"ruta: /st/stentsal/list/detalle - ::1 - [24-01-2024 21:18]"}
{"level":"info","message":"ruta: /st/stentsal/list/detalle - ::1 - [24-01-2024 21:18]"}
{"level":"info","message":"ruta: /st/stentsal/list/detalle - ::1 - [24-01-2024 21:19]"}
{"level":"info","message":"ruta: /st/stentsal/valida/articulo - ::1 - [24-01-2024 21:19]"}
{"level":"info","message":"ruta: /st/stentsal/list/detalle - ::1 - [24-01-2024 21:23]"}
{"level":"info","message":"ruta: /st/stentsal/list/detalle - ::1 - [24-01-2024 21:25]"}
{"level":"info","message":"ruta: /st/stentsal/list/detalle - ::1 - [24-01-2024 21:25]"}
{"level":"info","message":"ruta: /st/stentsal/list/detalle - ::1 - [24-01-2024 21:26]"}
{"level":"info","message":"ruta: /st/stentsal/list/detalle - ::1 - [24-01-2024 21:26]"}
{"level":"info","message":"ruta: /st/stentsal/list/detalle - ::1 - [24-01-2024 21:26]"}
{"level":"info","message":"ruta: /st/stentsal/list/detalle - ::1 - [24-01-2024 21:26]"}
{"level":"info","message":"ruta: /st/stentsal/valida/sucursal - ::1 - [24-01-2024 21:27]"}
{"level":"info","message":"ruta: /st/stentsal/valida/motivo - ::1 - [24-01-2024 21:27]"}
{"level":"info","message":"ruta: /st/stentsal/valida/motivo - ::1 - [24-01-2024 21:27]"}
{"level":"info","message":"ruta: /st/stentsal/valida/motivo - ::1 - [24-01-2024 21:27]"}
{"level":"info","message":"ruta: /st/stentsal/valida/motivo - ::1 - [24-01-2024 21:27]"}
{"level":"info","message":"ruta: /st/stentsal/valida/deposito - ::1 - [24-01-2024 21:27]"}
{"level":"info","message":"ruta: /st/stentsal/valida/deposito - ::1 - [24-01-2024 21:27]"}
{"level":"info","message":"ruta: /st/stentsal/valida/deposito - ::1 - [24-01-2024 21:27]"}
{"level":"info","message":"ruta: /st/stentsal/valida/proveedor - ::1 - [24-01-2024 21:27]"}
{"level":"info","message":"ruta: /st/stentsal/valida/moneda - ::1 - [24-01-2024 21:27]"}
{"level":"info","message":"ruta: /st/stentsal/valida/moneda - ::1 - [24-01-2024 21:27]"}
{"level":"info","message":"ruta: /st/stentsal/valida/articulo - ::1 - [24-01-2024 21:27]"}
{"level":"info","message":"ruta: /st/stentsal/valida/articulo - ::1 - [24-01-2024 21:27]"}
{"level":"info","message":"ruta: /st/stentsal/valida/um - ::1 - [24-01-2024 21:27]"}
{"level":"info","message":"ruta: /st/stentsal/valida/cantidad - ::1 - [24-01-2024 21:27]"}
{"level":"info","message":"ruta: /st/stentsal/valida/cantidad - ::1 - [24-01-2024 21:27]"}
{"level":"info","message":"ruta: /st/stentsal/valida/cantidad - ::1 - [24-01-2024 21:27]"}
{"level":"info","message":"ruta: /st/stentsal/valida/cantidad - ::1 - [24-01-2024 21:27]"}
{"level":"info","message":"ruta: /st/stentsal/valida/cantidad - ::1 - [24-01-2024 21:27]"}
{"level":"info","message":"ruta: /st/stentsal/valida/cantidad - ::1 - [24-01-2024 21:27]"}
{"level":"info","message":"ruta: /st/stentsal/valida/cantidad - ::1 - [24-01-2024 21:27]"}
{"level":"info","message":"ruta: /st/stentsal/valida/cantidad - ::1 - [24-01-2024 21:27]"}
{"level":"info","message":"ruta: /st/stentsal/valida/cantidad - ::1 - [24-01-2024 21:28]"}
{"level":"info","message":"ruta: /st/stentsal/valida/cantidad - ::1 - [24-01-2024 21:28]"}
{"level":"info","message":"ruta: /st/stentsal/list/detalle - ::1 - [24-01-2024 21:30]"}
{"level":"info","message":"ruta: /st/stentsal/list/detalle - ::1 - [24-01-2024 21:30]"}
{"level":"info","message":"ruta: /st/stentsal/valida/deposito - ::1 - [24-01-2024 21:31]"}
{"level":"info","message":"ruta: /st/stentsal/valida/proveedor - ::1 - [24-01-2024 21:31]"}
{"level":"info","message":"ruta: /st/stentsal/valida/moneda - ::1 - [24-01-2024 21:31]"}
{"level":"info","message":"ruta: /st/stentsal/valida/articulo - ::1 - [24-01-2024 21:31]"}
{"level":"info","message":"ruta: /st/stentsal/valida/um - ::1 - [24-01-2024 21:31]"}
{"level":"info","message":"ruta: /st/stentsal/valida/sucursal - ::1 - [24-01-2024 21:31]"}
{"level":"info","message":"ruta: /st/stentsal/valida/motivo - ::1 - [24-01-2024 21:31]"}
{"level":"info","message":"ruta: /st/stentsal/valida/deposito - ::1 - [24-01-2024 21:31]"}
{"level":"info","message":"ruta: /st/stentsal/valida/proveedor - ::1 - [24-01-2024 21:31]"}
{"level":"info","message":"ruta: /st/stentsal/valida/moneda - ::1 - [24-01-2024 21:31]"}
{"level":"info","message":"ruta: /st/stentsal/valida/um - ::1 - [24-01-2024 21:31]"}
{"level":"info","message":"ruta: /st/stentsal/valida/cantidad - ::1 - [24-01-2024 21:31]"}
{"level":"info","message":"ruta: /st/stentsal/valida/cantidad - ::1 - [24-01-2024 21:31]"}
{"level":"info","message":"ruta: /st/stentsal/valida/cantidad - ::1 - [24-01-2024 21:31]"}
{"level":"info","message":"ruta: /st/stentsal/valida/cantidad - ::1 - [24-01-2024 21:31]"}
{"level":"info","message":"ruta: /st/stentsal/valida/cantidad - ::1 - [24-01-2024 21:31]"}
{"level":"info","message":"ruta: /st/stentsal/valida/cantidad - ::1 - [24-01-2024 21:31]"}
{"level":"info","message":"ruta: /st/stentsal/list/detalle - ::1 - [24-01-2024 21:33]"}
{"level":"info","message":"ruta: /st/stentsal/valida/sucursal - ::1 - [24-01-2024 21:34]"}
{"level":"info","message":"ruta: /st/stentsal/valida/motivo - ::1 - [24-01-2024 21:34]"}
{"level":"info","message":"ruta: /st/stentsal/valida/deposito - ::1 - [24-01-2024 21:34]"}
{"level":"info","message":"ruta: /st/stentsal/valida/proveedor - ::1 - [24-01-2024 21:34]"}
{"level":"info","message":"ruta: /st/stentsal/valida/moneda - ::1 - [24-01-2024 21:34]"}
{"level":"info","message":"ruta: /st/stentsal/valida/moneda - ::1 - [24-01-2024 21:34]"}
{"level":"info","message":"ruta: /st/stentsal/valida/moneda - ::1 - [24-01-2024 21:34]"}
{"level":"info","message":"ruta: /st/stentsal/valida/articulo - ::1 - [24-01-2024 21:34]"}
{"level":"info","message":"ruta: /st/stentsal/valida/articulo - ::1 - [24-01-2024 21:34]"}
{"level":"info","message":"ruta: /st/stentsal/valida/um - ::1 - [24-01-2024 21:34]"}
{"level":"info","message":"ruta: /st/stentsal/valida/cantidad - ::1 - [24-01-2024 21:34]"}
{"level":"info","message":"ruta: /st/stentsal/valida/cantidad - ::1 - [24-01-2024 21:34]"}
{"level":"info","message":"ruta: /st/stentsal/valida/cantidad - ::1 - [24-01-2024 21:34]"}
{"level":"info","message":"ruta: /st/stentsal/list/detalle - ::1 - [24-01-2024 21:35]"}
{"level":"info","message":"ruta: /st/stentsal/list/detalle - ::1 - [24-01-2024 21:35]"}
{"level":"info","message":"ruta: /st/stentsal/list/detalle - ::1 - [24-01-2024 21:35]"}
{"level":"info","message":"ruta: /st/stentsal/valida/sucursal - ::1 - [24-01-2024 21:35]"}
{"level":"info","message":"ruta: /st/stentsal/valida/motivo - ::1 - [24-01-2024 21:35]"}
{"level":"info","message":"ruta: /st/stentsal/valida/deposito - ::1 - [24-01-2024 21:35]"}
{"level":"info","message":"ruta: /st/stentsal/valida/proveedor - ::1 - [24-01-2024 21:35]"}
{"level":"info","message":"ruta: /st/stentsal/valida/moneda - ::1 - [24-01-2024 21:35]"}
{"level":"info","message":"ruta: /st/stentsal/valida/articulo - ::1 - [24-01-2024 21:35]"}
{"level":"info","message":"ruta: /st/stentsal/valida/um - ::1 - [24-01-2024 21:35]"}
{"level":"info","message":"ruta: /st/stentsal/valida/cantidad - ::1 - [24-01-2024 21:35]"}
{"level":"info","message":"ruta: /st/stentsal/valida/cantidad - ::1 - [24-01-2024 21:35]"}
{"level":"info","message":"ruta: /st/stentsal/list/detalle - ::1 - [24-01-2024 21:36]"}
{"level":"info","message":"ruta: /st/stentsal/list/detalle - ::1 - [24-01-2024 21:36]"}
{"level":"info","message":"ruta: /st/stentsal/valida/deposito - ::1 - [24-01-2024 21:36]"}
{"level":"info","message":"ruta: /st/stentsal/valida/deposito - ::1 - [24-01-2024 21:36]"}
{"level":"info","message":"ruta: /st/stentsal/valida/motivo - ::1 - [24-01-2024 21:36]"}
{"level":"info","message":"ruta: /st/stentsal/valida/deposito - ::1 - [24-01-2024 21:36]"}
{"level":"info","message":"ruta: /st/stentsal/valida/proveedor - ::1 - [24-01-2024 21:36]"}
{"level":"info","message":"ruta: /st/stentsal/valida/moneda - ::1 - [24-01-2024 21:36]"}
{"level":"info","message":"ruta: /st/stentsal/valida/articulo - ::1 - [24-01-2024 21:36]"}
{"level":"info","message":"ruta: /st/stentsal/valida/um - ::1 - [24-01-2024 21:36]"}
{"level":"info","message":"ruta: /st/stentsal/valida/cantidad - ::1 - [24-01-2024 21:36]"}
{"level":"info","message":"ruta: /st/stentsal/valida/cantidad - ::1 - [24-01-2024 21:36]"}
{"level":"info","message":"ruta: /st/stentsal/valida/cantidad - ::1 - [24-01-2024 21:36]"}
{"level":"info","message":"ruta: /st/stentsal/list/detalle - ::1 - [24-01-2024 21:44]"}
{"level":"info","message":"ruta: /st/stentsal/list/detalle - ::1 - [24-01-2024 21:44]"}
{"level":"info","message":"ruta: /st/stentsal/list/detalle - ::1 - [24-01-2024 21:44]"}
{"level":"info","message":"ruta: /st/stentsal/list/detalle - ::1 - [24-01-2024 21:45]"}
{"level":"info","message":"ruta: /st/stentsal/valida/sucursal - ::1 - [24-01-2024 21:45]"}
{"level":"info","message":"ruta: /st/stentsal/valida/motivo - ::1 - [24-01-2024 21:45]"}
{"level":"info","message":"ruta: /st/stentsal/valida/deposito - ::1 - [24-01-2024 21:45]"}
{"level":"info","message":"ruta: /st/stentsal/valida/proveedor - ::1 - [24-01-2024 21:45]"}
{"level":"info","message":"ruta: /st/stentsal/valida/moneda - ::1 - [24-01-2024 21:45]"}
{"level":"info","message":"ruta: /st/stentsal/valida/articulo - ::1 - [24-01-2024 21:45]"}
{"level":"info","message":"ruta: /st/stentsal/valida/articulo - ::1 - [24-01-2024 21:45]"}
{"level":"info","message":"ruta: /st/stentsal/valida/um - ::1 - [24-01-2024 21:45]"}
{"level":"info","message":"ruta: /st/stentsal/valida/cantidad - ::1 - [24-01-2024 21:45]"}
{"level":"info","message":"ruta: /st/stentsal/list/detalle - ::1 - [24-01-2024 21:46]"}
{"level":"info","message":"ruta: /st/stentsal/list/detalle - ::1 - [24-01-2024 21:47]"}
{"level":"info","message":"ruta: /st/stentsal/list/detalle - ::1 - [24-01-2024 21:49]"}
{"level":"info","message":"ruta: /st/stentsal/list/detalle - ::1 - [24-01-2024 21:51]"}
{"level":"info","message":"ruta: /st/stentsal/list/detalle - ::1 - [24-01-2024 21:51]"}
{"level":"info","message":"ruta: /st/stentsal/valida/sucursal - ::1 - [24-01-2024 21:51]"}
{"level":"info","message":"ruta: /st/stentsal/valida/motivo - ::1 - [24-01-2024 21:51]"}
{"level":"info","message":"ruta: /st/stentsal/valida/deposito - ::1 - [24-01-2024 21:51]"}
{"level":"info","message":"ruta: /st/stentsal/valida/proveedor - ::1 - [24-01-2024 21:51]"}
{"level":"info","message":"ruta: /st/stentsal/valida/moneda - ::1 - [24-01-2024 21:51]"}
{"level":"info","message":"ruta: /st/stentsal/valida/moneda - ::1 - [24-01-2024 21:51]"}
{"level":"info","message":"ruta: /st/stentsal/valida/articulo - ::1 - [24-01-2024 21:51]"}
{"level":"info","message":"ruta: /st/stentsal/valida/um - ::1 - [24-01-2024 21:51]"}
{"level":"info","message":"ruta: /st/stentsal/valida/cantidad - ::1 - [24-01-2024 21:51]"}
{"level":"info","message":"ruta: /st/stentsal/list/detalle - ::1 - [24-01-2024 22:07]"}
{"level":"info","message":"ruta: /st/stentsal/valida/sucursal - ::1 - [24-01-2024 22:07]"}
{"level":"info","message":"ruta: /st/stentsal/valida/motivo - ::1 - [24-01-2024 22:07]"}
{"level":"info","message":"ruta: /st/stentsal/valida/deposito - ::1 - [24-01-2024 22:07]"}
{"level":"info","message":"ruta: /st/stentsal/valida/deposito - ::1 - [24-01-2024 22:07]"}
{"level":"info","message":"ruta: /st/stentsal/valida/proveedor - ::1 - [24-01-2024 22:07]"}
{"level":"info","message":"ruta: /st/stentsal/valida/moneda - ::1 - [24-01-2024 22:07]"}
{"level":"info","message":"ruta: /st/stentsal/valida/moneda - ::1 - [24-01-2024 22:07]"}
{"level":"info","message":"ruta: /st/stentsal/valida/articulo - ::1 - [24-01-2024 22:07]"}
{"level":"info","message":"ruta: /st/stentsal/valida/um - ::1 - [24-01-2024 22:07]"}
{"level":"info","message":"ruta: /st/stentsal/valida/cantidad - ::1 - [24-01-2024 22:07]"}
{"level":"info","message":"ruta: /st/stentsal/valida/cantidad - ::1 - [24-01-2024 22:08]"}
{"level":"info","message":"ruta: /st/stentsal/valida/cantidad - ::1 - [24-01-2024 22:08]"}
{"level":"info","message":"ruta: /st/stentsal/valida/cantidad - ::1 - [24-01-2024 22:08]"}
{"level":"info","message":"ruta: /st/stentsal/valida/cantidad - ::1 - [24-01-2024 22:08]"}
{"level":"info","message":"ruta: /st/stentsal/valida/cantidad - ::1 - [24-01-2024 22:08]"}
{"level":"info","message":"ruta: /st/stentsal/list/detalle - ::1 - [24-01-2024 22:08]"}
{"level":"info","message":"ruta: /st/stentsal/valida/sucursal - ::1 - [24-01-2024 22:08]"}
{"level":"info","message":"ruta: /st/stentsal/valida/motivo - ::1 - [24-01-2024 22:08]"}
{"level":"info","message":"ruta: /st/stentsal/valida/deposito - ::1 - [24-01-2024 22:08]"}
{"level":"info","message":"ruta: /st/stentsal/valida/proveedor - ::1 - [24-01-2024 22:08]"}
{"level":"info","message":"ruta: /st/stentsal/valida/moneda - ::1 - [24-01-2024 22:08]"}
{"level":"info","message":"ruta: /st/stentsal/valida/articulo - ::1 - [24-01-2024 22:08]"}
{"level":"info","message":"ruta: /st/stentsal/valida/um - ::1 - [24-01-2024 22:08]"}
{"level":"info","message":"ruta: /st/stentsal/valida/cantidad - ::1 - [24-01-2024 22:08]"}
{"level":"info","message":"ruta: /st/stentsal/valida/cantidad - ::1 - [24-01-2024 22:08]"}
{"level":"info","message":"ruta: /st/stentsal/valida/cantidad - ::1 - [24-01-2024 22:08]"}
{"level":"info","message":"ruta: /st/stentsal/list/detalle - ::1 - [24-01-2024 22:11]"}
{"level":"info","message":"ruta: /st/stentsal/valida/sucursal - ::1 - [24-01-2024 22:11]"}
{"level":"info","message":"ruta: /st/stentsal/valida/motivo - ::1 - [24-01-2024 22:11]"}
{"level":"info","message":"ruta: /st/stentsal/valida/deposito - ::1 - [24-01-2024 22:11]"}
{"level":"info","message":"ruta: /st/stentsal/valida/deposito - ::1 - [24-01-2024 22:11]"}
{"level":"info","message":"ruta: /st/stentsal/valida/proveedor - ::1 - [24-01-2024 22:11]"}
{"level":"info","message":"ruta: /st/stentsal/valida/moneda - ::1 - [24-01-2024 22:11]"}
{"level":"info","message":"ruta: /st/stentsal/valida/articulo - ::1 - [24-01-2024 22:11]"}
{"level":"info","message":"ruta: /st/stentsal/valida/um - ::1 - [24-01-2024 22:11]"}
{"level":"info","message":"ruta: /st/stentsal/valida/cantidad - ::1 - [24-01-2024 22:11]"}
{"level":"info","message":"ruta: /st/stentsal/valida/cantidad - ::1 - [24-01-2024 22:11]"}
{"level":"info","message":"ruta: /st/stentsal/valida/cantidad - ::1 - [24-01-2024 22:11]"}
{"level":"info","message":"ruta: /st/stentsal/valida/moneda - ::1 - [24-01-2024 22:12]"}
{"level":"info","message":"ruta: /st/stentsal/list/detalle - ::1 - [24-01-2024 22:13]"}
{"level":"info","message":"ruta: /st/stentsal/list/detalle - ::1 - [24-01-2024 22:13]"}
{"level":"info","message":"ruta: /st/stentsal/valida/sucursal - ::1 - [24-01-2024 22:13]"}
{"level":"info","message":"ruta: /st/stentsal/valida/motivo - ::1 - [24-01-2024 22:13]"}
{"level":"info","message":"ruta: /st/stentsal/valida/deposito - ::1 - [24-01-2024 22:13]"}
{"level":"info","message":"ruta: /st/stentsal/valida/proveedor - ::1 - [24-01-2024 22:13]"}
{"level":"info","message":"ruta: /st/stentsal/valida/moneda - ::1 - [24-01-2024 22:13]"}
{"level":"info","message":"ruta: /st/stentsal/valida/articulo - ::1 - [24-01-2024 22:13]"}
{"level":"info","message":"ruta: /st/stentsal/valida/um - ::1 - [24-01-2024 22:13]"}
{"level":"info","message":"ruta: /st/stentsal/valida/cantidad - ::1 - [24-01-2024 22:13]"}
{"level":"info","message":"ruta: /st/stentsal/valida/cantidad - ::1 - [24-01-2024 22:13]"}
{"level":"info","message":"ruta: /st/stentsal/valida/cantidad - ::1 - [24-01-2024 22:13]"}
{"level":"info","message":"ruta: /st/stentsal/valida/cantidad - ::1 - [24-01-2024 22:13]"}
{"level":"info","message":"ruta: /st/stentsal/valida/cantidad - ::1 - [24-01-2024 22:13]"}
{"level":"info","message":"ruta: /st/stentsal/valida/cantidad - ::1 - [24-01-2024 22:13]"}
{"level":"info","message":"ruta: /st/stentsal/valida/cantidad - ::1 - [24-01-2024 22:13]"}
{"level":"info","message":"ruta: /st/stentsal/valida/cantidad - ::1 - [24-01-2024 22:13]"}
{"level":"info","message":"ruta: /st/stentsal/valida/cantidad - ::1 - [24-01-2024 22:13]"}
{"level":"info","message":"ruta: /st/stentsal/list/detalle - ::1 - [24-01-2024 22:14]"}
