{"level":"info","message":"ruta: /cm/cmfactur/preform - ::1 - [19-03-2024 19:54]"}
{"level":"info","message":"ruta: /cm/cmfactur/list/detalle - ::1 - [19-03-2024 19:54]"}
{"level":"info","message":"ruta: /cm/cmfactur/preform - ::1 - [19-03-2024 19:55]"}
{"level":"info","message":"ruta: /cm/cmfactur/list/detalle - ::1 - [19-03-2024 19:55]"}
{"level":"info","message":"ruta: /cm/cmfactur/preform - ::1 - [19-03-2024 19:55]"}
{"level":"info","message":"ruta: /cm/cmfactur/list/cabecera - ::1 - [19-03-2024 19:55]"}
{"level":"info","message":"ruta: /cm/cmfactur/list/detalle - ::1 - [19-03-2024 19:55]"}
{"level":"info","message":"ruta: /cm/cmfactur/preform - ::1 - [19-03-2024 20:10]"}
{"level":"info","message":"ruta: /cm/cmfactur/list/detalle - ::1 - [19-03-2024 20:10]"}
{"level":"info","message":"ruta: /cm/cmfactur/preform - ::1 - [19-03-2024 20:11]"}
{"level":"info","message":"ruta: /cm/cmfactur/list/cabecera - ::1 - [19-03-2024 20:11]"}
{"level":"info","message":"ruta: /cm/cmfactur/list/detalle - ::1 - [19-03-2024 20:11]"}
{"level":"info","message":"ruta: /cm/cmfactur/list/detalle - ::1 - [19-03-2024 20:11]"}
{"level":"info","message":"ruta: /cm/cmfactur/list/detalle - ::1 - [19-03-2024 20:11]"}
{"level":"info","message":"ruta: /cm/cmfactur/list/detalle - ::1 - [19-03-2024 20:11]"}
{"level":"info","message":"ruta: /cm/cmfactur/list/detalle - ::1 - [19-03-2024 20:11]"}
{"level":"info","message":"ruta: /cm/cmfactur/list/detalle - ::1 - [19-03-2024 20:11]"}
{"level":"info","message":"ruta: /cm/cmfactur/list/detalle - ::1 - [19-03-2024 20:11]"}
{"level":"info","message":"ruta: /cm/cmfactur/list/detalle - ::1 - [19-03-2024 20:11]"}
{"level":"info","message":"ruta: /cm/cmfactur/list/detalle - ::1 - [19-03-2024 20:11]"}
{"level":"info","message":"ruta: /cm/cmfactur/list/detalle - ::1 - [19-03-2024 20:11]"}
{"level":"info","message":"ruta: /cm/cmfactur/list/detalle - ::1 - [19-03-2024 20:11]"}
{"level":"info","message":"ruta: /cm/cmfactur/list/detalle - ::1 - [19-03-2024 20:11]"}
{"level":"info","message":"ruta: /cm/cmfactur/list/detalle - ::1 - [19-03-2024 20:11]"}
{"level":"info","message":"ruta: /cm/cmfactur/list/detalle - ::1 - [19-03-2024 20:11]"}
{"level":"info","message":"ruta: /cm/cmfactur/list/detalle - ::1 - [19-03-2024 20:11]"}
{"level":"info","message":"ruta: /cm/cmfactur/preform - ::1 - [19-03-2024 20:11]"}
{"level":"info","message":"ruta: /cm/cmfactur/list/detalle - ::1 - [19-03-2024 20:11]"}
{"level":"info","message":"ruta: /cm/cmfactur/preform - ::1 - [19-03-2024 20:11]"}
{"level":"info","message":"ruta: /cm/cmfactur/list/cabecera - ::1 - [19-03-2024 20:11]"}
{"level":"info","message":"ruta: /cm/cmfactur/list/detalle - ::1 - [19-03-2024 20:11]"}
{"level":"info","message":"ruta: /cm/cmfactur/list/detalle - ::1 - [19-03-2024 20:11]"}
{"level":"info","message":"ruta: /cm/cmfactur/list/detalle - ::1 - [19-03-2024 20:11]"}
{"level":"info","message":"ruta: /cm/cmfactur/list/detalle - ::1 - [19-03-2024 20:11]"}
{"level":"info","message":"ruta: /cm/cmfactur/list/detalle - ::1 - [19-03-2024 20:11]"}
{"level":"info","message":"ruta: /cm/cmfactur/preform - ::1 - [19-03-2024 20:12]"}
{"level":"info","message":"ruta: /cm/cmfactur/list/cabecera - ::1 - [19-03-2024 20:12]"}
{"level":"info","message":"ruta: /cm/cmfactur/list/detalle - ::1 - [19-03-2024 20:12]"}
{"level":"info","message":"ruta: /cm/cmfactur/preform - ::1 - [19-03-2024 20:12]"}
{"level":"info","message":"ruta: /cm/cmfactur/list/cabecera - ::1 - [19-03-2024 20:12]"}
{"level":"info","message":"ruta: /cm/cmfactur/list/detalle - ::1 - [19-03-2024 20:12]"}
{"level":"info","message":"ruta: /cm/cmfactur/list/detalle - ::1 - [19-03-2024 20:12]"}
{"level":"info","message":"ruta: /cm/cmfactur/list/detalle - ::1 - [19-03-2024 20:12]"}
{"level":"info","message":"ruta: /cm/cmfactur/preform - ::1 - [19-03-2024 20:12]"}
{"level":"info","message":"ruta: /cm/cmfactur/list/detalle - ::1 - [19-03-2024 20:12]"}
{"level":"info","message":"ruta: /cm/cmfactur/list/detalle - ::1 - [19-03-2024 20:12]"}
{"level":"info","message":"ruta: /cm/cmfactur/list/detalle - ::1 - [19-03-2024 20:12]"}
{"level":"info","message":"ruta: /cm/cmfactur/list/cabecera - ::1 - [19-03-2024 20:12]"}
{"level":"info","message":"ruta: /cm/cmfactur/list/detalle - ::1 - [19-03-2024 20:12]"}
{"level":"info","message":"ruta: /cm/cmfactur/preform - ::1 - [19-03-2024 20:12]"}
{"level":"info","message":"ruta: /cm/cmfactur/list/cabecera - ::1 - [19-03-2024 20:12]"}
{"level":"info","message":"ruta: /cm/cmfactur/list/detalle - ::1 - [19-03-2024 20:12]"}
{"level":"info","message":"ruta: /cm/cmfactur/preform - ::1 - [19-03-2024 20:12]"}
{"level":"info","message":"ruta: /cm/cmfactur/list/cabecera - ::1 - [19-03-2024 20:12]"}
{"level":"info","message":"ruta: /cm/cmfactur/list/detalle - ::1 - [19-03-2024 20:12]"}
{"level":"info","message":"ruta: /cm/cmfactur/list/detalle - ::1 - [19-03-2024 20:12]"}
{"level":"info","message":"ruta: /cm/cmfactur/list/detalle - ::1 - [19-03-2024 20:12]"}
{"level":"info","message":"ruta: /cm/cmfactur/list/detalle - ::1 - [19-03-2024 20:12]"}
{"level":"info","message":"ruta: /cm/cmfactur/list/detalle - ::1 - [19-03-2024 20:12]"}
{"level":"info","message":"ruta: /cm/cmfactur/preform - ::1 - [19-03-2024 20:16]"}
{"level":"info","message":"ruta: /cm/cmfactur/list/cabecera - ::1 - [19-03-2024 20:16]"}
{"level":"info","message":"ruta: /cm/cmfactur/list/detalle - ::1 - [19-03-2024 20:16]"}
{"level":"info","message":"ruta: /cm/cmfactur/list/detalle - ::1 - [19-03-2024 20:16]"}
{"level":"info","message":"ruta: /cm/cmfactur/list/detalle - ::1 - [19-03-2024 20:16]"}
{"level":"info","message":"ruta: /cm/cmfactur/list/detalle - ::1 - [19-03-2024 20:16]"}
{"level":"info","message":"ruta: /cm/cmfactur/list/detalle - ::1 - [19-03-2024 20:16]"}
{"level":"info","message":"ruta: /cm/cmfactur/list/detalle - ::1 - [19-03-2024 20:16]"}
{"level":"info","message":"ruta: /cm/cmfactur/list/detalle - ::1 - [19-03-2024 20:16]"}
{"level":"info","message":"ruta: /cm/cmfactur/preform - ::1 - [19-03-2024 20:17]"}
{"level":"info","message":"ruta: /cm/cmfactur/list/cabecera - ::1 - [19-03-2024 20:17]"}
{"level":"info","message":"ruta: /cm/cmfactur/list/detalle - ::1 - [19-03-2024 20:17]"}
{"level":"info","message":"ruta: /cm/cmfactur/list/detalle - ::1 - [19-03-2024 20:17]"}
{"level":"info","message":"ruta: /cm/cmfactur/list/detalle - ::1 - [19-03-2024 20:17]"}
{"level":"info","message":"ruta: /cm/cmfactur/preform - ::1 - [19-03-2024 20:17]"}
{"level":"info","message":"ruta: /cm/cmfactur/list/cabecera - ::1 - [19-03-2024 20:17]"}
{"level":"info","message":"ruta: /cm/cmfactur/list/detalle - ::1 - [19-03-2024 20:17]"}
{"level":"info","message":"ruta: /cm/cmfactur/preform - ::1 - [19-03-2024 20:17]"}
{"level":"info","message":"ruta: /cm/cmfactur/list/cabecera - ::1 - [19-03-2024 20:17]"}
{"level":"info","message":"ruta: /cm/cmfactur/list/detalle - ::1 - [19-03-2024 20:17]"}
{"level":"info","message":"ruta: /cm/cmfactur/preform - ::1 - [19-03-2024 20:18]"}
{"level":"info","message":"ruta: /cm/cmfactur/list/cabecera - ::1 - [19-03-2024 20:18]"}
{"level":"info","message":"ruta: /cm/cmfactur/list/detalle - ::1 - [19-03-2024 20:18]"}
{"level":"info","message":"ruta: /cm/cmfactur/list/detalle - ::1 - [19-03-2024 20:18]"}
{"level":"info","message":"ruta: /cm/cmfactur/list/detalle - ::1 - [19-03-2024 20:18]"}
{"level":"info","message":"ruta: /cm/cmfactur/list/detalle - ::1 - [19-03-2024 20:18]"}
{"level":"info","message":"ruta: /cm/cmfactur/list/detalle - ::1 - [19-03-2024 20:18]"}
{"level":"info","message":"ruta: /cm/cmfactur/preform - ::1 - [19-03-2024 20:19]"}
{"level":"info","message":"ruta: /cm/cmfactur/list/cabecera - ::1 - [19-03-2024 20:19]"}
{"level":"info","message":"ruta: /cm/cmfactur/list/detalle - ::1 - [19-03-2024 20:19]"}
{"level":"info","message":"ruta: /cm/cmfactur/list/detalle - ::1 - [19-03-2024 20:19]"}
{"level":"info","message":"ruta: /cm/cmfactur/list/detalle - ::1 - [19-03-2024 20:19]"}
{"level":"info","message":"ruta: /cm/cmfactur/list/detalle - ::1 - [19-03-2024 20:19]"}
{"level":"info","message":"ruta: /cm/cmfactur/list/detalle - ::1 - [19-03-2024 20:19]"}
{"level":"info","message":"ruta: /cm/cmfactur/list/detalle - ::1 - [19-03-2024 20:19]"}
{"level":"info","message":"ruta: /cm/cmfactur/list/detalle - ::1 - [19-03-2024 20:19]"}
{"level":"info","message":"ruta: /cm/cmfactur/list/detalle - ::1 - [19-03-2024 20:19]"}
{"level":"info","message":"ruta: /cm/cmfactur/list/detalle - ::1 - [19-03-2024 20:19]"}
{"level":"info","message":"ruta: /cm/cmfactur/list/detalle - ::1 - [19-03-2024 20:19]"}
{"level":"info","message":"ruta: /cm/cmfactur/list/detalle - ::1 - [19-03-2024 20:19]"}
{"level":"info","message":"ruta: /cm/cmfactur/list/detalle - ::1 - [19-03-2024 20:19]"}
{"level":"info","message":"ruta: /cm/cmfactur/list/detalle - ::1 - [19-03-2024 20:19]"}
{"level":"info","message":"ruta: /cm/cmfactur/list/detalle - ::1 - [19-03-2024 20:19]"}
{"level":"info","message":"ruta: /cm/cmfactur/preform - ::1 - [19-03-2024 20:21]"}
{"level":"info","message":"ruta: /cm/cmfactur/list/detalle - ::1 - [19-03-2024 20:21]"}
{"level":"info","message":"ruta: /cm/cmfactur/preform - ::1 - [19-03-2024 20:21]"}
{"level":"info","message":"ruta: /cm/cmfactur/list/cabecera - ::1 - [19-03-2024 20:21]"}
{"level":"info","message":"ruta: /cm/cmfactur/list/detalle - ::1 - [19-03-2024 20:21]"}
{"level":"info","message":"ruta: /cm/cmfactur/list/detalle - ::1 - [19-03-2024 20:21]"}
{"level":"info","message":"ruta: /cm/cmfactur/preform - ::1 - [19-03-2024 20:21]"}
{"level":"info","message":"ruta: /cm/cmfactur/list/cabecera - ::1 - [19-03-2024 20:21]"}
{"level":"info","message":"ruta: /cm/cmfactur/list/detalle - ::1 - [19-03-2024 20:21]"}
{"level":"info","message":"ruta: /cm/cmfactur/preform - ::1 - [19-03-2024 20:25]"}
{"level":"info","message":"ruta: /cm/cmfactur/list/cabecera - ::1 - [19-03-2024 20:25]"}
{"level":"info","message":"ruta: /cm/cmfactur/list/detalle - ::1 - [19-03-2024 20:25]"}
{"level":"info","message":"ruta: /cm/cmfactur/preform - ::1 - [19-03-2024 20:25]"}
{"level":"info","message":"ruta: /cm/cmfactur/list/cabecera - ::1 - [19-03-2024 20:25]"}
{"level":"info","message":"ruta: /cm/cmfactur/list/detalle - ::1 - [19-03-2024 20:25]"}
{"level":"info","message":"ruta: /cm/cmfactur/preform - ::1 - [19-03-2024 20:25]"}
{"level":"info","message":"ruta: /cm/cmfactur/list/cabecera - ::1 - [19-03-2024 20:25]"}
{"level":"info","message":"ruta: /cm/cmfactur/list/detalle - ::1 - [19-03-2024 20:25]"}
{"level":"info","message":"ruta: /cm/cmfactur/list/detalle - ::1 - [19-03-2024 20:25]"}
{"level":"info","message":"ruta: /cm/cmfactur/list/detalle - ::1 - [19-03-2024 20:25]"}
{"level":"info","message":"ruta: /cm/cmfactur/preform - ::1 - [19-03-2024 20:25]"}
{"level":"info","message":"ruta: /cm/cmfactur/list/detalle - ::1 - [19-03-2024 20:25]"}
{"level":"info","message":"ruta: /cm/cmfactur/preform - ::1 - [19-03-2024 20:25]"}
{"level":"info","message":"ruta: /cm/cmfactur/list/cabecera - ::1 - [19-03-2024 20:25]"}
{"level":"info","message":"ruta: /cm/cmfactur/list/detalle - ::1 - [19-03-2024 20:25]"}
{"level":"info","message":"ruta: /cm/cmfactur/list/detalle - ::1 - [19-03-2024 20:25]"}
{"level":"info","message":"ruta: /cm/cmfactur/list/detalle - ::1 - [19-03-2024 20:25]"}
{"level":"info","message":"ruta: /cm/cmfactur/list/detalle - ::1 - [19-03-2024 20:25]"}
{"level":"info","message":"ruta: /cm/cmfactur/list/detalle - ::1 - [19-03-2024 20:25]"}
{"level":"info","message":"ruta: /cm/cmfactur/list/detalle - ::1 - [19-03-2024 20:25]"}
{"level":"info","message":"ruta: /cm/cmfactur/list/detalle - ::1 - [19-03-2024 20:25]"}
{"level":"info","message":"ruta: /cm/cmfactur/list/detalle - ::1 - [19-03-2024 20:25]"}
{"level":"info","message":"ruta: /cm/cmfactur/list/detalle - ::1 - [19-03-2024 20:25]"}
{"level":"info","message":"ruta: /cm/cmfactur/list/detalle - ::1 - [19-03-2024 20:25]"}
{"level":"info","message":"ruta: /cm/cmfactur/list/detalle - ::1 - [19-03-2024 20:25]"}
{"level":"info","message":"ruta: /cm/cmfactur/list/detalle - ::1 - [19-03-2024 20:25]"}
{"level":"info","message":"ruta: /cm/cmfactur/list/detalle - ::1 - [19-03-2024 20:25]"}
{"level":"info","message":"ruta: /cm/cmfactur/preform - ::1 - [19-03-2024 20:26]"}
{"level":"info","message":"ruta: /cm/cmfactur/list/cabecera - ::1 - [19-03-2024 20:26]"}
{"level":"info","message":"ruta: /cm/cmfactur/list/detalle - ::1 - [19-03-2024 20:26]"}
{"level":"info","message":"ruta: /cm/cmfactur/preform - ::1 - [19-03-2024 20:26]"}
{"level":"info","message":"ruta: /cm/cmfactur/list/cabecera - ::1 - [19-03-2024 20:26]"}
{"level":"info","message":"ruta: /cm/cmfactur/list/detalle - ::1 - [19-03-2024 20:26]"}
{"level":"info","message":"ruta: /cm/cmfactur/preform - ::1 - [19-03-2024 20:26]"}
{"level":"info","message":"ruta: /cm/cmfactur/list/detalle - ::1 - [19-03-2024 20:26]"}
{"level":"info","message":"ruta: /cm/cmfactur/preform - ::1 - [19-03-2024 20:26]"}
{"level":"info","message":"ruta: /cm/cmfactur/list/cabecera - ::1 - [19-03-2024 20:26]"}
{"level":"info","message":"ruta: /cm/cmfactur/list/detalle - ::1 - [19-03-2024 20:26]"}
{"level":"info","message":"ruta: /cm/cmfactur/list/detalle - ::1 - [19-03-2024 20:26]"}
{"level":"info","message":"ruta: /cm/cmfactur/list/detalle - ::1 - [19-03-2024 20:26]"}
{"level":"info","message":"ruta: /cm/cmfactur/list/detalle - ::1 - [19-03-2024 20:26]"}
{"level":"info","message":"ruta: /cm/cmfactur/list/detalle - ::1 - [19-03-2024 20:26]"}
{"level":"info","message":"ruta: /cm/cmfactur/preform - ::1 - [19-03-2024 20:27]"}
{"level":"info","message":"ruta: /cm/cmfactur/list/cabecera - ::1 - [19-03-2024 20:27]"}
{"level":"info","message":"ruta: /cm/cmfactur/list/detalle - ::1 - [19-03-2024 20:27]"}
{"level":"info","message":"ruta: /cm/cmfactur/preform - ::1 - [19-03-2024 20:27]"}
{"level":"info","message":"ruta: /cm/cmfactur/list/detalle - ::1 - [19-03-2024 20:27]"}
{"level":"info","message":"ruta: /cm/cmfactur/preform - ::1 - [19-03-2024 20:27]"}
{"level":"info","message":"ruta: /cm/cmfactur/list/cabecera - ::1 - [19-03-2024 20:27]"}
{"level":"info","message":"ruta: /cm/cmfactur/list/detalle - ::1 - [19-03-2024 20:27]"}
{"level":"info","message":"ruta: /cm/cmfactur/preform - ::1 - [19-03-2024 20:27]"}
{"level":"info","message":"ruta: /cm/cmfactur/list/cabecera - ::1 - [19-03-2024 20:27]"}
{"level":"info","message":"ruta: /cm/cmfactur/list/detalle - ::1 - [19-03-2024 20:27]"}
{"level":"info","message":"ruta: /cm/cmfactur/preform - ::1 - [19-03-2024 20:27]"}
{"level":"info","message":"ruta: /cm/cmfactur/list/cabecera - ::1 - [19-03-2024 20:27]"}
{"level":"info","message":"ruta: /cm/cmfactur/list/detalle - ::1 - [19-03-2024 20:27]"}
{"level":"info","message":"ruta: /cm/cmfactur/list/detalle - ::1 - [19-03-2024 20:27]"}
{"level":"info","message":"ruta: /cm/cmfactur/list/detalle - ::1 - [19-03-2024 20:27]"}
{"level":"info","message":"ruta: /cm/cmfactur/list/detalle - ::1 - [19-03-2024 20:27]"}
{"level":"info","message":"ruta: /cm/cmfactur/list/detalle - ::1 - [19-03-2024 20:27]"}
{"level":"info","message":"ruta: /cm/cmfactur/list/detalle - ::1 - [19-03-2024 20:27]"}
{"level":"info","message":"ruta: /cm/cmfactur/list/detalle - ::1 - [19-03-2024 20:27]"}
{"level":"info","message":"ruta: /cm/cmfactur/preform - ::1 - [19-03-2024 20:32]"}
{"level":"info","message":"ruta: /cm/cmfactur/list/detalle - ::1 - [19-03-2024 20:32]"}
{"level":"info","message":"ruta: /cm/cmfactur/preform - ::1 - [19-03-2024 20:32]"}
{"level":"info","message":"ruta: /cm/cmfactur/list/cabecera - ::1 - [19-03-2024 20:32]"}
{"level":"info","message":"ruta: /cm/cmfactur/list/detalle - ::1 - [19-03-2024 20:32]"}
{"level":"info","message":"ruta: /cm/cmfactur/list/detalle - ::1 - [19-03-2024 20:32]"}
{"level":"info","message":"ruta: /cm/cmfactur/list/detalle - ::1 - [19-03-2024 20:32]"}
{"level":"info","message":"ruta: /cm/cmfactur/list/detalle - ::1 - [19-03-2024 20:32]"}
{"level":"info","message":"ruta: /cm/cmfactur/list/detalle - ::1 - [19-03-2024 20:32]"}
{"level":"info","message":"ruta: /cm/cmfactur/list/detalle - ::1 - [19-03-2024 20:32]"}
{"level":"info","message":"ruta: /cm/cmfactur/list/detalle - ::1 - [19-03-2024 20:32]"}
{"level":"info","message":"ruta: /cm/cmfactur/list/detalle - ::1 - [19-03-2024 20:32]"}
{"level":"info","message":"ruta: /cm/cmfactur/list/detalle - ::1 - [19-03-2024 20:32]"}
{"level":"info","message":"ruta: /cm/cmfactur/list/detalle - ::1 - [19-03-2024 20:32]"}
{"level":"info","message":"ruta: /cm/cmfactur/list/detalle - ::1 - [19-03-2024 20:32]"}
{"level":"info","message":"ruta: /cm/cmfactur/list/detalle - ::1 - [19-03-2024 20:32]"}
{"level":"info","message":"ruta: /cm/cmfactur/list/detalle - ::1 - [19-03-2024 20:32]"}
{"level":"info","message":"ruta: /cm/cmfactur/list/detalle - ::1 - [19-03-2024 20:32]"}
{"level":"info","message":"ruta: /cm/cmfactur/list/detalle - ::1 - [19-03-2024 20:32]"}
{"level":"info","message":"ruta: /cm/cmfactur/list/detalle - ::1 - [19-03-2024 20:32]"}
{"level":"info","message":"ruta: /cm/cmfactur/list/detalle - ::1 - [19-03-2024 20:32]"}
{"level":"info","message":"ruta: /cm/cmfactur/list/detalle - ::1 - [19-03-2024 20:32]"}
{"level":"info","message":"ruta: /cm/cmfactur/list/detalle - ::1 - [19-03-2024 20:32]"}
{"level":"info","message":"ruta: /cm/cmfactur/list/detalle - ::1 - [19-03-2024 20:32]"}
{"level":"info","message":"ruta: /st/starticu/list/relaciones - ::1 - [19-03-2024 20:32]"}
{"level":"info","message":"ruta: /st/starticu/valida/proveedor - ::1 - [19-03-2024 20:32]"}
{"level":"info","message":"ruta: /st/starticu/valida/marca - ::1 - [19-03-2024 20:32]"}
{"level":"info","message":"ruta: /st/starticu/valida/linea - ::1 - [19-03-2024 20:32]"}
{"level":"info","message":"ruta: /st/starticu/buscar/linea - ::1 - [19-03-2024 20:32]"}
{"level":"info","message":"ruta: /st/starticu/valida/linea - ::1 - [19-03-2024 20:32]"}
{"level":"info","message":"ruta: /st/starticu/buscar/proveedor - ::1 - [19-03-2024 20:32]"}
{"level":"info","message":"ruta: /st/starticu/valida/proveedor - ::1 - [19-03-2024 20:32]"}
{"level":"info","message":"ruta: /st/starticu/buscar/marca - ::1 - [19-03-2024 20:33]"}
{"level":"info","message":"ruta: /st/starticu/valida/marca - ::1 - [19-03-2024 20:33]"}
{"level":"info","message":"ruta: /st/starticu/buscar/linea - ::1 - [19-03-2024 20:33]"}
{"level":"info","message":"ruta: /st/starticu/valida/marca - ::1 - [19-03-2024 20:33]"}
{"level":"info","message":"ruta: /st/starticu/list/articulo - ::1 - [19-03-2024 20:33]"}
{"level":"info","message":"ruta: /st/starticu/list/postqueryCab - ::1 - [19-03-2024 20:33]"}
{"level":"info","message":"ruta: /st/starticu/list/relaciones - ::1 - [19-03-2024 20:33]"}
{"level":"info","message":"ruta: /st/starticu/list/relaciones - ::1 - [19-03-2024 20:33]"}
{"level":"info","message":"ruta: /st/starticu/valida/proveedor - ::1 - [19-03-2024 20:33]"}
{"level":"info","message":"ruta: /st/starticu/valida/proveedor - ::1 - [19-03-2024 20:33]"}
{"level":"info","message":"ruta: /st/starticu/valida/marca - ::1 - [19-03-2024 20:33]"}
{"level":"info","message":"ruta: /st/starticu/valida/linea - ::1 - [19-03-2024 20:33]"}
{"level":"info","message":"ruta: /st/starticu/buscar/segmento - ::1 - [19-03-2024 20:33]"}
{"level":"info","message":"ruta: /st/starticu/valida/segmento - ::1 - [19-03-2024 20:33]"}
{"level":"info","message":"ruta: /st/starticu/buscar/rubro - ::1 - [19-03-2024 20:33]"}
{"level":"info","message":"ruta: /st/starticu/valida/rubro - ::1 - [19-03-2024 20:33]"}
{"level":"info","message":"ruta: /st/starticu/buscar/grupo - ::1 - [19-03-2024 20:33]"}
{"level":"info","message":"ruta: /st/starticu/valida/grupo - ::1 - [19-03-2024 20:33]"}
{"level":"info","message":"ruta: /st/starticu/valida/iva - ::1 - [19-03-2024 20:33]"}
{"level":"info","message":"ruta: /st/starticu/valida/iva - ::1 - [19-03-2024 20:33]"}
{"level":"info","message":"ruta: /st/starticu/valida/um - ::1 - [19-03-2024 20:34]"}
{"level":"info","message":"ruta: /st/starticu/cod_articulo/1 - ::1 - [19-03-2024 20:34]"}
{"level":"info","message":"ruta: /st/starticu - ::1 - [19-03-2024 20:34]"}
{"level":"info","message":"ruta: /st/starticu/list/articulo - ::1 - [19-03-2024 20:34]"}
{"level":"info","message":"ruta: /st/starticu/list/postqueryCab - ::1 - [19-03-2024 20:34]"}
{"level":"info","message":"ruta: /st/starticu/list/relaciones - ::1 - [19-03-2024 20:34]"}
{"level":"info","message":"ruta: /cm/cmfactur/preform - ::1 - [19-03-2024 20:34]"}
{"level":"info","message":"ruta: /cm/cmfactur/list/detalle - ::1 - [19-03-2024 20:34]"}
{"level":"info","message":"ruta: /cm/cmfactur/valida/sucursal - ::1 - [19-03-2024 20:34]"}
{"level":"info","message":"ruta: /cm/cmfactur/valida/nro_comprb - ::1 - [19-03-2024 20:34]"}
{"level":"info","message":"ruta: /cm/cmfactur/valida/proveedor - ::1 - [19-03-2024 20:34]"}
{"level":"info","message":"ruta: /cm/cmfactur/valida/condcompra - ::1 - [19-03-2024 20:34]"}
{"level":"info","message":"ruta: /cm/cmfactur/valida/condmoneda - ::1 - [19-03-2024 20:34]"}
{"level":"info","message":"ruta: /cm/cmfactur/valida/deposito - ::1 - [19-03-2024 20:34]"}
{"level":"info","message":"ruta: /cm/cmfactur/valida/referencia - ::1 - [19-03-2024 20:34]"}
{"level":"info","message":"ruta: /cm/cmfactur/valida/articulo - ::1 - [19-03-2024 20:34]"}
{"level":"info","message":"ruta: /cm/cmfactur/valida/unidadMedida - ::1 - [19-03-2024 20:34]"}
{"level":"info","message":"ruta: /cm/cmfactur/valida/referencia - ::1 - [19-03-2024 20:34]"}
{"level":"info","message":"ruta: /cm/cmfactur/cab/1/A/FAC - ::1 - [19-03-2024 20:34]"}
{"level":"info","message":"ruta: /cm/cmfactur/det/1/A/FAC/6 - ::1 - [19-03-2024 20:34]"}
{"level":"info","message":"ruta: /cm/cmfactur - ::1 - [19-03-2024 20:34]"}
{"level":"info","message":"ruta: /cm/cmfactur/preform - ::1 - [19-03-2024 20:34]"}
{"level":"info","message":"ruta: /cm/cmfactur/list/cabecera - ::1 - [19-03-2024 20:34]"}
{"level":"info","message":"ruta: /cm/cmfactur/list/detalle - ::1 - [19-03-2024 20:34]"}
{"level":"info","message":"ruta: /cm/cmfactur/list/detalle - ::1 - [19-03-2024 20:34]"}
{"level":"info","message":"ruta: /cm/cmfactur/list/detalle - ::1 - [19-03-2024 20:34]"}
