{"level":"info","message":"ruta: /cc/ccrenagr/preform - ::1 - [25-05-2024 08:21]"}
{"level":"info","message":"ruta: /cc/ccrenagr/preform - ::1 - [25-05-2024 08:23]"}
{"level":"info","message":"ruta: /cc/ccrenagr/buscar/cabecera - ::1 - [25-05-2024 08:23]"}
{"level":"info","message":"ruta: /cc/ccrenagr/preform - ::1 - [25-05-2024 08:23]"}
{"level":"info","message":"ruta: /cc/ccrenagr/buscar/cabecera - ::1 - [25-05-2024 08:23]"}
{"level":"info","message":"ruta: /cc/ccrenagr/preform - ::1 - [25-05-2024 08:24]"}
{"level":"info","message":"ruta: /cc/ccrenagr/buscar/cabecera - ::1 - [25-05-2024 08:24]"}
{"level":"info","message":"ruta: /cc/ccrenagr/valida/cliente - ::1 - [25-05-2024 08:24]"}
{"level":"info","message":"ruta: /cc/ccrenagr/buscar/cabecera - ::1 - [25-05-2024 08:24]"}
{"level":"info","message":"ruta: /cc/ccrenagr/preform - ::1 - [25-05-2024 08:24]"}
{"level":"info","message":"ruta: /cc/ccrenagr/buscar/cabecera - ::1 - [25-05-2024 08:24]"}
{"level":"info","message":"ruta: /cc/ccrenagr/preform - ::1 - [25-05-2024 08:27]"}
{"level":"info","message":"ruta: /cc/ccrenagr/buscar/cabecera - ::1 - [25-05-2024 08:27]"}
{"level":"info","message":"ruta: /cc/ccrenagr/valida/cliente - ::1 - [25-05-2024 08:27]"}
{"level":"info","message":"ruta: /cc/ccrenagr/buscar/cabecera - ::1 - [25-05-2024 08:27]"}
{"level":"info","message":"ruta: /cc/ccrenagr/preform - ::1 - [25-05-2024 08:27]"}
{"level":"info","message":"ruta: /cc/ccrenagr/buscar/cabecera - ::1 - [25-05-2024 08:27]"}
{"level":"info","message":"ruta: /cc/ccrenagr/preform - ::1 - [25-05-2024 08:34]"}
{"level":"info","message":"ruta: /cc/ccrenagr/buscar/cabecera - ::1 - [25-05-2024 08:34]"}
{"level":"info","message":"ruta: /cc/ccrenagr/valida/cliente - ::1 - [25-05-2024 08:34]"}
{"level":"info","message":"ruta: /cc/ccrenagr/buscar/cabecera - ::1 - [25-05-2024 08:35]"}
{"level":"info","message":"ruta: /cc/ccrenagr/valida/pagar - ::1 - [25-05-2024 08:35]"}
{"level":"info","message":"ruta: /cc/ccrenagr/preform - ::1 - [25-05-2024 08:37]"}
{"level":"info","message":"ruta: /cc/ccrenagr/buscar/cabecera - ::1 - [25-05-2024 08:37]"}
{"level":"info","message":"ruta: /cc/ccrenagr/preform - ::1 - [25-05-2024 08:41]"}
{"level":"info","message":"ruta: /cc/ccrenagr/buscar/cabecera - ::1 - [25-05-2024 08:41]"}
{"level":"info","message":"ruta: /cc/ccrenagr/preform - ::1 - [25-05-2024 08:41]"}
{"level":"info","message":"ruta: /cc/ccrenagr/buscar/cabecera - ::1 - [25-05-2024 08:41]"}
{"level":"info","message":"ruta: /cc/ccrenagr/valida/cliente - ::1 - [25-05-2024 08:41]"}
{"level":"info","message":"ruta: /cc/ccrenagr/buscar/cabecera - ::1 - [25-05-2024 08:41]"}
{"level":"info","message":"ruta: /cc/ccrenagr/valida/pagar - ::1 - [25-05-2024 08:41]"}
{"level":"info","message":"ruta: /cc/ccrenagr/preform - ::1 - [25-05-2024 08:44]"}
{"level":"info","message":"ruta: /cc/ccrenagr/buscar/cabecera - ::1 - [25-05-2024 08:44]"}
{"level":"info","message":"ruta: /cc/ccrenagr/valida/pagar - ::1 - [25-05-2024 08:44]"}
{"level":"info","message":"ruta: /cc/ccrenagr/preform - ::1 - [25-05-2024 08:47]"}
{"level":"info","message":"ruta: /cc/ccrenagr/buscar/cabecera - ::1 - [25-05-2024 08:47]"}
{"level":"info","message":"ruta: /cc/ccrenagr/preform - ::1 - [25-05-2024 08:47]"}
{"level":"info","message":"ruta: /cc/ccrenagr/buscar/cabecera - ::1 - [25-05-2024 08:47]"}
{"level":"info","message":"ruta: /cc/ccrenagr/preform - ::1 - [25-05-2024 08:47]"}
{"level":"info","message":"ruta: /cc/ccrenagr/buscar/cabecera - ::1 - [25-05-2024 08:47]"}
{"level":"info","message":"ruta: /cc/ccrenagr/preform - ::1 - [25-05-2024 08:48]"}
{"level":"info","message":"ruta: /cc/ccrenagr/buscar/cabecera - ::1 - [25-05-2024 08:48]"}
{"level":"info","message":"ruta: /cc/ccrenagr/preform - ::1 - [25-05-2024 08:48]"}
{"level":"info","message":"ruta: /cc/ccrenagr/buscar/cabecera - ::1 - [25-05-2024 08:48]"}
{"level":"info","message":"ruta: /cc/ccrenagr/valida/pagar - ::1 - [25-05-2024 08:48]"}
{"level":"info","message":"ruta: /cc/ccrenagr/preform - ::1 - [25-05-2024 08:49]"}
{"level":"info","message":"ruta: /cc/ccrenagr/buscar/cabecera - ::1 - [25-05-2024 08:49]"}
{"level":"info","message":"ruta: /cc/ccrenagr/valida/pagar - ::1 - [25-05-2024 08:49]"}
{"level":"info","message":"ruta: /cc/ccrenagr/preform - ::1 - [25-05-2024 08:49]"}
{"level":"info","message":"ruta: /cc/ccrenagr/buscar/cabecera - ::1 - [25-05-2024 08:49]"}
{"level":"info","message":"ruta: /cc/ccrenagr/valida/pagar - ::1 - [25-05-2024 08:49]"}
{"level":"info","message":"ruta: /cc/ccrenagr/preform - ::1 - [25-05-2024 08:49]"}
{"level":"info","message":"ruta: /cc/ccrenagr/buscar/cabecera - ::1 - [25-05-2024 08:49]"}
{"level":"info","message":"ruta: /cc/ccrenagr/valida/pagar - ::1 - [25-05-2024 08:49]"}
{"level":"info","message":"ruta: /cc/ccrenagr/preform - ::1 - [25-05-2024 08:53]"}
{"level":"info","message":"ruta: /cc/ccrenagr/buscar/cabecera - ::1 - [25-05-2024 08:53]"}
{"level":"info","message":"ruta: /cc/ccrenagr/valida/pagar - ::1 - [25-05-2024 08:53]"}
{"level":"info","message":"ruta: /cc/ccrenagr/preform - ::1 - [25-05-2024 08:53]"}
{"level":"info","message":"ruta: /cc/ccrenagr/buscar/cabecera - ::1 - [25-05-2024 08:53]"}
{"level":"info","message":"ruta: /cc/ccrenagr/valida/pagar - ::1 - [25-05-2024 08:53]"}
{"level":"info","message":"ruta: /cc/ccrenagr/preform - ::1 - [25-05-2024 08:53]"}
{"level":"info","message":"ruta: /cc/ccrenagr/buscar/cabecera - ::1 - [25-05-2024 08:53]"}
{"level":"info","message":"ruta: /cc/ccrenagr/valida/pagar - ::1 - [25-05-2024 08:54]"}
{"level":"info","message":"ruta: /cc/ccrenagr/preform - ::1 - [25-05-2024 08:55]"}
{"level":"info","message":"ruta: /cc/ccrenagr/buscar/cabecera - ::1 - [25-05-2024 08:55]"}
{"level":"info","message":"ruta: /cc/ccrenagr/preform - ::1 - [25-05-2024 08:55]"}
{"level":"info","message":"ruta: /cc/ccrenagr/buscar/cabecera - ::1 - [25-05-2024 08:55]"}
{"level":"info","message":"ruta: /cc/ccrenagr/valida/cliente - ::1 - [25-05-2024 08:55]"}
{"level":"info","message":"ruta: /cc/ccrenagr/valida/pagar - ::1 - [25-05-2024 08:55]"}
{"level":"info","message":"ruta: /cc/ccrenagr/preform - ::1 - [25-05-2024 08:56]"}
{"level":"info","message":"ruta: /cc/ccrenagr/buscar/cabecera - ::1 - [25-05-2024 08:56]"}
{"level":"info","message":"ruta: /cc/ccrenagr/valida/pagar - ::1 - [25-05-2024 08:56]"}
{"level":"info","message":"ruta: /cc/ccrenagr/valida/pagar - ::1 - [25-05-2024 08:56]"}
{"level":"info","message":"ruta: /cc/ccrenagr/valida/pagar - ::1 - [25-05-2024 08:56]"}
{"level":"info","message":"ruta: /cc/ccrenagr/valida/pagar - ::1 - [25-05-2024 08:57]"}
{"level":"info","message":"ruta: /cc/ccrenagr/preform - ::1 - [25-05-2024 08:58]"}
{"level":"info","message":"ruta: /cc/ccrenagr/buscar/cabecera - ::1 - [25-05-2024 08:58]"}
{"level":"info","message":"ruta: /cc/ccrenagr/preform - ::1 - [25-05-2024 08:58]"}
{"level":"info","message":"ruta: /cc/ccrenagr/buscar/cabecera - ::1 - [25-05-2024 08:58]"}
{"level":"info","message":"ruta: /cc/ccrenagr/valida/pagar - ::1 - [25-05-2024 08:58]"}
{"level":"info","message":"ruta: /cc/ccrenagr/preform - ::1 - [25-05-2024 08:58]"}
{"level":"info","message":"ruta: /cc/ccrenagr/buscar/cabecera - ::1 - [25-05-2024 08:58]"}
{"level":"info","message":"ruta: /cc/ccrenagr/valida/pagar - ::1 - [25-05-2024 08:58]"}
{"level":"info","message":"ruta: /cc/ccrenagr/valida/pagar - ::1 - [25-05-2024 08:58]"}
{"level":"info","message":"ruta: /cc/ccrenagr/valida/pagar - ::1 - [25-05-2024 08:58]"}
{"level":"info","message":"ruta: /cc/ccrenagr/valida/pagar - ::1 - [25-05-2024 08:58]"}
{"level":"info","message":"ruta: /cc/ccrenagr/valida/pagar - ::1 - [25-05-2024 08:58]"}
{"level":"info","message":"ruta: /cc/ccrenagr/valida/pagar - ::1 - [25-05-2024 08:58]"}
{"level":"info","message":"ruta: /cc/ccrenagr/valida/pagar - ::1 - [25-05-2024 08:58]"}
{"level":"info","message":"ruta: /cc/ccrenagr/valida/pagar - ::1 - [25-05-2024 08:58]"}
{"level":"info","message":"ruta: /cc/ccrenagr/preform - ::1 - [25-05-2024 08:59]"}
{"level":"info","message":"ruta: /cc/ccrenagr/buscar/cabecera - ::1 - [25-05-2024 08:59]"}
{"level":"info","message":"ruta: /cc/ccrenagr/valida/cliente - ::1 - [25-05-2024 09:00]"}
{"level":"info","message":"ruta: /cc/ccrenagr/buscar/cabecera - ::1 - [25-05-2024 09:00]"}
{"level":"info","message":"ruta: /cc/ccrenagr/preform - ::1 - [25-05-2024 09:14]"}
{"level":"info","message":"ruta: /cc/ccrenagr/buscar/cabecera - ::1 - [25-05-2024 09:14]"}
{"level":"info","message":"ruta: /cc/ccrenagr/preform - ::1 - [25-05-2024 09:27]"}
{"level":"info","message":"ruta: /cc/ccrenagr/buscar/cabecera - ::1 - [25-05-2024 09:27]"}
{"level":"info","message":"ruta: /cc/ccrenagr/preform - ::1 - [25-05-2024 09:28]"}
{"level":"info","message":"ruta: /cc/ccrenagr/buscar/cabecera - ::1 - [25-05-2024 09:28]"}
{"level":"info","message":"ruta: /cc/ccrenagr/preform - ::1 - [25-05-2024 09:28]"}
{"level":"info","message":"ruta: /cc/ccrenagr/buscar/cabecera - ::1 - [25-05-2024 09:28]"}
{"level":"info","message":"ruta: /cc/ccrenagr/valida/cliente - ::1 - [25-05-2024 09:28]"}
{"level":"info","message":"ruta: /cc/ccrenagr/buscar/cabecera - ::1 - [25-05-2024 09:28]"}
{"level":"info","message":"ruta: /cc/ccrenagr/valida/pagar - ::1 - [25-05-2024 09:28]"}
{"level":"info","message":"ruta: /cc/ccrenagr/preform - ::1 - [25-05-2024 09:29]"}
{"level":"info","message":"ruta: /cc/ccrenagr/buscar/cabecera - ::1 - [25-05-2024 09:29]"}
{"level":"info","message":"ruta: /cc/ccrenagr/preform - ::1 - [25-05-2024 09:29]"}
{"level":"info","message":"ruta: /cc/ccrenagr/buscar/cabecera - ::1 - [25-05-2024 09:29]"}
{"level":"info","message":"ruta: /cc/ccrenagr/preform - ::1 - [25-05-2024 09:30]"}
{"level":"info","message":"ruta: /cc/ccrenagr/buscar/cabecera - ::1 - [25-05-2024 09:30]"}
{"level":"info","message":"ruta: /cc/ccrenagr/preform - ::1 - [25-05-2024 09:30]"}
{"level":"info","message":"ruta: /cc/ccrenagr/buscar/cabecera - ::1 - [25-05-2024 09:30]"}
{"level":"info","message":"ruta: /cc/ccrenagr/valida/cliente - ::1 - [25-05-2024 09:30]"}
{"level":"info","message":"ruta: /cc/ccrenagr/preform - ::1 - [25-05-2024 09:30]"}
{"level":"info","message":"ruta: /cc/ccrenagr/buscar/cabecera - ::1 - [25-05-2024 09:30]"}
{"level":"info","message":"ruta: /cc/ccrenagr/valida/cliente - ::1 - [25-05-2024 09:30]"}
{"level":"info","message":"ruta: /cc/ccrenagr/valida/cuenta - ::1 - [25-05-2024 09:30]"}
{"level":"info","message":"ruta: /cc/ccrenagr/buscar/cabecera - ::1 - [25-05-2024 09:30]"}
{"level":"info","message":"ruta: /cc/ccrenagr/valida/pagar - ::1 - [25-05-2024 09:30]"}
{"level":"info","message":"ruta: /cc/ccrenagr/valida/pagar - ::1 - [25-05-2024 09:30]"}
{"level":"info","message":"ruta: /cc/ccrenagr/preform - ::1 - [25-05-2024 09:31]"}
{"level":"info","message":"ruta: /cc/ccrenagr/buscar/cabecera - ::1 - [25-05-2024 09:32]"}
{"level":"info","message":"ruta: /cc/ccrenagr/preform - ::1 - [25-05-2024 09:32]"}
{"level":"info","message":"ruta: /cc/ccrenagr/buscar/cabecera - ::1 - [25-05-2024 09:32]"}
{"level":"info","message":"ruta: /cc/ccrenagr/preform - ::1 - [25-05-2024 09:32]"}
{"level":"info","message":"ruta: /cc/ccrenagr/buscar/cabecera - ::1 - [25-05-2024 09:32]"}
{"level":"info","message":"ruta: /cc/ccrenagr/preform - ::1 - [25-05-2024 09:32]"}
{"level":"info","message":"ruta: /cc/ccrenagr/buscar/cabecera - ::1 - [25-05-2024 09:32]"}
{"level":"info","message":"ruta: /cc/ccrenagr/preform - ::1 - [25-05-2024 09:32]"}
{"level":"info","message":"ruta: /cc/ccrenagr/buscar/cabecera - ::1 - [25-05-2024 09:32]"}
{"level":"info","message":"ruta: /cc/ccrenagr/valida/pagar - ::1 - [25-05-2024 09:32]"}
{"level":"info","message":"ruta: /cc/ccrenagr/preform - ::1 - [25-05-2024 09:32]"}
{"level":"info","message":"ruta: /cc/ccrenagr/buscar/cabecera - ::1 - [25-05-2024 09:32]"}
{"level":"info","message":"ruta: /cc/ccrenagr/preform - ::1 - [25-05-2024 09:32]"}
{"level":"info","message":"ruta: /cc/ccrenagr/buscar/cabecera - ::1 - [25-05-2024 09:32]"}
{"level":"info","message":"ruta: /cc/ccrenagr/preform - ::1 - [25-05-2024 10:40]"}
{"level":"info","message":"ruta: /cc/ccrenagr/buscar/cabecera - ::1 - [25-05-2024 10:40]"}
{"level":"info","message":"ruta: /cc/ccrenagr/preform - ::1 - [25-05-2024 10:40]"}
{"level":"info","message":"ruta: /cc/ccrenagr/buscar/cabecera - ::1 - [25-05-2024 10:40]"}
{"level":"info","message":"ruta: /cc/ccrenagr/preform - ::1 - [25-05-2024 10:47]"}
{"level":"info","message":"ruta: /cc/ccrenagr/buscar/cabecera - ::1 - [25-05-2024 10:47]"}
{"level":"info","message":"ruta: /cc/ccrenagr/preform - ::1 - [25-05-2024 10:48]"}
{"level":"info","message":"ruta: /cc/ccrenagr/buscar/cabecera - ::1 - [25-05-2024 10:48]"}
{"level":"info","message":"ruta: /cc/ccrenagr/preform - ::1 - [25-05-2024 10:48]"}
{"level":"info","message":"ruta: /cc/ccrenagr/buscar/cabecera - ::1 - [25-05-2024 10:48]"}
{"level":"info","message":"ruta: /cc/ccrenagr/preform - ::1 - [25-05-2024 10:49]"}
{"level":"info","message":"ruta: /cc/ccrenagr/buscar/cabecera - ::1 - [25-05-2024 10:49]"}
{"level":"info","message":"ruta: /cc/ccrenagr/preform - ::1 - [25-05-2024 10:50]"}
{"level":"info","message":"ruta: /cc/ccrenagr/buscar/cabecera - ::1 - [25-05-2024 10:50]"}
{"level":"info","message":"ruta: /cc/ccrenagr/preform - ::1 - [25-05-2024 10:51]"}
{"level":"info","message":"ruta: /cc/ccrenagr/buscar/cabecera - ::1 - [25-05-2024 10:51]"}
{"level":"info","message":"ruta: /cc/ccrenagr/preform - ::1 - [25-05-2024 10:51]"}
{"level":"info","message":"ruta: /cc/ccrenagr/buscar/cabecera - ::1 - [25-05-2024 10:51]"}
{"level":"info","message":"ruta: /cc/ccrenagr/preform - ::1 - [25-05-2024 10:51]"}
{"level":"info","message":"ruta: /cc/ccrenagr/buscar/cabecera - ::1 - [25-05-2024 10:51]"}
{"level":"info","message":"ruta: /cc/ccrenagr/preform - ::1 - [25-05-2024 10:51]"}
{"level":"info","message":"ruta: /cc/ccrenagr/buscar/cabecera - ::1 - [25-05-2024 10:51]"}
{"level":"info","message":"ruta: /cc/ccrenagr/preform - ::1 - [25-05-2024 10:51]"}
{"level":"info","message":"ruta: /cc/ccrenagr/buscar/cabecera - ::1 - [25-05-2024 10:51]"}
{"level":"info","message":"ruta: /cc/ccrenagr/preform - ::1 - [25-05-2024 10:52]"}
{"level":"info","message":"ruta: /cc/ccrenagr/buscar/cabecera - ::1 - [25-05-2024 10:52]"}
{"level":"info","message":"ruta: /cc/ccrenagr/valida/cliente - ::1 - [25-05-2024 10:52]"}
{"level":"info","message":"ruta: /cc/ccrenagr/buscar/cabecera - ::1 - [25-05-2024 10:52]"}
{"level":"info","message":"ruta: /cc/ccrenagr/preform - ::1 - [25-05-2024 10:52]"}
{"level":"info","message":"ruta: /cc/ccrenagr/buscar/cabecera - ::1 - [25-05-2024 10:52]"}
{"level":"info","message":"ruta: /cc/ccrenagr/preform - ::1 - [25-05-2024 10:53]"}
{"level":"info","message":"ruta: /cc/ccrenagr/buscar/cabecera - ::1 - [25-05-2024 10:53]"}
{"level":"info","message":"ruta: /cc/ccrenagr/preform - ::1 - [25-05-2024 10:54]"}
{"level":"info","message":"ruta: /cc/ccrenagr/buscar/cabecera - ::1 - [25-05-2024 10:54]"}
{"level":"info","message":"ruta: /cc/ccrenagr/preform - ::1 - [25-05-2024 10:54]"}
{"level":"info","message":"ruta: /cc/ccrenagr/buscar/cabecera - ::1 - [25-05-2024 10:54]"}
{"level":"info","message":"ruta: /cc/ccrenagr/preform - ::1 - [25-05-2024 10:57]"}
{"level":"info","message":"ruta: /cc/ccrenagr/buscar/cabecera - ::1 - [25-05-2024 10:57]"}
{"level":"info","message":"ruta: /cc/ccrenagr/preform - ::1 - [25-05-2024 10:57]"}
{"level":"info","message":"ruta: /cc/ccrenagr/buscar/cabecera - ::1 - [25-05-2024 10:57]"}
{"level":"info","message":"ruta: /cc/ccrenagr/preform - ::1 - [25-05-2024 10:57]"}
{"level":"info","message":"ruta: /cc/ccrenagr/buscar/cabecera - ::1 - [25-05-2024 10:57]"}
{"level":"info","message":"ruta: /cc/ccrenagr/buscar/cabecera - ::1 - [25-05-2024 10:57]"}
{"level":"info","message":"ruta: /cc/ccrenagr/preform - ::1 - [25-05-2024 10:57]"}
{"level":"info","message":"ruta: /cc/ccrenagr/buscar/cabecera - ::1 - [25-05-2024 10:57]"}
{"level":"info","message":"ruta: /cc/ccrenagr/preform - ::1 - [25-05-2024 10:58]"}
{"level":"info","message":"ruta: /cc/ccrenagr/buscar/cabecera - ::1 - [25-05-2024 10:58]"}
{"level":"info","message":"ruta: /cc/ccrenagr/valida/cliente - ::1 - [25-05-2024 10:58]"}
{"level":"info","message":"ruta: /cc/ccrenagr/buscar/cabecera - ::1 - [25-05-2024 10:58]"}
{"level":"info","message":"ruta: /cc/ccrenagr/buscar/cabecera - ::1 - [25-05-2024 10:58]"}
{"level":"info","message":"ruta: /cc/ccrenagr/buscar/cabecera - ::1 - [25-05-2024 10:58]"}
{"level":"info","message":"ruta: /cc/ccrenagr/buscar/cabecera - ::1 - [25-05-2024 10:58]"}
{"level":"info","message":"ruta: /cc/ccrenagr/preform - ::1 - [25-05-2024 10:59]"}
{"level":"info","message":"ruta: /cc/ccrenagr/buscar/cabecera - ::1 - [25-05-2024 10:59]"}
{"level":"info","message":"ruta: /cc/ccrenagr/preform - ::1 - [25-05-2024 10:59]"}
{"level":"info","message":"ruta: /cc/ccrenagr/buscar/cabecera - ::1 - [25-05-2024 10:59]"}
{"level":"info","message":"ruta: /cc/ccrenagr/preform - ::1 - [25-05-2024 10:59]"}
{"level":"info","message":"ruta: /cc/ccrenagr/buscar/cabecera - ::1 - [25-05-2024 10:59]"}
{"level":"info","message":"ruta: /cc/ccrenagr/preform - ::1 - [25-05-2024 10:59]"}
{"level":"info","message":"ruta: /cc/ccrenagr/buscar/cabecera - ::1 - [25-05-2024 10:59]"}
{"level":"info","message":"ruta: /cc/ccrenagr/buscar/cabecera - ::1 - [25-05-2024 10:59]"}
{"level":"info","message":"ruta: /cc/ccrenagr/buscar/cabecera - ::1 - [25-05-2024 10:59]"}
{"level":"info","message":"ruta: /cc/ccrenagr/preform - ::1 - [25-05-2024 10:59]"}
{"level":"info","message":"ruta: /cc/ccrenagr/buscar/cabecera - ::1 - [25-05-2024 10:59]"}
{"level":"info","message":"ruta: /cc/ccrenagr/buscar/cabecera - ::1 - [25-05-2024 10:59]"}
{"level":"info","message":"ruta: /cc/ccrenagr/buscar/cabecera - ::1 - [25-05-2024 11:00]"}
{"level":"info","message":"ruta: /cc/ccrenagr/preform - ::1 - [25-05-2024 11:00]"}
{"level":"info","message":"ruta: /cc/ccrenagr/buscar/cabecera - ::1 - [25-05-2024 11:00]"}
{"level":"info","message":"ruta: /cc/ccrenagr/buscar/cabecera - ::1 - [25-05-2024 11:00]"}
{"level":"info","message":"ruta: /cc/ccrenagr/buscar/cabecera - ::1 - [25-05-2024 11:00]"}
{"level":"info","message":"ruta: /cc/ccrenagr/valida/cliente - ::1 - [25-05-2024 11:00]"}
{"level":"info","message":"ruta: /cc/ccrenagr/buscar/cabecera - ::1 - [25-05-2024 11:00]"}
{"level":"info","message":"ruta: /cc/ccrenagr/buscar/cabecera - ::1 - [25-05-2024 11:00]"}
{"level":"info","message":"ruta: /cc/ccrenagr/buscar/cabecera - ::1 - [25-05-2024 11:01]"}
{"level":"info","message":"ruta: /cc/ccrenagr/buscar/cabecera - ::1 - [25-05-2024 11:01]"}
{"level":"info","message":"ruta: /cc/ccrenagr/preform - ::1 - [25-05-2024 11:02]"}
{"level":"info","message":"ruta: /cc/ccrenagr/buscar/cabecera - ::1 - [25-05-2024 11:02]"}
{"level":"info","message":"ruta: /cc/ccrenagr/preform - ::1 - [25-05-2024 11:02]"}
{"level":"info","message":"ruta: /cc/ccrenagr/buscar/cabecera - ::1 - [25-05-2024 11:02]"}
{"level":"info","message":"ruta: /cc/ccrenagr/preform - ::1 - [25-05-2024 11:03]"}
{"level":"info","message":"ruta: /cc/ccrenagr/buscar/cabecera - ::1 - [25-05-2024 11:03]"}
{"level":"info","message":"ruta: /cc/ccrenagr/valida/cliente - ::1 - [25-05-2024 11:03]"}
{"level":"info","message":"ruta: /cc/ccrenagr/buscar/cabecera - ::1 - [25-05-2024 11:03]"}
{"level":"info","message":"ruta: /cc/ccrenagr/buscar/cabecera - ::1 - [25-05-2024 11:03]"}
{"level":"info","message":"ruta: /cc/ccrenagr/preform - ::1 - [25-05-2024 11:03]"}
{"level":"info","message":"ruta: /cc/ccrenagr/buscar/cabecera - ::1 - [25-05-2024 11:03]"}
{"level":"info","message":"ruta: /cc/ccrenagr/preform - ::1 - [25-05-2024 11:04]"}
{"level":"info","message":"ruta: /cc/ccrenagr/buscar/cabecera - ::1 - [25-05-2024 11:04]"}
{"level":"info","message":"ruta: /cc/ccrenagr/preform - ::1 - [25-05-2024 11:04]"}
{"level":"info","message":"ruta: /cc/ccrenagr/buscar/cabecera - ::1 - [25-05-2024 11:04]"}
{"level":"info","message":"ruta: /cc/ccrenagr/preform - ::1 - [25-05-2024 11:04]"}
{"level":"info","message":"ruta: /cc/ccrenagr/buscar/cabecera - ::1 - [25-05-2024 11:04]"}
{"level":"info","message":"ruta: /cc/ccrenagr/preform - ::1 - [25-05-2024 11:04]"}
{"level":"info","message":"ruta: /cc/ccrenagr/buscar/cabecera - ::1 - [25-05-2024 11:04]"}
{"level":"info","message":"ruta: /cc/ccrenagr/preform - ::1 - [25-05-2024 11:04]"}
{"level":"info","message":"ruta: /cc/ccrenagr/buscar/cabecera - ::1 - [25-05-2024 11:04]"}
{"level":"info","message":"ruta: /cc/ccrenagr/buscar/cabecera - ::1 - [25-05-2024 11:04]"}
{"level":"info","message":"ruta: /cc/ccrenagr/buscar/cabecera - ::1 - [25-05-2024 11:04]"}
{"level":"info","message":"ruta: /cc/ccrenagr/buscar/cabecera - ::1 - [25-05-2024 11:04]"}
{"level":"info","message":"ruta: /cc/ccrenagr/preform - ::1 - [25-05-2024 11:04]"}
{"level":"info","message":"ruta: /cc/ccrenagr/buscar/cabecera - ::1 - [25-05-2024 11:04]"}
{"level":"info","message":"ruta: /cc/ccrenagr/buscar/cabecera - ::1 - [25-05-2024 11:04]"}
{"level":"info","message":"ruta: /cc/ccrenagr/preform - ::1 - [25-05-2024 11:05]"}
{"level":"info","message":"ruta: /cc/ccrenagr/buscar/cabecera - ::1 - [25-05-2024 11:05]"}
{"level":"info","message":"ruta: /cc/ccrenagr/preform - ::1 - [25-05-2024 11:05]"}
{"level":"info","message":"ruta: /cc/ccrenagr/buscar/cabecera - ::1 - [25-05-2024 11:05]"}
{"level":"info","message":"ruta: /cc/ccrenagr/buscar/cabecera - ::1 - [25-05-2024 11:05]"}
{"level":"info","message":"ruta: /cc/ccrenagr/buscar/cabecera - ::1 - [25-05-2024 11:05]"}
{"level":"info","message":"ruta: /cc/ccrenagr/buscar/cabecera - ::1 - [25-05-2024 11:05]"}
{"level":"info","message":"ruta: /cc/ccrenagr/preform - ::1 - [25-05-2024 11:05]"}
{"level":"info","message":"ruta: /cc/ccrenagr/buscar/cabecera - ::1 - [25-05-2024 11:05]"}
{"level":"info","message":"ruta: /cc/ccrenagr/valida/cliente - ::1 - [25-05-2024 11:05]"}
{"level":"info","message":"ruta: /cc/ccrenagr/preform - ::1 - [25-05-2024 11:06]"}
{"level":"info","message":"ruta: /cc/ccrenagr/buscar/cabecera - ::1 - [25-05-2024 11:06]"}
{"level":"info","message":"ruta: /cc/ccrenagr/buscar/cabecera - ::1 - [25-05-2024 11:06]"}
{"level":"info","message":"ruta: /cc/ccrenagr/preform - ::1 - [25-05-2024 11:06]"}
{"level":"info","message":"ruta: /cc/ccrenagr/buscar/cabecera - ::1 - [25-05-2024 11:06]"}
{"level":"info","message":"ruta: /cc/ccrenagr/valida/cliente - ::1 - [25-05-2024 11:07]"}
{"level":"info","message":"ruta: /cc/ccrenagr/buscar/cabecera - ::1 - [25-05-2024 11:07]"}
{"level":"info","message":"ruta: /cc/ccrenagr/buscar/cabecera - ::1 - [25-05-2024 11:07]"}
{"level":"info","message":"ruta: /cc/ccrenagr/buscar/cabecera - ::1 - [25-05-2024 11:07]"}
{"level":"info","message":"ruta: /cc/ccrenagr/buscar/cabecera - ::1 - [25-05-2024 11:07]"}
{"level":"info","message":"ruta: /cc/ccrenagr/buscar/cabecera - ::1 - [25-05-2024 11:07]"}
{"level":"info","message":"ruta: /cc/ccrenagr/buscar/cabecera - ::1 - [25-05-2024 11:07]"}
{"level":"info","message":"ruta: /cc/ccrenagr/buscar/cabecera - ::1 - [25-05-2024 11:07]"}
{"level":"info","message":"ruta: /cc/ccrenagr/buscar/cabecera - ::1 - [25-05-2024 11:07]"}
{"level":"info","message":"ruta: /cc/ccrenagr/buscar/cabecera - ::1 - [25-05-2024 11:07]"}
{"level":"info","message":"ruta: /cc/ccrenagr/preform - ::1 - [25-05-2024 11:07]"}
{"level":"info","message":"ruta: /cc/ccrenagr/buscar/cabecera - ::1 - [25-05-2024 11:07]"}
{"level":"info","message":"ruta: /cc/ccrenagr/preform - ::1 - [25-05-2024 11:07]"}
{"level":"info","message":"ruta: /cc/ccrenagr/buscar/cabecera - ::1 - [25-05-2024 11:07]"}
{"level":"info","message":"ruta: /cc/ccrenagr/buscar/cabecera - ::1 - [25-05-2024 11:08]"}
{"level":"info","message":"ruta: /cc/ccrenagr/buscar/cabecera - ::1 - [25-05-2024 11:08]"}
{"level":"info","message":"ruta: /cc/ccrenagr/preform - ::1 - [25-05-2024 11:08]"}
{"level":"info","message":"ruta: /cc/ccrenagr/buscar/cabecera - ::1 - [25-05-2024 11:08]"}
{"level":"info","message":"ruta: /cc/ccrenagr/buscar/cabecera - ::1 - [25-05-2024 11:08]"}
{"level":"info","message":"ruta: /cc/ccrenagr/preform - ::1 - [25-05-2024 11:08]"}
{"level":"info","message":"ruta: /cc/ccrenagr/buscar/cabecera - ::1 - [25-05-2024 11:08]"}
{"level":"info","message":"ruta: /cc/ccrenagr/preform - ::1 - [25-05-2024 11:08]"}
{"level":"info","message":"ruta: /cc/ccrenagr/buscar/cabecera - ::1 - [25-05-2024 11:08]"}
{"level":"info","message":"ruta: /cc/ccrenagr/buscar/cabecera - ::1 - [25-05-2024 11:08]"}
{"level":"info","message":"ruta: /cc/ccrenagr/buscar/cabecera - ::1 - [25-05-2024 11:08]"}
{"level":"info","message":"ruta: /cc/ccrenagr/preform - ::1 - [25-05-2024 11:09]"}
{"level":"info","message":"ruta: /cc/ccrenagr/buscar/cabecera - ::1 - [25-05-2024 11:09]"}
{"level":"info","message":"ruta: /cc/ccrenagr/preform - ::1 - [25-05-2024 11:09]"}
{"level":"info","message":"ruta: /cc/ccrenagr/buscar/cabecera - ::1 - [25-05-2024 11:09]"}
{"level":"info","message":"ruta: /cc/ccrenagr/buscar/cabecera - ::1 - [25-05-2024 11:09]"}
{"level":"info","message":"ruta: /cc/ccrenagr/buscar/cabecera - ::1 - [25-05-2024 11:09]"}
{"level":"info","message":"ruta: /cc/ccrenagr/buscar/cabecera - ::1 - [25-05-2024 11:09]"}
{"level":"info","message":"ruta: /cc/ccrenagr/preform - ::1 - [25-05-2024 11:09]"}
{"level":"info","message":"ruta: /cc/ccrenagr/buscar/cabecera - ::1 - [25-05-2024 11:09]"}
{"level":"info","message":"ruta: /cc/ccrenagr/preform - ::1 - [25-05-2024 11:09]"}
{"level":"info","message":"ruta: /cc/ccrenagr/buscar/cabecera - ::1 - [25-05-2024 11:09]"}
{"level":"info","message":"ruta: /cc/ccrenagr/preform - ::1 - [25-05-2024 11:09]"}
{"level":"info","message":"ruta: /cc/ccrenagr/buscar/cabecera - ::1 - [25-05-2024 11:09]"}
{"level":"info","message":"ruta: /cc/ccrenagr/buscar/cabecera - ::1 - [25-05-2024 11:09]"}
{"level":"info","message":"ruta: /cc/ccrenagr/buscar/cabecera - ::1 - [25-05-2024 11:09]"}
{"level":"info","message":"ruta: /cc/ccrenagr/buscar/cabecera - ::1 - [25-05-2024 11:09]"}
{"level":"info","message":"ruta: /cc/ccrenagr/buscar/cabecera - ::1 - [25-05-2024 11:09]"}
{"level":"info","message":"ruta: /cc/ccrenagr/buscar/cabecera - ::1 - [25-05-2024 11:09]"}
{"level":"info","message":"ruta: /cc/ccrenagr/buscar/cabecera - ::1 - [25-05-2024 11:09]"}
{"level":"info","message":"ruta: /cc/ccrenagr/buscar/cabecera - ::1 - [25-05-2024 11:09]"}
{"level":"info","message":"ruta: /cc/ccrenagr/valida/cliente - ::1 - [25-05-2024 11:09]"}
{"level":"info","message":"ruta: /cc/ccrenagr/buscar/cabecera - ::1 - [25-05-2024 11:09]"}
{"level":"info","message":"ruta: /cc/ccrenagr/buscar/cabecera - ::1 - [25-05-2024 11:09]"}
{"level":"info","message":"ruta: /cc/ccrenagr/preform - ::1 - [25-05-2024 11:10]"}
{"level":"info","message":"ruta: /cc/ccrenagr/buscar/cabecera - ::1 - [25-05-2024 11:10]"}
{"level":"info","message":"ruta: /cc/ccrenagr/preform - ::1 - [25-05-2024 11:12]"}
{"level":"info","message":"ruta: /cc/ccrenagr/buscar/cabecera - ::1 - [25-05-2024 11:12]"}
{"level":"info","message":"ruta: /cc/ccrenagr/buscar/cabecera - ::1 - [25-05-2024 11:12]"}
{"level":"info","message":"ruta: /cc/ccrenagr/valida/cliente - ::1 - [25-05-2024 11:12]"}
{"level":"info","message":"ruta: /cc/ccrenagr/buscar/cabecera - ::1 - [25-05-2024 11:12]"}
{"level":"info","message":"ruta: /cc/ccrenagr/buscar/cabecera - ::1 - [25-05-2024 11:12]"}
{"level":"info","message":"ruta: /cc/ccrenagr/preform - ::1 - [25-05-2024 11:12]"}
{"level":"info","message":"ruta: /cc/ccrenagr/buscar/cabecera - ::1 - [25-05-2024 11:12]"}
{"level":"info","message":"ruta: /cc/ccrenagr/preform - ::1 - [25-05-2024 11:13]"}
{"level":"info","message":"ruta: /cc/ccrenagr/buscar/cabecera - ::1 - [25-05-2024 11:13]"}
{"level":"info","message":"ruta: /cc/ccrenagr/buscar/cabecera - ::1 - [25-05-2024 11:13]"}
{"level":"info","message":"ruta: /cc/ccrenagr/buscar/cabecera - ::1 - [25-05-2024 11:13]"}
{"level":"info","message":"ruta: /cc/ccrenagr/buscar/cabecera - ::1 - [25-05-2024 11:13]"}
{"level":"info","message":"ruta: /cc/ccrenagr/valida/cliente - ::1 - [25-05-2024 11:13]"}
{"level":"info","message":"ruta: /cc/ccrenagr/buscar/cabecera - ::1 - [25-05-2024 11:13]"}
{"level":"info","message":"ruta: /cc/ccrenagr/buscar/cabecera - ::1 - [25-05-2024 11:13]"}
{"level":"info","message":"ruta: /cc/ccrenagr/buscar/cabecera - ::1 - [25-05-2024 11:13]"}
{"level":"info","message":"ruta: /cc/ccrenagr/buscar/cabecera - ::1 - [25-05-2024 11:13]"}
{"level":"info","message":"ruta: /cc/ccrenagr/preform - ::1 - [25-05-2024 11:15]"}
{"level":"info","message":"ruta: /cc/ccrenagr/buscar/cabecera - ::1 - [25-05-2024 11:15]"}
{"level":"info","message":"ruta: /cc/ccrenagr/buscar/cabecera - ::1 - [25-05-2024 11:15]"}
{"level":"info","message":"ruta: /cc/ccrenagr/valida/cliente - ::1 - [25-05-2024 11:18]"}
{"level":"info","message":"ruta: /cc/ccrenagr/preform - ::1 - [25-05-2024 11:27]"}
{"level":"info","message":"ruta: /cc/ccrenagr/buscar/cabecera - ::1 - [25-05-2024 11:27]"}
{"level":"info","message":"ruta: /cc/ccrenagr/valida/cliente - ::1 - [25-05-2024 11:27]"}
{"level":"info","message":"ruta: /cc/ccrenagr/buscar/cabecera - ::1 - [25-05-2024 11:27]"}
{"level":"info","message":"ruta: /cc/ccrenagr/buscar/cabecera - ::1 - [25-05-2024 11:27]"}
{"level":"info","message":"ruta: /cc/ccrenagr/buscar/cabecera - ::1 - [25-05-2024 11:28]"}
{"level":"info","message":"ruta: /cc/ccrenagr/preform - ::1 - [25-05-2024 11:28]"}
{"level":"info","message":"ruta: /cc/ccrenagr/buscar/cabecera - ::1 - [25-05-2024 11:28]"}
{"level":"info","message":"ruta: /cc/ccrenagr/valida/cliente - ::1 - [25-05-2024 11:28]"}
{"level":"info","message":"ruta: /cc/ccrenagr/buscar/cabecera - ::1 - [25-05-2024 11:28]"}
{"level":"info","message":"ruta: /cc/ccrenagr/buscar/cabecera - ::1 - [25-05-2024 11:29]"}
{"level":"info","message":"ruta: /cc/ccrenagr/buscar/cabecera - ::1 - [25-05-2024 11:29]"}
{"level":"info","message":"ruta: /cc/ccrenagr/preform - ::1 - [25-05-2024 11:30]"}
{"level":"info","message":"ruta: /cc/ccrenagr/buscar/cabecera - ::1 - [25-05-2024 11:30]"}
{"level":"info","message":"ruta: /cc/ccrenagr/valida/cliente - ::1 - [25-05-2024 11:30]"}
{"level":"info","message":"ruta: /cc/ccrenagr/buscar/cabecera - ::1 - [25-05-2024 11:30]"}
{"level":"info","message":"ruta: /cc/ccrenagr/preform - ::1 - [25-05-2024 11:31]"}
{"level":"info","message":"ruta: /cc/ccrenagr/buscar/cabecera - ::1 - [25-05-2024 11:31]"}
{"level":"info","message":"ruta: /cc/ccrenagr/buscar/cabecera - ::1 - [25-05-2024 11:31]"}
{"level":"info","message":"ruta: /cc/ccrenagr/valida/cliente - ::1 - [25-05-2024 11:31]"}
{"level":"info","message":"ruta: /cc/ccrenagr/buscar/cabecera - ::1 - [25-05-2024 11:31]"}
{"level":"info","message":"ruta: /cc/ccrenagr/buscar/cabecera - ::1 - [25-05-2024 11:31]"}
{"level":"info","message":"ruta: /cc/ccrenagr/preform - ::1 - [25-05-2024 11:32]"}
{"level":"info","message":"ruta: /cc/ccrenagr/buscar/cabecera - ::1 - [25-05-2024 11:32]"}
{"level":"info","message":"ruta: /cc/ccrenagr/preform - ::1 - [25-05-2024 11:32]"}
{"level":"info","message":"ruta: /cc/ccrenagr/buscar/cabecera - ::1 - [25-05-2024 11:32]"}
{"level":"info","message":"ruta: /cc/ccrenagr/valida/cliente - ::1 - [25-05-2024 11:32]"}
{"level":"info","message":"ruta: /cc/ccrenagr/buscar/cabecera - ::1 - [25-05-2024 11:32]"}
{"level":"info","message":"ruta: /cc/ccrenagr/buscar/cabecera - ::1 - [25-05-2024 11:32]"}
{"level":"info","message":"ruta: /cc/ccrenagr/buscar/cabecera - ::1 - [25-05-2024 11:32]"}
{"level":"info","message":"ruta: /cc/ccrenagr/buscar/cabecera - ::1 - [25-05-2024 11:32]"}
{"level":"info","message":"ruta: /cc/ccrenagr/preform - ::1 - [25-05-2024 11:33]"}
{"level":"info","message":"ruta: /cc/ccrenagr/buscar/cabecera - ::1 - [25-05-2024 11:33]"}
{"level":"info","message":"ruta: /cc/ccrenagr/preform - ::1 - [25-05-2024 11:34]"}
{"level":"info","message":"ruta: /cc/ccrenagr/buscar/cabecera - ::1 - [25-05-2024 11:34]"}
{"level":"info","message":"ruta: /cc/ccrenagr/preform - ::1 - [25-05-2024 11:34]"}
{"level":"info","message":"ruta: /cc/ccrenagr/buscar/cabecera - ::1 - [25-05-2024 11:34]"}
{"level":"info","message":"ruta: /cc/ccrenagr/valida/cliente - ::1 - [25-05-2024 11:34]"}
{"level":"info","message":"ruta: /cc/ccrenagr/buscar/cabecera - ::1 - [25-05-2024 11:34]"}
{"level":"info","message":"ruta: /cc/ccrenagr/preform - ::1 - [25-05-2024 11:35]"}
{"level":"info","message":"ruta: /cc/ccrenagr/buscar/cabecera - ::1 - [25-05-2024 11:35]"}
{"level":"info","message":"ruta: /cc/ccrenagr/preform - ::1 - [25-05-2024 11:35]"}
{"level":"info","message":"ruta: /cc/ccrenagr/buscar/cabecera - ::1 - [25-05-2024 11:35]"}
{"level":"info","message":"ruta: /cc/ccrenagr/preform - ::1 - [25-05-2024 11:36]"}
{"level":"info","message":"ruta: /cc/ccrenagr/buscar/cabecera - ::1 - [25-05-2024 11:36]"}
{"level":"info","message":"ruta: /cc/ccrenagr/preform - ::1 - [25-05-2024 11:37]"}
{"level":"info","message":"ruta: /cc/ccrenagr/buscar/cabecera - ::1 - [25-05-2024 11:37]"}
{"level":"info","message":"ruta: /cc/ccrenagr/valida/cliente - ::1 - [25-05-2024 11:37]"}
{"level":"info","message":"ruta: /cc/ccrenagr/buscar/cabecera - ::1 - [25-05-2024 11:37]"}
{"level":"info","message":"ruta: /cc/ccrenagr/buscar/cabecera - ::1 - [25-05-2024 11:37]"}
{"level":"info","message":"ruta: /cc/ccrenagr/buscar/cabecera - ::1 - [25-05-2024 11:37]"}
{"level":"info","message":"ruta: /cc/ccrenagr/buscar/cabecera - ::1 - [25-05-2024 11:37]"}
{"level":"info","message":"ruta: /cc/ccrenagr/buscar/cabecera - ::1 - [25-05-2024 11:37]"}
{"level":"info","message":"ruta: /cc/ccrenagr/buscar/cabecera - ::1 - [25-05-2024 11:37]"}
{"level":"info","message":"ruta: /cc/ccrenagr/buscar/cabecera - ::1 - [25-05-2024 11:37]"}
{"level":"info","message":"ruta: /cc/ccrenagr/preform - ::1 - [25-05-2024 11:37]"}
{"level":"info","message":"ruta: /cc/ccrenagr/buscar/cabecera - ::1 - [25-05-2024 11:37]"}
