{"level":"info","message":"ruta: /st/starticu/list/relaciones - ::1 - [28-01-2024 09:57]"}
{"level":"info","message":"ruta: /st/stentsal/list/detalle - ::1 - [28-01-2024 09:57]"}
{"level":"info","message":"ruta: /st/stentsal/list/detalle - ::1 - [28-01-2024 09:57]"}
{"level":"info","message":"ruta: /st/stentsal/list/cabecera - ::1 - [28-01-2024 09:57]"}
{"level":"info","message":"ruta: /st/stentsal/list/postqueryCab - ::1 - [28-01-2024 09:57]"}
{"level":"info","message":"ruta: /st/stentsal/list/detalle - ::1 - [28-01-2024 09:57]"}
{"level":"info","message":"ruta: /st/stentsal/list/postqueryCab - ::1 - [28-01-2024 09:57]"}
{"level":"info","message":"ruta: /st/stentsal/list/detalle - ::1 - [28-01-2024 09:57]"}
{"level":"info","message":"ruta: /st/stentsal/list/postqueryCab - ::1 - [28-01-2024 09:57]"}
{"level":"info","message":"ruta: /st/stentsal/list/detalle - ::1 - [28-01-2024 09:57]"}
{"level":"info","message":"ruta: /st/stentsal/list/detalle - ::1 - [28-01-2024 09:57]"}
{"level":"info","message":"ruta: /st/stentsal/list/detalle - ::1 - [28-01-2024 09:57]"}
{"level":"info","message":"ruta: /st/stentsal/list/detalle - ::1 - [28-01-2024 09:57]"}
{"level":"info","message":"ruta: /st/stentsal/list/detalle - ::1 - [28-01-2024 09:57]"}
{"level":"info","message":"ruta: /st/stentsal/list/detalle - ::1 - [28-01-2024 09:57]"}
{"level":"info","message":"ruta: /st/stentsal/list/detalle - ::1 - [28-01-2024 09:57]"}
{"level":"info","message":"ruta: /st/stentsal/list/detalle - ::1 - [28-01-2024 09:57]"}
{"level":"info","message":"ruta: /st/stentsal/list/postqueryCab - ::1 - [28-01-2024 09:57]"}
{"level":"info","message":"ruta: /st/stentsal/list/detalle - ::1 - [28-01-2024 09:57]"}
{"level":"info","message":"ruta: /st/stentsal/list/postqueryCab - ::1 - [28-01-2024 09:57]"}
{"level":"info","message":"ruta: /st/stentsal/list/detalle - ::1 - [28-01-2024 09:57]"}
{"level":"info","message":"ruta: /st/stentsal/list/detalle - ::1 - [28-01-2024 09:57]"}
{"level":"info","message":"ruta: /st/stentsal/list/cabecera - ::1 - [28-01-2024 09:57]"}
{"level":"info","message":"ruta: /st/stentsal/list/postqueryCab - ::1 - [28-01-2024 09:57]"}
{"level":"info","message":"ruta: /st/stentsal/list/detalle - ::1 - [28-01-2024 09:57]"}
{"level":"info","message":"ruta: /st/stentsal/list/postqueryCab - ::1 - [28-01-2024 09:57]"}
{"level":"info","message":"ruta: /st/stentsal/list/detalle - ::1 - [28-01-2024 09:57]"}
{"level":"info","message":"ruta: /st/stentsal/list/postqueryCab - ::1 - [28-01-2024 09:57]"}
{"level":"info","message":"ruta: /st/stentsal/list/detalle - ::1 - [28-01-2024 09:57]"}
{"level":"info","message":"ruta: /st/stentsal/list/detalle - ::1 - [28-01-2024 09:57]"}
{"level":"info","message":"ruta: /st/stentsal/list/cabecera - ::1 - [28-01-2024 09:57]"}
{"level":"info","message":"ruta: /st/stentsal/list/postqueryCab - ::1 - [28-01-2024 09:57]"}
{"level":"info","message":"ruta: /st/stentsal/list/detalle - ::1 - [28-01-2024 09:57]"}
{"level":"info","message":"ruta: /st/stentsal/valida/articulo - ::1 - [28-01-2024 09:57]"}
{"level":"info","message":"ruta: /st/stentsal/valida/um - ::1 - [28-01-2024 09:57]"}
{"level":"info","message":"ruta: /st/stentsal/valida/cantidad - ::1 - [28-01-2024 09:57]"}
{"level":"info","message":"ruta: /st/stentsal/list/detalle - ::1 - [28-01-2024 09:57]"}
{"level":"info","message":"ruta: /st/stentsal/list/detalle - ::1 - [28-01-2024 09:57]"}
{"level":"info","message":"ruta: /st/stentsal/list/cabecera - ::1 - [28-01-2024 09:57]"}
{"level":"info","message":"ruta: /st/stentsal/list/postqueryCab - ::1 - [28-01-2024 09:57]"}
{"level":"info","message":"ruta: /st/stentsal/list/detalle - ::1 - [28-01-2024 09:57]"}
{"level":"info","message":"ruta: /st/stentsal/list/postqueryCab - ::1 - [28-01-2024 09:57]"}
{"level":"info","message":"ruta: /st/stentsal/list/detalle - ::1 - [28-01-2024 09:57]"}
{"level":"info","message":"ruta: /st/stentsal/list/detalle - ::1 - [28-01-2024 09:58]"}
{"level":"info","message":"ruta: /st/stentsal/list/detalle - ::1 - [28-01-2024 10:01]"}
{"level":"info","message":"ruta: /st/stentsal/list/detalle - ::1 - [28-01-2024 10:01]"}
{"level":"info","message":"ruta: /st/stentsal/list/detalle - ::1 - [28-01-2024 10:01]"}
{"level":"info","message":"ruta: /st/stentsal/list/detalle - ::1 - [28-01-2024 10:01]"}
{"level":"info","message":"ruta: /st/stentsal/list/detalle - ::1 - [28-01-2024 10:01]"}
{"level":"info","message":"ruta: /st/stentsal/list/detalle - ::1 - [28-01-2024 10:02]"}
{"level":"info","message":"ruta: /st/stentsal/list/detalle - ::1 - [28-01-2024 10:06]"}
{"level":"info","message":"ruta: /st/stentsal/list/detalle - ::1 - [28-01-2024 10:07]"}
{"level":"info","message":"ruta: /st/stentsal/list/detalle - ::1 - [28-01-2024 10:07]"}
{"level":"info","message":"ruta: /st/stentsal/list/detalle - ::1 - [28-01-2024 10:07]"}
{"level":"info","message":"ruta: /st/stentsal/list/detalle - ::1 - [28-01-2024 10:07]"}
{"level":"info","message":"ruta: /st/stentsal/list/detalle - ::1 - [28-01-2024 10:09]"}
{"level":"info","message":"ruta: /st/stentsal/list/detalle - ::1 - [28-01-2024 10:09]"}
{"level":"info","message":"ruta: /st/stentsal/list/detalle - ::1 - [28-01-2024 10:10]"}
{"level":"info","message":"ruta: /st/stentsal/list/detalle - ::1 - [28-01-2024 10:10]"}
{"level":"info","message":"ruta: /st/stentsal/list/detalle - ::1 - [28-01-2024 10:10]"}
{"level":"info","message":"ruta: /st/stentsal/list/detalle - ::1 - [28-01-2024 10:13]"}
{"level":"info","message":"ruta: /st/stentsal/list/detalle - ::1 - [28-01-2024 10:13]"}
{"level":"info","message":"ruta: /st/stentsal/list/detalle - ::1 - [28-01-2024 10:20]"}
{"level":"info","message":"ruta: /st/stentsal/list/detalle - ::1 - [28-01-2024 10:21]"}
{"level":"info","message":"ruta: /st/stentsal/list/detalle - ::1 - [28-01-2024 10:22]"}
{"level":"info","message":"ruta: /st/stentsal/list/detalle - ::1 - [28-01-2024 10:22]"}
{"level":"info","message":"ruta: /st/stentsal/list/detalle - ::1 - [28-01-2024 10:22]"}
{"level":"info","message":"ruta: /st/stentsal/list/detalle - ::1 - [28-01-2024 10:22]"}
{"level":"info","message":"ruta: /st/stentsal/list/detalle - ::1 - [28-01-2024 10:24]"}
{"level":"info","message":"ruta: /st/stentsal/list/detalle - ::1 - [28-01-2024 10:27]"}
{"level":"info","message":"ruta: /st/stentsal/list/detalle - ::1 - [28-01-2024 10:27]"}
{"level":"info","message":"ruta: /st/stentsal/list/detalle - ::1 - [28-01-2024 10:27]"}
{"level":"info","message":"ruta: /st/stentsal/list/detalle - ::1 - [28-01-2024 10:28]"}
{"level":"info","message":"ruta: /st/stentsal/list/detalle - ::1 - [28-01-2024 10:28]"}
{"level":"info","message":"ruta: /st/stentsal/list/detalle - ::1 - [28-01-2024 10:28]"}
{"level":"info","message":"ruta: /st/stentsal/list/detalle - ::1 - [28-01-2024 10:29]"}
{"level":"info","message":"ruta: /st/stentsal/list/detalle - ::1 - [28-01-2024 10:29]"}
{"level":"info","message":"ruta: /st/stentsal/list/detalle - ::1 - [28-01-2024 10:30]"}
{"level":"info","message":"ruta: /st/stentsal/list/detalle - ::1 - [28-01-2024 10:31]"}
{"level":"info","message":"ruta: /st/stentsal/list/detalle - ::1 - [28-01-2024 10:31]"}
{"level":"info","message":"ruta: /st/stentsal/list/detalle - ::1 - [28-01-2024 10:31]"}
{"level":"info","message":"ruta: /st/stentsal/list/detalle - ::1 - [28-01-2024 10:31]"}
{"level":"info","message":"ruta: /st/stentsal/list/detalle - ::1 - [28-01-2024 10:31]"}
{"level":"info","message":"ruta: /st/stentsal/list/detalle - ::1 - [28-01-2024 10:31]"}
{"level":"info","message":"ruta: /st/stentsal/list/detalle - ::1 - [28-01-2024 10:37]"}
{"level":"info","message":"ruta: /st/stentsal/list/detalle - ::1 - [28-01-2024 10:38]"}
{"level":"info","message":"ruta: /st/stentsal/list/detalle - ::1 - [28-01-2024 10:38]"}
{"level":"info","message":"ruta: /st/stentsal/list/detalle - ::1 - [28-01-2024 10:39]"}
{"level":"info","message":"ruta: /st/stentsal/list/detalle - ::1 - [28-01-2024 10:39]"}
{"level":"info","message":"ruta: /st/stentsal/list/detalle - ::1 - [28-01-2024 10:46]"}
{"level":"info","message":"ruta: /st/stentsal/list/detalle - ::1 - [28-01-2024 10:51]"}
{"level":"info","message":"ruta: /st/stentsal/list/detalle - ::1 - [28-01-2024 10:52]"}
{"level":"info","message":"ruta: /st/stentsal/list/detalle - ::1 - [28-01-2024 10:52]"}
{"level":"info","message":"ruta: /st/stentsal/list/detalle - ::1 - [28-01-2024 10:52]"}
{"level":"info","message":"ruta: /st/stentsal/list/detalle - ::1 - [28-01-2024 10:52]"}
{"level":"info","message":"ruta: /st/stentsal/list/detalle - ::1 - [28-01-2024 10:53]"}
{"level":"info","message":"ruta: /st/stentsal/list/detalle - ::1 - [28-01-2024 10:53]"}
{"level":"info","message":"ruta: /st/stentsal/list/detalle - ::1 - [28-01-2024 10:54]"}
{"level":"info","message":"ruta: /st/stentsal/list/detalle - ::1 - [28-01-2024 10:54]"}
{"level":"info","message":"ruta: /st/stentsal/list/detalle - ::1 - [28-01-2024 10:55]"}
{"level":"info","message":"ruta: /st/stentsal/list/detalle - ::1 - [28-01-2024 10:56]"}
{"level":"info","message":"ruta: /st/stentsal/list/detalle - ::1 - [28-01-2024 10:56]"}
{"level":"info","message":"ruta: /st/stentsal/list/detalle - ::1 - [28-01-2024 11:00]"}
{"level":"info","message":"ruta: /st/stentsal/list/detalle - ::1 - [28-01-2024 11:00]"}
{"level":"info","message":"ruta: /st/stentsal/list/detalle - ::1 - [28-01-2024 11:00]"}
{"level":"info","message":"ruta: /st/stentsal/list/detalle - ::1 - [28-01-2024 11:02]"}
{"level":"info","message":"ruta: /st/stentsal/list/detalle - ::1 - [28-01-2024 11:02]"}
{"level":"info","message":"ruta: /st/stentsal/list/detalle - ::1 - [28-01-2024 11:02]"}
{"level":"info","message":"ruta: /st/stentsal/list/detalle - ::1 - [28-01-2024 11:02]"}
{"level":"info","message":"ruta: /st/stentsal/list/detalle - ::1 - [28-01-2024 11:08]"}
{"level":"info","message":"ruta: /st/stentsal/list/detalle - ::1 - [28-01-2024 11:08]"}
{"level":"info","message":"ruta: /st/stentsal/list/detalle - ::1 - [28-01-2024 11:09]"}
{"level":"info","message":"ruta: /st/stentsal/list/detalle - ::1 - [28-01-2024 11:09]"}
{"level":"info","message":"ruta: /st/stentsal/list/detalle - ::1 - [28-01-2024 11:10]"}
{"level":"info","message":"ruta: /st/stentsal/list/detalle - ::1 - [28-01-2024 11:10]"}
{"level":"info","message":"ruta: /st/stentsal/list/detalle - ::1 - [28-01-2024 11:11]"}
{"level":"info","message":"ruta: /st/stentsal/list/detalle - ::1 - [28-01-2024 11:11]"}
{"level":"info","message":"ruta: /st/stentsal/list/detalle - ::1 - [28-01-2024 11:11]"}
{"level":"info","message":"ruta: /st/stentsal/list/detalle - ::1 - [28-01-2024 11:11]"}
{"level":"info","message":"ruta: /st/stentsal/list/detalle - ::1 - [28-01-2024 11:12]"}
{"level":"info","message":"ruta: /st/stentsal/list/detalle - ::1 - [28-01-2024 11:13]"}
{"level":"info","message":"ruta: /st/stentsal/list/detalle - ::1 - [28-01-2024 11:14]"}
{"level":"info","message":"ruta: /st/stentsal/list/detalle - ::1 - [28-01-2024 11:15]"}
{"level":"info","message":"ruta: /st/stentsal/list/detalle - ::1 - [28-01-2024 11:15]"}
{"level":"info","message":"ruta: /st/stentsal/list/detalle - ::1 - [28-01-2024 11:15]"}
{"level":"info","message":"ruta: /st/stentsal/list/detalle - ::1 - [28-01-2024 11:19]"}
{"level":"info","message":"ruta: /st/stentsal/list/detalle - ::1 - [28-01-2024 11:19]"}
{"level":"info","message":"ruta: /st/stentsal/list/detalle - ::1 - [28-01-2024 11:19]"}
{"level":"info","message":"ruta: /st/stentsal/list/detalle - ::1 - [28-01-2024 11:20]"}
{"level":"info","message":"ruta: /st/stentsal/list/detalle - ::1 - [28-01-2024 11:20]"}
{"level":"info","message":"ruta: /st/stentsal/list/detalle - ::1 - [28-01-2024 11:20]"}
{"level":"info","message":"ruta: /st/stentsal/list/detalle - ::1 - [28-01-2024 11:22]"}
{"level":"info","message":"ruta: /st/stentsal/list/detalle - ::1 - [28-01-2024 11:25]"}
{"level":"info","message":"ruta: /st/starticu/list/relaciones - ::1 - [28-01-2024 11:27]"}
{"level":"info","message":"ruta: /st/stentsal/list/detalle - ::1 - [28-01-2024 11:27]"}
{"level":"info","message":"ruta: /st/stentsal/valida/sucursal - ::1 - [28-01-2024 11:29]"}
{"level":"info","message":"ruta: /st/stentsal/list/detalle - ::1 - [28-01-2024 11:29]"}
{"level":"info","message":"ruta: /st/stentsal/list/detalle - ::1 - [28-01-2024 11:29]"}
{"level":"info","message":"ruta: /st/stentsal/list/detalle - ::1 - [28-01-2024 11:31]"}
{"level":"info","message":"ruta: /st/stentsal/list/detalle - ::1 - [28-01-2024 11:31]"}
{"level":"info","message":"ruta: /st/stentsal/list/detalle - ::1 - [28-01-2024 11:31]"}
{"level":"info","message":"ruta: /st/stentsal/list/detalle - ::1 - [28-01-2024 11:32]"}
{"level":"info","message":"ruta: /st/stentsal/list/detalle - ::1 - [28-01-2024 11:33]"}
{"level":"info","message":"ruta: /st/stentsal/list/detalle - ::1 - [28-01-2024 11:34]"}
{"level":"info","message":"ruta: /st/stentsal/list/detalle - ::1 - [28-01-2024 11:34]"}
{"level":"info","message":"ruta: /st/stentsal/list/detalle - ::1 - [28-01-2024 11:35]"}
{"level":"info","message":"ruta: /st/stentsal/list/detalle - ::1 - [28-01-2024 11:36]"}
{"level":"info","message":"ruta: /st/stentsal/list/detalle - ::1 - [28-01-2024 11:36]"}
{"level":"info","message":"ruta: /st/stentsal/list/detalle - ::1 - [28-01-2024 11:36]"}
{"level":"info","message":"ruta: /st/stentsal/list/detalle - ::1 - [28-01-2024 11:36]"}
{"level":"info","message":"ruta: /st/stentsal/list/detalle - ::1 - [28-01-2024 11:37]"}
{"level":"info","message":"ruta: /st/stentsal/list/detalle - ::1 - [28-01-2024 11:37]"}
{"level":"info","message":"ruta: /st/stentsal/list/detalle - ::1 - [28-01-2024 11:37]"}
{"level":"info","message":"ruta: /st/stentsal/list/detalle - ::1 - [28-01-2024 11:38]"}
{"level":"info","message":"ruta: /st/stentsal/list/detalle - ::1 - [28-01-2024 11:40]"}
{"level":"info","message":"ruta: /st/stentsal/list/detalle - ::1 - [28-01-2024 11:46]"}
{"level":"info","message":"ruta: /st/stentsal/list/detalle - ::1 - [28-01-2024 11:46]"}
{"level":"info","message":"ruta: /st/stentsal/list/detalle - ::1 - [28-01-2024 11:47]"}
{"level":"info","message":"ruta: /st/stentsal/valida/sucursal - ::1 - [28-01-2024 11:47]"}
{"level":"info","message":"ruta: /st/stentsal/list/detalle - ::1 - [28-01-2024 11:48]"}
{"level":"info","message":"ruta: /st/stentsal/list/detalle - ::1 - [28-01-2024 11:49]"}
{"level":"info","message":"ruta: /st/stentsal/list/detalle - ::1 - [28-01-2024 11:53]"}
{"level":"info","message":"ruta: /st/stentsal/valida/sucursal - ::1 - [28-01-2024 11:53]"}
{"level":"info","message":"ruta: /st/stentsal/valida/motivo - ::1 - [28-01-2024 11:53]"}
{"level":"info","message":"ruta: /st/stentsal/valida/motivo - ::1 - [28-01-2024 11:53]"}
{"level":"info","message":"ruta: /st/stentsal/valida/deposito - ::1 - [28-01-2024 11:53]"}
{"level":"info","message":"ruta: /st/stentsal/valida/deposito - ::1 - [28-01-2024 11:53]"}
{"level":"info","message":"ruta: /st/stentsal/valida/deposito - ::1 - [28-01-2024 11:53]"}
{"level":"info","message":"ruta: /st/stentsal/valida/proveedor - ::1 - [28-01-2024 11:53]"}
{"level":"info","message":"ruta: /st/stentsal/valida/moneda - ::1 - [28-01-2024 11:53]"}
{"level":"info","message":"ruta: /st/stentsal/list/detalle - ::1 - [28-01-2024 11:54]"}
{"level":"info","message":"ruta: /st/stentsal/valida/sucursal - ::1 - [28-01-2024 11:54]"}
{"level":"info","message":"ruta: /st/stentsal/valida/motivo - ::1 - [28-01-2024 11:54]"}
{"level":"info","message":"ruta: /st/stentsal/valida/motivo - ::1 - [28-01-2024 11:54]"}
{"level":"info","message":"ruta: /st/stentsal/valida/motivo - ::1 - [28-01-2024 11:54]"}
{"level":"info","message":"ruta: /st/stentsal/valida/motivo - ::1 - [28-01-2024 11:54]"}
{"level":"info","message":"ruta: /st/stentsal/valida/motivo - ::1 - [28-01-2024 11:54]"}
{"level":"info","message":"ruta: /st/stentsal/valida/motivo - ::1 - [28-01-2024 11:54]"}
{"level":"info","message":"ruta: /st/stentsal/valida/motivo - ::1 - [28-01-2024 11:54]"}
{"level":"info","message":"ruta: /st/stentsal/valida/deposito - ::1 - [28-01-2024 11:54]"}
{"level":"info","message":"ruta: /st/stentsal/valida/deposito - ::1 - [28-01-2024 11:54]"}
{"level":"info","message":"ruta: /st/stentsal/valida/deposito - ::1 - [28-01-2024 11:54]"}
{"level":"info","message":"ruta: /st/stentsal/valida/proveedor - ::1 - [28-01-2024 11:54]"}
{"level":"info","message":"ruta: /st/stentsal/valida/moneda - ::1 - [28-01-2024 11:54]"}
{"level":"info","message":"ruta: /st/stentsal/list/detalle - ::1 - [28-01-2024 11:54]"}
{"level":"info","message":"ruta: /st/stentsal/buscar/articulo - ::1 - [28-01-2024 11:54]"}
{"level":"info","message":"ruta: /st/stentsal/buscar/articulo - ::1 - [28-01-2024 11:54]"}
{"level":"info","message":"ruta: /st/stentsal/list/detalle - ::1 - [28-01-2024 11:54]"}
{"level":"info","message":"ruta: /st/stentsal/list/detalle - ::1 - [28-01-2024 11:55]"}
{"level":"info","message":"ruta: /st/stentsal/list/detalle - ::1 - [28-01-2024 11:56]"}
{"level":"info","message":"ruta: /st/stentsal/buscar/articulo - ::1 - [28-01-2024 12:02]"}
{"level":"info","message":"ruta: /st/stentsal/buscar/articulo - ::1 - [28-01-2024 12:02]"}
{"level":"info","message":"ruta: /st/stentsal/list/detalle - ::1 - [28-01-2024 12:04]"}
{"level":"info","message":"ruta: /st/stentsal/buscar/articulo - ::1 - [28-01-2024 12:04]"}
{"level":"info","message":"ruta: /st/stentsal/list/detalle - ::1 - [28-01-2024 12:05]"}
{"level":"info","message":"ruta: /st/stentsal/buscar/articulo - ::1 - [28-01-2024 12:05]"}
{"level":"info","message":"ruta: /st/stentsal/list/detalle - ::1 - [28-01-2024 12:08]"}
{"level":"info","message":"ruta: /st/stentsal/buscar/articulo - ::1 - [28-01-2024 12:08]"}
{"level":"info","message":"ruta: /st/stentsal/buscar/articulo - ::1 - [28-01-2024 12:08]"}
{"level":"info","message":"ruta: /st/stentsal/buscar/articulo - ::1 - [28-01-2024 12:08]"}
{"level":"info","message":"ruta: /st/stentsal/buscar/articulo - ::1 - [28-01-2024 12:08]"}
{"level":"info","message":"ruta: /st/stentsal/list/detalle - ::1 - [28-01-2024 12:08]"}
{"level":"info","message":"ruta: /st/stentsal/buscar/articulo - ::1 - [28-01-2024 12:08]"}
{"level":"info","message":"ruta: /st/stentsal/buscar/articulo - ::1 - [28-01-2024 12:08]"}
{"level":"info","message":"ruta: /st/stentsal/buscar/articulo - ::1 - [28-01-2024 12:08]"}
{"level":"info","message":"ruta: /st/stentsal/valida/moneda - ::1 - [28-01-2024 12:08]"}
{"level":"info","message":"ruta: /st/stentsal/valida/moneda - ::1 - [28-01-2024 12:09]"}
{"level":"info","message":"ruta: /st/stentsal/list/detalle - ::1 - [28-01-2024 12:09]"}
{"level":"info","message":"ruta: /st/stentsal/list/detalle - ::1 - [28-01-2024 12:09]"}
{"level":"info","message":"ruta: /st/stentsal/list/cabecera - ::1 - [28-01-2024 12:09]"}
{"level":"info","message":"ruta: /st/stentsal/list/postqueryCab - ::1 - [28-01-2024 12:09]"}
{"level":"info","message":"ruta: /st/stentsal/list/detalle - ::1 - [28-01-2024 12:09]"}
{"level":"info","message":"ruta: /st/stentsal/list/detalle - ::1 - [28-01-2024 12:09]"}
{"level":"info","message":"ruta: /st/stentsal/list/detalle - ::1 - [28-01-2024 12:09]"}
{"level":"info","message":"ruta: /st/stentsal/list/detalle - ::1 - [28-01-2024 12:10]"}
{"level":"info","message":"ruta: /st/stentsal/list/detalle - ::1 - [28-01-2024 12:12]"}
{"level":"info","message":"ruta: /st/stentsal/list/detalle - ::1 - [28-01-2024 12:12]"}
{"level":"info","message":"ruta: /st/stentsal/list/cabecera - ::1 - [28-01-2024 12:12]"}
{"level":"info","message":"ruta: /st/stentsal/list/postqueryCab - ::1 - [28-01-2024 12:12]"}
{"level":"info","message":"ruta: /st/stentsal/list/detalle - ::1 - [28-01-2024 12:12]"}
{"level":"info","message":"ruta: /st/stentsal/list/detalle - ::1 - [28-01-2024 12:13]"}
{"level":"info","message":"ruta: /st/stentsal/list/detalle - ::1 - [28-01-2024 12:13]"}
{"level":"info","message":"ruta: /st/stentsal/list/cabecera - ::1 - [28-01-2024 12:13]"}
{"level":"info","message":"ruta: /st/stentsal/list/postqueryCab - ::1 - [28-01-2024 12:13]"}
{"level":"info","message":"ruta: /st/stentsal/list/detalle - ::1 - [28-01-2024 12:13]"}
{"level":"info","message":"ruta: /st/stentsal/list/detalle - ::1 - [28-01-2024 12:13]"}
{"level":"info","message":"ruta: /st/stentsal/list/detalle - ::1 - [28-01-2024 12:14]"}
{"level":"info","message":"ruta: /st/stentsal/list/detalle - ::1 - [28-01-2024 12:15]"}
{"level":"info","message":"ruta: /st/stentsal/list/detalle - ::1 - [28-01-2024 12:15]"}
{"level":"info","message":"ruta: /st/stentsal/list/detalle - ::1 - [28-01-2024 12:16]"}
{"level":"info","message":"ruta: /st/stentsal/list/detalle - ::1 - [28-01-2024 12:16]"}
{"level":"info","message":"ruta: /st/stentsal/list/detalle - ::1 - [28-01-2024 12:16]"}
{"level":"info","message":"ruta: /st/stentsal/list/detalle - ::1 - [28-01-2024 12:17]"}
{"level":"info","message":"ruta: /st/stentsal/list/detalle - ::1 - [28-01-2024 12:17]"}
{"level":"info","message":"ruta: /st/stentsal/list/detalle - ::1 - [28-01-2024 12:18]"}
{"level":"info","message":"ruta: /st/stentsal/list/detalle - ::1 - [28-01-2024 12:18]"}
{"level":"info","message":"ruta: /st/stentsal/list/detalle - ::1 - [28-01-2024 12:18]"}
{"level":"info","message":"ruta: /st/stentsal/list/detalle - ::1 - [28-01-2024 12:19]"}
{"level":"info","message":"ruta: /st/stentsal/list/detalle - ::1 - [28-01-2024 12:19]"}
{"level":"info","message":"ruta: /st/stentsal/list/detalle - ::1 - [28-01-2024 12:19]"}
{"level":"info","message":"ruta: /st/stentsal/list/detalle - ::1 - [28-01-2024 12:19]"}
{"level":"info","message":"ruta: /st/stentsal/list/cabecera - ::1 - [28-01-2024 12:19]"}
{"level":"info","message":"ruta: /st/stentsal/list/postqueryCab - ::1 - [28-01-2024 12:19]"}
{"level":"info","message":"ruta: /st/stentsal/list/detalle - ::1 - [28-01-2024 12:19]"}
{"level":"info","message":"ruta: /st/stentsal/list/detalle - ::1 - [28-01-2024 12:21]"}
{"level":"info","message":"ruta: /st/stentsal/list/detalle - ::1 - [28-01-2024 12:21]"}
{"level":"info","message":"ruta: /st/stentsal/list/detalle - ::1 - [28-01-2024 12:22]"}
{"level":"info","message":"ruta: /st/stentsal/list/detalle - ::1 - [28-01-2024 12:22]"}
{"level":"info","message":"ruta: /st/stentsal/list/detalle - ::1 - [28-01-2024 12:28]"}
{"level":"info","message":"ruta: /st/stentsal/list/cabecera - ::1 - [28-01-2024 12:28]"}
{"level":"info","message":"ruta: /st/stentsal/list/postqueryCab - ::1 - [28-01-2024 12:28]"}
{"level":"info","message":"ruta: /st/stentsal/list/detalle - ::1 - [28-01-2024 12:28]"}
{"level":"info","message":"ruta: /st/stentsal/list/detalle - ::1 - [28-01-2024 12:31]"}
{"level":"info","message":"ruta: /st/stentsal/list/detalle - ::1 - [28-01-2024 12:31]"}
{"level":"info","message":"ruta: /st/stentsal/list/detalle - ::1 - [28-01-2024 12:31]"}
{"level":"info","message":"ruta: /st/stentsal/list/detalle - ::1 - [28-01-2024 12:32]"}
{"level":"info","message":"ruta: /st/stentsal/list/detalle - ::1 - [28-01-2024 12:32]"}
{"level":"info","message":"ruta: /st/stentsal/list/detalle - ::1 - [28-01-2024 12:32]"}
{"level":"info","message":"ruta: /st/stentsal/list/detalle - ::1 - [28-01-2024 12:32]"}
{"level":"info","message":"ruta: /st/stentsal/list/detalle - ::1 - [28-01-2024 12:32]"}
{"level":"info","message":"ruta: /st/stentsal/list/detalle - ::1 - [28-01-2024 12:32]"}
{"level":"info","message":"ruta: /st/stentsal/list/detalle - ::1 - [28-01-2024 12:32]"}
{"level":"info","message":"ruta: /st/stentsal/list/detalle - ::1 - [28-01-2024 12:33]"}
{"level":"info","message":"ruta: /st/stentsal/list/detalle - ::1 - [28-01-2024 12:33]"}
{"level":"info","message":"ruta: /st/stentsal/list/detalle - ::1 - [28-01-2024 12:33]"}
{"level":"info","message":"ruta: /st/stentsal/list/detalle - ::1 - [28-01-2024 12:33]"}
{"level":"info","message":"ruta: /st/stentsal/list/detalle - ::1 - [28-01-2024 12:33]"}
{"level":"info","message":"ruta: /st/stentsal/list/detalle - ::1 - [28-01-2024 12:33]"}
{"level":"info","message":"ruta: /st/stentsal/list/detalle - ::1 - [28-01-2024 12:35]"}
{"level":"info","message":"ruta: /st/stentsal/list/detalle - ::1 - [28-01-2024 12:36]"}
{"level":"info","message":"ruta: /st/stentsal/list/cabecera - ::1 - [28-01-2024 12:36]"}
{"level":"info","message":"ruta: /st/stentsal/list/postqueryCab - ::1 - [28-01-2024 12:36]"}
{"level":"info","message":"ruta: /st/stentsal/list/detalle - ::1 - [28-01-2024 12:36]"}
{"level":"info","message":"ruta: /st/stentsal/list/detalle - ::1 - [28-01-2024 15:15]"}
{"level":"info","message":"ruta: /st/stentsal/list/detalle - ::1 - [28-01-2024 15:15]"}
{"level":"info","message":"ruta: /st/stentsal/list/cabecera - ::1 - [28-01-2024 15:15]"}
{"level":"info","message":"ruta: /st/stentsal/list/postqueryCab - ::1 - [28-01-2024 15:15]"}
{"level":"info","message":"ruta: /st/stentsal/list/detalle - ::1 - [28-01-2024 15:15]"}
{"level":"info","message":"ruta: /st/stentsal/list/detalle - ::1 - [28-01-2024 15:15]"}
{"level":"info","message":"ruta: /st/stentsal/list/detalle - ::1 - [28-01-2024 15:15]"}
{"level":"info","message":"ruta: /st/stentsal/list/detalle - ::1 - [28-01-2024 15:16]"}
{"level":"info","message":"ruta: /st/stentsal/list/detalle - ::1 - [28-01-2024 15:16]"}
{"level":"info","message":"ruta: /st/stentsal/list/detalle - ::1 - [28-01-2024 15:17]"}
{"level":"info","message":"ruta: /st/stentsal/list/detalle - ::1 - [28-01-2024 15:20]"}
{"level":"info","message":"ruta: /st/stentsal/list/detalle - ::1 - [28-01-2024 15:22]"}
{"level":"info","message":"ruta: /st/stentsal/list/detalle - ::1 - [28-01-2024 15:22]"}
{"level":"info","message":"ruta: /st/stentsal/list/detalle - ::1 - [28-01-2024 15:23]"}
{"level":"info","message":"ruta: /st/stentsal/list/detalle - ::1 - [28-01-2024 15:23]"}
{"level":"info","message":"ruta: /st/stentsal/list/detalle - ::1 - [28-01-2024 15:23]"}
{"level":"info","message":"ruta: /st/stentsal/list/detalle - ::1 - [28-01-2024 15:23]"}
{"level":"info","message":"ruta: /st/stentsal/list/detalle - ::1 - [28-01-2024 15:23]"}
{"level":"info","message":"ruta: /st/stentsal/list/detalle - ::1 - [28-01-2024 15:24]"}
{"level":"info","message":"ruta: /st/stentsal/list/cabecera - ::1 - [28-01-2024 15:24]"}
{"level":"info","message":"ruta: /st/stentsal/list/postqueryCab - ::1 - [28-01-2024 15:24]"}
{"level":"info","message":"ruta: /st/stentsal/list/detalle - ::1 - [28-01-2024 15:24]"}
{"level":"info","message":"ruta: /st/stentsal/list/detalle - ::1 - [28-01-2024 15:24]"}
{"level":"info","message":"ruta: /st/stentsal/list/detalle - ::1 - [28-01-2024 15:25]"}
{"level":"info","message":"ruta: /st/stentsal/list/detalle - ::1 - [28-01-2024 15:26]"}
{"level":"info","message":"ruta: /st/stentsal/list/detalle - ::1 - [28-01-2024 15:26]"}
{"level":"info","message":"ruta: /st/stentsal/list/cabecera - ::1 - [28-01-2024 15:26]"}
{"level":"info","message":"ruta: /st/stentsal/list/postqueryCab - ::1 - [28-01-2024 15:26]"}
{"level":"info","message":"ruta: /st/stentsal/list/detalle - ::1 - [28-01-2024 15:26]"}
{"level":"info","message":"ruta: /st/stentsal/list/detalle - ::1 - [28-01-2024 15:28]"}
{"level":"info","message":"ruta: /st/stentsal/list/detalle - ::1 - [28-01-2024 15:28]"}
{"level":"info","message":"ruta: /st/stentsal/list/cabecera - ::1 - [28-01-2024 15:28]"}
{"level":"info","message":"ruta: /st/stentsal/list/postqueryCab - ::1 - [28-01-2024 15:28]"}
{"level":"info","message":"ruta: /st/stentsal/list/detalle - ::1 - [28-01-2024 15:28]"}
{"level":"info","message":"ruta: /st/stentsal/list/detalle - ::1 - [28-01-2024 15:28]"}
{"level":"info","message":"ruta: /st/stentsal/list/detalle - ::1 - [28-01-2024 15:29]"}
{"level":"info","message":"ruta: /st/stentsal/list/detalle - ::1 - [28-01-2024 15:29]"}
{"level":"info","message":"ruta: /st/stentsal/list/detalle - ::1 - [28-01-2024 15:29]"}
{"level":"info","message":"ruta: /st/stentsal/list/cabecera - ::1 - [28-01-2024 15:29]"}
{"level":"info","message":"ruta: /st/stentsal/list/postqueryCab - ::1 - [28-01-2024 15:29]"}
{"level":"info","message":"ruta: /st/stentsal/list/detalle - ::1 - [28-01-2024 15:29]"}
{"level":"info","message":"ruta: /st/stentsal/list/detalle - ::1 - [28-01-2024 15:30]"}
{"level":"info","message":"ruta: /st/stentsal/list/detalle - ::1 - [28-01-2024 15:30]"}
{"level":"info","message":"ruta: /st/stentsal/list/detalle - ::1 - [28-01-2024 15:30]"}
{"level":"info","message":"ruta: /st/stentsal/list/cabecera - ::1 - [28-01-2024 15:30]"}
{"level":"info","message":"ruta: /st/stentsal/list/postqueryCab - ::1 - [28-01-2024 15:30]"}
{"level":"info","message":"ruta: /st/stentsal/list/detalle - ::1 - [28-01-2024 15:30]"}
{"level":"info","message":"ruta: /st/stentsal/list/detalle - ::1 - [28-01-2024 15:30]"}
{"level":"info","message":"ruta: /st/stentsal/list/detalle - ::1 - [28-01-2024 15:30]"}
{"level":"info","message":"ruta: /st/stentsal/list/detalle - ::1 - [28-01-2024 15:30]"}
{"level":"info","message":"ruta: /st/stentsal/list/cabecera - ::1 - [28-01-2024 15:30]"}
{"level":"info","message":"ruta: /st/stentsal/list/postqueryCab - ::1 - [28-01-2024 15:30]"}
{"level":"info","message":"ruta: /st/stentsal/list/detalle - ::1 - [28-01-2024 15:30]"}
{"level":"info","message":"ruta: /st/stentsal/list/detalle - ::1 - [28-01-2024 15:31]"}
{"level":"info","message":"ruta: /st/stentsal/list/cabecera - ::1 - [28-01-2024 15:31]"}
{"level":"info","message":"ruta: /st/stentsal/list/postqueryCab - ::1 - [28-01-2024 15:31]"}
{"level":"info","message":"ruta: /st/stentsal/list/detalle - ::1 - [28-01-2024 15:31]"}
{"level":"info","message":"ruta: /st/stentsal/list/detalle - ::1 - [28-01-2024 15:32]"}
{"level":"info","message":"ruta: /st/stentsal/list/detalle - ::1 - [28-01-2024 15:33]"}
{"level":"info","message":"ruta: /st/stentsal/list/detalle - ::1 - [28-01-2024 15:33]"}
{"level":"info","message":"ruta: /st/stentsal/list/detalle - ::1 - [28-01-2024 15:33]"}
{"level":"info","message":"ruta: /st/stentsal/list/cabecera - ::1 - [28-01-2024 15:33]"}
{"level":"info","message":"ruta: /st/stentsal/list/postqueryCab - ::1 - [28-01-2024 15:33]"}
{"level":"info","message":"ruta: /st/stentsal/list/detalle - ::1 - [28-01-2024 15:33]"}
{"level":"info","message":"ruta: /st/stentsal/list/detalle - ::1 - [28-01-2024 15:33]"}
{"level":"info","message":"ruta: /st/stentsal/list/cabecera - ::1 - [28-01-2024 15:33]"}
{"level":"info","message":"ruta: /st/stentsal/list/postqueryCab - ::1 - [28-01-2024 15:33]"}
{"level":"info","message":"ruta: /st/stentsal/list/detalle - ::1 - [28-01-2024 15:33]"}
{"level":"info","message":"ruta: /st/stentsal/valida/cantidad - ::1 - [28-01-2024 15:34]"}
{"level":"info","message":"ruta: /st/stentsal/valida/articulo - ::1 - [28-01-2024 15:34]"}
{"level":"info","message":"ruta: /st/stentsal/list/detalle - ::1 - [28-01-2024 15:34]"}
{"level":"info","message":"ruta: /st/stentsal/list/detalle - ::1 - [28-01-2024 15:35]"}
{"level":"info","message":"ruta: /st/stentsal/list/detalle - ::1 - [28-01-2024 15:35]"}
{"level":"info","message":"ruta: /st/stentsal/list/detalle - ::1 - [28-01-2024 15:35]"}
{"level":"info","message":"ruta: /st/stentsal/list/cabecera - ::1 - [28-01-2024 15:35]"}
{"level":"info","message":"ruta: /st/stentsal/list/postqueryCab - ::1 - [28-01-2024 15:35]"}
{"level":"info","message":"ruta: /st/stentsal/list/detalle - ::1 - [28-01-2024 15:35]"}
{"level":"info","message":"ruta: /st/stentsal/valida/cantidad - ::1 - [28-01-2024 15:35]"}
{"level":"info","message":"ruta: /st/stentsal/valida/articulo - ::1 - [28-01-2024 15:35]"}
{"level":"info","message":"ruta: /st/stentsal/list/detalle - ::1 - [28-01-2024 15:36]"}
{"level":"info","message":"ruta: /st/stentsal/list/detalle - ::1 - [28-01-2024 15:36]"}
{"level":"info","message":"ruta: /st/stentsal/list/detalle - ::1 - [28-01-2024 15:36]"}
{"level":"info","message":"ruta: /st/stentsal/list/detalle - ::1 - [28-01-2024 15:36]"}
{"level":"info","message":"ruta: /st/stentsal/list/cabecera - ::1 - [28-01-2024 15:36]"}
{"level":"info","message":"ruta: /st/stentsal/list/postqueryCab - ::1 - [28-01-2024 15:36]"}
{"level":"info","message":"ruta: /st/stentsal/list/detalle - ::1 - [28-01-2024 15:36]"}
{"level":"info","message":"ruta: /st/stentsal/list/detalle - ::1 - [28-01-2024 15:37]"}
{"level":"info","message":"ruta: /st/stentsal/list/detalle - ::1 - [28-01-2024 15:37]"}
{"level":"info","message":"ruta: /st/stentsal/list/cabecera - ::1 - [28-01-2024 15:38]"}
{"level":"info","message":"ruta: /st/stentsal/list/postqueryCab - ::1 - [28-01-2024 15:38]"}
{"level":"info","message":"ruta: /st/stentsal/list/detalle - ::1 - [28-01-2024 15:38]"}
{"level":"info","message":"ruta: /st/stentsal/list/detalle - ::1 - [28-01-2024 15:38]"}
{"level":"info","message":"ruta: /st/stentsal/list/cabecera - ::1 - [28-01-2024 15:38]"}
{"level":"info","message":"ruta: /st/stentsal/list/postqueryCab - ::1 - [28-01-2024 15:38]"}
{"level":"info","message":"ruta: /st/stentsal/list/detalle - ::1 - [28-01-2024 15:38]"}
{"level":"info","message":"ruta: /st/stentsal/list/detalle - ::1 - [28-01-2024 15:38]"}
{"level":"info","message":"ruta: /st/stentsal/list/detalle - ::1 - [28-01-2024 15:38]"}
{"level":"info","message":"ruta: /st/stentsal/list/cabecera - ::1 - [28-01-2024 15:38]"}
{"level":"info","message":"ruta: /st/stentsal/list/postqueryCab - ::1 - [28-01-2024 15:38]"}
{"level":"info","message":"ruta: /st/stentsal/list/detalle - ::1 - [28-01-2024 15:40]"}
{"level":"info","message":"ruta: /st/stentsal/list/detalle - ::1 - [28-01-2024 15:40]"}
{"level":"info","message":"ruta: /st/stentsal/list/detalle - ::1 - [28-01-2024 15:40]"}
{"level":"info","message":"ruta: /st/stentsal/list/cabecera - ::1 - [28-01-2024 15:40]"}
{"level":"info","message":"ruta: /st/stentsal/list/postqueryCab - ::1 - [28-01-2024 15:40]"}
{"level":"info","message":"ruta: /st/stentsal/list/detalle - ::1 - [28-01-2024 15:40]"}
{"level":"info","message":"ruta: /st/stentsal/list/postqueryCab - ::1 - [28-01-2024 15:40]"}
{"level":"info","message":"ruta: /st/stentsal/list/detalle - ::1 - [28-01-2024 15:40]"}
{"level":"info","message":"ruta: /st/stentsal/list/postqueryCab - ::1 - [28-01-2024 15:40]"}
{"level":"info","message":"ruta: /st/stentsal/list/detalle - ::1 - [28-01-2024 15:40]"}
{"level":"info","message":"ruta: /st/stentsal/list/detalle - ::1 - [28-01-2024 15:40]"}
{"level":"info","message":"ruta: /st/stentsal/list/detalle - ::1 - [28-01-2024 15:40]"}
{"level":"info","message":"ruta: /st/stentsal/list/postqueryCab - ::1 - [28-01-2024 15:40]"}
{"level":"info","message":"ruta: /st/stentsal/list/detalle - ::1 - [28-01-2024 15:40]"}
{"level":"info","message":"ruta: /st/stentsal/list/detalle - ::1 - [28-01-2024 15:40]"}
{"level":"info","message":"ruta: /st/stentsal/list/postqueryCab - ::1 - [28-01-2024 15:40]"}
{"level":"info","message":"ruta: /st/stentsal/list/detalle - ::1 - [28-01-2024 15:40]"}
{"level":"info","message":"ruta: /st/stentsal/list/postqueryCab - ::1 - [28-01-2024 15:40]"}
{"level":"info","message":"ruta: /st/stentsal/list/detalle - ::1 - [28-01-2024 15:40]"}
{"level":"info","message":"ruta: /st/stentsal/list/detalle - ::1 - [28-01-2024 15:40]"}
{"level":"info","message":"ruta: /st/stentsal/list/cabecera - ::1 - [28-01-2024 15:40]"}
{"level":"info","message":"ruta: /st/stentsal/list/postqueryCab - ::1 - [28-01-2024 15:40]"}
{"level":"info","message":"ruta: /st/stentsal/list/detalle - ::1 - [28-01-2024 15:40]"}
{"level":"info","message":"ruta: /st/stentsal/valida/articulo - ::1 - [28-01-2024 15:41]"}
{"level":"info","message":"ruta: /st/stentsal/valida/um - ::1 - [28-01-2024 15:41]"}
{"level":"info","message":"ruta: /st/stentsal/valida/cantidad - ::1 - [28-01-2024 15:41]"}
{"level":"info","message":"ruta: /st/stentsal/valida/articulo - ::1 - [28-01-2024 15:41]"}
{"level":"info","message":"ruta: /st/stentsal/buscar/articulo - ::1 - [28-01-2024 15:41]"}
{"level":"info","message":"ruta: /st/stentsal/buscar/articulo - ::1 - [28-01-2024 15:41]"}
{"level":"info","message":"ruta: /st/stentsal/valida/um - ::1 - [28-01-2024 15:41]"}
{"level":"info","message":"ruta: /st/stentsal/buscar/orden/1/4 - ::1 - [28-01-2024 15:41]"}
{"level":"info","message":"ruta: /st/stentsal - ::1 - [28-01-2024 15:41]"}
{"level":"info","message":"ruta: /st/stentsal/list/cabecera - ::1 - [28-01-2024 15:41]"}
{"level":"info","message":"ruta: /st/stentsal/list/postqueryCab - ::1 - [28-01-2024 15:41]"}
{"level":"info","message":"ruta: /st/stentsal/list/detalle - ::1 - [28-01-2024 15:41]"}
{"level":"info","message":"ruta: /st/stentsal - ::1 - [28-01-2024 15:41]"}
{"level":"info","message":"ruta: /st/stentsal/list/cabecera - ::1 - [28-01-2024 15:41]"}
{"level":"info","message":"ruta: /st/stentsal/list/postqueryCab - ::1 - [28-01-2024 15:41]"}
{"level":"info","message":"ruta: /st/stentsal/list/detalle - ::1 - [28-01-2024 15:41]"}
{"level":"info","message":"ruta: /st/stentsal/list/detalle - ::1 - [28-01-2024 15:41]"}
{"level":"info","message":"ruta: /st/stentsal/list/cabecera - ::1 - [28-01-2024 15:41]"}
{"level":"info","message":"ruta: /st/stentsal/list/postqueryCab - ::1 - [28-01-2024 15:41]"}
{"level":"info","message":"ruta: /st/stentsal/list/detalle - ::1 - [28-01-2024 15:41]"}
{"level":"info","message":"ruta: /st/starticu/list/relaciones - ::1 - [28-01-2024 15:41]"}
{"level":"info","message":"ruta: /st/starticu/list/relaciones - ::1 - [28-01-2024 15:41]"}
{"level":"info","message":"ruta: /st/stentsal/list/detalle - ::1 - [28-01-2024 15:41]"}
{"level":"info","message":"ruta: /st/stentsal/list/detalle - ::1 - [28-01-2024 15:41]"}
{"level":"info","message":"ruta: /st/stentsal/list/cabecera - ::1 - [28-01-2024 15:41]"}
{"level":"info","message":"ruta: /st/stentsal/list/postqueryCab - ::1 - [28-01-2024 15:41]"}
{"level":"info","message":"ruta: /st/stentsal/list/detalle - ::1 - [28-01-2024 15:41]"}
{"level":"info","message":"ruta: /st/stentsal/list/detalle - ::1 - [28-01-2024 15:43]"}
{"level":"info","message":"ruta: /st/stentsal/list/detalle - ::1 - [28-01-2024 15:43]"}
{"level":"info","message":"ruta: /st/stentsal/list/cabecera - ::1 - [28-01-2024 15:43]"}
{"level":"info","message":"ruta: /st/stentsal/list/postqueryCab - ::1 - [28-01-2024 15:43]"}
{"level":"info","message":"ruta: /st/stentsal/list/detalle - ::1 - [28-01-2024 15:43]"}
{"level":"info","message":"ruta: /st/stentsal/list/detalle - ::1 - [28-01-2024 15:43]"}
{"level":"info","message":"ruta: /st/stentsal/list/detalle - ::1 - [28-01-2024 15:44]"}
{"level":"info","message":"ruta: /st/stentsal/list/detalle - ::1 - [28-01-2024 15:44]"}
{"level":"info","message":"ruta: /st/stentsal/list/cabecera - ::1 - [28-01-2024 15:44]"}
{"level":"info","message":"ruta: /st/stentsal/list/postqueryCab - ::1 - [28-01-2024 15:44]"}
{"level":"info","message":"ruta: /st/stentsal/list/detalle - ::1 - [28-01-2024 15:44]"}
{"level":"info","message":"ruta: /st/stentsal/list/detalle - ::1 - [28-01-2024 15:44]"}
{"level":"info","message":"ruta: /st/stentsal/list/detalle - ::1 - [28-01-2024 15:44]"}
{"level":"info","message":"ruta: /st/stentsal/list/cabecera - ::1 - [28-01-2024 15:44]"}
{"level":"info","message":"ruta: /st/stentsal/list/postqueryCab - ::1 - [28-01-2024 15:44]"}
{"level":"info","message":"ruta: /st/stentsal/list/detalle - ::1 - [28-01-2024 15:44]"}
{"level":"info","message":"ruta: /st/stentsal/list/detalle - ::1 - [28-01-2024 15:45]"}
{"level":"info","message":"ruta: /st/stentsal/list/detalle - ::1 - [28-01-2024 15:45]"}
{"level":"info","message":"ruta: /st/stentsal/list/detalle - ::1 - [28-01-2024 15:45]"}
{"level":"info","message":"ruta: /st/stentsal/list/cabecera - ::1 - [28-01-2024 15:45]"}
{"level":"info","message":"ruta: /st/stentsal/list/postqueryCab - ::1 - [28-01-2024 15:45]"}
{"level":"info","message":"ruta: /st/stentsal/list/detalle - ::1 - [28-01-2024 15:45]"}
{"level":"info","message":"ruta: /st/stentsal/list/detalle - ::1 - [28-01-2024 15:45]"}
{"level":"info","message":"ruta: /st/stentsal/list/detalle - ::1 - [28-01-2024 15:47]"}
{"level":"info","message":"ruta: /st/stentsal/list/detalle - ::1 - [28-01-2024 15:48]"}
{"level":"info","message":"ruta: /st/stentsal/list/detalle - ::1 - [28-01-2024 15:49]"}
{"level":"info","message":"ruta: /st/stentsal/list/detalle - ::1 - [28-01-2024 15:50]"}
{"level":"info","message":"ruta: /st/stentsal/list/detalle - ::1 - [28-01-2024 15:50]"}
{"level":"info","message":"ruta: /st/stentsal/list/detalle - ::1 - [28-01-2024 15:51]"}
{"level":"info","message":"ruta: /st/stentsal/list/detalle - ::1 - [28-01-2024 15:53]"}
{"level":"info","message":"ruta: /st/stentsal/list/detalle - ::1 - [28-01-2024 15:55]"}
{"level":"info","message":"ruta: /st/stentsal/list/detalle - ::1 - [28-01-2024 15:55]"}
{"level":"info","message":"ruta: /st/stentsal/list/detalle - ::1 - [28-01-2024 15:56]"}
{"level":"info","message":"ruta: /st/stentsal/list/detalle - ::1 - [28-01-2024 15:56]"}
{"level":"info","message":"ruta: /st/stentsal/list/detalle - ::1 - [28-01-2024 15:56]"}
{"level":"info","message":"ruta: /st/stentsal/list/detalle - ::1 - [28-01-2024 15:59]"}
{"level":"info","message":"ruta: /st/stentsal/list/detalle - ::1 - [28-01-2024 15:59]"}
{"level":"info","message":"ruta: /st/stentsal/list/detalle - ::1 - [28-01-2024 15:59]"}
{"level":"info","message":"ruta: /st/stentsal/list/cabecera - ::1 - [28-01-2024 15:59]"}
{"level":"info","message":"ruta: /st/stentsal/list/postqueryCab - ::1 - [28-01-2024 15:59]"}
{"level":"info","message":"ruta: /st/stentsal/list/detalle - ::1 - [28-01-2024 15:59]"}
{"level":"info","message":"ruta: /st/stentsal/list/detalle - ::1 - [28-01-2024 15:59]"}
{"level":"info","message":"ruta: /st/stentsal/list/detalle - ::1 - [28-01-2024 15:59]"}
{"level":"info","message":"ruta: /st/stentsal/list/cabecera - ::1 - [28-01-2024 15:59]"}
{"level":"info","message":"ruta: /st/stentsal/list/postqueryCab - ::1 - [28-01-2024 15:59]"}
{"level":"info","message":"ruta: /st/stentsal/list/detalle - ::1 - [28-01-2024 15:59]"}
{"level":"info","message":"ruta: /st/stentsal/list/detalle - ::1 - [28-01-2024 15:59]"}
{"level":"info","message":"ruta: /st/stentsal/list/detalle - ::1 - [28-01-2024 16:00]"}
{"level":"info","message":"ruta: /st/stentsal/list/detalle - ::1 - [28-01-2024 16:00]"}
{"level":"info","message":"ruta: /st/stentsal/list/detalle - ::1 - [28-01-2024 16:01]"}
{"level":"info","message":"ruta: /st/stentsal/list/detalle - ::1 - [28-01-2024 16:01]"}
{"level":"info","message":"ruta: /st/stentsal/list/detalle - ::1 - [28-01-2024 16:02]"}
{"level":"info","message":"ruta: /st/stentsal/list/detalle - ::1 - [28-01-2024 16:02]"}
{"level":"info","message":"ruta: /st/stentsal/list/detalle - ::1 - [28-01-2024 16:02]"}
{"level":"info","message":"ruta: /st/stentsal/list/cabecera - ::1 - [28-01-2024 16:02]"}
{"level":"info","message":"ruta: /st/stentsal/list/postqueryCab - ::1 - [28-01-2024 16:02]"}
{"level":"info","message":"ruta: /st/stentsal/list/detalle - ::1 - [28-01-2024 16:02]"}
{"level":"info","message":"ruta: /st/stentsal/list/detalle - ::1 - [28-01-2024 16:02]"}
{"level":"info","message":"ruta: /st/stentsal/list/cabecera - ::1 - [28-01-2024 16:02]"}
{"level":"info","message":"ruta: /st/stentsal/list/postqueryCab - ::1 - [28-01-2024 16:02]"}
{"level":"info","message":"ruta: /st/stentsal/list/detalle - ::1 - [28-01-2024 16:02]"}
{"level":"info","message":"ruta: /st/stentsal/list/detalle - ::1 - [28-01-2024 16:03]"}
{"level":"info","message":"ruta: /st/stentsal/list/cabecera - ::1 - [28-01-2024 16:03]"}
{"level":"info","message":"ruta: /st/stentsal/list/postqueryCab - ::1 - [28-01-2024 16:03]"}
{"level":"info","message":"ruta: /st/stentsal/list/detalle - ::1 - [28-01-2024 16:03]"}
{"level":"info","message":"ruta: /st/stentsal/list/detalle - ::1 - [28-01-2024 16:04]"}
{"level":"info","message":"ruta: /st/stentsal/list/cabecera - ::1 - [28-01-2024 16:04]"}
{"level":"info","message":"ruta: /st/stentsal/list/postqueryCab - ::1 - [28-01-2024 16:04]"}
{"level":"info","message":"ruta: /st/stentsal/list/detalle - ::1 - [28-01-2024 16:04]"}
{"level":"info","message":"ruta: /st/stentsal/list/postqueryCab - ::1 - [28-01-2024 16:04]"}
{"level":"info","message":"ruta: /st/stentsal/list/detalle - ::1 - [28-01-2024 16:04]"}
{"level":"info","message":"ruta: /st/stentsal/list/detalle - ::1 - [28-01-2024 16:04]"}
{"level":"info","message":"ruta: /st/stentsal/list/detalle - ::1 - [28-01-2024 16:04]"}
{"level":"info","message":"ruta: /st/stentsal/valida/sucursal - ::1 - [28-01-2024 16:04]"}
{"level":"info","message":"ruta: /st/stentsal/valida/motivo - ::1 - [28-01-2024 16:04]"}
{"level":"info","message":"ruta: /st/stentsal/valida/deposito - ::1 - [28-01-2024 16:04]"}
{"level":"info","message":"ruta: /st/stentsal/valida/proveedor - ::1 - [28-01-2024 16:04]"}
{"level":"info","message":"ruta: /st/stentsal/valida/moneda - ::1 - [28-01-2024 16:04]"}
{"level":"info","message":"ruta: /st/stentsal/valida/moneda - ::1 - [28-01-2024 16:04]"}
{"level":"info","message":"ruta: /st/stentsal/buscar/articulo - ::1 - [28-01-2024 16:05]"}
{"level":"info","message":"ruta: /st/stentsal/buscar/articulo - ::1 - [28-01-2024 16:05]"}
{"level":"info","message":"ruta: /st/stentsal/buscar/articulo - ::1 - [28-01-2024 16:05]"}
{"level":"info","message":"ruta: /st/stentsal/valida/um - ::1 - [28-01-2024 16:05]"}
{"level":"info","message":"ruta: /st/stentsal/list/detalle - ::1 - [28-01-2024 16:08]"}
{"level":"info","message":"ruta: /st/stentsal/list/detalle - ::1 - [28-01-2024 16:08]"}
{"level":"info","message":"ruta: /st/stentsal/list/cabecera - ::1 - [28-01-2024 16:08]"}
{"level":"info","message":"ruta: /st/stentsal/list/postqueryCab - ::1 - [28-01-2024 16:08]"}
{"level":"info","message":"ruta: /st/stentsal/list/detalle - ::1 - [28-01-2024 16:08]"}
{"level":"info","message":"ruta: /st/stentsal/list/detalle - ::1 - [28-01-2024 16:09]"}
{"level":"info","message":"ruta: /st/stentsal/list/detalle - ::1 - [28-01-2024 16:09]"}
{"level":"info","message":"ruta: /st/stentsal/list/cabecera - ::1 - [28-01-2024 16:09]"}
{"level":"info","message":"ruta: /st/stentsal/list/postqueryCab - ::1 - [28-01-2024 16:09]"}
{"level":"info","message":"ruta: /st/stentsal/list/detalle - ::1 - [28-01-2024 16:09]"}
{"level":"info","message":"ruta: /st/stentsal/list/detalle - ::1 - [28-01-2024 16:09]"}
{"level":"info","message":"ruta: /st/stentsal/list/detalle - ::1 - [28-01-2024 16:11]"}
{"level":"info","message":"ruta: /st/stentsal/list/detalle - ::1 - [28-01-2024 16:11]"}
{"level":"info","message":"ruta: /st/stentsal/list/cabecera - ::1 - [28-01-2024 16:11]"}
{"level":"info","message":"ruta: /st/stentsal/list/postqueryCab - ::1 - [28-01-2024 16:11]"}
{"level":"info","message":"ruta: /st/stentsal/list/detalle - ::1 - [28-01-2024 16:11]"}
{"level":"info","message":"ruta: /st/stentsal/list/detalle - ::1 - [28-01-2024 16:12]"}
{"level":"info","message":"ruta: /st/stentsal/list/detalle - ::1 - [28-01-2024 16:12]"}
{"level":"info","message":"ruta: /st/stentsal/list/detalle - ::1 - [28-01-2024 16:12]"}
{"level":"info","message":"ruta: /st/stentsal/list/detalle - ::1 - [28-01-2024 16:12]"}
{"level":"info","message":"ruta: /st/stentsal/list/cabecera - ::1 - [28-01-2024 16:12]"}
{"level":"info","message":"ruta: /st/stentsal/list/postqueryCab - ::1 - [28-01-2024 16:12]"}
{"level":"info","message":"ruta: /st/stentsal/list/detalle - ::1 - [28-01-2024 16:12]"}
{"level":"info","message":"ruta: /st/stentsal/list/detalle - ::1 - [28-01-2024 16:12]"}
{"level":"info","message":"ruta: /st/stentsal/valida/sucursal - ::1 - [28-01-2024 16:12]"}
{"level":"info","message":"ruta: /st/stentsal/valida/motivo - ::1 - [28-01-2024 16:12]"}
{"level":"info","message":"ruta: /st/stentsal/valida/deposito - ::1 - [28-01-2024 16:12]"}
{"level":"info","message":"ruta: /st/stentsal/valida/motivo - ::1 - [28-01-2024 16:12]"}
{"level":"info","message":"ruta: /st/stentsal/valida/deposito - ::1 - [28-01-2024 16:12]"}
{"level":"info","message":"ruta: /st/stentsal/valida/proveedor - ::1 - [28-01-2024 16:12]"}
{"level":"info","message":"ruta: /st/stentsal/valida/moneda - ::1 - [28-01-2024 16:12]"}
{"level":"info","message":"ruta: /st/stentsal/valida/articulo - ::1 - [28-01-2024 16:12]"}
{"level":"info","message":"ruta: /st/stentsal/valida/um - ::1 - [28-01-2024 16:12]"}
{"level":"info","message":"ruta: /st/stentsal/valida/cantidad - ::1 - [28-01-2024 16:12]"}
{"level":"info","message":"ruta: /st/stentsal/buscar/1 - ::1 - [28-01-2024 16:13]"}
{"level":"info","message":"ruta: /st/stentsal/buscar/orden/1/3 - ::1 - [28-01-2024 16:13]"}
{"level":"info","message":"ruta: /st/stentsal - ::1 - [28-01-2024 16:13]"}
{"level":"info","message":"ruta: /st/stentsal/list/cabecera - ::1 - [28-01-2024 16:13]"}
{"level":"info","message":"ruta: /st/stentsal/list/postqueryCab - ::1 - [28-01-2024 16:13]"}
{"level":"info","message":"ruta: /st/stentsal/list/detalle - ::1 - [28-01-2024 16:13]"}
{"level":"info","message":"ruta: /st/stentsal - ::1 - [28-01-2024 16:13]"}
{"level":"info","message":"ruta: /st/stentsal/list/cabecera - ::1 - [28-01-2024 16:13]"}
{"level":"info","message":"ruta: /st/stentsal/list/postqueryCab - ::1 - [28-01-2024 16:13]"}
{"level":"info","message":"ruta: /st/stentsal/list/detalle - ::1 - [28-01-2024 16:13]"}
{"level":"info","message":"ruta: /st/stentsal/list/detalle - ::1 - [28-01-2024 16:13]"}
{"level":"info","message":"ruta: /st/stentsal/list/cabecera - ::1 - [28-01-2024 16:13]"}
{"level":"info","message":"ruta: /st/stentsal/list/postqueryCab - ::1 - [28-01-2024 16:13]"}
{"level":"info","message":"ruta: /st/stentsal/list/detalle - ::1 - [28-01-2024 16:13]"}
{"level":"info","message":"ruta: /st/stentsal - ::1 - [28-01-2024 16:14]"}
{"level":"info","message":"ruta: /st/stentsal/list/cabecera - ::1 - [28-01-2024 16:14]"}
{"level":"info","message":"ruta: /st/stentsal/list/postqueryCab - ::1 - [28-01-2024 16:14]"}
{"level":"info","message":"ruta: /st/stentsal/list/detalle - ::1 - [28-01-2024 16:14]"}
{"level":"info","message":"ruta: /st/stentsal/list/detalle - ::1 - [28-01-2024 16:17]"}
{"level":"info","message":"ruta: /st/stentsal/list/cabecera - ::1 - [28-01-2024 16:17]"}
{"level":"info","message":"ruta: /st/stentsal/list/postqueryCab - ::1 - [28-01-2024 16:17]"}
{"level":"info","message":"ruta: /st/stentsal/list/detalle - ::1 - [28-01-2024 16:17]"}
{"level":"info","message":"ruta: /st/stentsal/list/detalle - ::1 - [28-01-2024 16:17]"}
{"level":"info","message":"ruta: /st/stentsal/list/cabecera - ::1 - [28-01-2024 16:17]"}
{"level":"info","message":"ruta: /st/stentsal/list/postqueryCab - ::1 - [28-01-2024 16:17]"}
{"level":"info","message":"ruta: /st/stentsal/list/detalle - ::1 - [28-01-2024 16:17]"}
{"level":"info","message":"ruta: /st/stentsal/list/detalle - ::1 - [28-01-2024 16:18]"}
{"level":"info","message":"ruta: /st/stentsal/list/cabecera - ::1 - [28-01-2024 16:18]"}
{"level":"info","message":"ruta: /st/stentsal/list/postqueryCab - ::1 - [28-01-2024 16:18]"}
{"level":"info","message":"ruta: /st/stentsal/list/detalle - ::1 - [28-01-2024 16:18]"}
{"level":"info","message":"ruta: /st/stentsal - ::1 - [28-01-2024 16:18]"}
{"level":"info","message":"ruta: /st/stentsal/list/cabecera - ::1 - [28-01-2024 16:18]"}
{"level":"info","message":"ruta: /st/stentsal/list/postqueryCab - ::1 - [28-01-2024 16:18]"}
{"level":"info","message":"ruta: /st/stentsal/list/detalle - ::1 - [28-01-2024 16:18]"}
{"level":"info","message":"ruta: /st/stentsal/list/detalle - ::1 - [28-01-2024 16:18]"}
{"level":"info","message":"ruta: /st/stentsal/list/cabecera - ::1 - [28-01-2024 16:18]"}
{"level":"info","message":"ruta: /st/stentsal/list/postqueryCab - ::1 - [28-01-2024 16:18]"}
{"level":"info","message":"ruta: /st/stentsal/list/detalle - ::1 - [28-01-2024 16:18]"}
{"level":"info","message":"ruta: /st/stentsal/list/detalle - ::1 - [28-01-2024 16:21]"}
{"level":"info","message":"ruta: /st/stentsal/list/cabecera - ::1 - [28-01-2024 16:21]"}
{"level":"info","message":"ruta: /st/stentsal/list/postqueryCab - ::1 - [28-01-2024 16:21]"}
{"level":"info","message":"ruta: /st/stentsal/list/detalle - ::1 - [28-01-2024 16:21]"}
{"level":"info","message":"ruta: /st/stentsal/buscar/articulo - ::1 - [28-01-2024 16:22]"}
{"level":"info","message":"ruta: /st/stentsal/buscar/articulo - ::1 - [28-01-2024 16:22]"}
{"level":"info","message":"ruta: /st/stentsal/buscar/articulo - ::1 - [28-01-2024 16:22]"}
{"level":"info","message":"ruta: /st/stentsal/buscar/articulo - ::1 - [28-01-2024 16:22]"}
{"level":"info","message":"ruta: /st/stentsal/valida/um - ::1 - [28-01-2024 16:22]"}
{"level":"info","message":"ruta: /st/stentsal/valida/cantidad - ::1 - [28-01-2024 16:22]"}
{"level":"info","message":"ruta: /st/stentsal/buscar/orden/1/3 - ::1 - [28-01-2024 16:22]"}
{"level":"info","message":"ruta: /st/stentsal - ::1 - [28-01-2024 16:22]"}
{"level":"info","message":"ruta: /st/stentsal/list/cabecera - ::1 - [28-01-2024 16:22]"}
{"level":"info","message":"ruta: /st/stentsal/list/postqueryCab - ::1 - [28-01-2024 16:22]"}
{"level":"info","message":"ruta: /st/stentsal/list/detalle - ::1 - [28-01-2024 16:22]"}
{"level":"info","message":"ruta: /st/stentsal/list/detalle - ::1 - [28-01-2024 16:23]"}
{"level":"info","message":"ruta: /st/stentsal/list/detalle - ::1 - [28-01-2024 16:23]"}
{"level":"info","message":"ruta: /st/stentsal/list/cabecera - ::1 - [28-01-2024 16:23]"}
{"level":"info","message":"ruta: /st/stentsal/list/postqueryCab - ::1 - [28-01-2024 16:23]"}
{"level":"info","message":"ruta: /st/stentsal/list/detalle - ::1 - [28-01-2024 16:23]"}
{"level":"info","message":"ruta: /st/stentsal/list/postqueryCab - ::1 - [28-01-2024 16:23]"}
{"level":"info","message":"ruta: /st/stentsal/list/detalle - ::1 - [28-01-2024 16:23]"}
{"level":"info","message":"ruta: /st/stentsal/list/postqueryCab - ::1 - [28-01-2024 16:23]"}
{"level":"info","message":"ruta: /st/stentsal/list/detalle - ::1 - [28-01-2024 16:23]"}
{"level":"info","message":"ruta: /st/stentsal/list/detalle - ::1 - [28-01-2024 16:23]"}
{"level":"info","message":"ruta: /st/stentsal/list/detalle - ::1 - [28-01-2024 16:23]"}
{"level":"info","message":"ruta: /st/stentsal/list/detalle - ::1 - [28-01-2024 16:23]"}
{"level":"info","message":"ruta: /st/stentsal/list/detalle - ::1 - [28-01-2024 16:23]"}
{"level":"info","message":"ruta: /st/stentsal/list/detalle - ::1 - [28-01-2024 16:23]"}
{"level":"info","message":"ruta: /st/stentsal/list/postqueryCab - ::1 - [28-01-2024 16:23]"}
{"level":"info","message":"ruta: /st/stentsal/list/detalle - ::1 - [28-01-2024 16:23]"}
{"level":"info","message":"ruta: /st/stentsal/list/postqueryCab - ::1 - [28-01-2024 16:23]"}
{"level":"info","message":"ruta: /st/stentsal/list/detalle - ::1 - [28-01-2024 16:23]"}
{"level":"info","message":"ruta: /st/stentsal/list/detalle - ::1 - [28-01-2024 16:23]"}
{"level":"info","message":"ruta: /st/stentsal/list/detalle - ::1 - [28-01-2024 16:23]"}
{"level":"info","message":"ruta: /st/stentsal/list/detalle - ::1 - [28-01-2024 16:23]"}
{"level":"info","message":"ruta: /st/stentsal/list/detalle - ::1 - [28-01-2024 16:23]"}
{"level":"info","message":"ruta: /st/stentsal/list/postqueryCab - ::1 - [28-01-2024 16:23]"}
{"level":"info","message":"ruta: /st/stentsal/list/detalle - ::1 - [28-01-2024 16:23]"}
{"level":"info","message":"ruta: /st/stentsal/list/postqueryCab - ::1 - [28-01-2024 16:23]"}
{"level":"info","message":"ruta: /st/stentsal/list/detalle - ::1 - [28-01-2024 16:23]"}
{"level":"info","message":"ruta: /st/stentsal/list/detalle - ::1 - [28-01-2024 16:23]"}
{"level":"info","message":"ruta: /st/stentsal/list/detalle - ::1 - [28-01-2024 16:23]"}
{"level":"info","message":"ruta: /st/stentsal/list/detalle - ::1 - [28-01-2024 16:23]"}
{"level":"info","message":"ruta: /st/stentsal/list/postqueryCab - ::1 - [28-01-2024 16:23]"}
{"level":"info","message":"ruta: /st/stentsal/list/detalle - ::1 - [28-01-2024 16:23]"}
{"level":"info","message":"ruta: /st/stentsal/list/postqueryCab - ::1 - [28-01-2024 16:23]"}
{"level":"info","message":"ruta: /st/stentsal/list/detalle - ::1 - [28-01-2024 16:23]"}
{"level":"info","message":"ruta: /st/stentsal/list/detalle - ::1 - [28-01-2024 16:23]"}
{"level":"info","message":"ruta: /st/stentsal/list/detalle - ::1 - [28-01-2024 16:23]"}
{"level":"info","message":"ruta: /st/stentsal/list/detalle - ::1 - [28-01-2024 16:23]"}
{"level":"info","message":"ruta: /st/stentsal/list/postqueryCab - ::1 - [28-01-2024 16:23]"}
{"level":"info","message":"ruta: /st/stentsal/list/postqueryCab - ::1 - [28-01-2024 16:23]"}
{"level":"info","message":"ruta: /st/stentsal/list/detalle - ::1 - [28-01-2024 16:23]"}
{"level":"info","message":"ruta: /st/stentsal/list/detalle - ::1 - [28-01-2024 16:23]"}
{"level":"info","message":"ruta: /st/stentsal/list/detalle - ::1 - [28-01-2024 16:23]"}
{"level":"info","message":"ruta: /st/stentsal/list/detalle - ::1 - [28-01-2024 16:23]"}
{"level":"info","message":"ruta: /st/stentsal/list/postqueryCab - ::1 - [28-01-2024 16:23]"}
{"level":"info","message":"ruta: /st/stentsal/list/detalle - ::1 - [28-01-2024 16:23]"}
{"level":"info","message":"ruta: /st/stentsal/list/postqueryCab - ::1 - [28-01-2024 16:23]"}
{"level":"info","message":"ruta: /st/stentsal/list/detalle - ::1 - [28-01-2024 16:23]"}
{"level":"info","message":"ruta: /st/stentsal/list/detalle - ::1 - [28-01-2024 16:23]"}
{"level":"info","message":"ruta: /st/stentsal/list/detalle - ::1 - [28-01-2024 16:23]"}
{"level":"info","message":"ruta: /st/stentsal/list/postqueryCab - ::1 - [28-01-2024 16:23]"}
{"level":"info","message":"ruta: /st/stentsal/list/detalle - ::1 - [28-01-2024 16:23]"}
{"level":"info","message":"ruta: /st/stentsal/list/postqueryCab - ::1 - [28-01-2024 16:23]"}
{"level":"info","message":"ruta: /st/stentsal/list/detalle - ::1 - [28-01-2024 16:23]"}
{"level":"info","message":"ruta: /st/stentsal/list/detalle - ::1 - [28-01-2024 16:23]"}
{"level":"info","message":"ruta: /st/stentsal/list/detalle - ::1 - [28-01-2024 16:23]"}
{"level":"info","message":"ruta: /st/stentsal/list/postqueryCab - ::1 - [28-01-2024 16:23]"}
{"level":"info","message":"ruta: /st/stentsal/list/detalle - ::1 - [28-01-2024 16:23]"}
{"level":"info","message":"ruta: /st/stentsal/list/postqueryCab - ::1 - [28-01-2024 16:23]"}
{"level":"info","message":"ruta: /st/stentsal/list/detalle - ::1 - [28-01-2024 16:23]"}
{"level":"info","message":"ruta: /st/stentsal/list/detalle - ::1 - [28-01-2024 16:23]"}
{"level":"info","message":"ruta: /st/stentsal/list/detalle - ::1 - [28-01-2024 16:23]"}
{"level":"info","message":"ruta: /st/stentsal/list/postqueryCab - ::1 - [28-01-2024 16:23]"}
{"level":"info","message":"ruta: /st/stentsal/list/detalle - ::1 - [28-01-2024 16:23]"}
{"level":"info","message":"ruta: /st/stentsal/list/postqueryCab - ::1 - [28-01-2024 16:23]"}
{"level":"info","message":"ruta: /st/stentsal/list/detalle - ::1 - [28-01-2024 16:23]"}
{"level":"info","message":"ruta: /st/stentsal/list/detalle - ::1 - [28-01-2024 16:23]"}
{"level":"info","message":"ruta: /st/stentsal/list/detalle - ::1 - [28-01-2024 16:23]"}
{"level":"info","message":"ruta: /st/stentsal/list/detalle - ::1 - [28-01-2024 16:23]"}
{"level":"info","message":"ruta: /st/stentsal/list/postqueryCab - ::1 - [28-01-2024 16:23]"}
{"level":"info","message":"ruta: /st/stentsal/list/detalle - ::1 - [28-01-2024 16:23]"}
{"level":"info","message":"ruta: /st/stentsal/list/postqueryCab - ::1 - [28-01-2024 16:23]"}
{"level":"info","message":"ruta: /st/stentsal/list/detalle - ::1 - [28-01-2024 16:23]"}
{"level":"info","message":"ruta: /st/stentsal/list/detalle - ::1 - [28-01-2024 16:23]"}
{"level":"info","message":"ruta: /st/stentsal/list/postqueryCab - ::1 - [28-01-2024 16:23]"}
{"level":"info","message":"ruta: /st/stentsal/list/detalle - ::1 - [28-01-2024 16:23]"}
{"level":"info","message":"ruta: /st/stentsal/list/detalle - ::1 - [28-01-2024 16:23]"}
{"level":"info","message":"ruta: /st/stentsal/list/detalle - ::1 - [28-01-2024 16:23]"}
{"level":"info","message":"ruta: /st/stentsal - ::1 - [28-01-2024 16:23]"}
{"level":"info","message":"ruta: /st/stentsal/list/cabecera - ::1 - [28-01-2024 16:23]"}
{"level":"info","message":"ruta: /st/stentsal/list/postqueryCab - ::1 - [28-01-2024 16:23]"}
{"level":"info","message":"ruta: /st/stentsal/list/detalle - ::1 - [28-01-2024 16:23]"}
{"level":"info","message":"ruta: /st/stentsal - ::1 - [28-01-2024 16:24]"}
{"level":"info","message":"ruta: /st/stentsal/list/cabecera - ::1 - [28-01-2024 16:24]"}
{"level":"info","message":"ruta: /st/stentsal/list/postqueryCab - ::1 - [28-01-2024 16:24]"}
{"level":"info","message":"ruta: /st/stentsal/list/detalle - ::1 - [28-01-2024 16:24]"}
{"level":"info","message":"ruta: /st/stentsal - ::1 - [28-01-2024 16:25]"}
{"level":"info","message":"ruta: /st/stentsal/list/cabecera - ::1 - [28-01-2024 16:25]"}
{"level":"info","message":"ruta: /st/stentsal/list/postqueryCab - ::1 - [28-01-2024 16:25]"}
{"level":"info","message":"ruta: /st/stentsal/list/detalle - ::1 - [28-01-2024 16:25]"}
{"level":"info","message":"ruta: /st/stentsal - ::1 - [28-01-2024 16:25]"}
{"level":"info","message":"ruta: /st/stentsal/list/cabecera - ::1 - [28-01-2024 16:25]"}
{"level":"info","message":"ruta: /st/stentsal/list/postqueryCab - ::1 - [28-01-2024 16:25]"}
{"level":"info","message":"ruta: /st/stentsal/list/detalle - ::1 - [28-01-2024 16:25]"}
{"level":"info","message":"ruta: /st/stentsal - ::1 - [28-01-2024 16:26]"}
{"level":"info","message":"ruta: /st/stentsal/list/cabecera - ::1 - [28-01-2024 16:26]"}
{"level":"info","message":"ruta: /st/stentsal/list/postqueryCab - ::1 - [28-01-2024 16:26]"}
{"level":"info","message":"ruta: /st/stentsal/list/detalle - ::1 - [28-01-2024 16:26]"}
{"level":"info","message":"ruta: /st/stentsal - ::1 - [28-01-2024 16:26]"}
{"level":"info","message":"ruta: /st/stentsal/list/cabecera - ::1 - [28-01-2024 16:26]"}
{"level":"info","message":"ruta: /st/stentsal/list/postqueryCab - ::1 - [28-01-2024 16:26]"}
{"level":"info","message":"ruta: /st/stentsal/list/detalle - ::1 - [28-01-2024 16:26]"}
{"level":"info","message":"ruta: /st/stentsal - ::1 - [28-01-2024 16:26]"}
{"level":"info","message":"ruta: /st/stentsal/list/cabecera - ::1 - [28-01-2024 16:26]"}
{"level":"info","message":"ruta: /st/stentsal/list/postqueryCab - ::1 - [28-01-2024 16:26]"}
{"level":"info","message":"ruta: /st/stentsal/list/detalle - ::1 - [28-01-2024 16:26]"}
{"level":"info","message":"ruta: /st/stentsal/list/detalle - ::1 - [28-01-2024 16:26]"}
{"level":"info","message":"ruta: /st/stentsal/list/cabecera - ::1 - [28-01-2024 16:26]"}
{"level":"info","message":"ruta: /st/stentsal/list/postqueryCab - ::1 - [28-01-2024 16:26]"}
{"level":"info","message":"ruta: /st/stentsal/list/detalle - ::1 - [28-01-2024 16:26]"}
{"level":"info","message":"ruta: /st/stentsal/list/detalle - ::1 - [28-01-2024 16:27]"}
{"level":"info","message":"ruta: /st/stentsal/list/cabecera - ::1 - [28-01-2024 16:27]"}
{"level":"info","message":"ruta: /st/stentsal/list/postqueryCab - ::1 - [28-01-2024 16:27]"}
{"level":"info","message":"ruta: /st/stentsal/list/detalle - ::1 - [28-01-2024 16:27]"}
{"level":"info","message":"ruta: /st/stentsal/list/detalle - ::1 - [28-01-2024 16:27]"}
{"level":"info","message":"ruta: /st/stentsal/list/cabecera - ::1 - [28-01-2024 16:27]"}
{"level":"info","message":"ruta: /st/stentsal/list/postqueryCab - ::1 - [28-01-2024 16:27]"}
{"level":"info","message":"ruta: /st/stentsal/list/detalle - ::1 - [28-01-2024 16:27]"}
{"level":"info","message":"ruta: /st/stentsal/list/detalle - ::1 - [28-01-2024 16:28]"}
