{"level":"info","message":"ruta: /cm/cmprovec/list/proveedor - ::1 - [08-07-2024 19:26]"}
{"level":"info","message":"ruta: /cm/cmprovec/buscar/modificaDiaAnt - ::1 - [08-07-2024 19:26]"}
{"level":"info","message":"ruta: /cc/ccncrdef/buscar/preform - ::1 - [08-07-2024 19:27]"}
{"level":"info","message":"ruta: /cc/ccncrdef/list/detalle - ::1 - [08-07-2024 19:27]"}
{"level":"info","message":"ruta: /cc/ccncrdef/valida/sucursal - ::1 - [08-07-2024 19:32]"}
{"level":"info","message":"ruta: /cc/ccncrdef/valida/cliente - ::1 - [08-07-2024 19:32]"}
{"level":"info","message":"ruta: /cc/ccncrdef/buscar/preform - ::1 - [08-07-2024 20:04]"}
{"level":"info","message":"ruta: /cc/ccncrdef/list/cabecera - ::1 - [08-07-2024 20:04]"}
{"level":"info","message":"ruta: /cc/ccncrdef/list/postquery - ::1 - [08-07-2024 20:04]"}
{"level":"info","message":"ruta: /cc/ccncrdef/list/detalle - ::1 - [08-07-2024 20:04]"}
{"level":"info","message":"ruta: /cc/ccncrdef/buscar/nroCompr - ::1 - [08-07-2024 20:04]"}
{"level":"info","message":"ruta: /cc/ccncrdef/buscar/preform - ::1 - [08-07-2024 20:05]"}
{"level":"info","message":"ruta: /cc/ccncrdef/list/detalle - ::1 - [08-07-2024 20:05]"}
{"level":"info","message":"ruta: /cc/ccncrdef/buscar/preform - ::1 - [08-07-2024 20:05]"}
{"level":"info","message":"ruta: /cc/ccncrdef/list/cabecera - ::1 - [08-07-2024 20:05]"}
{"level":"info","message":"ruta: /cc/ccncrdef/list/postquery - ::1 - [08-07-2024 20:05]"}
{"level":"info","message":"ruta: /cc/ccncrdef/list/detalle - ::1 - [08-07-2024 20:05]"}
{"level":"info","message":"ruta: /cc/ccncrdef/valida/nroCompr - ::1 - [08-07-2024 20:05]"}
{"level":"info","message":"ruta: /cc/ccncrdef/buscar/nroCompr - ::1 - [08-07-2024 20:05]"}
{"level":"info","message":"ruta: /cc/ccncrdef/valida/nroCompr - ::1 - [08-07-2024 20:05]"}
{"level":"info","message":"ruta: /cc/ccncrdef/buscar/preform - ::1 - [08-07-2024 20:21]"}
{"level":"info","message":"ruta: /cc/ccncrdef/list/detalle - ::1 - [08-07-2024 20:21]"}
{"level":"info","message":"ruta: /cc/ccncrdef/valida/sucursal - ::1 - [08-07-2024 20:21]"}
{"level":"info","message":"ruta: /cc/ccncrdef/valida/cliente - ::1 - [08-07-2024 20:21]"}
{"level":"info","message":"ruta: /cc/ccncrdef/valida/cliente - ::1 - [08-07-2024 20:21]"}
{"level":"info","message":"ruta: /cc/ccncrdef/valida/nroCompr - ::1 - [08-07-2024 20:21]"}
{"level":"info","message":"ruta: /cc/ccncrdef/valida/nroCompr - ::1 - [08-07-2024 20:21]"}
{"level":"info","message":"ruta: /cc/ccncrdef/buscar/nroCompr - ::1 - [08-07-2024 20:21]"}
{"level":"info","message":"ruta: /cc/ccncrdef/valida/nroCompr - ::1 - [08-07-2024 20:21]"}
{"level":"info","message":"ruta: /cc/ccncrdef/valida/nroCompr - ::1 - [08-07-2024 20:21]"}
{"level":"info","message":"ruta: /cc/ccncrdef/valida/nroCompr - ::1 - [08-07-2024 20:21]"}
{"level":"info","message":"ruta: /cc/ccncrdef/valida/nroCompr - ::1 - [08-07-2024 20:21]"}
{"level":"info","message":"ruta: /cc/ccncrdef/valida/nroCompr - ::1 - [08-07-2024 20:25]"}
{"level":"info","message":"ruta: /cc/ccncrdef/valida/nroCompr - ::1 - [08-07-2024 20:25]"}
{"level":"info","message":"ruta: /cc/ccncrdef/buscar/preform - ::1 - [08-07-2024 20:26]"}
{"level":"info","message":"ruta: /cc/ccncrdef/list/detalle - ::1 - [08-07-2024 20:26]"}
{"level":"info","message":"ruta: /cc/ccncrdef/buscar/nroCompr - ::1 - [08-07-2024 20:26]"}
{"level":"info","message":"ruta: /cc/ccncrdef/valida/cliente - ::1 - [08-07-2024 20:26]"}
{"level":"info","message":"ruta: /cc/ccncrdef/buscar/nroCompr - ::1 - [08-07-2024 20:26]"}
{"level":"info","message":"ruta: /cc/ccncrdef/valida/nroCompr - ::1 - [08-07-2024 20:26]"}
{"level":"info","message":"ruta: /cc/ccncrdef/buscar/preform - ::1 - [08-07-2024 20:26]"}
{"level":"info","message":"ruta: /cc/ccncrdef/list/detalle - ::1 - [08-07-2024 20:26]"}
{"level":"info","message":"ruta: /cc/ccncrdef/valida/sucursal - ::1 - [08-07-2024 20:26]"}
{"level":"info","message":"ruta: /cc/ccncrdef/valida/cliente - ::1 - [08-07-2024 20:26]"}
{"level":"info","message":"ruta: /cc/ccncrdef/valida/cliente - ::1 - [08-07-2024 20:26]"}
{"level":"info","message":"ruta: /cc/ccncrdef/valida/cliente - ::1 - [08-07-2024 20:26]"}
{"level":"info","message":"ruta: /cc/ccncrdef/valida/nroCompr - ::1 - [08-07-2024 20:26]"}
{"level":"info","message":"ruta: /cc/ccncrdef/buscar/nroCompr - ::1 - [08-07-2024 20:26]"}
{"level":"info","message":"ruta: /cc/ccncrdef/valida/nroCompr - ::1 - [08-07-2024 20:26]"}
{"level":"info","message":"ruta: /cc/ccncrdef/valida/condVenta - ::1 - [08-07-2024 20:26]"}
{"level":"info","message":"ruta: /cc/ccncrdef/buscar/condVenta - ::1 - [08-07-2024 20:26]"}
{"level":"info","message":"ruta: /cc/ccncrdef/valida/condVenta - ::1 - [08-07-2024 20:26]"}
{"level":"info","message":"ruta: /cc/ccncrdef/valida/motivoNcr - ::1 - [08-07-2024 20:26]"}
{"level":"info","message":"ruta: /cc/ccncrdef/valida/listPrecio - ::1 - [08-07-2024 20:26]"}
{"level":"info","message":"ruta: /cc/ccncrdef/buscar/listPrecio - ::1 - [08-07-2024 20:27]"}
{"level":"info","message":"ruta: /cc/ccncrdef/valida/listPrecio - ::1 - [08-07-2024 20:27]"}
{"level":"info","message":"ruta: /cc/ccncrdef/valida/vendedor - ::1 - [08-07-2024 20:27]"}
{"level":"info","message":"ruta: /cc/ccncrdef/valida/moneda - ::1 - [08-07-2024 20:27]"}
{"level":"info","message":"ruta: /cc/ccncrdef/valida/zona - ::1 - [08-07-2024 20:27]"}
{"level":"info","message":"ruta: /cc/ccncrdef/buscar/preform - ::1 - [08-07-2024 20:33]"}
{"level":"info","message":"ruta: /cc/ccncrdef/list/detalle - ::1 - [08-07-2024 20:33]"}
{"level":"info","message":"ruta: /vt/vtpresar/listar/detalle - ::1 - [08-07-2024 20:34]"}
{"level":"info","message":"ruta: /vt/vtpresar/listar/cabecera - ::1 - [08-07-2024 20:34]"}
{"level":"info","message":"ruta: /vt/vtpresar/listar/detalle - ::1 - [08-07-2024 20:34]"}
{"level":"info","message":"ruta: /vt/vtpresar/listar/detalle - ::1 - [08-07-2024 20:36]"}
{"level":"info","message":"ruta: /vt/vtpresar/listar/detalle - ::1 - [08-07-2024 20:37]"}
{"level":"info","message":"ruta: /vt/vtpresar/valida/vendedor - ::1 - [08-07-2024 20:37]"}
{"level":"info","message":"ruta: /vt/vtpresar/valida/vendedor - ::1 - [08-07-2024 20:37]"}
{"level":"info","message":"ruta: /vt/vtpresar/buscar/vendedor - ::1 - [08-07-2024 20:37]"}
{"level":"info","message":"ruta: /vt/vtpresar/valida/vendedor - ::1 - [08-07-2024 20:38]"}
{"level":"info","message":"ruta: /vt/vtpresar/valida/cod_vent - ::1 - [08-07-2024 20:38]"}
{"level":"info","message":"ruta: /vt/vtpresar/buscar/cod_clien - ::1 - [08-07-2024 20:38]"}
{"level":"info","message":"ruta: /vt/vtpresar/valida/listPrecio - ::1 - [08-07-2024 20:38]"}
{"level":"info","message":"ruta: /vt/vtpresar/buscar/articulo - ::1 - [08-07-2024 20:39]"}
{"level":"info","message":"ruta: /vt/vtpresar/cab/1/A/PRE - ::1 - [08-07-2024 20:39]"}
{"level":"info","message":"ruta: /vt/vtpresar/det/1/A/PRE/8 - ::1 - [08-07-2024 20:39]"}
{"level":"info","message":"ruta: /vt/vtpresar - ::1 - [08-07-2024 20:39]"}
{"level":"info","message":"ruta: /vt/vtpresar/valida/cod_subclien - ::1 - [08-07-2024 20:39]"}
{"level":"info","message":"ruta: /vt/vtpresar/cab/1/A/PRE - ::1 - [08-07-2024 20:39]"}
{"level":"info","message":"ruta: /vt/vtpresar/det/1/A/PRE/8 - ::1 - [08-07-2024 20:39]"}
{"level":"info","message":"ruta: /vt/vtpresar - ::1 - [08-07-2024 20:39]"}
{"level":"info","message":"ruta: /vt/vtpresar/listar/detalle - ::1 - [08-07-2024 20:39]"}
{"level":"info","message":"ruta: /vt/vtpresar/valida/articulo - ::1 - [08-07-2024 20:44]"}
{"level":"info","message":"ruta: /vt/vtpresar - ::1 - [08-07-2024 20:44]"}
{"level":"info","message":"ruta: /vt/vtpresar/listar/detalle - ::1 - [08-07-2024 20:44]"}
{"level":"info","message":"ruta: /vt/vtpresar/valida/articulo - ::1 - [08-07-2024 20:44]"}
{"level":"info","message":"ruta: /vt/vtpresar/det/1/A/PRE/8 - ::1 - [08-07-2024 20:44]"}
{"level":"info","message":"ruta: /vt/vtpresar - ::1 - [08-07-2024 20:44]"}
{"level":"info","message":"ruta: /vt/vtpresar/listar/detalle - ::1 - [08-07-2024 20:44]"}
{"level":"info","message":"ruta: /vt/vtpresar/listar/detalle - ::1 - [08-07-2024 20:46]"}
{"level":"info","message":"ruta: /vt/vtpresar/listar/cabecera - ::1 - [08-07-2024 20:46]"}
{"level":"info","message":"ruta: /vt/vtpresar/listar/detalle - ::1 - [08-07-2024 20:46]"}
{"level":"info","message":"ruta: /cc/ccrenagr/preform - ::1 - [08-07-2024 20:48]"}
{"level":"info","message":"ruta: /cc/ccrenagr/buscar/cabecera - ::1 - [08-07-2024 20:48]"}
{"level":"info","message":"ruta: /cc/ccrenagr/valida/cliente - ::1 - [08-07-2024 20:48]"}
{"level":"info","message":"ruta: /cc/ccrenagr/preform - ::1 - [08-07-2024 20:48]"}
{"level":"info","message":"ruta: /cc/ccrenagr/buscar/cabecera - ::1 - [08-07-2024 20:48]"}
{"level":"info","message":"ruta: /cc/ccncrdef/buscar/preform - ::1 - [08-07-2024 21:27]"}
{"level":"info","message":"ruta: /cc/ccncrdef/list/detalle - ::1 - [08-07-2024 21:27]"}
{"level":"info","message":"ruta: /cc/ccncrdef/valida/sucursal - ::1 - [08-07-2024 21:27]"}
{"level":"info","message":"ruta: /cc/ccncrdef/valida/cliente - ::1 - [08-07-2024 21:27]"}
{"level":"info","message":"ruta: /cc/ccncrdef/valida/nroCompr - ::1 - [08-07-2024 21:27]"}
{"level":"info","message":"ruta: /cc/ccncrdef/valida/nroCompr - ::1 - [08-07-2024 21:27]"}
{"level":"info","message":"ruta: /cc/ccncrdef/buscar/nroCompr - ::1 - [08-07-2024 21:27]"}
{"level":"info","message":"ruta: /cc/ccncrdef/valida/nroCompr - ::1 - [08-07-2024 21:27]"}
{"level":"info","message":"ruta: /cc/ccncrdef/valida/nroCompr - ::1 - [08-07-2024 21:27]"}
{"level":"info","message":"ruta: /cc/ccncrdef/valida/nroCompr - ::1 - [08-07-2024 21:27]"}
{"level":"info","message":"ruta: /cc/ccncrdef/valida/nroCompr - ::1 - [08-07-2024 21:30]"}
{"level":"info","message":"ruta: /cc/ccncrdef/valida/nroCompr - ::1 - [08-07-2024 21:30]"}
{"level":"info","message":"ruta: /cc/ccncrdef/buscar/nroCompr - ::1 - [08-07-2024 21:30]"}
{"level":"info","message":"ruta: /cc/ccncrdef/valida/nroCompr - ::1 - [08-07-2024 21:30]"}
