{"level":"info","message":"ruta: /cm/cmprovec/list/proveedor - ::1 - [01-11-2023 19:30]"}
{"level":"info","message":"ruta: /cm/cmprovec/buscar/modificaDiaAnt - ::1 - [01-11-2023 19:30]"}
{"level":"info","message":"ruta: /cm/cmprovec/list/proveedor - ::1 - [01-11-2023 19:30]"}
{"level":"info","message":"ruta: /cm/cmprovec/buscar/modificaDiaAnt - ::1 - [01-11-2023 19:30]"}
{"level":"info","message":"ruta: /cm/cmprovec/list/proveedor - ::1 - [01-11-2023 19:30]"}
{"level":"info","message":"ruta: /cm/cmprovec/buscar/modificaDiaAnt - ::1 - [01-11-2023 19:30]"}
{"level":"info","message":"ruta: /cm/cmprovec/list/proveedor - ::1 - [01-11-2023 19:30]"}
{"level":"info","message":"ruta: /cm/cmprovec/buscar/modificaDiaAnt - ::1 - [01-11-2023 19:30]"}
{"level":"info","message":"ruta: /cm/cmprovec/list/proveedor - ::1 - [01-11-2023 19:37]"}
{"level":"info","message":"ruta: /cm/cmprovec/buscar/modificaDiaAnt - ::1 - [01-11-2023 19:37]"}
{"level":"info","message":"ruta: /cm/cmprovec/list/proveedor - ::1 - [01-11-2023 19:40]"}
{"level":"info","message":"ruta: /cm/cmprovec/buscar/modificaDiaAnt - ::1 - [01-11-2023 19:40]"}
{"level":"info","message":"ruta: /cm/cmprovec/list/proveedor - ::1 - [01-11-2023 19:40]"}
{"level":"info","message":"ruta: /cm/cmprovec/buscar/modificaDiaAnt - ::1 - [01-11-2023 19:40]"}
{"level":"info","message":"ruta: /cm/cmprovec/list/proveedor - ::1 - [01-11-2023 19:48]"}
{"level":"info","message":"ruta: /cm/cmprovec/buscar/modificaDiaAnt - ::1 - [01-11-2023 19:48]"}
{"level":"info","message":"ruta: /cm/cmprovec/list/proveedor - ::1 - [01-11-2023 19:49]"}
{"level":"info","message":"ruta: /cm/cmprovec/buscar/modificaDiaAnt - ::1 - [01-11-2023 19:49]"}
{"level":"info","message":"ruta: /cm/cmprovec/list/proveedor - ::1 - [01-11-2023 19:49]"}
{"level":"info","message":"ruta: /cm/cmprovec/buscar/modificaDiaAnt - ::1 - [01-11-2023 19:49]"}
{"level":"info","message":"ruta: /cm/cmprovec/list/proveedor - ::1 - [01-11-2023 19:55]"}
{"level":"info","message":"ruta: /cm/cmprovec/buscar/modificaDiaAnt - ::1 - [01-11-2023 19:55]"}
{"level":"info","message":"ruta: /cm/cmprovec/list/proveedor - ::1 - [01-11-2023 19:55]"}
{"level":"info","message":"ruta: /cm/cmprovec/buscar/modificaDiaAnt - ::1 - [01-11-2023 19:55]"}
{"level":"info","message":"ruta: /cm/cmprovec/list/proveedor - ::1 - [01-11-2023 19:57]"}
{"level":"info","message":"ruta: /cm/cmprovec/buscar/modificaDiaAnt - ::1 - [01-11-2023 19:57]"}
{"level":"info","message":"ruta: /cm/cmprovec/list/proveedor - ::1 - [01-11-2023 19:57]"}
{"level":"info","message":"ruta: /cm/cmprovec/buscar/modificaDiaAnt - ::1 - [01-11-2023 19:57]"}
{"level":"info","message":"ruta: /cm/cmprovec/list/proveedor - ::1 - [01-11-2023 19:58]"}
{"level":"info","message":"ruta: /cm/cmprovec/buscar/modificaDiaAnt - ::1 - [01-11-2023 19:58]"}
{"level":"info","message":"ruta: /cm/cmprovec/list/proveedor - ::1 - [01-11-2023 19:58]"}
{"level":"info","message":"ruta: /cm/cmprovec/buscar/modificaDiaAnt - ::1 - [01-11-2023 19:58]"}
{"level":"info","message":"ruta: /cm/cmprovec/list/proveedor - ::1 - [01-11-2023 19:58]"}
{"level":"info","message":"ruta: /cm/cmprovec/buscar/modificaDiaAnt - ::1 - [01-11-2023 19:58]"}
{"level":"info","message":"ruta: /cm/cmprovec/list/proveedor - ::1 - [01-11-2023 20:01]"}
{"level":"info","message":"ruta: /cm/cmprovec/buscar/modificaDiaAnt - ::1 - [01-11-2023 20:01]"}
{"level":"info","message":"ruta: /cm/cmprovec/list/proveedor - ::1 - [01-11-2023 20:02]"}
{"level":"info","message":"ruta: /cm/cmprovec/buscar/modificaDiaAnt - ::1 - [01-11-2023 20:02]"}
{"level":"info","message":"ruta: /cm/cmprovec/list/proveedor - ::1 - [01-11-2023 20:02]"}
{"level":"info","message":"ruta: /cm/cmprovec/buscar/modificaDiaAnt - ::1 - [01-11-2023 20:02]"}
{"level":"info","message":"ruta: /cm/cmprovec/list/proveedor - ::1 - [01-11-2023 20:03]"}
{"level":"info","message":"ruta: /cm/cmprovec/buscar/modificaDiaAnt - ::1 - [01-11-2023 20:03]"}
{"level":"info","message":"ruta: /cm/cmprovec/list/proveedor - ::1 - [01-11-2023 20:05]"}
{"level":"info","message":"ruta: /cm/cmprovec/buscar/modificaDiaAnt - ::1 - [01-11-2023 20:05]"}
{"level":"info","message":"ruta: /cm/cmprovec/list/proveedor - ::1 - [01-11-2023 20:07]"}
{"level":"info","message":"ruta: /cm/cmprovec/buscar/modificaDiaAnt - ::1 - [01-11-2023 20:07]"}
{"level":"info","message":"ruta: /cm/cmprovec/list/proveedor - ::1 - [01-11-2023 20:07]"}
{"level":"info","message":"ruta: /cm/cmprovec/buscar/modificaDiaAnt - ::1 - [01-11-2023 20:07]"}
{"level":"info","message":"ruta: /cm/cmprovec/list/proveedor - ::1 - [01-11-2023 20:08]"}
{"level":"info","message":"ruta: /cm/cmprovec/buscar/modificaDiaAnt - ::1 - [01-11-2023 20:08]"}
{"level":"info","message":"ruta: /cm/cmprovec/list/proveedor - ::1 - [01-11-2023 20:12]"}
{"level":"info","message":"ruta: /cm/cmprovec/buscar/modificaDiaAnt - ::1 - [01-11-2023 20:12]"}
{"level":"info","message":"ruta: /cm/cmprovec/list/proveedor - ::1 - [01-11-2023 20:12]"}
{"level":"info","message":"ruta: /cm/cmprovec/buscar/modificaDiaAnt - ::1 - [01-11-2023 20:12]"}
{"level":"info","message":"ruta: /cm/cmprovec/list/proveedor - ::1 - [01-11-2023 20:15]"}
{"level":"info","message":"ruta: /cm/cmprovec/buscar/modificaDiaAnt - ::1 - [01-11-2023 20:15]"}
{"level":"info","message":"ruta: /cm/cmprovec/list/proveedor - ::1 - [01-11-2023 20:17]"}
{"level":"info","message":"ruta: /cm/cmprovec/buscar/modificaDiaAnt - ::1 - [01-11-2023 20:17]"}
{"level":"info","message":"ruta: /cm/cmprovec/list/proveedor - ::1 - [01-11-2023 20:20]"}
{"level":"info","message":"ruta: /cm/cmprovec/buscar/modificaDiaAnt - ::1 - [01-11-2023 20:20]"}
{"level":"info","message":"ruta: /cm/cmprovec/list/proveedor - ::1 - [01-11-2023 20:20]"}
{"level":"info","message":"ruta: /cm/cmprovec/buscar/modificaDiaAnt - ::1 - [01-11-2023 20:20]"}
{"level":"info","message":"ruta: /cm/cmprovec/list/proveedor - ::1 - [01-11-2023 20:26]"}
{"level":"info","message":"ruta: /cm/cmprovec/buscar/modificaDiaAnt - ::1 - [01-11-2023 20:26]"}
{"level":"info","message":"ruta: /cm/cmprovec/list/proveedor - ::1 - [01-11-2023 20:26]"}
{"level":"info","message":"ruta: /cm/cmprovec/buscar/modificaDiaAnt - ::1 - [01-11-2023 20:26]"}
{"level":"info","message":"ruta: /cm/cmprovec/list/proveedor - ::1 - [01-11-2023 20:26]"}
{"level":"info","message":"ruta: /cm/cmprovec/buscar/modificaDiaAnt - ::1 - [01-11-2023 20:26]"}
{"level":"info","message":"ruta: /cm/cmprovec/buscar/codCompra - ::1 - [01-11-2023 20:30]"}
{"level":"info","message":"ruta: /cm/cmprovec/valida/codCompra - ::1 - [01-11-2023 20:30]"}
{"level":"info","message":"ruta: /cm/cmprovec/buscar/moneda - ::1 - [01-11-2023 20:30]"}
{"level":"info","message":"ruta: /cm/cmprovec/list/proveedor - ::1 - [01-11-2023 20:31]"}
{"level":"info","message":"ruta: /cm/cmprovec/buscar/modificaDiaAnt - ::1 - [01-11-2023 20:31]"}
{"level":"info","message":"ruta: /cm/cmprovec/buscar/persona - ::1 - [01-11-2023 20:32]"}
{"level":"info","message":"ruta: /cm/cmprovec/buscar/persona - ::1 - [01-11-2023 20:32]"}
{"level":"info","message":"ruta: /cm/cmprovec/buscar/persona - ::1 - [01-11-2023 20:32]"}
{"level":"info","message":"ruta: /cm/cmprovec/list/proveedor - ::1 - [01-11-2023 20:33]"}
{"level":"info","message":"ruta: /cm/cmprovec/buscar/modificaDiaAnt - ::1 - [01-11-2023 20:33]"}
{"level":"info","message":"ruta: /cm/cmprovec/valida/persona - ::1 - [01-11-2023 20:33]"}
{"level":"info","message":"ruta: /cm/cmprovec/valida/persona - ::1 - [01-11-2023 20:34]"}
{"level":"info","message":"ruta: /cm/cmprovec/list/proveedor - ::1 - [01-11-2023 20:34]"}
{"level":"info","message":"ruta: /cm/cmprovec/buscar/modificaDiaAnt - ::1 - [01-11-2023 20:34]"}
{"level":"info","message":"ruta: /cm/cmprovec/valida/persona - ::1 - [01-11-2023 20:34]"}
{"level":"info","message":"ruta: /cm/cmprovec/list/proveedor - ::1 - [01-11-2023 20:34]"}
{"level":"info","message":"ruta: /cm/cmprovec/buscar/modificaDiaAnt - ::1 - [01-11-2023 20:34]"}
{"level":"info","message":"ruta: /cm/cmprovec/valida/persona - ::1 - [01-11-2023 20:34]"}
{"level":"info","message":"ruta: /cm/cmprovec/list/proveedor - ::1 - [01-11-2023 20:34]"}
{"level":"info","message":"ruta: /cm/cmprovec/buscar/modificaDiaAnt - ::1 - [01-11-2023 20:34]"}
{"level":"info","message":"ruta: /cm/cmprovec/list/proveedor - ::1 - [01-11-2023 20:35]"}
{"level":"info","message":"ruta: /cm/cmprovec/buscar/modificaDiaAnt - ::1 - [01-11-2023 20:35]"}
{"level":"info","message":"ruta: /cm/cmprovec/list/proveedor - ::1 - [01-11-2023 20:39]"}
{"level":"info","message":"ruta: /cm/cmprovec/buscar/modificaDiaAnt - ::1 - [01-11-2023 20:39]"}
{"level":"info","message":"ruta: /cm/cmprovec/list/proveedor - ::1 - [01-11-2023 20:39]"}
{"level":"info","message":"ruta: /cm/cmprovec/buscar/modificaDiaAnt - ::1 - [01-11-2023 20:39]"}
{"level":"info","message":"ruta: /cm/cmprovec/list/proveedor - ::1 - [01-11-2023 20:39]"}
{"level":"info","message":"ruta: /cm/cmprovec/buscar/modificaDiaAnt - ::1 - [01-11-2023 20:39]"}
{"level":"info","message":"ruta: /cm/cmprovec/list/proveedor - ::1 - [01-11-2023 20:40]"}
{"level":"info","message":"ruta: /cm/cmprovec/buscar/modificaDiaAnt - ::1 - [01-11-2023 20:40]"}
{"level":"info","message":"ruta: /cm/cmprovec/list/proveedor - ::1 - [01-11-2023 20:42]"}
{"level":"info","message":"ruta: /cm/cmprovec/buscar/modificaDiaAnt - ::1 - [01-11-2023 20:42]"}
{"level":"info","message":"ruta: /cm/cmprovec/list/proveedor - ::1 - [01-11-2023 20:43]"}
{"level":"info","message":"ruta: /cm/cmprovec/buscar/modificaDiaAnt - ::1 - [01-11-2023 20:43]"}
{"level":"info","message":"ruta: /cm/cmprovec/list/proveedor - ::1 - [01-11-2023 20:44]"}
{"level":"info","message":"ruta: /cm/cmprovec/buscar/modificaDiaAnt - ::1 - [01-11-2023 20:44]"}
{"level":"info","message":"ruta: /cm/cmprovec/list/proveedor - ::1 - [01-11-2023 20:45]"}
{"level":"info","message":"ruta: /cm/cmprovec/buscar/modificaDiaAnt - ::1 - [01-11-2023 20:45]"}
{"level":"info","message":"ruta: /cm/cmprovec/list/proveedor - ::1 - [01-11-2023 20:46]"}
{"level":"info","message":"ruta: /cm/cmprovec/buscar/modificaDiaAnt - ::1 - [01-11-2023 20:46]"}
{"level":"info","message":"ruta: /cm/cmprovec/list/proveedor - ::1 - [01-11-2023 20:47]"}
{"level":"info","message":"ruta: /cm/cmprovec/buscar/modificaDiaAnt - ::1 - [01-11-2023 20:47]"}
{"level":"info","message":"ruta: /cm/cmprovec/list/proveedor - ::1 - [01-11-2023 20:47]"}
{"level":"info","message":"ruta: /cm/cmprovec/buscar/modificaDiaAnt - ::1 - [01-11-2023 20:47]"}
{"level":"info","message":"ruta: /cm/cmprovec/valida/persona - ::1 - [01-11-2023 20:47]"}
{"level":"info","message":"ruta: /cm/cmprovec/valida/persona - ::1 - [01-11-2023 20:47]"}
{"level":"info","message":"ruta: /cm/cmprovec/valida/cuentaContable - ::1 - [01-11-2023 20:47]"}
{"level":"info","message":"ruta: /cm/cmprovec/valida/cuentaContable - ::1 - [01-11-2023 20:47]"}
{"level":"info","message":"ruta: /cm/cmprovec/valida/cuentaContable - ::1 - [01-11-2023 20:47]"}
{"level":"info","message":"ruta: /cm/cmprovec/valida/cuentaContable - ::1 - [01-11-2023 20:47]"}
{"level":"info","message":"ruta: /cm/cmprovec/valida/cuentaContable - ::1 - [01-11-2023 20:47]"}
{"level":"info","message":"ruta: /cm/cmprovec/valida/cuentaContable - ::1 - [01-11-2023 20:47]"}
{"level":"info","message":"ruta: /cm/cmprovec/buscar/cuentaContable - ::1 - [01-11-2023 20:47]"}
{"level":"info","message":"ruta: /cm/cmprovec/valida/cuentaContable - ::1 - [01-11-2023 20:47]"}
{"level":"info","message":"ruta: /cm/cmprovec/buscar/cuentaCont - ::1 - [01-11-2023 20:48]"}
{"level":"info","message":"ruta: /cm/cmprovec/valida/cuentaCont - ::1 - [01-11-2023 20:48]"}
{"level":"info","message":"ruta: /cm/cmprovec/list/proveedor - ::1 - [01-11-2023 20:50]"}
{"level":"info","message":"ruta: /cm/cmprovec/buscar/modificaDiaAnt - ::1 - [01-11-2023 20:50]"}
{"level":"info","message":"ruta: /cm/cmprovec/list/proveedor - ::1 - [01-11-2023 20:50]"}
{"level":"info","message":"ruta: /cm/cmprovec/buscar/modificaDiaAnt - ::1 - [01-11-2023 20:50]"}
{"level":"info","message":"ruta: /cm/cmprovec/valida/persona - ::1 - [01-11-2023 20:50]"}
{"level":"info","message":"ruta: /cm/cmprovec/valida/cuentaContable - ::1 - [01-11-2023 20:50]"}
{"level":"info","message":"ruta: /cm/cmprovec/valida/cuentaContable - ::1 - [01-11-2023 20:51]"}
{"level":"info","message":"ruta: /cm/cmprovec/valida/cuentaContable - ::1 - [01-11-2023 20:51]"}
{"level":"info","message":"ruta: /cm/cmprovec/buscar/cuentaContable - ::1 - [01-11-2023 20:51]"}
{"level":"info","message":"ruta: /cm/cmprovec/valida/cuentaContable - ::1 - [01-11-2023 20:51]"}
{"level":"info","message":"ruta: /cm/cmprovec/buscar/cuentaCont - ::1 - [01-11-2023 20:51]"}
{"level":"info","message":"ruta: /cm/cmprovec/valida/cuentaCont - ::1 - [01-11-2023 20:51]"}
{"level":"info","message":"ruta: /cm/cmprovec/valida/codCompra - ::1 - [01-11-2023 20:51]"}
{"level":"info","message":"ruta: /cm/cmprovec/buscar/codCompra - ::1 - [01-11-2023 20:51]"}
{"level":"info","message":"ruta: /cm/cmprovec/valida/codCompra - ::1 - [01-11-2023 20:51]"}
{"level":"info","message":"ruta: /cm/cmprovec/buscar/moneda - ::1 - [01-11-2023 20:51]"}
{"level":"info","message":"ruta: /cm/cmprovec/cod_proveedor/1 - ::1 - [01-11-2023 20:51]"}
{"level":"info","message":"ruta: /cm/cmprovec/cod_proveedor/1 - ::1 - [01-11-2023 20:52]"}
{"level":"info","message":"ruta: /cm/cmprovec/list/proveedor - ::1 - [01-11-2023 20:52]"}
{"level":"info","message":"ruta: /cm/cmprovec/buscar/modificaDiaAnt - ::1 - [01-11-2023 20:52]"}
{"level":"info","message":"ruta: /cm/cmprovec/list/proveedor - ::1 - [01-11-2023 20:53]"}
{"level":"info","message":"ruta: /cm/cmprovec/buscar/modificaDiaAnt - ::1 - [01-11-2023 20:53]"}
{"level":"info","message":"ruta: /cm/cmprovec/valida/persona - ::1 - [01-11-2023 20:53]"}
{"level":"info","message":"ruta: /cm/cmprovec/buscar/cuentaContable - ::1 - [01-11-2023 20:53]"}
{"level":"info","message":"ruta: /cm/cmprovec/valida/cuentaContable - ::1 - [01-11-2023 20:53]"}
{"level":"info","message":"ruta: /cm/cmprovec/buscar/cuentaCont - ::1 - [01-11-2023 20:53]"}
{"level":"info","message":"ruta: /cm/cmprovec/valida/cuentaCont - ::1 - [01-11-2023 20:53]"}
{"level":"info","message":"ruta: /cm/cmprovec/buscar/banco - ::1 - [01-11-2023 20:53]"}
{"level":"info","message":"ruta: /cm/cmprovec/valida/banco - ::1 - [01-11-2023 20:53]"}
{"level":"info","message":"ruta: /cm/cmprovec/valida/codCompra - ::1 - [01-11-2023 20:53]"}
{"level":"info","message":"ruta: /cm/cmprovec/buscar/codCompra - ::1 - [01-11-2023 20:53]"}
{"level":"info","message":"ruta: /cm/cmprovec/valida/codCompra - ::1 - [01-11-2023 20:53]"}
{"level":"info","message":"ruta: /cm/cmprovec/buscar/moneda - ::1 - [01-11-2023 20:53]"}
{"level":"info","message":"ruta: /cm/cmprovec/valida/moneda - ::1 - [01-11-2023 20:53]"}
{"level":"info","message":"ruta: /cm/cmprovec/cod_proveedor/1 - ::1 - [01-11-2023 20:54]"}
{"level":"info","message":"ruta: /cm/cmprovec/cod_proveedor/1 - ::1 - [01-11-2023 20:54]"}
{"level":"info","message":"ruta: /cm/cmprovec/cod_proveedor/1 - ::1 - [01-11-2023 20:55]"}
{"level":"info","message":"ruta: /cm/cmprovec/cod_proveedor/1 - ::1 - [01-11-2023 20:55]"}
{"level":"info","message":"ruta: /cm/cmprovec/cod_proveedor/1 - ::1 - [01-11-2023 20:56]"}
{"level":"info","message":"ruta: /cm/cmprovec/list/proveedor - ::1 - [01-11-2023 20:56]"}
{"level":"info","message":"ruta: /cm/cmprovec/buscar/modificaDiaAnt - ::1 - [01-11-2023 20:56]"}
{"level":"info","message":"ruta: /cm/cmprovec/valida/persona - ::1 - [01-11-2023 20:56]"}
{"level":"info","message":"ruta: /cm/cmprovec/buscar/codCompra - ::1 - [01-11-2023 20:56]"}
{"level":"info","message":"ruta: /cm/cmprovec/valida/codCompra - ::1 - [01-11-2023 20:56]"}
{"level":"info","message":"ruta: /cm/cmprovec/buscar/moneda - ::1 - [01-11-2023 20:56]"}
{"level":"info","message":"ruta: /cm/cmprovec/valida/moneda - ::1 - [01-11-2023 20:56]"}
{"level":"info","message":"ruta: /cm/cmprovec/cod_proveedor/1 - ::1 - [01-11-2023 20:57]"}
{"level":"info","message":"ruta: /cm/cmprovec/list/proveedor - ::1 - [01-11-2023 20:58]"}
{"level":"info","message":"ruta: /cm/cmprovec/buscar/modificaDiaAnt - ::1 - [01-11-2023 20:58]"}
{"level":"info","message":"ruta: /cm/cmprovec/valida/persona - ::1 - [01-11-2023 20:58]"}
{"level":"info","message":"ruta: /cm/cmprovec/buscar/persona - ::1 - [01-11-2023 20:58]"}
{"level":"info","message":"ruta: /cm/cmprovec/buscar/persona - ::1 - [01-11-2023 20:58]"}
{"level":"info","message":"ruta: /cm/cmprovec/buscar/persona - ::1 - [01-11-2023 20:58]"}
{"level":"info","message":"ruta: /cm/cmprovec/buscar/codCompra - ::1 - [01-11-2023 20:58]"}
{"level":"info","message":"ruta: /cm/cmprovec/valida/codCompra - ::1 - [01-11-2023 20:58]"}
{"level":"info","message":"ruta: /cm/cmprovec/buscar/moneda - ::1 - [01-11-2023 20:58]"}
{"level":"info","message":"ruta: /cm/cmprovec/list/proveedor - ::1 - [01-11-2023 20:59]"}
{"level":"info","message":"ruta: /cm/cmprovec/buscar/modificaDiaAnt - ::1 - [01-11-2023 20:59]"}
{"level":"info","message":"ruta: /cm/cmprovec/buscar/persona - ::1 - [01-11-2023 20:59]"}
{"level":"info","message":"ruta: /cm/cmprovec/buscar/codCompra - ::1 - [01-11-2023 21:00]"}
{"level":"info","message":"ruta: /cm/cmprovec/list/proveedor - ::1 - [01-11-2023 21:01]"}
{"level":"info","message":"ruta: /cm/cmprovec/buscar/modificaDiaAnt - ::1 - [01-11-2023 21:01]"}
{"level":"info","message":"ruta: /cm/cmprovec/valida/persona - ::1 - [01-11-2023 21:02]"}
{"level":"info","message":"ruta: /cm/cmprovec/valida/persona - ::1 - [01-11-2023 21:02]"}
{"level":"info","message":"ruta: /cm/cmprovec/list/proveedor - ::1 - [01-11-2023 21:02]"}
{"level":"info","message":"ruta: /cm/cmprovec/buscar/modificaDiaAnt - ::1 - [01-11-2023 21:02]"}
{"level":"info","message":"ruta: /cm/cmprovec/buscar/persona - ::1 - [01-11-2023 21:02]"}
{"level":"info","message":"ruta: /cm/cmprovec/buscar/codCompra - ::1 - [01-11-2023 21:02]"}
{"level":"info","message":"ruta: /cm/cmprovec/buscar/moneda - ::1 - [01-11-2023 21:02]"}
{"level":"info","message":"ruta: /cm/cmprovec/cod_proveedor/1 - ::1 - [01-11-2023 21:03]"}
{"level":"info","message":"ruta: /cm/cmprovec/list/proveedor - ::1 - [01-11-2023 21:04]"}
{"level":"info","message":"ruta: /cm/cmprovec/buscar/modificaDiaAnt - ::1 - [01-11-2023 21:04]"}
{"level":"info","message":"ruta: /cm/cmprovec/list/proveedor - ::1 - [01-11-2023 21:08]"}
{"level":"info","message":"ruta: /cm/cmprovec/buscar/modificaDiaAnt - ::1 - [01-11-2023 21:08]"}
{"level":"info","message":"ruta: /cm/cmprovec/list/proveedor - ::1 - [01-11-2023 21:09]"}
{"level":"info","message":"ruta: /cm/cmprovec/buscar/modificaDiaAnt - ::1 - [01-11-2023 21:09]"}
{"level":"info","message":"ruta: /cm/cmprovec/list/proveedor - ::1 - [01-11-2023 21:09]"}
{"level":"info","message":"ruta: /cm/cmprovec/buscar/modificaDiaAnt - ::1 - [01-11-2023 21:09]"}
{"level":"info","message":"ruta: /cm/cmprovec/list/proveedor - ::1 - [01-11-2023 21:09]"}
{"level":"info","message":"ruta: /cm/cmprovec/buscar/modificaDiaAnt - ::1 - [01-11-2023 21:09]"}
{"level":"info","message":"ruta: /cm/cmprovec/list/proveedor - ::1 - [01-11-2023 21:09]"}
{"level":"info","message":"ruta: /cm/cmprovec/buscar/modificaDiaAnt - ::1 - [01-11-2023 21:09]"}
{"level":"info","message":"ruta: /cm/cmprovec/list/proveedor - ::1 - [01-11-2023 21:19]"}
{"level":"info","message":"ruta: /cm/cmprovec/buscar/modificaDiaAnt - ::1 - [01-11-2023 21:19]"}
{"level":"info","message":"ruta: /cm/cmprovec/valida/persona - ::1 - [01-11-2023 21:19]"}
{"level":"info","message":"ruta: /cm/cmprovec/valida/persona - ::1 - [01-11-2023 21:19]"}
{"level":"info","message":"ruta: /cm/cmprovec/valida/persona - ::1 - [01-11-2023 21:20]"}
{"level":"info","message":"ruta: /cm/cmprovec/buscar/codCompra - ::1 - [01-11-2023 21:20]"}
{"level":"info","message":"ruta: /cm/cmprovec/valida/codCompra - ::1 - [01-11-2023 21:20]"}
{"level":"info","message":"ruta: /cm/cmprovec/buscar/moneda - ::1 - [01-11-2023 21:20]"}
{"level":"info","message":"ruta: /cm/cmprovec/cod_proveedor/1 - ::1 - [01-11-2023 21:20]"}
{"level":"info","message":"ruta: /cm/cmprovec - ::1 - [01-11-2023 21:20]"}
{"level":"info","message":"ruta: /cm/cmprovec/cod_proveedor/1 - ::1 - [01-11-2023 21:20]"}
{"level":"info","message":"ruta: /cm/cmprovec - ::1 - [01-11-2023 21:20]"}
{"level":"info","message":"ruta: /cm/cmprovec/cod_proveedor/1 - ::1 - [01-11-2023 21:21]"}
{"level":"info","message":"ruta: /cm/cmprovec - ::1 - [01-11-2023 21:21]"}
{"level":"info","message":"ruta: /cm/cmprovec/cod_proveedor/1 - ::1 - [01-11-2023 21:21]"}
{"level":"info","message":"ruta: /cm/cmprovec - ::1 - [01-11-2023 21:21]"}
{"level":"info","message":"ruta: /cm/cmprovec/list/proveedor - ::1 - [01-11-2023 21:22]"}
{"level":"info","message":"ruta: /cm/cmprovec/buscar/modificaDiaAnt - ::1 - [01-11-2023 21:22]"}
{"level":"info","message":"ruta: /cm/cmprovec/list/proveedor - ::1 - [01-11-2023 21:23]"}
{"level":"info","message":"ruta: /cm/cmprovec/buscar/modificaDiaAnt - ::1 - [01-11-2023 21:23]"}
{"level":"info","message":"ruta: /cm/cmprovec/list/proveedor - ::1 - [01-11-2023 21:23]"}
{"level":"info","message":"ruta: /cm/cmprovec/buscar/modificaDiaAnt - ::1 - [01-11-2023 21:23]"}
{"level":"info","message":"ruta: /cm/cmprovec/valida/persona - ::1 - [01-11-2023 21:23]"}
{"level":"info","message":"ruta: /cm/cmprovec/buscar/codCompra - ::1 - [01-11-2023 21:23]"}
{"level":"info","message":"ruta: /cm/cmprovec/valida/codCompra - ::1 - [01-11-2023 21:23]"}
{"level":"info","message":"ruta: /cm/cmprovec/buscar/moneda - ::1 - [01-11-2023 21:23]"}
{"level":"info","message":"ruta: /cm/cmprovec/cod_proveedor/1 - ::1 - [01-11-2023 21:23]"}
{"level":"info","message":"ruta: /cm/cmprovec - ::1 - [01-11-2023 21:23]"}
{"level":"info","message":"ruta: /cm/cmprovec/cod_proveedor/1 - ::1 - [01-11-2023 21:24]"}
{"level":"info","message":"ruta: /cm/cmprovec - ::1 - [01-11-2023 21:24]"}
{"level":"info","message":"ruta: /cm/cmprovec/list/proveedor - ::1 - [01-11-2023 21:24]"}
{"level":"info","message":"ruta: /cm/cmprovec/buscar/modificaDiaAnt - ::1 - [01-11-2023 21:24]"}
{"level":"info","message":"ruta: /cm/cmprovec/valida/persona - ::1 - [01-11-2023 21:24]"}
{"level":"info","message":"ruta: /cm/cmprovec/buscar/codCompra - ::1 - [01-11-2023 21:25]"}
{"level":"info","message":"ruta: /cm/cmprovec/valida/codCompra - ::1 - [01-11-2023 21:25]"}
{"level":"info","message":"ruta: /cm/cmprovec/buscar/moneda - ::1 - [01-11-2023 21:25]"}
{"level":"info","message":"ruta: /cm/cmprovec/valida/moneda - ::1 - [01-11-2023 21:25]"}
{"level":"info","message":"ruta: /cm/cmprovec/cod_proveedor/1 - ::1 - [01-11-2023 21:25]"}
{"level":"info","message":"ruta: /cm/cmprovec - ::1 - [01-11-2023 21:25]"}
{"level":"info","message":"ruta: /cm/cmprovec/list/proveedor - ::1 - [01-11-2023 21:25]"}
{"level":"info","message":"ruta: /cm/cmprovec/buscar/modificaDiaAnt - ::1 - [01-11-2023 21:25]"}
{"level":"info","message":"ruta: /cm/cmprovec/buscar/persona - ::1 - [01-11-2023 21:26]"}
{"level":"info","message":"ruta: /cm/cmprovec/buscar/codCompra - ::1 - [01-11-2023 21:26]"}
{"level":"info","message":"ruta: /cm/cmprovec/buscar/moneda - ::1 - [01-11-2023 21:27]"}
{"level":"info","message":"ruta: /cm/cmprovec/list/proveedor - ::1 - [01-11-2023 21:30]"}
{"level":"info","message":"ruta: /cm/cmprovec/buscar/modificaDiaAnt - ::1 - [01-11-2023 21:30]"}
{"level":"info","message":"ruta: /cm/cmprovec/list/proveedor - ::1 - [01-11-2023 21:30]"}
{"level":"info","message":"ruta: /cm/cmprovec/buscar/modificaDiaAnt - ::1 - [01-11-2023 21:30]"}
{"level":"info","message":"ruta: /cm/cmprovec/list/proveedor - ::1 - [01-11-2023 21:30]"}
{"level":"info","message":"ruta: /cm/cmprovec/buscar/modificaDiaAnt - ::1 - [01-11-2023 21:30]"}
{"level":"info","message":"ruta: /cm/cmprovec/buscar/persona - ::1 - [01-11-2023 21:30]"}
{"level":"info","message":"ruta: /cm/cmprovec/buscar/codCompra - ::1 - [01-11-2023 21:30]"}
{"level":"info","message":"ruta: /cm/cmprovec/buscar/moneda - ::1 - [01-11-2023 21:30]"}
{"level":"info","message":"ruta: /cm/cmprovec/cod_proveedor/1 - ::1 - [01-11-2023 21:31]"}
{"level":"info","message":"ruta: /cm/cmprovec - ::1 - [01-11-2023 21:31]"}
{"level":"info","message":"ruta: /cm/cmprovec/list/proveedor - ::1 - [01-11-2023 21:31]"}
{"level":"info","message":"ruta: /cm/cmprovec/buscar/modificaDiaAnt - ::1 - [01-11-2023 21:31]"}
{"level":"info","message":"ruta: /cm/cmprovec/list/proveedor - ::1 - [01-11-2023 21:31]"}
{"level":"info","message":"ruta: /cm/cmprovec/buscar/modificaDiaAnt - ::1 - [01-11-2023 21:31]"}
{"level":"info","message":"ruta: /cm/cmprovec - ::1 - [01-11-2023 21:31]"}
{"level":"info","message":"ruta: /cm/cmprovec/list/proveedor - ::1 - [01-11-2023 21:31]"}
{"level":"info","message":"ruta: /cm/cmprovec/buscar/modificaDiaAnt - ::1 - [01-11-2023 21:31]"}
{"level":"info","message":"ruta: /cm/cmprovec/valida/persona - ::1 - [01-11-2023 21:31]"}
{"level":"info","message":"ruta: /cm/cmprovec/valida/persona - ::1 - [01-11-2023 21:31]"}
{"level":"info","message":"ruta: /cm/cmprovec/buscar/codCompra - ::1 - [01-11-2023 21:31]"}
{"level":"info","message":"ruta: /cm/cmprovec/valida/codCompra - ::1 - [01-11-2023 21:31]"}
{"level":"info","message":"ruta: /cm/cmprovec/buscar/moneda - ::1 - [01-11-2023 21:31]"}
{"level":"info","message":"ruta: /cm/cmprovec/cod_proveedor/1 - ::1 - [01-11-2023 21:31]"}
{"level":"info","message":"ruta: /cm/cmprovec - ::1 - [01-11-2023 21:31]"}
