{"level":"info","message":"ruta: /cm/cmfactur/preform - ::1 - [24-05-2024 19:26]"}
{"level":"info","message":"ruta: /cm/cmfactur/list/detalle - ::1 - [24-05-2024 19:26]"}
{"level":"info","message":"ruta: /cm/cmprovec/list/proveedor - ::1 - [24-05-2024 19:28]"}
{"level":"info","message":"ruta: /cm/cmprovec/buscar/modificaDiaAnt - ::1 - [24-05-2024 19:28]"}
{"level":"info","message":"ruta: /cc/ccrenagr/preform - ::1 - [24-05-2024 19:28]"}
{"level":"info","message":"ruta: /cc/ccrenagr/buscar/cabecera - ::1 - [24-05-2024 19:28]"}
{"level":"info","message":"ruta: /cc/ccrenagr/valida/cliente - ::1 - [24-05-2024 19:28]"}
{"level":"info","message":"ruta: /cc/ccrenagr/valida/cliente - ::1 - [24-05-2024 19:28]"}
{"level":"info","message":"ruta: /cc/ccrenagr/buscar/cliente - ::1 - [24-05-2024 19:28]"}
{"level":"info","message":"ruta: /cc/ccrenagr/valida/cliente - ::1 - [24-05-2024 19:28]"}
{"level":"info","message":"ruta: /cc/ccrenagr/preform - ::1 - [24-05-2024 19:29]"}
{"level":"info","message":"ruta: /cc/ccrenagr/buscar/cabecera - ::1 - [24-05-2024 19:29]"}
{"level":"info","message":"ruta: /cc/ccrenagr/preform - ::1 - [24-05-2024 19:29]"}
{"level":"info","message":"ruta: /cc/ccrenagr/buscar/cabecera - ::1 - [24-05-2024 19:29]"}
{"level":"info","message":"ruta: /cc/ccrenagr/valida/cliente - ::1 - [24-05-2024 19:29]"}
{"level":"info","message":"ruta: /cc/ccrenagr/valida/cliente - ::1 - [24-05-2024 19:29]"}
{"level":"info","message":"ruta: /cc/ccrenagr/preform - ::1 - [24-05-2024 19:30]"}
{"level":"info","message":"ruta: /cc/ccrenagr/buscar/cabecera - ::1 - [24-05-2024 19:30]"}
{"level":"info","message":"ruta: /cc/ccrenagr/preform - ::1 - [24-05-2024 19:30]"}
{"level":"info","message":"ruta: /cc/ccrenagr/buscar/cabecera - ::1 - [24-05-2024 19:30]"}
{"level":"info","message":"ruta: /st/starticu/list/relaciones - ::1 - [24-05-2024 19:34]"}
{"level":"info","message":"ruta: /vt/vtpedido/pre_form - ::1 - [24-05-2024 19:34]"}
{"level":"info","message":"ruta: /vt/vtpedido/list/post_query - ::1 - [24-05-2024 19:34]"}
{"level":"info","message":"ruta: /vt/vtpedido/list/detalle - ::1 - [24-05-2024 19:34]"}
{"level":"info","message":"ruta: /cc/ccrenagr/preform - ::1 - [24-05-2024 19:35]"}
{"level":"info","message":"ruta: /cc/ccrenagr/buscar/cabecera - ::1 - [24-05-2024 19:35]"}
{"level":"info","message":"ruta: /cc/ccrenagr/preform - ::1 - [24-05-2024 19:37]"}
{"level":"info","message":"ruta: /cc/ccrenagr/buscar/cabecera - ::1 - [24-05-2024 19:37]"}
{"level":"info","message":"ruta: /cc/ccrenagr/preform - ::1 - [24-05-2024 19:37]"}
{"level":"info","message":"ruta: /cc/ccrenagr/buscar/cabecera - ::1 - [24-05-2024 19:37]"}
{"level":"info","message":"ruta: /cc/ccrenagr/preform - ::1 - [24-05-2024 19:38]"}
{"level":"info","message":"ruta: /cc/ccrenagr/buscar/cabecera - ::1 - [24-05-2024 19:38]"}
{"level":"info","message":"ruta: /cc/ccrenagr/valida/cliente - ::1 - [24-05-2024 19:38]"}
{"level":"info","message":"ruta: /cc/ccrenagr/preform - ::1 - [24-05-2024 19:59]"}
{"level":"info","message":"ruta: /cc/ccrenagr/buscar/cabecera - ::1 - [24-05-2024 19:59]"}
{"level":"info","message":"ruta: /cc/ccrenagr/preform - ::1 - [24-05-2024 19:59]"}
{"level":"info","message":"ruta: /cc/ccrenagr/buscar/cabecera - ::1 - [24-05-2024 19:59]"}
{"level":"info","message":"ruta: /cc/ccrenagr/valida/cliente - ::1 - [24-05-2024 19:59]"}
{"level":"info","message":"ruta: /cc/ccrenagr/valida/cliente - ::1 - [24-05-2024 19:59]"}
{"level":"info","message":"ruta: /cc/ccrenagr/valida/cliente - ::1 - [24-05-2024 19:59]"}
{"level":"info","message":"ruta: /cc/ccrenagr/preform - ::1 - [24-05-2024 20:00]"}
{"level":"info","message":"ruta: /cc/ccrenagr/buscar/cabecera - ::1 - [24-05-2024 20:00]"}
{"level":"info","message":"ruta: /cc/ccrenagr/valida/cliente - ::1 - [24-05-2024 20:00]"}
{"level":"info","message":"ruta: /cc/ccrenagr/buscar/cabecera - ::1 - [24-05-2024 20:00]"}
{"level":"info","message":"ruta: /cc/ccrenagr/valida/pagar - ::1 - [24-05-2024 20:00]"}
{"level":"info","message":"ruta: /cc/ccrenagr/preform - ::1 - [24-05-2024 20:05]"}
{"level":"info","message":"ruta: /cc/ccrenagr/buscar/cabecera - ::1 - [24-05-2024 20:05]"}
{"level":"info","message":"ruta: /cc/ccrenagr/preform - ::1 - [24-05-2024 20:06]"}
{"level":"info","message":"ruta: /cc/ccrenagr/buscar/cabecera - ::1 - [24-05-2024 20:06]"}
{"level":"info","message":"ruta: /cc/ccrenagr/valida/cliente - ::1 - [24-05-2024 20:06]"}
{"level":"info","message":"ruta: /cc/ccrenagr/buscar/cabecera - ::1 - [24-05-2024 20:06]"}
{"level":"info","message":"ruta: /cc/ccrenagr/valida/pagar - ::1 - [24-05-2024 20:06]"}
{"level":"info","message":"ruta: /cc/ccrenagr/preform - ::1 - [24-05-2024 20:07]"}
{"level":"info","message":"ruta: /cc/ccrenagr/buscar/cabecera - ::1 - [24-05-2024 20:07]"}
{"level":"info","message":"ruta: /cc/ccrenagr/preform - ::1 - [24-05-2024 20:36]"}
{"level":"info","message":"ruta: /cc/ccrenagr/buscar/cabecera - ::1 - [24-05-2024 20:36]"}
{"level":"info","message":"ruta: /cc/ccrenagr/valida/pagar - ::1 - [24-05-2024 20:52]"}
{"level":"info","message":"ruta: /cc/ccrenagr/preform - ::1 - [24-05-2024 20:52]"}
{"level":"info","message":"ruta: /cc/ccrenagr/buscar/cabecera - ::1 - [24-05-2024 20:52]"}
{"level":"info","message":"ruta: /cc/ccrenagr/valida/pagar - ::1 - [24-05-2024 20:52]"}
{"level":"info","message":"ruta: /cc/ccrenagr/preform - ::1 - [24-05-2024 20:52]"}
{"level":"info","message":"ruta: /cc/ccrenagr/buscar/cabecera - ::1 - [24-05-2024 20:52]"}
{"level":"info","message":"ruta: /cc/ccrenagr/valida/pagar - ::1 - [24-05-2024 20:56]"}
{"level":"info","message":"ruta: /cc/ccrenagr/preform - ::1 - [24-05-2024 20:58]"}
{"level":"info","message":"ruta: /cc/ccrenagr/buscar/cabecera - ::1 - [24-05-2024 20:58]"}
{"level":"info","message":"ruta: /cc/ccrenagr/valida/cliente - ::1 - [24-05-2024 20:58]"}
{"level":"info","message":"ruta: /cc/ccrenagr/buscar/cabecera - ::1 - [24-05-2024 20:58]"}
{"level":"info","message":"ruta: /cc/ccrenagr/valida/pagar - ::1 - [24-05-2024 20:58]"}
{"level":"info","message":"ruta: /cc/ccrenagr/valida/pagar - ::1 - [24-05-2024 20:59]"}
{"level":"info","message":"ruta: /cc/ccrenagr/preform - ::1 - [24-05-2024 21:00]"}
{"level":"info","message":"ruta: /cc/ccrenagr/buscar/cabecera - ::1 - [24-05-2024 21:00]"}
{"level":"info","message":"ruta: /cc/ccrenagr/preform - ::1 - [24-05-2024 21:00]"}
{"level":"info","message":"ruta: /cc/ccrenagr/buscar/cabecera - ::1 - [24-05-2024 21:00]"}
{"level":"info","message":"ruta: /cc/ccrenagr/valida/cliente - ::1 - [24-05-2024 21:00]"}
{"level":"info","message":"ruta: /cc/ccrenagr/buscar/cabecera - ::1 - [24-05-2024 21:00]"}
{"level":"info","message":"ruta: /cc/ccrenagr/valida/pagar - ::1 - [24-05-2024 21:00]"}
{"level":"info","message":"ruta: /cc/ccrenagr/buscar/cabecera - ::1 - [24-05-2024 21:00]"}
{"level":"info","message":"ruta: /cc/ccrenagr/buscar/cabecera - ::1 - [24-05-2024 21:00]"}
{"level":"info","message":"ruta: /cc/ccrenagr/buscar/cabecera - ::1 - [24-05-2024 21:00]"}
{"level":"info","message":"ruta: /cc/ccrenagr/buscar/cabecera - ::1 - [24-05-2024 21:00]"}
{"level":"info","message":"ruta: /cc/ccrenagr/buscar/cabecera - ::1 - [24-05-2024 21:00]"}
{"level":"info","message":"ruta: /cc/ccrenagr/buscar/cabecera - ::1 - [24-05-2024 21:00]"}
{"level":"info","message":"ruta: /cc/ccrenagr/buscar/cabecera - ::1 - [24-05-2024 21:00]"}
{"level":"info","message":"ruta: /cc/ccrenagr/buscar/cabecera - ::1 - [24-05-2024 21:00]"}
{"level":"info","message":"ruta: /cc/ccrenagr/buscar/cabecera - ::1 - [24-05-2024 21:00]"}
{"level":"info","message":"ruta: /cc/ccrenagr/buscar/cabecera - ::1 - [24-05-2024 21:00]"}
{"level":"info","message":"ruta: /cc/ccrenagr/buscar/cabecera - ::1 - [24-05-2024 21:00]"}
{"level":"info","message":"ruta: /cc/ccrenagr/valida/pagar - ::1 - [24-05-2024 21:00]"}
{"level":"info","message":"ruta: /cc/ccrenagr/preform - ::1 - [24-05-2024 21:02]"}
{"level":"info","message":"ruta: /cc/ccrenagr/buscar/cabecera - ::1 - [24-05-2024 21:02]"}
{"level":"info","message":"ruta: /cc/ccrenagr/preform - ::1 - [24-05-2024 21:02]"}
{"level":"info","message":"ruta: /cc/ccrenagr/buscar/cabecera - ::1 - [24-05-2024 21:02]"}
{"level":"info","message":"ruta: /cc/ccrenagr/valida/cliente - ::1 - [24-05-2024 21:02]"}
{"level":"info","message":"ruta: /cc/ccrenagr/buscar/cabecera - ::1 - [24-05-2024 21:02]"}
{"level":"info","message":"ruta: /cc/ccrenagr/valida/pagar - ::1 - [24-05-2024 21:02]"}
