{"level":"info","message":"ruta: /st/stenvio/buscar/tipCambio - ::1 - [12-02-2024 19:35]"}
{"level":"info","message":"ruta: /st/stenvio/list/detalle - ::1 - [12-02-2024 19:35]"}
{"level":"info","message":"ruta: /st/stenvio/buscar/tipCambio - ::1 - [12-02-2024 19:35]"}
{"level":"info","message":"ruta: /st/stenvio/list/detalle - ::1 - [12-02-2024 19:35]"}
{"level":"info","message":"ruta: /st/stenvio/list/cabecera - ::1 - [12-02-2024 19:35]"}
{"level":"info","message":"ruta: /st/stenvio/list/detalle - ::1 - [12-02-2024 19:35]"}
{"level":"info","message":"ruta: /st/stenvio/buscar/tipCambio - ::1 - [12-02-2024 19:35]"}
{"level":"info","message":"ruta: /st/stenvio/list/detalle - ::1 - [12-02-2024 19:35]"}
{"level":"info","message":"ruta: /st/stenvio/valida/sucursal - ::1 - [12-02-2024 19:36]"}
{"level":"info","message":"ruta: /st/stenvio/buscar/tipCambio - ::1 - [12-02-2024 19:36]"}
{"level":"info","message":"ruta: /st/stenvio/list/detalle - ::1 - [12-02-2024 19:36]"}
{"level":"info","message":"ruta: /st/stenvio/buscar/tipCambio - ::1 - [12-02-2024 19:36]"}
{"level":"info","message":"ruta: /st/stenvio/list/detalle - ::1 - [12-02-2024 19:36]"}
{"level":"info","message":"ruta: /st/stenvio/valida/sucursal - ::1 - [12-02-2024 19:36]"}
{"level":"info","message":"ruta: /st/stenvio/valida/motivo - ::1 - [12-02-2024 19:36]"}
{"level":"info","message":"ruta: /st/stenvio/valida/articulo - ::1 - [12-02-2024 19:36]"}
{"level":"info","message":"ruta: /st/stenvio/valida/deposito - ::1 - [12-02-2024 19:36]"}
{"level":"info","message":"ruta: /st/stenvio/valida/deposito_ent - ::1 - [12-02-2024 19:36]"}
{"level":"info","message":"ruta: /st/stenvio/valida/um - ::1 - [12-02-2024 19:36]"}
{"level":"info","message":"ruta: /st/stenvio/valida/cantidad - ::1 - [12-02-2024 19:36]"}
{"level":"info","message":"ruta: /st/stenvio/valida/cantidad - ::1 - [12-02-2024 19:36]"}
{"level":"info","message":"ruta: /st/stenvio/valida/cantidad - ::1 - [12-02-2024 19:36]"}
{"level":"info","message":"ruta: /st/stenvio/valida/cantidad - ::1 - [12-02-2024 19:36]"}
{"level":"info","message":"ruta: /st/stenvio/buscar/tipCambio - ::1 - [12-02-2024 19:37]"}
{"level":"info","message":"ruta: /st/stenvio/list/detalle - ::1 - [12-02-2024 19:37]"}
{"level":"info","message":"ruta: /st/stenvio/valida/sucursal - ::1 - [12-02-2024 19:38]"}
{"level":"info","message":"ruta: /st/stenvio/valida/motivo - ::1 - [12-02-2024 19:38]"}
{"level":"info","message":"ruta: /st/stenvio/valida/articulo - ::1 - [12-02-2024 19:38]"}
{"level":"info","message":"ruta: /st/stenvio/valida/deposito - ::1 - [12-02-2024 19:38]"}
{"level":"info","message":"ruta: /st/stenvio/valida/deposito_ent - ::1 - [12-02-2024 19:38]"}
{"level":"info","message":"ruta: /st/stenvio/valida/um - ::1 - [12-02-2024 19:38]"}
{"level":"info","message":"ruta: /st/stenvio/valida/cantidad - ::1 - [12-02-2024 19:38]"}
{"level":"info","message":"ruta: /st/stenvio/valida/causa - ::1 - [12-02-2024 19:38]"}
{"level":"info","message":"ruta: /st/stenvio/valida/articulo - ::1 - [12-02-2024 19:38]"}
{"level":"info","message":"ruta: /st/stenvio/valida/deposito - ::1 - [12-02-2024 19:38]"}
{"level":"info","message":"ruta: /st/stenvio/valida/deposito_ent - ::1 - [12-02-2024 19:38]"}
{"level":"info","message":"ruta: /st/stenvio/valida/um - ::1 - [12-02-2024 19:38]"}
{"level":"info","message":"ruta: /st/stenvio/valida/cantidad - ::1 - [12-02-2024 19:38]"}
{"level":"info","message":"ruta: /st/stenvio/valida/causa - ::1 - [12-02-2024 19:38]"}
{"level":"info","message":"ruta: /st/stenvio/valida/causa - ::1 - [12-02-2024 19:38]"}
{"level":"info","message":"ruta: /st/stenvio/1/ENV/A - ::1 - [12-02-2024 19:38]"}
{"level":"info","message":"ruta: /st/stenvio/1/ENV/A/4 - ::1 - [12-02-2024 19:38]"}
{"level":"info","message":"ruta: /st/stenvio - ::1 - [12-02-2024 19:38]"}
{"level":"info","message":"ruta: /st/stenvio/list/cabecera - ::1 - [12-02-2024 19:38]"}
{"level":"info","message":"ruta: /st/stenvio/list/detalle - ::1 - [12-02-2024 19:38]"}
{"level":"info","message":"ruta: /st/stenvio - ::1 - [12-02-2024 19:38]"}
{"level":"info","message":"ruta: /st/stenvio/list/cabecera - ::1 - [12-02-2024 19:38]"}
{"level":"info","message":"ruta: /st/stenvio/list/detalle - ::1 - [12-02-2024 19:38]"}
{"level":"info","message":"ruta: /st/stenvio/buscar/tipCambio - ::1 - [12-02-2024 19:38]"}
{"level":"info","message":"ruta: /st/stenvio/list/detalle - ::1 - [12-02-2024 19:38]"}
{"level":"info","message":"ruta: /st/stenvio/list/cabecera - ::1 - [12-02-2024 19:38]"}
{"level":"info","message":"ruta: /st/stenvio/buscar/tipCambio - ::1 - [12-02-2024 19:38]"}
{"level":"info","message":"ruta: /st/stenvio/list/detalle - ::1 - [12-02-2024 19:38]"}
{"level":"info","message":"ruta: /st/stenvio/buscar/tipCambio - ::1 - [12-02-2024 19:38]"}
{"level":"info","message":"ruta: /st/stenvio/list/detalle - ::1 - [12-02-2024 19:38]"}
{"level":"info","message":"ruta: /st/stenvio/list/cabecera - ::1 - [12-02-2024 19:38]"}
{"level":"info","message":"ruta: /st/stenvio/buscar/tipCambio - ::1 - [12-02-2024 19:41]"}
{"level":"info","message":"ruta: /st/stenvio/list/detalle - ::1 - [12-02-2024 19:41]"}
{"level":"info","message":"ruta: /st/stenvio/buscar/tipCambio - ::1 - [12-02-2024 19:41]"}
{"level":"info","message":"ruta: /st/stenvio/list/detalle - ::1 - [12-02-2024 19:41]"}
{"level":"info","message":"ruta: /st/stenvio/list/cabecera - ::1 - [12-02-2024 19:41]"}
{"level":"info","message":"ruta: /st/stenvio/buscar/tipCambio - ::1 - [12-02-2024 19:42]"}
{"level":"info","message":"ruta: /st/stenvio/list/detalle - ::1 - [12-02-2024 19:42]"}
{"level":"info","message":"ruta: /st/stenvio/list/cabecera - ::1 - [12-02-2024 19:42]"}
{"level":"info","message":"ruta: /cm/cmprovec/list/proveedor - ::1 - [12-02-2024 19:45]"}
{"level":"info","message":"ruta: /cm/cmprovec/buscar/modificaDiaAnt - ::1 - [12-02-2024 19:45]"}
{"level":"info","message":"ruta: /st/stenvio/buscar/tipCambio - ::1 - [12-02-2024 19:46]"}
{"level":"info","message":"ruta: /st/stenvio/list/detalle - ::1 - [12-02-2024 19:46]"}
{"level":"info","message":"ruta: /st/stentsal/list/detalle - ::1 - [12-02-2024 19:46]"}
{"level":"info","message":"ruta: /st/stentsal/list/detalle - ::1 - [12-02-2024 19:46]"}
{"level":"info","message":"ruta: /st/stentsal/list/cabecera - ::1 - [12-02-2024 19:46]"}
{"level":"info","message":"ruta: /st/stentsal/list/postqueryCab - ::1 - [12-02-2024 19:46]"}
{"level":"info","message":"ruta: /st/stentsal/list/detalle - ::1 - [12-02-2024 19:46]"}
{"level":"info","message":"ruta: /st/stentsal/list/detalle - ::1 - [12-02-2024 19:46]"}
{"level":"info","message":"ruta: /st/stentsal/list/cabecera - ::1 - [12-02-2024 19:46]"}
{"level":"info","message":"ruta: /st/stentsal/list/postqueryCab - ::1 - [12-02-2024 19:46]"}
{"level":"info","message":"ruta: /st/stentsal/list/detalle - ::1 - [12-02-2024 19:46]"}
{"level":"info","message":"ruta: /st/stenvio/buscar/tipCambio - ::1 - [12-02-2024 19:46]"}
{"level":"info","message":"ruta: /st/stenvio/list/detalle - ::1 - [12-02-2024 19:46]"}
{"level":"info","message":"ruta: /st/stenvio/buscar/tipCambio - ::1 - [12-02-2024 19:46]"}
{"level":"info","message":"ruta: /st/stenvio/list/detalle - ::1 - [12-02-2024 19:46]"}
{"level":"info","message":"ruta: /st/stenvio/list/cabecera - ::1 - [12-02-2024 19:46]"}
{"level":"info","message":"ruta: /st/stenvio/buscar/tipCambio - ::1 - [12-02-2024 19:52]"}
{"level":"info","message":"ruta: /st/stenvio/list/detalle - ::1 - [12-02-2024 19:52]"}
{"level":"info","message":"ruta: /st/stenvio/buscar/tipCambio - ::1 - [12-02-2024 19:52]"}
{"level":"info","message":"ruta: /st/stenvio/list/detalle - ::1 - [12-02-2024 19:52]"}
{"level":"info","message":"ruta: /st/stenvio/list/cabecera - ::1 - [12-02-2024 19:52]"}
{"level":"info","message":"ruta: /st/stenvio/list/detalle - ::1 - [12-02-2024 19:52]"}
{"level":"info","message":"ruta: /st/stenvio/list/detalle - ::1 - [12-02-2024 19:52]"}
{"level":"info","message":"ruta: /st/stenvio/list/detalle - ::1 - [12-02-2024 19:52]"}
{"level":"info","message":"ruta: /st/stenvio/list/detalle - ::1 - [12-02-2024 19:52]"}
{"level":"info","message":"ruta: /st/stenvio/list/detalle - ::1 - [12-02-2024 19:52]"}
{"level":"info","message":"ruta: /st/stenvio/list/detalle - ::1 - [12-02-2024 19:52]"}
{"level":"info","message":"ruta: /st/stenvio/list/detalle - ::1 - [12-02-2024 19:52]"}
{"level":"info","message":"ruta: /st/stenvio/buscar/tipCambio - ::1 - [12-02-2024 19:52]"}
{"level":"info","message":"ruta: /st/stenvio/list/detalle - ::1 - [12-02-2024 19:52]"}
{"level":"info","message":"ruta: /st/stenvio/list/cabecera - ::1 - [12-02-2024 19:52]"}
{"level":"info","message":"ruta: /st/stenvio/list/detalle - ::1 - [12-02-2024 19:52]"}
{"level":"info","message":"ruta: /st/stenvio/list/detalle - ::1 - [12-02-2024 19:52]"}
{"level":"info","message":"ruta: /st/stenvio/list/detalle - ::1 - [12-02-2024 19:52]"}
{"level":"info","message":"ruta: /st/stenvio/list/detalle - ::1 - [12-02-2024 19:52]"}
{"level":"info","message":"ruta: /st/stenvio/list/detalle - ::1 - [12-02-2024 19:52]"}
{"level":"info","message":"ruta: /st/stenvio/list/detalle - ::1 - [12-02-2024 19:52]"}
{"level":"info","message":"ruta: /st/stenvio/list/detalle - ::1 - [12-02-2024 19:52]"}
{"level":"info","message":"ruta: /st/stenvio/list/detalle - ::1 - [12-02-2024 19:52]"}
{"level":"info","message":"ruta: /st/stenvio/list/detalle - ::1 - [12-02-2024 19:52]"}
{"level":"info","message":"ruta: /st/stenvio/list/detalle - ::1 - [12-02-2024 19:52]"}
{"level":"info","message":"ruta: /st/stenvio/list/detalle - ::1 - [12-02-2024 19:52]"}
{"level":"info","message":"ruta: /st/stenvio/list/detalle - ::1 - [12-02-2024 19:52]"}
{"level":"info","message":"ruta: /st/stenvio/list/detalle - ::1 - [12-02-2024 19:52]"}
{"level":"info","message":"ruta: /st/stenvio/list/detalle - ::1 - [12-02-2024 19:52]"}
{"level":"info","message":"ruta: /st/stenvio/list/detalle - ::1 - [12-02-2024 19:52]"}
{"level":"info","message":"ruta: /st/stenvio/list/detalle - ::1 - [12-02-2024 19:52]"}
{"level":"info","message":"ruta: /st/stenvio/list/detalle - ::1 - [12-02-2024 19:52]"}
{"level":"info","message":"ruta: /st/stenvio/list/detalle - ::1 - [12-02-2024 19:52]"}
{"level":"info","message":"ruta: /st/stenvio/buscar/tipCambio - ::1 - [12-02-2024 19:52]"}
{"level":"info","message":"ruta: /st/stenvio/list/detalle - ::1 - [12-02-2024 19:52]"}
{"level":"info","message":"ruta: /st/stenvio/list/cabecera - ::1 - [12-02-2024 19:52]"}
{"level":"info","message":"ruta: /st/stenvio/list/detalle - ::1 - [12-02-2024 19:52]"}
{"level":"info","message":"ruta: /st/stenvio/list/detalle - ::1 - [12-02-2024 19:52]"}
{"level":"info","message":"ruta: /st/stenvio/list/detalle - ::1 - [12-02-2024 19:52]"}
{"level":"info","message":"ruta: /st/stenvio/list/detalle - ::1 - [12-02-2024 19:52]"}
{"level":"info","message":"ruta: /st/stenvio/list/detalle - ::1 - [12-02-2024 19:53]"}
{"level":"info","message":"ruta: /st/stenvio/list/detalle - ::1 - [12-02-2024 19:53]"}
{"level":"info","message":"ruta: /st/stenvio/list/detalle - ::1 - [12-02-2024 19:53]"}
{"level":"info","message":"ruta: /st/stenvio/list/detalle - ::1 - [12-02-2024 19:53]"}
{"level":"info","message":"ruta: /st/stenvio/list/detalle - ::1 - [12-02-2024 19:53]"}
{"level":"info","message":"ruta: /st/stenvio/list/detalle - ::1 - [12-02-2024 19:53]"}
{"level":"info","message":"ruta: /st/stenvio/list/detalle - ::1 - [12-02-2024 19:53]"}
{"level":"info","message":"ruta: /st/stenvio/list/detalle - ::1 - [12-02-2024 19:53]"}
{"level":"info","message":"ruta: /st/stenvio/list/detalle - ::1 - [12-02-2024 19:53]"}
{"level":"info","message":"ruta: /st/stenvio/list/detalle - ::1 - [12-02-2024 19:53]"}
{"level":"info","message":"ruta: /st/stenvio/list/detalle - ::1 - [12-02-2024 19:53]"}
{"level":"info","message":"ruta: /st/stenvio/list/detalle - ::1 - [12-02-2024 19:53]"}
{"level":"info","message":"ruta: /st/stenvio/list/detalle - ::1 - [12-02-2024 19:53]"}
{"level":"info","message":"ruta: /st/stenvio/list/detalle - ::1 - [12-02-2024 19:53]"}
{"level":"info","message":"ruta: /st/stenvio/buscar/tipCambio - ::1 - [12-02-2024 19:53]"}
{"level":"info","message":"ruta: /st/stenvio/list/detalle - ::1 - [12-02-2024 19:53]"}
{"level":"info","message":"ruta: /st/stenvio/list/cabecera - ::1 - [12-02-2024 19:53]"}
{"level":"info","message":"ruta: /st/stenvio/list/detalle - ::1 - [12-02-2024 19:53]"}
{"level":"info","message":"ruta: /st/stentsal/list/detalle - ::1 - [12-02-2024 19:53]"}
{"level":"info","message":"ruta: /st/stentsal/list/detalle - ::1 - [12-02-2024 19:53]"}
{"level":"info","message":"ruta: /st/stentsal/list/cabecera - ::1 - [12-02-2024 19:53]"}
{"level":"info","message":"ruta: /st/stentsal/list/postqueryCab - ::1 - [12-02-2024 19:53]"}
{"level":"info","message":"ruta: /st/stentsal/list/detalle - ::1 - [12-02-2024 19:53]"}
{"level":"info","message":"ruta: /st/stentsal/list/detalle - ::1 - [12-02-2024 19:57]"}
{"level":"info","message":"ruta: /st/stentsal/list/cabecera - ::1 - [12-02-2024 19:57]"}
{"level":"info","message":"ruta: /st/stentsal/list/postqueryCab - ::1 - [12-02-2024 19:57]"}
{"level":"info","message":"ruta: /st/stentsal/list/detalle - ::1 - [12-02-2024 19:57]"}
{"level":"info","message":"ruta: /st/stenvio/buscar/tipCambio - ::1 - [12-02-2024 19:57]"}
{"level":"info","message":"ruta: /st/stenvio/list/detalle - ::1 - [12-02-2024 19:57]"}
{"level":"info","message":"ruta: /st/stenvio/buscar/tipCambio - ::1 - [12-02-2024 19:57]"}
{"level":"info","message":"ruta: /st/stenvio/list/detalle - ::1 - [12-02-2024 19:57]"}
{"level":"info","message":"ruta: /st/stenvio/list/cabecera - ::1 - [12-02-2024 19:57]"}
{"level":"info","message":"ruta: /st/stenvio/list/detalle - ::1 - [12-02-2024 19:57]"}
{"level":"info","message":"ruta: /st/stenvio/valida/articulo - ::1 - [12-02-2024 19:57]"}
{"level":"info","message":"ruta: /st/stenvio/valida/deposito - ::1 - [12-02-2024 19:58]"}
{"level":"info","message":"ruta: /st/stenvio/valida/deposito_ent - ::1 - [12-02-2024 19:58]"}
{"level":"info","message":"ruta: /st/stenvio/valida/um - ::1 - [12-02-2024 19:58]"}
{"level":"info","message":"ruta: /st/stenvio/valida/cantidad - ::1 - [12-02-2024 19:58]"}
{"level":"info","message":"ruta: /st/stenvio/valida/causa - ::1 - [12-02-2024 19:58]"}
{"level":"info","message":"ruta: /st/stenvio/1/ENV/A/4 - ::1 - [12-02-2024 19:58]"}
{"level":"info","message":"ruta: /st/stenvio - ::1 - [12-02-2024 19:58]"}
{"level":"info","message":"ruta: /st/stenvio/list/cabecera - ::1 - [12-02-2024 19:58]"}
{"level":"info","message":"ruta: /st/stenvio/list/detalle - ::1 - [12-02-2024 19:58]"}
{"level":"info","message":"ruta: /st/stenvio/buscar/tipCambio - ::1 - [12-02-2024 20:20]"}
{"level":"info","message":"ruta: /st/stenvio/list/detalle - ::1 - [12-02-2024 20:20]"}
{"level":"info","message":"ruta: /st/stenvio/buscar/tipCambio - ::1 - [12-02-2024 20:21]"}
{"level":"info","message":"ruta: /st/stenvio/list/detalle - ::1 - [12-02-2024 20:21]"}
{"level":"info","message":"ruta: /st/stenvio/buscar/tipCambio - ::1 - [12-02-2024 20:21]"}
{"level":"info","message":"ruta: /st/stenvio/list/detalle - ::1 - [12-02-2024 20:21]"}
{"level":"info","message":"ruta: /st/stenvio/buscar/tipCambio - ::1 - [12-02-2024 20:21]"}
{"level":"info","message":"ruta: /st/stenvio/list/detalle - ::1 - [12-02-2024 20:21]"}
{"level":"info","message":"ruta: /st/stenvio/list/cabecera - ::1 - [12-02-2024 20:21]"}
{"level":"info","message":"ruta: /st/stenvio/list/detalle - ::1 - [12-02-2024 20:21]"}
{"level":"info","message":"ruta: /st/stenvio/buscar/tipCambio - ::1 - [12-02-2024 20:21]"}
{"level":"info","message":"ruta: /st/stenvio/list/detalle - ::1 - [12-02-2024 20:21]"}
{"level":"info","message":"ruta: /st/stenvio/list/cabecera - ::1 - [12-02-2024 20:21]"}
{"level":"info","message":"ruta: /st/stenvio/list/detalle - ::1 - [12-02-2024 20:21]"}
{"level":"info","message":"ruta: /st/stenvio/buscar/tipCambio - ::1 - [12-02-2024 20:31]"}
{"level":"info","message":"ruta: /st/stenvio/list/detalle - ::1 - [12-02-2024 20:31]"}
{"level":"info","message":"ruta: /st/stenvio/buscar/tipCambio - ::1 - [12-02-2024 20:47]"}
{"level":"info","message":"ruta: /st/stenvio/list/detalle - ::1 - [12-02-2024 20:47]"}
{"level":"info","message":"ruta: /st/stenvio/reporte/renvio - ::1 - [12-02-2024 20:47]"}
{"level":"info","message":"ruta: /st/stenvio/buscar/tipCambio - ::1 - [12-02-2024 20:48]"}
{"level":"info","message":"ruta: /st/stenvio/list/detalle - ::1 - [12-02-2024 20:48]"}
{"level":"info","message":"ruta: /st/stenvio/buscar/tipCambio - ::1 - [12-02-2024 20:48]"}
{"level":"info","message":"ruta: /st/stenvio/list/detalle - ::1 - [12-02-2024 20:48]"}
{"level":"info","message":"ruta: /st/stenvio/buscar/tipCambio - ::1 - [12-02-2024 20:48]"}
{"level":"info","message":"ruta: /st/stenvio/list/detalle - ::1 - [12-02-2024 20:48]"}
{"level":"info","message":"ruta: /st/stenvio/buscar/tipCambio - ::1 - [12-02-2024 20:48]"}
{"level":"info","message":"ruta: /st/stenvio/list/detalle - ::1 - [12-02-2024 20:48]"}
{"level":"info","message":"ruta: /st/stenvio/list/cabecera - ::1 - [12-02-2024 20:48]"}
{"level":"info","message":"ruta: /st/stenvio/list/detalle - ::1 - [12-02-2024 20:48]"}
{"level":"info","message":"ruta: /st/stenvio/reporte/renvio - ::1 - [12-02-2024 20:48]"}
{"level":"info","message":"ruta: /st/stenvio/buscar/tipCambio - ::1 - [12-02-2024 20:49]"}
{"level":"info","message":"ruta: /st/stenvio/list/detalle - ::1 - [12-02-2024 20:49]"}
{"level":"info","message":"ruta: /st/stenvio/buscar/tipCambio - ::1 - [12-02-2024 20:49]"}
{"level":"info","message":"ruta: /st/stenvio/list/detalle - ::1 - [12-02-2024 20:49]"}
{"level":"info","message":"ruta: /st/stenvio/buscar/tipCambio - ::1 - [12-02-2024 20:49]"}
{"level":"info","message":"ruta: /st/stenvio/list/detalle - ::1 - [12-02-2024 20:49]"}
{"level":"info","message":"ruta: /st/stenvio/list/cabecera - ::1 - [12-02-2024 20:49]"}
{"level":"info","message":"ruta: /st/stenvio/list/detalle - ::1 - [12-02-2024 20:49]"}
{"level":"info","message":"ruta: /st/stenvio/reporte/renvio - ::1 - [12-02-2024 20:49]"}
{"level":"info","message":"ruta: /st/stenvio/reporte/renvio - ::1 - [12-02-2024 20:50]"}
{"level":"info","message":"ruta: /st/stenvio/reporte/renvio - ::1 - [12-02-2024 20:50]"}
{"level":"info","message":"ruta: /st/stenvio/buscar/tipCambio - ::1 - [12-02-2024 20:52]"}
{"level":"info","message":"ruta: /st/stenvio/list/detalle - ::1 - [12-02-2024 20:52]"}
{"level":"info","message":"ruta: /st/stenvio/buscar/tipCambio - ::1 - [12-02-2024 20:52]"}
{"level":"info","message":"ruta: /st/stenvio/list/detalle - ::1 - [12-02-2024 20:52]"}
{"level":"info","message":"ruta: /st/stenvio/list/cabecera - ::1 - [12-02-2024 20:52]"}
{"level":"info","message":"ruta: /st/stenvio/list/detalle - ::1 - [12-02-2024 20:52]"}
{"level":"info","message":"ruta: /st/stenvio/reporte/renvio - ::1 - [12-02-2024 20:52]"}
{"level":"info","message":"ruta: /st/stenvio/buscar/tipCambio - ::1 - [12-02-2024 20:52]"}
{"level":"info","message":"ruta: /st/stenvio/list/detalle - ::1 - [12-02-2024 20:52]"}
{"level":"info","message":"ruta: /st/stenvio/buscar/tipCambio - ::1 - [12-02-2024 20:52]"}
{"level":"info","message":"ruta: /st/stenvio/list/detalle - ::1 - [12-02-2024 20:52]"}
{"level":"info","message":"ruta: /st/stenvio/list/cabecera - ::1 - [12-02-2024 20:52]"}
{"level":"info","message":"ruta: /st/stenvio/list/detalle - ::1 - [12-02-2024 20:52]"}
{"level":"info","message":"ruta: /st/stenvio/reporte/renvio - ::1 - [12-02-2024 20:52]"}
{"level":"info","message":"ruta: /st/stenvio/buscar/tipCambio - ::1 - [12-02-2024 20:52]"}
{"level":"info","message":"ruta: /st/stenvio/list/detalle - ::1 - [12-02-2024 20:52]"}
{"level":"info","message":"ruta: /st/stenvio/buscar/tipCambio - ::1 - [12-02-2024 20:52]"}
{"level":"info","message":"ruta: /st/stenvio/list/detalle - ::1 - [12-02-2024 20:52]"}
{"level":"info","message":"ruta: /st/stenvio/buscar/tipCambio - ::1 - [12-02-2024 20:52]"}
{"level":"info","message":"ruta: /st/stenvio/list/detalle - ::1 - [12-02-2024 20:52]"}
{"level":"info","message":"ruta: /st/stenvio/list/cabecera - ::1 - [12-02-2024 20:52]"}
{"level":"info","message":"ruta: /st/stenvio/list/detalle - ::1 - [12-02-2024 20:52]"}
{"level":"info","message":"ruta: /st/stenvio/buscar/tipCambio - ::1 - [12-02-2024 20:53]"}
{"level":"info","message":"ruta: /st/stenvio/list/detalle - ::1 - [12-02-2024 20:53]"}
{"level":"info","message":"ruta: /st/stenvio/buscar/tipCambio - ::1 - [12-02-2024 20:53]"}
{"level":"info","message":"ruta: /st/stenvio/list/detalle - ::1 - [12-02-2024 20:53]"}
{"level":"info","message":"ruta: /st/stenvio/list/cabecera - ::1 - [12-02-2024 20:53]"}
{"level":"info","message":"ruta: /st/stenvio/list/detalle - ::1 - [12-02-2024 20:53]"}
{"level":"info","message":"ruta: /st/stenvio/reporte/renvio - ::1 - [12-02-2024 20:53]"}
{"level":"info","message":"ruta: /st/stenvio/buscar/tipCambio - ::1 - [12-02-2024 20:54]"}
{"level":"info","message":"ruta: /st/stenvio/list/detalle - ::1 - [12-02-2024 20:54]"}
{"level":"info","message":"ruta: /st/stenvio/buscar/tipCambio - ::1 - [12-02-2024 20:54]"}
{"level":"info","message":"ruta: /st/stenvio/list/detalle - ::1 - [12-02-2024 20:54]"}
{"level":"info","message":"ruta: /st/stenvio/buscar/tipCambio - ::1 - [12-02-2024 20:54]"}
{"level":"info","message":"ruta: /st/stenvio/list/detalle - ::1 - [12-02-2024 20:54]"}
{"level":"info","message":"ruta: /st/stenvio/list/cabecera - ::1 - [12-02-2024 20:54]"}
{"level":"info","message":"ruta: /st/stenvio/list/detalle - ::1 - [12-02-2024 20:54]"}
{"level":"info","message":"ruta: /st/stenvio/reporte/renvio - ::1 - [12-02-2024 20:54]"}
{"level":"info","message":"ruta: /st/stenvio/buscar/tipCambio - ::1 - [12-02-2024 20:55]"}
{"level":"info","message":"ruta: /st/stenvio/list/detalle - ::1 - [12-02-2024 20:55]"}
{"level":"info","message":"ruta: /st/stenvio/buscar/tipCambio - ::1 - [12-02-2024 20:55]"}
{"level":"info","message":"ruta: /st/stenvio/list/detalle - ::1 - [12-02-2024 20:55]"}
{"level":"info","message":"ruta: /st/stenvio/list/cabecera - ::1 - [12-02-2024 20:55]"}
{"level":"info","message":"ruta: /st/stenvio/list/detalle - ::1 - [12-02-2024 20:55]"}
{"level":"info","message":"ruta: /st/stenvio/reporte/renvio - ::1 - [12-02-2024 20:55]"}
{"level":"info","message":"ruta: /st/stenvio/buscar/tipCambio - ::1 - [12-02-2024 20:55]"}
{"level":"info","message":"ruta: /st/stenvio/list/detalle - ::1 - [12-02-2024 20:55]"}
{"level":"info","message":"ruta: /st/stenvio/list/cabecera - ::1 - [12-02-2024 20:55]"}
{"level":"info","message":"ruta: /st/stenvio/list/detalle - ::1 - [12-02-2024 20:55]"}
{"level":"info","message":"ruta: /st/stenvio/reporte/renvio - ::1 - [12-02-2024 20:55]"}
{"level":"info","message":"ruta: /st/stenvio/buscar/tipCambio - ::1 - [12-02-2024 20:56]"}
{"level":"info","message":"ruta: /st/stenvio/list/detalle - ::1 - [12-02-2024 20:56]"}
{"level":"info","message":"ruta: /st/stenvio/buscar/tipCambio - ::1 - [12-02-2024 20:56]"}
{"level":"info","message":"ruta: /st/stenvio/list/detalle - ::1 - [12-02-2024 20:56]"}
{"level":"info","message":"ruta: /st/stenvio/list/cabecera - ::1 - [12-02-2024 20:56]"}
{"level":"info","message":"ruta: /st/stenvio/list/detalle - ::1 - [12-02-2024 20:56]"}
{"level":"info","message":"ruta: /st/stenvio/reporte/renvio - ::1 - [12-02-2024 20:56]"}
{"level":"info","message":"ruta: /st/stenvio/buscar/tipCambio - ::1 - [12-02-2024 20:56]"}
{"level":"info","message":"ruta: /st/stenvio/list/detalle - ::1 - [12-02-2024 20:56]"}
{"level":"info","message":"ruta: /st/stenvio/buscar/tipCambio - ::1 - [12-02-2024 20:56]"}
{"level":"info","message":"ruta: /st/stenvio/list/detalle - ::1 - [12-02-2024 20:56]"}
{"level":"info","message":"ruta: /st/stenvio/list/cabecera - ::1 - [12-02-2024 20:56]"}
{"level":"info","message":"ruta: /st/stenvio/list/detalle - ::1 - [12-02-2024 20:56]"}
{"level":"info","message":"ruta: /st/stenvio/reporte/renvio - ::1 - [12-02-2024 20:56]"}
{"level":"info","message":"ruta: /st/stenvio/buscar/tipCambio - ::1 - [12-02-2024 20:57]"}
{"level":"info","message":"ruta: /st/stenvio/list/detalle - ::1 - [12-02-2024 20:57]"}
{"level":"info","message":"ruta: /st/stenvio/buscar/tipCambio - ::1 - [12-02-2024 20:57]"}
{"level":"info","message":"ruta: /st/stenvio/list/detalle - ::1 - [12-02-2024 20:57]"}
{"level":"info","message":"ruta: /st/stenvio/list/cabecera - ::1 - [12-02-2024 20:57]"}
{"level":"info","message":"ruta: /st/stenvio/list/detalle - ::1 - [12-02-2024 20:57]"}
{"level":"info","message":"ruta: /st/stenvio/reporte/renvio - ::1 - [12-02-2024 20:57]"}
{"level":"info","message":"ruta: /st/stenvio/buscar/tipCambio - ::1 - [12-02-2024 20:57]"}
{"level":"info","message":"ruta: /st/stenvio/list/detalle - ::1 - [12-02-2024 20:57]"}
{"level":"info","message":"ruta: /st/stenvio/buscar/tipCambio - ::1 - [12-02-2024 20:57]"}
{"level":"info","message":"ruta: /st/stenvio/list/detalle - ::1 - [12-02-2024 20:57]"}
{"level":"info","message":"ruta: /st/stenvio/buscar/tipCambio - ::1 - [12-02-2024 20:57]"}
{"level":"info","message":"ruta: /st/stenvio/list/detalle - ::1 - [12-02-2024 20:57]"}
{"level":"info","message":"ruta: /st/stenvio/list/cabecera - ::1 - [12-02-2024 20:57]"}
{"level":"info","message":"ruta: /st/stenvio/list/detalle - ::1 - [12-02-2024 20:57]"}
{"level":"info","message":"ruta: /st/stenvio/reporte/renvio - ::1 - [12-02-2024 20:57]"}
{"level":"info","message":"ruta: /st/stenvio/reporte/renvio - ::1 - [12-02-2024 20:58]"}
{"level":"info","message":"ruta: /st/stenvio/buscar/tipCambio - ::1 - [12-02-2024 21:00]"}
{"level":"info","message":"ruta: /st/stenvio/list/detalle - ::1 - [12-02-2024 21:00]"}
{"level":"info","message":"ruta: /st/stenvio/buscar/tipCambio - ::1 - [12-02-2024 21:00]"}
{"level":"info","message":"ruta: /st/stenvio/list/detalle - ::1 - [12-02-2024 21:00]"}
{"level":"info","message":"ruta: /st/stenvio/list/cabecera - ::1 - [12-02-2024 21:00]"}
{"level":"info","message":"ruta: /st/stenvio/list/detalle - ::1 - [12-02-2024 21:00]"}
{"level":"info","message":"ruta: /st/stenvio/reporte/renvio - ::1 - [12-02-2024 21:00]"}
{"level":"info","message":"ruta: /st/stenvio/buscar/tipCambio - ::1 - [12-02-2024 21:01]"}
{"level":"info","message":"ruta: /st/stenvio/list/detalle - ::1 - [12-02-2024 21:01]"}
{"level":"info","message":"ruta: /st/stenvio/list/cabecera - ::1 - [12-02-2024 21:01]"}
{"level":"info","message":"ruta: /st/stenvio/list/detalle - ::1 - [12-02-2024 21:01]"}
{"level":"info","message":"ruta: /st/stenvio/buscar/tipCambio - ::1 - [12-02-2024 21:01]"}
{"level":"info","message":"ruta: /st/stenvio/list/detalle - ::1 - [12-02-2024 21:01]"}
{"level":"info","message":"ruta: /st/stenvio/list/cabecera - ::1 - [12-02-2024 21:01]"}
{"level":"info","message":"ruta: /st/stenvio/list/detalle - ::1 - [12-02-2024 21:01]"}
{"level":"info","message":"ruta: /st/stenvio/reporte/renvio - ::1 - [12-02-2024 21:01]"}
{"level":"info","message":"ruta: /pb/infoEmpresa - ::1 - [12-02-2024 21:03]"}
{"level":"info","message":"ruta: /pb/infoSucursal - ::1 - [12-02-2024 21:03]"}
{"level":"info","message":"ruta: /st/stenvio/buscar/tipCambio - ::1 - [12-02-2024 21:03]"}
{"level":"info","message":"ruta: /st/stenvio/list/detalle - ::1 - [12-02-2024 21:03]"}
{"level":"info","message":"ruta: /st/stenvio/buscar/tipCambio - ::1 - [12-02-2024 21:03]"}
{"level":"info","message":"ruta: /st/stenvio/list/detalle - ::1 - [12-02-2024 21:03]"}
{"level":"info","message":"ruta: /st/stenvio/buscar/tipCambio - ::1 - [12-02-2024 21:04]"}
{"level":"info","message":"ruta: /st/stenvio/list/detalle - ::1 - [12-02-2024 21:04]"}
{"level":"info","message":"ruta: /st/stenvio/buscar/tipCambio - ::1 - [12-02-2024 21:04]"}
{"level":"info","message":"ruta: /st/stenvio/list/detalle - ::1 - [12-02-2024 21:04]"}
{"level":"info","message":"ruta: /st/stenvio/buscar/tipCambio - ::1 - [12-02-2024 21:04]"}
{"level":"info","message":"ruta: /st/stenvio/list/detalle - ::1 - [12-02-2024 21:04]"}
{"level":"info","message":"ruta: /st/stenvio/list/cabecera - ::1 - [12-02-2024 21:04]"}
{"level":"info","message":"ruta: /st/stenvio/list/detalle - ::1 - [12-02-2024 21:04]"}
{"level":"info","message":"ruta: /st/stenvio/reporte/renvio - ::1 - [12-02-2024 21:04]"}
{"level":"info","message":"ruta: /st/stenvio/buscar/tipCambio - ::1 - [12-02-2024 21:04]"}
{"level":"info","message":"ruta: /st/stenvio/list/detalle - ::1 - [12-02-2024 21:04]"}
{"level":"info","message":"ruta: /st/stenvio/buscar/tipCambio - ::1 - [12-02-2024 21:04]"}
{"level":"info","message":"ruta: /st/stenvio/list/detalle - ::1 - [12-02-2024 21:04]"}
{"level":"info","message":"ruta: /st/stenvio/buscar/tipCambio - ::1 - [12-02-2024 21:04]"}
{"level":"info","message":"ruta: /st/stenvio/list/detalle - ::1 - [12-02-2024 21:04]"}
{"level":"info","message":"ruta: /st/stenvio/buscar/tipCambio - ::1 - [12-02-2024 21:04]"}
{"level":"info","message":"ruta: /st/stenvio/list/detalle - ::1 - [12-02-2024 21:04]"}
{"level":"info","message":"ruta: /st/stenvio/list/cabecera - ::1 - [12-02-2024 21:04]"}
{"level":"info","message":"ruta: /st/stenvio/list/detalle - ::1 - [12-02-2024 21:04]"}
{"level":"info","message":"ruta: /st/stenvio/reporte/renvio - ::1 - [12-02-2024 21:04]"}
{"level":"info","message":"ruta: /st/stenvio/buscar/tipCambio - ::1 - [12-02-2024 21:05]"}
{"level":"info","message":"ruta: /st/stenvio/list/detalle - ::1 - [12-02-2024 21:05]"}
{"level":"info","message":"ruta: /st/stenvio/buscar/tipCambio - ::1 - [12-02-2024 21:05]"}
{"level":"info","message":"ruta: /st/stenvio/list/detalle - ::1 - [12-02-2024 21:05]"}
{"level":"info","message":"ruta: /st/stenvio/list/cabecera - ::1 - [12-02-2024 21:05]"}
{"level":"info","message":"ruta: /st/stenvio/list/detalle - ::1 - [12-02-2024 21:05]"}
{"level":"info","message":"ruta: /st/stenvio/reporte/renvio - ::1 - [12-02-2024 21:05]"}
{"level":"info","message":"ruta: /st/stenvio/buscar/tipCambio - ::1 - [12-02-2024 21:05]"}
{"level":"info","message":"ruta: /st/stenvio/list/detalle - ::1 - [12-02-2024 21:05]"}
{"level":"info","message":"ruta: /st/stenvio/buscar/tipCambio - ::1 - [12-02-2024 21:05]"}
{"level":"info","message":"ruta: /st/stenvio/list/detalle - ::1 - [12-02-2024 21:05]"}
{"level":"info","message":"ruta: /st/stenvio/list/cabecera - ::1 - [12-02-2024 21:05]"}
{"level":"info","message":"ruta: /st/stenvio/list/detalle - ::1 - [12-02-2024 21:05]"}
{"level":"info","message":"ruta: /st/stenvio/reporte/renvio - ::1 - [12-02-2024 21:05]"}
{"level":"info","message":"ruta: /st/stenvio/buscar/tipCambio - ::1 - [12-02-2024 21:06]"}
{"level":"info","message":"ruta: /st/stenvio/list/detalle - ::1 - [12-02-2024 21:06]"}
{"level":"info","message":"ruta: /st/stenvio/buscar/tipCambio - ::1 - [12-02-2024 21:06]"}
{"level":"info","message":"ruta: /st/stenvio/list/detalle - ::1 - [12-02-2024 21:06]"}
{"level":"info","message":"ruta: /st/stenvio/list/cabecera - ::1 - [12-02-2024 21:06]"}
{"level":"info","message":"ruta: /st/stenvio/list/detalle - ::1 - [12-02-2024 21:06]"}
{"level":"info","message":"ruta: /st/stenvio/reporte/renvio - ::1 - [12-02-2024 21:06]"}
{"level":"info","message":"ruta: /st/stenvio/buscar/tipCambio - ::1 - [12-02-2024 21:06]"}
{"level":"info","message":"ruta: /st/stenvio/list/detalle - ::1 - [12-02-2024 21:06]"}
{"level":"info","message":"ruta: /st/stenvio/buscar/tipCambio - ::1 - [12-02-2024 21:06]"}
{"level":"info","message":"ruta: /st/stenvio/list/detalle - ::1 - [12-02-2024 21:06]"}
{"level":"info","message":"ruta: /st/stenvio/list/cabecera - ::1 - [12-02-2024 21:06]"}
{"level":"info","message":"ruta: /st/stenvio/list/detalle - ::1 - [12-02-2024 21:06]"}
{"level":"info","message":"ruta: /st/stenvio/reporte/renvio - ::1 - [12-02-2024 21:06]"}
{"level":"info","message":"ruta: /st/stenvio/buscar/tipCambio - ::1 - [12-02-2024 21:07]"}
{"level":"info","message":"ruta: /st/stenvio/list/detalle - ::1 - [12-02-2024 21:07]"}
{"level":"info","message":"ruta: /st/stenvio/buscar/tipCambio - ::1 - [12-02-2024 21:07]"}
{"level":"info","message":"ruta: /st/stenvio/list/detalle - ::1 - [12-02-2024 21:07]"}
{"level":"info","message":"ruta: /st/stenvio/buscar/tipCambio - ::1 - [12-02-2024 21:08]"}
{"level":"info","message":"ruta: /st/stenvio/list/detalle - ::1 - [12-02-2024 21:08]"}
{"level":"info","message":"ruta: /st/stenvio/list/cabecera - ::1 - [12-02-2024 21:08]"}
{"level":"info","message":"ruta: /st/stenvio/list/detalle - ::1 - [12-02-2024 21:08]"}
{"level":"info","message":"ruta: /st/stenvio - ::1 - [12-02-2024 21:08]"}
{"level":"info","message":"ruta: /st/stenvio/list/cabecera - ::1 - [12-02-2024 21:08]"}
{"level":"info","message":"ruta: /st/stenvio/list/detalle - ::1 - [12-02-2024 21:08]"}
{"level":"info","message":"ruta: /st/stenvio/reporte/renvio - ::1 - [12-02-2024 21:08]"}
{"level":"info","message":"ruta: /st/stenvio/buscar/tipCambio - ::1 - [12-02-2024 21:08]"}
{"level":"info","message":"ruta: /st/stenvio/list/detalle - ::1 - [12-02-2024 21:08]"}
{"level":"info","message":"ruta: /st/stenvio/list/cabecera - ::1 - [12-02-2024 21:08]"}
{"level":"info","message":"ruta: /st/stenvio/list/detalle - ::1 - [12-02-2024 21:08]"}
{"level":"info","message":"ruta: /st/stenvio/reporte/renvio - ::1 - [12-02-2024 21:08]"}
{"level":"info","message":"ruta: /st/stenvio/list/detalle - ::1 - [12-02-2024 21:08]"}
{"level":"info","message":"ruta: /st/stentsal/list/detalle - ::1 - [12-02-2024 21:08]"}
{"level":"info","message":"ruta: /st/stenvio/buscar/tipCambio - ::1 - [12-02-2024 21:08]"}
{"level":"info","message":"ruta: /st/stenvio/list/detalle - ::1 - [12-02-2024 21:08]"}
{"level":"info","message":"ruta: /st/stentsal/list/detalle - ::1 - [12-02-2024 21:08]"}
{"level":"info","message":"ruta: /st/stenvio/buscar/tipCambio - ::1 - [12-02-2024 21:08]"}
{"level":"info","message":"ruta: /st/stenvio/list/detalle - ::1 - [12-02-2024 21:08]"}
{"level":"info","message":"ruta: /st/stenvio/buscar/tipCambio - ::1 - [12-02-2024 21:10]"}
{"level":"info","message":"ruta: /st/stenvio/list/detalle - ::1 - [12-02-2024 21:10]"}
{"level":"info","message":"ruta: /st/stenvio/buscar/tipCambio - ::1 - [12-02-2024 21:10]"}
{"level":"info","message":"ruta: /st/stenvio/list/detalle - ::1 - [12-02-2024 21:10]"}
{"level":"info","message":"ruta: /st/stentsal/list/detalle - ::1 - [12-02-2024 21:10]"}
{"level":"info","message":"ruta: /st/stenvio/buscar/tipCambio - ::1 - [12-02-2024 21:10]"}
{"level":"info","message":"ruta: /st/stenvio/list/detalle - ::1 - [12-02-2024 21:10]"}
{"level":"info","message":"ruta: /st/stentsal/list/detalle - ::1 - [12-02-2024 21:10]"}
{"level":"info","message":"ruta: /st/stenvio/buscar/tipCambio - ::1 - [12-02-2024 21:10]"}
{"level":"info","message":"ruta: /st/stenvio/list/detalle - ::1 - [12-02-2024 21:10]"}
{"level":"info","message":"ruta: /st/stenvio/buscar/tipCambio - ::1 - [12-02-2024 21:11]"}
{"level":"info","message":"ruta: /st/stenvio/list/detalle - ::1 - [12-02-2024 21:11]"}
{"level":"info","message":"ruta: /st/stentsal/list/detalle - ::1 - [12-02-2024 21:11]"}
{"level":"info","message":"ruta: /st/stenvio/buscar/tipCambio - ::1 - [12-02-2024 21:11]"}
{"level":"info","message":"ruta: /st/stenvio/list/detalle - ::1 - [12-02-2024 21:11]"}
{"level":"info","message":"ruta: /st/stentsal/list/detalle - ::1 - [12-02-2024 21:11]"}
{"level":"info","message":"ruta: /st/stenvio/buscar/tipCambio - ::1 - [12-02-2024 21:11]"}
{"level":"info","message":"ruta: /st/stenvio/list/detalle - ::1 - [12-02-2024 21:11]"}
{"level":"info","message":"ruta: /st/stentsal/list/detalle - ::1 - [12-02-2024 21:11]"}
{"level":"info","message":"ruta: /st/stenvio/buscar/tipCambio - ::1 - [12-02-2024 21:11]"}
{"level":"info","message":"ruta: /st/stenvio/list/detalle - ::1 - [12-02-2024 21:11]"}
{"level":"info","message":"ruta: /st/stentsal/list/detalle - ::1 - [12-02-2024 21:11]"}
{"level":"info","message":"ruta: /st/stentsal/list/detalle - ::1 - [12-02-2024 21:11]"}
{"level":"info","message":"ruta: /st/stentsal/list/detalle - ::1 - [12-02-2024 21:11]"}
{"level":"info","message":"ruta: /st/stentsal/list/cabecera - ::1 - [12-02-2024 21:11]"}
{"level":"info","message":"ruta: /st/stentsal/list/postqueryCab - ::1 - [12-02-2024 21:11]"}
{"level":"info","message":"ruta: /st/stentsal/list/detalle - ::1 - [12-02-2024 21:11]"}
{"level":"info","message":"ruta: /st/stenvio/buscar/tipCambio - ::1 - [12-02-2024 21:11]"}
{"level":"info","message":"ruta: /st/stenvio/list/detalle - ::1 - [12-02-2024 21:11]"}
{"level":"info","message":"ruta: /st/stentsal/list/detalle - ::1 - [12-02-2024 21:11]"}
{"level":"info","message":"ruta: /st/stenvio/buscar/tipCambio - ::1 - [12-02-2024 21:11]"}
{"level":"info","message":"ruta: /st/stenvio/list/detalle - ::1 - [12-02-2024 21:11]"}
{"level":"info","message":"ruta: /st/stentsal/list/detalle - ::1 - [12-02-2024 21:11]"}
{"level":"info","message":"ruta: /st/stenvio/buscar/tipCambio - ::1 - [12-02-2024 21:11]"}
{"level":"info","message":"ruta: /st/stenvio/list/detalle - ::1 - [12-02-2024 21:11]"}
{"level":"info","message":"ruta: /st/stentsal/list/detalle - ::1 - [12-02-2024 21:11]"}
{"level":"info","message":"ruta: /st/stenvio/buscar/tipCambio - ::1 - [12-02-2024 21:11]"}
{"level":"info","message":"ruta: /st/stenvio/list/detalle - ::1 - [12-02-2024 21:11]"}
{"level":"info","message":"ruta: /st/stentsal/list/detalle - ::1 - [12-02-2024 21:11]"}
{"level":"info","message":"ruta: /st/stenvio/buscar/tipCambio - ::1 - [12-02-2024 21:11]"}
{"level":"info","message":"ruta: /st/stenvio/list/detalle - ::1 - [12-02-2024 21:11]"}
{"level":"info","message":"ruta: /st/stenvio/buscar/tipCambio - ::1 - [12-02-2024 21:12]"}
{"level":"info","message":"ruta: /st/stenvio/list/detalle - ::1 - [12-02-2024 21:12]"}
{"level":"info","message":"ruta: /st/stenvio/buscar/tipCambio - ::1 - [12-02-2024 21:12]"}
{"level":"info","message":"ruta: /st/stenvio/list/detalle - ::1 - [12-02-2024 21:12]"}
{"level":"info","message":"ruta: /st/stenvio/buscar/tipCambio - ::1 - [12-02-2024 21:12]"}
{"level":"info","message":"ruta: /st/stenvio/list/detalle - ::1 - [12-02-2024 21:12]"}
{"level":"info","message":"ruta: /st/stenvio/list/cabecera - ::1 - [12-02-2024 21:12]"}
{"level":"info","message":"ruta: /st/stenvio/list/detalle - ::1 - [12-02-2024 21:12]"}
{"level":"info","message":"ruta: /st/stenvio/buscar/tipCambio - ::1 - [12-02-2024 21:12]"}
{"level":"info","message":"ruta: /st/stenvio/list/detalle - ::1 - [12-02-2024 21:12]"}
{"level":"info","message":"ruta: /st/stenvio/list/cabecera - ::1 - [12-02-2024 21:12]"}
{"level":"info","message":"ruta: /st/stenvio/list/detalle - ::1 - [12-02-2024 21:12]"}
{"level":"info","message":"ruta: /st/stentsal/list/detalle - ::1 - [12-02-2024 21:12]"}
{"level":"info","message":"ruta: /st/stenvio/buscar/tipCambio - ::1 - [12-02-2024 21:12]"}
{"level":"info","message":"ruta: /st/stenvio/list/detalle - ::1 - [12-02-2024 21:12]"}
{"level":"info","message":"ruta: /st/stenvio/buscar/tipCambio - ::1 - [12-02-2024 21:13]"}
{"level":"info","message":"ruta: /st/stenvio/list/detalle - ::1 - [12-02-2024 21:13]"}
{"level":"info","message":"ruta: /st/stentsal/list/detalle - ::1 - [12-02-2024 21:13]"}
{"level":"info","message":"ruta: /st/stenvio/buscar/tipCambio - ::1 - [12-02-2024 21:13]"}
{"level":"info","message":"ruta: /st/stenvio/list/detalle - ::1 - [12-02-2024 21:13]"}
{"level":"info","message":"ruta: /st/stenvio/buscar/tipCambio - ::1 - [12-02-2024 21:13]"}
{"level":"info","message":"ruta: /st/stenvio/list/detalle - ::1 - [12-02-2024 21:13]"}
{"level":"info","message":"ruta: /st/stentsal/list/detalle - ::1 - [12-02-2024 21:13]"}
{"level":"info","message":"ruta: /st/stenvio/buscar/tipCambio - ::1 - [12-02-2024 21:13]"}
{"level":"info","message":"ruta: /st/stenvio/list/detalle - ::1 - [12-02-2024 21:13]"}
{"level":"info","message":"ruta: /st/stentsal/list/detalle - ::1 - [12-02-2024 21:13]"}
{"level":"info","message":"ruta: /st/stentsal/list/detalle - ::1 - [12-02-2024 21:15]"}
{"level":"info","message":"ruta: /st/stentsal/list/detalle - ::1 - [12-02-2024 21:15]"}
{"level":"info","message":"ruta: /st/stentsal/list/detalle - ::1 - [12-02-2024 21:15]"}
{"level":"info","message":"ruta: /st/stentsal/list/cabecera - ::1 - [12-02-2024 21:15]"}
{"level":"info","message":"ruta: /st/stentsal/list/postqueryCab - ::1 - [12-02-2024 21:15]"}
{"level":"info","message":"ruta: /st/stentsal/list/detalle - ::1 - [12-02-2024 21:15]"}
{"level":"info","message":"ruta: /st/stenvio/buscar/tipCambio - ::1 - [12-02-2024 21:15]"}
{"level":"info","message":"ruta: /st/stenvio/list/detalle - ::1 - [12-02-2024 21:15]"}
{"level":"info","message":"ruta: /st/stentsal/list/detalle - ::1 - [12-02-2024 21:15]"}
{"level":"info","message":"ruta: /st/stenvio/buscar/tipCambio - ::1 - [12-02-2024 21:15]"}
{"level":"info","message":"ruta: /st/stenvio/list/detalle - ::1 - [12-02-2024 21:15]"}
{"level":"info","message":"ruta: /st/stenvio/buscar/tipCambio - ::1 - [12-02-2024 21:16]"}
{"level":"info","message":"ruta: /st/stenvio/list/detalle - ::1 - [12-02-2024 21:16]"}
{"level":"info","message":"ruta: /st/stentsal/list/detalle - ::1 - [12-02-2024 21:16]"}
{"level":"info","message":"ruta: /st/stenvio/buscar/tipCambio - ::1 - [12-02-2024 21:16]"}
{"level":"info","message":"ruta: /st/stenvio/list/detalle - ::1 - [12-02-2024 21:16]"}
{"level":"info","message":"ruta: /st/stentsal/list/detalle - ::1 - [12-02-2024 21:16]"}
{"level":"info","message":"ruta: /st/stenvio/buscar/tipCambio - ::1 - [12-02-2024 21:16]"}
{"level":"info","message":"ruta: /st/stenvio/list/detalle - ::1 - [12-02-2024 21:16]"}
{"level":"info","message":"ruta: /st/stentsal/list/detalle - ::1 - [12-02-2024 21:16]"}
{"level":"info","message":"ruta: /st/stenvio/buscar/tipCambio - ::1 - [12-02-2024 21:16]"}
{"level":"info","message":"ruta: /st/stenvio/list/detalle - ::1 - [12-02-2024 21:16]"}
{"level":"info","message":"ruta: /st/stenvio/buscar/tipCambio - ::1 - [12-02-2024 21:18]"}
{"level":"info","message":"ruta: /st/stenvio/list/detalle - ::1 - [12-02-2024 21:18]"}
{"level":"info","message":"ruta: /st/stenvio/buscar/tipCambio - ::1 - [12-02-2024 21:19]"}
{"level":"info","message":"ruta: /st/stenvio/list/detalle - ::1 - [12-02-2024 21:19]"}
{"level":"info","message":"ruta: /st/stentsal/list/detalle - ::1 - [12-02-2024 21:19]"}
{"level":"info","message":"ruta: /st/stenvio/buscar/tipCambio - ::1 - [12-02-2024 21:19]"}
{"level":"info","message":"ruta: /st/stenvio/list/detalle - ::1 - [12-02-2024 21:19]"}
{"level":"info","message":"ruta: /st/stentsal/list/detalle - ::1 - [12-02-2024 21:19]"}
{"level":"info","message":"ruta: /st/stenvio/buscar/tipCambio - ::1 - [12-02-2024 21:19]"}
{"level":"info","message":"ruta: /st/stenvio/list/detalle - ::1 - [12-02-2024 21:19]"}
{"level":"info","message":"ruta: /st/stentsal/list/detalle - ::1 - [12-02-2024 21:19]"}
{"level":"info","message":"ruta: /st/stenvio/buscar/tipCambio - ::1 - [12-02-2024 21:19]"}
{"level":"info","message":"ruta: /st/stenvio/list/detalle - ::1 - [12-02-2024 21:19]"}
{"level":"info","message":"ruta: /st/stentsal/list/detalle - ::1 - [12-02-2024 21:19]"}
{"level":"info","message":"ruta: /st/stenvio/buscar/tipCambio - ::1 - [12-02-2024 21:19]"}
{"level":"info","message":"ruta: /st/stenvio/list/detalle - ::1 - [12-02-2024 21:19]"}
{"level":"info","message":"ruta: /st/stentsal/list/detalle - ::1 - [12-02-2024 21:19]"}
{"level":"info","message":"ruta: /st/stenvio/buscar/tipCambio - ::1 - [12-02-2024 21:19]"}
{"level":"info","message":"ruta: /st/stenvio/list/detalle - ::1 - [12-02-2024 21:19]"}
{"level":"info","message":"ruta: /st/stentsal/list/detalle - ::1 - [12-02-2024 21:19]"}
{"level":"info","message":"ruta: /st/stenvio/buscar/tipCambio - ::1 - [12-02-2024 21:19]"}
{"level":"info","message":"ruta: /st/stenvio/list/detalle - ::1 - [12-02-2024 21:19]"}
{"level":"info","message":"ruta: /st/stenvio/buscar/tipCambio - ::1 - [12-02-2024 21:19]"}
{"level":"info","message":"ruta: /st/stenvio/list/detalle - ::1 - [12-02-2024 21:19]"}
{"level":"info","message":"ruta: /st/stenvio/list/cabecera - ::1 - [12-02-2024 21:19]"}
{"level":"info","message":"ruta: /st/stenvio/list/detalle - ::1 - [12-02-2024 21:19]"}
{"level":"info","message":"ruta: /st/stenvio/buscar/tipCambio - ::1 - [12-02-2024 21:22]"}
{"level":"info","message":"ruta: /st/stenvio/list/detalle - ::1 - [12-02-2024 21:22]"}
{"level":"info","message":"ruta: /st/stenvio/buscar/tipCambio - ::1 - [12-02-2024 21:22]"}
{"level":"info","message":"ruta: /st/stenvio/list/detalle - ::1 - [12-02-2024 21:22]"}
{"level":"info","message":"ruta: /st/stenvio/buscar/tipCambio - ::1 - [12-02-2024 21:22]"}
{"level":"info","message":"ruta: /st/stenvio/list/detalle - ::1 - [12-02-2024 21:22]"}
{"level":"info","message":"ruta: /st/stenvio/buscar/tipCambio - ::1 - [12-02-2024 21:22]"}
{"level":"info","message":"ruta: /st/stenvio/list/detalle - ::1 - [12-02-2024 21:22]"}
{"level":"info","message":"ruta: /st/stenvio/list/cabecera - ::1 - [12-02-2024 21:22]"}
{"level":"info","message":"ruta: /st/stenvio/list/detalle - ::1 - [12-02-2024 21:22]"}
{"level":"info","message":"ruta: /st/stenvio/buscar/tipCambio - ::1 - [12-02-2024 21:22]"}
{"level":"info","message":"ruta: /st/stenvio/list/detalle - ::1 - [12-02-2024 21:22]"}
{"level":"info","message":"ruta: /st/stenvio/list/cabecera - ::1 - [12-02-2024 21:22]"}
{"level":"info","message":"ruta: /st/stenvio/list/detalle - ::1 - [12-02-2024 21:22]"}
{"level":"info","message":"ruta: /st/stentsal/list/detalle - ::1 - [12-02-2024 21:22]"}
{"level":"info","message":"ruta: /st/stentsal/list/detalle - ::1 - [12-02-2024 21:22]"}
{"level":"info","message":"ruta: /st/stentsal/list/cabecera - ::1 - [12-02-2024 21:22]"}
{"level":"info","message":"ruta: /st/stentsal/list/postqueryCab - ::1 - [12-02-2024 21:22]"}
{"level":"info","message":"ruta: /st/stentsal/list/detalle - ::1 - [12-02-2024 21:22]"}
{"level":"info","message":"ruta: /st/stentsal/list/detalle - ::1 - [12-02-2024 21:22]"}
{"level":"info","message":"ruta: /st/stentsal/list/detalle - ::1 - [12-02-2024 21:23]"}
{"level":"info","message":"ruta: /st/stentsal/list/detalle - ::1 - [12-02-2024 21:24]"}
{"level":"info","message":"ruta: /st/stentsal/list/detalle - ::1 - [12-02-2024 21:24]"}
{"level":"info","message":"ruta: /st/stentsal/list/detalle - ::1 - [12-02-2024 21:24]"}
{"level":"info","message":"ruta: /st/stentsal/list/cabecera - ::1 - [12-02-2024 21:24]"}
{"level":"info","message":"ruta: /st/stentsal/list/postqueryCab - ::1 - [12-02-2024 21:24]"}
{"level":"info","message":"ruta: /st/stentsal/list/detalle - ::1 - [12-02-2024 21:24]"}
{"level":"info","message":"ruta: /st/stentsal/list/detalle - ::1 - [12-02-2024 21:24]"}
{"level":"info","message":"ruta: /st/stentsal/list/cabecera - ::1 - [12-02-2024 21:24]"}
{"level":"info","message":"ruta: /st/stentsal/list/postqueryCab - ::1 - [12-02-2024 21:24]"}
{"level":"info","message":"ruta: /st/stentsal/list/detalle - ::1 - [12-02-2024 21:24]"}
{"level":"info","message":"ruta: /st/stentsal/list/detalle - ::1 - [12-02-2024 21:24]"}
{"level":"info","message":"ruta: /st/stentsal/list/cabecera - ::1 - [12-02-2024 21:24]"}
{"level":"info","message":"ruta: /st/stentsal/list/postqueryCab - ::1 - [12-02-2024 21:24]"}
{"level":"info","message":"ruta: /st/stentsal/list/detalle - ::1 - [12-02-2024 21:24]"}
{"level":"info","message":"ruta: /st/stenvio/buscar/tipCambio - ::1 - [12-02-2024 21:25]"}
{"level":"info","message":"ruta: /st/stenvio/list/detalle - ::1 - [12-02-2024 21:25]"}
{"level":"info","message":"ruta: /st/stentsal/list/detalle - ::1 - [12-02-2024 21:25]"}
{"level":"info","message":"ruta: /st/stentsal/list/detalle - ::1 - [12-02-2024 21:25]"}
{"level":"info","message":"ruta: /st/stentsal/list/cabecera - ::1 - [12-02-2024 21:25]"}
{"level":"info","message":"ruta: /st/stentsal/list/postqueryCab - ::1 - [12-02-2024 21:25]"}
{"level":"info","message":"ruta: /st/stentsal/list/detalle - ::1 - [12-02-2024 21:25]"}
{"level":"info","message":"ruta: /st/stenvio/buscar/tipCambio - ::1 - [12-02-2024 21:25]"}
{"level":"info","message":"ruta: /st/stenvio/list/detalle - ::1 - [12-02-2024 21:25]"}
{"level":"info","message":"ruta: /st/stenvio/buscar/tipCambio - ::1 - [12-02-2024 21:25]"}
{"level":"info","message":"ruta: /st/stenvio/list/detalle - ::1 - [12-02-2024 21:25]"}
{"level":"info","message":"ruta: /st/stenvio/list/cabecera - ::1 - [12-02-2024 21:25]"}
{"level":"info","message":"ruta: /st/stenvio/list/detalle - ::1 - [12-02-2024 21:25]"}
{"level":"info","message":"ruta: /st/stenvio/reporte/renvio - ::1 - [12-02-2024 21:25]"}
{"level":"info","message":"ruta: /st/stenvio/buscar/tipCambio - ::1 - [12-02-2024 21:25]"}
{"level":"info","message":"ruta: /st/stenvio/list/detalle - ::1 - [12-02-2024 21:25]"}
{"level":"info","message":"ruta: /st/stenvio/list/cabecera - ::1 - [12-02-2024 21:25]"}
{"level":"info","message":"ruta: /st/stenvio/list/detalle - ::1 - [12-02-2024 21:25]"}
{"level":"info","message":"ruta: /st/stenvio/list/detalle - ::1 - [12-02-2024 21:25]"}
{"level":"info","message":"ruta: /st/stenvio/reporte/renvio - ::1 - [12-02-2024 21:25]"}
{"level":"info","message":"ruta: /st/stenvio/list/detalle - ::1 - [12-02-2024 21:25]"}
{"level":"info","message":"ruta: /st/stentsal/list/detalle - ::1 - [12-02-2024 21:25]"}
{"level":"info","message":"ruta: /st/stentsal/list/detalle - ::1 - [12-02-2024 21:27]"}
{"level":"info","message":"ruta: /st/stentsal/list/detalle - ::1 - [12-02-2024 21:30]"}
{"level":"info","message":"ruta: /st/stentsal/list/cabecera - ::1 - [12-02-2024 21:30]"}
{"level":"info","message":"ruta: /st/stentsal/list/postqueryCab - ::1 - [12-02-2024 21:30]"}
{"level":"info","message":"ruta: /st/stentsal/list/detalle - ::1 - [12-02-2024 21:30]"}
{"level":"info","message":"ruta: /st/stenvio/buscar/tipCambio - ::1 - [12-02-2024 21:30]"}
{"level":"info","message":"ruta: /st/stenvio/list/detalle - ::1 - [12-02-2024 21:30]"}
{"level":"info","message":"ruta: /st/stenvio/buscar/tipCambio - ::1 - [12-02-2024 21:30]"}
{"level":"info","message":"ruta: /st/stenvio/list/detalle - ::1 - [12-02-2024 21:30]"}
{"level":"info","message":"ruta: /st/stenvio/list/cabecera - ::1 - [12-02-2024 21:30]"}
{"level":"info","message":"ruta: /st/stenvio/list/detalle - ::1 - [12-02-2024 21:30]"}
{"level":"info","message":"ruta: /st/stenvio/reporte/renvio - ::1 - [12-02-2024 21:30]"}
{"level":"info","message":"ruta: /st/stenvio/buscar/tipCambio - ::1 - [12-02-2024 21:30]"}
{"level":"info","message":"ruta: /st/stenvio/list/detalle - ::1 - [12-02-2024 21:30]"}
{"level":"info","message":"ruta: /st/stenvio/buscar/tipCambio - ::1 - [12-02-2024 21:31]"}
{"level":"info","message":"ruta: /st/stenvio/list/detalle - ::1 - [12-02-2024 21:31]"}
{"level":"info","message":"ruta: /st/stenvio/buscar/tipCambio - ::1 - [12-02-2024 21:32]"}
{"level":"info","message":"ruta: /st/stenvio/list/detalle - ::1 - [12-02-2024 21:32]"}
{"level":"info","message":"ruta: /st/stenvio/buscar/tipCambio - ::1 - [12-02-2024 21:32]"}
{"level":"info","message":"ruta: /st/stenvio/list/detalle - ::1 - [12-02-2024 21:32]"}
{"level":"info","message":"ruta: /st/stenvio/buscar/tipCambio - ::1 - [12-02-2024 21:34]"}
{"level":"info","message":"ruta: /st/stenvio/list/detalle - ::1 - [12-02-2024 21:34]"}
{"level":"info","message":"ruta: /st/stenvio/buscar/tipCambio - ::1 - [12-02-2024 21:34]"}
{"level":"info","message":"ruta: /st/stenvio/list/detalle - ::1 - [12-02-2024 21:34]"}
{"level":"info","message":"ruta: /st/stenvio/buscar/tipCambio - ::1 - [12-02-2024 21:35]"}
{"level":"info","message":"ruta: /st/stenvio/list/detalle - ::1 - [12-02-2024 21:36]"}
{"level":"info","message":"ruta: /st/stenvio/buscar/tipCambio - ::1 - [12-02-2024 21:37]"}
{"level":"info","message":"ruta: /st/stenvio/list/detalle - ::1 - [12-02-2024 21:37]"}
{"level":"info","message":"ruta: /st/stenvio/buscar/tipCambio - ::1 - [12-02-2024 21:38]"}
{"level":"info","message":"ruta: /st/stenvio/list/detalle - ::1 - [12-02-2024 21:38]"}
{"level":"info","message":"ruta: /st/stenvio/buscar/tipCambio - ::1 - [12-02-2024 21:39]"}
{"level":"info","message":"ruta: /st/stenvio/list/detalle - ::1 - [12-02-2024 21:39]"}
{"level":"info","message":"ruta: /st/stenvio/buscar/tipCambio - ::1 - [12-02-2024 21:40]"}
{"level":"info","message":"ruta: /st/stenvio/list/detalle - ::1 - [12-02-2024 21:40]"}
{"level":"info","message":"ruta: /st/stenvio/buscar/tipCambio - ::1 - [12-02-2024 21:41]"}
{"level":"info","message":"ruta: /st/stenvio/list/detalle - ::1 - [12-02-2024 21:41]"}
{"level":"info","message":"ruta: /st/stenvio/buscar/tipCambio - ::1 - [12-02-2024 21:42]"}
{"level":"info","message":"ruta: /st/stenvio/list/detalle - ::1 - [12-02-2024 21:42]"}
{"level":"info","message":"ruta: /st/stenvio/buscar/tipCambio - ::1 - [12-02-2024 21:43]"}
{"level":"info","message":"ruta: /st/stenvio/list/detalle - ::1 - [12-02-2024 21:43]"}
{"level":"info","message":"ruta: /st/stenvio/buscar/tipCambio - ::1 - [12-02-2024 21:44]"}
{"level":"info","message":"ruta: /st/stenvio/list/detalle - ::1 - [12-02-2024 21:44]"}
