{"level":"info","message":"ruta: /cm/cmprovec/list/proveedor - ::1 - [31-03-2024 10:19]"}
{"level":"info","message":"ruta: /cm/cmprovec/buscar/modificaDiaAnt - ::1 - [31-03-2024 10:19]"}
{"level":"info","message":"ruta: /cm/cmfactur/preform - ::1 - [31-03-2024 10:19]"}
{"level":"info","message":"ruta: /cm/cmfactur/list/detalle - ::1 - [31-03-2024 10:19]"}
{"level":"info","message":"ruta: /cm/cmcoffac/list/cabecera - ::1 - [31-03-2024 10:19]"}
{"level":"info","message":"ruta: /cm/cmcoffac/valida/facturado - ::1 - [31-03-2024 10:19]"}
{"level":"info","message":"ruta: /cm/cmcoffac/valida/facturado - ::1 - [31-03-2024 10:19]"}
{"level":"info","message":"ruta: /cm/cmcoffac/valida/facturado - ::1 - [31-03-2024 10:19]"}
{"level":"info","message":"ruta: /cm/cmcoffac/valida/facturado - ::1 - [31-03-2024 10:19]"}
{"level":"info","message":"ruta: /cm/cmfactur/list/cabecera - ::1 - [31-03-2024 10:19]"}
{"level":"info","message":"ruta: /cm/cmfactur/list/detalle - ::1 - [31-03-2024 10:19]"}
{"level":"info","message":"ruta: /cm/cmcoffac/list/cabecera - ::1 - [31-03-2024 10:19]"}
{"level":"info","message":"ruta: /cm/cmcoffac/reporte/rcmcoffac - ::1 - [31-03-2024 10:19]"}
{"level":"info","message":"ruta: /cm/cmfactur/list/cabecera - ::1 - [31-03-2024 10:19]"}
{"level":"info","message":"ruta: /cm/cmfactur/list/detalle - ::1 - [31-03-2024 10:19]"}
{"level":"info","message":"ruta: /cm/cmcoffac/list/cabecera - ::1 - [31-03-2024 10:19]"}
{"level":"info","message":"ruta: /cm/cmfactur/list/cabecera - ::1 - [31-03-2024 10:19]"}
{"level":"info","message":"ruta: /cm/cmfactur/list/detalle - ::1 - [31-03-2024 10:19]"}
{"level":"info","message":"ruta: /cm/cmcoffac/list/cabecera - ::1 - [31-03-2024 10:19]"}
{"level":"info","message":"ruta: /cm/cmfactur/list/cabecera - ::1 - [31-03-2024 10:19]"}
{"level":"info","message":"ruta: /cm/cmfactur/list/detalle - ::1 - [31-03-2024 10:19]"}
{"level":"info","message":"ruta: /cm/cmcoffac/list/cabecera - ::1 - [31-03-2024 10:19]"}
{"level":"info","message":"ruta: /cm/cmcoffac/list/cabecera - ::1 - [31-03-2024 10:22]"}
{"level":"info","message":"ruta: /cm/cmcoffac/list/cabecera - ::1 - [31-03-2024 10:22]"}
{"level":"info","message":"ruta: /cm/cmcoffac/list/cabecera - ::1 - [31-03-2024 10:27]"}
{"level":"info","message":"ruta: /cm/cmcoffac/list/cabecera - ::1 - [31-03-2024 10:29]"}
{"level":"info","message":"ruta: /cm/cmcoffac/list/cabecera - ::1 - [31-03-2024 10:29]"}
{"level":"info","message":"ruta: /cm/cmcoffac/list/cabecera - ::1 - [31-03-2024 10:29]"}
{"level":"info","message":"ruta: /cm/cmcoffac/list/cabecera - ::1 - [31-03-2024 10:30]"}
{"level":"info","message":"ruta: /cm/cmcoffac/list/cabecera - ::1 - [31-03-2024 10:30]"}
{"level":"info","message":"ruta: /cm/cmcoffac/list/cabecera - ::1 - [31-03-2024 10:31]"}
{"level":"info","message":"ruta: /cm/cmcoffac/list/cabecera - ::1 - [31-03-2024 10:31]"}
{"level":"info","message":"ruta: /cm/cmcoffac/list/cabecera - ::1 - [31-03-2024 10:31]"}
{"level":"info","message":"ruta: /cm/cmcoffac/list/cabecera - ::1 - [31-03-2024 10:31]"}
{"level":"info","message":"ruta: /cm/cmcoffac/list/cabecera - ::1 - [31-03-2024 10:32]"}
{"level":"info","message":"ruta: /cm/cmcoffac/list/cabecera - ::1 - [31-03-2024 10:32]"}
{"level":"info","message":"ruta: /cm/cmcoffac/list/cabecera - ::1 - [31-03-2024 10:32]"}
{"level":"info","message":"ruta: /cm/cmcoffac/list/cabecera - ::1 - [31-03-2024 10:33]"}
{"level":"info","message":"ruta: /cm/cmcoffac/list/cabecera - ::1 - [31-03-2024 10:33]"}
{"level":"info","message":"ruta: /cm/cmcoffac/list/cabecera - ::1 - [31-03-2024 10:34]"}
{"level":"info","message":"ruta: /cm/cmcoffac/list/cabecera - ::1 - [31-03-2024 10:36]"}
{"level":"info","message":"ruta: /cm/cmcoffac/list/cabecera - ::1 - [31-03-2024 10:36]"}
{"level":"info","message":"ruta: /cm/cmcoffac/list/cabecera - ::1 - [31-03-2024 10:37]"}
{"level":"info","message":"ruta: /cm/cmcoffac/list/cabecera - ::1 - [31-03-2024 10:37]"}
{"level":"info","message":"ruta: /cm/cmcoffac/list/cabecera - ::1 - [31-03-2024 10:37]"}
{"level":"info","message":"ruta: /cm/cmcoffac/list/cabecera - ::1 - [31-03-2024 10:37]"}
{"level":"info","message":"ruta: /cm/cmcoffac/list/cabecera - ::1 - [31-03-2024 10:38]"}
{"level":"info","message":"ruta: /cm/cmcoffac/list/cabecera - ::1 - [31-03-2024 10:39]"}
{"level":"info","message":"ruta: /cm/cmcoffac/list/cabecera - ::1 - [31-03-2024 10:39]"}
{"level":"info","message":"ruta: /cm/cmcoffac/list/cabecera - ::1 - [31-03-2024 10:40]"}
{"level":"info","message":"ruta: /cm/cmcoffac/list/cabecera - ::1 - [31-03-2024 10:40]"}
{"level":"info","message":"ruta: /cm/cmcoffac/list/cabecera - ::1 - [31-03-2024 10:40]"}
{"level":"info","message":"ruta: /cm/cmcoffac/list/cabecera - ::1 - [31-03-2024 10:40]"}
{"level":"info","message":"ruta: /cm/cmcoffac/list/cabecera - ::1 - [31-03-2024 10:40]"}
{"level":"info","message":"ruta: /cm/cmcoffac/list/cabecera - ::1 - [31-03-2024 10:41]"}
{"level":"info","message":"ruta: /cm/cmcoffac/list/cabecera - ::1 - [31-03-2024 10:41]"}
{"level":"info","message":"ruta: /cm/cmcoffac/list/cabecera - ::1 - [31-03-2024 10:41]"}
{"level":"info","message":"ruta: /cm/cmcoffac/list/cabecera - ::1 - [31-03-2024 10:41]"}
{"level":"info","message":"ruta: /cm/cmcoffac/list/cabecera - ::1 - [31-03-2024 10:41]"}
{"level":"info","message":"ruta: /cm/cmcoffac/list/cabecera - ::1 - [31-03-2024 10:42]"}
{"level":"info","message":"ruta: /cm/cmcoffac/list/cabecera - ::1 - [31-03-2024 10:42]"}
{"level":"info","message":"ruta: /cm/cmcoffac/list/cabecera - ::1 - [31-03-2024 10:42]"}
{"level":"info","message":"ruta: /cm/cmcoffac/list/cabecera - ::1 - [31-03-2024 10:43]"}
{"level":"info","message":"ruta: /cm/cmcoffac/list/cabecera - ::1 - [31-03-2024 10:43]"}
{"level":"info","message":"ruta: /cm/cmcoffac/list/cabecera - ::1 - [31-03-2024 10:43]"}
{"level":"info","message":"ruta: /cm/cmcoffac/list/cabecera - ::1 - [31-03-2024 10:43]"}
{"level":"info","message":"ruta: /cm/cmcoffac/list/cabecera - ::1 - [31-03-2024 10:43]"}
{"level":"info","message":"ruta: /cm/cmcoffac/list/cabecera - ::1 - [31-03-2024 10:44]"}
{"level":"info","message":"ruta: /cm/cmcoffac/list/cabecera - ::1 - [31-03-2024 10:44]"}
{"level":"info","message":"ruta: /cm/cmcoffac/list/cabecera - ::1 - [31-03-2024 10:45]"}
{"level":"info","message":"ruta: /cm/cmcoffac/list/cabecera - ::1 - [31-03-2024 10:46]"}
{"level":"info","message":"ruta: /cm/cmcoffac/list/cabecera - ::1 - [31-03-2024 10:48]"}
{"level":"info","message":"ruta: /cm/cmcoffac/list/cabecera - ::1 - [31-03-2024 10:48]"}
{"level":"info","message":"ruta: /cm/cmcoffac/list/cabecera - ::1 - [31-03-2024 10:48]"}
{"level":"info","message":"ruta: /cm/cmcoffac/list/cabecera - ::1 - [31-03-2024 10:48]"}
{"level":"info","message":"ruta: /cm/cmcoffac/list/cabecera - ::1 - [31-03-2024 10:49]"}
{"level":"info","message":"ruta: /cm/cmcoffac/list/cabecera - ::1 - [31-03-2024 10:52]"}
{"level":"info","message":"ruta: /cm/cmcoffac/list/cabecera - ::1 - [31-03-2024 10:53]"}
{"level":"info","message":"ruta: /cm/cmcoffac/list/cabecera - ::1 - [31-03-2024 10:53]"}
{"level":"info","message":"ruta: /cm/cmcoffac/list/cabecera - ::1 - [31-03-2024 10:53]"}
{"level":"info","message":"ruta: /cm/cmcoffac/list/cabecera - ::1 - [31-03-2024 10:54]"}
{"level":"info","message":"ruta: /cm/cmcoffac/list/cabecera - ::1 - [31-03-2024 10:54]"}
{"level":"info","message":"ruta: /cm/cmcoffac/list/cabecera - ::1 - [31-03-2024 10:54]"}
{"level":"info","message":"ruta: /cm/cmcoffac/list/cabecera - ::1 - [31-03-2024 10:54]"}
{"level":"info","message":"ruta: /cm/cmcoffac/list/cabecera - ::1 - [31-03-2024 10:54]"}
{"level":"info","message":"ruta: /cm/cmcoffac/list/cabecera - ::1 - [31-03-2024 10:54]"}
{"level":"info","message":"ruta: /cm/cmcoffac/list/cabecera - ::1 - [31-03-2024 10:55]"}
{"level":"info","message":"ruta: /cm/cmcoffac/list/cabecera - ::1 - [31-03-2024 11:07]"}
{"level":"info","message":"ruta: /cm/cmcoffac/list/cabecera - ::1 - [31-03-2024 11:07]"}
{"level":"info","message":"ruta: /cm/cmcoffac/list/cabecera - ::1 - [31-03-2024 11:07]"}
{"level":"info","message":"ruta: /cm/cmcoffac/list/cabecera - ::1 - [31-03-2024 11:07]"}
{"level":"info","message":"ruta: /cm/cmcoffac/list/cabecera - ::1 - [31-03-2024 11:08]"}
{"level":"info","message":"ruta: /cm/cmcoffac/list/cabecera - ::1 - [31-03-2024 11:08]"}
{"level":"info","message":"ruta: /cm/cmcoffac/list/cabecera - ::1 - [31-03-2024 11:08]"}
{"level":"info","message":"ruta: /cm/cmcoffac/list/cabecera - ::1 - [31-03-2024 11:09]"}
{"level":"info","message":"ruta: /cm/cmcoffac/list/cabecera - ::1 - [31-03-2024 11:09]"}
{"level":"info","message":"ruta: /cm/cmcoffac/list/cabecera - ::1 - [31-03-2024 11:10]"}
{"level":"info","message":"ruta: /cm/cmcoffac/list/cabecera - ::1 - [31-03-2024 11:10]"}
{"level":"info","message":"ruta: /cm/cmcoffac/list/cabecera - ::1 - [31-03-2024 11:10]"}
{"level":"info","message":"ruta: /cm/cmcoffac/list/cabecera - ::1 - [31-03-2024 11:10]"}
{"level":"info","message":"ruta: /cm/cmcoffac/list/cabecera - ::1 - [31-03-2024 11:11]"}
{"level":"info","message":"ruta: /cm/cmcoffac/list/cabecera - ::1 - [31-03-2024 11:11]"}
{"level":"info","message":"ruta: /cm/cmcoffac/list/cabecera - ::1 - [31-03-2024 11:11]"}
{"level":"info","message":"ruta: /cm/cmcoffac/list/cabecera - ::1 - [31-03-2024 11:11]"}
{"level":"info","message":"ruta: /cm/cmcoffac/list/cabecera - ::1 - [31-03-2024 11:11]"}
{"level":"info","message":"ruta: /cm/cmcoffac/list/cabecera - ::1 - [31-03-2024 11:11]"}
{"level":"info","message":"ruta: /cm/cmcoffac/list/cabecera - ::1 - [31-03-2024 11:11]"}
{"level":"info","message":"ruta: /cm/cmcoffac/list/cabecera - ::1 - [31-03-2024 11:11]"}
{"level":"info","message":"ruta: /cm/cmcoffac/list/cabecera - ::1 - [31-03-2024 11:11]"}
{"level":"info","message":"ruta: /cm/cmcoffac/list/cabecera - ::1 - [31-03-2024 11:11]"}
{"level":"info","message":"ruta: /cm/cmcoffac/list/cabecera - ::1 - [31-03-2024 11:11]"}
{"level":"info","message":"ruta: /cm/cmcoffac/list/cabecera - ::1 - [31-03-2024 11:11]"}
{"level":"info","message":"ruta: /cm/cmcoffac/list/cabecera - ::1 - [31-03-2024 11:12]"}
{"level":"info","message":"ruta: /cm/cmcoffac/list/cabecera - ::1 - [31-03-2024 11:12]"}
{"level":"info","message":"ruta: /cm/cmcoffac/list/cabecera - ::1 - [31-03-2024 11:12]"}
{"level":"info","message":"ruta: /cm/cmcoffac/list/cabecera - ::1 - [31-03-2024 11:13]"}
{"level":"info","message":"ruta: /cm/cmcoffac/list/cabecera - ::1 - [31-03-2024 11:13]"}
{"level":"info","message":"ruta: /cm/cmcoffac/list/cabecera - ::1 - [31-03-2024 11:13]"}
{"level":"info","message":"ruta: /cm/cmcoffac/list/cabecera - ::1 - [31-03-2024 11:13]"}
{"level":"info","message":"ruta: /cm/cmcoffac/list/cabecera - ::1 - [31-03-2024 11:14]"}
{"level":"info","message":"ruta: /cm/cmcoffac/list/cabecera - ::1 - [31-03-2024 11:14]"}
{"level":"info","message":"ruta: /cm/cmcoffac/list/cabecera - ::1 - [31-03-2024 11:15]"}
{"level":"info","message":"ruta: /cm/cmcoffac/list/cabecera - ::1 - [31-03-2024 11:15]"}
{"level":"info","message":"ruta: /cm/cmcoffac/list/cabecera - ::1 - [31-03-2024 11:16]"}
{"level":"info","message":"ruta: /cm/cmcoffac/list/cabecera - ::1 - [31-03-2024 11:16]"}
{"level":"info","message":"ruta: /cm/cmcoffac/list/cabecera - ::1 - [31-03-2024 11:16]"}
{"level":"info","message":"ruta: /cm/cmcoffac/list/cabecera - ::1 - [31-03-2024 11:16]"}
{"level":"info","message":"ruta: /cm/cmcoffac/list/cabecera - ::1 - [31-03-2024 11:16]"}
{"level":"info","message":"ruta: /cm/cmcoffac/list/cabecera - ::1 - [31-03-2024 11:16]"}
{"level":"info","message":"ruta: /cm/cmcoffac/list/cabecera - ::1 - [31-03-2024 11:16]"}
{"level":"info","message":"ruta: /cm/cmcoffac/list/cabecera - ::1 - [31-03-2024 11:16]"}
{"level":"info","message":"ruta: /cm/cmcoffac/list/cabecera - ::1 - [31-03-2024 11:17]"}
{"level":"info","message":"ruta: /cm/cmcoffac/list/cabecera - ::1 - [31-03-2024 11:17]"}
{"level":"info","message":"ruta: /cm/cmcoffac/list/cabecera - ::1 - [31-03-2024 11:17]"}
{"level":"info","message":"ruta: /cm/cmcoffac/list/cabecera - ::1 - [31-03-2024 11:17]"}
{"level":"info","message":"ruta: /cm/cmcoffac/list/cabecera - ::1 - [31-03-2024 11:18]"}
{"level":"info","message":"ruta: /cm/cmcoffac/list/cabecera - ::1 - [31-03-2024 11:18]"}
{"level":"info","message":"ruta: /cm/cmcoffac/list/cabecera - ::1 - [31-03-2024 11:18]"}
{"level":"info","message":"ruta: /cm/cmcoffac/list/cabecera - ::1 - [31-03-2024 11:18]"}
{"level":"info","message":"ruta: /cm/cmcoffac/list/cabecera - ::1 - [31-03-2024 11:18]"}
{"level":"info","message":"ruta: /cm/cmcoffac/list/cabecera - ::1 - [31-03-2024 11:18]"}
{"level":"info","message":"ruta: /cm/cmcoffac/list/cabecera - ::1 - [31-03-2024 11:19]"}
{"level":"info","message":"ruta: /cm/cmcoffac/list/cabecera - ::1 - [31-03-2024 11:19]"}
{"level":"info","message":"ruta: /cm/cmcoffac/list/cabecera - ::1 - [31-03-2024 11:19]"}
{"level":"info","message":"ruta: /cm/cmcoffac/list/cabecera - ::1 - [31-03-2024 11:19]"}
{"level":"info","message":"ruta: /cm/cmcoffac/list/cabecera - ::1 - [31-03-2024 11:19]"}
{"level":"info","message":"ruta: /cm/cmcoffac/list/cabecera - ::1 - [31-03-2024 11:19]"}
{"level":"info","message":"ruta: /cm/cmcoffac/list/cabecera - ::1 - [31-03-2024 11:19]"}
{"level":"info","message":"ruta: /cm/cmcoffac/list/cabecera - ::1 - [31-03-2024 11:20]"}
{"level":"info","message":"ruta: /cm/cmcoffac/list/cabecera - ::1 - [31-03-2024 11:20]"}
{"level":"info","message":"ruta: /cm/cmcoffac/list/cabecera - ::1 - [31-03-2024 11:20]"}
{"level":"info","message":"ruta: /cm/cmcoffac/list/cabecera - ::1 - [31-03-2024 11:20]"}
{"level":"info","message":"ruta: /cm/cmcoffac/list/cabecera - ::1 - [31-03-2024 11:21]"}
{"level":"info","message":"ruta: /cm/cmcoffac/list/cabecera - ::1 - [31-03-2024 11:21]"}
{"level":"info","message":"ruta: /cm/cmcoffac/list/cabecera - ::1 - [31-03-2024 11:21]"}
{"level":"info","message":"ruta: /cm/cmcoffac/list/cabecera - ::1 - [31-03-2024 11:21]"}
{"level":"info","message":"ruta: /cm/cmcoffac/list/cabecera - ::1 - [31-03-2024 11:21]"}
{"level":"info","message":"ruta: /cm/cmcoffac/list/cabecera - ::1 - [31-03-2024 11:21]"}
{"level":"info","message":"ruta: /cm/cmcoffac/list/cabecera - ::1 - [31-03-2024 11:21]"}
{"level":"info","message":"ruta: /cm/cmcoffac/list/cabecera - ::1 - [31-03-2024 11:22]"}
{"level":"info","message":"ruta: /cm/cmfactur/preform - ::1 - [31-03-2024 11:23]"}
{"level":"info","message":"ruta: /cm/cmfactur/list/detalle - ::1 - [31-03-2024 11:23]"}
{"level":"info","message":"ruta: /cm/cmfactur/valida/sucursal - ::1 - [31-03-2024 11:23]"}
{"level":"info","message":"ruta: /cm/cmfactur/valida/nro_comprb - ::1 - [31-03-2024 11:23]"}
{"level":"info","message":"ruta: /cm/cmfactur/valida/proveedor - ::1 - [31-03-2024 11:23]"}
{"level":"info","message":"ruta: /cm/cmfactur/valida/condcompra - ::1 - [31-03-2024 11:23]"}
{"level":"info","message":"ruta: /cm/cmfactur/valida/condmoneda - ::1 - [31-03-2024 11:23]"}
{"level":"info","message":"ruta: /cm/cmfactur/valida/condmoneda - ::1 - [31-03-2024 11:23]"}
{"level":"info","message":"ruta: /cm/cmfactur/valida/deposito - ::1 - [31-03-2024 11:23]"}
{"level":"info","message":"ruta: /cm/cmfactur/valida/deposito - ::1 - [31-03-2024 11:23]"}
{"level":"info","message":"ruta: /cm/cmfactur/valida/condcompra - ::1 - [31-03-2024 11:23]"}
{"level":"info","message":"ruta: /cm/cmfactur/valida/condcompra - ::1 - [31-03-2024 11:23]"}
{"level":"info","message":"ruta: /cm/cmfactur/buscar/condCompra - ::1 - [31-03-2024 11:23]"}
{"level":"info","message":"ruta: /cm/cmfactur/valida/condcompra - ::1 - [31-03-2024 11:23]"}
{"level":"info","message":"ruta: /cm/cmfactur/valida/condmoneda - ::1 - [31-03-2024 11:23]"}
{"level":"info","message":"ruta: /cm/cmfactur/valida/deposito - ::1 - [31-03-2024 11:23]"}
{"level":"info","message":"ruta: /cm/cmfactur/valida/referencia - ::1 - [31-03-2024 11:23]"}
{"level":"info","message":"ruta: /cm/cmfactur/valida/articulo - ::1 - [31-03-2024 11:23]"}
{"level":"info","message":"ruta: /cm/cmfactur/valida/unidadMedida - ::1 - [31-03-2024 11:23]"}
{"level":"info","message":"ruta: /cm/cmfactur/cab/1/A/FAC - ::1 - [31-03-2024 11:24]"}
{"level":"info","message":"ruta: /cm/cmfactur/det/1/A/FAC/9 - ::1 - [31-03-2024 11:24]"}
{"level":"info","message":"ruta: /cm/cmfactur - ::1 - [31-03-2024 11:24]"}
{"level":"info","message":"ruta: /cm/cmfactur/cab/1/A/FAC - ::1 - [31-03-2024 11:24]"}
{"level":"info","message":"ruta: /cm/cmfactur/det/1/A/FAC/9 - ::1 - [31-03-2024 11:24]"}
{"level":"info","message":"ruta: /cm/cmfactur - ::1 - [31-03-2024 11:24]"}
{"level":"info","message":"ruta: /cm/cmfactur/cab/1/A/FAC - ::1 - [31-03-2024 11:24]"}
{"level":"info","message":"ruta: /cm/cmfactur/det/1/A/FAC/9 - ::1 - [31-03-2024 11:24]"}
{"level":"info","message":"ruta: /cm/cmfactur - ::1 - [31-03-2024 11:24]"}
{"level":"info","message":"ruta: /cm/cmfactur/buscar/condmoneda - ::1 - [31-03-2024 11:25]"}
{"level":"info","message":"ruta: /cm/cmfactur/valida/condmoneda - ::1 - [31-03-2024 11:25]"}
{"level":"info","message":"ruta: /cm/cmfactur/valida/condcompra - ::1 - [31-03-2024 11:25]"}
{"level":"info","message":"ruta: /cm/cmfactur/valida/condmoneda - ::1 - [31-03-2024 11:25]"}
{"level":"info","message":"ruta: /cm/cmfactur/valida/condmoneda - ::1 - [31-03-2024 11:28]"}
{"level":"info","message":"ruta: /cm/cmfactur/valida/condmoneda - ::1 - [31-03-2024 11:29]"}
{"level":"info","message":"ruta: /cm/cmfactur/buscar/condmoneda - ::1 - [31-03-2024 11:29]"}
{"level":"info","message":"ruta: /cm/cmfactur/buscar/condmoneda - ::1 - [31-03-2024 11:29]"}
{"level":"info","message":"ruta: /cm/cmfactur/cab/1/A/FAC - ::1 - [31-03-2024 11:30]"}
{"level":"info","message":"ruta: /cm/cmfactur/det/1/A/FAC/9 - ::1 - [31-03-2024 11:30]"}
{"level":"info","message":"ruta: /cm/cmfactur - ::1 - [31-03-2024 11:30]"}
{"level":"info","message":"ruta: /cm/cmfactur/valida/articulo - ::1 - [31-03-2024 11:30]"}
{"level":"info","message":"ruta: /cm/cmfactur/valida/unidadMedida - ::1 - [31-03-2024 11:31]"}
{"level":"info","message":"ruta: /cm/cmfactur/valida/unidadMedida - ::1 - [31-03-2024 11:33]"}
{"level":"info","message":"ruta: /cm/cmfactur/cab/1/A/FAC - ::1 - [31-03-2024 11:33]"}
{"level":"info","message":"ruta: /cm/cmfactur/det/1/A/FAC/9 - ::1 - [31-03-2024 11:33]"}
{"level":"info","message":"ruta: /cm/cmfactur - ::1 - [31-03-2024 11:33]"}
{"level":"info","message":"ruta: /cm/cmfactur/list/detalle - ::1 - [31-03-2024 11:33]"}
{"level":"info","message":"ruta: /cm/cmcoffac/list/cabecera - ::1 - [31-03-2024 11:34]"}
{"level":"info","message":"ruta: /cm/cmcoffac/list/cabecera - ::1 - [31-03-2024 11:34]"}
{"level":"info","message":"ruta: /cm/cmcoffac/list/cabecera - ::1 - [31-03-2024 11:34]"}
{"level":"info","message":"ruta: /cm/cmfactur/list/cabecera - ::1 - [31-03-2024 11:34]"}
{"level":"info","message":"ruta: /cm/cmfactur/list/detalle - ::1 - [31-03-2024 11:34]"}
{"level":"info","message":"ruta: /cm/cmcoffac/list/cabecera - ::1 - [31-03-2024 11:34]"}
{"level":"info","message":"ruta: /cm/cmcoffac/reporte/rcmcoffac - ::1 - [31-03-2024 11:34]"}
{"level":"info","message":"ruta: /cm/cmcoffac/valida/facturado - ::1 - [31-03-2024 11:34]"}
{"level":"info","message":"ruta: /cm/cmcoffac/valida/facturado - ::1 - [31-03-2024 11:34]"}
