{"level":"info","message":"ruta: /cm/cmfactur/preform - ::1 - [18-03-2024 20:00]"}
{"level":"info","message":"ruta: /cm/cmfactur/list/detalle - ::1 - [18-03-2024 20:00]"}
{"level":"info","message":"ruta: /cm/cmfactur/preform - ::1 - [18-03-2024 20:00]"}
{"level":"info","message":"ruta: /cm/cmfactur/list/detalle - ::1 - [18-03-2024 20:00]"}
{"level":"info","message":"ruta: /cm/cmfactur/valida/sucursal - ::1 - [18-03-2024 20:00]"}
{"level":"info","message":"ruta: /cm/cmfactur/valida/nro_comprb - ::1 - [18-03-2024 20:00]"}
{"level":"info","message":"ruta: /cm/cmfactur/valida/proveedor - ::1 - [18-03-2024 20:00]"}
{"level":"info","message":"ruta: /cm/cmfactur/valida/condcompra - ::1 - [18-03-2024 20:00]"}
{"level":"info","message":"ruta: /cm/cmfactur/valida/condmoneda - ::1 - [18-03-2024 20:00]"}
{"level":"info","message":"ruta: /cm/cmfactur/valida/deposito - ::1 - [18-03-2024 20:00]"}
{"level":"info","message":"ruta: /cm/cmfactur/valida/referencia - ::1 - [18-03-2024 20:00]"}
{"level":"info","message":"ruta: /cm/cmfactur/valida/articulo - ::1 - [18-03-2024 20:00]"}
{"level":"info","message":"ruta: /cm/cmfactur/valida/codProvRec - ::1 - [18-03-2024 20:00]"}
{"level":"info","message":"ruta: /cm/cmfactur/valida/unidadMedida - ::1 - [18-03-2024 20:00]"}
{"level":"info","message":"ruta: /cm/cmfactur/valida/referencia - ::1 - [18-03-2024 20:00]"}
{"level":"info","message":"ruta: /cm/cmfactur/1/A/FAC - ::1 - [18-03-2024 20:01]"}
{"level":"info","message":"ruta: /cm/cmfactur/1/A/FAC/5 - ::1 - [18-03-2024 20:01]"}
{"level":"info","message":"ruta: /cm/cmfactur/preform - ::1 - [18-03-2024 20:08]"}
{"level":"info","message":"ruta: /cm/cmfactur/list/detalle - ::1 - [18-03-2024 20:08]"}
{"level":"info","message":"ruta: /cm/cmfactur/preform - ::1 - [18-03-2024 20:09]"}
{"level":"info","message":"ruta: /cm/cmfactur/list/detalle - ::1 - [18-03-2024 20:09]"}
{"level":"info","message":"ruta: /cm/cmfactur/preform - ::1 - [18-03-2024 20:09]"}
{"level":"info","message":"ruta: /cm/cmfactur/list/detalle - ::1 - [18-03-2024 20:09]"}
{"level":"info","message":"ruta: /cm/cmfactur/preform - ::1 - [18-03-2024 20:09]"}
{"level":"info","message":"ruta: /cm/cmfactur/list/detalle - ::1 - [18-03-2024 20:09]"}
{"level":"info","message":"ruta: /cm/cmfactur/valida/sucursal - ::1 - [18-03-2024 20:09]"}
{"level":"info","message":"ruta: /cm/cmfactur/valida/nro_comprb - ::1 - [18-03-2024 20:09]"}
{"level":"info","message":"ruta: /cm/cmfactur/valida/nro_comprb - ::1 - [18-03-2024 20:09]"}
{"level":"info","message":"ruta: /cm/cmfactur/valida/nro_comprb - ::1 - [18-03-2024 20:09]"}
{"level":"info","message":"ruta: /cm/cmfactur/valida/proveedor - ::1 - [18-03-2024 20:09]"}
{"level":"info","message":"ruta: /cm/cmfactur/valida/proveedor - ::1 - [18-03-2024 20:09]"}
{"level":"info","message":"ruta: /cm/cmfactur/valida/proveedor - ::1 - [18-03-2024 20:09]"}
{"level":"info","message":"ruta: /cm/cmfactur/valida/condcompra - ::1 - [18-03-2024 20:09]"}
{"level":"info","message":"ruta: /cm/cmfactur/valida/condcompra - ::1 - [18-03-2024 20:09]"}
{"level":"info","message":"ruta: /cm/cmfactur/valida/condmoneda - ::1 - [18-03-2024 20:09]"}
{"level":"info","message":"ruta: /cm/cmfactur/valida/condmoneda - ::1 - [18-03-2024 20:09]"}
{"level":"info","message":"ruta: /cm/cmfactur/valida/deposito - ::1 - [18-03-2024 20:09]"}
{"level":"info","message":"ruta: /cm/cmfactur/valida/referencia - ::1 - [18-03-2024 20:09]"}
{"level":"info","message":"ruta: /cm/cmfactur/valida/articulo - ::1 - [18-03-2024 20:10]"}
{"level":"info","message":"ruta: /cm/cmfactur/valida/referencia - ::1 - [18-03-2024 20:10]"}
{"level":"info","message":"ruta: /cm/cmfactur/valida/referencia - ::1 - [18-03-2024 20:10]"}
{"level":"info","message":"ruta: /cm/cmfactur/valida/unidadMedida - ::1 - [18-03-2024 20:10]"}
{"level":"info","message":"ruta: /cm/cmfactur/1/A/FAC - ::1 - [18-03-2024 20:10]"}
{"level":"info","message":"ruta: /cm/cmfactur/1/A/FAC/5 - ::1 - [18-03-2024 20:10]"}
{"level":"info","message":"ruta: /cm/cmfactur/1/A/FAC - ::1 - [18-03-2024 20:10]"}
{"level":"info","message":"ruta: /cm/cmfactur/1/A/FAC/5 - ::1 - [18-03-2024 20:10]"}
{"level":"info","message":"ruta: /cm/cmfactur/preform - ::1 - [18-03-2024 20:12]"}
{"level":"info","message":"ruta: /cm/cmfactur/list/detalle - ::1 - [18-03-2024 20:12]"}
{"level":"info","message":"ruta: /cm/cmfactur/preform - ::1 - [18-03-2024 20:14]"}
{"level":"info","message":"ruta: /cm/cmfactur/list/detalle - ::1 - [18-03-2024 20:14]"}
{"level":"info","message":"ruta: /cm/cmfactur/preform - ::1 - [18-03-2024 20:15]"}
{"level":"info","message":"ruta: /cm/cmfactur/list/detalle - ::1 - [18-03-2024 20:15]"}
{"level":"info","message":"ruta: /cm/cmfactur/preform - ::1 - [18-03-2024 20:16]"}
{"level":"info","message":"ruta: /cm/cmfactur/list/detalle - ::1 - [18-03-2024 20:16]"}
{"level":"info","message":"ruta: /cm/cmfactur/preform - ::1 - [18-03-2024 20:17]"}
{"level":"info","message":"ruta: /cm/cmfactur/list/detalle - ::1 - [18-03-2024 20:17]"}
{"level":"info","message":"ruta: /cm/cmfactur/preform - ::1 - [18-03-2024 20:17]"}
{"level":"info","message":"ruta: /cm/cmfactur/list/detalle - ::1 - [18-03-2024 20:17]"}
{"level":"info","message":"ruta: /cm/cmfactur/preform - ::1 - [18-03-2024 20:18]"}
{"level":"info","message":"ruta: /cm/cmfactur/list/detalle - ::1 - [18-03-2024 20:18]"}
{"level":"info","message":"ruta: /cm/cmfactur/preform - ::1 - [18-03-2024 20:38]"}
{"level":"info","message":"ruta: /cm/cmfactur/list/detalle - ::1 - [18-03-2024 20:38]"}
{"level":"info","message":"ruta: /cm/cmfactur/valida/sucursal - ::1 - [18-03-2024 20:38]"}
{"level":"info","message":"ruta: /cm/cmfactur/valida/nro_comprb - ::1 - [18-03-2024 20:38]"}
{"level":"info","message":"ruta: /cm/cmfactur/valida/proveedor - ::1 - [18-03-2024 20:38]"}
{"level":"info","message":"ruta: /cm/cmfactur/valida/condcompra - ::1 - [18-03-2024 20:38]"}
{"level":"info","message":"ruta: /cm/cmfactur/valida/condcompra - ::1 - [18-03-2024 20:38]"}
{"level":"info","message":"ruta: /cm/cmfactur/valida/condmoneda - ::1 - [18-03-2024 20:38]"}
{"level":"info","message":"ruta: /cm/cmfactur/valida/deposito - ::1 - [18-03-2024 20:38]"}
{"level":"info","message":"ruta: /cm/cmfactur/valida/referencia - ::1 - [18-03-2024 20:38]"}
{"level":"info","message":"ruta: /cm/cmfactur/valida/articulo - ::1 - [18-03-2024 20:38]"}
{"level":"info","message":"ruta: /cm/cmfactur/valida/unidadMedida - ::1 - [18-03-2024 20:38]"}
{"level":"info","message":"ruta: /cm/cmfactur/1/A/FAC - ::1 - [18-03-2024 20:38]"}
{"level":"info","message":"ruta: /cm/cmfactur/1/A/FAC/5 - ::1 - [18-03-2024 20:38]"}
{"level":"info","message":"ruta: /cm/cmfactur - ::1 - [18-03-2024 20:38]"}
{"level":"info","message":"ruta: /cm/cmfactur/1/A/FAC - ::1 - [18-03-2024 20:40]"}
{"level":"info","message":"ruta: /cm/cmfactur/1/A/FAC/5 - ::1 - [18-03-2024 20:40]"}
{"level":"info","message":"ruta: /cm/cmfactur - ::1 - [18-03-2024 20:40]"}
{"level":"info","message":"ruta: /cm/cmfactur/preform - ::1 - [18-03-2024 20:41]"}
{"level":"info","message":"ruta: /cm/cmfactur/list/detalle - ::1 - [18-03-2024 20:41]"}
{"level":"info","message":"ruta: /cm/cmfactur/preform - ::1 - [18-03-2024 20:41]"}
{"level":"info","message":"ruta: /cm/cmfactur/list/detalle - ::1 - [18-03-2024 20:41]"}
{"level":"info","message":"ruta: /cm/cmfactur/valida/sucursal - ::1 - [18-03-2024 20:41]"}
{"level":"info","message":"ruta: /cm/cmfactur/valida/nro_comprb - ::1 - [18-03-2024 20:41]"}
{"level":"info","message":"ruta: /cm/cmfactur/valida/nro_comprb - ::1 - [18-03-2024 20:41]"}
{"level":"info","message":"ruta: /cm/cmfactur/valida/proveedor - ::1 - [18-03-2024 20:42]"}
{"level":"info","message":"ruta: /cm/cmfactur/valida/condcompra - ::1 - [18-03-2024 20:42]"}
{"level":"info","message":"ruta: /cm/cmfactur/valida/condcompra - ::1 - [18-03-2024 20:42]"}
{"level":"info","message":"ruta: /cm/cmfactur/valida/condmoneda - ::1 - [18-03-2024 20:42]"}
{"level":"info","message":"ruta: /cm/cmfactur/valida/deposito - ::1 - [18-03-2024 20:42]"}
{"level":"info","message":"ruta: /cm/cmfactur/valida/referencia - ::1 - [18-03-2024 20:42]"}
{"level":"info","message":"ruta: /cm/cmfactur/valida/articulo - ::1 - [18-03-2024 20:42]"}
{"level":"info","message":"ruta: /cm/cmfactur/valida/unidadMedida - ::1 - [18-03-2024 20:42]"}
{"level":"info","message":"ruta: /cm/cmfactur//cab/1/A/FAC - ::1 - [18-03-2024 20:42]"}
{"level":"info","message":"ruta: /cm/cmfactur/preform - ::1 - [18-03-2024 20:42]"}
{"level":"info","message":"ruta: /cm/cmfactur/list/detalle - ::1 - [18-03-2024 20:42]"}
{"level":"info","message":"ruta: /cm/cmfactur/preform - ::1 - [18-03-2024 20:43]"}
{"level":"info","message":"ruta: /cm/cmfactur/list/detalle - ::1 - [18-03-2024 20:43]"}
{"level":"info","message":"ruta: /cm/cmfactur/valida/sucursal - ::1 - [18-03-2024 20:43]"}
{"level":"info","message":"ruta: /cm/cmfactur/valida/nro_comprb - ::1 - [18-03-2024 20:43]"}
{"level":"info","message":"ruta: /cm/cmfactur/valida/proveedor - ::1 - [18-03-2024 20:43]"}
{"level":"info","message":"ruta: /cm/cmfactur/valida/condcompra - ::1 - [18-03-2024 20:43]"}
{"level":"info","message":"ruta: /cm/cmfactur/valida/condcompra - ::1 - [18-03-2024 20:43]"}
{"level":"info","message":"ruta: /cm/cmfactur/valida/condmoneda - ::1 - [18-03-2024 20:43]"}
{"level":"info","message":"ruta: /cm/cmfactur/valida/deposito - ::1 - [18-03-2024 20:43]"}
{"level":"info","message":"ruta: /cm/cmfactur/valida/referencia - ::1 - [18-03-2024 20:43]"}
{"level":"info","message":"ruta: /cm/cmfactur/valida/articulo - ::1 - [18-03-2024 20:43]"}
{"level":"info","message":"ruta: /cm/cmfactur/valida/unidadMedida - ::1 - [18-03-2024 20:43]"}
{"level":"info","message":"ruta: /cm/cmfactur//cab/1/A/FAC - ::1 - [18-03-2024 20:43]"}
{"level":"info","message":"ruta: /cm/cmfactur/preform - ::1 - [18-03-2024 20:43]"}
{"level":"info","message":"ruta: /cm/cmfactur/list/detalle - ::1 - [18-03-2024 20:44]"}
{"level":"info","message":"ruta: /cm/cmfactur/preform - ::1 - [18-03-2024 20:44]"}
{"level":"info","message":"ruta: /cm/cmfactur/list/detalle - ::1 - [18-03-2024 20:44]"}
{"level":"info","message":"ruta: /cm/cmfactur/valida/sucursal - ::1 - [18-03-2024 20:44]"}
{"level":"info","message":"ruta: /cm/cmfactur/valida/nro_comprb - ::1 - [18-03-2024 20:44]"}
{"level":"info","message":"ruta: /cm/cmfactur/valida/proveedor - ::1 - [18-03-2024 20:44]"}
{"level":"info","message":"ruta: /cm/cmfactur/valida/condcompra - ::1 - [18-03-2024 20:44]"}
{"level":"info","message":"ruta: /cm/cmfactur/valida/condmoneda - ::1 - [18-03-2024 20:44]"}
{"level":"info","message":"ruta: /cm/cmfactur/valida/deposito - ::1 - [18-03-2024 20:44]"}
{"level":"info","message":"ruta: /cm/cmfactur/valida/referencia - ::1 - [18-03-2024 20:44]"}
{"level":"info","message":"ruta: /cm/cmfactur/valida/articulo - ::1 - [18-03-2024 20:44]"}
{"level":"info","message":"ruta: /cm/cmfactur/valida/unidadMedida - ::1 - [18-03-2024 20:44]"}
{"level":"info","message":"ruta: /cm/cmfactur/cab/1/A/FAC - ::1 - [18-03-2024 20:44]"}
{"level":"info","message":"ruta: /cm/cmfactur/cab/1/A/FACdet/5 - ::1 - [18-03-2024 20:44]"}
{"level":"info","message":"ruta: /cm/cmfactur/preform - ::1 - [18-03-2024 20:46]"}
{"level":"info","message":"ruta: /cm/cmfactur/list/detalle - ::1 - [18-03-2024 20:46]"}
{"level":"info","message":"ruta: /cm/cmfactur/preform - ::1 - [18-03-2024 20:46]"}
{"level":"info","message":"ruta: /cm/cmfactur/list/detalle - ::1 - [18-03-2024 20:46]"}
{"level":"info","message":"ruta: /cm/cmfactur/preform - ::1 - [18-03-2024 20:47]"}
{"level":"info","message":"ruta: /cm/cmfactur/list/detalle - ::1 - [18-03-2024 20:47]"}
{"level":"info","message":"ruta: /cm/cmfactur/valida/sucursal - ::1 - [18-03-2024 20:47]"}
{"level":"info","message":"ruta: /cm/cmfactur/valida/nro_comprb - ::1 - [18-03-2024 20:47]"}
{"level":"info","message":"ruta: /cm/cmfactur/valida/nro_comprb - ::1 - [18-03-2024 20:47]"}
{"level":"info","message":"ruta: /cm/cmfactur/valida/proveedor - ::1 - [18-03-2024 20:47]"}
{"level":"info","message":"ruta: /cm/cmfactur/valida/prov_ant - ::1 - [18-03-2024 20:47]"}
{"level":"info","message":"ruta: /cm/cmfactur/valida/condcompra - ::1 - [18-03-2024 20:47]"}
{"level":"info","message":"ruta: /cm/cmfactur/valida/condmoneda - ::1 - [18-03-2024 20:47]"}
{"level":"info","message":"ruta: /cm/cmfactur/valida/deposito - ::1 - [18-03-2024 20:47]"}
{"level":"info","message":"ruta: /cm/cmfactur/valida/deposito - ::1 - [18-03-2024 20:47]"}
{"level":"info","message":"ruta: /cm/cmfactur/valida/referencia - ::1 - [18-03-2024 20:47]"}
{"level":"info","message":"ruta: /cm/cmfactur/valida/articulo - ::1 - [18-03-2024 20:47]"}
{"level":"info","message":"ruta: /cm/cmfactur/valida/unidadMedida - ::1 - [18-03-2024 20:47]"}
{"level":"info","message":"ruta: /cm/cmfactur/cab1/A/FAC - ::1 - [18-03-2024 20:47]"}
{"level":"info","message":"ruta: /cm/cmfactur/preform - ::1 - [18-03-2024 20:48]"}
{"level":"info","message":"ruta: /cm/cmfactur/list/detalle - ::1 - [18-03-2024 20:48]"}
{"level":"info","message":"ruta: /cm/cmfactur/preform - ::1 - [18-03-2024 20:48]"}
{"level":"info","message":"ruta: /cm/cmfactur/list/detalle - ::1 - [18-03-2024 20:48]"}
{"level":"info","message":"ruta: /cm/cmfactur/preform - ::1 - [18-03-2024 20:49]"}
{"level":"info","message":"ruta: /cm/cmfactur/list/detalle - ::1 - [18-03-2024 20:49]"}
{"level":"info","message":"ruta: /cm/cmfactur/valida/sucursal - ::1 - [18-03-2024 20:49]"}
{"level":"info","message":"ruta: /cm/cmfactur/valida/nro_comprb - ::1 - [18-03-2024 20:49]"}
{"level":"info","message":"ruta: /cm/cmfactur/valida/nro_comprb - ::1 - [18-03-2024 20:49]"}
{"level":"info","message":"ruta: /cm/cmfactur/valida/nro_comprb - ::1 - [18-03-2024 20:49]"}
{"level":"info","message":"ruta: /cm/cmfactur/valida/proveedor - ::1 - [18-03-2024 20:49]"}
{"level":"info","message":"ruta: /cm/cmfactur/valida/condcompra - ::1 - [18-03-2024 20:49]"}
{"level":"info","message":"ruta: /cm/cmfactur/valida/condmoneda - ::1 - [18-03-2024 20:49]"}
{"level":"info","message":"ruta: /cm/cmfactur/valida/deposito - ::1 - [18-03-2024 20:49]"}
{"level":"info","message":"ruta: /cm/cmfactur/valida/referencia - ::1 - [18-03-2024 20:49]"}
{"level":"info","message":"ruta: /cm/cmfactur/valida/referencia - ::1 - [18-03-2024 20:49]"}
{"level":"info","message":"ruta: /cm/cmfactur/valida/articulo - ::1 - [18-03-2024 20:49]"}
{"level":"info","message":"ruta: /cm/cmfactur/valida/unidadMedida - ::1 - [18-03-2024 20:49]"}
{"level":"info","message":"ruta: /cm/cmfactur/cab/1/A/FAC - ::1 - [18-03-2024 20:49]"}
{"level":"info","message":"ruta: /cm/cmfactur/det/1/A/FAC/5 - ::1 - [18-03-2024 20:49]"}
{"level":"info","message":"ruta: /cm/cmfactur - ::1 - [18-03-2024 20:49]"}
{"level":"info","message":"ruta: /cm/cmfactur/cab/1/A/FAC - ::1 - [18-03-2024 20:50]"}
{"level":"info","message":"ruta: /cm/cmfactur/det/1/A/FAC/5 - ::1 - [18-03-2024 20:50]"}
{"level":"info","message":"ruta: /cm/cmfactur - ::1 - [18-03-2024 20:50]"}
{"level":"info","message":"ruta: /cm/cmfactur/cab/1/A/FAC - ::1 - [18-03-2024 20:51]"}
{"level":"info","message":"ruta: /cm/cmfactur/det/1/A/FAC/5 - ::1 - [18-03-2024 20:51]"}
{"level":"info","message":"ruta: /cm/cmfactur - ::1 - [18-03-2024 20:51]"}
{"level":"info","message":"ruta: /cm/cmfactur/cab/1/A/FAC - ::1 - [18-03-2024 20:52]"}
{"level":"info","message":"ruta: /cm/cmfactur/det/1/A/FAC/5 - ::1 - [18-03-2024 20:52]"}
{"level":"info","message":"ruta: /cm/cmfactur - ::1 - [18-03-2024 20:52]"}
{"level":"info","message":"ruta: /cm/cmfactur/preform - ::1 - [18-03-2024 20:55]"}
{"level":"info","message":"ruta: /cm/cmfactur/list/detalle - ::1 - [18-03-2024 20:55]"}
{"level":"info","message":"ruta: /cm/cmfactur/preform - ::1 - [18-03-2024 20:56]"}
{"level":"info","message":"ruta: /cm/cmfactur/list/detalle - ::1 - [18-03-2024 20:56]"}
{"level":"info","message":"ruta: /cm/cmfactur/preform - ::1 - [18-03-2024 20:56]"}
{"level":"info","message":"ruta: /cm/cmfactur/list/detalle - ::1 - [18-03-2024 20:56]"}
{"level":"info","message":"ruta: /cm/cmfactur/valida/sucursal - 127.0.0.1 - [18-03-2024 20:56]"}
{"level":"info","message":"ruta: /cm/cmfactur/valida/nro_comprb - 127.0.0.1 - [18-03-2024 20:56]"}
{"level":"info","message":"ruta: /cm/cmfactur/valida/proveedor - ::1 - [18-03-2024 20:57]"}
{"level":"info","message":"ruta: /cm/cmfactur/valida/condcompra - ::1 - [18-03-2024 20:57]"}
{"level":"info","message":"ruta: /cm/cmfactur/valida/condmoneda - ::1 - [18-03-2024 20:57]"}
{"level":"info","message":"ruta: /cm/cmfactur/valida/deposito - ::1 - [18-03-2024 20:57]"}
{"level":"info","message":"ruta: /cm/cmfactur/valida/referencia - ::1 - [18-03-2024 20:57]"}
{"level":"info","message":"ruta: /cm/cmfactur/valida/articulo - ::1 - [18-03-2024 20:57]"}
{"level":"info","message":"ruta: /cm/cmfactur/valida/unidadMedida - ::1 - [18-03-2024 20:57]"}
{"level":"info","message":"ruta: /cm/cmfactur/cab/1/A/FAC - ::1 - [18-03-2024 20:57]"}
{"level":"info","message":"ruta: /cm/cmfactur/det/1/A/FAC/5 - ::1 - [18-03-2024 20:57]"}
{"level":"info","message":"ruta: /cm/cmfactur - ::1 - [18-03-2024 20:57]"}
{"level":"info","message":"ruta: /cm/cmfactur/cab/1/A/FAC - ::1 - [18-03-2024 20:57]"}
{"level":"info","message":"ruta: /cm/cmfactur/det/1/A/FAC/5 - ::1 - [18-03-2024 20:57]"}
{"level":"info","message":"ruta: /cm/cmfactur - ::1 - [18-03-2024 20:57]"}
{"level":"info","message":"ruta: /cm/cmfactur/preform - ::1 - [18-03-2024 20:58]"}
{"level":"info","message":"ruta: /cm/cmfactur/list/detalle - ::1 - [18-03-2024 20:58]"}
{"level":"info","message":"ruta: /cm/cmfactur/preform - ::1 - [18-03-2024 20:59]"}
{"level":"info","message":"ruta: /cm/cmfactur/list/detalle - ::1 - [18-03-2024 20:59]"}
{"level":"info","message":"ruta: /cm/cmfactur/valida/sucursal - ::1 - [18-03-2024 20:59]"}
{"level":"info","message":"ruta: /cm/cmfactur/valida/nro_comprb - ::1 - [18-03-2024 20:59]"}
{"level":"info","message":"ruta: /cm/cmfactur/valida/proveedor - ::1 - [18-03-2024 20:59]"}
{"level":"info","message":"ruta: /cm/cmfactur/valida/condcompra - ::1 - [18-03-2024 20:59]"}
{"level":"info","message":"ruta: /cm/cmfactur/valida/condmoneda - ::1 - [18-03-2024 20:59]"}
{"level":"info","message":"ruta: /cm/cmfactur/valida/deposito - ::1 - [18-03-2024 20:59]"}
{"level":"info","message":"ruta: /cm/cmfactur/valida/referencia - ::1 - [18-03-2024 20:59]"}
{"level":"info","message":"ruta: /cm/cmfactur/valida/articulo - ::1 - [18-03-2024 20:59]"}
{"level":"info","message":"ruta: /cm/cmfactur/valida/unidadMedida - ::1 - [18-03-2024 20:59]"}
{"level":"info","message":"ruta: /cm/cmfactur/valida/referencia - ::1 - [18-03-2024 20:59]"}
{"level":"info","message":"ruta: /cm/cmfactur/cab/1/A/FAC - ::1 - [18-03-2024 20:59]"}
{"level":"info","message":"ruta: /cm/cmfactur/det/1/A/FAC/5 - ::1 - [18-03-2024 20:59]"}
{"level":"info","message":"ruta: /cm/cmfactur - ::1 - [18-03-2024 20:59]"}
{"level":"info","message":"ruta: /cm/cmfactur/cab/1/A/FAC - ::1 - [18-03-2024 21:01]"}
{"level":"info","message":"ruta: /cm/cmfactur/det/1/A/FAC/5 - ::1 - [18-03-2024 21:01]"}
{"level":"info","message":"ruta: /cm/cmfactur - ::1 - [18-03-2024 21:01]"}
{"level":"info","message":"ruta: /cm/cmfactur/list/detalle - ::1 - [18-03-2024 21:01]"}
{"level":"info","message":"ruta: /cm/cmfactur/preform - ::1 - [18-03-2024 21:01]"}
{"level":"info","message":"ruta: /cm/cmfactur/list/detalle - ::1 - [18-03-2024 21:01]"}
{"level":"info","message":"ruta: /cm/cmfactur/preform - ::1 - [18-03-2024 21:01]"}
{"level":"info","message":"ruta: /cm/cmfactur/preform - ::1 - [18-03-2024 21:02]"}
{"level":"info","message":"ruta: /cm/cmfactur/list/cabecera - ::1 - [18-03-2024 21:02]"}
{"level":"info","message":"ruta: /cm/cmfactur/list/detalle - ::1 - [18-03-2024 21:02]"}
{"level":"info","message":"ruta: /cm/cmfactur - ::1 - [18-03-2024 21:02]"}
{"level":"info","message":"ruta: /cm/cmfactur/list/detalle - ::1 - [18-03-2024 21:02]"}
{"level":"info","message":"ruta: /cm/cmfactur/preform - ::1 - [18-03-2024 21:02]"}
{"level":"info","message":"ruta: /cm/cmfactur/list/cabecera - ::1 - [18-03-2024 21:02]"}
{"level":"info","message":"ruta: /cm/cmfactur/list/detalle - ::1 - [18-03-2024 21:02]"}
{"level":"info","message":"ruta: /cm/cmfactur - ::1 - [18-03-2024 21:02]"}
{"level":"info","message":"ruta: /cm/cmfactur/list/detalle - ::1 - [18-03-2024 21:02]"}
{"level":"info","message":"ruta: /cm/cmfactur - ::1 - [18-03-2024 21:02]"}
{"level":"info","message":"ruta: /cm/cmfactur/list/detalle - ::1 - [18-03-2024 21:02]"}
{"level":"info","message":"ruta: /cm/cmfactur - ::1 - [18-03-2024 21:02]"}
{"level":"info","message":"ruta: /cm/cmfactur/list/detalle - ::1 - [18-03-2024 21:02]"}
{"level":"info","message":"ruta: /cm/cmfactur/valida/articulo - ::1 - [18-03-2024 21:02]"}
{"level":"info","message":"ruta: /cm/cmfactur/valida/unidadMedida - ::1 - [18-03-2024 21:02]"}
{"level":"info","message":"ruta: /cm/cmfactur - ::1 - [18-03-2024 21:02]"}
{"level":"info","message":"ruta: /cm/cmfactur/list/detalle - ::1 - [18-03-2024 21:02]"}
{"level":"info","message":"ruta: /cm/cmfactur/preform - ::1 - [18-03-2024 21:02]"}
{"level":"info","message":"ruta: /cm/cmfactur/list/cabecera - ::1 - [18-03-2024 21:02]"}
{"level":"info","message":"ruta: /cm/cmfactur/list/detalle - ::1 - [18-03-2024 21:02]"}
{"level":"info","message":"ruta: /cm/cmfactur/valida/articulo - ::1 - [18-03-2024 21:02]"}
{"level":"info","message":"ruta: /cm/cmfactur/valida/unidadMedida - ::1 - [18-03-2024 21:02]"}
{"level":"info","message":"ruta: /cm/cmfactur/det/1/A/FAC/5 - ::1 - [18-03-2024 21:02]"}
{"level":"info","message":"ruta: /cm/cmfactur - ::1 - [18-03-2024 21:02]"}
{"level":"info","message":"ruta: /cm/cmfactur/list/detalle - ::1 - [18-03-2024 21:02]"}
{"level":"info","message":"ruta: /cm/cmfactur/preform - ::1 - [18-03-2024 21:03]"}
{"level":"info","message":"ruta: /cm/cmfactur/list/cabecera - ::1 - [18-03-2024 21:03]"}
{"level":"info","message":"ruta: /cm/cmfactur/list/detalle - ::1 - [18-03-2024 21:03]"}
{"level":"info","message":"ruta: /cm/cmfactur - ::1 - [18-03-2024 21:03]"}
{"level":"info","message":"ruta: /cm/cmfactur/list/detalle - ::1 - [18-03-2024 21:03]"}
{"level":"info","message":"ruta: /cm/cmfactur/preform - ::1 - [18-03-2024 21:03]"}
{"level":"info","message":"ruta: /cm/cmfactur/list/cabecera - ::1 - [18-03-2024 21:03]"}
{"level":"info","message":"ruta: /cm/cmfactur/list/detalle - ::1 - [18-03-2024 21:03]"}
{"level":"info","message":"ruta: /cm/cmfactur/valida/unidadMedida - ::1 - [18-03-2024 21:03]"}
{"level":"info","message":"ruta: /cm/cmfactur - ::1 - [18-03-2024 21:03]"}
{"level":"info","message":"ruta: /cm/cmfactur/list/detalle - ::1 - [18-03-2024 21:03]"}
{"level":"info","message":"ruta: /cm/cmfactur - ::1 - [18-03-2024 21:03]"}
{"level":"info","message":"ruta: /cm/cmfactur - ::1 - [18-03-2024 21:03]"}
{"level":"info","message":"ruta: /cm/cmfactur/list/detalle - ::1 - [18-03-2024 21:03]"}
{"level":"info","message":"ruta: /cm/cmfactur/list/detalle - ::1 - [18-03-2024 21:03]"}
{"level":"info","message":"ruta: /cm/cmfactur/preform - ::1 - [18-03-2024 21:03]"}
{"level":"info","message":"ruta: /cm/cmfactur/list/cabecera - ::1 - [18-03-2024 21:03]"}
{"level":"info","message":"ruta: /cm/cmfactur/list/detalle - ::1 - [18-03-2024 21:03]"}
{"level":"info","message":"ruta: /cm/cmfactur - ::1 - [18-03-2024 21:04]"}
{"level":"info","message":"ruta: /cm/cmfactur/list/detalle - ::1 - [18-03-2024 21:04]"}
{"level":"info","message":"ruta: /cm/cmfactur - ::1 - [18-03-2024 21:04]"}
{"level":"info","message":"ruta: /cm/cmfactur/list/detalle - ::1 - [18-03-2024 21:04]"}
{"level":"info","message":"ruta: /cm/cmfactur/valida/unidadMedida - ::1 - [18-03-2024 21:04]"}
{"level":"info","message":"ruta: /cm/cmfactur/valida/articulo - ::1 - [18-03-2024 21:04]"}
{"level":"info","message":"ruta: /cm/cmfactur/valida/unidadMedida - ::1 - [18-03-2024 21:04]"}
{"level":"info","message":"ruta: /cm/cmfactur/det/1/A/FAC/5 - ::1 - [18-03-2024 21:04]"}
{"level":"info","message":"ruta: /cm/cmfactur - ::1 - [18-03-2024 21:04]"}
{"level":"info","message":"ruta: /cm/cmfactur/list/detalle - ::1 - [18-03-2024 21:04]"}
{"level":"info","message":"ruta: /cm/cmfactur - ::1 - [18-03-2024 21:04]"}
{"level":"info","message":"ruta: /cm/cmfactur/list/detalle - ::1 - [18-03-2024 21:04]"}
{"level":"info","message":"ruta: /cm/cmfactur - ::1 - [18-03-2024 21:04]"}
{"level":"info","message":"ruta: /cm/cmfactur/list/detalle - ::1 - [18-03-2024 21:04]"}
{"level":"info","message":"ruta: /cm/cmfactur/preform - ::1 - [18-03-2024 21:05]"}
{"level":"info","message":"ruta: /cm/cmfactur/list/cabecera - ::1 - [18-03-2024 21:05]"}
{"level":"info","message":"ruta: /cm/cmfactur/list/detalle - ::1 - [18-03-2024 21:05]"}
{"level":"info","message":"ruta: /cm/cmfactur/preform - ::1 - [18-03-2024 21:05]"}
{"level":"info","message":"ruta: /cm/cmfactur/list/cabecera - ::1 - [18-03-2024 21:05]"}
{"level":"info","message":"ruta: /cm/cmfactur/list/detalle - ::1 - [18-03-2024 21:05]"}
{"level":"info","message":"ruta: /cm/cmfactur/preform - ::1 - [18-03-2024 21:05]"}
{"level":"info","message":"ruta: /cm/cmfactur/list/detalle - ::1 - [18-03-2024 21:05]"}
{"level":"info","message":"ruta: /cm/cmfactur/preform - ::1 - [18-03-2024 21:05]"}
{"level":"info","message":"ruta: /cm/cmfactur/list/detalle - ::1 - [18-03-2024 21:05]"}
{"level":"info","message":"ruta: /cm/cmfactur/valida/sucursal - ::1 - [18-03-2024 21:06]"}
{"level":"info","message":"ruta: /cm/cmfactur/valida/nro_comprb - ::1 - [18-03-2024 21:06]"}
{"level":"info","message":"ruta: /cm/cmfactur/preform - ::1 - [18-03-2024 21:06]"}
{"level":"info","message":"ruta: /cm/cmfactur/list/cabecera - ::1 - [18-03-2024 21:06]"}
{"level":"info","message":"ruta: /cm/cmfactur/list/detalle - ::1 - [18-03-2024 21:06]"}
{"level":"info","message":"ruta: /cm/cmfactur/preform - ::1 - [18-03-2024 21:06]"}
{"level":"info","message":"ruta: /cm/cmfactur - ::1 - [18-03-2024 21:06]"}
{"level":"info","message":"ruta: /cm/cmfactur/list/cabecera - ::1 - [18-03-2024 21:06]"}
{"level":"info","message":"ruta: /cm/cmfactur/list/detalle - ::1 - [18-03-2024 21:06]"}
{"level":"info","message":"ruta: /cm/cmfactur - ::1 - [18-03-2024 21:06]"}
{"level":"info","message":"ruta: /cm/cmfactur/preform - ::1 - [18-03-2024 21:06]"}
{"level":"info","message":"ruta: /cm/cmfactur/list/detalle - ::1 - [18-03-2024 21:06]"}
{"level":"info","message":"ruta: /cm/cmfactur/valida/sucursal - ::1 - [18-03-2024 21:06]"}
{"level":"info","message":"ruta: /cm/cmfactur/valida/nro_comprb - ::1 - [18-03-2024 21:06]"}
{"level":"info","message":"ruta: /cm/cmfactur/valida/proveedor - ::1 - [18-03-2024 21:06]"}
{"level":"info","message":"ruta: /cm/cmfactur/valida/condcompra - ::1 - [18-03-2024 21:06]"}
{"level":"info","message":"ruta: /cm/cmfactur/valida/condmoneda - ::1 - [18-03-2024 21:06]"}
{"level":"info","message":"ruta: /cm/cmfactur/valida/deposito - ::1 - [18-03-2024 21:06]"}
{"level":"info","message":"ruta: /cm/cmfactur/valida/referencia - ::1 - [18-03-2024 21:06]"}
{"level":"info","message":"ruta: /cm/cmfactur/valida/articulo - ::1 - [18-03-2024 21:06]"}
{"level":"info","message":"ruta: /cm/cmfactur/valida/unidadMedida - ::1 - [18-03-2024 21:06]"}
{"level":"info","message":"ruta: /cm/cmfactur/cab/1/A/FAC - ::1 - [18-03-2024 21:06]"}
{"level":"info","message":"ruta: /cm/cmfactur/det/1/A/FAC/5 - ::1 - [18-03-2024 21:06]"}
{"level":"info","message":"ruta: /cm/cmfactur - ::1 - [18-03-2024 21:06]"}
{"level":"info","message":"ruta: /cm/cmfactur/preform - ::1 - [18-03-2024 21:06]"}
{"level":"info","message":"ruta: /cm/cmfactur/list/cabecera - ::1 - [18-03-2024 21:06]"}
{"level":"info","message":"ruta: /cm/cmfactur/list/detalle - ::1 - [18-03-2024 21:06]"}
{"level":"info","message":"ruta: /cm/cmfactur/preform - ::1 - [18-03-2024 21:07]"}
{"level":"info","message":"ruta: /cm/cmfactur/list/cabecera - ::1 - [18-03-2024 21:07]"}
{"level":"info","message":"ruta: /cm/cmfactur/list/detalle - ::1 - [18-03-2024 21:07]"}
{"level":"info","message":"ruta: /cm/cmfactur/preform - ::1 - [18-03-2024 21:09]"}
{"level":"info","message":"ruta: /cm/cmfactur/list/cabecera - ::1 - [18-03-2024 21:09]"}
{"level":"info","message":"ruta: /cm/cmfactur/list/detalle - ::1 - [18-03-2024 21:09]"}
