{"level":"info","message":"ruta: /cm/cmcoffac/listcabecera - ::1 - [28-03-2024 07:33]"}
{"level":"info","message":"ruta: /cm/cmcoffac/listcabecera - ::1 - [28-03-2024 07:40]"}
{"level":"info","message":"ruta: /cm/cmcoffac/listcabecera - ::1 - [28-03-2024 07:43]"}
{"level":"info","message":"ruta: /cm/cmcoffac/listcabecera - ::1 - [28-03-2024 07:45]"}
{"level":"info","message":"ruta: /cm/cmcoffac/listcabecera - ::1 - [28-03-2024 07:45]"}
{"level":"info","message":"ruta: /cm/cmcoffac/listcabecera - ::1 - [28-03-2024 07:45]"}
{"level":"info","message":"ruta: /cm/cmcoffac/listcabecera - ::1 - [28-03-2024 07:46]"}
{"level":"info","message":"ruta: /cm/cmcoffac/listcabecera - ::1 - [28-03-2024 07:46]"}
{"level":"info","message":"ruta: /cm/cmcoffac/listcabecera - ::1 - [28-03-2024 07:46]"}
{"level":"info","message":"ruta: /cm/cmcoffac/listcabecera - ::1 - [28-03-2024 07:48]"}
{"level":"info","message":"ruta: /cm/cmfactur/preform - ::1 - [28-03-2024 07:48]"}
{"level":"info","message":"ruta: /cm/cmfactur/list/detalle - ::1 - [28-03-2024 07:48]"}
{"level":"info","message":"ruta: /cm/cmfactur/preform - ::1 - [28-03-2024 07:49]"}
{"level":"info","message":"ruta: /cm/cmfactur/list/detalle - ::1 - [28-03-2024 07:49]"}
{"level":"info","message":"ruta: /cm/cmcoffac/listcabecera - ::1 - [28-03-2024 07:49]"}
{"level":"info","message":"ruta: /cm/cmfactur/preform - ::1 - [28-03-2024 07:49]"}
{"level":"info","message":"ruta: /cm/cmfactur/list/detalle - ::1 - [28-03-2024 07:49]"}
{"level":"info","message":"ruta: /cm/cmcoffac/listcabecera - ::1 - [28-03-2024 07:59]"}
{"level":"info","message":"ruta: /cm/cmfactur/preform - ::1 - [28-03-2024 07:59]"}
{"level":"info","message":"ruta: /cm/cmfactur/list/detalle - ::1 - [28-03-2024 07:59]"}
{"level":"info","message":"ruta: /cm/cmfactur/preform - ::1 - [28-03-2024 07:59]"}
{"level":"info","message":"ruta: /cm/cmfactur/list/detalle - ::1 - [28-03-2024 07:59]"}
{"level":"info","message":"ruta: /cm/cmfactur/preform - ::1 - [28-03-2024 07:59]"}
{"level":"info","message":"ruta: /cm/cmfactur/list/cabecera - ::1 - [28-03-2024 07:59]"}
{"level":"info","message":"ruta: /cm/cmfactur/list/detalle - ::1 - [28-03-2024 07:59]"}
{"level":"info","message":"ruta: /cm/cmcoffac/listcabecera - ::1 - [28-03-2024 07:59]"}
{"level":"info","message":"ruta: /cm/cmcoffac/listcabecera - ::1 - [28-03-2024 08:01]"}
{"level":"info","message":"ruta: /cm/cmcoffac/listcabecera - ::1 - [28-03-2024 08:01]"}
{"level":"info","message":"ruta: /cm/cmcoffac/listcabecera - ::1 - [28-03-2024 08:02]"}
{"level":"info","message":"ruta: /cm/cmfactur/list/cabecera - ::1 - [28-03-2024 08:07]"}
{"level":"info","message":"ruta: /cm/cmfactur/list/cabecera - ::1 - [28-03-2024 08:07]"}
{"level":"info","message":"ruta: /cm/cmfactur/list/cabecera - ::1 - [28-03-2024 08:07]"}
{"level":"info","message":"ruta: /cm/cmfactur/list/cabecera - ::1 - [28-03-2024 08:07]"}
{"level":"info","message":"ruta: /cm/cmfactur/list/cabecera - ::1 - [28-03-2024 08:07]"}
{"level":"info","message":"ruta: /cm/cmcoffac/listcabecera - ::1 - [28-03-2024 08:07]"}
{"level":"info","message":"ruta: /cm/cmfactur/preform - ::1 - [28-03-2024 08:07]"}
{"level":"info","message":"ruta: /cm/cmfactur/list/detalle - ::1 - [28-03-2024 08:07]"}
{"level":"info","message":"ruta: /cm/cmcoffac/listcabecera - ::1 - [28-03-2024 08:07]"}
{"level":"info","message":"ruta: /cm/cmfactur/list/cabecera - ::1 - [28-03-2024 08:07]"}
{"level":"info","message":"ruta: /cm/cmfactur/list/cabecera - ::1 - [28-03-2024 08:09]"}
{"level":"info","message":"ruta: /cm/cmcoffac/listcabecera - ::1 - [28-03-2024 08:09]"}
{"level":"info","message":"ruta: /cm/cmfactur/preform - ::1 - [28-03-2024 08:09]"}
{"level":"info","message":"ruta: /cm/cmfactur/list/detalle - ::1 - [28-03-2024 08:09]"}
{"level":"info","message":"ruta: /cm/cmfactur/preform - ::1 - [28-03-2024 08:09]"}
{"level":"info","message":"ruta: /cm/cmfactur/list/cabecera - ::1 - [28-03-2024 08:11]"}
{"level":"info","message":"ruta: /cm/cmfactur/list/detalle - ::1 - [28-03-2024 08:11]"}
{"level":"info","message":"ruta: /cm/cmfactur/preform - ::1 - [28-03-2024 08:12]"}
{"level":"info","message":"ruta: /cm/cmfactur/list/detalle - ::1 - [28-03-2024 08:12]"}
{"level":"info","message":"ruta: /cm/cmfactur/preform - ::1 - [28-03-2024 08:12]"}
{"level":"info","message":"ruta: /cm/cmfactur/list/cabecera - ::1 - [28-03-2024 08:12]"}
{"level":"info","message":"ruta: /cm/cmfactur/list/detalle - ::1 - [28-03-2024 08:12]"}
{"level":"info","message":"ruta: /cm/cmcoffac/listcabecera - ::1 - [28-03-2024 08:12]"}
{"level":"info","message":"ruta: /cm/cmfactur/list/cabecera - ::1 - [28-03-2024 08:12]"}
{"level":"info","message":"ruta: /cm/cmfactur/list/detalle - ::1 - [28-03-2024 08:12]"}
{"level":"info","message":"ruta: /cm/cmcoffac/listcabecera - ::1 - [28-03-2024 08:12]"}
{"level":"info","message":"ruta: /cm/cmfactur/list/cabecera - ::1 - [28-03-2024 08:12]"}
{"level":"info","message":"ruta: /cm/cmfactur/list/detalle - ::1 - [28-03-2024 08:12]"}
{"level":"info","message":"ruta: /cm/cmcoffac/listcabecera - ::1 - [28-03-2024 08:12]"}
{"level":"info","message":"ruta: /cm/cmcoffac/listcabecera - ::1 - [28-03-2024 08:13]"}
{"level":"info","message":"ruta: /cm/cmcoffac/listcabecera - ::1 - [28-03-2024 08:13]"}
{"level":"info","message":"ruta: /cm/cmfactur/list/cabecera - ::1 - [28-03-2024 08:13]"}
{"level":"info","message":"ruta: /cm/cmfactur/list/detalle - ::1 - [28-03-2024 08:13]"}
{"level":"info","message":"ruta: /cm/cmcoffac/listcabecera - ::1 - [28-03-2024 08:13]"}
{"level":"info","message":"ruta: /cm/cmfactur/list/cabecera - ::1 - [28-03-2024 08:13]"}
{"level":"info","message":"ruta: /cm/cmfactur/list/detalle - ::1 - [28-03-2024 08:13]"}
{"level":"info","message":"ruta: /cm/cmcoffac/listcabecera - ::1 - [28-03-2024 08:13]"}
{"level":"info","message":"ruta: /cm/cmfactur/list/cabecera - ::1 - [28-03-2024 08:13]"}
{"level":"info","message":"ruta: /cm/cmfactur/list/detalle - ::1 - [28-03-2024 08:13]"}
{"level":"info","message":"ruta: /cm/cmcoffac/listcabecera - ::1 - [28-03-2024 08:13]"}
{"level":"info","message":"ruta: /cm/cmfactur/list/cabecera - ::1 - [28-03-2024 08:13]"}
{"level":"info","message":"ruta: /cm/cmfactur/list/detalle - ::1 - [28-03-2024 08:13]"}
{"level":"info","message":"ruta: /cm/cmcoffac/listcabecera - ::1 - [28-03-2024 08:13]"}
{"level":"info","message":"ruta: /cm/cmcoffac/listcabecera - ::1 - [28-03-2024 08:13]"}
{"level":"info","message":"ruta: /cm/cmcoffac/listcabecera - ::1 - [28-03-2024 08:14]"}
{"level":"info","message":"ruta: /cm/cmcoffac/listcabecera - ::1 - [28-03-2024 08:16]"}
{"level":"info","message":"ruta: /cm/cmcoffac/listcabecera - ::1 - [28-03-2024 08:16]"}
{"level":"info","message":"ruta: /cm/cmcoffac/listcabecera - ::1 - [28-03-2024 08:17]"}
{"level":"info","message":"ruta: /cm/cmcoffac/listcabecera - ::1 - [28-03-2024 08:17]"}
{"level":"info","message":"ruta: /cm/cmcoffac/listcabecera - ::1 - [28-03-2024 08:17]"}
{"level":"info","message":"ruta: /cm/cmcoffac/listcabecera - ::1 - [28-03-2024 08:17]"}
{"level":"info","message":"ruta: /cm/cmcoffac/listcabecera - ::1 - [28-03-2024 08:17]"}
{"level":"info","message":"ruta: /cm/cmfactur/list/cabecera - ::1 - [28-03-2024 08:18]"}
{"level":"info","message":"ruta: /cm/cmfactur/list/detalle - ::1 - [28-03-2024 08:18]"}
{"level":"info","message":"ruta: /cm/cmcoffac/listcabecera - ::1 - [28-03-2024 08:18]"}
{"level":"info","message":"ruta: /cm/cmfactur/list/cabecera - ::1 - [28-03-2024 08:18]"}
{"level":"info","message":"ruta: /cm/cmfactur/list/detalle - ::1 - [28-03-2024 08:18]"}
{"level":"info","message":"ruta: /cm/cmcoffac/listcabecera - ::1 - [28-03-2024 08:18]"}
{"level":"info","message":"ruta: /cm/cmfactur/list/cabecera - ::1 - [28-03-2024 08:18]"}
{"level":"info","message":"ruta: /cm/cmfactur/list/detalle - ::1 - [28-03-2024 08:18]"}
{"level":"info","message":"ruta: /cm/cmcoffac/listcabecera - ::1 - [28-03-2024 08:18]"}
{"level":"info","message":"ruta: /cm/cmcoffac/listcabecera - ::1 - [28-03-2024 08:19]"}
{"level":"info","message":"ruta: /cm/cmfactur/list/cabecera - ::1 - [28-03-2024 08:19]"}
{"level":"info","message":"ruta: /cm/cmfactur/list/detalle - ::1 - [28-03-2024 08:19]"}
{"level":"info","message":"ruta: /cm/cmcoffac/listcabecera - ::1 - [28-03-2024 08:19]"}
{"level":"info","message":"ruta: /cm/cmfactur/list/cabecera - ::1 - [28-03-2024 08:19]"}
{"level":"info","message":"ruta: /cm/cmfactur/list/detalle - ::1 - [28-03-2024 08:19]"}
{"level":"info","message":"ruta: /cm/cmcoffac/listcabecera - ::1 - [28-03-2024 08:19]"}
{"level":"info","message":"ruta: /cm/cmcoffac/listcabecera - ::1 - [28-03-2024 08:21]"}
{"level":"info","message":"ruta: /cm/cmfactur/list/cabecera - ::1 - [28-03-2024 08:21]"}
{"level":"info","message":"ruta: /cm/cmfactur/list/detalle - ::1 - [28-03-2024 08:21]"}
{"level":"info","message":"ruta: /cm/cmcoffac/listcabecera - ::1 - [28-03-2024 08:21]"}
{"level":"info","message":"ruta: /cm/cmfactur/list/cabecera - ::1 - [28-03-2024 08:21]"}
{"level":"info","message":"ruta: /cm/cmfactur/list/detalle - ::1 - [28-03-2024 08:21]"}
{"level":"info","message":"ruta: /cm/cmcoffac/listcabecera - ::1 - [28-03-2024 08:21]"}
{"level":"info","message":"ruta: /cm/cmfactur/list/cabecera - ::1 - [28-03-2024 08:21]"}
{"level":"info","message":"ruta: /cm/cmfactur/list/detalle - ::1 - [28-03-2024 08:21]"}
{"level":"info","message":"ruta: /cm/cmfactur/list/cabecera - ::1 - [28-03-2024 08:23]"}
{"level":"info","message":"ruta: /cm/cmfactur/list/detalle - ::1 - [28-03-2024 08:23]"}
{"level":"info","message":"ruta: /st/stentsal/list/detalle - ::1 - [28-03-2024 08:23]"}
{"level":"info","message":"ruta: /st/stenvio/buscar/tipCambio - ::1 - [28-03-2024 08:23]"}
{"level":"info","message":"ruta: /st/stenvio/list/detalle - ::1 - [28-03-2024 08:23]"}
{"level":"info","message":"ruta: /st/stentsal/list/detalle - ::1 - [28-03-2024 08:23]"}
{"level":"info","message":"ruta: /cm/cmcoffac/listcabecera - ::1 - [28-03-2024 08:24]"}
{"level":"info","message":"ruta: /cm/cmfactur/list/cabecera - ::1 - [28-03-2024 08:24]"}
{"level":"info","message":"ruta: /cm/cmfactur/list/detalle - ::1 - [28-03-2024 08:24]"}
{"level":"info","message":"ruta: /cm/cmcoffac/listcabecera - ::1 - [28-03-2024 08:24]"}
{"level":"info","message":"ruta: /cm/cmcoffac/listcabecera - ::1 - [28-03-2024 08:25]"}
{"level":"info","message":"ruta: /cm/cmcoffac/listcabecera - ::1 - [28-03-2024 08:25]"}
{"level":"info","message":"ruta: /cm/cmfactur/preform - ::1 - [28-03-2024 08:25]"}
{"level":"info","message":"ruta: /cm/cmfactur/list/detalle - ::1 - [28-03-2024 08:25]"}
{"level":"info","message":"ruta: /cm/cmfactur/preform - ::1 - [28-03-2024 08:25]"}
{"level":"info","message":"ruta: /cm/cmfactur/list/cabecera - ::1 - [28-03-2024 08:25]"}
{"level":"info","message":"ruta: /cm/cmfactur/list/detalle - ::1 - [28-03-2024 08:26]"}
{"level":"info","message":"ruta: /cm/cmfactur/preform - ::1 - [28-03-2024 08:26]"}
{"level":"info","message":"ruta: /cm/cmfactur/list/cabecera - ::1 - [28-03-2024 08:26]"}
{"level":"info","message":"ruta: /cm/cmfactur/list/detalle - ::1 - [28-03-2024 08:26]"}
{"level":"info","message":"ruta: /cm/cmfactur/preform - ::1 - [28-03-2024 08:26]"}
{"level":"info","message":"ruta: /cm/cmfactur/list/cabecera - ::1 - [28-03-2024 08:26]"}
{"level":"info","message":"ruta: /cm/cmfactur/list/detalle - ::1 - [28-03-2024 08:26]"}
{"level":"info","message":"ruta: /cm/cmfactur/preform - ::1 - [28-03-2024 08:26]"}
{"level":"info","message":"ruta: /cm/cmfactur/list/cabecera - ::1 - [28-03-2024 08:26]"}
{"level":"info","message":"ruta: /cm/cmfactur/list/detalle - ::1 - [28-03-2024 08:26]"}
{"level":"info","message":"ruta: /cm/cmfactur/preform - ::1 - [28-03-2024 08:26]"}
{"level":"info","message":"ruta: /cm/cmfactur/list/cabecera - ::1 - [28-03-2024 08:26]"}
{"level":"info","message":"ruta: /cm/cmfactur/list/detalle - ::1 - [28-03-2024 08:26]"}
{"level":"info","message":"ruta: /cm/cmfactur/preform - ::1 - [28-03-2024 08:26]"}
{"level":"info","message":"ruta: /cm/cmfactur/list/cabecera - ::1 - [28-03-2024 08:26]"}
{"level":"info","message":"ruta: /cm/cmfactur/list/detalle - ::1 - [28-03-2024 08:26]"}
{"level":"info","message":"ruta: /cm/cmfactur/preform - ::1 - [28-03-2024 08:26]"}
{"level":"info","message":"ruta: /cm/cmfactur/list/cabecera - ::1 - [28-03-2024 08:26]"}
{"level":"info","message":"ruta: /cm/cmfactur/list/detalle - ::1 - [28-03-2024 08:26]"}
{"level":"info","message":"ruta: /cm/cmfactur/preform - ::1 - [28-03-2024 08:26]"}
{"level":"info","message":"ruta: /cm/cmfactur/list/cabecera - ::1 - [28-03-2024 08:26]"}
{"level":"info","message":"ruta: /cm/cmfactur/list/detalle - ::1 - [28-03-2024 08:26]"}
{"level":"info","message":"ruta: /cm/cmfactur/list/detalle - ::1 - [28-03-2024 08:26]"}
{"level":"info","message":"ruta: /cm/cmfactur/list/detalle - ::1 - [28-03-2024 08:26]"}
{"level":"info","message":"ruta: /cm/cmfactur/list/detalle - ::1 - [28-03-2024 08:26]"}
{"level":"info","message":"ruta: /cm/cmfactur/list/detalle - ::1 - [28-03-2024 08:26]"}
{"level":"info","message":"ruta: /cm/cmfactur/list/detalle - ::1 - [28-03-2024 08:26]"}
{"level":"info","message":"ruta: /cm/cmfactur/preform - ::1 - [28-03-2024 08:26]"}
{"level":"info","message":"ruta: /cm/cmfactur/list/cabecera - ::1 - [28-03-2024 08:26]"}
{"level":"info","message":"ruta: /cm/cmfactur/list/detalle - ::1 - [28-03-2024 08:26]"}
{"level":"info","message":"ruta: /cm/cmfactur/preform - ::1 - [28-03-2024 08:26]"}
{"level":"info","message":"ruta: /cm/cmfactur/list/cabecera - ::1 - [28-03-2024 08:26]"}
{"level":"info","message":"ruta: /cm/cmfactur/list/detalle - ::1 - [28-03-2024 08:26]"}
{"level":"info","message":"ruta: /cm/cmfactur/preform - ::1 - [28-03-2024 08:26]"}
{"level":"info","message":"ruta: /cm/cmfactur/list/cabecera - ::1 - [28-03-2024 08:26]"}
{"level":"info","message":"ruta: /cm/cmfactur/list/detalle - ::1 - [28-03-2024 08:26]"}
{"level":"info","message":"ruta: /cm/cmfactur/preform - ::1 - [28-03-2024 08:26]"}
{"level":"info","message":"ruta: /cm/cmfactur/list/cabecera - ::1 - [28-03-2024 08:26]"}
{"level":"info","message":"ruta: /cm/cmfactur/list/detalle - ::1 - [28-03-2024 08:26]"}
{"level":"info","message":"ruta: /cm/cmfactur/preform - ::1 - [28-03-2024 08:26]"}
{"level":"info","message":"ruta: /cm/cmfactur/list/cabecera - ::1 - [28-03-2024 08:26]"}
{"level":"info","message":"ruta: /cm/cmfactur/list/detalle - ::1 - [28-03-2024 08:26]"}
{"level":"info","message":"ruta: /cm/cmfactur/preform - ::1 - [28-03-2024 08:26]"}
{"level":"info","message":"ruta: /cm/cmfactur/list/cabecera - ::1 - [28-03-2024 08:26]"}
{"level":"info","message":"ruta: /cm/cmfactur/list/detalle - ::1 - [28-03-2024 08:26]"}
{"level":"info","message":"ruta: /cm/cmfactur/preform - ::1 - [28-03-2024 08:26]"}
{"level":"info","message":"ruta: /cm/cmfactur/list/cabecera - ::1 - [28-03-2024 08:26]"}
{"level":"info","message":"ruta: /cm/cmfactur/list/detalle - ::1 - [28-03-2024 08:26]"}
{"level":"info","message":"ruta: /cm/cmfactur/preform - ::1 - [28-03-2024 08:27]"}
{"level":"info","message":"ruta: /cm/cmfactur/list/cabecera - ::1 - [28-03-2024 08:27]"}
{"level":"info","message":"ruta: /cm/cmfactur/list/detalle - ::1 - [28-03-2024 08:27]"}
{"level":"info","message":"ruta: /cm/cmfactur/preform - ::1 - [28-03-2024 08:27]"}
{"level":"info","message":"ruta: /cm/cmfactur/list/cabecera - ::1 - [28-03-2024 08:27]"}
{"level":"info","message":"ruta: /cm/cmfactur/list/detalle - ::1 - [28-03-2024 08:27]"}
{"level":"info","message":"ruta: /cm/cmcoffac/listcabecera - ::1 - [28-03-2024 08:27]"}
{"level":"info","message":"ruta: /cm/cmfactur/list/cabecera - ::1 - [28-03-2024 08:27]"}
{"level":"info","message":"ruta: /cm/cmfactur/list/detalle - ::1 - [28-03-2024 08:27]"}
{"level":"info","message":"ruta: /cm/cmcoffac/listcabecera - ::1 - [28-03-2024 08:27]"}
{"level":"info","message":"ruta: /cm/cmcoffac/listcabecera - ::1 - [28-03-2024 08:28]"}
{"level":"info","message":"ruta: /cm/cmcoffac/listcabecera - ::1 - [28-03-2024 08:28]"}
{"level":"info","message":"ruta: /cm/cmcoffac/listcabecera - ::1 - [28-03-2024 08:28]"}
{"level":"info","message":"ruta: /cm/cmfactur/list/cabecera - ::1 - [28-03-2024 08:28]"}
{"level":"info","message":"ruta: /cm/cmfactur/list/detalle - ::1 - [28-03-2024 08:28]"}
{"level":"info","message":"ruta: /cm/cmcoffac/listcabecera - ::1 - [28-03-2024 08:28]"}
{"level":"info","message":"ruta: /cm/cmfactur/list/cabecera - ::1 - [28-03-2024 08:28]"}
{"level":"info","message":"ruta: /cm/cmfactur/list/detalle - ::1 - [28-03-2024 08:28]"}
{"level":"info","message":"ruta: /cm/cmcoffac/listcabecera - ::1 - [28-03-2024 08:28]"}
{"level":"info","message":"ruta: /cm/cmfactur/list/cabecera - ::1 - [28-03-2024 08:28]"}
{"level":"info","message":"ruta: /cm/cmfactur/list/detalle - ::1 - [28-03-2024 08:28]"}
{"level":"info","message":"ruta: /cm/cmcoffac/listcabecera - ::1 - [28-03-2024 08:28]"}
{"level":"info","message":"ruta: /cm/cmfactur/list/cabecera - ::1 - [28-03-2024 08:28]"}
{"level":"info","message":"ruta: /cm/cmfactur/list/detalle - ::1 - [28-03-2024 08:28]"}
{"level":"info","message":"ruta: /cm/cmcoffac/listcabecera - ::1 - [28-03-2024 08:28]"}
{"level":"info","message":"ruta: /cm/cmfactur/list/cabecera - ::1 - [28-03-2024 08:28]"}
{"level":"info","message":"ruta: /cm/cmfactur/list/detalle - ::1 - [28-03-2024 08:28]"}
{"level":"info","message":"ruta: /cm/cmcoffac/listcabecera - ::1 - [28-03-2024 08:28]"}
{"level":"info","message":"ruta: /cm/cmfactur/list/cabecera - ::1 - [28-03-2024 08:28]"}
{"level":"info","message":"ruta: /cm/cmfactur/list/detalle - ::1 - [28-03-2024 08:28]"}
{"level":"info","message":"ruta: /cm/cmcoffac/listcabecera - ::1 - [28-03-2024 08:28]"}
{"level":"info","message":"ruta: /cm/cmfactur/preform - ::1 - [28-03-2024 08:28]"}
{"level":"info","message":"ruta: /cm/cmfactur/list/detalle - ::1 - [28-03-2024 08:28]"}
{"level":"info","message":"ruta: /cm/cmfactur/preform - ::1 - [28-03-2024 08:28]"}
{"level":"info","message":"ruta: /cm/cmfactur/list/cabecera - ::1 - [28-03-2024 08:28]"}
{"level":"info","message":"ruta: /cm/cmfactur/list/detalle - ::1 - [28-03-2024 08:28]"}
{"level":"info","message":"ruta: /cm/cmfactur/preform - ::1 - [28-03-2024 08:28]"}
{"level":"info","message":"ruta: /cm/cmfactur/list/cabecera - ::1 - [28-03-2024 08:28]"}
{"level":"info","message":"ruta: /cm/cmfactur/list/detalle - ::1 - [28-03-2024 08:28]"}
{"level":"info","message":"ruta: /cm/cmfactur/preform - ::1 - [28-03-2024 08:28]"}
{"level":"info","message":"ruta: /cm/cmfactur/list/cabecera - ::1 - [28-03-2024 08:28]"}
{"level":"info","message":"ruta: /cm/cmfactur/list/detalle - ::1 - [28-03-2024 08:28]"}
{"level":"info","message":"ruta: /cm/cmfactur/preform - ::1 - [28-03-2024 08:28]"}
{"level":"info","message":"ruta: /cm/cmfactur/list/cabecera - ::1 - [28-03-2024 08:28]"}
{"level":"info","message":"ruta: /cm/cmfactur/list/detalle - ::1 - [28-03-2024 08:28]"}
{"level":"info","message":"ruta: /cm/cmfactur/preform - ::1 - [28-03-2024 08:28]"}
{"level":"info","message":"ruta: /cm/cmfactur/list/cabecera - ::1 - [28-03-2024 08:28]"}
{"level":"info","message":"ruta: /cm/cmfactur/list/detalle - ::1 - [28-03-2024 08:28]"}
{"level":"info","message":"ruta: /cm/cmfactur/preform - ::1 - [28-03-2024 08:28]"}
{"level":"info","message":"ruta: /cm/cmfactur/list/cabecera - ::1 - [28-03-2024 08:28]"}
{"level":"info","message":"ruta: /cm/cmfactur/list/detalle - ::1 - [28-03-2024 08:28]"}
{"level":"info","message":"ruta: /cm/cmcoffac/listcabecera - ::1 - [28-03-2024 08:28]"}
{"level":"info","message":"ruta: /cm/cmfactur/list/cabecera - ::1 - [28-03-2024 08:29]"}
{"level":"info","message":"ruta: /cm/cmfactur/list/detalle - ::1 - [28-03-2024 08:29]"}
{"level":"info","message":"ruta: /cm/cmcoffac/listcabecera - ::1 - [28-03-2024 08:29]"}
{"level":"info","message":"ruta: /cm/cmfactur/list/cabecera - ::1 - [28-03-2024 08:29]"}
{"level":"info","message":"ruta: /cm/cmfactur/list/detalle - ::1 - [28-03-2024 08:29]"}
{"level":"info","message":"ruta: /cm/cmcoffac/listcabecera - ::1 - [28-03-2024 08:29]"}
{"level":"info","message":"ruta: /cm/cmfactur/list/cabecera - ::1 - [28-03-2024 08:29]"}
{"level":"info","message":"ruta: /cm/cmfactur/list/detalle - ::1 - [28-03-2024 08:29]"}
{"level":"info","message":"ruta: /cm/cmcoffac/listcabecera - ::1 - [28-03-2024 08:29]"}
{"level":"info","message":"ruta: /cm/cmfactur/list/cabecera - ::1 - [28-03-2024 08:29]"}
{"level":"info","message":"ruta: /cm/cmfactur/list/detalle - ::1 - [28-03-2024 08:29]"}
{"level":"info","message":"ruta: /cm/cmcoffac/listcabecera - ::1 - [28-03-2024 08:29]"}
{"level":"info","message":"ruta: /cm/cmfactur/list/cabecera - ::1 - [28-03-2024 08:29]"}
{"level":"info","message":"ruta: /cm/cmfactur/list/detalle - ::1 - [28-03-2024 08:29]"}
{"level":"info","message":"ruta: /cm/cmcoffac/listcabecera - ::1 - [28-03-2024 08:29]"}
{"level":"info","message":"ruta: /cm/cmcoffac/listcabecera - ::1 - [28-03-2024 08:30]"}
{"level":"info","message":"ruta: /cm/cmfactur/list/cabecera - ::1 - [28-03-2024 08:30]"}
{"level":"info","message":"ruta: /cm/cmfactur/list/detalle - ::1 - [28-03-2024 08:30]"}
{"level":"info","message":"ruta: /cm/cmcoffac/listcabecera - ::1 - [28-03-2024 08:30]"}
{"level":"info","message":"ruta: /cm/cmfactur/list/cabecera - ::1 - [28-03-2024 08:30]"}
{"level":"info","message":"ruta: /cm/cmfactur/list/detalle - ::1 - [28-03-2024 08:30]"}
{"level":"info","message":"ruta: /cm/cmcoffac/listcabecera - ::1 - [28-03-2024 08:43]"}
{"level":"info","message":"ruta: /cm/cmfactur/list/cabecera - ::1 - [28-03-2024 08:43]"}
{"level":"info","message":"ruta: /cm/cmfactur/list/detalle - ::1 - [28-03-2024 08:43]"}
{"level":"info","message":"ruta: /cm/cmcoffac/listcabecera - ::1 - [28-03-2024 08:43]"}
{"level":"info","message":"ruta: /cm/cmfactur/list/cabecera - ::1 - [28-03-2024 08:43]"}
{"level":"info","message":"ruta: /cm/cmfactur/list/detalle - ::1 - [28-03-2024 08:43]"}
{"level":"info","message":"ruta: /cm/cmcoffac/listcabecera - ::1 - [28-03-2024 08:43]"}
{"level":"info","message":"ruta: /cm/cmfactur/list/cabecera - ::1 - [28-03-2024 08:43]"}
{"level":"info","message":"ruta: /cm/cmfactur/list/detalle - ::1 - [28-03-2024 08:43]"}
{"level":"info","message":"ruta: /cm/cmcoffac/listcabecera - ::1 - [28-03-2024 08:43]"}
{"level":"info","message":"ruta: /cm/cmfactur/list/cabecera - ::1 - [28-03-2024 08:43]"}
{"level":"info","message":"ruta: /cm/cmfactur/list/detalle - ::1 - [28-03-2024 08:43]"}
{"level":"info","message":"ruta: /cm/cmcoffac/listcabecera - ::1 - [28-03-2024 08:43]"}
{"level":"info","message":"ruta: /cm/cmfactur/list/cabecera - ::1 - [28-03-2024 08:44]"}
{"level":"info","message":"ruta: /cm/cmfactur/list/detalle - ::1 - [28-03-2024 08:44]"}
{"level":"info","message":"ruta: /cm/cmcoffac/listcabecera - ::1 - [28-03-2024 08:44]"}
{"level":"info","message":"ruta: /cm/cmfactur/list/cabecera - ::1 - [28-03-2024 08:44]"}
{"level":"info","message":"ruta: /cm/cmfactur/list/detalle - ::1 - [28-03-2024 08:44]"}
{"level":"info","message":"ruta: /cm/cmcoffac/listcabecera - ::1 - [28-03-2024 08:44]"}
{"level":"info","message":"ruta: /cm/cmfactur/list/cabecera - ::1 - [28-03-2024 08:44]"}
{"level":"info","message":"ruta: /cm/cmfactur/list/detalle - ::1 - [28-03-2024 08:44]"}
{"level":"info","message":"ruta: /cm/cmcoffac/listcabecera - ::1 - [28-03-2024 08:44]"}
{"level":"info","message":"ruta: /cm/cmfactur/list/cabecera - ::1 - [28-03-2024 08:44]"}
{"level":"info","message":"ruta: /cm/cmfactur/list/detalle - ::1 - [28-03-2024 08:44]"}
{"level":"info","message":"ruta: /cm/cmcoffac/listcabecera - ::1 - [28-03-2024 08:44]"}
{"level":"info","message":"ruta: /cm/cmcoffac/listcabecera - ::1 - [28-03-2024 08:45]"}
{"level":"info","message":"ruta: /cm/cmcoffac/listcabecera - ::1 - [28-03-2024 08:49]"}
{"level":"info","message":"ruta: /cm/cmcoffac/listcabecera - ::1 - [28-03-2024 08:50]"}
{"level":"info","message":"ruta: /cm/cmcoffac/listcabecera - ::1 - [28-03-2024 08:50]"}
{"level":"info","message":"ruta: /cm/cmcoffac/listcabecera - ::1 - [28-03-2024 08:51]"}
{"level":"info","message":"ruta: /cm/cmcoffac/listcabecera - ::1 - [28-03-2024 08:55]"}
{"level":"info","message":"ruta: /cm/cmcoffac/listcabecera - ::1 - [28-03-2024 08:55]"}
{"level":"info","message":"ruta: /cm/cmcoffac/listcabecera - ::1 - [28-03-2024 08:55]"}
{"level":"info","message":"ruta: /cm/cmcoffac/listcabecera - ::1 - [28-03-2024 09:13]"}
{"level":"info","message":"ruta: /cm/cmcoffac/report - ::1 - [28-03-2024 09:13]"}
{"level":"info","message":"ruta: /cm/cmcoffac/listcabecera - ::1 - [28-03-2024 09:14]"}
{"level":"info","message":"ruta: /cm/cmcoffac/listcabecera - ::1 - [28-03-2024 09:15]"}
{"level":"info","message":"ruta: /cm/cmcoffac/listcabecera - ::1 - [28-03-2024 09:15]"}
{"level":"info","message":"ruta: /cm/cmfactur/list/cabecera - ::1 - [28-03-2024 09:15]"}
{"level":"info","message":"ruta: /cm/cmfactur/list/detalle - ::1 - [28-03-2024 09:15]"}
{"level":"info","message":"ruta: /cm/cmcoffac/listcabecera - ::1 - [28-03-2024 09:15]"}
{"level":"info","message":"ruta: /cm/cmcoffac/report - ::1 - [28-03-2024 09:15]"}
{"level":"info","message":"ruta: /cm/cmcoffac/report - ::1 - [28-03-2024 09:16]"}
{"level":"info","message":"ruta: /st/starticu/list/relaciones - ::1 - [28-03-2024 09:16]"}
{"level":"info","message":"ruta: /st/starticu/list/relaciones - ::1 - [28-03-2024 09:16]"}
{"level":"info","message":"ruta: /st/starticu/list/articulo - ::1 - [28-03-2024 09:16]"}
{"level":"info","message":"ruta: /st/starticu/list/postqueryCab - ::1 - [28-03-2024 09:16]"}
{"level":"info","message":"ruta: /st/starticu/list/relaciones - ::1 - [28-03-2024 09:16]"}
{"level":"info","message":"ruta: /st/starticu/list/relaciones - ::1 - [28-03-2024 09:16]"}
{"level":"info","message":"ruta: /st/starticu/list/articulo - ::1 - [28-03-2024 09:16]"}
{"level":"info","message":"ruta: /st/starticu/list/postqueryCab - ::1 - [28-03-2024 09:16]"}
{"level":"info","message":"ruta: /st/starticu/list/relaciones - ::1 - [28-03-2024 09:16]"}
{"level":"info","message":"ruta: /st/stentsal/list/detalle - ::1 - [28-03-2024 09:17]"}
{"level":"info","message":"ruta: /cm/cmcoffac/listcabecera - ::1 - [28-03-2024 09:17]"}
{"level":"info","message":"ruta: /cm/cmcoffac/report - ::1 - [28-03-2024 09:17]"}
{"level":"info","message":"ruta: /cm/cmcoffac/report - ::1 - [28-03-2024 09:17]"}
{"level":"info","message":"ruta: /cm/cmfactur/list/cabecera - ::1 - [28-03-2024 09:17]"}
{"level":"info","message":"ruta: /cm/cmfactur/list/detalle - ::1 - [28-03-2024 09:17]"}
{"level":"info","message":"ruta: /cm/cmcoffac/listcabecera - ::1 - [28-03-2024 09:18]"}
{"level":"info","message":"ruta: /cm/cmcoffac/report - ::1 - [28-03-2024 09:19]"}
{"level":"info","message":"ruta: /cm/cmcoffac/report - ::1 - [28-03-2024 09:20]"}
{"level":"info","message":"ruta: /cm/cmcoffac/report - ::1 - [28-03-2024 09:20]"}
{"level":"info","message":"ruta: /cm/cmcoffac/report - ::1 - [28-03-2024 09:20]"}
{"level":"info","message":"ruta: /cm/cmcoffac/report - ::1 - [28-03-2024 09:22]"}
{"level":"info","message":"ruta: /cm/cmcoffac/report - ::1 - [28-03-2024 09:22]"}
{"level":"info","message":"ruta: /cm/cmcoffac/report - ::1 - [28-03-2024 09:22]"}
{"level":"info","message":"ruta: /cm/cmcoffac/report - ::1 - [28-03-2024 09:22]"}
{"level":"info","message":"ruta: /cm/cmcoffac/report - ::1 - [28-03-2024 09:22]"}
{"level":"info","message":"ruta: /cm/cmcoffac/report - ::1 - [28-03-2024 09:22]"}
{"level":"info","message":"ruta: /cm/cmcoffac/listcabecera - ::1 - [28-03-2024 09:23]"}
{"level":"info","message":"ruta: /cm/cmfactur/list/cabecera - ::1 - [28-03-2024 09:23]"}
{"level":"info","message":"ruta: /cm/cmfactur/list/detalle - ::1 - [28-03-2024 09:23]"}
{"level":"info","message":"ruta: /cm/cmcoffac/listcabecera - ::1 - [28-03-2024 09:23]"}
{"level":"info","message":"ruta: /cm/cmcoffac/listcabecera - ::1 - [28-03-2024 09:24]"}
{"level":"info","message":"ruta: /cm/cmcoffac/listcabecera - ::1 - [28-03-2024 09:25]"}
{"level":"info","message":"ruta: /cm/cmcoffac/listcabecera - ::1 - [28-03-2024 09:25]"}
{"level":"info","message":"ruta: /cm/cmcoffac/listcabecera - ::1 - [28-03-2024 09:26]"}
{"level":"info","message":"ruta: /cm/cmcoffac/listcabecera - ::1 - [28-03-2024 09:26]"}
{"level":"info","message":"ruta: /cm/cmcoffac/listcabecera - ::1 - [28-03-2024 09:26]"}
{"level":"info","message":"ruta: /cm/cmcoffac/listcabecera - ::1 - [28-03-2024 09:26]"}
{"level":"info","message":"ruta: /cm/cmcoffac/listcabecera - ::1 - [28-03-2024 09:27]"}
{"level":"info","message":"ruta: /cm/cmcoffac/listcabecera - ::1 - [28-03-2024 09:27]"}
{"level":"info","message":"ruta: /cm/cmcoffac/listcabecera - ::1 - [28-03-2024 09:27]"}
{"level":"info","message":"ruta: /cm/cmcoffac/report - ::1 - [28-03-2024 09:27]"}
{"level":"info","message":"ruta: /cm/cmcoffac/report - ::1 - [28-03-2024 09:27]"}
{"level":"info","message":"ruta: /cm/cmfactur/list/cabecera - ::1 - [28-03-2024 09:27]"}
{"level":"info","message":"ruta: /cm/cmfactur/list/detalle - ::1 - [28-03-2024 09:27]"}
{"level":"info","message":"ruta: /cm/cmcoffac/listcabecera - ::1 - [28-03-2024 09:27]"}
{"level":"info","message":"ruta: /cm/cmcoffac/listcabecera - ::1 - [28-03-2024 09:28]"}
{"level":"info","message":"ruta: /cm/cmfactur/list/cabecera - ::1 - [28-03-2024 09:28]"}
{"level":"info","message":"ruta: /cm/cmfactur/list/detalle - ::1 - [28-03-2024 09:28]"}
{"level":"info","message":"ruta: /cm/cmcoffac/listcabecera - ::1 - [28-03-2024 09:29]"}
{"level":"info","message":"ruta: /cm/cmcoffac/report - ::1 - [28-03-2024 09:29]"}
{"level":"info","message":"ruta: /cm/cmcoffac/listcabecera - ::1 - [28-03-2024 09:31]"}
{"level":"info","message":"ruta: /cm/cmcoffac/listcabecera - ::1 - [28-03-2024 09:31]"}
{"level":"info","message":"ruta: /cm/cmcoffac/listcabecera - ::1 - [28-03-2024 09:31]"}
{"level":"info","message":"ruta: /cm/cmcoffac/listcabecera - ::1 - [28-03-2024 09:31]"}
{"level":"info","message":"ruta: /cm/cmcoffac/listcabecera - ::1 - [28-03-2024 09:32]"}
{"level":"info","message":"ruta: /cm/cmcoffac/listcabecera - ::1 - [28-03-2024 09:32]"}
{"level":"info","message":"ruta: /cm/cmcoffac/listcabecera - ::1 - [28-03-2024 09:33]"}
{"level":"info","message":"ruta: /cm/cmcoffac/listcabecera - ::1 - [28-03-2024 09:33]"}
{"level":"info","message":"ruta: /cm/cmcoffac/listcabecera - ::1 - [28-03-2024 09:33]"}
{"level":"info","message":"ruta: /cm/cmcoffac/listcabecera - ::1 - [28-03-2024 09:34]"}
{"level":"info","message":"ruta: /cm/cmcoffac/report - ::1 - [28-03-2024 09:34]"}
{"level":"info","message":"ruta: /cm/cmcoffac/listcabecera - ::1 - [28-03-2024 09:34]"}
{"level":"info","message":"ruta: /cm/cmcoffac/listcabecera - ::1 - [28-03-2024 09:34]"}
{"level":"info","message":"ruta: /cm/cmcoffac/listcabecera - ::1 - [28-03-2024 09:35]"}
{"level":"info","message":"ruta: /cm/cmcoffac/listcabecera - ::1 - [28-03-2024 09:35]"}
{"level":"info","message":"ruta: /cm/cmcoffac/listcabecera - ::1 - [28-03-2024 09:35]"}
{"level":"info","message":"ruta: /cm/cmcoffac/listcabecera - ::1 - [28-03-2024 09:35]"}
{"level":"info","message":"ruta: /cm/cmcoffac/listcabecera - ::1 - [28-03-2024 09:35]"}
{"level":"info","message":"ruta: /cm/cmcoffac/listcabecera - ::1 - [28-03-2024 09:36]"}
{"level":"info","message":"ruta: /cm/cmcoffac/listcabecera - ::1 - [28-03-2024 09:36]"}
{"level":"info","message":"ruta: /cm/cmcoffac/listcabecera - ::1 - [28-03-2024 09:36]"}
{"level":"info","message":"ruta: /cm/cmcoffac/listcabecera - ::1 - [28-03-2024 09:36]"}
{"level":"info","message":"ruta: /cm/cmcoffac/report - ::1 - [28-03-2024 09:36]"}
{"level":"info","message":"ruta: /cm/cmcoffac/report - ::1 - [28-03-2024 09:36]"}
{"level":"info","message":"ruta: /cm/cmcoffac/report - ::1 - [28-03-2024 09:36]"}
{"level":"info","message":"ruta: /cm/cmcoffac/report - ::1 - [28-03-2024 09:36]"}
{"level":"info","message":"ruta: /cm/cmcoffac/report - ::1 - [28-03-2024 09:37]"}
{"level":"info","message":"ruta: /st/stenvio/buscar/tipCambio - ::1 - [28-03-2024 09:37]"}
{"level":"info","message":"ruta: /st/stenvio/list/detalle - ::1 - [28-03-2024 09:37]"}
{"level":"info","message":"ruta: /st/stentsal/list/detalle - ::1 - [28-03-2024 09:37]"}
{"level":"info","message":"ruta: /st/stenvio/buscar/tipCambio - ::1 - [28-03-2024 09:37]"}
{"level":"info","message":"ruta: /st/stenvio/list/detalle - ::1 - [28-03-2024 09:37]"}
{"level":"info","message":"ruta: /st/starticu/list/relaciones - ::1 - [28-03-2024 09:37]"}
{"level":"info","message":"ruta: /st/starticu/list/relaciones - ::1 - [28-03-2024 09:37]"}
{"level":"info","message":"ruta: /st/starticu/list/articulo - ::1 - [28-03-2024 09:37]"}
{"level":"info","message":"ruta: /st/starticu/list/postqueryCab - ::1 - [28-03-2024 09:37]"}
{"level":"info","message":"ruta: /st/starticu/list/relaciones - ::1 - [28-03-2024 09:37]"}
{"level":"info","message":"ruta: /st/starticu/list/relaciones - ::1 - [28-03-2024 09:37]"}
{"level":"info","message":"ruta: /st/starticu/list/relaciones - ::1 - [28-03-2024 09:37]"}
{"level":"info","message":"ruta: /st/starticu/list/postqueryCab - ::1 - [28-03-2024 09:37]"}
{"level":"info","message":"ruta: /st/starticu/list/relaciones - ::1 - [28-03-2024 09:37]"}
{"level":"info","message":"ruta: /st/starticu/list/postqueryCab - ::1 - [28-03-2024 09:37]"}
{"level":"info","message":"ruta: /st/starticu/list/relaciones - ::1 - [28-03-2024 09:37]"}
{"level":"info","message":"ruta: /st/starticu/list/postqueryCab - ::1 - [28-03-2024 09:37]"}
{"level":"info","message":"ruta: /st/starticu/list/relaciones - ::1 - [28-03-2024 09:37]"}
{"level":"info","message":"ruta: /st/starticu/list/postqueryCab - ::1 - [28-03-2024 09:37]"}
{"level":"info","message":"ruta: /st/starticu/list/relaciones - ::1 - [28-03-2024 09:37]"}
{"level":"info","message":"ruta: /st/starticu/buscar/proveedor - ::1 - [28-03-2024 09:37]"}
{"level":"info","message":"ruta: /st/starticu/valida/proveedor - ::1 - [28-03-2024 09:37]"}
{"level":"info","message":"ruta: /st/starticu/buscar/marca - ::1 - [28-03-2024 09:37]"}
{"level":"info","message":"ruta: /st/starticu/valida/marca - ::1 - [28-03-2024 09:37]"}
{"level":"info","message":"ruta: /st/starticu/valida/marca - ::1 - [28-03-2024 09:37]"}
{"level":"info","message":"ruta: /st/starticu/valida/linea - ::1 - [28-03-2024 09:37]"}
{"level":"info","message":"ruta: /st/starticu/valida/linea - ::1 - [28-03-2024 09:37]"}
{"level":"info","message":"ruta: /st/starticu/valida/linea - ::1 - [28-03-2024 09:37]"}
{"level":"info","message":"ruta: /st/starticu/valida/linea - ::1 - [28-03-2024 09:37]"}
{"level":"info","message":"ruta: /st/starticu/buscar/linea - ::1 - [28-03-2024 09:37]"}
{"level":"info","message":"ruta: /st/starticu/valida/linea - ::1 - [28-03-2024 09:37]"}
{"level":"info","message":"ruta: /st/starticu/buscar/proveedor - ::1 - [28-03-2024 09:37]"}
{"level":"info","message":"ruta: /st/starticu/valida/proveedor - ::1 - [28-03-2024 09:38]"}
{"level":"info","message":"ruta: /st/starticu/buscar/marca - ::1 - [28-03-2024 09:38]"}
{"level":"info","message":"ruta: /st/starticu/valida/marca - ::1 - [28-03-2024 09:38]"}
{"level":"info","message":"ruta: /st/starticu/buscar/linea - ::1 - [28-03-2024 09:38]"}
{"level":"info","message":"ruta: /st/starticu/buscar/marca - ::1 - [28-03-2024 09:38]"}
{"level":"info","message":"ruta: /st/starticu/valida/marca - ::1 - [28-03-2024 09:38]"}
{"level":"info","message":"ruta: /st/starticu/buscar/linea - ::1 - [28-03-2024 09:38]"}
{"level":"info","message":"ruta: /st/starticu/buscar/proveedor - ::1 - [28-03-2024 09:38]"}
{"level":"info","message":"ruta: /st/starticu/buscar/proveedor - ::1 - [28-03-2024 09:38]"}
{"level":"info","message":"ruta: /st/starticu/valida/proveedor - ::1 - [28-03-2024 09:38]"}
{"level":"info","message":"ruta: /st/starticu/buscar/marca - ::1 - [28-03-2024 09:38]"}
{"level":"info","message":"ruta: /st/starticu/valida/marca - ::1 - [28-03-2024 09:38]"}
{"level":"info","message":"ruta: /st/starticu/buscar/linea - ::1 - [28-03-2024 09:38]"}
{"level":"info","message":"ruta: /st/starticu/valida/linea - ::1 - [28-03-2024 09:38]"}
{"level":"info","message":"ruta: /st/starticu/buscar/segmento - ::1 - [28-03-2024 09:38]"}
{"level":"info","message":"ruta: /st/starticu/valida/segmento - ::1 - [28-03-2024 09:38]"}
{"level":"info","message":"ruta: /st/starticu/buscar/rubro - ::1 - [28-03-2024 09:38]"}
{"level":"info","message":"ruta: /st/starticu/valida/rubro - ::1 - [28-03-2024 09:38]"}
{"level":"info","message":"ruta: /st/starticu/buscar/grupo - ::1 - [28-03-2024 09:38]"}
{"level":"info","message":"ruta: /st/starticu - ::1 - [28-03-2024 09:38]"}
{"level":"info","message":"ruta: /st/starticu - ::1 - [28-03-2024 09:40]"}
{"level":"info","message":"ruta: /st/starticu - ::1 - [28-03-2024 09:41]"}
{"level":"info","message":"ruta: /st/starticu - ::1 - [28-03-2024 09:41]"}
{"level":"info","message":"ruta: /st/starticu - ::1 - [28-03-2024 09:42]"}
{"level":"info","message":"ruta: /st/starticu/list/relaciones - ::1 - [28-03-2024 09:44]"}
{"level":"info","message":"ruta: /st/starticu/list/relaciones - ::1 - [28-03-2024 09:44]"}
{"level":"info","message":"ruta: /st/starticu/list/articulo - ::1 - [28-03-2024 09:44]"}
{"level":"info","message":"ruta: /st/starticu/list/postqueryCab - ::1 - [28-03-2024 09:44]"}
{"level":"info","message":"ruta: /st/starticu/list/relaciones - ::1 - [28-03-2024 09:44]"}
{"level":"info","message":"ruta: /st/starticu/list/postqueryCab - ::1 - [28-03-2024 09:44]"}
{"level":"info","message":"ruta: /st/starticu/list/relaciones - ::1 - [28-03-2024 09:44]"}
{"level":"info","message":"ruta: /st/starticu/list/postqueryCab - ::1 - [28-03-2024 09:45]"}
{"level":"info","message":"ruta: /st/starticu/list/relaciones - ::1 - [28-03-2024 09:45]"}
{"level":"info","message":"ruta: /st/starticu/list/postqueryCab - ::1 - [28-03-2024 09:45]"}
{"level":"info","message":"ruta: /st/starticu/list/relaciones - ::1 - [28-03-2024 09:45]"}
{"level":"info","message":"ruta: /st/starticu/list/postqueryCab - ::1 - [28-03-2024 09:45]"}
{"level":"info","message":"ruta: /st/starticu/list/relaciones - ::1 - [28-03-2024 09:45]"}
{"level":"info","message":"ruta: /st/starticu/buscar/proveedor - ::1 - [28-03-2024 09:45]"}
{"level":"info","message":"ruta: /st/starticu/valida/proveedor - ::1 - [28-03-2024 09:45]"}
{"level":"info","message":"ruta: /st/starticu/buscar/marca - ::1 - [28-03-2024 09:45]"}
{"level":"info","message":"ruta: /st/starticu/valida/marca - ::1 - [28-03-2024 09:45]"}
{"level":"info","message":"ruta: /st/starticu/buscar/linea - ::1 - [28-03-2024 09:45]"}
{"level":"info","message":"ruta: /st/starticu/valida/linea - ::1 - [28-03-2024 09:45]"}
{"level":"info","message":"ruta: /st/starticu/buscar/segmento - ::1 - [28-03-2024 09:45]"}
{"level":"info","message":"ruta: /st/starticu/valida/segmento - ::1 - [28-03-2024 09:45]"}
{"level":"info","message":"ruta: /st/starticu/buscar/rubro - ::1 - [28-03-2024 09:45]"}
{"level":"info","message":"ruta: /st/starticu/valida/rubro - ::1 - [28-03-2024 09:45]"}
{"level":"info","message":"ruta: /st/starticu/buscar/grupo - ::1 - [28-03-2024 09:45]"}
{"level":"info","message":"ruta: /st/starticu/valida/grupo - ::1 - [28-03-2024 09:45]"}
{"level":"info","message":"ruta: /st/starticu - ::1 - [28-03-2024 09:45]"}
{"level":"info","message":"ruta: /st/starticu - ::1 - [28-03-2024 09:46]"}
{"level":"info","message":"ruta: /st/starticu/list/relaciones - ::1 - [28-03-2024 09:49]"}
{"level":"info","message":"ruta: /st/starticu/list/relaciones - ::1 - [28-03-2024 09:50]"}
{"level":"info","message":"ruta: /st/starticu/list/articulo - ::1 - [28-03-2024 09:50]"}
{"level":"info","message":"ruta: /st/starticu/list/postqueryCab - ::1 - [28-03-2024 09:50]"}
{"level":"info","message":"ruta: /st/starticu/list/relaciones - ::1 - [28-03-2024 09:50]"}
{"level":"info","message":"ruta: /st/starticu/list/postqueryCab - ::1 - [28-03-2024 09:50]"}
{"level":"info","message":"ruta: /st/starticu/list/relaciones - ::1 - [28-03-2024 09:50]"}
{"level":"info","message":"ruta: /st/starticu/list/postqueryCab - ::1 - [28-03-2024 09:50]"}
{"level":"info","message":"ruta: /st/starticu/list/postqueryCab - ::1 - [28-03-2024 09:50]"}
{"level":"info","message":"ruta: /st/starticu/list/relaciones - ::1 - [28-03-2024 09:50]"}
{"level":"info","message":"ruta: /st/starticu/list/relaciones - ::1 - [28-03-2024 09:50]"}
{"level":"info","message":"ruta: /st/starticu/list/postqueryCab - ::1 - [28-03-2024 09:51]"}
{"level":"info","message":"ruta: /st/starticu/list/relaciones - ::1 - [28-03-2024 09:56]"}
{"level":"info","message":"ruta: /st/starticu/list/relaciones - ::1 - [28-03-2024 09:56]"}
{"level":"info","message":"ruta: /st/starticu/list/relaciones - ::1 - [28-03-2024 09:56]"}
{"level":"info","message":"ruta: /st/starticu/list/relaciones - ::1 - [28-03-2024 09:56]"}
{"level":"info","message":"ruta: /st/starticu/list/relaciones - ::1 - [28-03-2024 09:56]"}
{"level":"info","message":"ruta: /st/starticu/list/relaciones - ::1 - [28-03-2024 09:56]"}
{"level":"info","message":"ruta: /st/starticu/list/articulo - ::1 - [28-03-2024 09:56]"}
{"level":"info","message":"ruta: /st/starticu/list/postqueryCab - ::1 - [28-03-2024 09:56]"}
{"level":"info","message":"ruta: /st/starticu/list/relaciones - ::1 - [28-03-2024 09:56]"}
{"level":"info","message":"ruta: /st/starticu/list/relaciones - ::1 - [28-03-2024 09:56]"}
{"level":"info","message":"ruta: /st/starticu/list/postqueryCab - ::1 - [28-03-2024 09:56]"}
{"level":"info","message":"ruta: /st/starticu/list/postqueryCab - ::1 - [28-03-2024 09:56]"}
{"level":"info","message":"ruta: /st/starticu/list/relaciones - ::1 - [28-03-2024 09:56]"}
{"level":"info","message":"ruta: /st/starticu/list/relaciones - ::1 - [28-03-2024 09:56]"}
{"level":"info","message":"ruta: /st/starticu/list/postqueryCab - ::1 - [28-03-2024 09:56]"}
{"level":"info","message":"ruta: /st/starticu/list/relaciones - ::1 - [28-03-2024 09:56]"}
{"level":"info","message":"ruta: /st/starticu/list/postqueryCab - ::1 - [28-03-2024 09:56]"}
{"level":"info","message":"ruta: /st/starticu/list/relaciones - ::1 - [28-03-2024 09:56]"}
{"level":"info","message":"ruta: /st/starticu/list/postqueryCab - ::1 - [28-03-2024 09:56]"}
{"level":"info","message":"ruta: /st/starticu/list/relaciones - ::1 - [28-03-2024 09:56]"}
{"level":"info","message":"ruta: /st/starticu/list/relaciones - ::1 - [28-03-2024 09:56]"}
{"level":"info","message":"ruta: /st/starticu/list/relaciones - ::1 - [28-03-2024 09:56]"}
{"level":"info","message":"ruta: /st/starticu/list/relaciones - ::1 - [28-03-2024 09:56]"}
{"level":"info","message":"ruta: /st/starticu/list/articulo - ::1 - [28-03-2024 09:56]"}
{"level":"info","message":"ruta: /st/starticu/list/postqueryCab - ::1 - [28-03-2024 09:56]"}
{"level":"info","message":"ruta: /st/starticu/list/relaciones - ::1 - [28-03-2024 09:56]"}
{"level":"info","message":"ruta: /st/starticu/list/postqueryCab - ::1 - [28-03-2024 09:56]"}
{"level":"info","message":"ruta: /st/starticu/list/relaciones - ::1 - [28-03-2024 09:56]"}
{"level":"info","message":"ruta: /st/starticu/list/postqueryCab - ::1 - [28-03-2024 09:56]"}
{"level":"info","message":"ruta: /st/starticu/list/relaciones - ::1 - [28-03-2024 09:56]"}
{"level":"info","message":"ruta: /st/starticu/list/postqueryCab - ::1 - [28-03-2024 09:56]"}
{"level":"info","message":"ruta: /st/starticu/list/relaciones - ::1 - [28-03-2024 09:56]"}
{"level":"info","message":"ruta: /st/starticu/list/postqueryCab - ::1 - [28-03-2024 09:56]"}
{"level":"info","message":"ruta: /st/starticu/list/relaciones - ::1 - [28-03-2024 09:57]"}
{"level":"info","message":"ruta: /st/starticu/list/relaciones - ::1 - [28-03-2024 09:57]"}
{"level":"info","message":"ruta: /st/starticu/list/relaciones - ::1 - [28-03-2024 09:57]"}
{"level":"info","message":"ruta: /st/starticu/list/articulo - ::1 - [28-03-2024 09:57]"}
{"level":"info","message":"ruta: /st/starticu/list/postqueryCab - ::1 - [28-03-2024 09:57]"}
{"level":"info","message":"ruta: /st/starticu/list/relaciones - ::1 - [28-03-2024 09:57]"}
{"level":"info","message":"ruta: /st/starticu/list/relaciones - ::1 - [28-03-2024 09:57]"}
{"level":"info","message":"ruta: /st/starticu/list/relaciones - ::1 - [28-03-2024 09:57]"}
{"level":"info","message":"ruta: /st/starticu/list/postqueryCab - ::1 - [28-03-2024 09:57]"}
{"level":"info","message":"ruta: /st/starticu/list/postqueryCab - ::1 - [28-03-2024 09:57]"}
{"level":"info","message":"ruta: /st/starticu/list/relaciones - ::1 - [28-03-2024 09:57]"}
{"level":"info","message":"ruta: /st/starticu/list/relaciones - ::1 - [28-03-2024 09:57]"}
{"level":"info","message":"ruta: /st/starticu/list/postqueryCab - ::1 - [28-03-2024 09:57]"}
{"level":"info","message":"ruta: /st/starticu/list/relaciones - ::1 - [28-03-2024 09:57]"}
{"level":"info","message":"ruta: /st/starticu/list/postqueryCab - ::1 - [28-03-2024 09:57]"}
{"level":"info","message":"ruta: /st/starticu/list/relaciones - ::1 - [28-03-2024 09:58]"}
{"level":"info","message":"ruta: /st/starticu/valida/proveedor - ::1 - [28-03-2024 09:58]"}
{"level":"info","message":"ruta: /st/starticu/valida/marca - ::1 - [28-03-2024 09:58]"}
{"level":"info","message":"ruta: /st/starticu/valida/marca - ::1 - [28-03-2024 09:58]"}
{"level":"info","message":"ruta: /st/starticu/valida/marca - ::1 - [28-03-2024 09:58]"}
{"level":"info","message":"ruta: /st/starticu/valida/linea - ::1 - [28-03-2024 09:58]"}
{"level":"info","message":"ruta: /st/starticu/valida/linea - ::1 - [28-03-2024 09:58]"}
{"level":"info","message":"ruta: /st/starticu/buscar/marca - ::1 - [28-03-2024 09:58]"}
{"level":"info","message":"ruta: /st/starticu/valida/marca - ::1 - [28-03-2024 09:58]"}
{"level":"info","message":"ruta: /st/starticu/buscar/marca - ::1 - [28-03-2024 09:59]"}
{"level":"info","message":"ruta: /st/starticu/buscar/proveedor - ::1 - [28-03-2024 09:59]"}
{"level":"info","message":"ruta: /st/starticu/valida/proveedor - ::1 - [28-03-2024 09:59]"}
{"level":"info","message":"ruta: /st/starticu/buscar/marca - ::1 - [28-03-2024 09:59]"}
{"level":"info","message":"ruta: /st/starticu/buscar/linea - ::1 - [28-03-2024 10:00]"}
{"level":"info","message":"ruta: /st/starticu/buscar/segmento - ::1 - [28-03-2024 10:01]"}
{"level":"info","message":"ruta: /st/starticu/buscar/rubro - ::1 - [28-03-2024 10:01]"}
{"level":"info","message":"ruta: /st/starticu/buscar/grupo - ::1 - [28-03-2024 10:02]"}
{"level":"info","message":"ruta: /st/starticu/buscar/iva - ::1 - [28-03-2024 10:02]"}
{"level":"info","message":"ruta: /st/starticu/list/relaciones - ::1 - [28-03-2024 10:02]"}
{"level":"info","message":"ruta: /st/starticu/list/relaciones - ::1 - [28-03-2024 10:02]"}
{"level":"info","message":"ruta: /st/starticu/list/articulo - ::1 - [28-03-2024 10:02]"}
{"level":"info","message":"ruta: /st/starticu/list/postqueryCab - ::1 - [28-03-2024 10:02]"}
{"level":"info","message":"ruta: /st/starticu/list/relaciones - ::1 - [28-03-2024 10:02]"}
{"level":"info","message":"ruta: /st/starticu/list/postqueryCab - ::1 - [28-03-2024 10:02]"}
{"level":"info","message":"ruta: /st/starticu/list/relaciones - ::1 - [28-03-2024 10:02]"}
{"level":"info","message":"ruta: /st/starticu/list/postqueryCab - ::1 - [28-03-2024 10:02]"}
{"level":"info","message":"ruta: /st/starticu/list/relaciones - ::1 - [28-03-2024 10:02]"}
{"level":"info","message":"ruta: /st/starticu/list/postqueryCab - ::1 - [28-03-2024 10:02]"}
{"level":"info","message":"ruta: /st/starticu/list/relaciones - ::1 - [28-03-2024 10:02]"}
{"level":"info","message":"ruta: /st/starticu/list/postqueryCab - ::1 - [28-03-2024 10:02]"}
{"level":"info","message":"ruta: /st/starticu/list/relaciones - ::1 - [28-03-2024 10:02]"}
{"level":"info","message":"ruta: /st/starticu/valida/proveedor - ::1 - [28-03-2024 10:02]"}
{"level":"info","message":"ruta: /st/starticu/buscar/marca - ::1 - [28-03-2024 10:02]"}
{"level":"info","message":"ruta: /st/starticu/valida/marca - ::1 - [28-03-2024 10:02]"}
{"level":"info","message":"ruta: /st/starticu/buscar/linea - ::1 - [28-03-2024 10:02]"}
{"level":"info","message":"ruta: /st/starticu/valida/linea - ::1 - [28-03-2024 10:02]"}
{"level":"info","message":"ruta: /st/starticu/valida/segmento - ::1 - [28-03-2024 10:02]"}
{"level":"info","message":"ruta: /st/starticu/buscar/rubro - ::1 - [28-03-2024 10:02]"}
{"level":"info","message":"ruta: /st/starticu/valida/rubro - ::1 - [28-03-2024 10:02]"}
{"level":"info","message":"ruta: /st/starticu/buscar/grupo - ::1 - [28-03-2024 10:02]"}
{"level":"info","message":"ruta: /st/starticu - ::1 - [28-03-2024 10:02]"}
{"level":"info","message":"ruta: /st/starticu/list/articulo - ::1 - [28-03-2024 10:02]"}
{"level":"info","message":"ruta: /st/starticu/list/postqueryCab - ::1 - [28-03-2024 10:02]"}
{"level":"info","message":"ruta: /st/starticu/list/relaciones - ::1 - [28-03-2024 10:02]"}
{"level":"info","message":"ruta: /st/starticu/list/relaciones - ::1 - [28-03-2024 10:03]"}
{"level":"info","message":"ruta: /st/starticu/list/articulo - ::1 - [28-03-2024 10:03]"}
{"level":"info","message":"ruta: /st/starticu/list/postqueryCab - ::1 - [28-03-2024 10:03]"}
{"level":"info","message":"ruta: /st/starticu/list/relaciones - ::1 - [28-03-2024 10:03]"}
{"level":"info","message":"ruta: /st/starticu/list/postqueryCab - ::1 - [28-03-2024 10:03]"}
{"level":"info","message":"ruta: /st/starticu/list/relaciones - ::1 - [28-03-2024 10:03]"}
{"level":"info","message":"ruta: /st/starticu/list/postqueryCab - ::1 - [28-03-2024 10:03]"}
{"level":"info","message":"ruta: /st/starticu/list/postqueryCab - ::1 - [28-03-2024 10:03]"}
{"level":"info","message":"ruta: /st/starticu/list/relaciones - ::1 - [28-03-2024 10:03]"}
{"level":"info","message":"ruta: /st/starticu/list/relaciones - ::1 - [28-03-2024 10:03]"}
{"level":"info","message":"ruta: /st/starticu/list/postqueryCab - ::1 - [28-03-2024 10:03]"}
{"level":"info","message":"ruta: /st/starticu/list/relaciones - ::1 - [28-03-2024 10:03]"}
{"level":"info","message":"ruta: /st/starticu - ::1 - [28-03-2024 10:03]"}
{"level":"info","message":"ruta: /st/starticu/list/articulo - ::1 - [28-03-2024 10:03]"}
{"level":"info","message":"ruta: /st/starticu/list/postqueryCab - ::1 - [28-03-2024 10:03]"}
{"level":"info","message":"ruta: /st/starticu/list/relaciones - ::1 - [28-03-2024 10:03]"}
{"level":"info","message":"ruta: /st/starticu/list/relaciones - ::1 - [28-03-2024 10:05]"}
{"level":"info","message":"ruta: /st/starticu/list/articulo - ::1 - [28-03-2024 10:05]"}
{"level":"info","message":"ruta: /st/starticu/list/postqueryCab - ::1 - [28-03-2024 10:05]"}
{"level":"info","message":"ruta: /st/starticu/list/relaciones - ::1 - [28-03-2024 10:05]"}
{"level":"info","message":"ruta: /st/starticu/list/postqueryCab - ::1 - [28-03-2024 10:05]"}
{"level":"info","message":"ruta: /st/starticu/list/relaciones - ::1 - [28-03-2024 10:05]"}
{"level":"info","message":"ruta: /st/starticu/list/postqueryCab - ::1 - [28-03-2024 10:05]"}
{"level":"info","message":"ruta: /st/starticu/list/relaciones - ::1 - [28-03-2024 10:05]"}
{"level":"info","message":"ruta: /st/starticu/list/postqueryCab - ::1 - [28-03-2024 10:05]"}
{"level":"info","message":"ruta: /st/starticu/list/relaciones - ::1 - [28-03-2024 10:05]"}
{"level":"info","message":"ruta: /st/starticu/list/postqueryCab - ::1 - [28-03-2024 10:05]"}
{"level":"info","message":"ruta: /st/starticu/list/relaciones - ::1 - [28-03-2024 10:05]"}
{"level":"info","message":"ruta: /st/starticu - ::1 - [28-03-2024 10:05]"}
{"level":"info","message":"ruta: /st/starticu/list/articulo - ::1 - [28-03-2024 10:06]"}
{"level":"info","message":"ruta: /st/starticu/list/postqueryCab - ::1 - [28-03-2024 10:06]"}
{"level":"info","message":"ruta: /st/starticu/list/relaciones - ::1 - [28-03-2024 10:06]"}
{"level":"info","message":"ruta: /st/starticu/list/relaciones - ::1 - [28-03-2024 10:06]"}
{"level":"info","message":"ruta: /st/starticu/list/relaciones - ::1 - [28-03-2024 10:06]"}
{"level":"info","message":"ruta: /st/starticu/list/relaciones - ::1 - [28-03-2024 10:06]"}
{"level":"info","message":"ruta: /st/starticu/list/articulo - ::1 - [28-03-2024 10:06]"}
{"level":"info","message":"ruta: /st/starticu/list/postqueryCab - ::1 - [28-03-2024 10:06]"}
{"level":"info","message":"ruta: /st/starticu/list/relaciones - ::1 - [28-03-2024 10:06]"}
{"level":"info","message":"ruta: /st/starticu/list/postqueryCab - ::1 - [28-03-2024 10:06]"}
{"level":"info","message":"ruta: /st/starticu/list/relaciones - ::1 - [28-03-2024 10:06]"}
{"level":"info","message":"ruta: /st/starticu/list/postqueryCab - ::1 - [28-03-2024 10:06]"}
{"level":"info","message":"ruta: /st/starticu/list/relaciones - ::1 - [28-03-2024 10:06]"}
{"level":"info","message":"ruta: /st/starticu/list/postqueryCab - ::1 - [28-03-2024 10:06]"}
{"level":"info","message":"ruta: /st/starticu/list/relaciones - ::1 - [28-03-2024 10:06]"}
{"level":"info","message":"ruta: /st/starticu/list/postqueryCab - ::1 - [28-03-2024 10:06]"}
{"level":"info","message":"ruta: /st/starticu/list/relaciones - ::1 - [28-03-2024 10:06]"}
{"level":"info","message":"ruta: /st/starticu - ::1 - [28-03-2024 10:06]"}
{"level":"info","message":"ruta: /st/starticu/list/articulo - ::1 - [28-03-2024 10:06]"}
{"level":"info","message":"ruta: /st/starticu/list/postqueryCab - ::1 - [28-03-2024 10:06]"}
{"level":"info","message":"ruta: /st/starticu/list/relaciones - ::1 - [28-03-2024 10:06]"}
{"level":"info","message":"ruta: /st/starticu/list/relaciones - ::1 - [28-03-2024 10:06]"}
{"level":"info","message":"ruta: /st/starticu - ::1 - [28-03-2024 10:06]"}
{"level":"info","message":"ruta: /st/starticu/list/articulo - ::1 - [28-03-2024 10:06]"}
{"level":"info","message":"ruta: /st/starticu/list/postqueryCab - ::1 - [28-03-2024 10:06]"}
{"level":"info","message":"ruta: /st/starticu/list/relaciones - ::1 - [28-03-2024 10:06]"}
{"level":"info","message":"ruta: /st/stenvio/buscar/tipCambio - ::1 - [28-03-2024 10:07]"}
{"level":"info","message":"ruta: /st/stenvio/list/detalle - ::1 - [28-03-2024 10:07]"}
{"level":"info","message":"ruta: /st/stentsal/list/detalle - ::1 - [28-03-2024 10:07]"}
{"level":"info","message":"ruta: /cm/cmfactur/preform - ::1 - [28-03-2024 10:07]"}
{"level":"info","message":"ruta: /cm/cmfactur/list/detalle - ::1 - [28-03-2024 10:07]"}
{"level":"info","message":"ruta: /cm/cmcoffac/listcabecera - ::1 - [28-03-2024 10:07]"}
{"level":"info","message":"ruta: /cm/cmfactur/list/cabecera - ::1 - [28-03-2024 10:07]"}
{"level":"info","message":"ruta: /cm/cmfactur/list/detalle - ::1 - [28-03-2024 10:07]"}
{"level":"info","message":"ruta: /cm/cmcoffac/listcabecera - ::1 - [28-03-2024 10:07]"}
{"level":"info","message":"ruta: /cm/cmfactur/list/cabecera - ::1 - [28-03-2024 10:07]"}
{"level":"info","message":"ruta: /cm/cmfactur/list/detalle - ::1 - [28-03-2024 10:07]"}
{"level":"info","message":"ruta: /cm/cmcoffac/listcabecera - ::1 - [28-03-2024 10:07]"}
{"level":"info","message":"ruta: /cm/cmfactur/list/cabecera - ::1 - [28-03-2024 10:07]"}
{"level":"info","message":"ruta: /cm/cmfactur/list/detalle - ::1 - [28-03-2024 10:07]"}
{"level":"info","message":"ruta: /cm/cmcoffac/listcabecera - ::1 - [28-03-2024 10:07]"}
{"level":"info","message":"ruta: /cm/cmfactur/list/cabecera - ::1 - [28-03-2024 10:07]"}
{"level":"info","message":"ruta: /cm/cmfactur/list/detalle - ::1 - [28-03-2024 10:07]"}
{"level":"info","message":"ruta: /cm/cmcoffac/listcabecera - ::1 - [28-03-2024 10:07]"}
{"level":"info","message":"ruta: /cm/cmfactur/list/cabecera - ::1 - [28-03-2024 10:07]"}
{"level":"info","message":"ruta: /cm/cmfactur/list/detalle - ::1 - [28-03-2024 10:07]"}
{"level":"info","message":"ruta: /cm/cmcoffac/listcabecera - ::1 - [28-03-2024 10:07]"}
{"level":"info","message":"ruta: /cm/cmcoffac/report - ::1 - [28-03-2024 10:07]"}
{"level":"info","message":"ruta: /cm/cmcoffac/listcabecera - ::1 - [28-03-2024 10:08]"}
{"level":"info","message":"ruta: /cm/cmprovec/list/proveedor - ::1 - [28-03-2024 10:08]"}
{"level":"info","message":"ruta: /cm/cmprovec/buscar/modificaDiaAnt - ::1 - [28-03-2024 10:08]"}
{"level":"info","message":"ruta: /cm/cmcoffac/listcabecera - ::1 - [28-03-2024 10:08]"}
{"level":"info","message":"ruta: /cm/cmfactur/list/cabecera - ::1 - [28-03-2024 10:09]"}
{"level":"info","message":"ruta: /cm/cmfactur/list/detalle - ::1 - [28-03-2024 10:09]"}
{"level":"info","message":"ruta: /cm/cmcoffac/listcabecera - ::1 - [28-03-2024 10:09]"}
{"level":"info","message":"ruta: /cm/cmcoffac/report - ::1 - [28-03-2024 10:09]"}
{"level":"info","message":"ruta: /cm/cmcoffac/listcabecera - ::1 - [28-03-2024 10:09]"}
{"level":"info","message":"ruta: /cm/cmcoffac/listcabecera - ::1 - [28-03-2024 10:10]"}
{"level":"info","message":"ruta: /cm/cmcoffac/listcabecera - ::1 - [28-03-2024 10:10]"}
{"level":"info","message":"ruta: /cm/cmcoffac/listcabecera - ::1 - [28-03-2024 10:11]"}
{"level":"info","message":"ruta: /cm/cmcoffac/listcabecera - ::1 - [28-03-2024 10:11]"}
{"level":"info","message":"ruta: /cm/cmcoffac/listcabecera - ::1 - [28-03-2024 10:11]"}
{"level":"info","message":"ruta: /cm/cmcoffac/listcabecera - ::1 - [28-03-2024 10:12]"}
{"level":"info","message":"ruta: /cm/cmcoffac/listcabecera - ::1 - [28-03-2024 10:12]"}
{"level":"info","message":"ruta: /cm/cmcoffac/listcabecera - ::1 - [28-03-2024 10:12]"}
{"level":"info","message":"ruta: /cm/cmcoffac/listcabecera - ::1 - [28-03-2024 10:12]"}
{"level":"info","message":"ruta: /cm/cmcoffac/listcabecera - ::1 - [28-03-2024 10:22]"}
{"level":"info","message":"ruta: /cm/cmcoffac/listcabecera - ::1 - [28-03-2024 10:22]"}
{"level":"info","message":"ruta: /cm/cmcoffac/listcabecera - ::1 - [28-03-2024 10:27]"}
{"level":"info","message":"ruta: /cm/cmcoffac/listcabecera - ::1 - [28-03-2024 10:28]"}
{"level":"info","message":"ruta: /cm/cmcoffac/listcabecera - ::1 - [28-03-2024 10:28]"}
{"level":"info","message":"ruta: /cm/cmcoffac/listcabecera - ::1 - [28-03-2024 10:28]"}
{"level":"info","message":"ruta: /cm/cmcoffac/listcabecera - ::1 - [28-03-2024 10:28]"}
{"level":"info","message":"ruta: /cm/cmcoffac/listcabecera - ::1 - [28-03-2024 10:29]"}
{"level":"info","message":"ruta: /cm/cmcoffac/listcabecera - ::1 - [28-03-2024 10:29]"}
{"level":"info","message":"ruta: /cm/cmcoffac/listcabecera - ::1 - [28-03-2024 10:29]"}
{"level":"info","message":"ruta: /cm/cmcoffac/list/cabecera - ::1 - [28-03-2024 10:39]"}
{"level":"info","message":"ruta: /cm/cmcoffac/list/cabecera - ::1 - [28-03-2024 10:39]"}
{"level":"info","message":"ruta: /cm/cmcoffac/list/cabecera - ::1 - [28-03-2024 10:40]"}
{"level":"info","message":"ruta: /cm/cmcoffac/list/cabecera - ::1 - [28-03-2024 10:40]"}
{"level":"info","message":"ruta: /cm/cmcoffac/list/cabecera - ::1 - [28-03-2024 10:40]"}
{"level":"info","message":"ruta: /cm/cmcoffac/list/cabecera - ::1 - [28-03-2024 10:40]"}
{"level":"info","message":"ruta: /cm/cmcoffac/list/cabecera - ::1 - [28-03-2024 10:40]"}
{"level":"info","message":"ruta: /cm/cmcoffac/list/cabecera - ::1 - [28-03-2024 10:40]"}
{"level":"info","message":"ruta: /cm/cmcoffac/list/cabecera - ::1 - [28-03-2024 10:40]"}
{"level":"info","message":"ruta: /cm/cmcoffac/list/cabecera - ::1 - [28-03-2024 10:40]"}
{"level":"info","message":"ruta: /cm/cmcoffac/list/cabecera - ::1 - [28-03-2024 10:42]"}
{"level":"info","message":"ruta: /cm/cmcoffac/list/cabecera - ::1 - [28-03-2024 10:43]"}
{"level":"info","message":"ruta: /cm/cmcoffac/valida/facturado - ::1 - [28-03-2024 10:43]"}
{"level":"info","message":"ruta: /cm/cmcoffac/list/cabecera - ::1 - [28-03-2024 10:44]"}
{"level":"info","message":"ruta: /cm/cmcoffac/valida/facturado - ::1 - [28-03-2024 10:44]"}
{"level":"info","message":"ruta: /cm/cmcoffac/valida/facturado - ::1 - [28-03-2024 10:44]"}
{"level":"info","message":"ruta: /cm/cmcoffac/valida/facturado - ::1 - [28-03-2024 10:45]"}
{"level":"info","message":"ruta: /cm/cmcoffac/list/cabecera - ::1 - [28-03-2024 10:45]"}
{"level":"info","message":"ruta: /cm/cmcoffac/valida/facturado - ::1 - [28-03-2024 10:45]"}
{"level":"info","message":"ruta: /cm/cmcoffac/valida/facturado - ::1 - [28-03-2024 10:46]"}
{"level":"info","message":"ruta: /cm/cmcoffac/list/cabecera - ::1 - [28-03-2024 10:48]"}
{"level":"info","message":"ruta: /cm/cmcoffac/list/cabecera - ::1 - [28-03-2024 10:48]"}
{"level":"info","message":"ruta: /cm/cmcoffac/list/cabecera - ::1 - [28-03-2024 10:48]"}
{"level":"info","message":"ruta: /cm/cmcoffac/valida/facturado - ::1 - [28-03-2024 10:48]"}
{"level":"info","message":"ruta: /cm/cmcoffac/valida/facturado - ::1 - [28-03-2024 10:48]"}
{"level":"info","message":"ruta: /cm/cmcoffac/valida/facturado - ::1 - [28-03-2024 10:48]"}
{"level":"info","message":"ruta: /cm/cmcoffac/valida/facturado - ::1 - [28-03-2024 10:48]"}
{"level":"info","message":"ruta: /cm/cmcoffac/valida/facturado - ::1 - [28-03-2024 10:48]"}
{"level":"info","message":"ruta: /cm/cmcoffac/list/cabecera - ::1 - [28-03-2024 10:48]"}
{"level":"info","message":"ruta: /cm/cmcoffac/valida/facturado - ::1 - [28-03-2024 10:48]"}
{"level":"info","message":"ruta: /cm/cmcoffac/valida/facturado - ::1 - [28-03-2024 10:48]"}
{"level":"info","message":"ruta: /cm/cmcoffac/valida/facturado - ::1 - [28-03-2024 10:48]"}
{"level":"info","message":"ruta: /cm/cmcoffac/list/cabecera - ::1 - [28-03-2024 10:48]"}
{"level":"info","message":"ruta: /cm/cmcoffac/valida/facturado - ::1 - [28-03-2024 10:48]"}
{"level":"info","message":"ruta: /cm/cmcoffac/valida/facturado - ::1 - [28-03-2024 10:48]"}
{"level":"info","message":"ruta: /cm/cmcoffac/valida/facturado - ::1 - [28-03-2024 10:48]"}
{"level":"info","message":"ruta: /cm/cmcoffac/valida/facturado - ::1 - [28-03-2024 10:48]"}
{"level":"info","message":"ruta: /cm/cmcoffac/valida/facturado - ::1 - [28-03-2024 10:48]"}
{"level":"info","message":"ruta: /cm/cmcoffac/valida/facturado - ::1 - [28-03-2024 10:48]"}
{"level":"info","message":"ruta: /cm/cmcoffac/valida/facturado - ::1 - [28-03-2024 10:48]"}
{"level":"info","message":"ruta: /cm/cmcoffac/valida/facturado - ::1 - [28-03-2024 10:48]"}
{"level":"info","message":"ruta: /cm/cmcoffac/valida/facturado - ::1 - [28-03-2024 10:48]"}
{"level":"info","message":"ruta: /cm/cmcoffac/valida/facturado - ::1 - [28-03-2024 10:48]"}
{"level":"info","message":"ruta: /cm/cmcoffac/valida/facturado - ::1 - [28-03-2024 10:48]"}
{"level":"info","message":"ruta: /cm/cmcoffac/valida/facturado - ::1 - [28-03-2024 10:48]"}
{"level":"info","message":"ruta: /cm/cmcoffac/list/cabecera - ::1 - [28-03-2024 10:49]"}
{"level":"info","message":"ruta: /cm/cmcoffac/list/cabecera - ::1 - [28-03-2024 10:50]"}
{"level":"info","message":"ruta: /cm/cmcoffac/list/cabecera - ::1 - [28-03-2024 10:52]"}
{"level":"info","message":"ruta: /cm/cmcoffac/valida/facturado - ::1 - [28-03-2024 10:52]"}
{"level":"info","message":"ruta: /cm/cmcoffac/valida/facturado - ::1 - [28-03-2024 10:53]"}
{"level":"info","message":"ruta: /cm/cmcoffac/valida/facturado - ::1 - [28-03-2024 10:53]"}
{"level":"info","message":"ruta: /cm/cmcoffac/list/cabecera - ::1 - [28-03-2024 10:53]"}
{"level":"info","message":"ruta: /cm/cmcoffac/list/cabecera - ::1 - [28-03-2024 10:53]"}
{"level":"info","message":"ruta: /cm/cmcoffac/valida/facturado - ::1 - [28-03-2024 10:53]"}
{"level":"info","message":"ruta: /cm/cmcoffac/list/cabecera - ::1 - [28-03-2024 10:53]"}
{"level":"info","message":"ruta: /cm/cmcoffac/valida/facturado - ::1 - [28-03-2024 10:54]"}
{"level":"info","message":"ruta: /cm/cmcoffac/valida/facturado - ::1 - [28-03-2024 10:54]"}
{"level":"info","message":"ruta: /cm/cmcoffac/list/cabecera - ::1 - [28-03-2024 10:54]"}
{"level":"info","message":"ruta: /cm/cmcoffac/valida/facturado - ::1 - [28-03-2024 10:56]"}
{"level":"info","message":"ruta: /cm/cmcoffac/list/cabecera - ::1 - [28-03-2024 10:56]"}
{"level":"info","message":"ruta: /cm/cmcoffac/list/cabecera - ::1 - [28-03-2024 10:56]"}
{"level":"info","message":"ruta: /cm/cmcoffac/valida/facturado - ::1 - [28-03-2024 10:56]"}
{"level":"info","message":"ruta: /cm/cmcoffac/valida/facturado - ::1 - [28-03-2024 10:56]"}
{"level":"info","message":"ruta: /cm/cmcoffac/valida/facturado - ::1 - [28-03-2024 10:56]"}
{"level":"info","message":"ruta: /cm/cmcoffac/valida/facturado - ::1 - [28-03-2024 10:56]"}
{"level":"info","message":"ruta: /cm/cmcoffac/valida/facturado - ::1 - [28-03-2024 10:56]"}
{"level":"info","message":"ruta: /cm/cmcoffac/valida/facturado - ::1 - [28-03-2024 10:56]"}
{"level":"info","message":"ruta: /cm/cmcoffac/valida/facturado - ::1 - [28-03-2024 10:56]"}
{"level":"info","message":"ruta: /cm/cmcoffac/valida/facturado - ::1 - [28-03-2024 10:56]"}
{"level":"info","message":"ruta: /cm/cmcoffac/list/cabecera - ::1 - [28-03-2024 10:57]"}
{"level":"info","message":"ruta: /cm/cmcoffac/list/cabecera - ::1 - [28-03-2024 10:57]"}
{"level":"info","message":"ruta: /cm/cmcoffac/list/cabecera - ::1 - [28-03-2024 10:58]"}
{"level":"info","message":"ruta: /cm/cmcoffac/list/cabecera - ::1 - [28-03-2024 10:58]"}
{"level":"info","message":"ruta: /cm/cmcoffac/list/cabecera - ::1 - [28-03-2024 10:58]"}
{"level":"info","message":"ruta: /cm/cmcoffac/list/cabecera - ::1 - [28-03-2024 10:59]"}
{"level":"info","message":"ruta: /cm/cmcoffac/valida/facturado - ::1 - [28-03-2024 10:59]"}
{"level":"info","message":"ruta: /cm/cmcoffac/valida/facturado - ::1 - [28-03-2024 10:59]"}
{"level":"info","message":"ruta: /cm/cmcoffac/valida/facturado - ::1 - [28-03-2024 10:59]"}
{"level":"info","message":"ruta: /cm/cmcoffac/valida/facturado - ::1 - [28-03-2024 10:59]"}
{"level":"info","message":"ruta: /cm/cmcoffac/valida/facturado - ::1 - [28-03-2024 10:59]"}
{"level":"info","message":"ruta: /cm/cmcoffac/valida/facturado - ::1 - [28-03-2024 10:59]"}
{"level":"info","message":"ruta: /cm/cmcoffac/valida/facturado - ::1 - [28-03-2024 10:59]"}
{"level":"info","message":"ruta: /cm/cmcoffac/valida/facturado - ::1 - [28-03-2024 10:59]"}
{"level":"info","message":"ruta: /cm/cmcoffac/valida/facturado - ::1 - [28-03-2024 10:59]"}
{"level":"info","message":"ruta: /cm/cmcoffac/list/cabecera - ::1 - [28-03-2024 10:59]"}
{"level":"info","message":"ruta: /cm/cmcoffac/list/cabecera - ::1 - [28-03-2024 10:59]"}
{"level":"info","message":"ruta: /cm/cmcoffac/valida/facturado - ::1 - [28-03-2024 10:59]"}
{"level":"info","message":"ruta: /cm/cmcoffac/valida/facturado - ::1 - [28-03-2024 10:59]"}
{"level":"info","message":"ruta: /cm/cmcoffac/valida/facturado - ::1 - [28-03-2024 10:59]"}
{"level":"info","message":"ruta: /cm/cmcoffac/list/cabecera - ::1 - [28-03-2024 11:00]"}
{"level":"info","message":"ruta: /cm/cmcoffac/valida/facturado - ::1 - [28-03-2024 11:00]"}
{"level":"info","message":"ruta: /cm/cmcoffac/valida/facturado - ::1 - [28-03-2024 11:00]"}
{"level":"info","message":"ruta: /cm/cmcoffac/list/cabecera - ::1 - [28-03-2024 11:00]"}
{"level":"info","message":"ruta: /cm/cmcoffac/valida/facturado - ::1 - [28-03-2024 11:00]"}
{"level":"info","message":"ruta: /cm/cmcoffac/valida/facturado - ::1 - [28-03-2024 11:00]"}
{"level":"info","message":"ruta: /cm/cmcoffac/valida/facturado - ::1 - [28-03-2024 11:00]"}
{"level":"info","message":"ruta: /cm/cmcoffac/list/cabecera - ::1 - [28-03-2024 11:07]"}
{"level":"info","message":"ruta: /cm/cmcoffac/list/cabecera - ::1 - [28-03-2024 11:08]"}
{"level":"info","message":"ruta: /cm/cmcoffac/list/cabecera - ::1 - [28-03-2024 11:08]"}
{"level":"info","message":"ruta: /cm/cmcoffac/list/cabecera - ::1 - [28-03-2024 11:08]"}
{"level":"info","message":"ruta: /cm/cmcoffac/list/cabecera - ::1 - [28-03-2024 11:09]"}
{"level":"info","message":"ruta: /cm/cmcoffac/list/cabecera - ::1 - [28-03-2024 11:09]"}
{"level":"info","message":"ruta: /cm/cmcoffac/list/cabecera - ::1 - [28-03-2024 11:10]"}
{"level":"info","message":"ruta: /cm/cmcoffac/list/cabecera - ::1 - [28-03-2024 11:10]"}
{"level":"info","message":"ruta: /cm/cmcoffac/list/cabecera - ::1 - [28-03-2024 11:10]"}
{"level":"info","message":"ruta: /cm/cmcoffac/list/cabecera - ::1 - [28-03-2024 11:10]"}
{"level":"info","message":"ruta: /cm/cmcoffac/list/cabecera - ::1 - [28-03-2024 11:10]"}
{"level":"info","message":"ruta: /cm/cmcoffac/list/cabecera - ::1 - [28-03-2024 11:19]"}
{"level":"info","message":"ruta: /cm/cmcoffac/list/cabecera - ::1 - [28-03-2024 11:19]"}
{"level":"info","message":"ruta: /cm/cmcoffac/list/cabecera - ::1 - [28-03-2024 11:20]"}
{"level":"info","message":"ruta: /cm/cmcoffac/list/cabecera - ::1 - [28-03-2024 11:20]"}
{"level":"info","message":"ruta: /cm/cmcoffac/list/cabecera - ::1 - [28-03-2024 11:20]"}
{"level":"info","message":"ruta: /cm/cmcoffac/list/cabecera - ::1 - [28-03-2024 11:21]"}
{"level":"info","message":"ruta: /cm/cmcoffac/list/cabecera - ::1 - [28-03-2024 11:24]"}
{"level":"info","message":"ruta: /cm/cmcoffac/valida/facturado - ::1 - [28-03-2024 11:24]"}
{"level":"info","message":"ruta: /cm/cmcoffac - ::1 - [28-03-2024 11:24]"}
{"level":"info","message":"ruta: /cm/cmcoffac - ::1 - [28-03-2024 11:24]"}
{"level":"info","message":"ruta: /cm/cmcoffac - ::1 - [28-03-2024 11:24]"}
{"level":"info","message":"ruta: /cm/cmcoffac - ::1 - [28-03-2024 11:25]"}
{"level":"info","message":"ruta: /cm/cmcoffac - ::1 - [28-03-2024 11:25]"}
{"level":"info","message":"ruta: /cm/cmcoffac - ::1 - [28-03-2024 11:26]"}
{"level":"info","message":"ruta: /cm/cmcoffac - ::1 - [28-03-2024 11:26]"}
{"level":"info","message":"ruta: /cm/cmcoffac/list/cabecera - ::1 - [28-03-2024 11:27]"}
{"level":"info","message":"ruta: /cm/cmcoffac/list/cabecera - ::1 - [28-03-2024 11:28]"}
{"level":"info","message":"ruta: /cm/cmcoffac/list/cabecera - ::1 - [28-03-2024 11:29]"}
{"level":"info","message":"ruta: /cm/cmcoffac/list/cabecera - ::1 - [28-03-2024 11:30]"}
{"level":"info","message":"ruta: /cm/cmcoffac/valida/facturado - ::1 - [28-03-2024 11:30]"}
{"level":"info","message":"ruta: /cm/cmcoffac/valida/facturado - ::1 - [28-03-2024 11:30]"}
{"level":"info","message":"ruta: /cm/cmcoffac - ::1 - [28-03-2024 11:30]"}
{"level":"info","message":"ruta: /cm/cmcoffac/list/cabecera - ::1 - [28-03-2024 11:33]"}
{"level":"info","message":"ruta: /cm/cmcoffac/valida/facturado - ::1 - [28-03-2024 11:33]"}
{"level":"info","message":"ruta: /cm/cmcoffac - ::1 - [28-03-2024 11:33]"}
{"level":"info","message":"ruta: /cm/cmcoffac - ::1 - [28-03-2024 11:33]"}
{"level":"info","message":"ruta: /cm/cmcoffac - ::1 - [28-03-2024 11:33]"}
{"level":"info","message":"ruta: /cm/cmcoffac - ::1 - [28-03-2024 11:33]"}
{"level":"info","message":"ruta: /cm/cmcoffac/list/cabecera - ::1 - [28-03-2024 11:33]"}
{"level":"info","message":"ruta: /cm/cmcoffac/list/cabecera - ::1 - [28-03-2024 11:34]"}
{"level":"info","message":"ruta: /cm/cmcoffac/valida/facturado - ::1 - [28-03-2024 11:34]"}
{"level":"info","message":"ruta: /cm/cmcoffac - ::1 - [28-03-2024 11:34]"}
{"level":"info","message":"ruta: /cm/cmcoffac - ::1 - [28-03-2024 11:34]"}
{"level":"info","message":"ruta: /cm/cmcoffac - ::1 - [28-03-2024 11:36]"}
{"level":"info","message":"ruta: /cm/cmcoffac/list/cabecera - ::1 - [28-03-2024 11:36]"}
{"level":"info","message":"ruta: /cm/cmcoffac/valida/facturado - ::1 - [28-03-2024 11:36]"}
{"level":"info","message":"ruta: /cm/cmcoffac - ::1 - [28-03-2024 11:36]"}
{"level":"info","message":"ruta: /cm/cmcoffac - ::1 - [28-03-2024 11:36]"}
{"level":"info","message":"ruta: /cm/cmcoffac - ::1 - [28-03-2024 11:36]"}
{"level":"info","message":"ruta: /cm/cmcoffac - ::1 - [28-03-2024 11:36]"}
{"level":"info","message":"ruta: /cm/cmcoffac/list/cabecera - ::1 - [28-03-2024 11:38]"}
{"level":"info","message":"ruta: /cm/cmcoffac/list/cabecera - ::1 - [28-03-2024 11:38]"}
{"level":"info","message":"ruta: /cm/cmcoffac/valida/facturado - ::1 - [28-03-2024 11:38]"}
{"level":"info","message":"ruta: /cm/cmcoffac/list/cabecera - ::1 - [28-03-2024 11:38]"}
{"level":"info","message":"ruta: /cm/cmcoffac/valida/facturado - ::1 - [28-03-2024 11:38]"}
{"level":"info","message":"ruta: /cm/cmcoffac/list/cabecera - ::1 - [28-03-2024 11:38]"}
{"level":"info","message":"ruta: /cm/cmcoffac/list/cabecera - ::1 - [28-03-2024 11:38]"}
{"level":"info","message":"ruta: /cm/cmcoffac/valida/facturado - ::1 - [28-03-2024 11:38]"}
{"level":"info","message":"ruta: /cm/cmcoffac - ::1 - [28-03-2024 11:39]"}
{"level":"info","message":"ruta: /cm/cmcoffac - ::1 - [28-03-2024 11:39]"}
{"level":"info","message":"ruta: /cm/cmcoffac/list/cabecera - ::1 - [28-03-2024 11:39]"}
{"level":"info","message":"ruta: /cm/cmcoffac/list/cabecera - ::1 - [28-03-2024 11:39]"}
{"level":"info","message":"ruta: /cm/cmcoffac/valida/facturado - ::1 - [28-03-2024 11:39]"}
{"level":"info","message":"ruta: /cm/cmcoffac - ::1 - [28-03-2024 11:39]"}
{"level":"info","message":"ruta: /cm/cmcoffac - ::1 - [28-03-2024 11:40]"}
{"level":"info","message":"ruta: /cm/cmcoffac - ::1 - [28-03-2024 11:40]"}
{"level":"info","message":"ruta: /cm/cmcoffac - ::1 - [28-03-2024 11:42]"}
{"level":"info","message":"ruta: /cm/cmcoffac - ::1 - [28-03-2024 11:42]"}
{"level":"info","message":"ruta: /cm/cmcoffac - ::1 - [28-03-2024 11:42]"}
{"level":"info","message":"ruta: /cm/cmcoffac - ::1 - [28-03-2024 11:42]"}
{"level":"info","message":"ruta: /cm/cmcoffac/list/cabecera - ::1 - [28-03-2024 11:47]"}
{"level":"info","message":"ruta: /cm/cmcoffac/list/cabecera - ::1 - [28-03-2024 11:47]"}
{"level":"info","message":"ruta: /cm/cmcoffac/list/cabecera - ::1 - [28-03-2024 11:47]"}
{"level":"info","message":"ruta: /cm/cmcoffac/list/cabecera - ::1 - [28-03-2024 11:47]"}
{"level":"info","message":"ruta: /cm/cmcoffac/valida/facturado - ::1 - [28-03-2024 11:47]"}
{"level":"info","message":"ruta: /cm/cmcoffac - ::1 - [28-03-2024 11:47]"}
{"level":"info","message":"ruta: /cm/cmcoffac/list/cabecera - ::1 - [28-03-2024 11:47]"}
{"level":"info","message":"ruta: /cm/cmcoffac/list/cabecera - ::1 - [28-03-2024 11:48]"}
{"level":"info","message":"ruta: /cm/cmcoffac/valida/facturado - ::1 - [28-03-2024 11:48]"}
{"level":"info","message":"ruta: /cm/cmcoffac - ::1 - [28-03-2024 11:48]"}
{"level":"info","message":"ruta: /cm/cmcoffac/list/cabecera - ::1 - [28-03-2024 11:48]"}
{"level":"info","message":"ruta: /cm/cmcoffac/list/cabecera - ::1 - [28-03-2024 11:48]"}
{"level":"info","message":"ruta: /cm/cmcoffac/list/cabecera - ::1 - [28-03-2024 11:48]"}
{"level":"info","message":"ruta: /cm/cmcoffac/valida/facturado - ::1 - [28-03-2024 11:48]"}
{"level":"info","message":"ruta: /cm/cmcoffac - ::1 - [28-03-2024 11:48]"}
{"level":"info","message":"ruta: /cm/cmcoffac/list/cabecera - ::1 - [28-03-2024 11:48]"}
{"level":"info","message":"ruta: /cm/cmfactur/preform - ::1 - [28-03-2024 11:48]"}
{"level":"info","message":"ruta: /cm/cmfactur/list/detalle - ::1 - [28-03-2024 11:48]"}
{"level":"info","message":"ruta: /cm/cmfactur/preform - ::1 - [28-03-2024 11:48]"}
{"level":"info","message":"ruta: /cm/cmfactur/list/cabecera - ::1 - [28-03-2024 11:48]"}
{"level":"info","message":"ruta: /cm/cmfactur/list/detalle - ::1 - [28-03-2024 11:48]"}
{"level":"info","message":"ruta: /cm/cmfactur/list/detalle - ::1 - [28-03-2024 11:48]"}
{"level":"info","message":"ruta: /cm/cmfactur/list/detalle - ::1 - [28-03-2024 11:48]"}
{"level":"info","message":"ruta: /cm/cmfactur/list/detalle - ::1 - [28-03-2024 11:48]"}
{"level":"info","message":"ruta: /cm/cmfactur/list/detalle - ::1 - [28-03-2024 11:48]"}
{"level":"info","message":"ruta: /cm/cmfactur/list/detalle - ::1 - [28-03-2024 11:48]"}
{"level":"info","message":"ruta: /cm/cmfactur/preform - ::1 - [28-03-2024 11:48]"}
{"level":"info","message":"ruta: /cm/cmfactur/list/cabecera - ::1 - [28-03-2024 11:48]"}
{"level":"info","message":"ruta: /cm/cmfactur/list/detalle - ::1 - [28-03-2024 11:48]"}
{"level":"info","message":"ruta: /cm/cmcoffac/list/cabecera - ::1 - [28-03-2024 11:48]"}
{"level":"info","message":"ruta: /cm/cmcoffac/list/cabecera - ::1 - [28-03-2024 11:49]"}
{"level":"info","message":"ruta: /cm/cmcoffac/list/cabecera - ::1 - [28-03-2024 11:49]"}
{"level":"info","message":"ruta: /cm/cmcoffac/list/cabecera - ::1 - [28-03-2024 11:49]"}
{"level":"info","message":"ruta: /cm/cmcoffac/list/cabecera - ::1 - [28-03-2024 11:49]"}
{"level":"info","message":"ruta: /cm/cmcoffac/list/cabecera - ::1 - [28-03-2024 11:49]"}
